PRISM
=====

Version: 4.4.beta
Date: Fri Jan 12 17:22:16 IRST 2018
Hostname: astek.hpc.vru.ac.ir
Memory limits: cudd=1g, java(heap)=65.1g
Command line: prism ../examples/nonsparse/SysAdmin3.nm ../examples/nonsparse/qq.pctl -ex -gs -javamaxmem 75000m -maxiters 500000

Parsing model file "../examples/nonsparse/SysAdmin3.nm"...

Parsing properties file "../examples/nonsparse/qq.pctl"...

1 property:
(1) Pmax=? [ "PP" U "QQ" ]

Type:        MDP
Modules:     m1 m2 m3 
Variables:   s7 s2 s3 

---------------------------------------------------------------------

Model checking: Pmax=? [ "PP" U "QQ" ]

Building model...

Computing reachable states... 236 483 765 1021 1028 1322 1584 1877 1924 2219 2498 2741 3055 3207 3517 3821 4078 4387 4633 4947 5284 5411 5736 6045 6303 6625 6943 7157 7437 7764 8013 8192 states
Reachable states exploration and model construction done in 113.859 secs.
Sorting reachable states list...

Time for model construction: 132.47 seconds.

Type:        MDP
States:      8192 (1 initial)
Transitions: 128759040
Choices:     65536
Max/avg:     8/8.00

Starting probabilistic reachability (max)...
Starting Prob0 (max)...
Prob0 (max) took 3 iterations and 0.203 seconds.
Starting Prob1 (max)...
Prob1 (max) took 8 iterations and 0.946 seconds.
target=1, yes=1, no=113, maybe=8078
Starting value iteration (max, with Gauss-Seidel)...
Iteration 27: 5.07 sec so far
Iteration 56: 10.23 sec so far
Iteration 85: 15.41 sec so far
Iteration 114: 20.59 sec so far
Iteration 142: 25.61 sec so far
Iteration 170: 30.64 sec so far
Iteration 198: 35.66 sec so far
Iteration 226: 40.68 sec so far
Iteration 254: 45.70 sec so far
Iteration 282: 50.72 sec so far
Iteration 310: 55.74 sec so far
Iteration 338: 60.80 sec so far
Iteration 366: 65.83 sec so far
Iteration 394: 70.89 sec so far
Iteration 422: 75.92 sec so far
Iteration 450: 80.96 sec so far
Iteration 478: 86.02 sec so far
Iteration 506: 91.11 sec so far
Iteration 534: 96.20 sec so far
Iteration 562: 101.27 sec so far
Iteration 590: 106.35 sec so far
Iteration 618: 111.42 sec so far
Iteration 647: 116.57 sec so far
Iteration 676: 121.73 sec so far
Iteration 705: 126.86 sec so far
Iteration 734: 132.00 sec so far
Iteration 763: 137.11 sec so far
Iteration 792: 142.28 sec so far
Iteration 820: 147.32 sec so far
Iteration 848: 152.35 sec so far
Iteration 876: 157.39 sec so far
Iteration 904: 162.45 sec so far
Iteration 932: 167.48 sec so far
Iteration 960: 172.59 sec so far
Iteration 988: 177.70 sec so far
Iteration 1016: 182.81 sec so far
Iteration 1044: 187.88 sec so far
Iteration 1072: 192.97 sec so far
Iteration 1100: 198.00 sec so far
Iteration 1128: 203.07 sec so far
Iteration 1156: 208.09 sec so far
Iteration 1184: 213.15 sec so far
Iteration 1213: 218.33 sec so far
Iteration 1241: 223.35 sec so far
Iteration 1269: 228.35 sec so far
Iteration 1297: 233.38 sec so far
Iteration 1326: 238.54 sec so far
Iteration 1354: 243.55 sec so far
Iteration 1383: 248.72 sec so far
Iteration 1411: 253.77 sec so far
Iteration 1440: 258.92 sec so far
Iteration 1468: 263.92 sec so far
Iteration 1496: 269.00 sec so far
Iteration 1525: 274.17 sec so far
Iteration 1553: 279.17 sec so far
Iteration 1581: 284.23 sec so far
Iteration 1609: 289.25 sec so far
Iteration 1637: 294.38 sec so far
Iteration 1665: 299.42 sec so far
Iteration 1694: 304.59 sec so far
Iteration 1723: 309.76 sec so far
Iteration 1751: 314.80 sec so far
Iteration 1779: 319.87 sec so far
Iteration 1807: 324.87 sec so far
Iteration 1835: 329.94 sec so far
Iteration 1863: 334.97 sec so far
Iteration 1892: 340.13 sec so far
Iteration 1920: 345.14 sec so far
Iteration 1948: 350.19 sec so far
Iteration 1976: 355.20 sec so far
Iteration 2004: 360.21 sec so far
Iteration 2032: 365.24 sec so far
Iteration 2061: 370.41 sec so far
Iteration 2089: 375.44 sec so far
Iteration 2117: 380.47 sec so far
Iteration 2146: 385.65 sec so far
Iteration 2174: 390.69 sec so far
Value iteration (max, with Gauss-Seidel) took 2190 iterations, 278277842520 MV-multiplications and 393.543 seconds.
Probabilistic reachability took 394.693 seconds.

Value in the initial state: 0.9852727171080019

Time for model checking: 394.698 seconds.

Result: 0.9852727171080019 (value in the initial state)

