PRISM
=====

Version: 4.4.beta
Date: Thu Jan 25 14:55:12 IRST 2018
Hostname: astek.hpc.vru.ac.ir
Memory limits: cudd=1g, java(heap)=65.1g
Command line: prism ../examples/nonsparse/SysAdmin1.nm ../examples/nonsparse/qq.pctl -s -modpoliter -javamaxmem 75000m -maxiters 500000

Parsing model file "../examples/nonsparse/SysAdmin1.nm"...

Parsing properties file "../examples/nonsparse/qq.pctl"...

1 property:
(1) Pmax=? [ "PP" U "QQ" ]

Type:        MDP
Modules:     m1 m2 m3 
Variables:   s5 s2 s3 

---------------------------------------------------------------------

Model checking: Pmax=? [ "PP" U "QQ" ]

Building model...

Computing reachable states...

Reachability (BFS): 3 iterations in 0.00 seconds (average 0.000000, setup 0.00)

Time for model construction: 0.182 seconds.

Type:        MDP
States:      2048 (1 initial)
Transitions: 7665408
Choices:     12288

Transition matrix: 132165 nodes (10856 terminal), 7665408 minterms, vars: 12r/12c/6nd

Prob0A: 3 iterations in 0.00 seconds (average 0.000667, setup 0.00)

Prob1E: 4 iterations in 0.00 seconds (average 0.000000, setup 0.00)

yes = 1, no = 13, maybe = 2034

Computing remaining probabilities...
Engine: Sparse

Building sparse matrix (FOR POLICY ITERASION)... [n=2048, nc=12204, nnz=7613136, k=6] [87.2 MB]
Creating vector for yes...[16.0 KB]
Allocating iteration vectors... [2 x 16.0 KB]
TOTAL: [87.2 MB]

Starting iterations...
Iteration 4444: max relative diff=0.000001, 5.07 sec so far

Iterative method: 4820 iterations in 5.49 seconds (average 0.001139, setup 0.41)


Number of scallar multiplications: 5333M 

Value in the initial state: 0.6981760774861864

Time for model checking: 5.91 seconds.

Result: 0.6981760774861864 (value in the initial state)

