PRISM
=====

Version: 4.4.beta
Date: Thu Jan 25 14:57:53 IRST 2018
Hostname: astek.hpc.vru.ac.ir
Memory limits: cudd=1g, java(heap)=65.1g
Command line: prism ../examples/nonsparse/SysAdmin2.nm ../examples/nonsparse/qq.pctl -s -improvedmodpoliter2 -javamaxmem 75000m -maxiters 500000

Parsing model file "../examples/nonsparse/SysAdmin2.nm"...

Parsing properties file "../examples/nonsparse/qq.pctl"...

1 property:
(1) Pmax=? [ "PP" U "QQ" ]

Type:        MDP
Modules:     m1 m2 m3 
Variables:   s6 s2 s3 

---------------------------------------------------------------------

Model checking: Pmax=? [ "PP" U "QQ" ]

Building model...

Computing reachable states...

Reachability (BFS): 3 iterations in 0.00 seconds (average 0.000667, setup 0.00)

Time for model construction: 0.961 seconds.

Type:        MDP
States:      4096 (1 initial)
Transitions: 32053248
Choices:     28672

Transition matrix: 140493 nodes (10589 terminal), 32053248 minterms, vars: 13r/13c/7nd

Prob0A: 3 iterations in 0.00 seconds (average 0.000667, setup 0.00)

Prob1E: 8 iterations in 0.01 seconds (average 0.000625, setup 0.00)

yes = 2, no = 92, maybe = 4002

Computing remaining probabilities...
Engine: Sparse

Building sparse matrix (FOR POLICY ITERASION)... [n=4096, nc=28014, nnz=31329230, k=7] [358.7 MB]
Creating vector for yes...[32.0 KB]
Allocating iteration vectors... [2 x 32.0 KB]
TOTAL: [358.8 MB]

Starting iterations...
Iteration 3030: max relative diff=0.000005, 5.16 sec so far

Iterative method: 3838 iterations in 6.64 seconds (average 0.001730, setup 1.73)


Number of scallar multiplications: 4652M 

Value in the initial state: 0.9692999834269121

Time for model checking: 8.588 seconds.

Result: 0.9692999834269121 (value in the initial state)

