PRISM
=====

Version: 4.4.beta
Date: Mon Jan 22 16:37:11 IRST 2018
Hostname: astek.hpc.vru.ac.ir
Memory limits: cudd=1g, java(heap)=65.1g
Command line: prism ../examples/nonsparse/SysAdmin4.nm ../examples/nonsparse/qq.pctl -s -improvedmodpoliter2 -javamaxmem 75000m -maxiters 500000

Parsing model file "../examples/nonsparse/SysAdmin4.nm"...

Parsing properties file "../examples/nonsparse/qq.pctl"...

1 property:
(1) Pmax=? [ "PP" U "QQ" ]

Type:        MDP
Modules:     m1 m2 
Variables:   s7 s2 

---------------------------------------------------------------------

Model checking: Pmax=? [ "PP" U "QQ" ]

Building model...

Computing reachable states...

Reachability (BFS): 3 iterations in 0.20 seconds (average 0.065000, setup 0.00)

Time for model construction: 18.952 seconds.

Type:        MDP
States:      16384 (1 initial)
Transitions: 459435008
Choices:     131072

Transition matrix: 2997675 nodes (56473 terminal), 459435008 minterms, vars: 16r/16c/8nd

Prob0A: 3 iterations in 0.05 seconds (average 0.015667, setup 0.00)

Prob1E: 8 iterations in 0.03 seconds (average 0.003250, setup 0.00)

yes = 1, no = 248, maybe = 16135

Computing remaining probabilities...
Engine: Sparse

Building sparse matrix (FOR POLICY ITERASION)... [n=16384, nc=129080, nnz=452500004, k=8] [5.1 GB]
Creating vector for yes...[128.0 KB]
Allocating iteration vectors... [2 x 128.0 KB]
TOTAL: [5.1 GB]

Starting iterations...
Iteration 303: max relative diff=0.033479, 5.49 sec so far
Iteration 707: max relative diff=0.000471, 11.02 sec so far
Iteration 1111: max relative diff=0.000039, 16.44 sec so far
Iteration 1515: max relative diff=0.000006, 21.88 sec so far
Iteration 1919: max relative diff=0.000001, 27.30 sec so far

Iterative method: 1919 iterations in 27.30 seconds (average 0.014226, setup 32.02)


Number of scallar multiplications: 15707M 

Value in the initial state: 0.9522242913001054

Time for model checking: 61.259 seconds.

Result: 0.9522242913001054 (value in the initial state)

