PRISM
=====

Version: 4.4.beta
Date: Thu Jan 25 15:07:40 IRST 2018
Hostname: astek.hpc.vru.ac.ir
Memory limits: cudd=1g, java(heap)=65.1g
Command line: prism ../examples/nonsparse/SysAdmin3.nm ../examples/nonsparse/qq.pctl -s -improvedmodpoliter2 -javamaxmem 75000m -maxiters 500000

Parsing model file "../examples/nonsparse/SysAdmin3.nm"...

Parsing properties file "../examples/nonsparse/qq.pctl"...

1 property:
(1) Pmax=? [ "PP" U "QQ" ]

Type:        MDP
Modules:     m1 m2 m3 
Variables:   s7 s2 s3 

---------------------------------------------------------------------

Model checking: Pmax=? [ "PP" U "QQ" ]

Building model...

Computing reachable states...

Reachability (BFS): 3 iterations in 0.00 seconds (average 0.000667, setup 0.00)

Time for model construction: 7.804 seconds.

Type:        MDP
States:      8192 (1 initial)
Transitions: 128759040
Choices:     65536

Transition matrix: 235617 nodes (15137 terminal), 128759040 minterms, vars: 14r/14c/8nd

Prob0A: 3 iterations in 0.01 seconds (average 0.003667, setup 0.00)

Prob1E: 8 iterations in 0.01 seconds (average 0.001500, setup 0.00)

yes = 1, no = 113, maybe = 8078

Computing remaining probabilities...
Engine: Sparse

Building sparse matrix (FOR POLICY ITERASION)... [n=8192, nc=64624, nnz=127067508, k=8] [1.4 GB]
Creating vector for yes...[64.0 KB]
Allocating iteration vectors... [2 x 64.0 KB]
TOTAL: [1.4 GB]

Starting iterations...
Iteration 808: max relative diff=0.000272, 5.10 sec so far
Iteration 1717: max relative diff=0.000061, 10.14 sec so far
Iteration 2626: max relative diff=0.000016, 15.18 sec so far
Iteration 3535: max relative diff=0.000003, 20.33 sec so far

Iterative method: 4242 iterations in 24.52 seconds (average 0.005781, setup 6.91)


Number of scallar multiplications: 16862M 

Value in the initial state: 0.9855404633358457

Time for model checking: 32.119 seconds.

Result: 0.9855404633358457 (value in the initial state)

