PRISM
=====

Version: 4.4.beta
Date: Thu Jan 25 15:08:22 IRST 2018
Hostname: astek.hpc.vru.ac.ir
Memory limits: cudd=1g, java(heap)=981.5m
Command line: prism ../examples/nonsparse/SysAdmin4.nm ../examples/nonsparse/qq.pctl -s -gs -maxiters 500000

Parsing model file "../examples/nonsparse/SysAdmin4.nm"...

Parsing properties file "../examples/nonsparse/qq.pctl"...

1 property:
(1) Pmax=? [ "PP" U "QQ" ]

Type:        MDP
Modules:     m1 m2 
Variables:   s7 s2 

---------------------------------------------------------------------

Model checking: Pmax=? [ "PP" U "QQ" ]

Building model...

Computing reachable states...

Reachability (BFS): 3 iterations in 0.17 seconds (average 0.056667, setup 0.00)

Time for model construction: 18.719 seconds.

Type:        MDP
States:      16384 (1 initial)
Transitions: 459435008
Choices:     131072

Transition matrix: 2997675 nodes (56473 terminal), 459435008 minterms, vars: 16r/16c/8nd

Prob0A: 3 iterations in 0.04 seconds (average 0.013000, setup 0.00)

Prob1E: 8 iterations in 0.02 seconds (average 0.002875, setup 0.00)

yes = 1, no = 248, maybe = 16135

Computing remaining probabilities...
Engine: Sparse

Building sparse matrix(FOR GS)... [n=16384, nc=129080, nnz=452500004, k=8] [5.1 GB]
Creating vector for yes...[128.0 KB]
Allocating iteration vectors... [2 x 128.0 KB]
TOTAL: [5.1 GB]

Starting iterations...
Iteration 9: max relative diff=0.220220, 5.31 sec so far
Iteration 18: max relative diff=0.045069, 10.57 sec so far
Iteration 27: max relative diff=0.015953, 15.85 sec so far
Iteration 36: max relative diff=0.007202, 21.10 sec so far
Iteration 45: max relative diff=0.003875, 26.31 sec so far
Iteration 54: max relative diff=0.002353, 31.61 sec so far
Iteration 63: max relative diff=0.001640, 36.89 sec so far
Iteration 72: max relative diff=0.001271, 42.11 sec so far
Iteration 81: max relative diff=0.001008, 47.33 sec so far
Iteration 90: max relative diff=0.000813, 52.67 sec so far
Iteration 99: max relative diff=0.000666, 57.90 sec so far
Iteration 108: max relative diff=0.000550, 63.19 sec so far
Iteration 117: max relative diff=0.000459, 68.42 sec so far
Iteration 126: max relative diff=0.000386, 73.64 sec so far
Iteration 135: max relative diff=0.000328, 78.89 sec so far
Iteration 144: max relative diff=0.000279, 84.11 sec so far
Iteration 153: max relative diff=0.000240, 89.34 sec so far
Iteration 162: max relative diff=0.000206, 94.58 sec so far
Iteration 171: max relative diff=0.000179, 99.79 sec so far
Iteration 180: max relative diff=0.000155, 105.03 sec so far
Iteration 189: max relative diff=0.000136, 110.28 sec so far
Iteration 198: max relative diff=0.000120, 115.52 sec so far
Iteration 207: max relative diff=0.000107, 120.75 sec so far
Iteration 216: max relative diff=0.000095, 125.97 sec so far
Iteration 225: max relative diff=0.000084, 131.19 sec so far
Iteration 234: max relative diff=0.000075, 136.43 sec so far
Iteration 243: max relative diff=0.000067, 141.66 sec so far
Iteration 252: max relative diff=0.000060, 146.87 sec so far
Iteration 261: max relative diff=0.000054, 152.10 sec so far
Iteration 270: max relative diff=0.000048, 157.33 sec so far
Iteration 279: max relative diff=0.000043, 162.56 sec so far
Iteration 288: max relative diff=0.000039, 167.83 sec so far
Iteration 297: max relative diff=0.000035, 173.06 sec so far
Iteration 306: max relative diff=0.000032, 178.30 sec so far
Iteration 315: max relative diff=0.000029, 183.58 sec so far
Iteration 324: max relative diff=0.000026, 188.84 sec so far
Iteration 333: max relative diff=0.000024, 194.07 sec so far
Iteration 342: max relative diff=0.000021, 199.32 sec so far
Iteration 351: max relative diff=0.000020, 204.54 sec so far
Iteration 360: max relative diff=0.000018, 209.90 sec so far
Iteration 369: max relative diff=0.000017, 215.12 sec so far
Iteration 378: max relative diff=0.000015, 220.35 sec so far
Iteration 387: max relative diff=0.000014, 225.59 sec so far
Iteration 396: max relative diff=0.000013, 230.84 sec so far
Iteration 405: max relative diff=0.000012, 236.09 sec so far
Iteration 414: max relative diff=0.000011, 241.31 sec so far
Iteration 423: max relative diff=0.000010, 246.55 sec so far
Iteration 432: max relative diff=0.000009, 251.77 sec so far
Iteration 441: max relative diff=0.000008, 257.00 sec so far
Iteration 450: max relative diff=0.000008, 262.22 sec so far
Iteration 459: max relative diff=0.000007, 267.44 sec so far
Iteration 468: max relative diff=0.000006, 272.67 sec so far
Iteration 477: max relative diff=0.000006, 277.92 sec so far
Iteration 486: max relative diff=0.000005, 283.20 sec so far
Iteration 495: max relative diff=0.000005, 288.39 sec so far
Iteration 504: max relative diff=0.000005, 293.59 sec so far
Iteration 513: max relative diff=0.000004, 298.80 sec so far
Iteration 522: max relative diff=0.000004, 304.02 sec so far
Iteration 531: max relative diff=0.000004, 309.24 sec so far
Iteration 540: max relative diff=0.000003, 314.47 sec so far
Iteration 549: max relative diff=0.000003, 319.67 sec so far
Iteration 558: max relative diff=0.000003, 324.96 sec so far
Iteration 567: max relative diff=0.000002, 330.23 sec so far
Iteration 576: max relative diff=0.000002, 335.49 sec so far
Iteration 585: max relative diff=0.000002, 340.77 sec so far
Iteration 594: max relative diff=0.000002, 346.14 sec so far
Iteration 603: max relative diff=0.000002, 351.45 sec so far
Iteration 612: max relative diff=0.000002, 356.76 sec so far
Iteration 621: max relative diff=0.000001, 362.06 sec so far
Iteration 630: max relative diff=0.000001, 367.38 sec so far
Iteration 639: max relative diff=0.000001, 372.70 sec so far
Iteration 648: max relative diff=0.000001, 378.01 sec so far
Iteration 657: max relative diff=0.000001, 383.31 sec so far

Iterative method: 663 iterations in 416.76 seconds (average 0.583465, setup 29.93)

Value in the initial state: 0.9521726418833024

Time for model checking: 417.925 seconds.

Result: 0.9521726418833024 (value in the initial state)

