PRISM
=====

Version: 4.4.beta
Date: Thu Jan 25 14:55:39 IRST 2018
Hostname: astek.hpc.vru.ac.ir
Memory limits: cudd=1g, java(heap)=981.5m
Command line: prism ../examples/nonsparse/SysAdmin2.nm ../examples/nonsparse/qq.pctl -s -gs -maxiters 500000

Parsing model file "../examples/nonsparse/SysAdmin2.nm"...

Parsing properties file "../examples/nonsparse/qq.pctl"...

1 property:
(1) Pmax=? [ "PP" U "QQ" ]

Type:        MDP
Modules:     m1 m2 m3 
Variables:   s6 s2 s3 

---------------------------------------------------------------------

Model checking: Pmax=? [ "PP" U "QQ" ]

Building model...

Computing reachable states...

Reachability (BFS): 3 iterations in 0.00 seconds (average 0.000667, setup 0.00)

Time for model construction: 0.963 seconds.

Type:        MDP
States:      4096 (1 initial)
Transitions: 32053248
Choices:     28672

Transition matrix: 140493 nodes (10589 terminal), 32053248 minterms, vars: 13r/13c/7nd

Prob0A: 3 iterations in 0.00 seconds (average 0.000667, setup 0.00)

Prob1E: 8 iterations in 0.00 seconds (average 0.000500, setup 0.00)

yes = 2, no = 92, maybe = 4002

Computing remaining probabilities...
Engine: Sparse

Building sparse matrix(FOR GS)... [n=4096, nc=28014, nnz=31329230, k=7] [358.7 MB]
Creating vector for yes...[32.0 KB]
Allocating iteration vectors... [2 x 32.0 KB]
TOTAL: [358.8 MB]

Starting iterations...
Iteration 138: max relative diff=0.001864, 5.01 sec so far
Iteration 276: max relative diff=0.000402, 10.02 sec so far
Iteration 415: max relative diff=0.000152, 15.04 sec so far
Iteration 554: max relative diff=0.000071, 20.08 sec so far
Iteration 693: max relative diff=0.000039, 25.10 sec so far
Iteration 831: max relative diff=0.000024, 30.11 sec so far
Iteration 970: max relative diff=0.000016, 35.14 sec so far
Iteration 1108: max relative diff=0.000011, 40.15 sec so far
Iteration 1243: max relative diff=0.000008, 45.18 sec so far
Iteration 1379: max relative diff=0.000005, 50.20 sec so far
Iteration 1518: max relative diff=0.000004, 55.24 sec so far
Iteration 1656: max relative diff=0.000003, 60.24 sec so far
Iteration 1794: max relative diff=0.000002, 65.25 sec so far
Iteration 1932: max relative diff=0.000001, 70.25 sec so far
Iteration 2070: max relative diff=0.000001, 75.26 sec so far

Iterative method: 2103 iterations in 78.19 seconds (average 0.036354, setup 1.73)

Value in the initial state: 0.969135207967276

Time for model checking: 78.281 seconds.

Result: 0.969135207967276 (value in the initial state)

