PRISM
=====

Version: 4.4.beta
Date: Fri Jan 12 17:59:27 IRST 2018
Hostname: astek.hpc.vru.ac.ir
Memory limits: cudd=1g, java(heap)=65.1g
Command line: prism ../examples/nonsparse/SysAdmin4.nm ../examples/nonsparse/qq.pctl -ex -gs -javamaxmem 75000m -maxiters 500000

Parsing model file "../examples/nonsparse/SysAdmin4.nm"...

Parsing properties file "../examples/nonsparse/qq.pctl"...

1 property:
(1) Pmax=? [ "PP" U "QQ" ]

Type:        MDP
Modules:     m1 m2 
Variables:   s7 s2 

---------------------------------------------------------------------

Model checking: Pmax=? [ "PP" U "QQ" ]

Building model...

Computing reachable states... 197 394 439 626 798 987 1082 1307 1479 1645 1870 2073 2258 2468 2618 2827 3018 3183 3402 3418 3640 3813 4006 4163 4353 4510 4666 4896 5035 5189 5398 5520 5748 5793 6021 6174 6377 6571 6810 7018 7238 7456 7665 7931 8172 8460 8640 8926 9102 9353 9530 9739 9929 10128 10328 10490 10693 10853 11094 11248 11455 11667 11686 11910 12105 12191 12391 12643 12871 13091 13167 13425 13659 13863 14077 14231 14461 14667 14797 15010 15225 15381 15624 15846 15990 16226 16384 states
Reachable states exploration and model construction done in 402.495 secs.
Sorting reachable states list...

Time for model construction: 665.255 seconds.

Type:        MDP
States:      16384 (1 initial)
Transitions: 459435008
Choices:     131072
Max/avg:     8/8.00

Starting probabilistic reachability (max)...
Starting Prob0 (max)...
Prob0 (max) took 3 iterations and 0.769 seconds.
Starting Prob1 (max)...
Prob1 (max) took 8 iterations and 1.625 seconds.
target=1, yes=1, no=248, maybe=16135
Starting value iteration (max, with Gauss-Seidel)...
Iteration 8: 5.43 sec so far
Iteration 16: 10.53 sec so far
Iteration 24: 15.62 sec so far
Iteration 32: 20.73 sec so far
Iteration 40: 25.90 sec so far
Iteration 48: 31.17 sec so far
Iteration 56: 36.34 sec so far
Iteration 64: 41.50 sec so far
Iteration 72: 46.68 sec so far
Iteration 80: 51.87 sec so far
Iteration 88: 57.06 sec so far
Iteration 96: 62.21 sec so far
Iteration 104: 67.37 sec so far
Iteration 112: 72.53 sec so far
Iteration 120: 77.69 sec so far
Iteration 128: 82.85 sec so far
Iteration 136: 87.99 sec so far
Iteration 144: 93.18 sec so far
Iteration 152: 98.33 sec so far
Iteration 160: 103.50 sec so far
Iteration 168: 108.67 sec so far
Iteration 176: 113.89 sec so far
Iteration 184: 119.06 sec so far
Iteration 192: 124.22 sec so far
Iteration 200: 129.37 sec so far
Iteration 208: 134.51 sec so far
Iteration 216: 139.68 sec so far
Iteration 224: 144.82 sec so far
Iteration 232: 149.92 sec so far
Iteration 240: 155.01 sec so far
Iteration 248: 160.16 sec so far
Iteration 256: 165.24 sec so far
Iteration 264: 170.33 sec so far
Iteration 272: 175.41 sec so far
Iteration 280: 180.48 sec so far
Iteration 288: 185.54 sec so far
Iteration 296: 190.60 sec so far
Iteration 304: 195.68 sec so far
Iteration 312: 200.76 sec so far
Iteration 320: 205.86 sec so far
Iteration 328: 210.94 sec so far
Iteration 336: 216.01 sec so far
Iteration 344: 221.12 sec so far
Iteration 352: 226.20 sec so far
Iteration 360: 231.28 sec so far
Iteration 368: 236.38 sec so far
Iteration 376: 241.53 sec so far
Iteration 384: 246.67 sec so far
Iteration 392: 251.76 sec so far
Iteration 400: 256.88 sec so far
Iteration 408: 261.97 sec so far
Iteration 416: 267.06 sec so far
Iteration 424: 272.17 sec so far
Iteration 432: 277.32 sec so far
Iteration 440: 282.33 sec so far
Iteration 449: 287.95 sec so far
Iteration 458: 293.56 sec so far
Iteration 467: 299.17 sec so far
Iteration 476: 304.79 sec so far
Iteration 485: 310.38 sec so far
Iteration 493: 315.39 sec so far
Iteration 502: 320.99 sec so far
Iteration 511: 326.62 sec so far
Iteration 520: 332.21 sec so far
Iteration 529: 337.82 sec so far
Iteration 538: 343.42 sec so far
Iteration 547: 349.04 sec so far
Iteration 556: 354.61 sec so far
Iteration 565: 360.20 sec so far
Iteration 573: 365.22 sec so far
Iteration 582: 370.79 sec so far
Iteration 591: 376.37 sec so far
Iteration 600: 381.95 sec so far
Iteration 609: 387.51 sec so far
Iteration 618: 393.15 sec so far
Iteration 626: 398.26 sec so far
Iteration 634: 403.37 sec so far
Iteration 642: 408.61 sec so far
Iteration 650: 413.70 sec so far
Iteration 658: 418.80 sec so far
Value iteration (max, with Gauss-Seidel) took 663 iterations, 300007502652 MV-multiplications and 421.996 seconds.
Probabilistic reachability took 424.394 seconds.

Value in the initial state: 0.9521726418833016

Time for model checking: 424.402 seconds.

Result: 0.9521726418833016 (value in the initial state)

