PRISM
=====

Version: 4.4.beta
Date: Thu Jan 25 15:18:06 IRST 2018
Hostname: astek.hpc.vru.ac.ir
Memory limits: cudd=1g, java(heap)=65.1g
Command line: prism ../examples/nonsparse/SysAdmin4.nm ../examples/nonsparse/qq.pctl -s -explicitmodpoliter -javamaxmem 75000m -maxiters 500000

Parsing model file "../examples/nonsparse/SysAdmin4.nm"...

Parsing properties file "../examples/nonsparse/qq.pctl"...

1 property:
(1) Pmax=? [ "PP" U "QQ" ]

Type:        MDP
Modules:     m1 m2 
Variables:   s7 s2 

---------------------------------------------------------------------

Model checking: Pmax=? [ "PP" U "QQ" ]

Building model...

Computing reachable states...

Reachability (BFS): 3 iterations in 0.16 seconds (average 0.053667, setup 0.00)

Time for model construction: 18.756 seconds.

Type:        MDP
States:      16384 (1 initial)
Transitions: 459435008
Choices:     131072

Transition matrix: 2997675 nodes (56473 terminal), 459435008 minterms, vars: 16r/16c/8nd

Prob0A: 3 iterations in 0.04 seconds (average 0.014667, setup 0.00)

Prob1E: 8 iterations in 0.02 seconds (average 0.003000, setup 0.00)

yes = 1, no = 248, maybe = 16135

Computing remaining probabilities...
Engine: Sparse

Building sparse matrix (FOR POLICY ITERASION)... [n=16384, nc=129080, nnz=452500004, k=8] [5.1 GB]
Creating vector for yes...[128.0 KB]
Allocating iteration vectors... [2 x 128.0 KB]
TOTAL: [5.1 GB]

Starting iterations...
Iteration 101: max relative diff=0.879467, 16.36 sec so far
Iteration 202: max relative diff=0.289916, 23.06 sec so far
Iteration 303: max relative diff=0.030111, 29.57 sec so far
Iteration 404: max relative diff=0.009289, 35.91 sec so far
Iteration 505: max relative diff=0.003349, 42.28 sec so far
Iteration 606: max relative diff=0.000573, 48.76 sec so far
Iteration 707: max relative diff=0.000147, 55.29 sec so far
Iteration 808: max relative diff=0.000048, 61.82 sec so far
Iteration 909: max relative diff=0.000025, 68.34 sec so far
Iteration 1010: max relative diff=0.000004, 74.92 sec so far
Iteration 1107: max relative diff=0.000002, 81.26 sec so far

Iterative method: 1119 iterations in 82.58 seconds (average 0.073795, setup 29.68)


Number of scallar multiplications: 67026M 

Value in the initial state: 0.9521837896875787

Time for model checking: 113.858 seconds.

Result: 0.9521837896875787 (value in the initial state)

