PRISM
=====

Version: 4.4.beta
Date: Thu Jan 25 15:20:22 IRST 2018
Hostname: astek.hpc.vru.ac.ir
Memory limits: cudd=1g, java(heap)=65.1g
Command line: prism ../examples/nonsparse/SysAdmin4.nm ../examples/nonsparse/qq.pctl -s -improvedmodpoliter -javamaxmem 75000m -maxiters 500000

Parsing model file "../examples/nonsparse/SysAdmin4.nm"...

Parsing properties file "../examples/nonsparse/qq.pctl"...

1 property:
(1) Pmax=? [ "PP" U "QQ" ]

Type:        MDP
Modules:     m1 m2 
Variables:   s7 s2 

---------------------------------------------------------------------

Model checking: Pmax=? [ "PP" U "QQ" ]

Building model...

Computing reachable states...

Reachability (BFS): 3 iterations in 0.17 seconds (average 0.055333, setup 0.00)

Time for model construction: 18.741 seconds.

Type:        MDP
States:      16384 (1 initial)
Transitions: 459435008
Choices:     131072

Transition matrix: 2997675 nodes (56473 terminal), 459435008 minterms, vars: 16r/16c/8nd

Prob0A: 3 iterations in 0.04 seconds (average 0.012667, setup 0.00)

Prob1E: 8 iterations in 0.02 seconds (average 0.003000, setup 0.00)

yes = 1, no = 248, maybe = 16135

Computing remaining probabilities...
Engine: Sparse

Building sparse matrix (FOR POLICY ITERASION)... [n=16384, nc=129080, nnz=452500004, k=8] [5.1 GB]
Creating vector for yes...[128.0 KB]
Allocating iteration vectors... [2 x 128.0 KB]
TOTAL: [5.1 GB]

Starting iterations...
Iteration 203: max relative diff=0.873398, 21.93 sec so far
Iteration 337: max relative diff=0.290072, 28.98 sec so far
Iteration 501: max relative diff=0.030413, 36.42 sec so far
Iteration 704: max relative diff=0.009688, 44.15 sec so far
Iteration 907: max relative diff=0.002308, 51.66 sec so far
Iteration 1110: max relative diff=0.000457, 59.07 sec so far
Iteration 1313: max relative diff=0.000086, 66.58 sec so far
Iteration 1516: max relative diff=0.000008, 74.03 sec so far
Iteration 1686: max relative diff=0.000001, 80.47 sec so far

Iterative method: 1686 iterations in 80.47 seconds (average 0.047727, setup 29.82)


Number of scallar multiplications: 61443M 

Value in the initial state: 0.9522383200670234

Time for model checking: 112.07 seconds.

Result: 0.9522383200670234 (value in the initial state)

