PRISM
=====

Version: 4.4.beta
Date: Fri Jan 12 17:15:05 IRST 2018
Hostname: astek.hpc.vru.ac.ir
Memory limits: cudd=1g, java(heap)=65.1g
Command line: prism ../examples/nonsparse/SysAdmin2.nm ../examples/nonsparse/qq.pctl -ex -politer -javamaxmem 75000m -maxiters 500000

Parsing model file "../examples/nonsparse/SysAdmin2.nm"...

Parsing properties file "../examples/nonsparse/qq.pctl"...

1 property:
(1) Pmax=? [ "PP" U "QQ" ]

Type:        MDP
Modules:     m1 m2 m3 
Variables:   s6 s2 s3 

---------------------------------------------------------------------

Model checking: Pmax=? [ "PP" U "QQ" ]

Building model...

Computing reachable states... 508 1044 1673 2143 2814 3430 4012 4096 states
Reachable states exploration and model construction done in 27.433 secs.
Sorting reachable states list...

Time for model construction: 31.543 seconds.

Type:        MDP
States:      4096 (1 initial)
Transitions: 32053248
Choices:     28672
Max/avg:     7/7.00

Starting probabilistic reachability (max)...
Starting Prob0 (max)...
Prob0 (max) took 3 iterations and 0.063 seconds.
Starting Prob1 (max)...
Prob1 (max) took 8 iterations and 0.352 seconds.
target=2, yes=2, no=92, maybe=4002
Starting policy iteration (max)...
Policy iteration took 11 cycles (5384 iterations in total) and 35.826 seconds.
Probabilistic reachability took 36.244 seconds.

Value in the initial state: 0.969138616981292

Time for model checking: 36.246 seconds.

Result: 0.969138616981292 (value in the initial state)

