PRISM
=====

Version: 4.4.beta
Date: Thu Jan 25 14:54:26 IRST 2018
Hostname: astek.hpc.vru.ac.ir
Memory limits: cudd=1g, java(heap)=981.5m
Command line: prism ../examples/nonsparse/SysAdmin1.nm ../examples/nonsparse/qq.pctl -s -gs -maxiters 500000

Parsing model file "../examples/nonsparse/SysAdmin1.nm"...

Parsing properties file "../examples/nonsparse/qq.pctl"...

1 property:
(1) Pmax=? [ "PP" U "QQ" ]

Type:        MDP
Modules:     m1 m2 m3 
Variables:   s5 s2 s3 

---------------------------------------------------------------------

Model checking: Pmax=? [ "PP" U "QQ" ]

Building model...

Computing reachable states...

Reachability (BFS): 3 iterations in 0.00 seconds (average 0.000000, setup 0.00)

Time for model construction: 0.181 seconds.

Type:        MDP
States:      2048 (1 initial)
Transitions: 7665408
Choices:     12288

Transition matrix: 132165 nodes (10856 terminal), 7665408 minterms, vars: 12r/12c/6nd

Prob0A: 3 iterations in 0.00 seconds (average 0.000667, setup 0.00)

Prob1E: 4 iterations in 0.00 seconds (average 0.000000, setup 0.00)

yes = 1, no = 13, maybe = 2034

Computing remaining probabilities...
Engine: Sparse

Building sparse matrix(FOR GS)... [n=2048, nc=12204, nnz=7613136, k=6] [87.2 MB]
Creating vector for yes...[16.0 KB]
Allocating iteration vectors... [2 x 16.0 KB]
TOTAL: [87.2 MB]

Starting iterations...
Iteration 523: max relative diff=0.000044, 5.01 sec so far
Iteration 1044: max relative diff=0.000015, 10.01 sec so far
Iteration 1567: max relative diff=0.000009, 15.02 sec so far
Iteration 2090: max relative diff=0.000006, 20.02 sec so far
Iteration 2613: max relative diff=0.000004, 25.03 sec so far
Iteration 3136: max relative diff=0.000002, 30.04 sec so far
Iteration 3659: max relative diff=0.000002, 35.04 sec so far
Iteration 4183: max relative diff=0.000001, 40.05 sec so far

Iterative method: 4541 iterations in 43.87 seconds (average 0.009570, setup 0.41)

Value in the initial state: 0.698175049278842

Time for model checking: 43.938 seconds.

Result: 0.698175049278842 (value in the initial state)

