PRISM
=====

Version: 4.4.beta
Date: Thu Jan 25 15:54:23 IRST 2018
Hostname: astek.hpc.vru.ac.ir
Memory limits: cudd=1g, java(heap)=65.1g
Command line: prism ../examples/nonsparse/dns1.nm ../examples/nonsparse/qq.pctl -s -improvedmodpoliter2 -javamaxmem 75000m -maxiters 500000

Parsing model file "../examples/nonsparse/dns1.nm"...

Parsing properties file "../examples/nonsparse/qq.pctl"...

1 property:
(1) Pmax=? [ "PP" U "QQ" ]

Type:        MDP
Modules:     m1 m2 m3 m4 m5 
Variables:   s1 s2 s3 s4 s5 

---------------------------------------------------------------------

Model checking: Pmax=? [ "PP" U "QQ" ]

Building model...

Computing reachable states...

Reachability (BFS): 4 iterations in 0.01 seconds (average 0.001500, setup 0.00)

Time for model construction: 1.73 seconds.

Type:        MDP
States:      25000 (1 initial)
Transitions: 23215048
Choices:     86000

Transition matrix: 1993302 nodes (199905 terminal), 23215048 minterms, vars: 18r/18c/5nd

Prob0A: 4 iterations in 0.01 seconds (average 0.001750, setup 0.00)

Prob1E: 21 iterations in 0.02 seconds (average 0.000810, setup 0.00)

yes = 1, no = 144, maybe = 24855

Computing remaining probabilities...
Engine: Sparse

Building sparse matrix (FOR POLICY ITERASION)... [n=25000, nc=85533, nnz=23089601, k=6] [264.7 MB]
Creating vector for yes...[195.3 KB]
Allocating iteration vectors... [2 x 195.3 KB]
TOTAL: [265.2 MB]

Starting iterations...
Iteration 1212: max relative diff=0.001750, 5.40 sec so far
Iteration 2323: max relative diff=0.000498, 10.52 sec so far
Iteration 3434: max relative diff=0.000167, 15.64 sec so far
Iteration 4646: max relative diff=0.000117, 20.81 sec so far
Iteration 5858: max relative diff=0.000062, 25.96 sec so far
Iteration 7070: max relative diff=0.000036, 31.05 sec so far
Iteration 8282: max relative diff=0.000021, 36.15 sec so far
Iteration 9494: max relative diff=0.000013, 41.21 sec so far
Iteration 10706: max relative diff=0.000022, 46.28 sec so far
Iteration 11918: max relative diff=0.000006, 51.32 sec so far
Iteration 13130: max relative diff=0.000002, 56.44 sec so far
Iteration 14342: max relative diff=0.000003, 61.74 sec so far
Iteration 15554: max relative diff=0.000002, 67.08 sec so far
Iteration 16766: max relative diff=0.000001, 72.40 sec so far

Iterative method: 17271 iterations in 74.62 seconds (average 0.004321, setup 2.86)


Number of scallar multiplications: 46779M 

Value in the initial state: 0.95420784345013

Time for model checking: 78.311 seconds.

Result: 0.95420784345013 (value in the initial state)

