PRISM
=====

Version: 4.4.beta
Date: Wed Jan 10 05:34:22 IRST 2018
Hostname: astek.hpc.vru.ac.ir
Memory limits: cudd=1g, java(heap)=65.1g
Command line: prism ../examples/nonsparse/dns1.nm ../examples/nonsparse/qq.pctl -ex -modpoliter -javamaxmem 75000m -maxiters 500000

Parsing model file "../examples/nonsparse/dns1.nm"...

Parsing properties file "../examples/nonsparse/qq.pctl"...

1 property:
(1) Pmax=? [ "PP" U "QQ" ]

Type:        MDP
Modules:     m1 m2 m3 m4 m5 
Variables:   s1 s2 s3 s4 s5 

---------------------------------------------------------------------

Model checking: Pmax=? [ "PP" U "QQ" ]

Building model...

Computing reachable states... 4472 10483 12277 16931 21234 25000 states
Reachable states exploration and model construction done in 17.673 secs.
Sorting reachable states list...

Time for model construction: 24.694 seconds.

Type:        MDP
States:      25000 (1 initial)
Transitions: 23215048
Choices:     86000
Max/avg:     6/3.44

Starting probabilistic reachability (max)...
Starting Prob0 (max)...
Prob0 (max) took 4 iterations and 0.114 seconds.
Starting Prob1 (max)...
Prob1 (max) took 20 iterations and 0.777 seconds.
target=1, yes=1, no=144, maybe=24855
Starting modified policy iteration (max)...
Modified policy iteration took 94 cycles (9341 iterations in total) and 172.853 seconds.
Probabilistic reachability took 173.747 seconds.

Value in the initial state: 0.9531101298603515

Time for model checking: 173.752 seconds.

Result: 0.9531101298603515 (value in the initial state)

