PRISM
=====

Version: 4.4.beta
Date: Fri Jan 12 19:56:32 IRST 2018
Hostname: astek.hpc.vru.ac.ir
Memory limits: cudd=1g, java(heap)=65.1g
Command line: prism ../examples/nonsparse/dns1.nm ../examples/nonsparse/qq.pctl -s -improvedmodpoliter -javamaxmem 75000m -maxiters 500000

Parsing model file "../examples/nonsparse/dns1.nm"...

Parsing properties file "../examples/nonsparse/qq.pctl"...

1 property:
(1) Pmax=? [ "PP" U "QQ" ]

Type:        MDP
Modules:     m1 m2 m3 m4 m5 
Variables:   s1 s2 s3 s4 s5 

---------------------------------------------------------------------

Model checking: Pmax=? [ "PP" U "QQ" ]

Building model...

Computing reachable states...

Reachability (BFS): 4 iterations in 0.01 seconds (average 0.001750, setup 0.00)

Time for model construction: 2.057 seconds.

Type:        MDP
States:      25000 (1 initial)
Transitions: 23215048
Choices:     86000

Transition matrix: 1993302 nodes (199905 terminal), 23215048 minterms, vars: 18r/18c/5nd

Prob0A: 4 iterations in 0.01 seconds (average 0.001750, setup 0.00)

Prob1E: 21 iterations in 0.02 seconds (average 0.001000, setup 0.00)

yes = 1, no = 144, maybe = 24855

Computing remaining probabilities...
Engine: Sparse

Building sparse matrix (FOR POLICY ITERASION)... [n=25000, nc=85533, nnz=23089601, k=6] [264.7 MB]
Creating vector for yes...[195.3 KB]
Allocating iteration vectors... [2 x 195.3 KB]
TOTAL: [265.2 MB]

Starting iterations...
Iteration 835: max relative diff=0.004397, 5.62 sec so far
Iteration 1647: max relative diff=0.000589, 11.00 sec so far
Iteration 2459: max relative diff=0.001629, 16.26 sec so far
Iteration 3271: max relative diff=0.000121, 21.38 sec so far
Iteration 4083: max relative diff=0.000069, 26.43 sec so far
Iteration 5098: max relative diff=0.000045, 32.65 sec so far
Iteration 6113: max relative diff=0.000021, 38.78 sec so far
Iteration 7128: max relative diff=0.000045, 44.89 sec so far
Iteration 8143: max relative diff=0.000034, 50.99 sec so far
Iteration 9158: max relative diff=0.000004, 57.07 sec so far
Iteration 10173: max relative diff=0.000003, 63.11 sec so far
Iteration 11188: max relative diff=0.000002, 68.97 sec so far
Iteration 12203: max relative diff=0.000001, 74.83 sec so far

Iterative method: 12812 iterations in 78.35 seconds (average 0.006115, setup 3.18)


Number of scallar multiplications: 57174M 

Value in the initial state: 0.9539059731992057

Time for model checking: 81.637 seconds.

Result: 0.9539059731992057 (value in the initial state)

