PRISM
=====

Version: 4.4.beta
Date: Thu Jan 25 15:51:25 IRST 2018
Hostname: astek.hpc.vru.ac.ir
Memory limits: cudd=1g, java(heap)=65.1g
Command line: prism ../examples/nonsparse/dns1.nm ../examples/nonsparse/qq.pctl -s -explicitmodpoliter -javamaxmem 75000m -maxiters 500000

Parsing model file "../examples/nonsparse/dns1.nm"...

Parsing properties file "../examples/nonsparse/qq.pctl"...

1 property:
(1) Pmax=? [ "PP" U "QQ" ]

Type:        MDP
Modules:     m1 m2 m3 m4 m5 
Variables:   s1 s2 s3 s4 s5 

---------------------------------------------------------------------

Model checking: Pmax=? [ "PP" U "QQ" ]

Building model...

Computing reachable states...

Reachability (BFS): 4 iterations in 0.01 seconds (average 0.001750, setup 0.00)

Time for model construction: 1.787 seconds.

Type:        MDP
States:      25000 (1 initial)
Transitions: 23215048
Choices:     86000

Transition matrix: 1993302 nodes (199905 terminal), 23215048 minterms, vars: 18r/18c/5nd

Prob0A: 4 iterations in 0.01 seconds (average 0.001750, setup 0.00)

Prob1E: 21 iterations in 0.02 seconds (average 0.000762, setup 0.00)

yes = 1, no = 144, maybe = 24855

Computing remaining probabilities...
Engine: Sparse

Building sparse matrix (FOR POLICY ITERASION)... [n=25000, nc=85533, nnz=23089601, k=6] [264.7 MB]
Creating vector for yes...[195.3 KB]
Allocating iteration vectors... [2 x 195.3 KB]
TOTAL: [265.2 MB]

Starting iterations...
Iteration 517: max relative diff=0.004081, 5.21 sec so far
Iteration 1022: max relative diff=0.001105, 10.31 sec so far
Iteration 1527: max relative diff=0.000427, 15.34 sec so far
Iteration 2133: max relative diff=0.000164, 21.30 sec so far
Iteration 2739: max relative diff=0.000097, 27.19 sec so far
Iteration 3345: max relative diff=0.000075, 33.03 sec so far
Iteration 3951: max relative diff=0.000120, 38.82 sec so far
Iteration 4557: max relative diff=0.000019, 44.58 sec so far
Iteration 5163: max relative diff=0.000013, 50.29 sec so far
Iteration 5769: max relative diff=0.000006, 55.98 sec so far
Iteration 6375: max relative diff=0.000005, 61.67 sec so far
Iteration 6981: max relative diff=0.000003, 67.36 sec so far
Iteration 7587: max relative diff=0.000003, 73.06 sec so far
Iteration 8193: max relative diff=0.000003, 78.72 sec so far
Iteration 8799: max relative diff=0.000001, 84.41 sec so far

Iterative method: 9108 iterations in 87.34 seconds (average 0.009589, setup 2.98)


Number of scallar multiplications: 65932M 

Value in the initial state: 0.953125733407775

Time for model checking: 90.389 seconds.

Result: 0.953125733407775 (value in the initial state)

