PRISM
=====

Version: 4.4.beta
Date: Thu Jan 25 15:49:14 IRST 2018
Hostname: astek.hpc.vru.ac.ir
Memory limits: cudd=1g, java(heap)=65.1g
Command line: prism ../examples/nonsparse/dns1.nm ../examples/nonsparse/qq.pctl -s -modpoliter -javamaxmem 75000m -maxiters 500000

Parsing model file "../examples/nonsparse/dns1.nm"...

Parsing properties file "../examples/nonsparse/qq.pctl"...

1 property:
(1) Pmax=? [ "PP" U "QQ" ]

Type:        MDP
Modules:     m1 m2 m3 m4 m5 
Variables:   s1 s2 s3 s4 s5 

---------------------------------------------------------------------

Model checking: Pmax=? [ "PP" U "QQ" ]

Building model...

Computing reachable states...

Reachability (BFS): 4 iterations in 0.01 seconds (average 0.001500, setup 0.00)

Time for model construction: 1.783 seconds.

Type:        MDP
States:      25000 (1 initial)
Transitions: 23215048
Choices:     86000

Transition matrix: 1993302 nodes (199905 terminal), 23215048 minterms, vars: 18r/18c/5nd

Prob0A: 4 iterations in 0.01 seconds (average 0.002000, setup 0.00)

Prob1E: 21 iterations in 0.02 seconds (average 0.000857, setup 0.00)

yes = 1, no = 144, maybe = 24855

Computing remaining probabilities...
Engine: Sparse

Building sparse matrix (FOR POLICY ITERASION)... [n=25000, nc=85533, nnz=23089601, k=6] [264.7 MB]
Creating vector for yes...[195.3 KB]
Allocating iteration vectors... [2 x 195.3 KB]
TOTAL: [265.2 MB]

Starting iterations...
Iteration 416: max relative diff=0.010080, 5.84 sec so far
Iteration 820: max relative diff=0.002030, 11.57 sec so far
Iteration 1224: max relative diff=0.000453, 17.25 sec so far
Iteration 1628: max relative diff=0.000297, 22.89 sec so far
Iteration 2032: max relative diff=0.000222, 28.50 sec so far
Iteration 2436: max relative diff=0.000126, 34.13 sec so far
Iteration 2840: max relative diff=0.000069, 39.72 sec so far
Iteration 3244: max relative diff=0.000046, 45.27 sec so far
Iteration 3648: max relative diff=0.000037, 50.83 sec so far
Iteration 4052: max relative diff=0.000031, 56.40 sec so far
Iteration 4456: max relative diff=0.000061, 61.90 sec so far
Iteration 4860: max relative diff=0.000015, 67.39 sec so far
Iteration 5264: max relative diff=0.000013, 72.87 sec so far
Iteration 5668: max relative diff=0.000023, 78.48 sec so far
Iteration 6072: max relative diff=0.000005, 84.02 sec so far
Iteration 6476: max relative diff=0.000005, 89.53 sec so far
Iteration 6880: max relative diff=0.000004, 95.01 sec so far
Iteration 7284: max relative diff=0.000003, 100.50 sec so far
Iteration 7688: max relative diff=0.000003, 105.99 sec so far
Iteration 8092: max relative diff=0.000002, 111.44 sec so far
Iteration 8496: max relative diff=0.000001, 116.96 sec so far
Iteration 8900: max relative diff=0.000001, 122.41 sec so far

Iterative method: 9108 iterations in 125.22 seconds (average 0.013749, setup 2.92)


Number of scallar multiplications: 65932M 

Value in the initial state: 0.953125733407775

Time for model checking: 128.189 seconds.

Result: 0.953125733407775 (value in the initial state)

