PRISM
=====

Version: 4.4.beta
Date: Thu Jan 25 15:58:01 IRST 2018
Hostname: astek.hpc.vru.ac.ir
Memory limits: cudd=1g, java(heap)=65.1g
Command line: prism ../examples/nonsparse/dns2.nm ../examples/nonsparse/qq.pctl -s -improvedmodpoliter -javamaxmem 75000m -maxiters 500000

Parsing model file "../examples/nonsparse/dns2.nm"...

Parsing properties file "../examples/nonsparse/qq.pctl"...

1 property:
(1) Pmax=? [ "PP" U "QQ" ]

Type:        MDP
Modules:     m1 m2 m3 
Variables:   s1 s2 s3 

---------------------------------------------------------------------

Model checking: Pmax=? [ "PP" U "QQ" ]

Building model...

Computing reachable states...

Reachability (BFS): 4 iterations in 0.01 seconds (average 0.003500, setup 0.00)

Time for model construction: 0.589 seconds.

Type:        MDP
States:      30080 (1 initial)
Transitions: 32413236
Choices:     150400

Transition matrix: 304706 nodes (14952 terminal), 32413236 minterms, vars: 16r/16c/4nd

Prob0A: 4 iterations in 0.04 seconds (average 0.010000, setup 0.00)

Prob1E: 10 iterations in 0.04 seconds (average 0.004300, setup 0.00)

yes = 1, no = 1035, maybe = 29044

Computing remaining probabilities...
Engine: Sparse

Building sparse matrix (FOR POLICY ITERASION)... [n=30080, nc=145220, nnz=31308960, k=5] [359.0 MB]
Creating vector for yes...[235.0 KB]
Allocating iteration vectors... [2 x 235.0 KB]
TOTAL: [359.7 MB]

Starting iterations...
Iteration 991: max relative diff=0.011750, 6.00 sec so far
Iteration 2006: max relative diff=0.000591, 12.19 sec so far
Iteration 3021: max relative diff=0.000199, 18.37 sec so far
Iteration 4036: max relative diff=0.000036, 24.49 sec so far
Iteration 5051: max relative diff=0.000012, 30.64 sec so far
Iteration 6066: max relative diff=0.000004, 36.80 sec so far
Iteration 7081: max relative diff=0.000001, 42.94 sec so far

Iterative method: 7487 iterations in 45.40 seconds (average 0.006064, setup 2.61)


Number of scallar multiplications: 33852M 

Value in the initial state: 0.025331687514399306

Time for model checking: 48.167 seconds.

Result: 0.025331687514399306 (value in the initial state)

