PRISM
=====

Version: 4.4.beta
Date: Wed Jan 10 06:05:20 IRST 2018
Hostname: astek.hpc.vru.ac.ir
Memory limits: cudd=1g, java(heap)=65.1g
Command line: prism ../examples/nonsparse/dns2.nm ../examples/nonsparse/qq.pctl -ex -modpoliter -javamaxmem 75000m -maxiters 500000

Parsing model file "../examples/nonsparse/dns2.nm"...

Parsing properties file "../examples/nonsparse/qq.pctl"...

1 property:
(1) Pmax=? [ "PP" U "QQ" ]

Type:        MDP
Modules:     m1 m2 m3 
Variables:   s1 s2 s3 

---------------------------------------------------------------------

Model checking: Pmax=? [ "PP" U "QQ" ]

Building model...

Computing reachable states... 3614 7427 11647 15633 15887 20113 23854 27936 28333 30080 states
Reachable states exploration and model construction done in 29.623 secs.
Sorting reachable states list...

Time for model construction: 33.894 seconds.

Type:        MDP
States:      30080 (1 initial)
Transitions: 32413236
Choices:     150400
Max/avg:     5/5.00

Starting probabilistic reachability (max)...
Starting Prob0 (max)...
Prob0 (max) took 4 iterations and 0.186 seconds.
Starting Prob1 (max)...
Prob1 (max) took 11 iterations and 0.698 seconds.
target=1, yes=1, no=1035, maybe=29044
Starting modified policy iteration (max)...
Modified policy iteration took 60 cycles (5831 iterations in total) and 90.899 seconds.
Probabilistic reachability took 91.786 seconds.

Value in the initial state: 0.02531896694070323

Time for model checking: 91.794 seconds.

Result: 0.02531896694070323 (value in the initial state)

