PRISM
=====

Version: 4.4.beta
Date: Thu Jan 25 15:55:44 IRST 2018
Hostname: astek.hpc.vru.ac.ir
Memory limits: cudd=1g, java(heap)=65.1g
Command line: prism ../examples/nonsparse/dns2.nm ../examples/nonsparse/qq.pctl -s -modpoliter -javamaxmem 75000m -maxiters 500000

Parsing model file "../examples/nonsparse/dns2.nm"...

Parsing properties file "../examples/nonsparse/qq.pctl"...

1 property:
(1) Pmax=? [ "PP" U "QQ" ]

Type:        MDP
Modules:     m1 m2 m3 
Variables:   s1 s2 s3 

---------------------------------------------------------------------

Model checking: Pmax=? [ "PP" U "QQ" ]

Building model...

Computing reachable states...

Reachability (BFS): 4 iterations in 0.01 seconds (average 0.003500, setup 0.00)

Time for model construction: 0.602 seconds.

Type:        MDP
States:      30080 (1 initial)
Transitions: 32413236
Choices:     150400

Transition matrix: 304706 nodes (14952 terminal), 32413236 minterms, vars: 16r/16c/4nd

Prob0A: 4 iterations in 0.02 seconds (average 0.004750, setup 0.00)

Prob1E: 10 iterations in 0.04 seconds (average 0.004200, setup 0.00)

yes = 1, no = 1035, maybe = 29044

Computing remaining probabilities...
Engine: Sparse

Building sparse matrix (FOR POLICY ITERASION)... [n=30080, nc=145220, nnz=31308960, k=5] [359.0 MB]
Creating vector for yes...[235.0 KB]
Allocating iteration vectors... [2 x 235.0 KB]
TOTAL: [359.7 MB]

Starting iterations...
Iteration 404: max relative diff=0.047717, 5.55 sec so far
Iteration 808: max relative diff=0.002334, 11.12 sec so far
Iteration 1212: max relative diff=0.001204, 16.76 sec so far
Iteration 1616: max relative diff=0.000605, 22.46 sec so far
Iteration 2020: max relative diff=0.000171, 28.13 sec so far
Iteration 2424: max relative diff=0.000119, 33.78 sec so far
Iteration 2828: max relative diff=0.000054, 39.32 sec so far
Iteration 3232: max relative diff=0.000035, 44.87 sec so far
Iteration 3636: max relative diff=0.000018, 50.41 sec so far
Iteration 4040: max relative diff=0.000009, 55.94 sec so far
Iteration 4444: max relative diff=0.000007, 61.47 sec so far
Iteration 4848: max relative diff=0.000003, 67.00 sec so far
Iteration 5252: max relative diff=0.000002, 72.53 sec so far
Iteration 5656: max relative diff=0.000001, 78.05 sec so far

Iterative method: 5829 iterations in 80.45 seconds (average 0.013802, setup 2.62)


Number of scallar multiplications: 36975M 

Value in the initial state: 0.025319293591158386

Time for model checking: 83.181 seconds.

Result: 0.025319293591158386 (value in the initial state)

