PRISM
=====

Version: 4.4.beta
Date: Fri Jan 12 19:59:11 IRST 2018
Hostname: astek.hpc.vru.ac.ir
Memory limits: cudd=1g, java(heap)=981.5m
Command line: prism ../examples/nonsparse/dns2.nm ../examples/nonsparse/qq.pctl -s -gs -maxiters 500000

Parsing model file "../examples/nonsparse/dns2.nm"...

Parsing properties file "../examples/nonsparse/qq.pctl"...

1 property:
(1) Pmax=? [ "PP" U "QQ" ]

Type:        MDP
Modules:     m1 m2 m3 
Variables:   s1 s2 s3 

---------------------------------------------------------------------

Model checking: Pmax=? [ "PP" U "QQ" ]

Building model...

Computing reachable states...

Reachability (BFS): 4 iterations in 0.02 seconds (average 0.004250, setup 0.00)

Time for model construction: 0.625 seconds.

Type:        MDP
States:      30080 (1 initial)
Transitions: 32413236
Choices:     150400

Transition matrix: 304706 nodes (14952 terminal), 32413236 minterms, vars: 16r/16c/4nd

Prob0A: 4 iterations in 0.02 seconds (average 0.005000, setup 0.00)

Prob1E: 10 iterations in 0.05 seconds (average 0.004700, setup 0.00)

yes = 1, no = 1035, maybe = 29044

Computing remaining probabilities...
Engine: Sparse

Building sparse matrix(FOR GS)... [n=30080, nc=145220, nnz=31308960, k=5] [359.0 MB]
Creating vector for yes...[235.0 KB]
Allocating iteration vectors... [2 x 235.0 KB]
TOTAL: [359.7 MB]

Starting iterations...
Iteration 118: max relative diff=0.006191, 5.02 sec so far
Iteration 236: max relative diff=0.002712, 10.03 sec so far
Iteration 354: max relative diff=0.001623, 15.04 sec so far
Iteration 472: max relative diff=0.001103, 20.07 sec so far
Iteration 591: max relative diff=0.000802, 25.10 sec so far
Iteration 709: max relative diff=0.000611, 30.11 sec so far
Iteration 827: max relative diff=0.000480, 35.11 sec so far
Iteration 945: max relative diff=0.000384, 40.13 sec so far
Iteration 1063: max relative diff=0.000312, 45.15 sec so far
Iteration 1180: max relative diff=0.000257, 50.16 sec so far
Iteration 1298: max relative diff=0.000214, 55.19 sec so far
Iteration 1415: max relative diff=0.000179, 60.20 sec so far
Iteration 1533: max relative diff=0.000151, 65.22 sec so far
Iteration 1650: max relative diff=0.000128, 70.25 sec so far
Iteration 1768: max relative diff=0.000109, 75.28 sec so far
Iteration 1886: max relative diff=0.000093, 80.31 sec so far
Iteration 2004: max relative diff=0.000079, 85.31 sec so far
Iteration 2122: max relative diff=0.000068, 90.35 sec so far
Iteration 2240: max relative diff=0.000058, 95.39 sec so far
Iteration 2359: max relative diff=0.000050, 100.41 sec so far
Iteration 2477: max relative diff=0.000043, 105.41 sec so far
Iteration 2596: max relative diff=0.000037, 110.45 sec so far
Iteration 2715: max relative diff=0.000032, 115.47 sec so far
Iteration 2834: max relative diff=0.000028, 120.48 sec so far
Iteration 2953: max relative diff=0.000024, 125.50 sec so far
Iteration 3071: max relative diff=0.000021, 130.54 sec so far
Iteration 3189: max relative diff=0.000018, 135.58 sec so far
Iteration 3307: max relative diff=0.000016, 140.59 sec so far
Iteration 3425: max relative diff=0.000013, 145.61 sec so far
Iteration 3544: max relative diff=0.000012, 150.64 sec so far
Iteration 3662: max relative diff=0.000010, 155.66 sec so far
Iteration 3780: max relative diff=0.000009, 160.68 sec so far
Iteration 3897: max relative diff=0.000008, 165.68 sec so far
Iteration 4018: max relative diff=0.000007, 170.69 sec so far
Iteration 4139: max relative diff=0.000006, 175.72 sec so far
Iteration 4260: max relative diff=0.000005, 180.74 sec so far
Iteration 4380: max relative diff=0.000004, 185.78 sec so far
Iteration 4502: max relative diff=0.000004, 190.82 sec so far
Iteration 4622: max relative diff=0.000003, 195.83 sec so far
Iteration 4743: max relative diff=0.000003, 200.84 sec so far
Iteration 4864: max relative diff=0.000002, 205.86 sec so far
Iteration 4985: max relative diff=0.000002, 210.89 sec so far
Iteration 5106: max relative diff=0.000002, 215.93 sec so far
Iteration 5227: max relative diff=0.000002, 220.93 sec so far
Iteration 5348: max relative diff=0.000001, 225.95 sec so far
Iteration 5470: max relative diff=0.000001, 231.00 sec so far
Iteration 5590: max relative diff=0.000001, 236.01 sec so far

Iterative method: 5605 iterations in 239.35 seconds (average 0.042217, setup 2.72)

Value in the initial state: 0.025318972570771134

Time for model checking: 239.573 seconds.

Result: 0.025318972570771134 (value in the initial state)

