PRISM
=====

Version: 4.4.beta
Date: Wed Jan 10 06:01:19 IRST 2018
Hostname: astek.hpc.vru.ac.ir
Memory limits: cudd=1g, java(heap)=65.1g
Command line: prism ../examples/nonsparse/dns2.nm ../examples/nonsparse/qq.pctl -ex -politer -javamaxmem 75000m -maxiters 500000

Parsing model file "../examples/nonsparse/dns2.nm"...

Parsing properties file "../examples/nonsparse/qq.pctl"...

1 property:
(1) Pmax=? [ "PP" U "QQ" ]

Type:        MDP
Modules:     m1 m2 m3 
Variables:   s1 s2 s3 

---------------------------------------------------------------------

Model checking: Pmax=? [ "PP" U "QQ" ]

Building model...

Computing reachable states... 3358 7206 11158 14998 15895 19908 23464 27375 28801 30080 states
Reachable states exploration and model construction done in 30.215 secs.
Sorting reachable states list...

Time for model construction: 34.718 seconds.

Type:        MDP
States:      30080 (1 initial)
Transitions: 32413236
Choices:     150400
Max/avg:     5/5.00

Starting probabilistic reachability (max)...
Starting Prob0 (max)...
Prob0 (max) took 4 iterations and 0.173 seconds.
Starting Prob1 (max)...
Prob1 (max) took 11 iterations and 0.717 seconds.
target=1, yes=1, no=1035, maybe=29044
Starting policy iteration (max)...
Policy iteration took 9 cycles (12978 iterations in total) and 204.125 seconds.
Probabilistic reachability took 205.018 seconds.

Value in the initial state: 0.025318967032418146

Time for model checking: 205.024 seconds.

Result: 0.025318967032418146 (value in the initial state)

