PRISM
=====

Version: 4.4.beta
Date: Fri Jan 12 20:06:37 IRST 2018
Hostname: astek.hpc.vru.ac.ir
Memory limits: cudd=1g, java(heap)=65.1g
Command line: prism ../examples/nonsparse/dns2.nm ../examples/nonsparse/qq.pctl -s -improvedmodpoliter2 -javamaxmem 75000m -maxiters 500000

Parsing model file "../examples/nonsparse/dns2.nm"...

Parsing properties file "../examples/nonsparse/qq.pctl"...

1 property:
(1) Pmax=? [ "PP" U "QQ" ]

Type:        MDP
Modules:     m1 m2 m3 
Variables:   s1 s2 s3 

---------------------------------------------------------------------

Model checking: Pmax=? [ "PP" U "QQ" ]

Building model...

Computing reachable states...

Reachability (BFS): 4 iterations in 0.01 seconds (average 0.003500, setup 0.00)

Time for model construction: 0.605 seconds.

Type:        MDP
States:      30080 (1 initial)
Transitions: 32413236
Choices:     150400

Transition matrix: 304706 nodes (14952 terminal), 32413236 minterms, vars: 16r/16c/4nd

Prob0A: 4 iterations in 0.04 seconds (average 0.010250, setup 0.00)

Prob1E: 10 iterations in 0.05 seconds (average 0.004700, setup 0.00)

yes = 1, no = 1035, maybe = 29044

Computing remaining probabilities...
Engine: Sparse

Building sparse matrix (FOR POLICY ITERASION)... [n=30080, nc=145220, nnz=31308960, k=5] [359.0 MB]
Creating vector for yes...[235.0 KB]
Allocating iteration vectors... [2 x 235.0 KB]
TOTAL: [359.7 MB]

Starting iterations...
Iteration 1414: max relative diff=0.000910, 5.37 sec so far
Iteration 2828: max relative diff=0.000175, 10.73 sec so far
Iteration 4141: max relative diff=0.000046, 15.81 sec so far
Iteration 5454: max relative diff=0.000013, 20.95 sec so far
Iteration 6767: max relative diff=0.000004, 26.08 sec so far
Iteration 8080: max relative diff=0.000001, 31.21 sec so far

Iterative method: 8080 iterations in 31.21 seconds (average 0.003863, setup 2.67)


Number of scallar multiplications: 18808M 

Value in the initial state: 0.02533094043156387

Time for model checking: 34.067 seconds.

Result: 0.02533094043156387 (value in the initial state)

