PRISM
=====

Version: 4.4.beta
Date: Thu Jan 25 15:58:51 IRST 2018
Hostname: astek.hpc.vru.ac.ir
Memory limits: cudd=1g, java(heap)=65.1g
Command line: prism ../examples/nonsparse/dns2.nm ../examples/nonsparse/qq.pctl -s -improvedmodpoliter2 -javamaxmem 75000m -maxiters 500000

Parsing model file "../examples/nonsparse/dns2.nm"...

Parsing properties file "../examples/nonsparse/qq.pctl"...

1 property:
(1) Pmax=? [ "PP" U "QQ" ]

Type:        MDP
Modules:     m1 m2 m3 
Variables:   s1 s2 s3 

---------------------------------------------------------------------

Model checking: Pmax=? [ "PP" U "QQ" ]

Building model...

Computing reachable states...

Reachability (BFS): 4 iterations in 0.02 seconds (average 0.004000, setup 0.00)

Time for model construction: 0.604 seconds.

Type:        MDP
States:      30080 (1 initial)
Transitions: 32413236
Choices:     150400

Transition matrix: 304706 nodes (14952 terminal), 32413236 minterms, vars: 16r/16c/4nd

Prob0A: 4 iterations in 0.03 seconds (average 0.008000, setup 0.00)

Prob1E: 10 iterations in 0.04 seconds (average 0.003800, setup 0.00)

yes = 1, no = 1035, maybe = 29044

Computing remaining probabilities...
Engine: Sparse

Building sparse matrix (FOR POLICY ITERASION)... [n=30080, nc=145220, nnz=31308960, k=5] [359.0 MB]
Creating vector for yes...[235.0 KB]
Allocating iteration vectors... [2 x 235.0 KB]
TOTAL: [359.7 MB]

Starting iterations...
Iteration 1717: max relative diff=0.001498, 5.17 sec so far
Iteration 3434: max relative diff=0.000344, 10.19 sec so far
Iteration 5252: max relative diff=0.000095, 15.46 sec so far
Iteration 7070: max relative diff=0.000028, 20.74 sec so far
Iteration 8888: max relative diff=0.000004, 26.03 sec so far
Iteration 10605: max relative diff=0.000002, 31.33 sec so far

Iterative method: 11668 iterations in 34.68 seconds (average 0.002972, setup 2.54)


Number of scallar multiplications: 20067M 

Value in the initial state: 0.025333448604383534

Time for model checking: 37.727 seconds.

Result: 0.025333448604383534 (value in the initial state)

