PRISM
=====

Version: 4.4.beta
Date: Wed Jan 10 05:56:18 IRST 2018
Hostname: astek.hpc.vru.ac.ir
Memory limits: cudd=1g, java(heap)=65.1g
Command line: prism ../examples/nonsparse/dns2.nm ../examples/nonsparse/qq.pctl -ex -gs -javamaxmem 75000m -maxiters 500000

Parsing model file "../examples/nonsparse/dns2.nm"...

Parsing properties file "../examples/nonsparse/qq.pctl"...

1 property:
(1) Pmax=? [ "PP" U "QQ" ]

Type:        MDP
Modules:     m1 m2 m3 
Variables:   s1 s2 s3 

---------------------------------------------------------------------

Model checking: Pmax=? [ "PP" U "QQ" ]

Building model...

Computing reachable states... 3222 7045 10695 14683 15895 19966 23517 27473 30080 states
Reachable states exploration and model construction done in 30.082 secs.
Sorting reachable states list...

Time for model construction: 34.706 seconds.

Type:        MDP
States:      30080 (1 initial)
Transitions: 32413236
Choices:     150400
Max/avg:     5/5.00

Starting probabilistic reachability (max)...
Starting Prob0 (max)...
Prob0 (max) took 4 iterations and 0.169 seconds.
Starting Prob1 (max)...
Prob1 (max) took 11 iterations and 0.699 seconds.
target=1, yes=1, no=1035, maybe=29044
Starting value iteration (max, with Gauss-Seidel)...
Iteration 105: 5.02 sec so far
Iteration 211: 10.02 sec so far
Iteration 318: 15.07 sec so far
Iteration 425: 20.10 sec so far
Iteration 531: 25.11 sec so far
Iteration 637: 30.13 sec so far
Iteration 743: 35.15 sec so far
Iteration 849: 40.20 sec so far
Iteration 955: 45.24 sec so far
Iteration 1062: 50.27 sec so far
Iteration 1168: 55.30 sec so far
Iteration 1275: 60.33 sec so far
Iteration 1382: 65.36 sec so far
Iteration 1489: 70.39 sec so far
Iteration 1596: 75.42 sec so far
Iteration 1703: 80.46 sec so far
Iteration 1810: 85.49 sec so far
Iteration 1917: 90.51 sec so far
Iteration 2021: 95.54 sec so far
Iteration 2128: 100.58 sec so far
Iteration 2234: 105.60 sec so far
Iteration 2341: 110.62 sec so far
Iteration 2447: 115.63 sec so far
Iteration 2554: 120.67 sec so far
Iteration 2661: 125.71 sec so far
Iteration 2768: 130.73 sec so far
Iteration 2875: 135.75 sec so far
Iteration 2982: 140.77 sec so far
Iteration 3089: 145.81 sec so far
Iteration 3196: 150.83 sec so far
Iteration 3303: 155.87 sec so far
Iteration 3410: 160.89 sec so far
Iteration 3517: 165.92 sec so far
Iteration 3624: 170.94 sec so far
Iteration 3731: 175.97 sec so far
Iteration 3838: 181.00 sec so far
Iteration 3945: 186.03 sec so far
Iteration 4052: 191.05 sec so far
Iteration 4159: 196.07 sec so far
Iteration 4266: 201.10 sec so far
Iteration 4373: 206.13 sec so far
Iteration 4480: 211.16 sec so far
Iteration 4587: 216.19 sec so far
Iteration 4694: 221.22 sec so far
Iteration 4801: 226.25 sec so far
Iteration 4907: 231.25 sec so far
Iteration 5014: 236.29 sec so far
Iteration 5121: 241.32 sec so far
Iteration 5228: 246.35 sec so far
Iteration 5335: 251.39 sec so far
Iteration 5441: 256.40 sec so far
Iteration 5547: 261.40 sec so far
Value iteration (max, with Gauss-Seidel) took 5605 iterations, 175486720800 MV-multiplications and 264.151 seconds.
Probabilistic reachability took 265.022 seconds.

Value in the initial state: 0.02531897257076903

Time for model checking: 265.027 seconds.

Result: 0.02531897257076903 (value in the initial state)

