PRISM
=====

Version: 4.4.beta
Date: Thu Jan 25 15:57:09 IRST 2018
Hostname: astek.hpc.vru.ac.ir
Memory limits: cudd=1g, java(heap)=65.1g
Command line: prism ../examples/nonsparse/dns2.nm ../examples/nonsparse/qq.pctl -s -explicitmodpoliter -javamaxmem 75000m -maxiters 500000

Parsing model file "../examples/nonsparse/dns2.nm"...

Parsing properties file "../examples/nonsparse/qq.pctl"...

1 property:
(1) Pmax=? [ "PP" U "QQ" ]

Type:        MDP
Modules:     m1 m2 m3 
Variables:   s1 s2 s3 

---------------------------------------------------------------------

Model checking: Pmax=? [ "PP" U "QQ" ]

Building model...

Computing reachable states...

Reachability (BFS): 4 iterations in 0.01 seconds (average 0.003000, setup 0.00)

Time for model construction: 0.606 seconds.

Type:        MDP
States:      30080 (1 initial)
Transitions: 32413236
Choices:     150400

Transition matrix: 304706 nodes (14952 terminal), 32413236 minterms, vars: 16r/16c/4nd

Prob0A: 4 iterations in 0.02 seconds (average 0.004250, setup 0.00)

Prob1E: 10 iterations in 0.04 seconds (average 0.004200, setup 0.00)

yes = 1, no = 1035, maybe = 29044

Computing remaining probabilities...
Engine: Sparse

Building sparse matrix (FOR POLICY ITERASION)... [n=30080, nc=145220, nnz=31308960, k=5] [359.0 MB]
Creating vector for yes...[235.0 KB]
Allocating iteration vectors... [2 x 235.0 KB]
TOTAL: [359.7 MB]

Starting iterations...
Iteration 707: max relative diff=0.004013, 5.69 sec so far
Iteration 1414: max relative diff=0.000932, 11.39 sec so far
Iteration 2121: max relative diff=0.000140, 17.08 sec so far
Iteration 2828: max relative diff=0.000054, 22.74 sec so far
Iteration 3535: max relative diff=0.000017, 28.39 sec so far
Iteration 4242: max relative diff=0.000008, 34.04 sec so far
Iteration 4949: max relative diff=0.000003, 39.70 sec so far
Iteration 5656: max relative diff=0.000001, 45.36 sec so far

Iterative method: 5829 iterations in 46.81 seconds (average 0.008031, setup 2.64)


Number of scallar multiplications: 36975M 

Value in the initial state: 0.025319293591158386

Time for model checking: 49.594 seconds.

Result: 0.025319293591158386 (value in the initial state)

