PRISM
=====

Version: 4.4.beta
Date: Tue Jan 09 20:41:15 IRST 2018
Hostname: astek.hpc.vru.ac.ir
Memory limits: cudd=1g, java(heap)=65.1g
Command line: prism ../examples/nonsparse/dns2.nm ../examples/nonsparse/qq.pctl -ex -gs -ii -epsilon 1e-8 -javamaxmem 75000m -maxiters 3505000

Parsing model file "../examples/nonsparse/dns2.nm"...

Parsing properties file "../examples/nonsparse/qq.pctl"...

1 property:
(1) Pmax=? [ "PP" U "QQ" ]

Type:        MDP
Modules:     m1 m2 m3 
Variables:   s1 s2 s3 

---------------------------------------------------------------------

Model checking: Pmax=? [ "PP" U "QQ" ]

Building model...

Computing reachable states... 3700 7649 11993 15894 20186 23970 28131 28911 30080 states
Reachable states exploration and model construction done in 28.698 secs.
Sorting reachable states list...

Time for model construction: 32.936 seconds.

Type:        MDP
States:      30080 (1 initial)
Transitions: 32413236
Choices:     150400
Max/avg:     5/5.00

Starting probabilistic reachability (max)...
Starting Prob0 (max)...
Prob0 (max) took 4 iterations and 0.159 seconds.
Starting Prob1 (max)...
Prob1 (max) took 11 iterations and 0.632 seconds.
target=1, yes=1, no=1035, maybe=29044
Max-Quotient MDP: 29046 equivalence classes / non-trap states.
Starting interval iteration (max, with Gauss-Seidel)...
Iteration 57: max relative diff=282.358023469, 5.05 sec so far
Iteration 114: max relative diff=158.302643629, 10.06 sec so far
Iteration 171: max relative diff=114.151164951, 15.07 sec so far
Iteration 228: max relative diff=90.6414214969, 20.08 sec so far
Iteration 287: max relative diff=75.3149125424, 25.11 sec so far
Iteration 346: max relative diff=64.7025363601, 30.16 sec so far
Iteration 405: max relative diff=56.8322356099, 35.19 sec so far
Iteration 464: max relative diff=50.7159565946, 40.26 sec so far
Iteration 523: max relative diff=45.7943861352, 45.32 sec so far
Iteration 582: max relative diff=41.7253203465, 50.38 sec so far
Iteration 641: max relative diff=38.2907977275, 55.44 sec so far
Iteration 700: max relative diff=35.3419392024, 60.52 sec so far
Iteration 759: max relative diff=32.774503448, 65.58 sec so far
Iteration 818: max relative diff=30.5133001143, 70.65 sec so far
Iteration 877: max relative diff=28.5025483858, 75.72 sec so far
Iteration 936: max relative diff=26.6997833731, 80.79 sec so far
Iteration 995: max relative diff=25.0719824201, 85.84 sec so far
Iteration 1054: max relative diff=23.5931908069, 90.91 sec so far
Iteration 1113: max relative diff=22.2423771161, 95.97 sec so far
Iteration 1172: max relative diff=21.0026286029, 101.03 sec so far
Iteration 1231: max relative diff=19.8599781099, 106.09 sec so far
Iteration 1290: max relative diff=18.8027118645, 111.16 sec so far
Iteration 1349: max relative diff=17.8211614256, 116.22 sec so far
Iteration 1408: max relative diff=16.9071425803, 121.28 sec so far
Iteration 1467: max relative diff=16.0537310414, 126.35 sec so far
Iteration 1526: max relative diff=15.2549974166, 131.43 sec so far
Iteration 1585: max relative diff=14.505751893, 136.49 sec so far
Iteration 1644: max relative diff=13.8014982773, 141.55 sec so far
Iteration 1703: max relative diff=13.1383322919, 146.61 sec so far
Iteration 1762: max relative diff=12.5128271794, 151.68 sec so far
Iteration 1821: max relative diff=11.9219645185, 156.73 sec so far
Iteration 1880: max relative diff=11.3630703465, 161.81 sec so far
Iteration 1939: max relative diff=10.8337546623, 166.86 sec so far
Iteration 1998: max relative diff=10.3318839479, 171.93 sec so far
Iteration 2057: max relative diff=9.85553954674, 176.99 sec so far
Iteration 2116: max relative diff=9.40299049304, 182.05 sec so far
Iteration 2175: max relative diff=8.97270086147, 187.12 sec so far
Iteration 2234: max relative diff=8.56325514981, 192.19 sec so far
Iteration 2293: max relative diff=8.17336063993, 197.24 sec so far
Iteration 2352: max relative diff=7.80183381154, 202.31 sec so far
Iteration 2411: max relative diff=7.44758396448, 207.37 sec so far
Iteration 2470: max relative diff=7.10960350932, 212.44 sec so far
Iteration 2529: max relative diff=6.78697187061, 217.49 sec so far
Iteration 2588: max relative diff=6.47884115127, 222.57 sec so far
Iteration 2647: max relative diff=6.18443959995, 227.63 sec so far
Iteration 2705: max relative diff=5.90771460929, 232.63 sec so far
Iteration 2764: max relative diff=5.63845950368, 237.66 sec so far
Iteration 2821: max relative diff=5.38948824998, 242.68 sec so far
Iteration 2878: max relative diff=5.15094688931, 247.69 sec so far
Iteration 2935: max relative diff=4.92233911044, 252.71 sec so far
Iteration 2993: max relative diff=4.69944356155, 257.80 sec so far
Iteration 3050: max relative diff=4.48951119886, 262.82 sec so far
Iteration 3108: max relative diff=4.28475318285, 267.86 sec so far
Iteration 3165: max relative diff=4.09183453702, 272.89 sec so far
Iteration 3223: max relative diff=3.90360968129, 277.95 sec so far
Iteration 3281: max relative diff=3.72317477542, 283.00 sec so far
Iteration 3339: max relative diff=3.5502041807, 288.05 sec so far
Iteration 3397: max relative diff=3.38438584134, 293.13 sec so far
Iteration 3455: max relative diff=3.22542393131, 298.20 sec so far
Iteration 3513: max relative diff=3.07305368426, 303.26 sec so far
Iteration 3571: max relative diff=2.92702460221, 308.31 sec so far
Iteration 3629: max relative diff=2.78711162118, 313.37 sec so far
Iteration 3687: max relative diff=2.65309127542, 318.41 sec so far
Iteration 3745: max relative diff=2.52476288665, 323.47 sec so far
Iteration 3803: max relative diff=2.40193844001, 328.51 sec so far
Iteration 3861: max relative diff=2.28440081699, 333.59 sec so far
Iteration 3919: max relative diff=2.17195323011, 338.64 sec so far
Iteration 3977: max relative diff=2.06439634477, 343.70 sec so far
Iteration 4035: max relative diff=1.96153206023, 348.77 sec so far
Iteration 4093: max relative diff=1.86317739328, 353.82 sec so far
Iteration 4151: max relative diff=1.76916021554, 358.88 sec so far
Iteration 4209: max relative diff=1.6793166223, 363.94 sec so far
Iteration 4267: max relative diff=1.59348806274, 369.00 sec so far
Iteration 4325: max relative diff=1.5115207484, 374.07 sec so far
Iteration 4383: max relative diff=1.43325929719, 379.14 sec so far
Iteration 4441: max relative diff=1.35855634372, 384.21 sec so far
Iteration 4499: max relative diff=1.28727087584, 389.26 sec so far
Iteration 4557: max relative diff=1.21927195354, 394.33 sec so far
Iteration 4615: max relative diff=1.15442673063, 399.39 sec so far
Iteration 4673: max relative diff=1.09262026306, 404.46 sec so far
Iteration 4731: max relative diff=1.03373603035, 409.52 sec so far
Iteration 4789: max relative diff=0.977652464584, 414.59 sec so far
Iteration 4847: max relative diff=0.924264099602, 419.65 sec so far
Iteration 4905: max relative diff=0.873465752268, 424.72 sec so far
Iteration 4962: max relative diff=0.825973620988, 429.72 sec so far
Iteration 5019: max relative diff=0.78080270167, 434.73 sec so far
Iteration 5077: max relative diff=0.73712719809, 439.81 sec so far
Iteration 5134: max relative diff=0.696357165347, 444.83 sec so far
Iteration 5191: max relative diff=0.657625473765, 449.86 sec so far
Iteration 5248: max relative diff=0.62083956163, 454.86 sec so far
Iteration 5306: max relative diff=0.585319348847, 459.94 sec so far
Iteration 5364: max relative diff=0.551644116366, 465.02 sec so far
Iteration 5422: max relative diff=0.519737644274, 470.10 sec so far
Iteration 5479: max relative diff=0.490033697235, 475.10 sec so far
Iteration 5537: max relative diff=0.461412864276, 480.17 sec so far
Iteration 5595: max relative diff=0.434333911977, 485.24 sec so far
Iteration 5653: max relative diff=0.408723186608, 490.32 sec so far
Iteration 5711: max relative diff=0.384511127899, 495.40 sec so far
Iteration 5769: max relative diff=0.361629513903, 500.46 sec so far
Iteration 5827: max relative diff=0.3400104687, 505.52 sec so far
Iteration 5885: max relative diff=0.31958911786, 510.61 sec so far
Iteration 5942: max relative diff=0.300627852547, 515.62 sec so far
Iteration 5999: max relative diff=0.282711744482, 520.63 sec so far
Iteration 6057: max relative diff=0.265501086143, 525.71 sec so far
Iteration 6114: max relative diff=0.249543252225, 530.71 sec so far
Iteration 6172: max relative diff=0.23422832317, 535.79 sec so far
Iteration 6230: max relative diff=0.21979709863, 540.86 sec so far
Iteration 6288: max relative diff=0.206202875768, 545.93 sec so far
Iteration 6346: max relative diff=0.193403669545, 551.00 sec so far
Iteration 6404: max relative diff=0.181359475014, 556.07 sec so far
Iteration 6462: max relative diff=0.170028341822, 561.15 sec so far
Iteration 6520: max relative diff=0.159370925835, 566.23 sec so far
Iteration 6578: max relative diff=0.149350103312, 571.30 sec so far
Iteration 6636: max relative diff=0.139933232415, 576.37 sec so far
Iteration 6694: max relative diff=0.131089880926, 581.44 sec so far
Iteration 6752: max relative diff=0.12278769373, 586.51 sec so far
Iteration 6810: max relative diff=0.114995400522, 591.59 sec so far
Iteration 6868: max relative diff=0.107683137055, 596.67 sec so far
Iteration 6925: max relative diff=0.100937542121, 601.68 sec so far
Iteration 6983: max relative diff=0.0944950292433, 606.75 sec so far
Iteration 7041: max relative diff=0.0884521885129, 611.83 sec so far
Iteration 7097: max relative diff=0.0829743874827, 616.84 sec so far
Iteration 7154: max relative diff=0.0777370720005, 621.88 sec so far
Iteration 7212: max relative diff=0.07273744282, 626.97 sec so far
Iteration 7269: max relative diff=0.0681288554725, 631.99 sec so far
Iteration 7326: max relative diff=0.0638044998065, 636.99 sec so far
Iteration 7383: max relative diff=0.0597471951389, 642.00 sec so far
Iteration 7440: max relative diff=0.0559406950834, 647.02 sec so far
Iteration 7497: max relative diff=0.052369840122, 652.02 sec so far
Iteration 7555: max relative diff=0.048963480612, 657.08 sec so far
Iteration 7613: max relative diff=0.0457728781722, 662.16 sec so far
Iteration 7671: max relative diff=0.0427857956295, 667.22 sec so far
Iteration 7729: max relative diff=0.039990335404, 672.28 sec so far
Iteration 7787: max relative diff=0.0373743981485, 677.36 sec so far
Iteration 7845: max relative diff=0.0349266016517, 682.43 sec so far
Iteration 7903: max relative diff=0.0326370177198, 687.50 sec so far
Iteration 7961: max relative diff=0.0304958774705, 692.57 sec so far
Iteration 8019: max relative diff=0.0284937729371, 697.63 sec so far
Iteration 8077: max relative diff=0.0266218301288, 702.71 sec so far
Iteration 8134: max relative diff=0.0249008630664, 707.72 sec so far
Iteration 8192: max relative diff=0.0232627222855, 712.80 sec so far
Iteration 8250: max relative diff=0.0217312460321, 717.88 sec so far
Iteration 8308: max relative diff=0.0202997601864, 722.96 sec so far
Iteration 8366: max relative diff=0.0189618915871, 728.03 sec so far
Iteration 8424: max relative diff=0.0177115827936, 733.12 sec so far
Iteration 8481: max relative diff=0.016562651629, 738.13 sec so far
Iteration 8539: max relative diff=0.0154696201581, 743.21 sec so far
Iteration 8597: max relative diff=0.0144483788532, 748.30 sec so far
Iteration 8655: max relative diff=0.0134942319143, 753.38 sec so far
Iteration 8712: max relative diff=0.0126176482006, 758.38 sec so far
Iteration 8769: max relative diff=0.0117977339442, 763.39 sec so far
Iteration 8826: max relative diff=0.0110308525899, 768.41 sec so far
Iteration 8883: max relative diff=0.0103135867902, 773.42 sec so far
Iteration 8940: max relative diff=0.00964273356837, 778.43 sec so far
Iteration 8998: max relative diff=0.0090046524516, 783.52 sec so far
Iteration 9056: max relative diff=0.00840856221007, 788.59 sec so far
Iteration 9114: max relative diff=0.00785170515005, 793.68 sec so far
Iteration 9172: max relative diff=0.00733153529064, 798.75 sec so far
Iteration 9229: max relative diff=0.00685375165021, 803.75 sec so far
Iteration 9286: max relative diff=0.00640693805438, 808.76 sec so far
Iteration 9344: max relative diff=0.00598200551824, 813.85 sec so far
Iteration 9402: max relative diff=0.00558508782679, 818.92 sec so far
Iteration 9459: max relative diff=0.00522052006806, 823.92 sec so far
Iteration 9517: max relative diff=0.00487380980137, 828.99 sec so far
Iteration 9575: max relative diff=0.00454996597953, 834.06 sec so far
Iteration 9633: max relative diff=0.00424753621611, 839.13 sec so far
Iteration 9691: max relative diff=0.00396515881262, 844.21 sec so far
Iteration 9749: max relative diff=0.00370151810193, 849.27 sec so far
Iteration 9807: max relative diff=0.00345538969748, 854.36 sec so far
Iteration 9865: max relative diff=0.00322561306095, 859.44 sec so far
Iteration 9923: max relative diff=0.00301110183626, 864.52 sec so far
Iteration 9981: max relative diff=0.00281084185782, 869.60 sec so far
Iteration 10039: max relative diff=0.00262388718604, 874.67 sec so far
Iteration 10097: max relative diff=0.00244935855401, 879.75 sec so far
Iteration 10155: max relative diff=0.00228643714276, 884.83 sec so far
Iteration 10213: max relative diff=0.00213435122047, 889.89 sec so far
Iteration 10271: max relative diff=0.00199238099349, 894.97 sec so far
Iteration 10328: max relative diff=0.00186206244757, 899.98 sec so far
Iteration 10386: max relative diff=0.00173820354865, 905.05 sec so far
Iteration 10444: max relative diff=0.00162258328325, 910.12 sec so far
Iteration 10501: max relative diff=0.00151645234435, 915.13 sec so far
Iteration 10559: max relative diff=0.00141558231264, 920.21 sec so far
Iteration 10617: max relative diff=0.00132142185947, 925.29 sec so far
Iteration 10675: max relative diff=0.00123352468148, 930.36 sec so far
Iteration 10733: max relative diff=0.00115147416245, 935.43 sec so far
Iteration 10791: max relative diff=0.00107488139858, 940.51 sec so far
Iteration 10849: max relative diff=0.00100338335506, 945.59 sec so far
Iteration 10907: max relative diff=0.000936641145309, 950.66 sec so far
Iteration 10965: max relative diff=0.0008743384247, 955.74 sec so far
Iteration 11023: max relative diff=0.000816179891058, 960.82 sec so far
Iteration 11081: max relative diff=0.000761889885556, 965.90 sec so far
Iteration 11139: max relative diff=0.000711211091206, 970.97 sec so far
Iteration 11197: max relative diff=0.000663903302234, 976.05 sec so far
Iteration 11255: max relative diff=0.000619742288727, 981.12 sec so far
Iteration 11313: max relative diff=0.000578518735993, 986.20 sec so far
Iteration 11371: max relative diff=0.000540037252412, 991.27 sec so far
Iteration 11428: max relative diff=0.000504714069076, 996.27 sec so far
Iteration 11485: max relative diff=0.000471701323923, 1001.28 sec so far
Iteration 11542: max relative diff=0.000440847894312, 1006.29 sec so far
Iteration 11599: max relative diff=0.000412012542365, 1011.30 sec so far
Iteration 11657: max relative diff=0.000384606556168, 1016.39 sec so far
Iteration 11714: max relative diff=0.000359449867316, 1021.40 sec so far
Iteration 11772: max relative diff=0.000335540192936, 1026.48 sec so far
Iteration 11830: max relative diff=0.000313220918341, 1031.55 sec so far
Iteration 11888: max relative diff=0.000292386254805, 1036.62 sec so far
Iteration 11946: max relative diff=0.000272937450369, 1041.68 sec so far
Iteration 12004: max relative diff=0.000254782321801, 1046.74 sec so far
Iteration 12062: max relative diff=0.000237834818066, 1051.80 sec so far
Iteration 12120: max relative diff=0.000222014611702, 1056.87 sec so far
Iteration 12177: max relative diff=0.00020749282054, 1061.89 sec so far
Iteration 12234: max relative diff=0.000193920882297, 1066.94 sec so far
Iteration 12292: max relative diff=0.000181021713268, 1072.01 sec so far
Iteration 12349: max relative diff=0.000169181229271, 1077.02 sec so far
Iteration 12407: max relative diff=0.00015792768523, 1082.09 sec so far
Iteration 12465: max relative diff=0.000147422701092, 1087.17 sec so far
Iteration 12523: max relative diff=0.000137616484348, 1092.23 sec so far
Iteration 12581: max relative diff=0.000128462554574, 1097.30 sec so far
Iteration 12639: max relative diff=0.000119917523128, 1102.39 sec so far
Iteration 12697: max relative diff=0.000111940887478, 1107.47 sec so far
Iteration 12755: max relative diff=0.000104494839233, 1112.54 sec so far
Iteration 12813: max relative diff=9.75440849293e-05, 1117.60 sec so far
Iteration 12871: max relative diff=9.10556787477e-05, 1122.67 sec so far
Iteration 12929: max relative diff=8.49988663532e-05, 1127.72 sec so far
Iteration 12987: max relative diff=7.93449391065e-05, 1132.77 sec so far
Iteration 13045: max relative diff=7.40670980252e-05, 1137.82 sec so far
Iteration 13103: max relative diff=6.91403267136e-05, 1142.88 sec so far
Iteration 13161: max relative diff=6.45412728215e-05, 1147.95 sec so far
Iteration 13219: max relative diff=6.02481373387e-05, 1153.03 sec so far
Iteration 13277: max relative diff=5.62405712804e-05, 1158.11 sec so far
Iteration 13335: max relative diff=5.2499579222e-05, 1163.18 sec so far
Iteration 13393: max relative diff=4.90074292789e-05, 1168.24 sec so far
Iteration 13451: max relative diff=4.57475690491e-05, 1173.30 sec so far
Iteration 13509: max relative diff=4.27045471556e-05, 1178.37 sec so far
Iteration 13567: max relative diff=3.98639400154e-05, 1183.43 sec so far
Iteration 13625: max relative diff=3.72122834662e-05, 1188.50 sec so far
Iteration 13683: max relative diff=3.47370089522e-05, 1193.57 sec so far
Iteration 13741: max relative diff=3.2426383948e-05, 1198.65 sec so far
Iteration 13798: max relative diff=3.03054008629e-05, 1203.65 sec so far
Iteration 13856: max relative diff=2.82895561311e-05, 1208.71 sec so far
Iteration 13914: max relative diff=2.64078007058e-05, 1213.78 sec so far
Iteration 13972: max relative diff=2.46512152739e-05, 1218.84 sec so far
Iteration 14030: max relative diff=2.30114738206e-05, 1223.89 sec so far
Iteration 14088: max relative diff=2.14808041577e-05, 1228.95 sec so far
Iteration 14146: max relative diff=2.00519510801e-05, 1234.01 sec so far
Iteration 14204: max relative diff=1.87181419823e-05, 1239.07 sec so far
Iteration 14262: max relative diff=1.74730547652e-05, 1244.12 sec so far
Iteration 14320: max relative diff=1.63107878518e-05, 1249.19 sec so far
Iteration 14378: max relative diff=1.52258322292e-05, 1254.26 sec so far
Iteration 14436: max relative diff=1.42130453296e-05, 1259.33 sec so far
Iteration 14494: max relative diff=1.32676266588e-05, 1264.39 sec so far
Iteration 14552: max relative diff=1.23850950334e-05, 1269.45 sec so far
Iteration 14610: max relative diff=1.1561267361e-05, 1274.51 sec so far
Iteration 14668: max relative diff=1.07922387854e-05, 1279.57 sec so far
Iteration 14726: max relative diff=1.00743642019e-05, 1284.62 sec so far
Iteration 14784: max relative diff=9.40424096504e-06, 1289.69 sec so far
Iteration 14842: max relative diff=8.77869276264e-06, 1294.76 sec so far
Iteration 14900: max relative diff=8.1947545713e-06, 1299.81 sec so far
Iteration 14958: max relative diff=7.64965858799e-06, 1304.87 sec so far
Iteration 15016: max relative diff=7.1408211203e-06, 1309.93 sec so far
Iteration 15074: max relative diff=6.66583033506e-06, 1315.00 sec so far
Iteration 15132: max relative diff=6.22243483181e-06, 1320.06 sec so far
Iteration 15190: max relative diff=5.80853296352e-06, 1325.12 sec so far
Iteration 15248: max relative diff=5.42216288442e-06, 1330.17 sec so far
Iteration 15306: max relative diff=5.06149324488e-06, 1335.24 sec so far
Iteration 15364: max relative diff=4.72481450714e-06, 1340.29 sec so far
Iteration 15422: max relative diff=4.41053085272e-06, 1345.35 sec so far
Iteration 15480: max relative diff=4.11715261945e-06, 1350.41 sec so far
Iteration 15538: max relative diff=3.84328921994e-06, 1355.49 sec so far
Iteration 15596: max relative diff=3.58764257632e-06, 1360.56 sec so far
Iteration 15654: max relative diff=3.34900095239e-06, 1365.63 sec so far
Iteration 15712: max relative diff=3.12623321166e-06, 1370.70 sec so far
Iteration 15770: max relative diff=2.91828346201e-06, 1375.77 sec so far
Iteration 15828: max relative diff=2.72416604804e-06, 1380.82 sec so far
Iteration 15886: max relative diff=2.54296087043e-06, 1385.90 sec so far
Iteration 15944: max relative diff=2.37380904061e-06, 1390.97 sec so far
Iteration 16002: max relative diff=2.21590879362e-06, 1396.03 sec so far
Iteration 16060: max relative diff=2.06851170466e-06, 1401.08 sec so far
Iteration 16118: max relative diff=1.93091912591e-06, 1406.14 sec so far
Iteration 16176: max relative diff=1.80247888727e-06, 1411.19 sec so far
Iteration 16234: max relative diff=1.68258218949e-06, 1416.25 sec so far
Iteration 16292: max relative diff=1.57066074288e-06, 1421.30 sec so far
Iteration 16350: max relative diff=1.46618405302e-06, 1426.37 sec so far
Iteration 16408: max relative diff=1.36865690589e-06, 1431.42 sec so far
Iteration 16466: max relative diff=1.27761703674e-06, 1436.49 sec so far
Iteration 16524: max relative diff=1.19263292936e-06, 1441.55 sec so far
Iteration 16582: max relative diff=1.11330176621e-06, 1446.62 sec so far
Iteration 16640: max relative diff=1.03924752777e-06, 1451.66 sec so far
Iteration 16698: max relative diff=9.70119206135e-07, 1456.71 sec so far
Iteration 16756: max relative diff=9.05589135809e-07, 1461.76 sec so far
Iteration 16814: max relative diff=8.45351456917e-07, 1466.82 sec so far
Iteration 16872: max relative diff=7.89120645706e-07, 1471.88 sec so far
Iteration 16930: max relative diff=7.36630182013e-07, 1476.93 sec so far
Iteration 16988: max relative diff=6.87631257763e-07, 1481.98 sec so far
Iteration 17046: max relative diff=6.41891629543e-07, 1487.05 sec so far
Iteration 17104: max relative diff=5.99194494832e-07, 1492.10 sec so far
Iteration 17162: max relative diff=5.59337473444e-07, 1497.16 sec so far
Iteration 17220: max relative diff=5.22131648487e-07, 1502.24 sec so far
Iteration 17278: max relative diff=4.87400667647e-07, 1507.30 sec so far
Iteration 17336: max relative diff=4.54979911106e-07, 1512.36 sec so far
Iteration 17393: max relative diff=4.25220050752e-07, 1517.36 sec so far
Iteration 17451: max relative diff=3.96935404305e-07, 1522.45 sec so far
Iteration 17508: max relative diff=3.70972186698e-07, 1527.45 sec so far
Iteration 17566: max relative diff=3.46295981352e-07, 1532.53 sec so far
Iteration 17624: max relative diff=3.23261180729e-07, 1537.61 sec so far
Iteration 17682: max relative diff=3.01758599026e-07, 1542.70 sec so far
Iteration 17740: max relative diff=2.81686319753e-07, 1547.77 sec so far
Iteration 17798: max relative diff=2.62949203762e-07, 1552.84 sec so far
Iteration 17856: max relative diff=2.45458435578e-07, 1557.92 sec so far
Iteration 17914: max relative diff=2.29131111602e-07, 1562.99 sec so far
Iteration 17972: max relative diff=2.13889843356e-07, 1568.06 sec so far
Iteration 18030: max relative diff=1.99662390013e-07, 1573.13 sec so far
Iteration 18087: max relative diff=1.8660264035e-07, 1578.13 sec so far
Iteration 18144: max relative diff=1.74397115899e-07, 1583.14 sec so far
Iteration 18202: max relative diff=1.62796626342e-07, 1588.21 sec so far
Iteration 18260: max relative diff=1.51967773338e-07, 1593.27 sec so far
Iteration 18317: max relative diff=1.42027686206e-07, 1598.27 sec so far
Iteration 18374: max relative diff=1.3273777241e-07, 1603.29 sec so far
Iteration 18432: max relative diff=1.23908364514e-07, 1608.37 sec so far
Iteration 18490: max relative diff=1.15666268202e-07, 1613.44 sec so far
Iteration 18548: max relative diff=1.07972418886e-07, 1618.53 sec so far
Iteration 18606: max relative diff=1.00790343592e-07, 1623.61 sec so far
Iteration 18663: max relative diff=9.41977321896e-08, 1628.62 sec so far
Iteration 18721: max relative diff=8.79319186189e-08, 1633.69 sec so far
Iteration 18779: max relative diff=8.20828913701e-08, 1638.77 sec so far
Iteration 18837: max relative diff=7.66229304945e-08, 1643.84 sec so far
Iteration 18895: max relative diff=7.15261523198e-08, 1648.92 sec so far
Iteration 18952: max relative diff=6.68476838568e-08, 1653.92 sec so far
Iteration 19010: max relative diff=6.24011330592e-08, 1658.99 sec so far
Iteration 19068: max relative diff=5.82503554758e-08, 1664.08 sec so far
Iteration 19126: max relative diff=5.43756778301e-08, 1669.15 sec so far
Iteration 19184: max relative diff=5.0758733527e-08, 1674.21 sec so far
Iteration 19242: max relative diff=4.73823786508e-08, 1679.28 sec so far
Iteration 19300: max relative diff=4.42306149403e-08, 1684.34 sec so far
Iteration 19358: max relative diff=4.12884970318e-08, 1689.41 sec so far
Iteration 19416: max relative diff=3.85420830694e-08, 1694.47 sec so far
Iteration 19474: max relative diff=3.59783537136e-08, 1699.53 sec so far
Iteration 19532: max relative diff=3.35851574167e-08, 1704.61 sec so far
Iteration 19590: max relative diff=3.13511521413e-08, 1709.68 sec so far
Iteration 19648: max relative diff=2.92657451634e-08, 1714.74 sec so far
Iteration 19706: max relative diff=2.73190550394e-08, 1719.80 sec so far
Iteration 19764: max relative diff=2.55018582491e-08, 1724.87 sec so far
Iteration 19822: max relative diff=2.38055318726e-08, 1729.94 sec so far
Iteration 19880: max relative diff=2.22220441501e-08, 1735.02 sec so far
Iteration 19938: max relative diff=2.07438852554e-08, 1740.08 sec so far
Iteration 19996: max relative diff=1.93640507419e-08, 1745.15 sec so far
Iteration 20054: max relative diff=1.80759991313e-08, 1750.20 sec so far
Iteration 20112: max relative diff=1.6873624825e-08, 1755.26 sec so far
Iteration 20170: max relative diff=1.57512311522e-08, 1760.32 sec so far
Iteration 20228: max relative diff=1.47034968515e-08, 1765.39 sec so far
Iteration 20286: max relative diff=1.37254540438e-08, 1770.46 sec so far
Iteration 20344: max relative diff=1.28124682587e-08, 1775.53 sec so far
Iteration 20402: max relative diff=1.196021285e-08, 1780.62 sec so far
Iteration 20460: max relative diff=1.11646460123e-08, 1785.69 sec so far
Iteration 20518: max relative diff=1.0421999288e-08, 1790.75 sec so far
Max relative diff between upper and lower bound on convergence: 9.99796622763e-09
Interval iteration (max, with Gauss-Seidel) took 20553 iterations, 1286986109760 MV-multiplications and 1793.818 seconds.
Probabilistic reachability took 1796.6 seconds.

Value in the initial state: 0.02534023248115188

Time for model checking: 1796.606 seconds.

Result: 0.02534023248115188 (value in the initial state)

