PRISM
=====

Version: 4.4.beta
Date: Fri Jan 12 20:05:44 IRST 2018
Hostname: astek.hpc.vru.ac.ir
Memory limits: cudd=1g, java(heap)=65.1g
Command line: prism ../examples/nonsparse/dns2.nm ../examples/nonsparse/qq.pctl -s -improvedmodpoliter -javamaxmem 75000m -maxiters 500000

Parsing model file "../examples/nonsparse/dns2.nm"...

Parsing properties file "../examples/nonsparse/qq.pctl"...

1 property:
(1) Pmax=? [ "PP" U "QQ" ]

Type:        MDP
Modules:     m1 m2 m3 
Variables:   s1 s2 s3 

---------------------------------------------------------------------

Model checking: Pmax=? [ "PP" U "QQ" ]

Building model...

Computing reachable states...

Reachability (BFS): 4 iterations in 0.02 seconds (average 0.004000, setup 0.00)

Time for model construction: 0.601 seconds.

Type:        MDP
States:      30080 (1 initial)
Transitions: 32413236
Choices:     150400

Transition matrix: 304706 nodes (14952 terminal), 32413236 minterms, vars: 16r/16c/4nd

Prob0A: 4 iterations in 0.03 seconds (average 0.006500, setup 0.00)

Prob1E: 10 iterations in 0.04 seconds (average 0.004500, setup 0.00)

yes = 1, no = 1035, maybe = 29044

Computing remaining probabilities...
Engine: Sparse

Building sparse matrix (FOR POLICY ITERASION)... [n=30080, nc=145220, nnz=31308960, k=5] [359.0 MB]
Creating vector for yes...[235.0 KB]
Allocating iteration vectors... [2 x 235.0 KB]
TOTAL: [359.7 MB]

Starting iterations...
Iteration 991: max relative diff=0.011750, 6.30 sec so far
Iteration 1803: max relative diff=0.001096, 11.51 sec so far
Iteration 2615: max relative diff=0.000338, 16.79 sec so far
Iteration 3427: max relative diff=0.000085, 21.96 sec so far
Iteration 4239: max relative diff=0.000029, 27.19 sec so far
Iteration 5051: max relative diff=0.000012, 32.33 sec so far
Iteration 5863: max relative diff=0.000005, 37.51 sec so far
Iteration 6675: max relative diff=0.000002, 42.64 sec so far
Iteration 7487: max relative diff=0.000001, 47.79 sec so far

Iterative method: 7487 iterations in 47.79 seconds (average 0.006383, setup 2.66)


Number of scallar multiplications: 33852M 

Value in the initial state: 0.025331687514399306

Time for model checking: 50.646 seconds.

Result: 0.025331687514399306 (value in the initial state)

