PRISM
=====

Version: 4.4.beta
Date: Thu Jan 25 16:01:15 IRST 2018
Hostname: astek.hpc.vru.ac.ir
Memory limits: cudd=1g, java(heap)=65.1g
Command line: prism ../examples/nonsparse/dns3.nm ../examples/nonsparse/qq.pctl -s -improvedmodpoliter2 -javamaxmem 75000m -maxiters 500000

Parsing model file "../examples/nonsparse/dns3.nm"...

Parsing properties file "../examples/nonsparse/qq.pctl"...

1 property:
(1) Pmax=? [ "PP" U "QQ" ]

Type:        MDP
Modules:     m1 m2 m3 m4 
Variables:   s1 s2 s3 s4 

---------------------------------------------------------------------

Model checking: Pmax=? [ "PP" U "QQ" ]

Building model...

Computing reachable states...

Reachability (BFS): 3 iterations in 0.00 seconds (average 0.000000, setup 0.00)

Time for model construction: 0.047 seconds.

Type:        MDP
States:      4096 (1 initial)
Transitions: 18056130
Choices:     9216

Transition matrix: 93031 nodes (6770 terminal), 18056130 minterms, vars: 12r/12c/3nd

Prob0A: 2 iterations in 0.00 seconds (average 0.000500, setup 0.00)

Prob1E: 4 iterations in 0.00 seconds (average 0.000000, setup 0.00)

yes = 2, no = 20, maybe = 4074

Computing remaining probabilities...
Engine: Sparse

Building sparse matrix (FOR POLICY ITERASION)... [n=4096, nc=9152, nnz=17910089, k=4] [205.0 MB]
Creating vector for yes...[32.0 KB]
Allocating iteration vectors... [2 x 32.0 KB]
TOTAL: [205.1 MB]

Starting iterations...
Iteration 2121: max relative diff=0.000549, 5.17 sec so far
Iteration 4242: max relative diff=0.000039, 10.34 sec so far
Iteration 6363: max relative diff=0.000003, 15.59 sec so far

Iterative method: 7201 iterations in 17.78 seconds (average 0.002469, setup 1.02)


Number of scallar multiplications: 12243M 

Value in the initial state: 0.1730343919653859

Time for model checking: 19.066 seconds.

Result: 0.1730343919653859 (value in the initial state)

