PRISM
=====

Version: 4.4.beta
Date: Mon Jan 22 16:40:28 IRST 2018
Hostname: astek.hpc.vru.ac.ir
Memory limits: cudd=1g, java(heap)=981.5m
Command line: prism ../examples/nonsparse/dns3.nm ../examples/nonsparse/qq.pctl -s -gs -maxiters 500000

Parsing model file "../examples/nonsparse/dns3.nm"...

Parsing properties file "../examples/nonsparse/qq.pctl"...

1 property:
(1) Pmax=? [ "PP" U "QQ" ]

Type:        MDP
Modules:     m1 m2 m3 m4 
Variables:   s1 s2 s3 s4 

---------------------------------------------------------------------

Model checking: Pmax=? [ "PP" U "QQ" ]

Building model...

Computing reachable states...

Reachability (BFS): 3 iterations in 0.00 seconds (average 0.000000, setup 0.00)

Time for model construction: 0.05 seconds.

Type:        MDP
States:      4096 (1 initial)
Transitions: 18056130
Choices:     9216

Transition matrix: 93031 nodes (6770 terminal), 18056130 minterms, vars: 12r/12c/3nd

Prob0A: 2 iterations in 0.00 seconds (average 0.000000, setup 0.00)

Prob1E: 4 iterations in 0.00 seconds (average 0.000000, setup 0.00)

yes = 2, no = 20, maybe = 4074

Computing remaining probabilities...
Engine: Sparse

Building sparse matrix(FOR GS)... [n=4096, nc=9152, nnz=17910089, k=4] [205.0 MB]
Creating vector for yes...[32.0 KB]
Allocating iteration vectors... [2 x 32.0 KB]
TOTAL: [205.1 MB]

Starting iterations...
Iteration 210: max relative diff=0.003556, 5.01 sec so far
Iteration 420: max relative diff=0.001333, 10.02 sec so far
Iteration 634: max relative diff=0.000647, 15.04 sec so far
Iteration 846: max relative diff=0.000351, 20.04 sec so far
Iteration 1058: max relative diff=0.000199, 25.06 sec so far
Iteration 1273: max relative diff=0.000115, 30.07 sec so far
Iteration 1489: max relative diff=0.000068, 35.09 sec so far
Iteration 1705: max relative diff=0.000040, 40.11 sec so far
Iteration 1920: max relative diff=0.000024, 45.12 sec so far
Iteration 2135: max relative diff=0.000014, 50.12 sec so far
Iteration 2351: max relative diff=0.000008, 55.13 sec so far
Iteration 2566: max relative diff=0.000005, 60.14 sec so far
Iteration 2781: max relative diff=0.000003, 65.14 sec so far
Iteration 2996: max relative diff=0.000002, 70.14 sec so far
Iteration 3211: max relative diff=0.000001, 75.14 sec so far

Iterative method: 3250 iterations in 77.11 seconds (average 0.023400, setup 1.06)

Value in the initial state: 0.1729899565312101

Time for model checking: 77.198 seconds.

Result: 0.1729899565312101 (value in the initial state)

