PRISM
=====

Version: 4.4.beta
Date: Thu Jan 25 16:00:42 IRST 2018
Hostname: astek.hpc.vru.ac.ir
Memory limits: cudd=1g, java(heap)=65.1g
Command line: prism ../examples/nonsparse/dns3.nm ../examples/nonsparse/qq.pctl -s -improvedmodpoliter -javamaxmem 75000m -maxiters 500000

Parsing model file "../examples/nonsparse/dns3.nm"...

Parsing properties file "../examples/nonsparse/qq.pctl"...

1 property:
(1) Pmax=? [ "PP" U "QQ" ]

Type:        MDP
Modules:     m1 m2 m3 m4 
Variables:   s1 s2 s3 s4 

---------------------------------------------------------------------

Model checking: Pmax=? [ "PP" U "QQ" ]

Building model...

Computing reachable states...

Reachability (BFS): 3 iterations in 0.00 seconds (average 0.000000, setup 0.00)

Time for model construction: 0.053 seconds.

Type:        MDP
States:      4096 (1 initial)
Transitions: 18056130
Choices:     9216

Transition matrix: 93031 nodes (6770 terminal), 18056130 minterms, vars: 12r/12c/3nd

Prob0A: 2 iterations in 0.00 seconds (average 0.000500, setup 0.00)

Prob1E: 4 iterations in 0.00 seconds (average 0.000000, setup 0.00)

yes = 2, no = 20, maybe = 4074

Computing remaining probabilities...
Engine: Sparse

Building sparse matrix (FOR POLICY ITERASION)... [n=4096, nc=9152, nnz=17910089, k=4] [205.0 MB]
Creating vector for yes...[32.0 KB]
Allocating iteration vectors... [2 x 32.0 KB]
TOTAL: [205.1 MB]

Starting iterations...
Iteration 812: max relative diff=0.002122, 5.08 sec so far
Iteration 1624: max relative diff=0.000332, 10.15 sec so far
Iteration 2436: max relative diff=0.000071, 15.23 sec so far
Iteration 3248: max relative diff=0.000016, 20.34 sec so far
Iteration 4060: max relative diff=0.000004, 25.42 sec so far
Iteration 4872: max relative diff=0.000001, 30.51 sec so far

Iterative method: 4872 iterations in 30.51 seconds (average 0.006263, setup 1.04)


Number of scallar multiplications: 24660M 

Value in the initial state: 0.17302161946485195

Time for model checking: 31.607 seconds.

Result: 0.17302161946485195 (value in the initial state)

