PRISM
=====

Version: 4.4.beta
Date: Wed Jan 10 06:21:20 IRST 2018
Hostname: astek.hpc.vru.ac.ir
Memory limits: cudd=1g, java(heap)=65.1g
Command line: prism ../examples/nonsparse/dns3.nm ../examples/nonsparse/qq.pctl -ex -gs -javamaxmem 75000m -maxiters 500000

Parsing model file "../examples/nonsparse/dns3.nm"...

Parsing properties file "../examples/nonsparse/qq.pctl"...

1 property:
(1) Pmax=? [ "PP" U "QQ" ]

Type:        MDP
Modules:     m1 m2 m3 m4 
Variables:   s1 s2 s3 s4 

---------------------------------------------------------------------

Model checking: Pmax=? [ "PP" U "QQ" ]

Building model...

Computing reachable states... 908 1927 3078 3853 3963 4096 states
Reachable states exploration and model construction done in 16.946 secs.
Sorting reachable states list...

Time for model construction: 19.566 seconds.

Type:        MDP
States:      4096 (1 initial)
Transitions: 18056130
Choices:     9216
Max/avg:     4/2.25

Starting probabilistic reachability (max)...
Starting Prob0 (max)...
Prob0 (max) took 2 iterations and 0.048 seconds.
Starting Prob1 (max)...
Prob1 (max) took 4 iterations and 0.104 seconds.
target=2, yes=2, no=20, maybe=4074
Starting value iteration (max, with Gauss-Seidel)...
Iteration 198: 5.01 sec so far
Iteration 399: 10.02 sec so far
Iteration 601: 15.02 sec so far
Iteration 803: 20.03 sec so far
Iteration 1006: 25.05 sec so far
Iteration 1208: 30.07 sec so far
Iteration 1411: 35.09 sec so far
Iteration 1617: 40.11 sec so far
Iteration 1825: 45.12 sec so far
Iteration 2034: 50.14 sec so far
Iteration 2244: 55.16 sec so far
Iteration 2454: 60.16 sec so far
Iteration 2664: 65.19 sec so far
Iteration 2874: 70.20 sec so far
Iteration 3083: 75.22 sec so far
Value iteration (max, with Gauss-Seidel) took 3250 iterations, 58207789250 MV-multiplications and 79.234 seconds.
Probabilistic reachability took 79.39 seconds.

Value in the initial state: 0.1729899565312165

Time for model checking: 79.393 seconds.

Result: 0.1729899565312165 (value in the initial state)

