PRISM
=====

Version: 4.4.beta
Date: Wed Jan 10 06:25:46 IRST 2018
Hostname: astek.hpc.vru.ac.ir
Memory limits: cudd=1g, java(heap)=65.1g
Command line: prism ../examples/nonsparse/dns3.nm ../examples/nonsparse/qq.pctl -ex -gs -javamaxmem 75000m -topological -maxiters 500000

Parsing model file "../examples/nonsparse/dns3.nm"...

Parsing properties file "../examples/nonsparse/qq.pctl"...

1 property:
(1) Pmax=? [ "PP" U "QQ" ]

Type:        MDP
Modules:     m1 m2 m3 m4 
Variables:   s1 s2 s3 s4 

---------------------------------------------------------------------

Model checking: Pmax=? [ "PP" U "QQ" ]

Building model...

Computing reachable states... 926 1933 3121 3898 3967 4096 states
Reachable states exploration and model construction done in 16.898 secs.
Sorting reachable states list...

Time for model construction: 19.484 seconds.

Type:        MDP
States:      4096 (1 initial)
Transitions: 18056130
Choices:     9216
Max/avg:     4/2.25

Starting probabilistic reachability (max)...
Starting Prob0 (max)...
Prob0 (max) took 2 iterations and 0.042 seconds.
Starting Prob1 (max)...
Prob1 (max) took 4 iterations and 0.103 seconds.
target=2, yes=2, no=20, maybe=4074
Starting value iteration (max, topological, with Gauss-Seidel)...
Iteration 196: Iteration 196 in SCC 1 of 1, 5.02 sec so far
Iteration 394: Iteration 394 in SCC 1 of 1, 10.03 sec so far
Iteration 590: Iteration 590 in SCC 1 of 1, 15.04 sec so far
Iteration 789: Iteration 789 in SCC 1 of 1, 20.06 sec so far
Iteration 987: Iteration 987 in SCC 1 of 1, 25.06 sec so far
Iteration 1187: Iteration 1187 in SCC 1 of 1, 30.08 sec so far
Iteration 1384: Iteration 1384 in SCC 1 of 1, 35.10 sec so far
Iteration 1583: Iteration 1583 in SCC 1 of 1, 40.13 sec so far
Iteration 1781: Iteration 1781 in SCC 1 of 1, 45.13 sec so far
Iteration 1978: Iteration 1978 in SCC 1 of 1, 50.15 sec so far
Iteration 2176: Iteration 2176 in SCC 1 of 1, 55.16 sec so far
Iteration 2370: Iteration 2370 in SCC 1 of 1, 60.16 sec so far
Iteration 2563: Iteration 2563 in SCC 1 of 1, 65.16 sec so far
Iteration 2760: Iteration 2760 in SCC 1 of 1, 70.18 sec so far
Value iteration (max, topological, with Gauss-Seidel, with 1 non-singleton SCCs) took 2953 iterations, 52888492817 MV-multiplications and 75.666 seconds.
Probabilistic reachability took 75.815 seconds.

Value in the initial state: 0.17299751556513124

Time for model checking: 75.818 seconds.

Result: 0.17299751556513124 (value in the initial state)

