PRISM
=====

Version: 4.4.beta
Date: Wed Jan 10 07:48:34 IRST 2018
Hostname: astek.hpc.vru.ac.ir
Memory limits: cudd=1g, java(heap)=65.1g
Command line: prism ../examples/nonsparse/dns4.nm ../examples/nonsparse/qq.pctl -ex -modpoliter -javamaxmem 75000m -maxiters 500000

Parsing model file "../examples/nonsparse/dns4.nm"...

Parsing properties file "../examples/nonsparse/qq.pctl"...

1 property:
(1) Pmax=? [ "PP" U "QQ" ]

Type:        MDP
Modules:     m1 m2 m3 m4 m5 
Variables:   s1 s2 s3 s4 s5 

---------------------------------------------------------------------

Model checking: Pmax=? [ "PP" U "QQ" ]

Building model...

Computing reachable states... 498 1074 1709 2354 2442 3095 3702 4354 4926 5616 5803 6486 7174 7731 8307 8615 8999 9216 states
Reachable states exploration and model construction done in 57.301 secs.
Sorting reachable states list...

Time for model construction: 74.815 seconds.

Type:        MDP
States:      9216 (1 initial)
Transitions: 64159244
Choices:     20480
Max/avg:     4/2.22

Starting probabilistic reachability (max)...
Starting Prob0 (max)...
Prob0 (max) took 3 iterations and 0.144 seconds.
Starting Prob1 (max)...
Prob1 (max) took 8 iterations and 0.788 seconds.
target=8, yes=8, no=8, maybe=9200
Starting modified policy iteration (max)...
Modified policy iteration took 252 cycles (25110 iterations in total) and 1007.565 seconds.
Probabilistic reachability took 1008.499 seconds.

Value in the initial state: 0.42967826504915185

Time for model checking: 1008.503 seconds.

Result: 0.42967826504915185 (value in the initial state)

