PRISM
=====

Version: 4.4.beta
Date: Wed Jan 10 06:30:46 IRST 2018
Hostname: astek.hpc.vru.ac.ir
Memory limits: cudd=1g, java(heap)=65.1g
Command line: prism ../examples/nonsparse/dns4.nm ../examples/nonsparse/qq.pctl -ex -gs -javamaxmem 75000m -maxiters 500000

Parsing model file "../examples/nonsparse/dns4.nm"...

Parsing properties file "../examples/nonsparse/qq.pctl"...

1 property:
(1) Pmax=? [ "PP" U "QQ" ]

Type:        MDP
Modules:     m1 m2 m3 m4 m5 
Variables:   s1 s2 s3 s4 s5 

---------------------------------------------------------------------

Model checking: Pmax=? [ "PP" U "QQ" ]

Building model...

Computing reachable states... 458 1045 1585 2226 2438 3059 3655 4283 4841 5482 5890 6561 7224 7764 8316 8633 9003 9216 states
Reachable states exploration and model construction done in 58.359 secs.
Sorting reachable states list...

Time for model construction: 77.642 seconds.

Type:        MDP
States:      9216 (1 initial)
Transitions: 64159244
Choices:     20480
Max/avg:     4/2.22

Starting probabilistic reachability (max)...
Starting Prob0 (max)...
Prob0 (max) took 3 iterations and 0.146 seconds.
Starting Prob1 (max)...
Prob1 (max) took 8 iterations and 0.793 seconds.
target=8, yes=8, no=8, maybe=9200
Starting value iteration (max, with Gauss-Seidel)...
Iteration 55: 5.04 sec so far
Iteration 111: 10.10 sec so far
Iteration 167: 15.18 sec so far
Iteration 223: 20.25 sec so far
Iteration 279: 25.30 sec so far
Iteration 334: 30.33 sec so far
Iteration 390: 35.40 sec so far
Iteration 445: 40.41 sec so far
Iteration 501: 45.44 sec so far
Iteration 557: 50.47 sec so far
Iteration 613: 55.51 sec so far
Iteration 669: 60.58 sec so far
Iteration 725: 65.66 sec so far
Iteration 781: 70.69 sec so far
Iteration 837: 75.73 sec so far
Iteration 893: 80.77 sec so far
Iteration 949: 85.80 sec so far
Iteration 1005: 90.83 sec so far
Iteration 1061: 95.86 sec so far
Iteration 1117: 100.91 sec so far
Iteration 1173: 105.93 sec so far
Iteration 1229: 110.94 sec so far
Iteration 1285: 115.98 sec so far
Iteration 1341: 121.03 sec so far
Iteration 1397: 126.12 sec so far
Iteration 1452: 131.13 sec so far
Iteration 1507: 136.18 sec so far
Iteration 1563: 141.23 sec so far
Iteration 1619: 146.26 sec so far
Iteration 1675: 151.29 sec so far
Iteration 1731: 156.34 sec so far
Iteration 1787: 161.38 sec so far
Iteration 1843: 166.42 sec so far
Iteration 1899: 171.43 sec so far
Iteration 1955: 176.44 sec so far
Iteration 2011: 181.46 sec so far
Iteration 2067: 186.49 sec so far
Iteration 2123: 191.54 sec so far
Iteration 2179: 196.59 sec so far
Iteration 2235: 201.63 sec so far
Iteration 2291: 206.65 sec so far
Iteration 2347: 211.68 sec so far
Iteration 2403: 216.69 sec so far
Iteration 2459: 221.76 sec so far
Iteration 2515: 226.77 sec so far
Iteration 2571: 231.80 sec so far
Iteration 2627: 236.87 sec so far
Iteration 2682: 241.87 sec so far
Iteration 2738: 246.96 sec so far
Iteration 2794: 252.04 sec so far
Iteration 2850: 257.13 sec so far
Iteration 2906: 262.18 sec so far
Iteration 2962: 267.21 sec so far
Iteration 3018: 272.23 sec so far
Iteration 3074: 277.28 sec so far
Iteration 3130: 282.29 sec so far
Iteration 3186: 287.33 sec so far
Iteration 3242: 292.42 sec so far
Iteration 3298: 297.43 sec so far
Iteration 3354: 302.48 sec so far
Iteration 3410: 307.50 sec so far
Iteration 3466: 312.52 sec so far
Iteration 3522: 317.55 sec so far
Iteration 3578: 322.60 sec so far
Iteration 3634: 327.69 sec so far
Iteration 3690: 332.74 sec so far
Iteration 3745: 337.74 sec so far
Iteration 3801: 342.80 sec so far
Iteration 3857: 347.84 sec so far
Iteration 3913: 352.87 sec so far
Iteration 3969: 357.89 sec so far
Iteration 4025: 362.93 sec so far
Iteration 4081: 368.01 sec so far
Iteration 4137: 373.06 sec so far
Iteration 4193: 378.08 sec so far
Iteration 4249: 383.10 sec so far
Iteration 4305: 388.12 sec so far
Iteration 4361: 393.13 sec so far
Iteration 4417: 398.15 sec so far
Iteration 4473: 403.24 sec so far
Iteration 4529: 408.31 sec so far
Iteration 4585: 413.32 sec so far
Iteration 4641: 418.36 sec so far
Iteration 4697: 423.36 sec so far
Iteration 4753: 428.37 sec so far
Iteration 4810: 433.46 sec so far
Iteration 4866: 438.46 sec so far
Iteration 4922: 443.50 sec so far
Iteration 4978: 448.52 sec so far
Iteration 5034: 453.53 sec so far
Iteration 5090: 458.56 sec so far
Iteration 5146: 463.58 sec so far
Iteration 5202: 468.59 sec so far
Iteration 5258: 473.60 sec so far
Iteration 5314: 478.62 sec so far
Iteration 5370: 483.67 sec so far
Iteration 5426: 488.69 sec so far
Iteration 5482: 493.71 sec so far
Iteration 5538: 498.74 sec so far
Iteration 5594: 503.79 sec so far
Iteration 5650: 508.80 sec so far
Iteration 5706: 513.81 sec so far
Iteration 5762: 518.81 sec so far
Iteration 5818: 523.82 sec so far
Iteration 5874: 528.83 sec so far
Iteration 5930: 533.86 sec so far
Iteration 5986: 538.87 sec so far
Iteration 6042: 543.89 sec so far
Iteration 6098: 548.89 sec so far
Iteration 6154: 553.90 sec so far
Iteration 6210: 558.91 sec so far
Iteration 6266: 563.93 sec so far
Iteration 6322: 568.94 sec so far
Iteration 6378: 574.00 sec so far
Iteration 6434: 579.01 sec so far
Iteration 6490: 584.07 sec so far
Iteration 6546: 589.08 sec so far
Iteration 6602: 594.09 sec so far
Iteration 6658: 599.13 sec so far
Iteration 6714: 604.14 sec so far
Iteration 6770: 609.15 sec so far
Iteration 6826: 614.17 sec so far
Iteration 6882: 619.18 sec so far
Iteration 6939: 624.26 sec so far
Iteration 6995: 629.27 sec so far
Iteration 7051: 634.28 sec so far
Iteration 7107: 639.28 sec so far
Iteration 7163: 644.30 sec so far
Iteration 7219: 649.35 sec so far
Iteration 7275: 654.35 sec so far
Iteration 7331: 659.38 sec so far
Iteration 7387: 664.41 sec so far
Iteration 7443: 669.43 sec so far
Iteration 7499: 674.46 sec so far
Iteration 7555: 679.47 sec so far
Iteration 7611: 684.48 sec so far
Iteration 7667: 689.49 sec so far
Iteration 7724: 694.58 sec so far
Iteration 7780: 699.62 sec so far
Iteration 7836: 704.62 sec so far
Iteration 7892: 709.64 sec so far
Iteration 7949: 714.73 sec so far
Iteration 8005: 719.74 sec so far
Iteration 8062: 724.83 sec so far
Iteration 8118: 729.84 sec so far
Iteration 8174: 734.84 sec so far
Iteration 8230: 739.85 sec so far
Iteration 8286: 744.85 sec so far
Iteration 8342: 749.86 sec so far
Iteration 8398: 754.87 sec so far
Iteration 8454: 759.88 sec so far
Iteration 8510: 764.89 sec so far
Iteration 8566: 769.92 sec so far
Iteration 8622: 774.94 sec so far
Iteration 8678: 779.95 sec so far
Iteration 8734: 785.02 sec so far
Iteration 8790: 790.03 sec so far
Iteration 8846: 795.06 sec so far
Iteration 8902: 800.07 sec so far
Iteration 8958: 805.09 sec so far
Iteration 9014: 810.09 sec so far
Iteration 9070: 815.10 sec so far
Iteration 9126: 820.13 sec so far
Iteration 9182: 825.14 sec so far
Iteration 9238: 830.14 sec so far
Iteration 9294: 835.18 sec so far
Iteration 9350: 840.20 sec so far
Iteration 9406: 845.21 sec so far
Iteration 9462: 850.24 sec so far
Iteration 9518: 855.24 sec so far
Iteration 9574: 860.25 sec so far
Iteration 9630: 865.29 sec so far
Iteration 9686: 870.30 sec so far
Iteration 9743: 875.39 sec so far
Iteration 9799: 880.42 sec so far
Iteration 9856: 885.49 sec so far
Iteration 9913: 890.58 sec so far
Iteration 9974: 895.62 sec so far
Iteration 10035: 900.66 sec so far
Iteration 10096: 905.71 sec so far
Iteration 10157: 910.76 sec so far
Iteration 10218: 915.80 sec so far
Iteration 10279: 920.85 sec so far
Iteration 10340: 925.88 sec so far
Iteration 10401: 930.94 sec so far
Iteration 10462: 935.98 sec so far
Iteration 10523: 941.03 sec so far
Iteration 10584: 946.07 sec so far
Iteration 10645: 951.12 sec so far
Iteration 10706: 956.15 sec so far
Iteration 10767: 961.21 sec so far
Iteration 10828: 966.25 sec so far
Iteration 10889: 971.32 sec so far
Iteration 10950: 976.36 sec so far
Iteration 11011: 981.42 sec so far
Iteration 11072: 986.46 sec so far
Iteration 11133: 991.51 sec so far
Iteration 11194: 996.57 sec so far
Iteration 11255: 1001.64 sec so far
Iteration 11316: 1006.68 sec so far
Iteration 11377: 1011.74 sec so far
Iteration 11438: 1016.78 sec so far
Iteration 11499: 1021.84 sec so far
Iteration 11560: 1026.88 sec so far
Iteration 11621: 1031.93 sec so far
Iteration 11682: 1036.98 sec so far
Iteration 11743: 1042.05 sec so far
Iteration 11804: 1047.09 sec so far
Iteration 11865: 1052.15 sec so far
Iteration 11926: 1057.20 sec so far
Iteration 11987: 1062.27 sec so far
Iteration 12048: 1067.32 sec so far
Iteration 12109: 1072.38 sec so far
Iteration 12170: 1077.43 sec so far
Iteration 12231: 1082.51 sec so far
Iteration 12292: 1087.57 sec so far
Iteration 12353: 1092.63 sec so far
Iteration 12414: 1097.68 sec so far
Iteration 12475: 1102.75 sec so far
Iteration 12536: 1107.81 sec so far
Iteration 12597: 1112.88 sec so far
Iteration 12658: 1117.92 sec so far
Iteration 12719: 1122.99 sec so far
Iteration 12780: 1128.05 sec so far
Iteration 12841: 1133.11 sec so far
Iteration 12902: 1138.16 sec so far
Iteration 12963: 1143.22 sec so far
Iteration 13024: 1148.28 sec so far
Iteration 13085: 1153.33 sec so far
Iteration 13146: 1158.38 sec so far
Iteration 13207: 1163.44 sec so far
Iteration 13268: 1168.49 sec so far
Iteration 13329: 1173.55 sec so far
Iteration 13390: 1178.61 sec so far
Iteration 13451: 1183.67 sec so far
Iteration 13512: 1188.71 sec so far
Iteration 13573: 1193.78 sec so far
Iteration 13634: 1198.84 sec so far
Iteration 13695: 1203.90 sec so far
Iteration 13756: 1208.95 sec so far
Iteration 13817: 1214.01 sec so far
Iteration 13878: 1219.07 sec so far
Iteration 13939: 1224.14 sec so far
Iteration 14000: 1229.20 sec so far
Iteration 14061: 1234.26 sec so far
Iteration 14122: 1239.30 sec so far
Iteration 14183: 1244.35 sec so far
Iteration 14244: 1249.40 sec so far
Iteration 14305: 1254.45 sec so far
Iteration 14366: 1259.51 sec so far
Iteration 14427: 1264.56 sec so far
Iteration 14488: 1269.62 sec so far
Iteration 14549: 1274.69 sec so far
Iteration 14610: 1279.73 sec so far
Iteration 14671: 1284.79 sec so far
Iteration 14732: 1289.85 sec so far
Iteration 14793: 1294.91 sec so far
Iteration 14854: 1299.97 sec so far
Iteration 14915: 1305.04 sec so far
Iteration 14976: 1310.10 sec so far
Iteration 15037: 1315.17 sec so far
Iteration 15098: 1320.25 sec so far
Iteration 15159: 1325.32 sec so far
Iteration 15220: 1330.37 sec so far
Iteration 15281: 1335.43 sec so far
Iteration 15342: 1340.49 sec so far
Iteration 15403: 1345.56 sec so far
Iteration 15464: 1350.63 sec so far
Iteration 15525: 1355.69 sec so far
Iteration 15586: 1360.75 sec so far
Iteration 15647: 1365.81 sec so far
Iteration 15708: 1370.87 sec so far
Iteration 15769: 1375.92 sec so far
Iteration 15830: 1380.98 sec so far
Iteration 15891: 1386.04 sec so far
Iteration 15952: 1391.11 sec so far
Iteration 16013: 1396.16 sec so far
Iteration 16074: 1401.21 sec so far
Iteration 16135: 1406.27 sec so far
Iteration 16196: 1411.33 sec so far
Iteration 16257: 1416.39 sec so far
Iteration 16318: 1421.45 sec so far
Iteration 16379: 1426.51 sec so far
Iteration 16440: 1431.56 sec so far
Iteration 16501: 1436.62 sec so far
Iteration 16562: 1441.67 sec so far
Iteration 16623: 1446.72 sec so far
Iteration 16684: 1451.78 sec so far
Iteration 16745: 1456.84 sec so far
Iteration 16806: 1461.89 sec so far
Iteration 16867: 1466.94 sec so far
Iteration 16928: 1472.00 sec so far
Iteration 16989: 1477.05 sec so far
Iteration 17050: 1482.11 sec so far
Iteration 17111: 1487.16 sec so far
Iteration 17172: 1492.22 sec so far
Iteration 17233: 1497.28 sec so far
Iteration 17294: 1502.34 sec so far
Iteration 17355: 1507.39 sec so far
Iteration 17416: 1512.45 sec so far
Iteration 17477: 1517.50 sec so far
Iteration 17538: 1522.56 sec so far
Iteration 17599: 1527.61 sec so far
Iteration 17660: 1532.67 sec so far
Iteration 17721: 1537.73 sec so far
Iteration 17782: 1542.79 sec so far
Iteration 17843: 1547.84 sec so far
Iteration 17904: 1552.90 sec so far
Iteration 17965: 1557.95 sec so far
Iteration 18026: 1563.01 sec so far
Iteration 18087: 1568.05 sec so far
Iteration 18148: 1573.11 sec so far
Iteration 18209: 1578.15 sec so far
Iteration 18270: 1583.21 sec so far
Iteration 18331: 1588.27 sec so far
Iteration 18392: 1593.34 sec so far
Iteration 18453: 1598.39 sec so far
Iteration 18513: 1603.39 sec so far
Iteration 18574: 1608.45 sec so far
Iteration 18635: 1613.53 sec so far
Iteration 18696: 1618.58 sec so far
Iteration 18757: 1623.63 sec so far
Iteration 18818: 1628.68 sec so far
Iteration 18879: 1633.74 sec so far
Iteration 18940: 1638.79 sec so far
Iteration 19001: 1643.86 sec so far
Iteration 19062: 1648.90 sec so far
Iteration 19123: 1653.97 sec so far
Iteration 19184: 1659.01 sec so far
Iteration 19245: 1664.08 sec so far
Iteration 19306: 1669.13 sec so far
Iteration 19367: 1674.19 sec so far
Iteration 19428: 1679.25 sec so far
Iteration 19489: 1684.31 sec so far
Iteration 19550: 1689.37 sec so far
Iteration 19611: 1694.43 sec so far
Iteration 19672: 1699.49 sec so far
Iteration 19733: 1704.57 sec so far
Iteration 19794: 1709.64 sec so far
Iteration 19855: 1714.71 sec so far
Iteration 19916: 1719.77 sec so far
Iteration 19977: 1724.84 sec so far
Iteration 20038: 1729.89 sec so far
Iteration 20099: 1734.95 sec so far
Iteration 20160: 1740.02 sec so far
Iteration 20221: 1745.08 sec so far
Iteration 20282: 1750.14 sec so far
Iteration 20343: 1755.20 sec so far
Iteration 20404: 1760.26 sec so far
Iteration 20465: 1765.32 sec so far
Iteration 20526: 1770.39 sec so far
Iteration 20587: 1775.46 sec so far
Iteration 20648: 1780.52 sec so far
Iteration 20709: 1785.58 sec so far
Iteration 20770: 1790.62 sec so far
Iteration 20831: 1795.68 sec so far
Iteration 20892: 1800.74 sec so far
Iteration 20953: 1805.80 sec so far
Iteration 21014: 1810.85 sec so far
Iteration 21075: 1815.91 sec so far
Iteration 21136: 1820.97 sec so far
Iteration 21197: 1826.03 sec so far
Iteration 21258: 1831.09 sec so far
Iteration 21319: 1836.15 sec so far
Iteration 21380: 1841.20 sec so far
Iteration 21441: 1846.27 sec so far
Iteration 21502: 1851.33 sec so far
Iteration 21563: 1856.38 sec so far
Iteration 21624: 1861.45 sec so far
Iteration 21685: 1866.52 sec so far
Iteration 21746: 1871.58 sec so far
Iteration 21807: 1876.64 sec so far
Iteration 21868: 1881.70 sec so far
Iteration 21929: 1886.75 sec so far
Iteration 21990: 1891.81 sec so far
Iteration 22051: 1896.88 sec so far
Iteration 22112: 1901.94 sec so far
Iteration 22172: 1906.94 sec so far
Iteration 22233: 1912.00 sec so far
Iteration 22294: 1917.06 sec so far
Iteration 22355: 1922.12 sec so far
Iteration 22416: 1927.18 sec so far
Iteration 22477: 1932.24 sec so far
Iteration 22538: 1937.30 sec so far
Iteration 22599: 1942.36 sec so far
Iteration 22660: 1947.42 sec so far
Iteration 22721: 1952.48 sec so far
Iteration 22782: 1957.54 sec so far
Iteration 22843: 1962.59 sec so far
Iteration 22903: 1967.60 sec so far
Iteration 22964: 1972.68 sec so far
Iteration 23025: 1977.75 sec so far
Iteration 23086: 1982.83 sec so far
Iteration 23147: 1987.89 sec so far
Iteration 23208: 1992.97 sec so far
Iteration 23269: 1998.04 sec so far
Iteration 23330: 2003.10 sec so far
Iteration 23391: 2008.17 sec so far
Iteration 23452: 2013.25 sec so far
Iteration 23513: 2018.32 sec so far
Iteration 23574: 2023.38 sec so far
Iteration 23635: 2028.45 sec so far
Iteration 23695: 2033.45 sec so far
Iteration 23755: 2038.46 sec so far
Iteration 23815: 2043.46 sec so far
Iteration 23876: 2048.54 sec so far
Iteration 23937: 2053.61 sec so far
Iteration 23998: 2058.68 sec so far
Iteration 24059: 2063.76 sec so far
Iteration 24120: 2068.84 sec so far
Iteration 24180: 2073.84 sec so far
Iteration 24241: 2078.92 sec so far
Iteration 24302: 2084.00 sec so far
Iteration 24363: 2089.07 sec so far
Iteration 24424: 2094.15 sec so far
Iteration 24485: 2099.21 sec so far
Iteration 24546: 2104.29 sec so far
Iteration 24607: 2109.37 sec so far
Iteration 24667: 2114.38 sec so far
Iteration 24728: 2119.46 sec so far
Value iteration (max, with Gauss-Seidel) took 24780 iterations, 1587953843280 MV-multiplications and 2123.798 seconds.
Probabilistic reachability took 2124.74 seconds.

Value in the initial state: 0.4296783922787203

Time for model checking: 2124.745 seconds.

Result: 0.4296783922787203 (value in the initial state)

