PRISM
=====

Version: 4.4.beta
Date: Wed Jan 10 07:07:29 IRST 2018
Hostname: astek.hpc.vru.ac.ir
Memory limits: cudd=1g, java(heap)=65.1g
Command line: prism ../examples/nonsparse/dns4.nm ../examples/nonsparse/qq.pctl -ex -politer -javamaxmem 75000m -maxiters 500000

Parsing model file "../examples/nonsparse/dns4.nm"...

Parsing properties file "../examples/nonsparse/qq.pctl"...

1 property:
(1) Pmax=? [ "PP" U "QQ" ]

Type:        MDP
Modules:     m1 m2 m3 m4 m5 
Variables:   s1 s2 s3 s4 s5 

---------------------------------------------------------------------

Model checking: Pmax=? [ "PP" U "QQ" ]

Building model...

Computing reachable states... 475 1071 1684 2324 2445 3090 3694 4336 4909 5604 5770 6456 7141 7716 8302 8618 9006 9216 states
Reachable states exploration and model construction done in 58.421 secs.
Sorting reachable states list...

Time for model construction: 79.389 seconds.

Type:        MDP
States:      9216 (1 initial)
Transitions: 64159244
Choices:     20480
Max/avg:     4/2.22

Starting probabilistic reachability (max)...
Starting Prob0 (max)...
Prob0 (max) took 3 iterations and 0.139 seconds.
Starting Prob1 (max)...
Prob1 (max) took 8 iterations and 0.851 seconds.
target=8, yes=8, no=8, maybe=9200
Starting policy iteration (max)...
Policy iteration took 6 cycles (60410 iterations in total) and 2383.348 seconds.
Probabilistic reachability took 2384.34 seconds.

Value in the initial state: 0.42967797871675145

Time for model checking: 2384.343 seconds.

Result: 0.42967797871675145 (value in the initial state)

