PRISM
=====

Version: 4.4.beta
Date: Thu Jan 25 16:16:24 IRST 2018
Hostname: astek.hpc.vru.ac.ir
Memory limits: cudd=1g, java(heap)=65.1g
Command line: prism ../examples/nonsparse/dns4.nm ../examples/nonsparse/qq.pctl -s -explicitmodpoliter -javamaxmem 75000m -maxiters 500000

Parsing model file "../examples/nonsparse/dns4.nm"...

Parsing properties file "../examples/nonsparse/qq.pctl"...

1 property:
(1) Pmax=? [ "PP" U "QQ" ]

Type:        MDP
Modules:     m1 m2 m3 m4 m5 
Variables:   s1 s2 s3 s4 s5 

---------------------------------------------------------------------

Model checking: Pmax=? [ "PP" U "QQ" ]

Building model...

Computing reachable states...

Reachability (BFS): 3 iterations in 0.00 seconds (average 0.000000, setup 0.00)

Time for model construction: 0.203 seconds.

Type:        MDP
States:      9216 (1 initial)
Transitions: 64159244
Choices:     20480

Transition matrix: 371675 nodes (58181 terminal), 64159244 minterms, vars: 14r/14c/3nd

Prob0A: 3 iterations in 0.00 seconds (average 0.000333, setup 0.00)

Prob1E: 8 iterations in 0.00 seconds (average 0.000125, setup 0.00)

yes = 8, no = 8, maybe = 9200

Computing remaining probabilities...
Engine: Sparse

Building sparse matrix (FOR POLICY ITERASION)... [n=9216, nc=20440, nnz=64082076, k=4] [733.5 MB]
Creating vector for yes...[72.0 KB]
Allocating iteration vectors... [2 x 72.0 KB]
TOTAL: [733.7 MB]

Starting iterations...
Iteration 202: max relative diff=0.025847, 6.99 sec so far
Iteration 404: max relative diff=0.004167, 14.07 sec so far
Iteration 606: max relative diff=0.002490, 21.09 sec so far
Iteration 808: max relative diff=0.001462, 28.05 sec so far
Iteration 1010: max relative diff=0.000898, 35.00 sec so far
Iteration 1212: max relative diff=0.000896, 42.05 sec so far
Iteration 1414: max relative diff=0.000547, 49.06 sec so far
Iteration 1616: max relative diff=0.000478, 56.11 sec so far
Iteration 1818: max relative diff=0.000452, 63.07 sec so far
Iteration 2020: max relative diff=0.000331, 70.02 sec so far
Iteration 2222: max relative diff=0.000292, 76.95 sec so far
Iteration 2424: max relative diff=0.000407, 83.87 sec so far
Iteration 2626: max relative diff=0.000223, 90.79 sec so far
Iteration 2828: max relative diff=0.000202, 97.71 sec so far
Iteration 3030: max relative diff=0.000181, 104.61 sec so far
Iteration 3232: max relative diff=0.000177, 111.51 sec so far
Iteration 3434: max relative diff=0.000150, 118.41 sec so far
Iteration 3636: max relative diff=0.000138, 125.31 sec so far
Iteration 3838: max relative diff=0.000173, 132.26 sec so far
Iteration 4040: max relative diff=0.000165, 139.13 sec so far
Iteration 4242: max relative diff=0.000115, 146.01 sec so far
Iteration 4444: max relative diff=0.000148, 152.90 sec so far
Iteration 4646: max relative diff=0.000108, 159.79 sec so far
Iteration 4848: max relative diff=0.000088, 166.67 sec so far
Iteration 5050: max relative diff=0.000080, 173.56 sec so far
Iteration 5252: max relative diff=0.000076, 180.43 sec so far
Iteration 5454: max relative diff=0.000071, 187.28 sec so far
Iteration 5656: max relative diff=0.000067, 194.14 sec so far
Iteration 5858: max relative diff=0.000066, 201.01 sec so far
Iteration 6060: max relative diff=0.000059, 207.87 sec so far
Iteration 6262: max relative diff=0.000055, 214.71 sec so far
Iteration 6464: max relative diff=0.000056, 221.57 sec so far
Iteration 6666: max relative diff=0.000049, 228.43 sec so far
Iteration 6868: max relative diff=0.000047, 235.28 sec so far
Iteration 7070: max relative diff=0.000044, 242.12 sec so far
Iteration 7272: max relative diff=0.000041, 248.99 sec so far
Iteration 7474: max relative diff=0.000042, 255.84 sec so far
Iteration 7676: max relative diff=0.000037, 262.70 sec so far
Iteration 7878: max relative diff=0.000036, 269.54 sec so far
Iteration 8080: max relative diff=0.000034, 276.40 sec so far
Iteration 8282: max relative diff=0.000035, 283.24 sec so far
Iteration 8484: max relative diff=0.000031, 290.09 sec so far
Iteration 8686: max relative diff=0.000034, 296.95 sec so far
Iteration 8888: max relative diff=0.000028, 303.80 sec so far
Iteration 9090: max relative diff=0.000026, 310.52 sec so far
Iteration 9292: max relative diff=0.000031, 317.12 sec so far
Iteration 9494: max relative diff=0.000031, 323.73 sec so far
Iteration 9696: max relative diff=0.000023, 330.31 sec so far
Iteration 9898: max relative diff=0.000022, 336.89 sec so far
Iteration 10100: max relative diff=0.000024, 343.46 sec so far
Iteration 10302: max relative diff=0.000020, 350.04 sec so far
Iteration 10504: max relative diff=0.000019, 356.68 sec so far
Iteration 10706: max relative diff=0.000018, 363.25 sec so far
Iteration 10908: max relative diff=0.000017, 369.82 sec so far
Iteration 11110: max relative diff=0.000016, 376.38 sec so far
Iteration 11312: max relative diff=0.000016, 382.98 sec so far
Iteration 11514: max relative diff=0.000015, 389.57 sec so far
Iteration 11716: max relative diff=0.000014, 396.15 sec so far
Iteration 11918: max relative diff=0.000014, 402.75 sec so far
Iteration 12120: max relative diff=0.000013, 409.33 sec so far
Iteration 12322: max relative diff=0.000013, 415.91 sec so far
Iteration 12524: max relative diff=0.000012, 422.57 sec so far
Iteration 12726: max relative diff=0.000012, 429.17 sec so far
Iteration 12928: max relative diff=0.000011, 435.75 sec so far
Iteration 13130: max relative diff=0.000011, 442.36 sec so far
Iteration 13332: max relative diff=0.000010, 448.97 sec so far
Iteration 13534: max relative diff=0.000010, 455.60 sec so far
Iteration 13736: max relative diff=0.000009, 462.21 sec so far
Iteration 13938: max relative diff=0.000009, 468.81 sec so far
Iteration 14140: max relative diff=0.000009, 475.42 sec so far
Iteration 14342: max relative diff=0.000008, 482.04 sec so far
Iteration 14544: max relative diff=0.000008, 488.68 sec so far
Iteration 14746: max relative diff=0.000008, 495.27 sec so far
Iteration 14948: max relative diff=0.000007, 501.87 sec so far
Iteration 15150: max relative diff=0.000007, 508.45 sec so far
Iteration 15352: max relative diff=0.000007, 515.04 sec so far
Iteration 15554: max relative diff=0.000006, 521.64 sec so far
Iteration 15756: max relative diff=0.000006, 528.23 sec so far
Iteration 15958: max relative diff=0.000006, 534.80 sec so far
Iteration 16160: max relative diff=0.000006, 541.38 sec so far
Iteration 16362: max relative diff=0.000005, 548.00 sec so far
Iteration 16564: max relative diff=0.000005, 554.57 sec so far
Iteration 16766: max relative diff=0.000005, 561.17 sec so far
Iteration 16968: max relative diff=0.000005, 567.75 sec so far
Iteration 17170: max relative diff=0.000005, 574.32 sec so far
Iteration 17372: max relative diff=0.000004, 580.90 sec so far
Iteration 17574: max relative diff=0.000004, 587.53 sec so far
Iteration 17776: max relative diff=0.000004, 594.10 sec so far
Iteration 17978: max relative diff=0.000004, 600.68 sec so far
Iteration 18180: max relative diff=0.000004, 607.25 sec so far
Iteration 18382: max relative diff=0.000004, 613.83 sec so far
Iteration 18584: max relative diff=0.000003, 620.41 sec so far
Iteration 18786: max relative diff=0.000003, 627.01 sec so far
Iteration 18988: max relative diff=0.000003, 633.59 sec so far
Iteration 19190: max relative diff=0.000003, 640.22 sec so far
Iteration 19392: max relative diff=0.000003, 646.83 sec so far
Iteration 19594: max relative diff=0.000003, 653.46 sec so far
Iteration 19796: max relative diff=0.000003, 660.08 sec so far
Iteration 19998: max relative diff=0.000003, 666.70 sec so far
Iteration 20200: max relative diff=0.000003, 673.33 sec so far
Iteration 20402: max relative diff=0.000002, 680.01 sec so far
Iteration 20604: max relative diff=0.000002, 686.61 sec so far
Iteration 20806: max relative diff=0.000002, 693.26 sec so far
Iteration 21008: max relative diff=0.000002, 699.92 sec so far
Iteration 21210: max relative diff=0.000002, 706.54 sec so far
Iteration 21412: max relative diff=0.000002, 713.15 sec so far
Iteration 21614: max relative diff=0.000002, 719.74 sec so far
Iteration 21816: max relative diff=0.000002, 726.36 sec so far
Iteration 22018: max relative diff=0.000002, 732.97 sec so far
Iteration 22220: max relative diff=0.000002, 739.58 sec so far
Iteration 22422: max relative diff=0.000002, 746.17 sec so far
Iteration 22624: max relative diff=0.000002, 752.78 sec so far
Iteration 22826: max relative diff=0.000001, 759.43 sec so far
Iteration 23028: max relative diff=0.000001, 766.18 sec so far
Iteration 23230: max relative diff=0.000001, 772.79 sec so far
Iteration 23432: max relative diff=0.000001, 779.40 sec so far
Iteration 23634: max relative diff=0.000001, 786.00 sec so far
Iteration 23836: max relative diff=0.000001, 792.59 sec so far
Iteration 24038: max relative diff=0.000001, 799.24 sec so far
Iteration 24240: max relative diff=0.000001, 805.86 sec so far
Iteration 24442: max relative diff=0.000001, 812.46 sec so far
Iteration 24644: max relative diff=0.000001, 819.03 sec so far
Iteration 24846: max relative diff=0.000001, 825.64 sec so far

Iterative method: 24858 iterations in 826.12 seconds (average 0.033234, setup 3.46)


Number of scallar multiplications: 701974M 

Value in the initial state: 0.4296799064779987

Time for model checking: 829.535 seconds.

Result: 0.4296799064779987 (value in the initial state)

