PRISM
=====

Version: 4.4.beta
Date: Mon Jan 22 16:44:04 IRST 2018
Hostname: astek.hpc.vru.ac.ir
Memory limits: cudd=1g, java(heap)=981.5m
Command line: prism ../examples/nonsparse/dns4.nm ../examples/nonsparse/qq.pctl -s -gs -maxiters 500000

Parsing model file "../examples/nonsparse/dns4.nm"...

Parsing properties file "../examples/nonsparse/qq.pctl"...

1 property:
(1) Pmax=? [ "PP" U "QQ" ]

Type:        MDP
Modules:     m1 m2 m3 m4 m5 
Variables:   s1 s2 s3 s4 s5 

---------------------------------------------------------------------

Model checking: Pmax=? [ "PP" U "QQ" ]

Building model...

Computing reachable states...

Reachability (BFS): 3 iterations in 0.00 seconds (average 0.000000, setup 0.00)

Time for model construction: 0.211 seconds.

Type:        MDP
States:      9216 (1 initial)
Transitions: 64159244
Choices:     20480

Transition matrix: 371675 nodes (58181 terminal), 64159244 minterms, vars: 14r/14c/3nd

Prob0A: 3 iterations in 0.00 seconds (average 0.000333, setup 0.00)

Prob1E: 8 iterations in 0.00 seconds (average 0.000375, setup 0.00)

yes = 8, no = 8, maybe = 9200

Computing remaining probabilities...
Engine: Sparse

Building sparse matrix(FOR GS)... [n=9216, nc=20440, nnz=64082076, k=4] [733.5 MB]
Creating vector for yes...[72.0 KB]
Allocating iteration vectors... [2 x 72.0 KB]
TOTAL: [733.7 MB]

Starting iterations...
Iteration 59: max relative diff=0.017080, 5.03 sec so far
Iteration 118: max relative diff=0.008200, 10.07 sec so far
Iteration 177: max relative diff=0.005318, 15.10 sec so far
Iteration 236: max relative diff=0.003899, 20.12 sec so far
Iteration 295: max relative diff=0.003055, 25.16 sec so far
Iteration 354: max relative diff=0.002496, 30.20 sec so far
Iteration 413: max relative diff=0.002100, 35.23 sec so far
Iteration 472: max relative diff=0.001807, 40.27 sec so far
Iteration 531: max relative diff=0.001581, 45.31 sec so far
Iteration 590: max relative diff=0.001400, 50.34 sec so far
Iteration 649: max relative diff=0.001253, 55.36 sec so far
Iteration 708: max relative diff=0.001131, 60.41 sec so far
Iteration 767: max relative diff=0.001029, 65.44 sec so far
Iteration 826: max relative diff=0.000941, 70.47 sec so far
Iteration 885: max relative diff=0.000866, 75.51 sec so far
Iteration 944: max relative diff=0.000801, 80.55 sec so far
Iteration 1003: max relative diff=0.000743, 85.57 sec so far
Iteration 1062: max relative diff=0.000693, 90.60 sec so far
Iteration 1121: max relative diff=0.000649, 95.63 sec so far
Iteration 1180: max relative diff=0.000609, 100.67 sec so far
Iteration 1239: max relative diff=0.000573, 105.70 sec so far
Iteration 1298: max relative diff=0.000540, 110.74 sec so far
Iteration 1357: max relative diff=0.000510, 115.75 sec so far
Iteration 1416: max relative diff=0.000483, 120.78 sec so far
Iteration 1475: max relative diff=0.000458, 125.82 sec so far
Iteration 1534: max relative diff=0.000435, 130.85 sec so far
Iteration 1593: max relative diff=0.000414, 135.88 sec so far
Iteration 1652: max relative diff=0.000394, 140.91 sec so far
Iteration 1711: max relative diff=0.000376, 145.93 sec so far
Iteration 1770: max relative diff=0.000359, 150.96 sec so far
Iteration 1829: max relative diff=0.000343, 155.99 sec so far
Iteration 1888: max relative diff=0.000329, 161.03 sec so far
Iteration 1947: max relative diff=0.000315, 166.05 sec so far
Iteration 2006: max relative diff=0.000302, 171.08 sec so far
Iteration 2065: max relative diff=0.000290, 176.09 sec so far
Iteration 2124: max relative diff=0.000279, 181.12 sec so far
Iteration 2183: max relative diff=0.000268, 186.15 sec so far
Iteration 2242: max relative diff=0.000258, 191.18 sec so far
Iteration 2301: max relative diff=0.000248, 196.21 sec so far
Iteration 2360: max relative diff=0.000240, 201.25 sec so far
Iteration 2419: max relative diff=0.000232, 206.26 sec so far
Iteration 2478: max relative diff=0.000224, 211.29 sec so far
Iteration 2537: max relative diff=0.000217, 216.32 sec so far
Iteration 2596: max relative diff=0.000210, 221.36 sec so far
Iteration 2655: max relative diff=0.000203, 226.39 sec so far
Iteration 2714: max relative diff=0.000197, 231.43 sec so far
Iteration 2773: max relative diff=0.000191, 236.46 sec so far
Iteration 2832: max relative diff=0.000186, 241.49 sec so far
Iteration 2891: max relative diff=0.000180, 246.53 sec so far
Iteration 2950: max relative diff=0.000175, 251.56 sec so far
Iteration 3009: max relative diff=0.000170, 256.59 sec so far
Iteration 3068: max relative diff=0.000165, 261.62 sec so far
Iteration 3127: max relative diff=0.000161, 266.66 sec so far
Iteration 3186: max relative diff=0.000156, 271.68 sec so far
Iteration 3245: max relative diff=0.000152, 276.71 sec so far
Iteration 3304: max relative diff=0.000148, 281.75 sec so far
Iteration 3363: max relative diff=0.000144, 286.78 sec so far
Iteration 3422: max relative diff=0.000141, 291.82 sec so far
Iteration 3481: max relative diff=0.000137, 296.85 sec so far
Iteration 3540: max relative diff=0.000133, 301.87 sec so far
Iteration 3599: max relative diff=0.000130, 306.90 sec so far
Iteration 3658: max relative diff=0.000127, 311.93 sec so far
Iteration 3717: max relative diff=0.000124, 316.95 sec so far
Iteration 3776: max relative diff=0.000121, 321.98 sec so far
Iteration 3835: max relative diff=0.000118, 327.02 sec so far
Iteration 3894: max relative diff=0.000116, 332.05 sec so far
Iteration 3953: max relative diff=0.000113, 337.08 sec so far
Iteration 4012: max relative diff=0.000110, 342.11 sec so far
Iteration 4071: max relative diff=0.000108, 347.13 sec so far
Iteration 4130: max relative diff=0.000106, 352.16 sec so far
Iteration 4189: max relative diff=0.000103, 357.19 sec so far
Iteration 4248: max relative diff=0.000101, 362.23 sec so far
Iteration 4307: max relative diff=0.000099, 367.25 sec so far
Iteration 4366: max relative diff=0.000097, 372.28 sec so far
Iteration 4425: max relative diff=0.000095, 377.29 sec so far
Iteration 4484: max relative diff=0.000093, 382.32 sec so far
Iteration 4543: max relative diff=0.000091, 387.35 sec so far
Iteration 4602: max relative diff=0.000089, 392.39 sec so far
Iteration 4661: max relative diff=0.000088, 397.42 sec so far
Iteration 4720: max relative diff=0.000086, 402.46 sec so far
Iteration 4779: max relative diff=0.000084, 407.48 sec so far
Iteration 4838: max relative diff=0.000083, 412.51 sec so far
Iteration 4897: max relative diff=0.000081, 417.54 sec so far
Iteration 4956: max relative diff=0.000079, 422.58 sec so far
Iteration 5015: max relative diff=0.000078, 427.61 sec so far
Iteration 5074: max relative diff=0.000076, 432.64 sec so far
Iteration 5133: max relative diff=0.000075, 437.67 sec so far
Iteration 5192: max relative diff=0.000074, 442.69 sec so far
Iteration 5251: max relative diff=0.000072, 447.72 sec so far
Iteration 5310: max relative diff=0.000071, 452.75 sec so far
Iteration 5369: max relative diff=0.000070, 457.79 sec so far
Iteration 5428: max relative diff=0.000068, 462.82 sec so far
Iteration 5487: max relative diff=0.000067, 467.85 sec so far
Iteration 5546: max relative diff=0.000066, 472.87 sec so far
Iteration 5605: max relative diff=0.000065, 477.90 sec so far
Iteration 5664: max relative diff=0.000064, 482.93 sec so far
Iteration 5723: max relative diff=0.000062, 487.96 sec so far
Iteration 5782: max relative diff=0.000061, 492.99 sec so far
Iteration 5841: max relative diff=0.000060, 498.03 sec so far
Iteration 5900: max relative diff=0.000059, 503.04 sec so far
Iteration 5959: max relative diff=0.000058, 508.08 sec so far
Iteration 6018: max relative diff=0.000057, 513.11 sec so far
Iteration 6077: max relative diff=0.000056, 518.14 sec so far
Iteration 6136: max relative diff=0.000055, 523.18 sec so far
Iteration 6195: max relative diff=0.000054, 528.21 sec so far
Iteration 6254: max relative diff=0.000053, 533.23 sec so far
Iteration 6313: max relative diff=0.000052, 538.27 sec so far
Iteration 6372: max relative diff=0.000051, 543.30 sec so far
Iteration 6431: max relative diff=0.000051, 548.34 sec so far
Iteration 6490: max relative diff=0.000050, 553.37 sec so far
Iteration 6549: max relative diff=0.000049, 558.40 sec so far
Iteration 6608: max relative diff=0.000048, 563.42 sec so far
Iteration 6667: max relative diff=0.000047, 568.46 sec so far
Iteration 6726: max relative diff=0.000047, 573.49 sec so far
Iteration 6785: max relative diff=0.000046, 578.52 sec so far
Iteration 6844: max relative diff=0.000045, 583.54 sec so far
Iteration 6903: max relative diff=0.000044, 588.57 sec so far
Iteration 6962: max relative diff=0.000044, 593.60 sec so far
Iteration 7021: max relative diff=0.000043, 598.63 sec so far
Iteration 7080: max relative diff=0.000042, 603.66 sec so far
Iteration 7139: max relative diff=0.000042, 608.70 sec so far
Iteration 7198: max relative diff=0.000041, 613.73 sec so far
Iteration 7257: max relative diff=0.000040, 618.77 sec so far
Iteration 7316: max relative diff=0.000040, 623.80 sec so far
Iteration 7375: max relative diff=0.000039, 628.82 sec so far
Iteration 7434: max relative diff=0.000039, 633.85 sec so far
Iteration 7493: max relative diff=0.000038, 638.88 sec so far
Iteration 7552: max relative diff=0.000037, 643.91 sec so far
Iteration 7611: max relative diff=0.000037, 648.95 sec so far
Iteration 7670: max relative diff=0.000036, 653.98 sec so far
Iteration 7729: max relative diff=0.000036, 659.00 sec so far
Iteration 7788: max relative diff=0.000035, 664.03 sec so far
Iteration 7847: max relative diff=0.000035, 669.07 sec so far
Iteration 7906: max relative diff=0.000034, 674.10 sec so far
Iteration 7965: max relative diff=0.000034, 679.13 sec so far
Iteration 8024: max relative diff=0.000033, 684.16 sec so far
Iteration 8083: max relative diff=0.000033, 689.18 sec so far
Iteration 8142: max relative diff=0.000032, 694.22 sec so far
Iteration 8201: max relative diff=0.000032, 699.25 sec so far
Iteration 8260: max relative diff=0.000031, 704.29 sec so far
Iteration 8319: max relative diff=0.000031, 709.32 sec so far
Iteration 8378: max relative diff=0.000030, 714.35 sec so far
Iteration 8437: max relative diff=0.000030, 719.37 sec so far
Iteration 8496: max relative diff=0.000029, 724.40 sec so far
Iteration 8555: max relative diff=0.000029, 729.44 sec so far
Iteration 8614: max relative diff=0.000029, 734.47 sec so far
Iteration 8673: max relative diff=0.000028, 739.50 sec so far
Iteration 8732: max relative diff=0.000028, 744.53 sec so far
Iteration 8791: max relative diff=0.000027, 749.55 sec so far
Iteration 8850: max relative diff=0.000027, 754.59 sec so far
Iteration 8909: max relative diff=0.000027, 759.62 sec so far
Iteration 8968: max relative diff=0.000026, 764.65 sec so far
Iteration 9027: max relative diff=0.000026, 769.68 sec so far
Iteration 9086: max relative diff=0.000026, 774.72 sec so far
Iteration 9145: max relative diff=0.000025, 779.73 sec so far
Iteration 9204: max relative diff=0.000025, 784.75 sec so far
Iteration 9263: max relative diff=0.000024, 789.78 sec so far
Iteration 9322: max relative diff=0.000024, 794.82 sec so far
Iteration 9381: max relative diff=0.000024, 799.85 sec so far
Iteration 9440: max relative diff=0.000023, 804.88 sec so far
Iteration 9499: max relative diff=0.000023, 809.91 sec so far
Iteration 9558: max relative diff=0.000023, 814.93 sec so far
Iteration 9617: max relative diff=0.000023, 819.97 sec so far
Iteration 9676: max relative diff=0.000022, 825.01 sec so far
Iteration 9735: max relative diff=0.000022, 830.05 sec so far
Iteration 9794: max relative diff=0.000022, 835.08 sec so far
Iteration 9853: max relative diff=0.000021, 840.12 sec so far
Iteration 9912: max relative diff=0.000021, 845.14 sec so far
Iteration 9971: max relative diff=0.000021, 850.18 sec so far
Iteration 10030: max relative diff=0.000020, 855.21 sec so far
Iteration 10089: max relative diff=0.000020, 860.25 sec so far
Iteration 10148: max relative diff=0.000020, 865.28 sec so far
Iteration 10207: max relative diff=0.000020, 870.32 sec so far
Iteration 10266: max relative diff=0.000019, 875.34 sec so far
Iteration 10325: max relative diff=0.000019, 880.37 sec so far
Iteration 10384: max relative diff=0.000019, 885.41 sec so far
Iteration 10443: max relative diff=0.000019, 890.43 sec so far
Iteration 10502: max relative diff=0.000018, 895.47 sec so far
Iteration 10561: max relative diff=0.000018, 900.50 sec so far
Iteration 10620: max relative diff=0.000018, 905.52 sec so far
Iteration 10679: max relative diff=0.000018, 910.55 sec so far
Iteration 10738: max relative diff=0.000017, 915.59 sec so far
Iteration 10797: max relative diff=0.000017, 920.62 sec so far
Iteration 10856: max relative diff=0.000017, 925.65 sec so far
Iteration 10915: max relative diff=0.000017, 930.69 sec so far
Iteration 10974: max relative diff=0.000017, 935.73 sec so far
Iteration 11033: max relative diff=0.000016, 940.76 sec so far
Iteration 11092: max relative diff=0.000016, 945.80 sec so far
Iteration 11151: max relative diff=0.000016, 950.83 sec so far
Iteration 11210: max relative diff=0.000016, 955.87 sec so far
Iteration 11269: max relative diff=0.000016, 960.90 sec so far
Iteration 11328: max relative diff=0.000015, 965.94 sec so far
Iteration 11387: max relative diff=0.000015, 970.97 sec so far
Iteration 11446: max relative diff=0.000015, 976.01 sec so far
Iteration 11505: max relative diff=0.000015, 981.04 sec so far
Iteration 11564: max relative diff=0.000015, 986.06 sec so far
Iteration 11623: max relative diff=0.000014, 991.09 sec so far
Iteration 11682: max relative diff=0.000014, 996.13 sec so far
Iteration 11741: max relative diff=0.000014, 1001.16 sec so far
Iteration 11800: max relative diff=0.000014, 1006.20 sec so far
Iteration 11859: max relative diff=0.000014, 1011.23 sec so far
Iteration 11918: max relative diff=0.000014, 1016.25 sec so far
Iteration 11977: max relative diff=0.000013, 1021.28 sec so far
Iteration 12036: max relative diff=0.000013, 1026.32 sec so far
Iteration 12095: max relative diff=0.000013, 1031.35 sec so far
Iteration 12154: max relative diff=0.000013, 1036.38 sec so far
Iteration 12213: max relative diff=0.000013, 1041.41 sec so far
Iteration 12272: max relative diff=0.000013, 1046.43 sec so far
Iteration 12331: max relative diff=0.000012, 1051.46 sec so far
Iteration 12390: max relative diff=0.000012, 1056.49 sec so far
Iteration 12449: max relative diff=0.000012, 1061.52 sec so far
Iteration 12508: max relative diff=0.000012, 1066.56 sec so far
Iteration 12567: max relative diff=0.000012, 1071.59 sec so far
Iteration 12626: max relative diff=0.000012, 1076.61 sec so far
Iteration 12685: max relative diff=0.000011, 1081.65 sec so far
Iteration 12744: max relative diff=0.000011, 1086.68 sec so far
Iteration 12803: max relative diff=0.000011, 1091.72 sec so far
Iteration 12862: max relative diff=0.000011, 1096.76 sec so far
Iteration 12921: max relative diff=0.000011, 1101.79 sec so far
Iteration 12980: max relative diff=0.000011, 1106.80 sec so far
Iteration 13039: max relative diff=0.000011, 1111.84 sec so far
Iteration 13098: max relative diff=0.000010, 1116.87 sec so far
Iteration 13157: max relative diff=0.000010, 1121.90 sec so far
Iteration 13216: max relative diff=0.000010, 1126.94 sec so far
Iteration 13275: max relative diff=0.000010, 1131.97 sec so far
Iteration 13334: max relative diff=0.000010, 1136.98 sec so far
Iteration 13393: max relative diff=0.000010, 1142.01 sec so far
Iteration 13452: max relative diff=0.000010, 1147.04 sec so far
Iteration 13511: max relative diff=0.000010, 1152.07 sec so far
Iteration 13570: max relative diff=0.000009, 1157.10 sec so far
Iteration 13629: max relative diff=0.000009, 1162.13 sec so far
Iteration 13688: max relative diff=0.000009, 1167.17 sec so far
Iteration 13747: max relative diff=0.000009, 1172.19 sec so far
Iteration 13806: max relative diff=0.000009, 1177.22 sec so far
Iteration 13865: max relative diff=0.000009, 1182.26 sec so far
Iteration 13924: max relative diff=0.000009, 1187.29 sec so far
Iteration 13983: max relative diff=0.000009, 1192.32 sec so far
Iteration 14042: max relative diff=0.000009, 1197.35 sec so far
Iteration 14101: max relative diff=0.000008, 1202.37 sec so far
Iteration 14160: max relative diff=0.000008, 1207.40 sec so far
Iteration 14219: max relative diff=0.000008, 1212.44 sec so far
Iteration 14278: max relative diff=0.000008, 1217.47 sec so far
Iteration 14337: max relative diff=0.000008, 1222.51 sec so far
Iteration 14396: max relative diff=0.000008, 1227.55 sec so far
Iteration 14455: max relative diff=0.000008, 1232.57 sec so far
Iteration 14514: max relative diff=0.000008, 1237.60 sec so far
Iteration 14573: max relative diff=0.000008, 1242.64 sec so far
Iteration 14632: max relative diff=0.000008, 1247.67 sec so far
Iteration 14691: max relative diff=0.000008, 1252.70 sec so far
Iteration 14750: max relative diff=0.000007, 1257.73 sec so far
Iteration 14809: max relative diff=0.000007, 1262.74 sec so far
Iteration 14868: max relative diff=0.000007, 1267.77 sec so far
Iteration 14927: max relative diff=0.000007, 1272.81 sec so far
Iteration 14986: max relative diff=0.000007, 1277.84 sec so far
Iteration 15045: max relative diff=0.000007, 1282.87 sec so far
Iteration 15104: max relative diff=0.000007, 1287.90 sec so far
Iteration 15163: max relative diff=0.000007, 1292.91 sec so far
Iteration 15222: max relative diff=0.000007, 1297.94 sec so far
Iteration 15281: max relative diff=0.000007, 1302.97 sec so far
Iteration 15340: max relative diff=0.000007, 1308.01 sec so far
Iteration 15399: max relative diff=0.000006, 1313.04 sec so far
Iteration 15458: max relative diff=0.000006, 1318.07 sec so far
Iteration 15517: max relative diff=0.000006, 1323.09 sec so far
Iteration 15576: max relative diff=0.000006, 1328.13 sec so far
Iteration 15635: max relative diff=0.000006, 1333.16 sec so far
Iteration 15694: max relative diff=0.000006, 1338.19 sec so far
Iteration 15753: max relative diff=0.000006, 1343.22 sec so far
Iteration 15812: max relative diff=0.000006, 1348.26 sec so far
Iteration 15871: max relative diff=0.000006, 1353.29 sec so far
Iteration 15930: max relative diff=0.000006, 1358.31 sec so far
Iteration 15989: max relative diff=0.000006, 1363.35 sec so far
Iteration 16048: max relative diff=0.000006, 1368.38 sec so far
Iteration 16107: max relative diff=0.000006, 1373.41 sec so far
Iteration 16166: max relative diff=0.000006, 1378.44 sec so far
Iteration 16225: max relative diff=0.000005, 1383.48 sec so far
Iteration 16284: max relative diff=0.000005, 1388.52 sec so far
Iteration 16343: max relative diff=0.000005, 1393.55 sec so far
Iteration 16402: max relative diff=0.000005, 1398.58 sec so far
Iteration 16461: max relative diff=0.000005, 1403.61 sec so far
Iteration 16520: max relative diff=0.000005, 1408.64 sec so far
Iteration 16579: max relative diff=0.000005, 1413.67 sec so far
Iteration 16638: max relative diff=0.000005, 1418.71 sec so far
Iteration 16697: max relative diff=0.000005, 1423.74 sec so far
Iteration 16756: max relative diff=0.000005, 1428.77 sec so far
Iteration 16815: max relative diff=0.000005, 1433.80 sec so far
Iteration 16874: max relative diff=0.000005, 1438.83 sec so far
Iteration 16933: max relative diff=0.000005, 1443.87 sec so far
Iteration 16992: max relative diff=0.000005, 1448.90 sec so far
Iteration 17051: max relative diff=0.000005, 1453.93 sec so far
Iteration 17110: max relative diff=0.000005, 1458.96 sec so far
Iteration 17169: max relative diff=0.000005, 1463.99 sec so far
Iteration 17228: max relative diff=0.000004, 1469.03 sec so far
Iteration 17287: max relative diff=0.000004, 1474.06 sec so far
Iteration 17346: max relative diff=0.000004, 1479.09 sec so far
Iteration 17405: max relative diff=0.000004, 1484.12 sec so far
Iteration 17464: max relative diff=0.000004, 1489.15 sec so far
Iteration 17523: max relative diff=0.000004, 1494.17 sec so far
Iteration 17582: max relative diff=0.000004, 1499.20 sec so far
Iteration 17641: max relative diff=0.000004, 1504.23 sec so far
Iteration 17700: max relative diff=0.000004, 1509.27 sec so far
Iteration 17759: max relative diff=0.000004, 1514.30 sec so far
Iteration 17818: max relative diff=0.000004, 1519.32 sec so far
Iteration 17877: max relative diff=0.000004, 1524.36 sec so far
Iteration 17936: max relative diff=0.000004, 1529.38 sec so far
Iteration 17995: max relative diff=0.000004, 1534.41 sec so far
Iteration 18054: max relative diff=0.000004, 1539.44 sec so far
Iteration 18113: max relative diff=0.000004, 1544.47 sec so far
Iteration 18172: max relative diff=0.000004, 1549.50 sec so far
Iteration 18231: max relative diff=0.000004, 1554.53 sec so far
Iteration 18290: max relative diff=0.000004, 1559.57 sec so far
Iteration 18349: max relative diff=0.000004, 1564.60 sec so far
Iteration 18408: max relative diff=0.000004, 1569.63 sec so far
Iteration 18467: max relative diff=0.000003, 1574.66 sec so far
Iteration 18526: max relative diff=0.000003, 1579.69 sec so far
Iteration 18585: max relative diff=0.000003, 1584.72 sec so far
Iteration 18644: max relative diff=0.000003, 1589.76 sec so far
Iteration 18703: max relative diff=0.000003, 1594.79 sec so far
Iteration 18762: max relative diff=0.000003, 1599.82 sec so far
Iteration 18821: max relative diff=0.000003, 1604.85 sec so far
Iteration 18880: max relative diff=0.000003, 1609.89 sec so far
Iteration 18939: max relative diff=0.000003, 1614.92 sec so far
Iteration 18998: max relative diff=0.000003, 1619.95 sec so far
Iteration 19057: max relative diff=0.000003, 1624.98 sec so far
Iteration 19116: max relative diff=0.000003, 1630.02 sec so far
Iteration 19175: max relative diff=0.000003, 1635.05 sec so far
Iteration 19234: max relative diff=0.000003, 1640.09 sec so far
Iteration 19293: max relative diff=0.000003, 1645.12 sec so far
Iteration 19352: max relative diff=0.000003, 1650.15 sec so far
Iteration 19411: max relative diff=0.000003, 1655.19 sec so far
Iteration 19470: max relative diff=0.000003, 1660.22 sec so far
Iteration 19529: max relative diff=0.000003, 1665.25 sec so far
Iteration 19588: max relative diff=0.000003, 1670.28 sec so far
Iteration 19647: max relative diff=0.000003, 1675.31 sec so far
Iteration 19706: max relative diff=0.000003, 1680.33 sec so far
Iteration 19765: max relative diff=0.000003, 1685.36 sec so far
Iteration 19824: max relative diff=0.000003, 1690.38 sec so far
Iteration 19883: max relative diff=0.000003, 1695.41 sec so far
Iteration 19942: max relative diff=0.000003, 1700.44 sec so far
Iteration 20001: max relative diff=0.000003, 1705.46 sec so far
Iteration 20060: max relative diff=0.000003, 1710.49 sec so far
Iteration 20119: max relative diff=0.000003, 1715.52 sec so far
Iteration 20178: max relative diff=0.000002, 1720.55 sec so far
Iteration 20237: max relative diff=0.000002, 1725.58 sec so far
Iteration 20296: max relative diff=0.000002, 1730.61 sec so far
Iteration 20355: max relative diff=0.000002, 1735.64 sec so far
Iteration 20414: max relative diff=0.000002, 1740.67 sec so far
Iteration 20473: max relative diff=0.000002, 1745.70 sec so far
Iteration 20532: max relative diff=0.000002, 1750.72 sec so far
Iteration 20591: max relative diff=0.000002, 1755.76 sec so far
Iteration 20650: max relative diff=0.000002, 1760.79 sec so far
Iteration 20709: max relative diff=0.000002, 1765.82 sec so far
Iteration 20768: max relative diff=0.000002, 1770.85 sec so far
Iteration 20827: max relative diff=0.000002, 1775.86 sec so far
Iteration 20886: max relative diff=0.000002, 1780.89 sec so far
Iteration 20945: max relative diff=0.000002, 1785.93 sec so far
Iteration 21004: max relative diff=0.000002, 1790.96 sec so far
Iteration 21063: max relative diff=0.000002, 1795.98 sec so far
Iteration 21122: max relative diff=0.000002, 1801.01 sec so far
Iteration 21181: max relative diff=0.000002, 1806.03 sec so far
Iteration 21240: max relative diff=0.000002, 1811.06 sec so far
Iteration 21299: max relative diff=0.000002, 1816.09 sec so far
Iteration 21358: max relative diff=0.000002, 1821.13 sec so far
Iteration 21417: max relative diff=0.000002, 1826.17 sec so far
Iteration 21476: max relative diff=0.000002, 1831.20 sec so far
Iteration 21535: max relative diff=0.000002, 1836.22 sec so far
Iteration 21594: max relative diff=0.000002, 1841.25 sec so far
Iteration 21653: max relative diff=0.000002, 1846.29 sec so far
Iteration 21712: max relative diff=0.000002, 1851.32 sec so far
Iteration 21771: max relative diff=0.000002, 1856.35 sec so far
Iteration 21830: max relative diff=0.000002, 1861.38 sec so far
Iteration 21889: max relative diff=0.000002, 1866.40 sec so far
Iteration 21948: max relative diff=0.000002, 1871.43 sec so far
Iteration 22007: max relative diff=0.000002, 1876.46 sec so far
Iteration 22066: max relative diff=0.000002, 1881.48 sec so far
Iteration 22125: max relative diff=0.000002, 1886.51 sec so far
Iteration 22184: max relative diff=0.000002, 1891.54 sec so far
Iteration 22243: max relative diff=0.000002, 1896.56 sec so far
Iteration 22302: max relative diff=0.000002, 1901.59 sec so far
Iteration 22361: max relative diff=0.000002, 1906.62 sec so far
Iteration 22420: max relative diff=0.000002, 1911.65 sec so far
Iteration 22479: max relative diff=0.000002, 1916.68 sec so far
Iteration 22538: max relative diff=0.000002, 1921.70 sec so far
Iteration 22597: max relative diff=0.000002, 1926.74 sec so far
Iteration 22656: max relative diff=0.000002, 1931.76 sec so far
Iteration 22715: max relative diff=0.000001, 1936.79 sec so far
Iteration 22774: max relative diff=0.000001, 1941.82 sec so far
Iteration 22833: max relative diff=0.000001, 1946.86 sec so far
Iteration 22892: max relative diff=0.000001, 1951.89 sec so far
Iteration 22951: max relative diff=0.000001, 1956.93 sec so far
Iteration 23010: max relative diff=0.000001, 1961.94 sec so far
Iteration 23069: max relative diff=0.000001, 1966.98 sec so far
Iteration 23128: max relative diff=0.000001, 1972.01 sec so far
Iteration 23187: max relative diff=0.000001, 1977.05 sec so far
Iteration 23246: max relative diff=0.000001, 1982.08 sec so far
Iteration 23305: max relative diff=0.000001, 1987.12 sec so far
Iteration 23364: max relative diff=0.000001, 1992.14 sec so far
Iteration 23423: max relative diff=0.000001, 1997.18 sec so far
Iteration 23482: max relative diff=0.000001, 2002.21 sec so far
Iteration 23541: max relative diff=0.000001, 2007.25 sec so far
Iteration 23600: max relative diff=0.000001, 2012.28 sec so far
Iteration 23659: max relative diff=0.000001, 2017.32 sec so far
Iteration 23718: max relative diff=0.000001, 2022.34 sec so far
Iteration 23777: max relative diff=0.000001, 2027.37 sec so far
Iteration 23836: max relative diff=0.000001, 2032.41 sec so far
Iteration 23895: max relative diff=0.000001, 2037.44 sec so far
Iteration 23954: max relative diff=0.000001, 2042.48 sec so far
Iteration 24013: max relative diff=0.000001, 2047.51 sec so far
Iteration 24072: max relative diff=0.000001, 2052.52 sec so far
Iteration 24131: max relative diff=0.000001, 2057.56 sec so far
Iteration 24190: max relative diff=0.000001, 2062.59 sec so far
Iteration 24249: max relative diff=0.000001, 2067.63 sec so far
Iteration 24308: max relative diff=0.000001, 2072.66 sec so far
Iteration 24367: max relative diff=0.000001, 2077.69 sec so far
Iteration 24426: max relative diff=0.000001, 2082.71 sec so far
Iteration 24485: max relative diff=0.000001, 2087.74 sec so far
Iteration 24544: max relative diff=0.000001, 2092.78 sec so far
Iteration 24603: max relative diff=0.000001, 2097.81 sec so far
Iteration 24662: max relative diff=0.000001, 2102.84 sec so far
Iteration 24721: max relative diff=0.000001, 2107.88 sec so far
Iteration 24780: max relative diff=0.000001, 2112.91 sec so far

Iterative method: 24780 iterations in 2116.62 seconds (average 0.085267, setup 3.70)

Value in the initial state: 0.4296783922783861

Time for model checking: 2116.928 seconds.

Result: 0.4296783922783861 (value in the initial state)

