PRISM
=====

Version: 4.4.dev
Date: Sun May 20 23:35:37 IRDT 2018
Hostname: sadegh-H81M-S2PH
Memory limits: cudd=1g, java(heap)=2.1g
Command line: prism dns122.nm dns.pctl -s -improvedmodpoliter2 -maxiters 90050 -epsilon 1e-8 -javamaxmem 2400m

Parsing model file "dns122.nm"...

Parsing properties file "dns.pctl"...

1 property:
(1) Pmax=? [ "pp" U "qq" ]

Type:        MDP
Modules:     m1 m2 m3 
Variables:   s1 s2 s3 

---------------------------------------------------------------------

Model checking: Pmax=? [ "pp" U "qq" ]

Building model...

Computing reachable states...

Reachability (BFS): 3 iterations in 0.00 seconds (average 0.000667, setup 0.00)

Time for model construction: 5.932 seconds.

Type:        MDP
States:      8000 (1 initial)
Transitions: 60551854
Choices:     24000

Transition matrix: 8977381 nodes (498037 terminal), 60551854 minterms, vars: 15r/15c/3nd

Prob0A: 3 iterations in 0.01 seconds (average 0.003000, setup 0.00)

Prob1E: 9 iterations in 0.01 seconds (average 0.000889, setup 0.00)

yes = 10, no = 10, maybe = 7980

Computing remaining probabilities...
Engine: Sparse

Building sparse matrix (FOR POLICY ITERASION)... [n=8000, nc=23940, nnz=60414537, k=3] [691.5 MB]
Creating vector for yes...[62.5 KB]
Allocating iteration vectors... [2 x 62.5 KB]
TOTAL: [691.7 MB]

Starting iterations...
Iteration 909: max relative diff=0.001361, 5.23 sec so far
Iteration 1818: max relative diff=0.000131, 10.51 sec so far
Iteration 2727: max relative diff=0.000045, 15.80 sec so far
Iteration 3636: max relative diff=0.000017, 21.08 sec so far
Iteration 4545: max relative diff=0.000007, 26.34 sec so far
Iteration 5454: max relative diff=0.000002, 31.78 sec so far
Iteration 6363: max relative diff=0.000001, 37.31 sec so far
Iteration 7272: max relative diff=0.000000, 42.87 sec so far
Iteration 8080: max relative diff=0.000000, 48.05 sec so far
Iteration 8989: max relative diff=0.000000, 53.70 sec so far
Iteration 9797: max relative diff=0.000000, 58.76 sec so far
Iteration 10605: max relative diff=0.000000, 63.94 sec so far

Iterative method: 10706 iterations in 64.55 seconds (average 0.006029, setup 4.58)


Number of scallar multiplications: 60506M 

Value in the initial state: 0.8052200131066978

Time for model checking: 69.343 seconds.

Result: 0.8052200131066978 (value in the initial state)

