PRISM
=====

Version: 4.4.dev
Date: Sun May 20 20:03:32 IRDT 2018
Hostname: sadegh-H81M-S2PH
Memory limits: cudd=1g, java(heap)=2.1g
Command line: prism dns88.nm dns.pctl -s -modpoliter -maxiters 90050 -epsilon 1e-8 -javamaxmem 2400m

Parsing model file "dns88.nm"...

Parsing properties file "dns.pctl"...

1 property:
(1) Pmax=? [ "pp" U "qq" ]

Type:        MDP
Modules:     m1 m2 m3 
Variables:   s1 s2 s3 

---------------------------------------------------------------------

Model checking: Pmax=? [ "pp" U "qq" ]

Building model...

Computing reachable states...

Reachability (BFS): 3 iterations in 0.00 seconds (average 0.000333, setup 0.00)

Time for model construction: 12.038 seconds.

Type:        MDP
States:      8000 (1 initial)
Transitions: 127066763
Choices:     32000

Transition matrix: 15428827 nodes (517835 terminal), 127066763 minterms, vars: 15r/15c/4nd

Prob0A: 2 iterations in 0.01 seconds (average 0.004000, setup 0.00)

Prob1E: 4 iterations in 0.00 seconds (average 0.000500, setup 0.00)

yes = 10, no = 45, maybe = 7945

Computing remaining probabilities...
Engine: Sparse

Building sparse matrix (FOR POLICY ITERASION)... [n=8000, nc=31780, nnz=126177088, k=4] [1.4 GB]
Creating vector for yes...[62.5 KB]
Allocating iteration vectors... [2 x 62.5 KB]
TOTAL: [1.4 GB]

Starting iterations...
Iteration 202: max relative diff=0.019162, 6.93 sec so far
Iteration 404: max relative diff=0.001373, 13.66 sec so far
Iteration 606: max relative diff=0.000036, 20.41 sec so far
Iteration 808: max relative diff=0.000001, 27.17 sec so far
Iteration 1010: max relative diff=0.000000, 33.92 sec so far

Iterative method: 1107 iterations in 37.17 seconds (average 0.033575, setup 9.27)

Value in the initial state: 0.37712032805561774

Time for model checking: 46.882 seconds.

Result: 0.37712032805561774 (value in the initial state)

