PRISM
=====

Version: 4.4.dev
Date: Tue Jun 19 10:36:03 IRDT 2018
Hostname: sadegh-H81M-S2PH
Memory limits: cudd=1g, java(heap)=2.1g
Command line: prism dns147.nm dns.pctl -s -gs -maxiters 90050 -epsilon 1e-6 -javamaxmem 2400m

Parsing model file "dns147.nm"...

Parsing properties file "dns.pctl"...

1 property:
(1) Pmax=? [ "pp" U "qq" ]

Type:        MDP
Modules:     m1 m2 m3 
Variables:   s1 s2 s3 

---------------------------------------------------------------------

Model checking: Pmax=? [ "pp" U "qq" ]

Building model...

Computing reachable states...

Reachability (BFS): 3 iterations in 0.00 seconds (average 0.001333, setup 0.00)

Time for model construction: 14.816 seconds.

Type:        MDP
States:      9600 (1 initial)
Transitions: 56052504
Choices:     28800

Transition matrix: 15454528 nodes (542905 terminal), 56052504 minterms, vars: 15r/15c/3nd

Prob0A: 3 iterations in 0.00 seconds (average 0.001333, setup 0.00)

Prob1E: 4 iterations in 0.00 seconds (average 0.000750, setup 0.00)

yes = 10, no = 45, maybe = 9545

Computing remaining probabilities...
Engine: Sparse

Building sparse matrix(FOR GS)... [n=9600, nc=28635, nnz=55733922, k=3] [638.0 MB]
Creating vector for yes...[75.0 KB]
Allocating iteration vectors... [2 x 75.0 KB]
TOTAL: [638.2 MB]

Starting iterations...
Iteration 54: max relative diff=0.010123, 5.04 sec so far
Iteration 108: max relative diff=0.002874, 10.08 sec so far
Iteration 162: max relative diff=0.001195, 15.12 sec so far
Iteration 216: max relative diff=0.000574, 20.16 sec so far
Iteration 270: max relative diff=0.000294, 25.21 sec so far
Iteration 324: max relative diff=0.000156, 30.25 sec so far
Iteration 378: max relative diff=0.000084, 35.29 sec so far
Iteration 432: max relative diff=0.000046, 40.34 sec so far
Iteration 486: max relative diff=0.000025, 45.38 sec so far
Iteration 540: max relative diff=0.000014, 50.43 sec so far
Iteration 594: max relative diff=0.000007, 55.48 sec so far
Iteration 648: max relative diff=0.000004, 60.52 sec so far
Iteration 702: max relative diff=0.000002, 65.56 sec so far
Iteration 756: max relative diff=0.000001, 70.61 sec so far

Iterative method: 776 iterations in 72.48 seconds (average 0.093397, setup 8.70)

Value in the initial state: 0.4391562492449914

Time for model checking: 81.495 seconds.

Result: 0.4391562492449914 (value in the initial state)

