PRISM
=====

Version: 4.4.dev
Date: Sun May 20 18:29:25 IRDT 2018
Hostname: sadegh-H81M-S2PH
Memory limits: cudd=1g, java(heap)=2.1g
Command line: prism dns76.nm dns.pctl -s -modpoliter -maxiters 90050 -epsilon 1e-8 -javamaxmem 2400m

Parsing model file "dns76.nm"...

Parsing properties file "dns.pctl"...

1 property:
(1) Pmax=? [ "pp" U "qq" ]

Type:        MDP
Modules:     m1 m2 m3 
Variables:   s1 s2 s3 

---------------------------------------------------------------------

Model checking: Pmax=? [ "pp" U "qq" ]

Building model...

Computing reachable states...

Reachability (BFS): 3 iterations in 0.00 seconds (average 0.000667, setup 0.00)

Time for model construction: 6.276 seconds.

Type:        MDP
States:      6800 (1 initial)
Transitions: 82300894
Choices:     20400

Transition matrix: 7317623 nodes (247020 terminal), 82300894 minterms, vars: 15r/15c/3nd

Prob0A: 2 iterations in 0.00 seconds (average 0.001500, setup 0.00)

Prob1E: 4 iterations in 0.00 seconds (average 0.000500, setup 0.00)

yes = 10, no = 78, maybe = 6712

Computing remaining probabilities...
Engine: Sparse

Building sparse matrix (FOR POLICY ITERASION)... [n=6800, nc=20136, nnz=81228649, k=3] [929.7 MB]
Creating vector for yes...[53.1 KB]
Allocating iteration vectors... [2 x 53.1 KB]
TOTAL: [929.8 MB]

Starting iterations...
Iteration 202: max relative diff=0.006972, 5.82 sec so far
Iteration 404: max relative diff=0.000075, 11.57 sec so far
Iteration 606: max relative diff=0.000000, 17.33 sec so far

Iterative method: 689 iterations in 19.70 seconds (average 0.028592, setup 6.83)

Value in the initial state: 0.18230666487519476

Time for model checking: 26.809 seconds.

Result: 0.18230666487519476 (value in the initial state)

