PRISM
=====

Version: 4.4.dev
Date: Mon Jun 18 02:25:59 IRDT 2018
Hostname: sadegh-H81M-S2PH
Memory limits: cudd=1g, java(heap)=2.1g
Command line: prism dns96.nm dns.pctl -s -bucketvaliter2 -maxiters 90050 -javamaxmem 2400m

Parsing model file "dns96.nm"...

Parsing properties file "dns.pctl"...

1 property:
(1) Pmax=? [ "pp" U "qq" ]

Type:        MDP
Modules:     m1 m2 m3 
Variables:   s1 s2 s3 

---------------------------------------------------------------------

Model checking: Pmax=? [ "pp" U "qq" ]

Building model...

Computing reachable states...

Reachability (BFS): 3 iterations in 0.00 seconds (average 0.000667, setup 0.00)

Time for model construction: 7.602 seconds.

Type:        MDP
States:      8000 (1 initial)
Transitions: 63521370
Choices:     16000

Transition matrix: 7334266 nodes (288292 terminal), 63521370 minterms, vars: 15r/15c/2nd

Prob0A: 3 iterations in 0.01 seconds (average 0.001667, setup 0.00)

Prob1E: 4 iterations in 0.00 seconds (average 0.000500, setup 0.00)

yes = 10, no = 55, maybe = 7935

Computing remaining probabilities...
Engine: Sparse

Building sparse matrix(FOR GS)... [n=8000, nc=15870, nnz=63000045, k=2] [721.1 MB]
Creating vector for yes...[62.5 KB]
Allocating iteration vectors... [2 x 62.5 KB]
TOTAL: [721.3 MB]

Starting iterations...

Iterative method: 3885375 iterations in 236.99 seconds (average 0.000061, setup 6.92)

Value in the initial state: 0.2503377527274203

Time for model checking: 249.705 seconds.

Result: 0.2503377527274203 (value in the initial state)

