PRISM
=====

Version: 4.4.dev
Date: Tue Jun 19 09:41:29 IRDT 2018
Hostname: sadegh-H81M-S2PH
Memory limits: cudd=1g, java(heap)=2.1g
Command line: prism dns141.nm dns.pctl -s -gs -maxiters 90050 -epsilon 1e-6 -javamaxmem 2400m

Parsing model file "dns141.nm"...

Parsing properties file "dns.pctl"...

1 property:
(1) Pmax=? [ "pp" U "qq" ]

Type:        MDP
Modules:     m1 m2 m3 
Variables:   s1 s2 s3 

---------------------------------------------------------------------

Model checking: Pmax=? [ "pp" U "qq" ]

Building model...

Computing reachable states...

Reachability (BFS): 3 iterations in 0.03 seconds (average 0.009333, setup 0.00)

Time for model construction: 16.426 seconds.

Type:        MDP
States:      8000 (1 initial)
Transitions: 72831512
Choices:     48000

Transition matrix: 16917203 nodes (863067 terminal), 72831512 minterms, vars: 15r/15c/6nd

Prob0A: 3 iterations in 0.02 seconds (average 0.006667, setup 0.00)

Prob1E: 4 iterations in 0.01 seconds (average 0.001500, setup 0.00)

yes = 10, no = 91, maybe = 7899

Computing remaining probabilities...
Engine: Sparse

Building sparse matrix(FOR GS)... [n=8000, nc=47394, nnz=71881511, k=6] [822.8 MB]
Creating vector for yes...[62.5 KB]
Allocating iteration vectors... [2 x 62.5 KB]
TOTAL: [823.0 MB]

Starting iterations...
Iteration 41: max relative diff=0.012989, 5.02 sec so far
Iteration 83: max relative diff=0.003822, 10.10 sec so far
Iteration 125: max relative diff=0.001734, 15.19 sec so far
Iteration 167: max relative diff=0.000940, 20.28 sec so far
Iteration 209: max relative diff=0.000558, 25.37 sec so far
Iteration 251: max relative diff=0.000346, 30.46 sec so far
Iteration 293: max relative diff=0.000221, 35.55 sec so far
Iteration 335: max relative diff=0.000144, 40.63 sec so far
Iteration 377: max relative diff=0.000096, 45.73 sec so far
Iteration 419: max relative diff=0.000064, 50.82 sec so far
Iteration 461: max relative diff=0.000043, 55.91 sec so far
Iteration 503: max relative diff=0.000029, 61.00 sec so far
Iteration 545: max relative diff=0.000019, 66.09 sec so far
Iteration 587: max relative diff=0.000013, 71.17 sec so far
Iteration 629: max relative diff=0.000009, 76.27 sec so far
Iteration 670: max relative diff=0.000006, 81.31 sec so far
Iteration 712: max relative diff=0.000004, 86.40 sec so far
Iteration 754: max relative diff=0.000003, 91.48 sec so far
Iteration 796: max relative diff=0.000002, 96.58 sec so far
Iteration 838: max relative diff=0.000001, 101.67 sec so far

Iterative method: 861 iterations in 104.46 seconds (average 0.121325, setup 11.91)

Value in the initial state: 0.5284824559108924

Time for model checking: 116.852 seconds.

Result: 0.5284824559108924 (value in the initial state)

