PRISM
=====

Version: 4.4.dev
Date: Sun May 20 23:10:42 IRDT 2018
Hostname: sadegh-H81M-S2PH
Memory limits: cudd=1g, java(heap)=2.1g
Command line: prism dns119.nm dns.pctl -s -improvedmodpoliter2 -maxiters 90050 -epsilon 1e-8 -javamaxmem 2400m

Parsing model file "dns119.nm"...

Parsing properties file "dns.pctl"...

1 property:
(1) Pmax=? [ "pp" U "qq" ]

Type:        MDP
Modules:     m1 m2 m3 
Variables:   s1 s2 s3 

---------------------------------------------------------------------

Model checking: Pmax=? [ "pp" U "qq" ]

Building model...

Computing reachable states...

Reachability (BFS): 3 iterations in 0.01 seconds (average 0.003667, setup 0.00)

Time for model construction: 17.782 seconds.

Type:        MDP
States:      7600 (1 initial)
Transitions: 144123567
Choices:     45600

Transition matrix: 19181746 nodes (376223 terminal), 144123567 minterms, vars: 15r/15c/6nd

Prob0A: 2 iterations in 0.01 seconds (average 0.005000, setup 0.00)

Prob1E: 4 iterations in 0.01 seconds (average 0.002250, setup 0.00)

yes = 10, no = 120, maybe = 7470

Computing remaining probabilities...
Engine: Sparse

Building sparse matrix (FOR POLICY ITERASION)... [n=7600, nc=44820, nnz=141650282, k=6] [1.6 GB]
Creating vector for yes...[59.4 KB]
Allocating iteration vectors... [2 x 59.4 KB]
TOTAL: [1.6 GB]

Starting iterations...
Iteration 404: max relative diff=0.000110, 5.48 sec so far

Iterative method: 704 iterations in 9.60 seconds (average 0.013638, setup 16.15)


Number of scallar multiplications: 9876M 

Value in the initial state: 0.18372875544221076

Time for model checking: 26.489 seconds.

Result: 0.18372875544221076 (value in the initial state)

