PRISM
=====

Version: 4.4.dev
Date: Sun Jun 17 22:58:47 IRDT 2018
Hostname: sadegh-H81M-S2PH
Memory limits: cudd=1g, java(heap)=2.1g
Command line: prism dns83.nm dns.pctl -s -backwardvaliter -maxiters 90050 -epsilon 1e-6 -javamaxmem 2400m

Parsing model file "dns83.nm"...

Parsing properties file "dns.pctl"...

1 property:
(1) Pmax=? [ "pp" U "qq" ]

Type:        MDP
Modules:     m1 m2 m3 
Variables:   s1 s2 s3 

---------------------------------------------------------------------

Model checking: Pmax=? [ "pp" U "qq" ]

Building model...

Computing reachable states...

Reachability (BFS): 3 iterations in 0.00 seconds (average 0.001000, setup 0.00)

Time for model construction: 11.619 seconds.

Type:        MDP
States:      8800 (1 initial)
Transitions: 109491621
Choices:     26400

Transition matrix: 12017144 nodes (536105 terminal), 109491621 minterms, vars: 15r/15c/3nd

Prob0A: 2 iterations in 0.01 seconds (average 0.004000, setup 0.00)

Prob1E: 4 iterations in 0.00 seconds (average 0.000750, setup 0.00)

yes = 10, no = 78, maybe = 8712

Computing remaining probabilities...
Engine: Sparse

Building sparse matrix(FOR GS)... [n=8800, nc=26136, nnz=108413545, k=3] [1.2 GB]
Creating vector for yes...[68.8 KB]
Allocating iteration vectors... [2 x 68.8 KB]
TOTAL: [1.2 GB]

Starting iterations...
Iteration 24: max relative diff=0.031041, 5.04 sec so far
Iteration 52: max relative diff=0.009341, 10.10 sec so far
Iteration 80: max relative diff=0.004166, 15.16 sec so far
Iteration 108: max relative diff=0.002184, 20.22 sec so far
Iteration 136: max relative diff=0.001238, 25.29 sec so far
Iteration 164: max relative diff=0.000737, 30.36 sec so far
Iteration 192: max relative diff=0.000450, 35.42 sec so far
Iteration 220: max relative diff=0.000279, 40.48 sec so far
Iteration 248: max relative diff=0.000174, 45.55 sec so far
Iteration 276: max relative diff=0.000110, 50.61 sec so far
Iteration 304: max relative diff=0.000069, 55.67 sec so far
Iteration 332: max relative diff=0.000044, 60.74 sec so far
Iteration 360: max relative diff=0.000028, 65.81 sec so far
Iteration 388: max relative diff=0.000018, 70.87 sec so far
Iteration 416: max relative diff=0.000011, 75.97 sec so far
Iteration 444: max relative diff=0.000007, 81.03 sec so far
Iteration 472: max relative diff=0.000005, 86.09 sec so far
Iteration 500: max relative diff=0.000003, 91.15 sec so far
Iteration 528: max relative diff=0.000002, 96.21 sec so far
Iteration 556: max relative diff=0.000001, 101.27 sec so far

Iterative method: 567 iterations in 103.26 seconds (average 0.182113, setup 11.29)

Value in the initial state: 0.33904015337826754

Time for model checking: 115.083 seconds.

Result: 0.33904015337826754 (value in the initial state)

Warning: CUDD reports 12956724 non-zero references.

