PRISM
=====

Version: 4.4.dev
Date: Sun Jun 17 18:39:49 IRDT 2018
Hostname: sadegh-H81M-S2PH
Memory limits: cudd=1g, java(heap)=2.1g
Command line: prism dns70.nm dns.pctl -s -bucketvaliter2 -maxiters 90050 -javamaxmem 2400m

Parsing model file "dns70.nm"...

Parsing properties file "dns.pctl"...

1 property:
(1) Pmax=? [ "pp" U "qq" ]

Type:        MDP
Modules:     m1 m2 m3 
Variables:   s1 s2 s3 

---------------------------------------------------------------------

Model checking: Pmax=? [ "pp" U "qq" ]

Building model...

Computing reachable states...

Reachability (BFS): 3 iterations in 0.00 seconds (average 0.000667, setup 0.00)

Time for model construction: 4.978 seconds.

Type:        MDP
States:      6000 (1 initial)
Transitions: 44194484
Choices:     12000

Transition matrix: 4411494 nodes (400101 terminal), 44194484 minterms, vars: 14r/14c/2nd

Prob0A: 2 iterations in 0.01 seconds (average 0.003000, setup 0.00)

Prob1E: 4 iterations in 0.00 seconds (average 0.000500, setup 0.00)

yes = 10, no = 105, maybe = 5885

Computing remaining probabilities...
Engine: Sparse

Building sparse matrix(FOR GS)... [n=6000, nc=11770, nnz=43334246, k=2] [496.0 MB]
Creating vector for yes...[46.9 KB]
Allocating iteration vectors... [2 x 46.9 KB]
TOTAL: [496.1 MB]

Starting iterations...

Iterative method: 1442596 iterations in 75.12 seconds (average 0.000052, setup 5.51)

Value in the initial state: 0.1135624885967777

Time for model checking: 82.794 seconds.

Result: 0.1135624885967777 (value in the initial state)

