PRISM
=====

Version: 4.4.dev
Date: Tue Jun 19 12:45:47 IRDT 2018
Hostname: sadegh-H81M-S2PH
Memory limits: cudd=1g, java(heap)=2.1g
Command line: prism dns161.nm dns.pctl -s -backwardvaliter -maxiters 90050 -epsilon 1e-6 -javamaxmem 2400m

Parsing model file "dns161.nm"...

Parsing properties file "dns.pctl"...

1 property:
(1) Pmax=? [ "pp" U "qq" ]

Type:        MDP
Modules:     m1 m2 m3 
Variables:   s1 s2 s3 

---------------------------------------------------------------------

Model checking: Pmax=? [ "pp" U "qq" ]

Building model...

Computing reachable states...

Reachability (BFS): 3 iterations in 0.01 seconds (average 0.003667, setup 0.00)

Time for model construction: 17.837 seconds.

Type:        MDP
States:      10000 (1 initial)
Transitions: 46301470
Choices:     40000

Transition matrix: 17092721 nodes (593137 terminal), 46301470 minterms, vars: 15r/15c/4nd

Prob0A: 3 iterations in 0.01 seconds (average 0.004333, setup 0.00)

Prob1E: 4 iterations in 0.01 seconds (average 0.001250, setup 0.00)

yes = 10, no = 105, maybe = 9885

Computing remaining probabilities...
Engine: Sparse

Building sparse matrix(FOR GS)... [n=10000, nc=39540, nnz=45797622, k=4] [524.3 MB]
Creating vector for yes...[78.1 KB]
Allocating iteration vectors... [2 x 78.1 KB]
TOTAL: [524.5 MB]

Starting iterations...
Iteration 62: max relative diff=0.008447, 5.04 sec so far
Iteration 127: max relative diff=0.002346, 10.07 sec so far
Iteration 192: max relative diff=0.000944, 15.09 sec so far
Iteration 257: max relative diff=0.000440, 20.10 sec so far
Iteration 322: max relative diff=0.000221, 25.12 sec so far
Iteration 387: max relative diff=0.000114, 30.15 sec so far
Iteration 452: max relative diff=0.000060, 35.17 sec so far
Iteration 517: max relative diff=0.000032, 40.20 sec so far
Iteration 582: max relative diff=0.000017, 45.22 sec so far
Iteration 647: max relative diff=0.000009, 50.24 sec so far
Iteration 712: max relative diff=0.000005, 55.26 sec so far
Iteration 777: max relative diff=0.000003, 60.28 sec so far
Iteration 842: max relative diff=0.000001, 65.30 sec so far

Iterative method: 880 iterations in 68.23 seconds (average 0.077539, setup 9.40)

Value in the initial state: 0.4436788189772305

Time for model checking: 77.839 seconds.

Result: 0.4436788189772305 (value in the initial state)

Warning: CUDD reports 17506164 non-zero references.

