PRISM
=====

Version: 4.4.dev
Date: Sun May 20 20:06:20 IRDT 2018
Hostname: sadegh-H81M-S2PH
Memory limits: cudd=1g, java(heap)=2.1g
Command line: prism dns88.nm dns.pctl -s -improvedmodpoliter -maxiters 90050 -epsilon 1e-8 -javamaxmem 2400m

Parsing model file "dns88.nm"...

Parsing properties file "dns.pctl"...

1 property:
(1) Pmax=? [ "pp" U "qq" ]

Type:        MDP
Modules:     m1 m2 m3 
Variables:   s1 s2 s3 

---------------------------------------------------------------------

Model checking: Pmax=? [ "pp" U "qq" ]

Building model...

Computing reachable states...

Reachability (BFS): 3 iterations in 0.00 seconds (average 0.001333, setup 0.00)

Time for model construction: 11.552 seconds.

Type:        MDP
States:      8000 (1 initial)
Transitions: 127066763
Choices:     32000

Transition matrix: 15428827 nodes (517835 terminal), 127066763 minterms, vars: 15r/15c/4nd

Prob0A: 2 iterations in 0.01 seconds (average 0.003000, setup 0.00)

Prob1E: 4 iterations in 0.00 seconds (average 0.000500, setup 0.00)

yes = 10, no = 45, maybe = 7945

Computing remaining probabilities...
Engine: Sparse

Building sparse matrix (FOR POLICY ITERASION)... [n=8000, nc=31780, nnz=126177088, k=4] [1.4 GB]
Creating vector for yes...[62.5 KB]
Allocating iteration vectors... [2 x 62.5 KB]
TOTAL: [1.4 GB]

Starting iterations...
Iteration 204: max relative diff=0.019204, 5.80 sec so far
Iteration 408: max relative diff=0.001351, 11.59 sec so far
Iteration 612: max relative diff=0.000036, 17.41 sec so far
Iteration 816: max relative diff=0.000003, 23.25 sec so far
Iteration 1020: max relative diff=0.000000, 29.10 sec so far
Iteration 1198: max relative diff=0.000000, 34.25 sec so far

Iterative method: 1198 iterations in 34.25 seconds (average 0.028592, setup 9.29)

Value in the initial state: 0.3771204568544115

Time for model checking: 44.046 seconds.

Result: 0.3771204568544115 (value in the initial state)

