PRISM
=====

Version: 4.4.dev
Date: Tue Jun 19 16:01:14 IRDT 2018
Hostname: sadegh-H81M-S2PH
Memory limits: cudd=1g, java(heap)=2.1g
Command line: prism dns171.nm dns.pctl -s -backwardvaliter -maxiters 90050 -epsilon 1e-6 -javamaxmem 2400m

Parsing model file "dns171.nm"...

Parsing properties file "dns.pctl"...

1 property:
(1) Pmax=? [ "pp" U "qq" ]

Type:        MDP
Modules:     m1 m2 m3 
Variables:   s1 s2 s3 

---------------------------------------------------------------------

Model checking: Pmax=? [ "pp" U "qq" ]

Building model...

Computing reachable states...

Reachability (BFS): 3 iterations in 0.01 seconds (average 0.002667, setup 0.00)

Time for model construction: 21.121 seconds.

Type:        MDP
States:      9600 (1 initial)
Transitions: 38815680
Choices:     38400

Transition matrix: 19762741 nodes (672733 terminal), 38815680 minterms, vars: 15r/15c/4nd

Prob0A: 3 iterations in 0.01 seconds (average 0.002667, setup 0.00)

Prob1E: 4 iterations in 0.00 seconds (average 0.001000, setup 0.00)

yes = 10, no = 66, maybe = 9524

Computing remaining probabilities...
Engine: Sparse

Building sparse matrix(FOR GS)... [n=9600, nc=38096, nnz=38507193, k=4] [440.9 MB]
Creating vector for yes...[75.0 KB]
Allocating iteration vectors... [2 x 75.0 KB]
TOTAL: [441.1 MB]

Starting iterations...
Iteration 72: max relative diff=0.006226, 5.04 sec so far
Iteration 149: max relative diff=0.001724, 10.09 sec so far
Iteration 226: max relative diff=0.000706, 15.14 sec so far
Iteration 303: max relative diff=0.000332, 20.19 sec so far
Iteration 380: max relative diff=0.000166, 25.24 sec so far
Iteration 457: max relative diff=0.000085, 30.29 sec so far
Iteration 534: max relative diff=0.000044, 35.34 sec so far
Iteration 611: max relative diff=0.000023, 40.38 sec so far
Iteration 688: max relative diff=0.000012, 45.43 sec so far
Iteration 765: max relative diff=0.000006, 50.48 sec so far
Iteration 842: max relative diff=0.000003, 55.52 sec so far
Iteration 917: max relative diff=0.000002, 60.55 sec so far

Iterative method: 990 iterations in 65.34 seconds (average 0.065997, setup 8.16)

Value in the initial state: 0.4519923530600946

Time for model checking: 73.727 seconds.

Result: 0.4519923530600946 (value in the initial state)

Warning: CUDD reports 19995702 non-zero references.

