PRISM
=====

Version: 4.4.dev
Date: Sun Jun 17 23:23:14 IRDT 2018
Hostname: sadegh-H81M-S2PH
Memory limits: cudd=1g, java(heap)=2.1g
Command line: prism dns84.nm dns.pctl -s -backwardvaliter -maxiters 90050 -epsilon 1e-6 -javamaxmem 2400m

Parsing model file "dns84.nm"...

Parsing properties file "dns.pctl"...

1 property:
(1) Pmax=? [ "pp" U "qq" ]

Type:        MDP
Modules:     m1 m2 m3 
Variables:   s1 s2 s3 

---------------------------------------------------------------------

Model checking: Pmax=? [ "pp" U "qq" ]

Building model...

Computing reachable states...

Reachability (BFS): 3 iterations in 0.01 seconds (average 0.001667, setup 0.00)

Time for model construction: 18.534 seconds.

Type:        MDP
States:      10400 (1 initial)
Transitions: 155426131
Choices:     31200

Transition matrix: 17097767 nodes (330486 terminal), 155426131 minterms, vars: 15r/15c/3nd

Prob0A: 2 iterations in 0.01 seconds (average 0.004000, setup 0.00)

Prob1E: 4 iterations in 0.01 seconds (average 0.001750, setup 0.00)

yes = 10, no = 28, maybe = 10362

Computing remaining probabilities...
Engine: Sparse

Building sparse matrix(FOR GS)... [n=10400, nc=31086, nnz=154881310, k=3] [1.7 GB]
Creating vector for yes...[81.2 KB]
Allocating iteration vectors... [2 x 81.2 KB]
TOTAL: [1.7 GB]

Starting iterations...
Iteration 12: max relative diff=0.085475, 5.04 sec so far
Iteration 32: max relative diff=0.025244, 10.20 sec so far
Iteration 52: max relative diff=0.012991, 15.36 sec so far
Iteration 72: max relative diff=0.007937, 20.52 sec so far
Iteration 92: max relative diff=0.005305, 25.69 sec so far
Iteration 112: max relative diff=0.003751, 30.85 sec so far
Iteration 132: max relative diff=0.002757, 36.02 sec so far
Iteration 152: max relative diff=0.002085, 41.18 sec so far
Iteration 172: max relative diff=0.001606, 46.34 sec so far
Iteration 192: max relative diff=0.001256, 51.50 sec so far
Iteration 212: max relative diff=0.000995, 56.66 sec so far
Iteration 232: max relative diff=0.000796, 61.83 sec so far
Iteration 252: max relative diff=0.000642, 67.00 sec so far
Iteration 272: max relative diff=0.000521, 72.16 sec so far
Iteration 292: max relative diff=0.000424, 77.32 sec so far
Iteration 312: max relative diff=0.000347, 82.48 sec so far
Iteration 332: max relative diff=0.000285, 87.64 sec so far
Iteration 352: max relative diff=0.000234, 92.81 sec so far
Iteration 372: max relative diff=0.000193, 97.97 sec so far
Iteration 392: max relative diff=0.000160, 103.14 sec so far
Iteration 412: max relative diff=0.000132, 108.30 sec so far
Iteration 432: max relative diff=0.000110, 113.46 sec so far
Iteration 452: max relative diff=0.000091, 118.62 sec so far
Iteration 472: max relative diff=0.000076, 123.79 sec so far
Iteration 492: max relative diff=0.000063, 128.96 sec so far
Iteration 512: max relative diff=0.000052, 134.12 sec so far
Iteration 532: max relative diff=0.000043, 139.28 sec so far
Iteration 552: max relative diff=0.000036, 144.44 sec so far
Iteration 572: max relative diff=0.000030, 149.61 sec so far
Iteration 592: max relative diff=0.000025, 154.77 sec so far
Iteration 612: max relative diff=0.000021, 159.94 sec so far
Iteration 632: max relative diff=0.000017, 165.11 sec so far
Iteration 652: max relative diff=0.000014, 170.27 sec so far
Iteration 672: max relative diff=0.000012, 175.44 sec so far
Iteration 692: max relative diff=0.000010, 180.61 sec so far
Iteration 712: max relative diff=0.000008, 185.77 sec so far
Iteration 732: max relative diff=0.000007, 190.94 sec so far
Iteration 752: max relative diff=0.000006, 196.10 sec so far
Iteration 772: max relative diff=0.000005, 201.26 sec so far
Iteration 792: max relative diff=0.000004, 206.42 sec so far
Iteration 812: max relative diff=0.000003, 211.58 sec so far
Iteration 832: max relative diff=0.000003, 216.74 sec so far
Iteration 852: max relative diff=0.000002, 221.90 sec so far
Iteration 872: max relative diff=0.000002, 227.07 sec so far
Iteration 892: max relative diff=0.000002, 232.22 sec so far
Iteration 912: max relative diff=0.000001, 237.39 sec so far
Iteration 932: max relative diff=0.000001, 242.55 sec so far

Iterative method: 946 iterations in 246.16 seconds (average 0.260217, setup 17.52)

Value in the initial state: 0.46192429515469674

Time for model checking: 264.415 seconds.

Result: 0.46192429515469674 (value in the initial state)

Warning: CUDD reports 17641199 non-zero references.

