PRISM
=====

Version: 4.4.dev
Date: Sun Jun 17 22:11:00 IRDT 2018
Hostname: sadegh-H81M-S2PH
Memory limits: cudd=1g, java(heap)=2.1g
Command line: prism dns80.nm dns.pctl -s -gs -maxiters 90050 -epsilon 1e-6 -javamaxmem 2400m

Parsing model file "dns80.nm"...

Parsing properties file "dns.pctl"...

1 property:
(1) Pmax=? [ "pp" U "qq" ]

Type:        MDP
Modules:     m1 m2 m3 
Variables:   s1 s2 s3 

---------------------------------------------------------------------

Model checking: Pmax=? [ "pp" U "qq" ]

Building model...

Computing reachable states...

Reachability (BFS): 3 iterations in 0.00 seconds (average 0.001333, setup 0.00)

Time for model construction: 11.363 seconds.

Type:        MDP
States:      7200 (1 initial)
Transitions: 122593248
Choices:     28800

Transition matrix: 10869313 nodes (293525 terminal), 122593248 minterms, vars: 15r/15c/4nd

Prob0A: 2 iterations in 0.01 seconds (average 0.003000, setup 0.00)

Prob1E: 4 iterations in 0.00 seconds (average 0.001000, setup 0.00)

yes = 10, no = 78, maybe = 7112

Computing remaining probabilities...
Engine: Sparse

Building sparse matrix(FOR GS)... [n=7200, nc=28448, nnz=121088132, k=4] [1.4 GB]
Creating vector for yes...[56.2 KB]
Allocating iteration vectors... [2 x 56.2 KB]
TOTAL: [1.4 GB]

Starting iterations...
Iteration 25: max relative diff=0.028443, 5.04 sec so far
Iteration 50: max relative diff=0.008983, 10.07 sec so far
Iteration 75: max relative diff=0.003802, 15.11 sec so far
Iteration 100: max relative diff=0.001783, 20.15 sec so far
Iteration 125: max relative diff=0.000875, 25.19 sec so far
Iteration 150: max relative diff=0.000439, 30.22 sec so far
Iteration 175: max relative diff=0.000223, 35.26 sec so far
Iteration 200: max relative diff=0.000113, 40.29 sec so far
Iteration 225: max relative diff=0.000058, 45.33 sec so far
Iteration 250: max relative diff=0.000030, 50.36 sec so far
Iteration 275: max relative diff=0.000015, 55.40 sec so far
Iteration 300: max relative diff=0.000008, 60.44 sec so far
Iteration 325: max relative diff=0.000004, 65.48 sec so far
Iteration 350: max relative diff=0.000002, 70.52 sec so far
Iteration 375: max relative diff=0.000001, 75.56 sec so far

Iterative method: 377 iterations in 75.96 seconds (average 0.201477, setup 14.11)

Value in the initial state: 0.20579501677924913

Time for model checking: 90.845 seconds.

Result: 0.20579501677924913 (value in the initial state)

