PRISM
=====

Version: 4.4.dev
Date: Sun Jun 17 18:34:58 IRDT 2018
Hostname: sadegh-H81M-S2PH
Memory limits: cudd=1g, java(heap)=2.1g
Command line: prism dns69.nm dns.pctl -s -gs -maxiters 90050 -epsilon 1e-6 -javamaxmem 2400m

Parsing model file "dns69.nm"...

Parsing properties file "dns.pctl"...

1 property:
(1) Pmax=? [ "pp" U "qq" ]

Type:        MDP
Modules:     m1 m2 m3 
Variables:   s1 s2 s3 

---------------------------------------------------------------------

Model checking: Pmax=? [ "pp" U "qq" ]

Building model...

Computing reachable states...

Reachability (BFS): 3 iterations in 0.00 seconds (average 0.001333, setup 0.00)

Time for model construction: 6.775 seconds.

Type:        MDP
States:      6800 (1 initial)
Transitions: 56531436
Choices:     13600

Transition matrix: 6399767 nodes (427941 terminal), 56531436 minterms, vars: 15r/15c/2nd

Prob0A: 2 iterations in 0.00 seconds (average 0.001500, setup 0.00)

Prob1E: 4 iterations in 0.00 seconds (average 0.000500, setup 0.00)

yes = 10, no = 78, maybe = 6712

Computing remaining probabilities...
Engine: Sparse

Building sparse matrix(FOR GS)... [n=6800, nc=13424, nnz=55751901, k=2] [638.1 MB]
Creating vector for yes...[53.1 KB]
Allocating iteration vectors... [2 x 53.1 KB]
TOTAL: [638.3 MB]

Starting iterations...
Iteration 54: max relative diff=0.007021, 5.03 sec so far
Iteration 108: max relative diff=0.001128, 10.05 sec so far
Iteration 162: max relative diff=0.000215, 15.08 sec so far
Iteration 216: max relative diff=0.000042, 20.11 sec so far
Iteration 270: max relative diff=0.000008, 25.13 sec so far
Iteration 324: max relative diff=0.000002, 30.15 sec so far

Iterative method: 341 iterations in 31.73 seconds (average 0.093062, setup 6.79)

Value in the initial state: 0.2245060494191717

Time for model checking: 38.827 seconds.

Result: 0.2245060494191717 (value in the initial state)

