PRISM
=====

Version: 4.4.dev
Date: Sun May 20 18:43:10 IRDT 2018
Hostname: sadegh-H81M-S2PH
Memory limits: cudd=1g, java(heap)=2.1g
Command line: prism dns77.nm dns.pctl -s -improvedmodpoliter2 -maxiters 90050 -epsilon 1e-8 -javamaxmem 2400m

Parsing model file "dns77.nm"...

Parsing properties file "dns.pctl"...

1 property:
(1) Pmax=? [ "pp" U "qq" ]

Type:        MDP
Modules:     m1 m2 m3 
Variables:   s1 s2 s3 

---------------------------------------------------------------------

Model checking: Pmax=? [ "pp" U "qq" ]

Building model...

Computing reachable states...

Reachability (BFS): 3 iterations in 0.00 seconds (average 0.001333, setup 0.00)

Time for model construction: 7.844 seconds.

Type:        MDP
States:      8000 (1 initial)
Transitions: 115011792
Choices:     24000

Transition matrix: 9982226 nodes (289249 terminal), 115011792 minterms, vars: 15r/15c/3nd

Prob0A: 2 iterations in 0.00 seconds (average 0.001000, setup 0.00)

Prob1E: 4 iterations in 0.00 seconds (average 0.000250, setup 0.00)

yes = 10, no = 28, maybe = 7962

Computing remaining probabilities...
Engine: Sparse

Building sparse matrix (FOR POLICY ITERASION)... [n=8000, nc=23886, nnz=114504712, k=3] [1.3 GB]
Creating vector for yes...[62.5 KB]
Allocating iteration vectors... [2 x 62.5 KB]
TOTAL: [1.3 GB]

Starting iterations...
Iteration 303: max relative diff=0.004949, 5.33 sec so far
Iteration 606: max relative diff=0.000528, 10.68 sec so far
Iteration 909: max relative diff=0.000075, 16.03 sec so far
Iteration 1212: max relative diff=0.000013, 21.39 sec so far
Iteration 1515: max relative diff=0.000002, 26.79 sec so far
Iteration 1818: max relative diff=0.000000, 32.88 sec so far
Iteration 2121: max relative diff=0.000000, 39.18 sec so far

Iterative method: 2293 iterations in 42.86 seconds (average 0.018693, setup 6.96)


Number of scallar multiplications: 42977M 

Value in the initial state: 0.37861698720451215

Time for model checking: 50.951 seconds.

Result: 0.37861698720451215 (value in the initial state)

