PRISM
=====

Version: 4.4.dev
Date: Mon Jun 18 06:53:56 IRDT 2018
Hostname: sadegh-H81M-S2PH
Memory limits: cudd=1g, java(heap)=2.1g
Command line: prism dns114.nm dns.pctl -s -gs -maxiters 90050 -epsilon 1e-6 -javamaxmem 2400m

Parsing model file "dns114.nm"...

Parsing properties file "dns.pctl"...

1 property:
(1) Pmax=? [ "pp" U "qq" ]

Type:        MDP
Modules:     m1 m2 m3 
Variables:   s1 s2 s3 

---------------------------------------------------------------------

Model checking: Pmax=? [ "pp" U "qq" ]

Building model...

Computing reachable states...

Reachability (BFS): 3 iterations in 0.01 seconds (average 0.001667, setup 0.00)

Time for model construction: 20.37 seconds.

Type:        MDP
States:      10000 (1 initial)
Transitions: 123910600
Choices:     30000

Transition matrix: 17618754 nodes (296745 terminal), 123910600 minterms, vars: 15r/15c/3nd

Prob0A: 2 iterations in 0.01 seconds (average 0.002500, setup 0.00)

Prob1E: 4 iterations in 0.00 seconds (average 0.000250, setup 0.00)

yes = 10, no = 21, maybe = 9969

Computing remaining probabilities...
Engine: Sparse

Building sparse matrix(FOR GS)... [n=10000, nc=29907, nnz=123534742, k=3] [1.4 GB]
Creating vector for yes...[78.1 KB]
Allocating iteration vectors... [2 x 78.1 KB]
TOTAL: [1.4 GB]

Starting iterations...
Iteration 25: max relative diff=0.037295, 5.16 sec so far
Iteration 50: max relative diff=0.016095, 10.33 sec so far
Iteration 75: max relative diff=0.009422, 15.49 sec so far
Iteration 100: max relative diff=0.006245, 20.66 sec so far
Iteration 125: max relative diff=0.004436, 25.82 sec so far
Iteration 150: max relative diff=0.003298, 30.99 sec so far
Iteration 175: max relative diff=0.002530, 36.15 sec so far
Iteration 200: max relative diff=0.001987, 41.31 sec so far
Iteration 225: max relative diff=0.001590, 46.48 sec so far
Iteration 250: max relative diff=0.001291, 51.64 sec so far
Iteration 275: max relative diff=0.001060, 56.80 sec so far
Iteration 300: max relative diff=0.000879, 61.96 sec so far
Iteration 325: max relative diff=0.000734, 67.12 sec so far
Iteration 350: max relative diff=0.000617, 72.28 sec so far
Iteration 375: max relative diff=0.000521, 77.44 sec so far
Iteration 400: max relative diff=0.000442, 82.60 sec so far
Iteration 425: max relative diff=0.000376, 87.76 sec so far
Iteration 450: max relative diff=0.000321, 92.91 sec so far
Iteration 475: max relative diff=0.000275, 98.06 sec so far
Iteration 500: max relative diff=0.000236, 103.21 sec so far
Iteration 525: max relative diff=0.000203, 108.36 sec so far
Iteration 550: max relative diff=0.000175, 113.52 sec so far
Iteration 575: max relative diff=0.000151, 118.68 sec so far
Iteration 600: max relative diff=0.000131, 123.83 sec so far
Iteration 625: max relative diff=0.000113, 128.99 sec so far
Iteration 650: max relative diff=0.000098, 134.15 sec so far
Iteration 675: max relative diff=0.000085, 139.31 sec so far
Iteration 700: max relative diff=0.000074, 144.46 sec so far
Iteration 725: max relative diff=0.000064, 149.62 sec so far
Iteration 750: max relative diff=0.000055, 154.77 sec so far
Iteration 775: max relative diff=0.000048, 159.93 sec so far
Iteration 800: max relative diff=0.000042, 165.08 sec so far
Iteration 825: max relative diff=0.000036, 170.23 sec so far
Iteration 850: max relative diff=0.000032, 175.37 sec so far
Iteration 875: max relative diff=0.000027, 180.52 sec so far
Iteration 900: max relative diff=0.000024, 185.67 sec so far
Iteration 925: max relative diff=0.000021, 190.83 sec so far
Iteration 950: max relative diff=0.000018, 195.98 sec so far
Iteration 975: max relative diff=0.000016, 201.13 sec so far
Iteration 1000: max relative diff=0.000014, 206.29 sec so far
Iteration 1025: max relative diff=0.000012, 211.44 sec so far
Iteration 1050: max relative diff=0.000010, 216.60 sec so far
Iteration 1075: max relative diff=0.000009, 221.75 sec so far
Iteration 1100: max relative diff=0.000008, 226.90 sec so far
Iteration 1125: max relative diff=0.000007, 232.05 sec so far
Iteration 1150: max relative diff=0.000006, 237.20 sec so far
Iteration 1175: max relative diff=0.000005, 242.35 sec so far
Iteration 1200: max relative diff=0.000005, 247.51 sec so far
Iteration 1224: max relative diff=0.000004, 252.57 sec so far
Iteration 1249: max relative diff=0.000003, 257.73 sec so far
Iteration 1274: max relative diff=0.000003, 262.87 sec so far
Iteration 1299: max relative diff=0.000003, 268.02 sec so far
Iteration 1324: max relative diff=0.000002, 273.18 sec so far
Iteration 1349: max relative diff=0.000002, 278.34 sec so far
Iteration 1374: max relative diff=0.000002, 283.49 sec so far
Iteration 1399: max relative diff=0.000002, 288.65 sec so far
Iteration 1424: max relative diff=0.000001, 293.81 sec so far
Iteration 1449: max relative diff=0.000001, 298.96 sec so far
Iteration 1474: max relative diff=0.000001, 304.12 sec so far

Iterative method: 1474 iterations in 304.12 seconds (average 0.206321, setup 16.08)

Value in the initial state: 0.4287826781102075

Time for model checking: 320.709 seconds.

Result: 0.4287826781102075 (value in the initial state)

