PRISM
=====

Version: 4.4.dev
Date: Sun May 20 11:58:02 IRDT 2018
Hostname: sadegh-H81M-S2PH
Memory limits: cudd=1g, java(heap)=2.1g
Command line: prism dns20.nm dns.pctl -s -improvedmodpoliter -maxiters 90050 -epsilon 1e-8 -javamaxmem 2400m

Parsing model file "dns20.nm"...

Parsing properties file "dns.pctl"...

1 property:
(1) Pmax=? [ "pp" U "qq" ]

Type:        MDP
Modules:     m1 m2 m3 
Variables:   s1 s2 s3 

---------------------------------------------------------------------

Model checking: Pmax=? [ "pp" U "qq" ]

Building model...

Computing reachable states...

Reachability (BFS): 3 iterations in 0.00 seconds (average 0.000333, setup 0.00)

Time for model construction: 7.13 seconds.

Type:        MDP
States:      8000 (1 initial)
Transitions: 186452652
Choices:     24000

Transition matrix: 8917711 nodes (421243 terminal), 186452652 minterms, vars: 15r/15c/3nd

Prob0A: 2 iterations in 0.00 seconds (average 0.001000, setup 0.00)

Prob1E: 4 iterations in 0.00 seconds (average 0.000000, setup 0.00)

yes = 10, no = 36, maybe = 7954

Computing remaining probabilities...
Engine: Sparse

Building sparse matrix (FOR POLICY ITERASION)... [n=8000, nc=23862, nnz=185398637, k=3] [2.1 GB]
Creating vector for yes...[62.5 KB]
Allocating iteration vectors... [2 x 62.5 KB]
TOTAL: [2.1 GB]

Starting iterations...
Iteration 102: max relative diff=0.276877, 5.67 sec so far
Iteration 204: max relative diff=0.019559, 11.51 sec so far
Iteration 306: max relative diff=0.007029, 17.37 sec so far
Iteration 408: max relative diff=0.001881, 23.21 sec so far
Iteration 510: max relative diff=0.000734, 29.06 sec so far
Iteration 612: max relative diff=0.000158, 35.20 sec so far
Iteration 714: max relative diff=0.000064, 41.23 sec so far
Iteration 816: max relative diff=0.000011, 47.19 sec so far
Iteration 918: max relative diff=0.000004, 53.24 sec so far
Iteration 1020: max relative diff=0.000001, 59.08 sec so far
Iteration 1122: max relative diff=0.000000, 65.11 sec so far
Iteration 1224: max relative diff=0.000001, 71.07 sec so far
Iteration 1326: max relative diff=0.000000, 77.13 sec so far
Iteration 1428: max relative diff=0.000000, 83.25 sec so far
Iteration 1530: max relative diff=0.000000, 89.29 sec so far

Iterative method: 1530 iterations in 89.29 seconds (average 0.058357, setup 9.32)

Value in the initial state: 0.3509783409665873

Time for model checking: 99.329 seconds.

Result: 0.3509783409665873 (value in the initial state)

