PRISM
=====

Version: 4.4.dev
Date: Tue Jun 19 11:15:21 IRDT 2018
Hostname: sadegh-H81M-S2PH
Memory limits: cudd=1g, java(heap)=2.1g
Command line: prism dns151.nm dns.pctl -s -bucketvaliter2 -maxiters 90050 -javamaxmem 2400m

Parsing model file "dns151.nm"...

Parsing properties file "dns.pctl"...

1 property:
(1) Pmax=? [ "pp" U "qq" ]

Type:        MDP
Modules:     m1 m2 m3 
Variables:   s1 s2 s3 

---------------------------------------------------------------------

Model checking: Pmax=? [ "pp" U "qq" ]

Building model...

Computing reachable states...

Reachability (BFS): 3 iterations in 0.02 seconds (average 0.006333, setup 0.00)

Time for model construction: 24.688 seconds.

Type:        MDP
States:      9200 (1 initial)
Transitions: 70132550
Choices:     36800

Transition matrix: 20812975 nodes (604660 terminal), 70132550 minterms, vars: 15r/15c/4nd

Prob0A: 2 iterations in 0.01 seconds (average 0.003500, setup 0.00)

Prob1E: 4 iterations in 0.01 seconds (average 0.001250, setup 0.00)

yes = 10, no = 120, maybe = 9070

Computing remaining probabilities...
Engine: Sparse

Building sparse matrix(FOR GS)... [n=9200, nc=36280, nnz=69185050, k=4] [791.9 MB]
Creating vector for yes...[71.9 KB]
Allocating iteration vectors... [2 x 71.9 KB]
TOTAL: [792.1 MB]

Starting iterations...

Iterative method: 1214940 iterations in 149.96 seconds (average 0.000123, setup 12.45)

Value in the initial state: 0.287353651817427

Time for model checking: 164.824 seconds.

Result: 0.287353651817427 (value in the initial state)

