PRISM
=====

Version: 4.4.dev
Date: Sun May 20 20:09:40 IRDT 2018
Hostname: sadegh-H81M-S2PH
Memory limits: cudd=1g, java(heap)=2.1g
Command line: prism dns89.nm dns.pctl -s -improvedmodpoliter -maxiters 90050 -epsilon 1e-8 -javamaxmem 2400m

Parsing model file "dns89.nm"...

Parsing properties file "dns.pctl"...

1 property:
(1) Pmax=? [ "pp" U "qq" ]

Type:        MDP
Modules:     m1 m2 m3 
Variables:   s1 s2 s3 

---------------------------------------------------------------------

Model checking: Pmax=? [ "pp" U "qq" ]

Building model...

Computing reachable states...

Reachability (BFS): 3 iterations in 0.00 seconds (average 0.001000, setup 0.00)

Time for model construction: 11.111 seconds.

Type:        MDP
States:      6400 (1 initial)
Transitions: 121114971
Choices:     38400

Transition matrix: 14521556 nodes (733273 terminal), 121114971 minterms, vars: 14r/14c/6nd

Prob0A: 2 iterations in 0.01 seconds (average 0.005000, setup 0.00)

Prob1E: 4 iterations in 0.00 seconds (average 0.000500, setup 0.00)

yes = 10, no = 28, maybe = 6362

Computing remaining probabilities...
Engine: Sparse

Building sparse matrix (FOR POLICY ITERASION)... [n=6400, nc=38172, nnz=120392789, k=6] [1.3 GB]
Creating vector for yes...[50.0 KB]
Allocating iteration vectors... [2 x 50.0 KB]
TOTAL: [1.3 GB]

Starting iterations...
Iteration 306: max relative diff=0.007399, 5.53 sec so far
Iteration 612: max relative diff=0.000125, 11.15 sec so far
Iteration 918: max relative diff=0.000002, 16.75 sec so far
Iteration 1224: max relative diff=0.000000, 22.36 sec so far

Iterative method: 1400 iterations in 25.62 seconds (average 0.018304, setup 8.41)

Value in the initial state: 0.5968937625739689

Time for model checking: 34.49 seconds.

Result: 0.5968937625739689 (value in the initial state)

