PRISM
=====

Version: 4.4.dev
Date: Sun May 20 12:18:58 IRDT 2018
Hostname: sadegh-H81M-S2PH
Memory limits: cudd=1g, java(heap)=2.1g
Command line: prism dns24.nm dns.pctl -s -improvedmodpoliter -maxiters 90050 -epsilon 1e-8 -javamaxmem 2400m

Parsing model file "dns24.nm"...

Parsing properties file "dns.pctl"...

1 property:
(1) Pmax=? [ "pp" U "qq" ]

Type:        MDP
Modules:     m1 m2 m3 
Variables:   s1 s2 s3 

---------------------------------------------------------------------

Model checking: Pmax=? [ "pp" U "qq" ]

Building model...

Computing reachable states...

Reachability (BFS): 3 iterations in 0.00 seconds (average 0.000333, setup 0.00)

Time for model construction: 7.933 seconds.

Type:        MDP
States:      8400 (1 initial)
Transitions: 165412176
Choices:     25200

Transition matrix: 10319443 nodes (274533 terminal), 165412176 minterms, vars: 15r/15c/3nd

Prob0A: 2 iterations in 0.01 seconds (average 0.002500, setup 0.00)

Prob1E: 4 iterations in 0.00 seconds (average 0.000250, setup 0.00)

yes = 10, no = 78, maybe = 8312

Computing remaining probabilities...
Engine: Sparse

Building sparse matrix (FOR POLICY ITERASION)... [n=8400, nc=24936, nnz=163652036, k=3] [1.8 GB]
Creating vector for yes...[65.6 KB]
Allocating iteration vectors... [2 x 65.6 KB]
TOTAL: [1.8 GB]

Starting iterations...
Iteration 102: max relative diff=0.162451, 5.02 sec so far
Iteration 204: max relative diff=0.008325, 10.33 sec so far
Iteration 306: max relative diff=0.000912, 15.65 sec so far
Iteration 408: max relative diff=0.000103, 20.96 sec so far
Iteration 510: max relative diff=0.000004, 26.23 sec so far
Iteration 612: max relative diff=0.000001, 31.49 sec so far
Iteration 714: max relative diff=0.000000, 36.75 sec so far

Iterative method: 798 iterations in 41.17 seconds (average 0.051598, setup 10.38)

Value in the initial state: 0.18661806886654805

Time for model checking: 52.377 seconds.

Result: 0.18661806886654805 (value in the initial state)

