PRISM
=====

Version: 4.4.dev
Date: Sun Jun 17 12:21:21 IRDT 2018
Hostname: sadegh-H81M-S2PH
Memory limits: cudd=1g, java(heap)=2.1g
Command line: prism dns51.nm dns.pctl -s -gs -maxiters 90050 -epsilon 1e-6 -javamaxmem 2400m

Parsing model file "dns51.nm"...

Parsing properties file "dns.pctl"...

1 property:
(1) Pmax=? [ "pp" U "qq" ]

Type:        MDP
Modules:     m1 m2 m3 
Variables:   s1 s2 s3 

---------------------------------------------------------------------

Model checking: Pmax=? [ "pp" U "qq" ]

Building model...

Computing reachable states...

Reachability (BFS): 3 iterations in 0.00 seconds (average 0.001000, setup 0.00)

Time for model construction: 12.585 seconds.

Type:        MDP
States:      9200 (1 initial)
Transitions: 172426863
Choices:     27600

Transition matrix: 11717870 nodes (218542 terminal), 172426863 minterms, vars: 15r/15c/3nd

Prob0A: 2 iterations in 0.01 seconds (average 0.003000, setup 0.00)

Prob1E: 4 iterations in 0.01 seconds (average 0.001250, setup 0.00)

yes = 10, no = 120, maybe = 9070

Computing remaining probabilities...
Engine: Sparse

Building sparse matrix(FOR GS)... [n=9200, nc=27210, nnz=169979858, k=3] [1.9 GB]
Creating vector for yes...[71.9 KB]
Allocating iteration vectors... [2 x 71.9 KB]
TOTAL: [1.9 GB]

Starting iterations...
Iteration 18: max relative diff=0.044197, 5.09 sec so far
Iteration 36: max relative diff=0.015307, 10.19 sec so far
Iteration 54: max relative diff=0.007072, 15.27 sec so far
Iteration 72: max relative diff=0.003647, 20.36 sec so far
Iteration 90: max relative diff=0.001984, 25.45 sec so far
Iteration 108: max relative diff=0.001108, 30.54 sec so far
Iteration 126: max relative diff=0.000628, 35.63 sec so far
Iteration 144: max relative diff=0.000358, 40.72 sec so far
Iteration 162: max relative diff=0.000206, 45.81 sec so far
Iteration 180: max relative diff=0.000118, 50.91 sec so far
Iteration 198: max relative diff=0.000068, 56.00 sec so far
Iteration 216: max relative diff=0.000039, 61.09 sec so far
Iteration 234: max relative diff=0.000023, 66.18 sec so far
Iteration 252: max relative diff=0.000013, 71.27 sec so far
Iteration 270: max relative diff=0.000008, 76.36 sec so far
Iteration 288: max relative diff=0.000004, 81.45 sec so far
Iteration 306: max relative diff=0.000003, 86.54 sec so far
Iteration 324: max relative diff=0.000001, 91.63 sec so far

Iterative method: 337 iterations in 95.31 seconds (average 0.282810, setup 19.25)

Value in the initial state: 0.14425785685333228

Time for model checking: 115.374 seconds.

Result: 0.14425785685333228 (value in the initial state)

