PRISM
=====

Version: 4.4.dev
Date: Mon Jun 18 10:12:35 IRDT 2018
Hostname: sadegh-H81M-S2PH
Memory limits: cudd=1g, java(heap)=2.1g
Command line: prism dns125.nm dns.pctl -s -gs -maxiters 90050 -epsilon 1e-6 -javamaxmem 2400m

Parsing model file "dns125.nm"...

Parsing properties file "dns.pctl"...

1 property:
(1) Pmax=? [ "pp" U "qq" ]

Type:        MDP
Modules:     m1 m2 m3 
Variables:   s1 s2 s3 

---------------------------------------------------------------------

Model checking: Pmax=? [ "pp" U "qq" ]

Building model...

Computing reachable states...

Reachability (BFS): 3 iterations in 0.01 seconds (average 0.001667, setup 0.00)

Time for model construction: 15.684 seconds.

Type:        MDP
States:      9200 (1 initial)
Transitions: 76486730
Choices:     27600

Transition matrix: 15229371 nodes (448412 terminal), 76486730 minterms, vars: 15r/15c/3nd

Prob0A: 3 iterations in 0.00 seconds (average 0.001000, setup 0.00)

Prob1E: 9 iterations in 0.01 seconds (average 0.000778, setup 0.00)

yes = 10, no = 10, maybe = 9180

Computing remaining probabilities...
Engine: Sparse

Building sparse matrix(FOR GS)... [n=9200, nc=27540, nnz=76292282, k=3] [873.2 MB]
Creating vector for yes...[71.9 KB]
Allocating iteration vectors... [2 x 71.9 KB]
TOTAL: [873.4 MB]

Starting iterations...
Iteration 40: max relative diff=0.020663, 5.10 sec so far
Iteration 80: max relative diff=0.008063, 10.19 sec so far
Iteration 120: max relative diff=0.004303, 15.29 sec so far
Iteration 159: max relative diff=0.002680, 20.30 sec so far
Iteration 199: max relative diff=0.001799, 25.40 sec so far
Iteration 238: max relative diff=0.001299, 30.49 sec so far
Iteration 278: max relative diff=0.000975, 35.58 sec so far
Iteration 318: max relative diff=0.000758, 40.68 sec so far
Iteration 358: max relative diff=0.000604, 45.78 sec so far
Iteration 398: max relative diff=0.000492, 50.88 sec so far
Iteration 438: max relative diff=0.000407, 55.99 sec so far
Iteration 478: max relative diff=0.000340, 61.09 sec so far
Iteration 518: max relative diff=0.000288, 66.19 sec so far
Iteration 558: max relative diff=0.000246, 71.29 sec so far
Iteration 598: max relative diff=0.000211, 76.39 sec so far
Iteration 638: max relative diff=0.000184, 81.49 sec so far
Iteration 678: max relative diff=0.000160, 86.60 sec so far
Iteration 718: max relative diff=0.000141, 91.70 sec so far
Iteration 758: max relative diff=0.000124, 96.81 sec so far
Iteration 798: max relative diff=0.000110, 101.91 sec so far
Iteration 838: max relative diff=0.000098, 107.00 sec so far
Iteration 877: max relative diff=0.000087, 112.06 sec so far
Iteration 917: max relative diff=0.000078, 117.16 sec so far
Iteration 957: max relative diff=0.000070, 122.26 sec so far
Iteration 997: max relative diff=0.000063, 127.36 sec so far
Iteration 1037: max relative diff=0.000056, 132.46 sec so far
Iteration 1077: max relative diff=0.000051, 137.56 sec so far
Iteration 1117: max relative diff=0.000046, 142.66 sec so far
Iteration 1157: max relative diff=0.000041, 147.77 sec so far
Iteration 1197: max relative diff=0.000037, 152.87 sec so far
Iteration 1237: max relative diff=0.000034, 157.97 sec so far
Iteration 1277: max relative diff=0.000030, 163.07 sec so far
Iteration 1317: max relative diff=0.000027, 168.17 sec so far
Iteration 1357: max relative diff=0.000025, 173.27 sec so far
Iteration 1397: max relative diff=0.000023, 178.38 sec so far
Iteration 1437: max relative diff=0.000020, 183.48 sec so far
Iteration 1477: max relative diff=0.000019, 188.58 sec so far
Iteration 1517: max relative diff=0.000017, 193.69 sec so far
Iteration 1557: max relative diff=0.000015, 198.79 sec so far
Iteration 1597: max relative diff=0.000014, 203.88 sec so far
Iteration 1637: max relative diff=0.000013, 208.98 sec so far
Iteration 1677: max relative diff=0.000012, 214.08 sec so far
Iteration 1717: max relative diff=0.000010, 219.19 sec so far
Iteration 1757: max relative diff=0.000010, 224.29 sec so far
Iteration 1797: max relative diff=0.000009, 229.39 sec so far
Iteration 1837: max relative diff=0.000008, 234.49 sec so far
Iteration 1877: max relative diff=0.000007, 239.59 sec so far
Iteration 1917: max relative diff=0.000007, 244.69 sec so far
Iteration 1957: max relative diff=0.000006, 249.79 sec so far
Iteration 1997: max relative diff=0.000005, 254.89 sec so far
Iteration 2037: max relative diff=0.000005, 259.99 sec so far
Iteration 2077: max relative diff=0.000005, 265.10 sec so far
Iteration 2117: max relative diff=0.000004, 270.20 sec so far
Iteration 2157: max relative diff=0.000004, 275.31 sec so far
Iteration 2197: max relative diff=0.000003, 280.40 sec so far
Iteration 2237: max relative diff=0.000003, 285.51 sec so far
Iteration 2277: max relative diff=0.000003, 290.61 sec so far
Iteration 2317: max relative diff=0.000003, 295.70 sec so far
Iteration 2357: max relative diff=0.000002, 300.79 sec so far
Iteration 2397: max relative diff=0.000002, 305.89 sec so far
Iteration 2437: max relative diff=0.000002, 310.99 sec so far
Iteration 2477: max relative diff=0.000002, 316.09 sec so far
Iteration 2517: max relative diff=0.000002, 321.19 sec so far
Iteration 2557: max relative diff=0.000001, 326.29 sec so far
Iteration 2597: max relative diff=0.000001, 331.38 sec so far
Iteration 2637: max relative diff=0.000001, 336.48 sec so far
Iteration 2677: max relative diff=0.000001, 341.58 sec so far
Iteration 2717: max relative diff=0.000001, 346.67 sec so far

Iterative method: 2734 iterations in 348.84 seconds (average 0.127593, setup 10.81)

Value in the initial state: 0.7446662006158556

Time for model checking: 360.023 seconds.

Result: 0.7446662006158556 (value in the initial state)

