PRISM
=====

Version: 4.4.dev
Date: Sun May 20 11:53:00 IRDT 2018
Hostname: sadegh-H81M-S2PH
Memory limits: cudd=1g, java(heap)=2.1g
Command line: prism dns20.nm dns.pctl -s -modpoliter -maxiters 90050 -epsilon 1e-8 -javamaxmem 2400m

Parsing model file "dns20.nm"...

Parsing properties file "dns.pctl"...

1 property:
(1) Pmax=? [ "pp" U "qq" ]

Type:        MDP
Modules:     m1 m2 m3 
Variables:   s1 s2 s3 

---------------------------------------------------------------------

Model checking: Pmax=? [ "pp" U "qq" ]

Building model...

Computing reachable states...

Reachability (BFS): 3 iterations in 0.00 seconds (average 0.000000, setup 0.00)

Time for model construction: 6.045 seconds.

Type:        MDP
States:      8000 (1 initial)
Transitions: 186452652
Choices:     24000

Transition matrix: 8917711 nodes (421243 terminal), 186452652 minterms, vars: 15r/15c/3nd

Prob0A: 2 iterations in 0.00 seconds (average 0.000500, setup 0.00)

Prob1E: 4 iterations in 0.00 seconds (average 0.000250, setup 0.00)

yes = 10, no = 36, maybe = 7954

Computing remaining probabilities...
Engine: Sparse

Building sparse matrix (FOR POLICY ITERASION)... [n=8000, nc=23862, nnz=185398637, k=3] [2.1 GB]
Creating vector for yes...[62.5 KB]
Allocating iteration vectors... [2 x 62.5 KB]
TOTAL: [2.1 GB]

Starting iterations...
Iteration 101: max relative diff=0.270946, 6.58 sec so far
Iteration 202: max relative diff=0.018328, 13.15 sec so far
Iteration 303: max relative diff=0.005869, 19.71 sec so far
Iteration 404: max relative diff=0.001905, 26.58 sec so far
Iteration 505: max relative diff=0.000750, 33.26 sec so far
Iteration 606: max relative diff=0.000133, 39.91 sec so far
Iteration 707: max relative diff=0.000049, 46.52 sec so far
Iteration 808: max relative diff=0.000011, 53.09 sec so far
Iteration 909: max relative diff=0.000004, 59.66 sec so far
Iteration 1010: max relative diff=0.000001, 66.27 sec so far
Iteration 1111: max relative diff=0.000000, 72.87 sec so far
Iteration 1212: max relative diff=0.000000, 79.48 sec so far
Iteration 1313: max relative diff=0.000000, 86.10 sec so far
Iteration 1414: max relative diff=0.000000, 92.67 sec so far

Iterative method: 1456 iterations in 95.47 seconds (average 0.065567, setup 9.34)

Value in the initial state: 0.3509782354358871

Time for model checking: 105.272 seconds.

Result: 0.3509782354358871 (value in the initial state)

