PRISM
=====

Version: 4.4.dev
Date: Sun Jun 17 16:48:20 IRDT 2018
Hostname: sadegh-H81M-S2PH
Memory limits: cudd=1g, java(heap)=2.1g
Command line: prism dns62.nm dns.pctl -s -backwardvaliter -maxiters 90050 -epsilon 1e-6 -javamaxmem 2400m

Parsing model file "dns62.nm"...

Parsing properties file "dns.pctl"...

1 property:
(1) Pmax=? [ "pp" U "qq" ]

Type:        MDP
Modules:     m1 m2 m3 
Variables:   s1 s2 s3 

---------------------------------------------------------------------

Model checking: Pmax=? [ "pp" U "qq" ]

Building model...

Computing reachable states...

Reachability (BFS): 3 iterations in 0.00 seconds (average 0.000333, setup 0.00)

Time for model construction: 7.994 seconds.

Type:        MDP
States:      8400 (1 initial)
Transitions: 84653754
Choices:     16800

Transition matrix: 7484909 nodes (374190 terminal), 84653754 minterms, vars: 15r/15c/2nd

Prob0A: 2 iterations in 0.00 seconds (average 0.001500, setup 0.00)

Prob1E: 4 iterations in 0.00 seconds (average 0.000250, setup 0.00)

yes = 10, no = 78, maybe = 8312

Computing remaining probabilities...
Engine: Sparse

Building sparse matrix(FOR GS)... [n=8400, nc=16624, nnz=83757159, k=2] [958.6 MB]
Creating vector for yes...[65.6 KB]
Allocating iteration vectors... [2 x 65.6 KB]
TOTAL: [958.8 MB]

Starting iterations...
Iteration 33: max relative diff=0.018364, 5.03 sec so far
Iteration 69: max relative diff=0.004582, 10.07 sec so far
Iteration 105: max relative diff=0.001521, 15.10 sec so far
Iteration 141: max relative diff=0.000547, 20.12 sec so far
Iteration 177: max relative diff=0.000203, 25.14 sec so far
Iteration 213: max relative diff=0.000076, 30.17 sec so far
Iteration 249: max relative diff=0.000028, 35.19 sec so far
Iteration 285: max relative diff=0.000011, 40.21 sec so far
Iteration 321: max relative diff=0.000004, 45.23 sec so far
Iteration 357: max relative diff=0.000002, 50.25 sec so far

Iterative method: 373 iterations in 52.48 seconds (average 0.140708, setup 9.03)

Value in the initial state: 0.2172568692013584

Time for model checking: 61.912 seconds.

Result: 0.2172568692013584 (value in the initial state)

Warning: CUDD reports 8119878 non-zero references.

