PRISM
=====

Version: 4.4.dev
Date: Tue Jun 19 17:20:19 IRDT 2018
Hostname: sadegh-H81M-S2PH
Memory limits: cudd=1g, java(heap)=2.1g
Command line: prism dns180.nm dns.pctl -s -backwardvaliter -maxiters 90050 -epsilon 1e-6 -javamaxmem 2400m

Parsing model file "dns180.nm"...

Parsing properties file "dns.pctl"...

1 property:
(1) Pmax=? [ "pp" U "qq" ]

Type:        MDP
Modules:     m1 m2 m3 
Variables:   s1 s2 s3 

---------------------------------------------------------------------

Model checking: Pmax=? [ "pp" U "qq" ]

Building model...

Computing reachable states...

Reachability (BFS): 3 iterations in 0.01 seconds (average 0.002667, setup 0.00)

Time for model construction: 22.908 seconds.

Type:        MDP
States:      9600 (1 initial)
Transitions: 39817360
Choices:     38400

Transition matrix: 19656616 nodes (519544 terminal), 39817360 minterms, vars: 15r/15c/4nd

Prob0A: 3 iterations in 0.01 seconds (average 0.005000, setup 0.00)

Prob1E: 4 iterations in 0.01 seconds (average 0.002250, setup 0.00)

yes = 10, no = 55, maybe = 9535

Computing remaining probabilities...
Engine: Sparse

Building sparse matrix(FOR GS)... [n=9600, nc=38140, nnz=39547950, k=4] [452.8 MB]
Creating vector for yes...[75.0 KB]
Allocating iteration vectors... [2 x 75.0 KB]
TOTAL: [453.0 MB]

Starting iterations...
Iteration 67: max relative diff=0.008676, 5.03 sec so far
Iteration 142: max relative diff=0.002472, 10.07 sec so far
Iteration 217: max relative diff=0.001028, 15.11 sec so far
Iteration 292: max relative diff=0.000488, 20.15 sec so far
Iteration 367: max relative diff=0.000245, 25.20 sec so far
Iteration 442: max relative diff=0.000126, 30.25 sec so far
Iteration 517: max relative diff=0.000066, 35.30 sec so far
Iteration 592: max relative diff=0.000035, 40.34 sec so far
Iteration 667: max relative diff=0.000018, 45.40 sec so far
Iteration 742: max relative diff=0.000010, 50.44 sec so far
Iteration 817: max relative diff=0.000005, 55.49 sec so far
Iteration 892: max relative diff=0.000003, 60.53 sec so far
Iteration 967: max relative diff=0.000001, 65.58 sec so far

Iterative method: 1011 iterations in 68.54 seconds (average 0.067794, setup 8.23)

Value in the initial state: 0.3164713988264406

Time for model checking: 77.011 seconds.

Result: 0.3164713988264406 (value in the initial state)

Warning: CUDD reports 19881802 non-zero references.

