PRISM
=====

Version: 4.4.dev
Date: Tue Jun 19 17:13:02 IRDT 2018
Hostname: sadegh-H81M-S2PH
Memory limits: cudd=1g, java(heap)=2.1g
Command line: prism dns180.nm dns.pctl -s -gs -maxiters 90050 -epsilon 1e-6 -javamaxmem 2400m

Parsing model file "dns180.nm"...

Parsing properties file "dns.pctl"...

1 property:
(1) Pmax=? [ "pp" U "qq" ]

Type:        MDP
Modules:     m1 m2 m3 
Variables:   s1 s2 s3 

---------------------------------------------------------------------

Model checking: Pmax=? [ "pp" U "qq" ]

Building model...

Computing reachable states...

Reachability (BFS): 3 iterations in 0.01 seconds (average 0.003000, setup 0.00)

Time for model construction: 23.32 seconds.

Type:        MDP
States:      9600 (1 initial)
Transitions: 39817360
Choices:     38400

Transition matrix: 19656616 nodes (519544 terminal), 39817360 minterms, vars: 15r/15c/4nd

Prob0A: 3 iterations in 0.01 seconds (average 0.002000, setup 0.00)

Prob1E: 4 iterations in 0.00 seconds (average 0.000750, setup 0.00)

yes = 10, no = 55, maybe = 9535

Computing remaining probabilities...
Engine: Sparse

Building sparse matrix(FOR GS)... [n=9600, nc=38140, nnz=39547950, k=4] [452.8 MB]
Creating vector for yes...[75.0 KB]
Allocating iteration vectors... [2 x 75.0 KB]
TOTAL: [453.0 MB]

Starting iterations...
Iteration 76: max relative diff=0.006980, 5.06 sec so far
Iteration 151: max relative diff=0.002156, 10.06 sec so far
Iteration 226: max relative diff=0.000928, 15.07 sec so far
Iteration 301: max relative diff=0.000451, 20.07 sec so far
Iteration 377: max relative diff=0.000229, 25.14 sec so far
Iteration 453: max relative diff=0.000119, 30.20 sec so far
Iteration 529: max relative diff=0.000063, 35.27 sec so far
Iteration 605: max relative diff=0.000033, 40.33 sec so far
Iteration 680: max relative diff=0.000018, 45.34 sec so far
Iteration 756: max relative diff=0.000010, 50.40 sec so far
Iteration 831: max relative diff=0.000005, 55.41 sec so far
Iteration 907: max relative diff=0.000003, 60.47 sec so far
Iteration 982: max relative diff=0.000001, 65.48 sec so far

Iterative method: 1030 iterations in 68.68 seconds (average 0.066681, setup 8.22)

Value in the initial state: 0.31647025951756097

Time for model checking: 77.134 seconds.

Result: 0.31647025951756097 (value in the initial state)

