PRISM
=====

Version: 4.4.dev
Date: Tue Jun 19 15:09:07 IRDT 2018
Hostname: sadegh-H81M-S2PH
Memory limits: cudd=1g, java(heap)=2.1g
Command line: prism dns170.nm dns.pctl -s -bucketvaliter2 -maxiters 90050 -javamaxmem 2400m

Parsing model file "dns170.nm"...

Parsing properties file "dns.pctl"...

1 property:
(1) Pmax=? [ "pp" U "qq" ]

Type:        MDP
Modules:     m1 m2 m3 
Variables:   s1 s2 s3 

---------------------------------------------------------------------

Model checking: Pmax=? [ "pp" U "qq" ]

Building model...

Computing reachable states...

Reachability (BFS): 4 iterations in 0.00 seconds (average 0.000500, setup 0.00)

Time for model construction: 6.061 seconds.

Type:        MDP
States:      6800 (1 initial)
Transitions: 9464544
Choices:     13600

Transition matrix: 6204103 nodes (549799 terminal), 9464544 minterms, vars: 15r/15c/2nd

Prob0A: 3 iterations in 0.01 seconds (average 0.002333, setup 0.00)

Prob1E: 4 iterations in 0.00 seconds (average 0.000500, setup 0.00)

yes = 10, no = 105, maybe = 6685

Computing remaining probabilities...
Engine: Sparse

Building sparse matrix(FOR GS)... [n=6800, nc=13370, nnz=9296823, k=2] [106.5 MB]
Creating vector for yes...[53.1 KB]
Allocating iteration vectors... [2 x 53.1 KB]
TOTAL: [106.6 MB]

Starting iterations...

Iterative method: 1647021 iterations in 18.07 seconds (average 0.000011, setup 2.44)

Value in the initial state: 0.14544751458911587

Time for model checking: 22.254 seconds.

Result: 0.14544751458911587 (value in the initial state)

