PRISM
=====

Version: 4.4.dev
Date: Mon Jun 18 01:18:48 IRDT 2018
Hostname: sadegh-H81M-S2PH
Memory limits: cudd=1g, java(heap)=2.1g
Command line: prism dns92.nm dns.pctl -s -gs -maxiters 90050 -epsilon 1e-6 -javamaxmem 2400m

Parsing model file "dns92.nm"...

Parsing properties file "dns.pctl"...

1 property:
(1) Pmax=? [ "pp" U "qq" ]

Type:        MDP
Modules:     m1 m2 m3 
Variables:   s1 s2 s3 

---------------------------------------------------------------------

Model checking: Pmax=? [ "pp" U "qq" ]

Building model...

Computing reachable states...

Reachability (BFS): 3 iterations in 0.00 seconds (average 0.000333, setup 0.00)

Time for model construction: 10.131 seconds.

Type:        MDP
States:      8800 (1 initial)
Transitions: 75933080
Choices:     17600

Transition matrix: 9007816 nodes (317778 terminal), 75933080 minterms, vars: 15r/15c/2nd

Prob0A: 2 iterations in 0.01 seconds (average 0.002500, setup 0.00)

Prob1E: 4 iterations in 0.00 seconds (average 0.001000, setup 0.00)

yes = 10, no = 91, maybe = 8699

Computing remaining probabilities...
Engine: Sparse

Building sparse matrix(FOR GS)... [n=8800, nc=17398, nnz=75099577, k=2] [859.5 MB]
Creating vector for yes...[68.8 KB]
Allocating iteration vectors... [2 x 68.8 KB]
TOTAL: [859.7 MB]

Starting iterations...
Iteration 40: max relative diff=0.013404, 5.01 sec so far
Iteration 80: max relative diff=0.003135, 10.02 sec so far
Iteration 120: max relative diff=0.000933, 15.04 sec so far
Iteration 160: max relative diff=0.000296, 20.05 sec so far
Iteration 200: max relative diff=0.000096, 25.06 sec so far
Iteration 240: max relative diff=0.000031, 30.07 sec so far
Iteration 280: max relative diff=0.000010, 35.08 sec so far
Iteration 320: max relative diff=0.000003, 40.09 sec so far
Iteration 360: max relative diff=0.000001, 45.10 sec so far

Iterative method: 363 iterations in 45.48 seconds (average 0.125287, setup 9.09)

Value in the initial state: 0.15626374405309176

Time for model checking: 55.041 seconds.

Result: 0.15626374405309176 (value in the initial state)

