PRISM
=====

Version: 4.4.dev
Date: Mon May 21 04:23:30 IRDT 2018
Hostname: sadegh-H81M-S2PH
Memory limits: cudd=1g, java(heap)=2.1g
Command line: prism dns200.nm dns.pctl -s -explicitmodpoliter -maxiters 90050 -epsilon 1e-8 -javamaxmem 2400m

Parsing model file "dns200.nm"...

Parsing properties file "dns.pctl"...

1 property:
(1) Pmax=? [ "pp" U "qq" ]

Type:        MDP
Modules:     m1 m2 m3 
Variables:   s1 s2 s3 

---------------------------------------------------------------------

Model checking: Pmax=? [ "pp" U "qq" ]

Building model...

Computing reachable states...

Reachability (BFS): 5 iterations in 0.00 seconds (average 0.000600, setup 0.00)

Time for model construction: 3.298 seconds.

Type:        MDP
States:      9600 (1 initial)
Transitions: 5538411
Choices:     28800

Transition matrix: 5502556 nodes (458280 terminal), 5538411 minterms, vars: 15r/15c/3nd

Prob0A: 4 iterations in 0.02 seconds (average 0.005250, setup 0.00)

Prob1E: 7 iterations in 0.01 seconds (average 0.001000, setup 0.00)

yes = 10, no = 120, maybe = 9470

Computing remaining probabilities...
Engine: Sparse

Building sparse matrix (FOR POLICY ITERASION)... [n=9600, nc=28410, nnz=5466849, k=3] [62.6 MB]
Creating vector for yes...[75.0 KB]
Allocating iteration vectors... [2 x 75.0 KB]
TOTAL: [62.8 MB]

Starting iterations...

Iterative method: 1260 iterations in 2.19 seconds (average 0.001740, setup 1.09)

Value in the initial state: 0.3096959446863845

Time for model checking: 3.316 seconds.

Result: 0.3096959446863845 (value in the initial state)

