PRISM
=====

Version: 4.4.dev
Date: Sun May 20 22:20:28 IRDT 2018
Hostname: sadegh-H81M-S2PH
Memory limits: cudd=1g, java(heap)=2.1g
Command line: prism dns107.nm dns.pctl -s -explicitmodpoliter -maxiters 90050 -epsilon 1e-8 -javamaxmem 2400m

Parsing model file "dns107.nm"...

Parsing properties file "dns.pctl"...

1 property:
(1) Pmax=? [ "pp" U "qq" ]

Type:        MDP
Modules:     m1 m2 m3 
Variables:   s1 s2 s3 

---------------------------------------------------------------------

Model checking: Pmax=? [ "pp" U "qq" ]

Building model...

Computing reachable states...

Reachability (BFS): 3 iterations in 0.00 seconds (average 0.000333, setup 0.00)

Time for model construction: 11.371 seconds.

Type:        MDP
States:      12000 (1 initial)
Transitions: 118540056
Choices:     24000

Transition matrix: 15253948 nodes (288410 terminal), 118540056 minterms, vars: 15r/15c/2nd

Prob0A: 3 iterations in 0.00 seconds (average 0.001333, setup 0.00)

Prob1E: 4 iterations in 0.00 seconds (average 0.000500, setup 0.00)

yes = 10, no = 91, maybe = 11899

Computing remaining probabilities...
Engine: Sparse

Building sparse matrix (FOR POLICY ITERASION)... [n=12000, nc=23798, nnz=117499569, k=2] [1.3 GB]
Creating vector for yes...[93.8 KB]
Allocating iteration vectors... [2 x 93.8 KB]
TOTAL: [1.3 GB]

Starting iterations...
Iteration 101: max relative diff=0.202624, 5.39 sec so far
Iteration 202: max relative diff=0.017875, 10.88 sec so far
Iteration 303: max relative diff=0.004081, 16.34 sec so far
Iteration 404: max relative diff=0.001190, 21.79 sec so far
Iteration 505: max relative diff=0.000176, 27.22 sec so far
Iteration 606: max relative diff=0.000043, 32.66 sec so far
Iteration 707: max relative diff=0.000023, 38.10 sec so far
Iteration 808: max relative diff=0.000001, 43.53 sec so far
Iteration 909: max relative diff=0.000001, 48.98 sec so far
Iteration 1010: max relative diff=0.000000, 54.41 sec so far
Iteration 1111: max relative diff=0.000000, 59.84 sec so far
Iteration 1212: max relative diff=0.000000, 65.28 sec so far

Iterative method: 1224 iterations in 66.07 seconds (average 0.053977, setup 10.66)

Value in the initial state: 0.13500164979807666

Time for model checking: 77.22 seconds.

Result: 0.13500164979807666 (value in the initial state)

