PRISM
=====

Version: 4.4.dev
Date: Sun May 20 18:09:46 IRDT 2018
Hostname: sadegh-H81M-S2PH
Memory limits: cudd=1g, java(heap)=2.1g
Command line: prism dns71.nm dns.pctl -s -improvedmodpoliter -maxiters 90050 -epsilon 1e-8 -javamaxmem 2400m

Parsing model file "dns71.nm"...

Parsing properties file "dns.pctl"...

1 property:
(1) Pmax=? [ "pp" U "qq" ]

Type:        MDP
Modules:     m1 m2 m3 
Variables:   s1 s2 s3 

---------------------------------------------------------------------

Model checking: Pmax=? [ "pp" U "qq" ]

Building model...

Computing reachable states...

Reachability (BFS): 3 iterations in 0.00 seconds (average 0.001000, setup 0.00)

Time for model construction: 10.063 seconds.

Type:        MDP
States:      9600 (1 initial)
Transitions: 163804640
Choices:     28800

Transition matrix: 13539008 nodes (267916 terminal), 163804640 minterms, vars: 15r/15c/3nd

Prob0A: 2 iterations in 0.00 seconds (average 0.001500, setup 0.00)

Prob1E: 4 iterations in 0.00 seconds (average 0.000500, setup 0.00)

yes = 10, no = 45, maybe = 9545

Computing remaining probabilities...
Engine: Sparse

Building sparse matrix (FOR POLICY ITERASION)... [n=9600, nc=28635, nnz=162857814, k=3] [1.8 GB]
Creating vector for yes...[75.0 KB]
Allocating iteration vectors... [2 x 75.0 KB]
TOTAL: [1.8 GB]

Starting iterations...
Iteration 102: max relative diff=0.098663, 5.26 sec so far
Iteration 204: max relative diff=0.008070, 10.54 sec so far
Iteration 306: max relative diff=0.002019, 15.78 sec so far
Iteration 408: max relative diff=0.000602, 20.97 sec so far
Iteration 510: max relative diff=0.000167, 26.16 sec so far
Iteration 612: max relative diff=0.000047, 31.34 sec so far
Iteration 714: max relative diff=0.000011, 36.53 sec so far
Iteration 816: max relative diff=0.000001, 41.71 sec so far
Iteration 918: max relative diff=0.000000, 46.90 sec so far
Iteration 1020: max relative diff=0.000000, 52.08 sec so far
Iteration 1122: max relative diff=0.000000, 57.26 sec so far
Iteration 1224: max relative diff=0.000000, 62.62 sec so far

Iterative method: 1282 iterations in 65.84 seconds (average 0.051354, setup 10.72)

Value in the initial state: 0.2976189480125774

Time for model checking: 77.288 seconds.

Result: 0.2976189480125774 (value in the initial state)

