PRISM
=====

Version: 4.4.dev
Date: Mon Jun 18 06:09:32 IRDT 2018
Hostname: sadegh-H81M-S2PH
Memory limits: cudd=1g, java(heap)=2.1g
Command line: prism dns110.nm dns.pctl -s -bucketvaliter2 -maxiters 90050 -javamaxmem 2400m

Parsing model file "dns110.nm"...

Parsing properties file "dns.pctl"...

1 property:
(1) Pmax=? [ "pp" U "qq" ]

Type:        MDP
Modules:     m1 m2 m3 
Variables:   s1 s2 s3 

---------------------------------------------------------------------

Model checking: Pmax=? [ "pp" U "qq" ]

Building model...

Computing reachable states...

Reachability (BFS): 3 iterations in 0.01 seconds (average 0.003000, setup 0.00)

Time for model construction: 22.473 seconds.

Type:        MDP
States:      8000 (1 initial)
Transitions: 128056042
Choices:     40000

Transition matrix: 19188487 nodes (672649 terminal), 128056042 minterms, vars: 15r/15c/5nd

Prob0A: 2 iterations in 0.00 seconds (average 0.001500, setup 0.00)

Prob1E: 4 iterations in 0.00 seconds (average 0.000500, setup 0.00)

yes = 10, no = 28, maybe = 7962

Computing remaining probabilities...
Engine: Sparse

Building sparse matrix(FOR GS)... [n=8000, nc=39810, nnz=127406289, k=5] [1.4 GB]
Creating vector for yes...[62.5 KB]
Allocating iteration vectors... [2 x 62.5 KB]
TOTAL: [1.4 GB]

Starting iterations...
Iterative method did not converge within after 1000 seconds.
Iterative method: 3441635 iterations in 1000.00 seconds (average 0.000291, setup 14.41)

Error: Iterative method did not converge within 3441635 iterations.
Consider using a different numerical method or increasing the maximum number of iterations.

