PRISM
=====

Version: 4.4.dev
Date: Sun May 20 21:25:14 IRDT 2018
Hostname: sadegh-H81M-S2PH
Memory limits: cudd=1g, java(heap)=2.1g
Command line: prism dns103.nm dns.pctl -s -improvedmodpoliter -maxiters 90050 -epsilon 1e-8 -javamaxmem 2400m

Parsing model file "dns103.nm"...

Parsing properties file "dns.pctl"...

1 property:
(1) Pmax=? [ "pp" U "qq" ]

Type:        MDP
Modules:     m1 m2 m3 
Variables:   s1 s2 s3 

---------------------------------------------------------------------

Model checking: Pmax=? [ "pp" U "qq" ]

Building model...

Computing reachable states...

Reachability (BFS): 3 iterations in 0.00 seconds (average 0.001333, setup 0.00)

Time for model construction: 9.552 seconds.

Type:        MDP
States:      9600 (1 initial)
Transitions: 113799584
Choices:     28800

Transition matrix: 13308848 nodes (477257 terminal), 113799584 minterms, vars: 15r/15c/3nd

Prob0A: 3 iterations in 0.01 seconds (average 0.002667, setup 0.00)

Prob1E: 4 iterations in 0.01 seconds (average 0.001500, setup 0.00)

yes = 10, no = 55, maybe = 9535

Computing remaining probabilities...
Engine: Sparse

Building sparse matrix (FOR POLICY ITERASION)... [n=9600, nc=28605, nnz=113040852, k=3] [1.3 GB]
Creating vector for yes...[75.0 KB]
Allocating iteration vectors... [2 x 75.0 KB]
TOTAL: [1.3 GB]

Starting iterations...
Iteration 204: max relative diff=0.031759, 5.87 sec so far
Iteration 408: max relative diff=0.005048, 12.15 sec so far
Iteration 612: max relative diff=0.000944, 18.37 sec so far
Iteration 816: max relative diff=0.000216, 24.60 sec so far
Iteration 1020: max relative diff=0.000026, 30.85 sec so far
Iteration 1224: max relative diff=0.000006, 37.10 sec so far
Iteration 1428: max relative diff=0.000002, 43.64 sec so far
Iteration 1632: max relative diff=0.000001, 50.07 sec so far
Iteration 1836: max relative diff=0.000000, 56.48 sec so far
Iteration 2040: max relative diff=0.000000, 62.95 sec so far
Iteration 2244: max relative diff=0.000000, 69.48 sec so far

Iterative method: 2270 iterations in 70.45 seconds (average 0.031035, setup 7.59)

Value in the initial state: 0.39733960196905166

Time for model checking: 78.519 seconds.

Result: 0.39733960196905166 (value in the initial state)

