PRISM
=====

Version: 4.4.dev
Date: Sun May 20 22:58:48 IRDT 2018
Hostname: sadegh-H81M-S2PH
Memory limits: cudd=1g, java(heap)=2.1g
Command line: prism dns115.nm dns.pctl -s -improvedmodpoliter2 -maxiters 90050 -epsilon 1e-8 -javamaxmem 2400m

Parsing model file "dns115.nm"...

Parsing properties file "dns.pctl"...

1 property:
(1) Pmax=? [ "pp" U "qq" ]

Type:        MDP
Modules:     m1 m2 m3 
Variables:   s1 s2 s3 

---------------------------------------------------------------------

Model checking: Pmax=? [ "pp" U "qq" ]

Building model...

Computing reachable states...

Reachability (BFS): 3 iterations in 0.00 seconds (average 0.001000, setup 0.00)

Time for model construction: 8.751 seconds.

Type:        MDP
States:      8000 (1 initial)
Transitions: 79877781
Choices:     24000

Transition matrix: 11042896 nodes (321372 terminal), 79877781 minterms, vars: 15r/15c/3nd

Prob0A: 3 iterations in 0.00 seconds (average 0.000667, setup 0.00)

Prob1E: 4 iterations in 0.01 seconds (average 0.001250, setup 0.00)

yes = 10, no = 10, maybe = 7980

Computing remaining probabilities...
Engine: Sparse

Building sparse matrix (FOR POLICY ITERASION)... [n=8000, nc=23940, nnz=79664975, k=3] [911.8 MB]
Creating vector for yes...[62.5 KB]
Allocating iteration vectors... [2 x 62.5 KB]
TOTAL: [912.0 MB]

Starting iterations...
Iteration 505: max relative diff=0.002343, 6.28 sec so far
Iteration 909: max relative diff=0.000364, 11.43 sec so far
Iteration 1313: max relative diff=0.000098, 16.63 sec so far
Iteration 1717: max relative diff=0.000019, 21.87 sec so far
Iteration 2121: max relative diff=0.000005, 27.11 sec so far
Iteration 2525: max relative diff=0.000001, 32.68 sec so far
Iteration 2929: max relative diff=0.000000, 38.52 sec so far
Iteration 3333: max relative diff=0.000000, 44.36 sec so far
Iteration 3737: max relative diff=0.000000, 50.20 sec so far

Iterative method: 3737 iterations in 50.20 seconds (average 0.013435, setup 5.56)


Number of scallar multiplications: 50984M 

Value in the initial state: 0.6573408183344122

Time for model checking: 56.761 seconds.

Result: 0.6573408183344122 (value in the initial state)

