PRISM
=====

Version: 4.4.dev
Date: Mon Jun 18 00:07:30 IRDT 2018
Hostname: sadegh-H81M-S2PH
Memory limits: cudd=1g, java(heap)=2.1g
Command line: prism dns88.nm dns.pctl -s -gs -maxiters 90050 -epsilon 1e-6 -javamaxmem 2400m

Parsing model file "dns88.nm"...

Parsing properties file "dns.pctl"...

1 property:
(1) Pmax=? [ "pp" U "qq" ]

Type:        MDP
Modules:     m1 m2 m3 
Variables:   s1 s2 s3 

---------------------------------------------------------------------

Model checking: Pmax=? [ "pp" U "qq" ]

Building model...

Computing reachable states...

Reachability (BFS): 3 iterations in 0.01 seconds (average 0.001667, setup 0.00)

Time for model construction: 15.443 seconds.

Type:        MDP
States:      8000 (1 initial)
Transitions: 127066763
Choices:     32000

Transition matrix: 15428827 nodes (517835 terminal), 127066763 minterms, vars: 15r/15c/4nd

Prob0A: 2 iterations in 0.01 seconds (average 0.002500, setup 0.00)

Prob1E: 4 iterations in 0.00 seconds (average 0.000750, setup 0.00)

yes = 10, no = 45, maybe = 7945

Computing remaining probabilities...
Engine: Sparse

Building sparse matrix(FOR GS)... [n=8000, nc=31780, nnz=126177088, k=4] [1.4 GB]
Creating vector for yes...[62.5 KB]
Allocating iteration vectors... [2 x 62.5 KB]
TOTAL: [1.4 GB]

Starting iterations...
Iteration 24: max relative diff=0.033284, 5.05 sec so far
Iteration 48: max relative diff=0.012384, 10.09 sec so far
Iteration 72: max relative diff=0.006344, 15.13 sec so far
Iteration 96: max relative diff=0.003712, 20.16 sec so far
Iteration 120: max relative diff=0.002335, 25.21 sec so far
Iteration 144: max relative diff=0.001536, 30.25 sec so far
Iteration 168: max relative diff=0.001039, 35.30 sec so far
Iteration 192: max relative diff=0.000715, 40.33 sec so far
Iteration 216: max relative diff=0.000498, 45.38 sec so far
Iteration 240: max relative diff=0.000350, 50.42 sec so far
Iteration 264: max relative diff=0.000248, 55.46 sec so far
Iteration 288: max relative diff=0.000176, 60.51 sec so far
Iteration 312: max relative diff=0.000125, 65.55 sec so far
Iteration 336: max relative diff=0.000089, 70.60 sec so far
Iteration 360: max relative diff=0.000064, 75.65 sec so far
Iteration 384: max relative diff=0.000046, 80.69 sec so far
Iteration 408: max relative diff=0.000033, 85.74 sec so far
Iteration 432: max relative diff=0.000023, 90.79 sec so far
Iteration 456: max relative diff=0.000017, 95.83 sec so far
Iteration 480: max relative diff=0.000012, 100.88 sec so far
Iteration 504: max relative diff=0.000009, 105.92 sec so far
Iteration 528: max relative diff=0.000006, 110.97 sec so far
Iteration 552: max relative diff=0.000004, 116.01 sec so far
Iteration 576: max relative diff=0.000003, 121.05 sec so far
Iteration 600: max relative diff=0.000002, 126.10 sec so far
Iteration 624: max relative diff=0.000002, 131.14 sec so far
Iteration 648: max relative diff=0.000001, 136.19 sec so far

Iterative method: 661 iterations in 138.92 seconds (average 0.210166, setup 13.88)

Value in the initial state: 0.3770941784092551

Time for model checking: 153.426 seconds.

Result: 0.3770941784092551 (value in the initial state)

