PRISM
=====

Version: 4.4.dev
Date: Sun May 20 16:35:52 IRDT 2018
Hostname: sadegh-H81M-S2PH
Memory limits: cudd=1g, java(heap)=2.1g
Command line: prism dns69.nm dns.pctl -s -improvedmodpoliter -maxiters 90050 -epsilon 1e-8 -javamaxmem 2400m

Parsing model file "dns69.nm"...

Parsing properties file "dns.pctl"...

1 property:
(1) Pmax=? [ "pp" U "qq" ]

Type:        MDP
Modules:     m1 m2 m3 
Variables:   s1 s2 s3 

---------------------------------------------------------------------

Model checking: Pmax=? [ "pp" U "qq" ]

Building model...

Computing reachable states...

Reachability (BFS): 3 iterations in 0.00 seconds (average 0.000333, setup 0.00)

Time for model construction: 5.182 seconds.

Type:        MDP
States:      6800 (1 initial)
Transitions: 56531436
Choices:     13600

Transition matrix: 6399767 nodes (427941 terminal), 56531436 minterms, vars: 15r/15c/2nd

Prob0A: 2 iterations in 0.00 seconds (average 0.000500, setup 0.00)

Prob1E: 4 iterations in 0.00 seconds (average 0.000250, setup 0.00)

yes = 10, no = 78, maybe = 6712

Computing remaining probabilities...
Engine: Sparse

Building sparse matrix (FOR POLICY ITERASION)... [n=6800, nc=13424, nnz=55751901, k=2] [638.1 MB]
Creating vector for yes...[53.1 KB]
Allocating iteration vectors... [2 x 53.1 KB]
TOTAL: [638.3 MB]

Starting iterations...
Iteration 204: max relative diff=0.015923, 5.02 sec so far
Iteration 408: max relative diff=0.000036, 10.18 sec so far
Iteration 612: max relative diff=0.000000, 15.35 sec so far

Iterative method: 636 iterations in 16.07 seconds (average 0.025269, setup 4.51)

Value in the initial state: 0.2245132633329556

Time for model checking: 20.883 seconds.

Result: 0.2245132633329556 (value in the initial state)

