PRISM
=====

Version: 4.4.dev
Date: Sun May 20 22:50:01 IRDT 2018
Hostname: sadegh-H81M-S2PH
Memory limits: cudd=1g, java(heap)=2.1g
Command line: prism dns114.nm dns.pctl -s -explicitmodpoliter -maxiters 90050 -epsilon 1e-8 -javamaxmem 2400m

Parsing model file "dns114.nm"...

Parsing properties file "dns.pctl"...

1 property:
(1) Pmax=? [ "pp" U "qq" ]

Type:        MDP
Modules:     m1 m2 m3 
Variables:   s1 s2 s3 

---------------------------------------------------------------------

Model checking: Pmax=? [ "pp" U "qq" ]

Building model...

Computing reachable states...

Reachability (BFS): 3 iterations in 0.00 seconds (average 0.001000, setup 0.00)

Time for model construction: 17.218 seconds.

Type:        MDP
States:      10000 (1 initial)
Transitions: 123910600
Choices:     30000

Transition matrix: 17618754 nodes (296745 terminal), 123910600 minterms, vars: 15r/15c/3nd

Prob0A: 2 iterations in 0.01 seconds (average 0.004500, setup 0.00)

Prob1E: 4 iterations in 0.00 seconds (average 0.000500, setup 0.00)

yes = 10, no = 21, maybe = 9969

Computing remaining probabilities...
Engine: Sparse

Building sparse matrix (FOR POLICY ITERASION)... [n=10000, nc=29907, nnz=123534742, k=3] [1.4 GB]
Creating vector for yes...[78.1 KB]
Allocating iteration vectors... [2 x 78.1 KB]
TOTAL: [1.4 GB]

Starting iterations...
Iteration 202: max relative diff=0.010111, 7.62 sec so far
Iteration 404: max relative diff=0.002218, 15.19 sec so far
Iteration 606: max relative diff=0.000481, 22.78 sec so far
Iteration 808: max relative diff=0.000142, 30.39 sec so far
Iteration 1010: max relative diff=0.000031, 37.99 sec so far
Iteration 1212: max relative diff=0.000010, 45.65 sec so far
Iteration 1414: max relative diff=0.000003, 53.25 sec so far
Iteration 1616: max relative diff=0.000001, 61.19 sec so far
Iteration 1818: max relative diff=0.000000, 69.09 sec so far
Iteration 2020: max relative diff=0.000000, 76.99 sec so far
Iteration 2222: max relative diff=0.000000, 84.89 sec so far
Iteration 2369: max relative diff=0.000000, 90.79 sec so far

Iterative method: 2369 iterations in 90.80 seconds (average 0.038326, setup 11.41)

Value in the initial state: 0.4288585739333084

Time for model checking: 102.756 seconds.

Result: 0.4288585739333084 (value in the initial state)

