PRISM
=====

Version: 4.4.dev
Date: Tue Jun 19 11:39:33 IRDT 2018
Hostname: sadegh-H81M-S2PH
Memory limits: cudd=1g, java(heap)=2.1g
Command line: prism dns154.nm dns.pctl -s -backwardvaliter -maxiters 90050 -epsilon 1e-6 -javamaxmem 2400m

Parsing model file "dns154.nm"...

Parsing properties file "dns.pctl"...

1 property:
(1) Pmax=? [ "pp" U "qq" ]

Type:        MDP
Modules:     m1 m2 m3 
Variables:   s1 s2 s3 

---------------------------------------------------------------------

Model checking: Pmax=? [ "pp" U "qq" ]

Building model...

Computing reachable states...

Reachability (BFS): 3 iterations in 0.00 seconds (average 0.001333, setup 0.00)

Time for model construction: 15.473 seconds.

Type:        MDP
States:      9600 (1 initial)
Transitions: 64304024
Choices:     28800

Transition matrix: 15844991 nodes (390129 terminal), 64304024 minterms, vars: 15r/15c/3nd

Prob0A: 3 iterations in 0.01 seconds (average 0.002000, setup 0.00)

Prob1E: 4 iterations in 0.00 seconds (average 0.000750, setup 0.00)

yes = 10, no = 66, maybe = 9524

Computing remaining probabilities...
Engine: Sparse

Building sparse matrix(FOR GS)... [n=9600, nc=28572, nnz=63797720, k=3] [730.3 MB]
Creating vector for yes...[75.0 KB]
Allocating iteration vectors... [2 x 75.0 KB]
TOTAL: [730.5 MB]

Starting iterations...
Iteration 40: max relative diff=0.014892, 5.04 sec so far
Iteration 87: max relative diff=0.003518, 10.09 sec so far
Iteration 134: max relative diff=0.001181, 15.13 sec so far
Iteration 181: max relative diff=0.000438, 20.18 sec so far
Iteration 228: max relative diff=0.000169, 25.21 sec so far
Iteration 275: max relative diff=0.000066, 30.25 sec so far
Iteration 322: max relative diff=0.000026, 35.29 sec so far
Iteration 369: max relative diff=0.000010, 40.33 sec so far
Iteration 416: max relative diff=0.000004, 45.37 sec so far
Iteration 463: max relative diff=0.000002, 50.42 sec so far

Iterative method: 486 iterations in 52.89 seconds (average 0.108823, setup 11.00)

Value in the initial state: 0.2978456437509072

Time for model checking: 64.185 seconds.

Result: 0.2978456437509072 (value in the initial state)

Warning: CUDD reports 16431155 non-zero references.

