PRISM
=====

Version: 4.4.dev
Date: Sun Jun 17 12:38:17 IRDT 2018
Hostname: sadegh-H81M-S2PH
Memory limits: cudd=1g, java(heap)=2.1g
Command line: prism dns52.nm dns.pctl -s -bucketvaliter2 -maxiters 90050 -javamaxmem 2400m

Parsing model file "dns52.nm"...

Parsing properties file "dns.pctl"...

1 property:
(1) Pmax=? [ "pp" U "qq" ]

Type:        MDP
Modules:     m1 m2 m3 
Variables:   s1 s2 s3 

---------------------------------------------------------------------

Model checking: Pmax=? [ "pp" U "qq" ]

Building model...

Computing reachable states...

Reachability (BFS): 3 iterations in 0.00 seconds (average 0.001000, setup 0.00)

Time for model construction: 11.368 seconds.

Type:        MDP
States:      7200 (1 initial)
Transitions: 144217611
Choices:     28800

Transition matrix: 10862359 nodes (305610 terminal), 144217611 minterms, vars: 15r/15c/4nd

Prob0A: 2 iterations in 0.01 seconds (average 0.004000, setup 0.00)

Prob1E: 4 iterations in 0.01 seconds (average 0.001750, setup 0.00)

yes = 10, no = 15, maybe = 7175

Computing remaining probabilities...
Engine: Sparse

Building sparse matrix(FOR GS)... [n=7200, nc=28700, nnz=143696842, k=4] [1.6 GB]
Creating vector for yes...[56.2 KB]
Allocating iteration vectors... [2 x 56.2 KB]
TOTAL: [1.6 GB]

Starting iterations...
Iterative method did not converge within after 1000 seconds.
Iterative method: 3522836 iterations in 1000.00 seconds (average 0.000284, setup 13.30)

Error: Iterative method did not converge within 3522836 iterations.
Consider using a different numerical method or increasing the maximum number of iterations.

