PRISM
=====

Version: 4.4.dev
Date: Mon May 21 00:18:59 IRDT 2018
Hostname: sadegh-H81M-S2PH
Memory limits: cudd=1g, java(heap)=2.1g
Command line: prism dns132.nm dns.pctl -s -improvedmodpoliter -maxiters 90050 -epsilon 1e-8 -javamaxmem 2400m

Parsing model file "dns132.nm"...

Parsing properties file "dns.pctl"...

1 property:
(1) Pmax=? [ "pp" U "qq" ]

Type:        MDP
Modules:     m1 m2 m3 
Variables:   s1 s2 s3 

---------------------------------------------------------------------

Model checking: Pmax=? [ "pp" U "qq" ]

Building model...

Computing reachable states...

Reachability (BFS): 3 iterations in 0.02 seconds (average 0.005667, setup 0.00)

Time for model construction: 12.577 seconds.

Type:        MDP
States:      8000 (1 initial)
Transitions: 78360185
Choices:     32000

Transition matrix: 16262745 nodes (531362 terminal), 78360185 minterms, vars: 15r/15c/4nd

Prob0A: 2 iterations in 0.00 seconds (average 0.001500, setup 0.00)

Prob1E: 4 iterations in 0.00 seconds (average 0.000500, setup 0.00)

yes = 10, no = 21, maybe = 7969

Computing remaining probabilities...
Engine: Sparse

Building sparse matrix (FOR POLICY ITERASION)... [n=8000, nc=31876, nnz=78047968, k=4] [893.3 MB]
Creating vector for yes...[62.5 KB]
Allocating iteration vectors... [2 x 62.5 KB]
TOTAL: [893.5 MB]

Starting iterations...
Iteration 306: max relative diff=0.006976, 5.39 sec so far
Iteration 612: max relative diff=0.000743, 10.96 sec so far
Iteration 918: max relative diff=0.000117, 16.52 sec so far
Iteration 1224: max relative diff=0.000013, 22.08 sec so far
Iteration 1530: max relative diff=0.000001, 27.66 sec so far
Iteration 1836: max relative diff=0.000000, 33.22 sec so far
Iteration 2142: max relative diff=0.000000, 38.78 sec so far
Iteration 2448: max relative diff=0.000000, 44.49 sec so far

Iterative method: 2448 iterations in 44.49 seconds (average 0.018172, setup 7.10)

Value in the initial state: 0.6065328651213018

Time for model checking: 51.892 seconds.

Result: 0.6065328651213018 (value in the initial state)

