PRISM
=====

Version: 4.4.dev
Date: Sun May 20 13:22:48 IRDT 2018
Hostname: sadegh-H81M-S2PH
Memory limits: cudd=1g, java(heap)=2.1g
Command line: prism dns38.nm dns.pctl -s -improvedmodpoliter -maxiters 90050 -epsilon 1e-8 -javamaxmem 2400m

Parsing model file "dns38.nm"...

Parsing properties file "dns.pctl"...

1 property:
(1) Pmax=? [ "pp" U "qq" ]

Type:        MDP
Modules:     m1 m2 m3 
Variables:   s1 s2 s3 

---------------------------------------------------------------------

Model checking: Pmax=? [ "pp" U "qq" ]

Building model...

Computing reachable states...

Reachability (BFS): 3 iterations in 0.00 seconds (average 0.000333, setup 0.00)

Time for model construction: 3.981 seconds.

Type:        MDP
States:      7200 (1 initial)
Transitions: 83137616
Choices:     14400

Transition matrix: 5094857 nodes (214744 terminal), 83137616 minterms, vars: 15r/15c/2nd

Prob0A: 2 iterations in 0.00 seconds (average 0.000500, setup 0.00)

Prob1E: 4 iterations in 0.00 seconds (average 0.000250, setup 0.00)

yes = 10, no = 66, maybe = 7124

Computing remaining probabilities...
Engine: Sparse

Building sparse matrix (FOR POLICY ITERASION)... [n=7200, nc=14248, nnz=82255057, k=2] [941.4 MB]
Creating vector for yes...[56.2 KB]
Allocating iteration vectors... [2 x 56.2 KB]
TOTAL: [941.6 MB]

Starting iterations...
Iteration 204: max relative diff=0.005790, 7.90 sec so far
Iteration 408: max relative diff=0.000079, 15.80 sec so far
Iteration 612: max relative diff=0.000001, 23.69 sec so far
Iteration 816: max relative diff=0.000000, 31.73 sec so far

Iterative method: 858 iterations in 33.61 seconds (average 0.039170, setup 4.98)

Value in the initial state: 0.16182630275997165

Time for model checking: 39.093 seconds.

Result: 0.16182630275997165 (value in the initial state)

