PRISM
=====

Version: 4.4.dev
Date: Sun May 20 23:41:17 IRDT 2018
Hostname: sadegh-H81M-S2PH
Memory limits: cudd=1g, java(heap)=2.1g
Command line: prism dns123.nm dns.pctl -s -improvedmodpoliter -maxiters 90050 -epsilon 1e-8 -javamaxmem 2400m

Parsing model file "dns123.nm"...

Parsing properties file "dns.pctl"...

1 property:
(1) Pmax=? [ "pp" U "qq" ]

Type:        MDP
Modules:     m1 m2 m3 
Variables:   s1 s2 s3 

---------------------------------------------------------------------

Model checking: Pmax=? [ "pp" U "qq" ]

Building model...

Computing reachable states...

Reachability (BFS): 3 iterations in 0.00 seconds (average 0.001000, setup 0.00)

Time for model construction: 4.205 seconds.

Type:        MDP
States:      7200 (1 initial)
Transitions: 32825738
Choices:     14400

Transition matrix: 5862851 nodes (448152 terminal), 32825738 minterms, vars: 15r/15c/2nd

Prob0A: 3 iterations in 0.00 seconds (average 0.001000, setup 0.00)

Prob1E: 4 iterations in 0.00 seconds (average 0.000250, setup 0.00)

yes = 10, no = 36, maybe = 7154

Computing remaining probabilities...
Engine: Sparse

Building sparse matrix (FOR POLICY ITERASION)... [n=7200, nc=14308, nnz=32618955, k=2] [373.4 MB]
Creating vector for yes...[56.2 KB]
Allocating iteration vectors... [2 x 56.2 KB]
TOTAL: [373.5 MB]

Starting iterations...
Iteration 408: max relative diff=0.002803, 5.37 sec so far
Iteration 816: max relative diff=0.000334, 10.80 sec so far
Iteration 1224: max relative diff=0.000045, 16.26 sec so far
Iteration 1632: max relative diff=0.000004, 21.67 sec so far
Iteration 2040: max relative diff=0.000001, 27.08 sec so far
Iteration 2448: max relative diff=0.000000, 32.49 sec so far
Iteration 2856: max relative diff=0.000000, 37.90 sec so far

Iterative method: 2958 iterations in 39.25 seconds (average 0.013268, setup 2.49)

Value in the initial state: 0.25567042377092314

Time for model checking: 41.899 seconds.

Result: 0.25567042377092314 (value in the initial state)

