PRISM
=====

Version: 4.4.dev
Date: Sun May 20 23:12:23 IRDT 2018
Hostname: sadegh-H81M-S2PH
Memory limits: cudd=1g, java(heap)=2.1g
Command line: prism dns120.nm dns.pctl -s -modpoliter -maxiters 90050 -epsilon 1e-8 -javamaxmem 2400m

Parsing model file "dns120.nm"...

Parsing properties file "dns.pctl"...

1 property:
(1) Pmax=? [ "pp" U "qq" ]

Type:        MDP
Modules:     m1 m2 m3 
Variables:   s1 s2 s3 

---------------------------------------------------------------------

Model checking: Pmax=? [ "pp" U "qq" ]

Building model...

Computing reachable states...

Reachability (BFS): 3 iterations in 0.01 seconds (average 0.002000, setup 0.00)

Time for model construction: 16.659 seconds.

Type:        MDP
States:      10000 (1 initial)
Transitions: 121658134
Choices:     30000

Transition matrix: 16895975 nodes (253653 terminal), 121658134 minterms, vars: 15r/15c/3nd

Prob0A: 3 iterations in 0.00 seconds (average 0.001000, setup 0.00)

Prob1E: 9 iterations in 0.01 seconds (average 0.000889, setup 0.00)

yes = 10, no = 15, maybe = 9975

Computing remaining probabilities...
Engine: Sparse

Building sparse matrix (FOR POLICY ITERASION)... [n=10000, nc=29925, nnz=121352044, k=3] [1.4 GB]
Creating vector for yes...[78.1 KB]
Allocating iteration vectors... [2 x 78.1 KB]
TOTAL: [1.4 GB]

Starting iterations...
Iteration 202: max relative diff=0.008376, 8.61 sec so far
Iteration 404: max relative diff=0.001877, 17.34 sec so far
Iteration 606: max relative diff=0.000488, 26.03 sec so far
Iteration 808: max relative diff=0.000150, 34.69 sec so far
Iteration 1010: max relative diff=0.000037, 43.34 sec so far
Iteration 1212: max relative diff=0.000010, 51.98 sec so far
Iteration 1414: max relative diff=0.000003, 60.63 sec so far
Iteration 1616: max relative diff=0.000001, 69.27 sec so far
Iteration 1818: max relative diff=0.000000, 77.92 sec so far
Iteration 2020: max relative diff=0.000000, 86.56 sec so far
Iteration 2222: max relative diff=0.000000, 95.21 sec so far
Iteration 2406: max relative diff=0.000000, 103.09 sec so far

Iterative method: 2406 iterations in 103.09 seconds (average 0.042848, setup 11.09)

Value in the initial state: 0.5487286142525359

Time for model checking: 114.572 seconds.

Result: 0.5487286142525359 (value in the initial state)

