PRISM
=====

Version: 4.4.dev
Date: Tue Jun 19 17:06:35 IRDT 2018
Hostname: sadegh-H81M-S2PH
Memory limits: cudd=1g, java(heap)=2.1g
Command line: prism dns179.nm dns.pctl -s -gs -maxiters 90050 -epsilon 1e-6 -javamaxmem 2400m

Parsing model file "dns179.nm"...

Parsing properties file "dns.pctl"...

1 property:
(1) Pmax=? [ "pp" U "qq" ]

Type:        MDP
Modules:     m1 m2 m3 
Variables:   s1 s2 s3 

---------------------------------------------------------------------

Model checking: Pmax=? [ "pp" U "qq" ]

Building model...

Computing reachable states...

Reachability (BFS): 3 iterations in 0.00 seconds (average 0.001333, setup 0.00)

Time for model construction: 14.507 seconds.

Type:        MDP
States:      9600 (1 initial)
Transitions: 31113658
Choices:     28800

Transition matrix: 15600646 nodes (446160 terminal), 31113658 minterms, vars: 15r/15c/3nd

Prob0A: 3 iterations in 0.02 seconds (average 0.005333, setup 0.00)

Prob1E: 12 iterations in 0.02 seconds (average 0.001417, setup 0.00)

yes = 10, no = 55, maybe = 9535

Computing remaining probabilities...
Engine: Sparse

Building sparse matrix(FOR GS)... [n=9600, nc=28605, nnz=30892173, k=3] [353.7 MB]
Creating vector for yes...[75.0 KB]
Allocating iteration vectors... [2 x 75.0 KB]
TOTAL: [353.9 MB]

Starting iterations...
Iteration 96: max relative diff=0.004367, 5.02 sec so far
Iteration 192: max relative diff=0.001063, 10.04 sec so far
Iteration 288: max relative diff=0.000351, 15.06 sec so far
Iteration 384: max relative diff=0.000126, 20.09 sec so far
Iteration 480: max relative diff=0.000047, 25.11 sec so far
Iteration 576: max relative diff=0.000017, 30.12 sec so far
Iteration 672: max relative diff=0.000007, 35.14 sec so far
Iteration 768: max relative diff=0.000002, 40.16 sec so far

Iterative method: 857 iterations in 44.81 seconds (average 0.052289, setup 7.17)

Value in the initial state: 0.3575806115555516

Time for model checking: 52.175 seconds.

Result: 0.3575806115555516 (value in the initial state)

