PRISM
=====

Version: 4.4.dev
Date: Tue Jun 19 10:21:49 IRDT 2018
Hostname: sadegh-H81M-S2PH
Memory limits: cudd=1g, java(heap)=2.1g
Command line: prism dns144.nm dns.pctl -s -backwardvaliter -maxiters 90050 -epsilon 1e-6 -javamaxmem 2400m

Parsing model file "dns144.nm"...

Parsing properties file "dns.pctl"...

1 property:
(1) Pmax=? [ "pp" U "qq" ]

Type:        MDP
Modules:     m1 m2 m3 
Variables:   s1 s2 s3 

---------------------------------------------------------------------

Model checking: Pmax=? [ "pp" U "qq" ]

Building model...

Computing reachable states...

Reachability (BFS): 3 iterations in 0.00 seconds (average 0.000667, setup 0.00)

Time for model construction: 9.729 seconds.

Type:        MDP
States:      9600 (1 initial)
Transitions: 36358638
Choices:     19200

Transition matrix: 10280260 nodes (434813 terminal), 36358638 minterms, vars: 15r/15c/2nd

Prob0A: 3 iterations in 0.00 seconds (average 0.001333, setup 0.00)

Prob1E: 9 iterations in 0.01 seconds (average 0.000778, setup 0.00)

yes = 10, no = 15, maybe = 9575

Computing remaining probabilities...
Engine: Sparse

Building sparse matrix(FOR GS)... [n=9600, nc=19150, nnz=36267072, k=2] [415.2 MB]
Creating vector for yes...[75.0 KB]
Allocating iteration vectors... [2 x 75.0 KB]
TOTAL: [415.4 MB]

Starting iterations...
Iteration 78: max relative diff=0.008596, 5.04 sec so far
Iteration 160: max relative diff=0.002844, 10.06 sec so far
Iteration 242: max relative diff=0.001351, 15.09 sec so far
Iteration 324: max relative diff=0.000761, 20.11 sec so far
Iteration 406: max relative diff=0.000467, 25.14 sec so far
Iteration 488: max relative diff=0.000301, 30.16 sec so far
Iteration 570: max relative diff=0.000200, 35.19 sec so far
Iteration 652: max relative diff=0.000136, 40.21 sec so far
Iteration 734: max relative diff=0.000094, 45.23 sec so far
Iteration 816: max relative diff=0.000065, 50.25 sec so far
Iteration 898: max relative diff=0.000046, 55.27 sec so far
Iteration 980: max relative diff=0.000032, 60.30 sec so far
Iteration 1062: max relative diff=0.000023, 65.33 sec so far
Iteration 1144: max relative diff=0.000016, 70.34 sec so far
Iteration 1226: max relative diff=0.000011, 75.36 sec so far
Iteration 1308: max relative diff=0.000008, 80.37 sec so far
Iteration 1390: max relative diff=0.000006, 85.39 sec so far
Iteration 1472: max relative diff=0.000004, 90.40 sec so far
Iteration 1554: max relative diff=0.000003, 95.42 sec so far
Iteration 1636: max relative diff=0.000002, 100.43 sec so far
Iteration 1718: max relative diff=0.000001, 105.44 sec so far
Iteration 1800: max relative diff=0.000001, 110.46 sec so far

Iterative method: 1800 iterations in 110.46 seconds (average 0.061367, setup 4.87)

Value in the initial state: 0.6376351478049594

Time for model checking: 115.479 seconds.

Result: 0.6376351478049594 (value in the initial state)

Warning: CUDD reports 10346657 non-zero references.

