PRISM
=====

Version: 4.4.dev
Date: Sun Jun 17 16:25:06 IRDT 2018
Hostname: sadegh-H81M-S2PH
Memory limits: cudd=1g, java(heap)=2.1g
Command line: prism dns61.nm dns.pctl -s -bucketvaliter2 -maxiters 90050 -javamaxmem 2400m

Parsing model file "dns61.nm"...

Parsing properties file "dns.pctl"...

1 property:
(1) Pmax=? [ "pp" U "qq" ]

Type:        MDP
Modules:     m1 m2 m3 
Variables:   s1 s2 s3 

---------------------------------------------------------------------

Model checking: Pmax=? [ "pp" U "qq" ]

Building model...

Computing reachable states...

Reachability (BFS): 3 iterations in 0.01 seconds (average 0.002667, setup 0.00)

Time for model construction: 15.983 seconds.

Type:        MDP
States:      9600 (1 initial)
Transitions: 225987074
Choices:     38400

Transition matrix: 16515356 nodes (465433 terminal), 225987074 minterms, vars: 15r/15c/4nd

Prob0A: 2 iterations in 0.01 seconds (average 0.005000, setup 0.00)

Prob1E: 4 iterations in 0.01 seconds (average 0.001250, setup 0.00)

yes = 10, no = 105, maybe = 9485

Computing remaining probabilities...
Engine: Sparse

Building sparse matrix(FOR GS)... [n=9600, nc=37940, nnz=223244476, k=4] [2.5 GB]
Creating vector for yes...[75.0 KB]
Allocating iteration vectors... [2 x 75.0 KB]
TOTAL: [2.5 GB]

Starting iterations...

Iterative method: 1870473 iterations in 805.83 seconds (average 0.000431, setup 23.09)

Value in the initial state: 0.2532548041641063

Time for model checking: 836.403 seconds.

Result: 0.2532548041641063 (value in the initial state)

