PRISM
=====

Version: 4.4.dev
Date: Tue Jun 19 14:18:24 IRDT 2018
Hostname: sadegh-H81M-S2PH
Memory limits: cudd=1g, java(heap)=2.1g
Command line: prism dns165.nm dns.pctl -s -backwardvaliter -maxiters 90050 -epsilon 1e-6 -javamaxmem 2400m

Parsing model file "dns165.nm"...

Parsing properties file "dns.pctl"...

1 property:
(1) Pmax=? [ "pp" U "qq" ]

Type:        MDP
Modules:     m1 m2 m3 
Variables:   s1 s2 s3 

---------------------------------------------------------------------

Model checking: Pmax=? [ "pp" U "qq" ]

Building model...

Computing reachable states...

Reachability (BFS): 4 iterations in 0.01 seconds (average 0.001250, setup 0.00)

Time for model construction: 4.955 seconds.

Type:        MDP
States:      8000 (1 initial)
Transitions: 12890372
Choices:     16000

Transition matrix: 5864037 nodes (456591 terminal), 12890372 minterms, vars: 15r/15c/2nd

Prob0A: 3 iterations in 0.00 seconds (average 0.001000, setup 0.00)

Prob1E: 4 iterations in 0.00 seconds (average 0.000500, setup 0.00)

yes = 10, no = 45, maybe = 7945

Computing remaining probabilities...
Engine: Sparse

Building sparse matrix(FOR GS)... [n=8000, nc=15890, nnz=12797450, k=2] [146.5 MB]
Creating vector for yes...[62.5 KB]
Allocating iteration vectors... [2 x 62.5 KB]
TOTAL: [146.7 MB]

Starting iterations...
Iteration 227: max relative diff=0.000720, 5.01 sec so far
Iteration 457: max relative diff=0.000070, 10.03 sec so far
Iteration 687: max relative diff=0.000008, 15.04 sec so far

Iterative method: 909 iterations in 19.88 seconds (average 0.021872, setup 2.15)

Value in the initial state: 0.49027931613846193

Time for model checking: 22.091 seconds.

Result: 0.49027931613846193 (value in the initial state)

Warning: CUDD reports 5949639 non-zero references.

