PRISM
=====

Version: 4.4.dev
Date: Sat Jun 16 21:15:04 IRDT 2018
Hostname: sadegh-H81M-S2PH
Memory limits: cudd=1g, java(heap)=2.1g
Command line: prism dns25.nm dns.pctl -s -gs -maxiters 90050 -epsilon 1e-6 -javamaxmem 2400m

Parsing model file "dns25.nm"...

Parsing properties file "dns.pctl"...

1 property:
(1) Pmax=? [ "pp" U "qq" ]

Type:        MDP
Modules:     m1 m2 m3 
Variables:   s1 s2 s3 

---------------------------------------------------------------------

Model checking: Pmax=? [ "pp" U "qq" ]

Building model...

Computing reachable states...

Reachability (BFS): 2 iterations in 0.00 seconds (average 0.000500, setup 0.00)

Time for model construction: 8.318 seconds.

Type:        MDP
States:      7200 (1 initial)
Transitions: 128088489
Choices:     21600

Transition matrix: 7534724 nodes (307318 terminal), 128088489 minterms, vars: 15r/15c/3nd

Prob0A: 2 iterations in 0.00 seconds (average 0.001500, setup 0.00)

Prob1E: 4 iterations in 0.00 seconds (average 0.000250, setup 0.00)

yes = 35, no = 21, maybe = 7144

Computing remaining probabilities...
Engine: Sparse

Building sparse matrix(FOR GS)... [n=7200, nc=21432, nnz=127108950, k=3] [1.4 GB]
Creating vector for yes...[56.2 KB]
Allocating iteration vectors... [2 x 56.2 KB]
TOTAL: [1.4 GB]

Starting iterations...
Iteration 24: max relative diff=0.030410, 5.06 sec so far
Iteration 48: max relative diff=0.009748, 10.12 sec so far
Iteration 72: max relative diff=0.004198, 15.18 sec so far
Iteration 96: max relative diff=0.002099, 20.25 sec so far
Iteration 120: max relative diff=0.001148, 25.31 sec so far
Iteration 144: max relative diff=0.000666, 30.37 sec so far
Iteration 168: max relative diff=0.000400, 35.43 sec so far
Iteration 192: max relative diff=0.000246, 40.50 sec so far
Iteration 216: max relative diff=0.000153, 45.56 sec so far
Iteration 240: max relative diff=0.000096, 50.63 sec so far
Iteration 264: max relative diff=0.000061, 55.69 sec so far
Iteration 288: max relative diff=0.000038, 60.75 sec so far
Iteration 312: max relative diff=0.000024, 65.81 sec so far
Iteration 336: max relative diff=0.000016, 70.87 sec so far
Iteration 360: max relative diff=0.000010, 75.93 sec so far
Iteration 384: max relative diff=0.000006, 81.00 sec so far
Iteration 408: max relative diff=0.000004, 86.06 sec so far
Iteration 432: max relative diff=0.000003, 91.12 sec so far
Iteration 456: max relative diff=0.000002, 96.19 sec so far
Iteration 480: max relative diff=0.000001, 101.25 sec so far

Iterative method: 483 iterations in 101.89 seconds (average 0.210942, setup 10.96)

Value in the initial state: 0.7079528989606251

Time for model checking: 113.463 seconds.

Result: 0.7079528989606251 (value in the initial state)

