PRISM
=====

Version: 4.4.dev
Date: Tue Jun 19 11:40:58 IRDT 2018
Hostname: sadegh-H81M-S2PH
Memory limits: cudd=1g, java(heap)=2.1g
Command line: prism dns155.nm dns.pctl -s -gs -maxiters 90050 -epsilon 1e-6 -javamaxmem 2400m

Parsing model file "dns155.nm"...

Parsing properties file "dns.pctl"...

1 property:
(1) Pmax=? [ "pp" U "qq" ]

Type:        MDP
Modules:     m1 m2 m3 
Variables:   s1 s2 s3 

---------------------------------------------------------------------

Model checking: Pmax=? [ "pp" U "qq" ]

Building model...

Computing reachable states...

Reachability (BFS): 3 iterations in 0.02 seconds (average 0.005333, setup 0.00)

Time for model construction: 12.074 seconds.

Type:        MDP
States:      8000 (1 initial)
Transitions: 43444446
Choices:     24000

Transition matrix: 12508130 nodes (452657 terminal), 43444446 minterms, vars: 15r/15c/3nd

Prob0A: 3 iterations in 0.00 seconds (average 0.001000, setup 0.00)

Prob1E: 4 iterations in 0.00 seconds (average 0.000500, setup 0.00)

yes = 10, no = 10, maybe = 7980

Computing remaining probabilities...
Engine: Sparse

Building sparse matrix(FOR GS)... [n=8000, nc=23940, nnz=43329885, k=3] [496.0 MB]
Creating vector for yes...[62.5 KB]
Allocating iteration vectors... [2 x 62.5 KB]
TOTAL: [496.2 MB]

Starting iterations...
Iteration 69: max relative diff=0.010743, 5.02 sec so far
Iteration 138: max relative diff=0.003909, 10.04 sec so far
Iteration 207: max relative diff=0.001984, 15.07 sec so far
Iteration 276: max relative diff=0.001190, 20.10 sec so far
Iteration 345: max relative diff=0.000791, 25.13 sec so far
Iteration 414: max relative diff=0.000565, 30.16 sec so far
Iteration 483: max relative diff=0.000422, 35.19 sec so far
Iteration 552: max relative diff=0.000325, 40.21 sec so far
Iteration 621: max relative diff=0.000257, 45.25 sec so far
Iteration 690: max relative diff=0.000206, 50.28 sec so far
Iteration 759: max relative diff=0.000168, 55.30 sec so far
Iteration 828: max relative diff=0.000139, 60.33 sec so far
Iteration 897: max relative diff=0.000116, 65.36 sec so far
Iteration 965: max relative diff=0.000098, 70.43 sec so far
Iteration 1034: max relative diff=0.000084, 75.45 sec so far
Iteration 1103: max relative diff=0.000072, 80.47 sec so far
Iteration 1172: max relative diff=0.000062, 85.50 sec so far
Iteration 1241: max relative diff=0.000053, 90.53 sec so far
Iteration 1310: max relative diff=0.000046, 95.55 sec so far
Iteration 1379: max relative diff=0.000040, 100.56 sec so far
Iteration 1448: max relative diff=0.000035, 105.59 sec so far
Iteration 1517: max relative diff=0.000030, 110.61 sec so far
Iteration 1586: max relative diff=0.000027, 115.63 sec so far
Iteration 1655: max relative diff=0.000023, 120.65 sec so far
Iteration 1724: max relative diff=0.000020, 125.67 sec so far
Iteration 1793: max relative diff=0.000018, 130.69 sec so far
Iteration 1862: max relative diff=0.000016, 135.71 sec so far
Iteration 1931: max relative diff=0.000014, 140.73 sec so far
Iteration 2000: max relative diff=0.000012, 145.76 sec so far
Iteration 2069: max relative diff=0.000011, 150.77 sec so far
Iteration 2138: max relative diff=0.000009, 155.80 sec so far
Iteration 2207: max relative diff=0.000008, 160.82 sec so far
Iteration 2276: max relative diff=0.000007, 165.84 sec so far
Iteration 2345: max relative diff=0.000006, 170.87 sec so far
Iteration 2414: max relative diff=0.000006, 175.89 sec so far
Iteration 2483: max relative diff=0.000005, 180.92 sec so far
Iteration 2552: max relative diff=0.000004, 185.94 sec so far
Iteration 2621: max relative diff=0.000004, 190.96 sec so far
Iteration 2690: max relative diff=0.000003, 195.98 sec so far
Iteration 2759: max relative diff=0.000003, 201.00 sec so far
Iteration 2828: max relative diff=0.000003, 206.02 sec so far
Iteration 2897: max relative diff=0.000002, 211.04 sec so far
Iteration 2966: max relative diff=0.000002, 216.06 sec so far
Iteration 3035: max relative diff=0.000002, 221.08 sec so far
Iteration 3104: max relative diff=0.000002, 226.10 sec so far
Iteration 3173: max relative diff=0.000001, 231.13 sec so far
Iteration 3242: max relative diff=0.000001, 236.15 sec so far
Iteration 3311: max relative diff=0.000001, 241.17 sec so far
Iteration 3380: max relative diff=0.000001, 246.19 sec so far

Iterative method: 3383 iterations in 246.41 seconds (average 0.072839, setup 6.66)

Value in the initial state: 0.7015311070421177

Time for model checking: 253.22 seconds.

Result: 0.7015311070421177 (value in the initial state)

