PRISM
=====

Version: 4.4.dev
Date: Mon Jun 18 06:34:36 IRDT 2018
Hostname: sadegh-H81M-S2PH
Memory limits: cudd=1g, java(heap)=2.1g
Command line: prism dns112.nm dns.pctl -s -bucketvaliter2 -maxiters 90050 -javamaxmem 2400m

Parsing model file "dns112.nm"...

Parsing properties file "dns.pctl"...

1 property:
(1) Pmax=? [ "pp" U "qq" ]

Type:        MDP
Modules:     m1 m2 m3 
Variables:   s1 s2 s3 

---------------------------------------------------------------------

Model checking: Pmax=? [ "pp" U "qq" ]

Building model...

Computing reachable states...

Reachability (BFS): 3 iterations in 0.01 seconds (average 0.001667, setup 0.00)

Time for model construction: 16.696 seconds.

Type:        MDP
States:      9200 (1 initial)
Transitions: 104231736
Choices:     27600

Transition matrix: 15310652 nodes (412599 terminal), 104231736 minterms, vars: 15r/15c/3nd

Prob0A: 2 iterations in 0.01 seconds (average 0.003000, setup 0.00)

Prob1E: 4 iterations in 0.00 seconds (average 0.001000, setup 0.00)

yes = 10, no = 120, maybe = 9070

Computing remaining probabilities...
Engine: Sparse

Building sparse matrix(FOR GS)... [n=9200, nc=27210, nnz=102728729, k=3] [1.1 GB]
Creating vector for yes...[71.9 KB]
Allocating iteration vectors... [2 x 71.9 KB]
TOTAL: [1.1 GB]

Starting iterations...

Iterative method: 2053868 iterations in 237.00 seconds (average 0.000115, setup 15.36)

Value in the initial state: 0.15136008016640337

Time for model checking: 256.539 seconds.

Result: 0.15136008016640337 (value in the initial state)

