PRISM
=====

Version: 4.4.dev
Date: Mon Jun 18 09:08:36 IRDT 2018
Hostname: sadegh-H81M-S2PH
Memory limits: cudd=1g, java(heap)=2.1g
Command line: prism dns121.nm dns.pctl -s -backwardvaliter -maxiters 90050 -epsilon 1e-6 -javamaxmem 2400m

Parsing model file "dns121.nm"...

Parsing properties file "dns.pctl"...

1 property:
(1) Pmax=? [ "pp" U "qq" ]

Type:        MDP
Modules:     m1 m2 m3 
Variables:   s1 s2 s3 

---------------------------------------------------------------------

Model checking: Pmax=? [ "pp" U "qq" ]

Building model...

Computing reachable states...

Reachability (BFS): 3 iterations in 0.00 seconds (average 0.001333, setup 0.00)

Time for model construction: 14.89 seconds.

Type:        MDP
States:      10000 (1 initial)
Transitions: 91585208
Choices:     30000

Transition matrix: 15047611 nodes (456141 terminal), 91585208 minterms, vars: 15r/15c/3nd

Prob0A: 3 iterations in 0.00 seconds (average 0.001000, setup 0.00)

Prob1E: 4 iterations in 0.00 seconds (average 0.000500, setup 0.00)

yes = 10, no = 15, maybe = 9975

Computing remaining probabilities...
Engine: Sparse

Building sparse matrix(FOR GS)... [n=10000, nc=29925, nnz=91367415, k=3] [1.0 GB]
Creating vector for yes...[78.1 KB]
Allocating iteration vectors... [2 x 78.1 KB]
TOTAL: [1.0 GB]

Starting iterations...
Iteration 29: max relative diff=0.030973, 5.03 sec so far
Iteration 62: max relative diff=0.011599, 10.07 sec so far
Iteration 95: max relative diff=0.006282, 15.10 sec so far
Iteration 128: max relative diff=0.003948, 20.14 sec so far
Iteration 161: max relative diff=0.002693, 25.18 sec so far
Iteration 194: max relative diff=0.001929, 30.22 sec so far
Iteration 227: max relative diff=0.001436, 35.26 sec so far
Iteration 260: max relative diff=0.001103, 40.30 sec so far
Iteration 293: max relative diff=0.000871, 45.34 sec so far
Iteration 326: max relative diff=0.000703, 50.38 sec so far
Iteration 359: max relative diff=0.000578, 55.42 sec so far
Iteration 392: max relative diff=0.000482, 60.47 sec so far
Iteration 425: max relative diff=0.000407, 65.51 sec so far
Iteration 458: max relative diff=0.000348, 70.55 sec so far
Iteration 491: max relative diff=0.000300, 75.59 sec so far
Iteration 524: max relative diff=0.000261, 80.63 sec so far
Iteration 557: max relative diff=0.000229, 85.67 sec so far
Iteration 590: max relative diff=0.000202, 90.71 sec so far
Iteration 623: max relative diff=0.000180, 95.75 sec so far
Iteration 656: max relative diff=0.000160, 100.78 sec so far
Iteration 689: max relative diff=0.000144, 105.82 sec so far
Iteration 722: max relative diff=0.000129, 110.85 sec so far
Iteration 755: max relative diff=0.000117, 115.89 sec so far
Iteration 788: max relative diff=0.000106, 120.94 sec so far
Iteration 821: max relative diff=0.000096, 125.98 sec so far
Iteration 854: max relative diff=0.000087, 131.02 sec so far
Iteration 887: max relative diff=0.000079, 136.06 sec so far
Iteration 920: max relative diff=0.000072, 141.10 sec so far
Iteration 953: max relative diff=0.000066, 146.13 sec so far
Iteration 986: max relative diff=0.000061, 151.17 sec so far
Iteration 1019: max relative diff=0.000055, 156.21 sec so far
Iteration 1052: max relative diff=0.000051, 161.24 sec so far
Iteration 1085: max relative diff=0.000047, 166.29 sec so far
Iteration 1118: max relative diff=0.000043, 171.33 sec so far
Iteration 1151: max relative diff=0.000039, 176.37 sec so far
Iteration 1184: max relative diff=0.000036, 181.41 sec so far
Iteration 1217: max relative diff=0.000033, 186.45 sec so far
Iteration 1250: max relative diff=0.000031, 191.50 sec so far
Iteration 1283: max relative diff=0.000028, 196.54 sec so far
Iteration 1316: max relative diff=0.000026, 201.57 sec so far
Iteration 1349: max relative diff=0.000024, 206.62 sec so far
Iteration 1382: max relative diff=0.000022, 211.67 sec so far
Iteration 1415: max relative diff=0.000021, 216.71 sec so far
Iteration 1448: max relative diff=0.000019, 221.76 sec so far
Iteration 1481: max relative diff=0.000018, 226.81 sec so far
Iteration 1514: max relative diff=0.000016, 231.86 sec so far
Iteration 1547: max relative diff=0.000015, 236.99 sec so far
Iteration 1579: max relative diff=0.000014, 242.06 sec so far
Iteration 1612: max relative diff=0.000013, 247.13 sec so far
Iteration 1645: max relative diff=0.000012, 252.21 sec so far
Iteration 1678: max relative diff=0.000011, 257.27 sec so far
Iteration 1711: max relative diff=0.000010, 262.33 sec so far
Iteration 1744: max relative diff=0.000009, 267.40 sec so far
Iteration 1777: max relative diff=0.000009, 272.46 sec so far
Iteration 1810: max relative diff=0.000008, 277.52 sec so far
Iteration 1843: max relative diff=0.000007, 282.59 sec so far
Iteration 1876: max relative diff=0.000007, 287.65 sec so far
Iteration 1909: max relative diff=0.000006, 292.71 sec so far
Iteration 1942: max relative diff=0.000006, 297.78 sec so far
Iteration 1975: max relative diff=0.000005, 302.83 sec so far
Iteration 2008: max relative diff=0.000005, 307.88 sec so far
Iteration 2041: max relative diff=0.000005, 312.96 sec so far
Iteration 2073: max relative diff=0.000004, 318.14 sec so far
Iteration 2105: max relative diff=0.000004, 323.30 sec so far
Iteration 2137: max relative diff=0.000004, 328.43 sec so far
Iteration 2170: max relative diff=0.000003, 333.49 sec so far
Iteration 2203: max relative diff=0.000003, 338.56 sec so far
Iteration 2236: max relative diff=0.000003, 343.62 sec so far
Iteration 2269: max relative diff=0.000003, 348.68 sec so far
Iteration 2302: max relative diff=0.000003, 353.74 sec so far
Iteration 2335: max relative diff=0.000002, 358.80 sec so far
Iteration 2368: max relative diff=0.000002, 363.86 sec so far
Iteration 2401: max relative diff=0.000002, 368.92 sec so far
Iteration 2434: max relative diff=0.000002, 373.98 sec so far
Iteration 2467: max relative diff=0.000002, 379.03 sec so far
Iteration 2500: max relative diff=0.000002, 384.09 sec so far
Iteration 2533: max relative diff=0.000001, 389.16 sec so far
Iteration 2566: max relative diff=0.000001, 394.21 sec so far
Iteration 2599: max relative diff=0.000001, 399.27 sec so far
Iteration 2632: max relative diff=0.000001, 404.33 sec so far
Iteration 2665: max relative diff=0.000001, 409.39 sec so far
Iteration 2698: max relative diff=0.000001, 414.46 sec so far

Iterative method: 2704 iterations in 415.38 seconds (average 0.153616, setup 11.19)

Value in the initial state: 0.6874043328145618

Time for model checking: 426.933 seconds.

Result: 0.6874043328145618 (value in the initial state)

Warning: CUDD reports 15150649 non-zero references.

