PRISM
=====

Version: 4.4.dev
Date: Mon Jun 18 06:40:53 IRDT 2018
Hostname: sadegh-H81M-S2PH
Memory limits: cudd=1g, java(heap)=2.1g
Command line: prism dns113.nm dns.pctl -s -gs -maxiters 90050 -epsilon 1e-6 -javamaxmem 2400m

Parsing model file "dns113.nm"...

Parsing properties file "dns.pctl"...

1 property:
(1) Pmax=? [ "pp" U "qq" ]

Type:        MDP
Modules:     m1 m2 m3 
Variables:   s1 s2 s3 

---------------------------------------------------------------------

Model checking: Pmax=? [ "pp" U "qq" ]

Building model...

Computing reachable states...

Reachability (BFS): 3 iterations in 0.02 seconds (average 0.005667, setup 0.00)

Time for model construction: 16.494 seconds.

Type:        MDP
States:      8000 (1 initial)
Transitions: 103053090
Choices:     32000

Transition matrix: 15934000 nodes (464430 terminal), 103053090 minterms, vars: 15r/15c/4nd

Prob0A: 3 iterations in 0.00 seconds (average 0.001333, setup 0.00)

Prob1E: 4 iterations in 0.00 seconds (average 0.000750, setup 0.00)

yes = 10, no = 55, maybe = 7935

Computing remaining probabilities...
Engine: Sparse

Building sparse matrix(FOR GS)... [n=8000, nc=31740, nnz=102202035, k=4] [1.1 GB]
Creating vector for yes...[62.5 KB]
Allocating iteration vectors... [2 x 62.5 KB]
TOTAL: [1.1 GB]

Starting iterations...
Iteration 30: max relative diff=0.023605, 5.12 sec so far
Iteration 60: max relative diff=0.008143, 10.23 sec so far
Iteration 90: max relative diff=0.003929, 15.35 sec so far
Iteration 120: max relative diff=0.002165, 20.46 sec so far
Iteration 150: max relative diff=0.001278, 25.58 sec so far
Iteration 180: max relative diff=0.000782, 30.70 sec so far
Iteration 210: max relative diff=0.000490, 35.82 sec so far
Iteration 240: max relative diff=0.000312, 40.94 sec so far
Iteration 270: max relative diff=0.000200, 46.06 sec so far
Iteration 300: max relative diff=0.000129, 51.18 sec so far
Iteration 330: max relative diff=0.000084, 56.30 sec so far
Iteration 360: max relative diff=0.000054, 61.41 sec so far
Iteration 390: max relative diff=0.000035, 66.53 sec so far
Iteration 420: max relative diff=0.000023, 71.64 sec so far
Iteration 450: max relative diff=0.000015, 76.76 sec so far
Iteration 480: max relative diff=0.000010, 81.88 sec so far
Iteration 510: max relative diff=0.000006, 87.00 sec so far
Iteration 540: max relative diff=0.000004, 92.11 sec so far
Iteration 570: max relative diff=0.000003, 97.24 sec so far
Iteration 600: max relative diff=0.000002, 102.36 sec so far
Iteration 630: max relative diff=0.000001, 107.48 sec so far

Iterative method: 640 iterations in 109.19 seconds (average 0.170609, setup 13.25)

Value in the initial state: 0.3109842349305402

Time for model checking: 122.969 seconds.

Result: 0.3109842349305402 (value in the initial state)

