PRISM
=====

Version: 4.4.dev
Date: Mon Jun 18 03:25:28 IRDT 2018
Hostname: sadegh-H81M-S2PH
Memory limits: cudd=1g, java(heap)=2.1g
Command line: prism dns101.nm dns.pctl -s -backwardvaliter -maxiters 90050 -epsilon 1e-6 -javamaxmem 2400m

Parsing model file "dns101.nm"...

Parsing properties file "dns.pctl"...

1 property:
(1) Pmax=? [ "pp" U "qq" ]

Type:        MDP
Modules:     m1 m2 m3 
Variables:   s1 s2 s3 

---------------------------------------------------------------------

Model checking: Pmax=? [ "pp" U "qq" ]

Building model...

Computing reachable states...

Reachability (BFS): 3 iterations in 0.00 seconds (average 0.000667, setup 0.00)

Time for model construction: 5.863 seconds.

Type:        MDP
States:      8000 (1 initial)
Transitions: 52343826
Choices:     16000

Transition matrix: 6466738 nodes (410510 terminal), 52343826 minterms, vars: 15r/15c/2nd

Prob0A: 3 iterations in 0.01 seconds (average 0.002000, setup 0.00)

Prob1E: 4 iterations in 0.00 seconds (average 0.000500, setup 0.00)

yes = 10, no = 78, maybe = 7912

Computing remaining probabilities...
Engine: Sparse

Building sparse matrix(FOR GS)... [n=8000, nc=15824, nnz=51801945, k=2] [592.9 MB]
Creating vector for yes...[62.5 KB]
Allocating iteration vectors... [2 x 62.5 KB]
TOTAL: [593.1 MB]

Starting iterations...
Iteration 55: max relative diff=0.009461, 5.04 sec so far
Iteration 113: max relative diff=0.002404, 10.05 sec so far
Iteration 171: max relative diff=0.000833, 15.07 sec so far
Iteration 229: max relative diff=0.000315, 20.08 sec so far
Iteration 287: max relative diff=0.000123, 25.09 sec so far
Iteration 345: max relative diff=0.000049, 30.10 sec so far
Iteration 403: max relative diff=0.000019, 35.11 sec so far
Iteration 461: max relative diff=0.000008, 40.12 sec so far
Iteration 519: max relative diff=0.000003, 45.12 sec so far
Iteration 577: max relative diff=0.000001, 50.13 sec so far

Iterative method: 589 iterations in 51.17 seconds (average 0.086869, setup 5.56)

Value in the initial state: 0.23542065929199119

Time for model checking: 56.907 seconds.

Result: 0.23542065929199119 (value in the initial state)

Warning: CUDD reports 6945710 non-zero references.

