PRISM
=====

Version: 4.4.dev
Date: Tue Jun 19 15:06:41 IRDT 2018
Hostname: sadegh-H81M-S2PH
Memory limits: cudd=1g, java(heap)=2.1g
Command line: prism dns169.nm dns.pctl -s -backwardvaliter -maxiters 90050 -epsilon 1e-6 -javamaxmem 2400m

Parsing model file "dns169.nm"...

Parsing properties file "dns.pctl"...

1 property:
(1) Pmax=? [ "pp" U "qq" ]

Type:        MDP
Modules:     m1 m2 m3 
Variables:   s1 s2 s3 

---------------------------------------------------------------------

Model checking: Pmax=? [ "pp" U "qq" ]

Building model...

Computing reachable states...

Reachability (BFS): 3 iterations in 0.01 seconds (average 0.002667, setup 0.00)

Time for model construction: 13.384 seconds.

Type:        MDP
States:      8000 (1 initial)
Transitions: 27468306
Choices:     32000

Transition matrix: 14202384 nodes (686225 terminal), 27468306 minterms, vars: 15r/15c/4nd

Prob0A: 3 iterations in 0.01 seconds (average 0.003667, setup 0.00)

Prob1E: 4 iterations in 0.00 seconds (average 0.000750, setup 0.00)

yes = 10, no = 28, maybe = 7962

Computing remaining probabilities...
Engine: Sparse

Building sparse matrix(FOR GS)... [n=8000, nc=31848, nnz=27330366, k=4] [312.9 MB]
Creating vector for yes...[62.5 KB]
Allocating iteration vectors... [2 x 62.5 KB]
TOTAL: [313.1 MB]

Starting iterations...
Iteration 103: max relative diff=0.004134, 5.01 sec so far
Iteration 210: max relative diff=0.001213, 10.02 sec so far
Iteration 317: max relative diff=0.000569, 15.02 sec so far
Iteration 424: max relative diff=0.000321, 20.03 sec so far
Iteration 531: max relative diff=0.000197, 25.04 sec so far
Iteration 638: max relative diff=0.000129, 30.05 sec so far
Iteration 745: max relative diff=0.000088, 35.06 sec so far
Iteration 852: max relative diff=0.000062, 40.07 sec so far
Iteration 959: max relative diff=0.000044, 45.08 sec so far
Iteration 1066: max relative diff=0.000031, 50.09 sec so far
Iteration 1173: max relative diff=0.000023, 55.10 sec so far
Iteration 1280: max relative diff=0.000016, 60.11 sec so far
Iteration 1387: max relative diff=0.000012, 65.11 sec so far
Iteration 1494: max relative diff=0.000009, 70.12 sec so far
Iteration 1601: max relative diff=0.000006, 75.12 sec so far
Iteration 1708: max relative diff=0.000005, 80.13 sec so far
Iteration 1815: max relative diff=0.000003, 85.13 sec so far
Iteration 1922: max relative diff=0.000002, 90.13 sec so far
Iteration 2029: max relative diff=0.000002, 95.14 sec so far
Iteration 2136: max relative diff=0.000001, 100.15 sec so far

Iterative method: 2236 iterations in 104.83 seconds (average 0.046883, setup 6.08)

Value in the initial state: 0.6520772513301006

Time for model checking: 111.046 seconds.

Result: 0.6520772513301006 (value in the initial state)

Warning: CUDD reports 14319217 non-zero references.

