PRISM
=====

Version: 4.4.dev
Date: Tue Jun 19 15:54:08 IRDT 2018
Hostname: sadegh-H81M-S2PH
Memory limits: cudd=1g, java(heap)=2.1g
Command line: prism dns171.nm dns.pctl -s -gs -maxiters 90050 -epsilon 1e-6 -javamaxmem 2400m

Parsing model file "dns171.nm"...

Parsing properties file "dns.pctl"...

1 property:
(1) Pmax=? [ "pp" U "qq" ]

Type:        MDP
Modules:     m1 m2 m3 
Variables:   s1 s2 s3 

---------------------------------------------------------------------

Model checking: Pmax=? [ "pp" U "qq" ]

Building model...

Computing reachable states...

Reachability (BFS): 3 iterations in 0.01 seconds (average 0.003333, setup 0.00)

Time for model construction: 23.755 seconds.

Type:        MDP
States:      9600 (1 initial)
Transitions: 38815680
Choices:     38400

Transition matrix: 19762741 nodes (672733 terminal), 38815680 minterms, vars: 15r/15c/4nd

Prob0A: 3 iterations in 0.01 seconds (average 0.003000, setup 0.00)

Prob1E: 4 iterations in 0.00 seconds (average 0.001000, setup 0.00)

yes = 10, no = 66, maybe = 9524

Computing remaining probabilities...
Engine: Sparse

Building sparse matrix(FOR GS)... [n=9600, nc=38096, nnz=38507193, k=4] [440.9 MB]
Creating vector for yes...[75.0 KB]
Allocating iteration vectors... [2 x 75.0 KB]
TOTAL: [441.1 MB]

Starting iterations...
Iteration 73: max relative diff=0.005906, 5.03 sec so far
Iteration 145: max relative diff=0.001786, 10.07 sec so far
Iteration 222: max relative diff=0.000739, 15.13 sec so far
Iteration 299: max relative diff=0.000352, 20.16 sec so far
Iteration 376: max relative diff=0.000179, 25.18 sec so far
Iteration 453: max relative diff=0.000094, 30.23 sec so far
Iteration 530: max relative diff=0.000050, 35.26 sec so far
Iteration 607: max relative diff=0.000027, 40.28 sec so far
Iteration 684: max relative diff=0.000014, 45.30 sec so far
Iteration 761: max relative diff=0.000008, 50.36 sec so far
Iteration 833: max relative diff=0.000004, 55.38 sec so far
Iteration 910: max relative diff=0.000002, 60.44 sec so far
Iteration 987: max relative diff=0.000001, 65.46 sec so far

Iterative method: 1018 iterations in 67.48 seconds (average 0.066285, setup 9.15)

Value in the initial state: 0.45199050550158115

Time for model checking: 76.879 seconds.

Result: 0.45199050550158115 (value in the initial state)

