PRISM
=====

Version: 4.4.dev
Date: Sun Jun 17 22:41:11 IRDT 2018
Hostname: sadegh-H81M-S2PH
Memory limits: cudd=1g, java(heap)=2.1g
Command line: prism dns82.nm dns.pctl -s -gs -maxiters 90050 -epsilon 1e-6 -javamaxmem 2400m

Parsing model file "dns82.nm"...

Parsing properties file "dns.pctl"...

1 property:
(1) Pmax=? [ "pp" U "qq" ]

Type:        MDP
Modules:     m1 m2 m3 
Variables:   s1 s2 s3 

---------------------------------------------------------------------

Model checking: Pmax=? [ "pp" U "qq" ]

Building model...

Computing reachable states...

Reachability (BFS): 3 iterations in 0.01 seconds (average 0.003333, setup 0.00)

Time for model construction: 12.088 seconds.

Type:        MDP
States:      8000 (1 initial)
Transitions: 121752973
Choices:     32000

Transition matrix: 12584162 nodes (596016 terminal), 121752973 minterms, vars: 15r/15c/4nd

Prob0A: 2 iterations in 0.01 seconds (average 0.005000, setup 0.00)

Prob1E: 4 iterations in 0.01 seconds (average 0.001250, setup 0.00)

yes = 10, no = 105, maybe = 7885

Computing remaining probabilities...
Engine: Sparse

Building sparse matrix(FOR GS)... [n=8000, nc=31540, nnz=119955007, k=4] [1.3 GB]
Creating vector for yes...[62.5 KB]
Allocating iteration vectors... [2 x 62.5 KB]
TOTAL: [1.3 GB]

Starting iterations...
Iteration 26: max relative diff=0.022640, 5.20 sec so far
Iteration 52: max relative diff=0.006020, 10.40 sec so far
Iteration 77: max relative diff=0.002292, 15.40 sec so far
Iteration 102: max relative diff=0.000971, 20.40 sec so far
Iteration 128: max relative diff=0.000415, 25.59 sec so far
Iteration 154: max relative diff=0.000180, 30.79 sec so far
Iteration 180: max relative diff=0.000079, 35.99 sec so far
Iteration 206: max relative diff=0.000035, 41.19 sec so far
Iteration 232: max relative diff=0.000015, 46.39 sec so far
Iteration 258: max relative diff=0.000007, 51.59 sec so far
Iteration 283: max relative diff=0.000003, 56.59 sec so far
Iteration 309: max relative diff=0.000001, 61.79 sec so far

Iterative method: 319 iterations in 63.79 seconds (average 0.199975, setup 13.27)

Value in the initial state: 0.33482906624870207

Time for model checking: 77.732 seconds.

Result: 0.33482906624870207 (value in the initial state)

