PRISM
=====

Version: 4.4.dev
Date: Sun Jun 17 08:58:08 IRDT 2018
Hostname: sadegh-H81M-S2PH
Memory limits: cudd=1g, java(heap)=2.1g
Command line: prism dns41.nm dns.pctl -s -bucketvaliter2 -maxiters 90050 -javamaxmem 2400m

Parsing model file "dns41.nm"...

Parsing properties file "dns.pctl"...

1 property:
(1) Pmax=? [ "pp" U "qq" ]

Type:        MDP
Modules:     m1 m2 m3 
Variables:   s1 s2 s3 

---------------------------------------------------------------------

Model checking: Pmax=? [ "pp" U "qq" ]

Building model...

Computing reachable states...

Reachability (BFS): 3 iterations in 0.00 seconds (average 0.000000, setup 0.00)

Time for model construction: 5.886 seconds.

Type:        MDP
States:      7200 (1 initial)
Transitions: 73773846
Choices:     14400

Transition matrix: 5806017 nodes (383400 terminal), 73773846 minterms, vars: 15r/15c/2nd

Prob0A: 2 iterations in 0.00 seconds (average 0.001500, setup 0.00)

Prob1E: 4 iterations in 0.00 seconds (average 0.000250, setup 0.00)

yes = 10, no = 10, maybe = 7180

Computing remaining probabilities...
Engine: Sparse

Building sparse matrix(FOR GS)... [n=7200, nc=14360, nnz=73572681, k=2] [842.1 MB]
Creating vector for yes...[56.2 KB]
Allocating iteration vectors... [2 x 56.2 KB]
TOTAL: [842.2 MB]

Starting iterations...

Iterative method: 12306886 iterations in 846.33 seconds (average 0.000069, setup 6.06)

Value in the initial state: 0.6142513682482625

Time for model checking: 869.52 seconds.

Result: 0.6142513682482625 (value in the initial state)

