PRISM
=====

Version: 4.4.dev
Date: Sun May 20 15:20:28 IRDT 2018
Hostname: sadegh-H81M-S2PH
Memory limits: cudd=1g, java(heap)=2.1g
Command line: prism dns55.nm dns.pctl -s -modpoliter -maxiters 90050 -epsilon 1e-8 -javamaxmem 2400m

Parsing model file "dns55.nm"...

Parsing properties file "dns.pctl"...

1 property:
(1) Pmax=? [ "pp" U "qq" ]

Type:        MDP
Modules:     m1 m2 m3 
Variables:   s1 s2 s3 

---------------------------------------------------------------------

Model checking: Pmax=? [ "pp" U "qq" ]

Building model...

Computing reachable states...

Reachability (BFS): 3 iterations in 0.00 seconds (average 0.000667, setup 0.00)

Time for model construction: 12.759 seconds.

Type:        MDP
States:      8000 (1 initial)
Transitions: 263773204
Choices:     48000

Transition matrix: 15976063 nodes (249020 terminal), 263773204 minterms, vars: 15r/15c/6nd

Prob0A: 2 iterations in 0.01 seconds (average 0.003500, setup 0.00)

Prob1E: 4 iterations in 0.00 seconds (average 0.000500, setup 0.00)

yes = 10, no = 10, maybe = 7980

Computing remaining probabilities...
Engine: Sparse

Building sparse matrix (FOR POLICY ITERASION)... [n=8000, nc=47880, nnz=263106553, k=6] [2.9 GB]
Creating vector for yes...[62.5 KB]
Allocating iteration vectors... [2 x 62.5 KB]
TOTAL: [2.9 GB]

Starting iterations...
Iteration 101: max relative diff=0.045980, 5.02 sec so far
Iteration 303: max relative diff=0.002812, 14.45 sec so far
Iteration 505: max relative diff=0.000844, 23.97 sec so far
Iteration 707: max relative diff=0.000320, 33.49 sec so far
Iteration 909: max relative diff=0.000106, 42.99 sec so far
Iteration 1111: max relative diff=0.000056, 52.51 sec so far
Iteration 1313: max relative diff=0.000019, 62.04 sec so far
Iteration 1515: max relative diff=0.000008, 71.57 sec so far
Iteration 1717: max relative diff=0.000004, 81.10 sec so far
Iteration 1919: max relative diff=0.000001, 90.62 sec so far
Iteration 2121: max relative diff=0.000001, 100.15 sec so far
Iteration 2323: max relative diff=0.000000, 109.68 sec so far
Iteration 2525: max relative diff=0.000000, 119.22 sec so far
Iteration 2727: max relative diff=0.000000, 128.75 sec so far
Iteration 2929: max relative diff=0.000000, 138.29 sec so far
Iteration 3131: max relative diff=0.000000, 147.82 sec so far

Iterative method: 3193 iterations in 150.82 seconds (average 0.047235, setup 14.52)

Value in the initial state: 0.6452002863766301

Time for model checking: 166.119 seconds.

Result: 0.6452002863766301 (value in the initial state)

