PRISM
=====

Version: 4.4.dev
Date: Mon May 21 00:55:19 IRDT 2018
Hostname: sadegh-H81M-S2PH
Memory limits: cudd=1g, java(heap)=2.1g
Command line: prism dns144.nm dns.pctl -s -improvedmodpoliter2 -maxiters 90050 -epsilon 1e-8 -javamaxmem 2400m

Parsing model file "dns144.nm"...

Parsing properties file "dns.pctl"...

1 property:
(1) Pmax=? [ "pp" U "qq" ]

Type:        MDP
Modules:     m1 m2 m3 
Variables:   s1 s2 s3 

---------------------------------------------------------------------

Model checking: Pmax=? [ "pp" U "qq" ]

Building model...

Computing reachable states...

Reachability (BFS): 3 iterations in 0.00 seconds (average 0.000667, setup 0.00)

Time for model construction: 7.275 seconds.

Type:        MDP
States:      9600 (1 initial)
Transitions: 36358638
Choices:     19200

Transition matrix: 10280260 nodes (434813 terminal), 36358638 minterms, vars: 15r/15c/2nd

Prob0A: 3 iterations in 0.01 seconds (average 0.002000, setup 0.00)

Prob1E: 9 iterations in 0.01 seconds (average 0.001444, setup 0.00)

yes = 10, no = 15, maybe = 9575

Computing remaining probabilities...
Engine: Sparse

Building sparse matrix (FOR POLICY ITERASION)... [n=9600, nc=19150, nnz=36267072, k=2] [415.2 MB]
Creating vector for yes...[75.0 KB]
Allocating iteration vectors... [2 x 75.0 KB]
TOTAL: [415.4 MB]

Starting iterations...
Iteration 808: max relative diff=0.001232, 5.15 sec so far
Iteration 1616: max relative diff=0.000079, 10.17 sec so far
Iteration 2424: max relative diff=0.000010, 15.18 sec so far
Iteration 3232: max relative diff=0.000001, 20.34 sec so far
Iteration 4040: max relative diff=0.000000, 25.66 sec so far
Iteration 4848: max relative diff=0.000000, 31.00 sec so far

Iterative method: 5050 iterations in 32.32 seconds (average 0.006400, setup 3.33)


Number of scallar multiplications: 31430M 

Value in the initial state: 0.6377846550582597

Time for model checking: 35.843 seconds.

Result: 0.6377846550582597 (value in the initial state)

