PRISM
=====

Version: 4.4.dev
Date: Sun May 20 15:51:08 IRDT 2018
Hostname: sadegh-H81M-S2PH
Memory limits: cudd=1g, java(heap)=2.1g
Command line: prism dns59.nm dns.pctl -s -improvedmodpoliter -maxiters 90050 -epsilon 1e-8 -javamaxmem 2400m

Parsing model file "dns59.nm"...

Parsing properties file "dns.pctl"...

1 property:
(1) Pmax=? [ "pp" U "qq" ]

Type:        MDP
Modules:     m1 m2 m3 
Variables:   s1 s2 s3 

---------------------------------------------------------------------

Model checking: Pmax=? [ "pp" U "qq" ]

Building model...

Computing reachable states...

Reachability (BFS): 3 iterations in 0.00 seconds (average 0.000333, setup 0.00)

Time for model construction: 7.905 seconds.

Type:        MDP
States:      8800 (1 initial)
Transitions: 162322494
Choices:     26400

Transition matrix: 10357675 nodes (211449 terminal), 162322494 minterms, vars: 15r/15c/3nd

Prob0A: 2 iterations in 0.01 seconds (average 0.003500, setup 0.00)

Prob1E: 4 iterations in 0.00 seconds (average 0.000500, setup 0.00)

yes = 10, no = 55, maybe = 8735

Computing remaining probabilities...
Engine: Sparse

Building sparse matrix (FOR POLICY ITERASION)... [n=8800, nc=26205, nnz=161112563, k=3] [1.8 GB]
Creating vector for yes...[68.8 KB]
Allocating iteration vectors... [2 x 68.8 KB]
TOTAL: [1.8 GB]

Starting iterations...
Iteration 102: max relative diff=0.058029, 5.21 sec so far
Iteration 204: max relative diff=0.010075, 10.46 sec so far
Iteration 306: max relative diff=0.001433, 15.67 sec so far
Iteration 408: max relative diff=0.000276, 20.87 sec so far
Iteration 510: max relative diff=0.000068, 26.10 sec so far
Iteration 612: max relative diff=0.000007, 31.51 sec so far
Iteration 714: max relative diff=0.000002, 36.79 sec so far
Iteration 816: max relative diff=0.000000, 42.05 sec so far
Iteration 918: max relative diff=0.000000, 47.46 sec so far
Iteration 1020: max relative diff=0.000000, 52.76 sec so far

Iterative method: 1020 iterations in 52.76 seconds (average 0.051724, setup 9.53)

Value in the initial state: 0.23164488746869225

Time for model checking: 63.168 seconds.

Result: 0.23164488746869225 (value in the initial state)

