PRISM
=====

Version: 4.4.dev
Date: Sun May 20 20:35:56 IRDT 2018
Hostname: sadegh-H81M-S2PH
Memory limits: cudd=1g, java(heap)=2.1g
Command line: prism dns95.nm dns.pctl -s -modpoliter -maxiters 90050 -epsilon 1e-8 -javamaxmem 2400m

Parsing model file "dns95.nm"...

Parsing properties file "dns.pctl"...

1 property:
(1) Pmax=? [ "pp" U "qq" ]

Type:        MDP
Modules:     m1 m2 m3 
Variables:   s1 s2 s3 

---------------------------------------------------------------------

Model checking: Pmax=? [ "pp" U "qq" ]

Building model...

Computing reachable states...

Reachability (BFS): 3 iterations in 0.00 seconds (average 0.000333, setup 0.00)

Time for model construction: 6.955 seconds.

Type:        MDP
States:      8800 (1 initial)
Transitions: 78520320
Choices:     17600

Transition matrix: 8439219 nodes (257664 terminal), 78520320 minterms, vars: 15r/15c/2nd

Prob0A: 3 iterations in 0.00 seconds (average 0.001333, setup 0.00)

Prob1E: 4 iterations in 0.00 seconds (average 0.000250, setup 0.00)

yes = 10, no = 28, maybe = 8762

Computing remaining probabilities...
Engine: Sparse

Building sparse matrix (FOR POLICY ITERASION)... [n=8800, nc=17524, nnz=78206308, k=2] [895.1 MB]
Creating vector for yes...[68.8 KB]
Allocating iteration vectors... [2 x 68.8 KB]
TOTAL: [895.3 MB]

Starting iterations...
Iteration 202: max relative diff=0.007162, 8.28 sec so far
Iteration 404: max relative diff=0.000972, 16.68 sec so far
Iteration 606: max relative diff=0.000184, 25.06 sec so far
Iteration 808: max relative diff=0.000028, 33.44 sec so far
Iteration 1010: max relative diff=0.000006, 41.83 sec so far
Iteration 1212: max relative diff=0.000001, 50.21 sec so far
Iteration 1414: max relative diff=0.000000, 58.58 sec so far
Iteration 1616: max relative diff=0.000000, 66.99 sec so far
Iteration 1775: max relative diff=0.000000, 73.60 sec so far

Iterative method: 1775 iterations in 73.60 seconds (average 0.041463, setup 5.62)

Value in the initial state: 0.332412216354425

Time for model checking: 79.395 seconds.

Result: 0.332412216354425 (value in the initial state)

