PRISM
=====

Version: 4.4.dev
Date: Mon Jun 18 13:28:17 IRDT 2018
Hostname: sadegh-H81M-S2PH
Memory limits: cudd=1g, java(heap)=2.1g
Command line: prism dns140.nm dns.pctl -s -backwardvaliter -maxiters 90050 -epsilon 1e-6 -javamaxmem 2400m

Parsing model file "dns140.nm"...

Parsing properties file "dns.pctl"...

1 property:
(1) Pmax=? [ "pp" U "qq" ]

Type:        MDP
Modules:     m1 m2 m3 
Variables:   s1 s2 s3 

---------------------------------------------------------------------

Model checking: Pmax=? [ "pp" U "qq" ]

Building model...

Computing reachable states...

Reachability (BFS): 3 iterations in 0.00 seconds (average 0.001333, setup 0.00)

Time for model construction: 10.44 seconds.

Type:        MDP
States:      7200 (1 initial)
Transitions: 51622008
Choices:     21600

Transition matrix: 9705957 nodes (356528 terminal), 51622008 minterms, vars: 15r/15c/3nd

Prob0A: 3 iterations in 0.01 seconds (average 0.003333, setup 0.00)

Prob1E: 9 iterations in 0.01 seconds (average 0.001222, setup 0.00)

yes = 10, no = 15, maybe = 7175

Computing remaining probabilities...
Engine: Sparse

Building sparse matrix(FOR GS)... [n=7200, nc=21525, nnz=51438835, k=3] [588.8 MB]
Creating vector for yes...[56.2 KB]
Allocating iteration vectors... [2 x 56.2 KB]
TOTAL: [588.9 MB]

Starting iterations...
Iteration 51: max relative diff=0.015183, 5.04 sec so far
Iteration 109: max relative diff=0.005021, 10.05 sec so far
Iteration 167: max relative diff=0.002398, 15.06 sec so far
Iteration 225: max relative diff=0.001356, 20.06 sec so far
Iteration 283: max relative diff=0.000850, 25.07 sec so far
Iteration 341: max relative diff=0.000569, 30.08 sec so far
Iteration 399: max relative diff=0.000397, 35.09 sec so far
Iteration 457: max relative diff=0.000285, 40.10 sec so far
Iteration 515: max relative diff=0.000208, 45.11 sec so far
Iteration 573: max relative diff=0.000155, 50.12 sec so far
Iteration 631: max relative diff=0.000116, 55.13 sec so far
Iteration 689: max relative diff=0.000088, 60.15 sec so far
Iteration 747: max relative diff=0.000067, 65.15 sec so far
Iteration 805: max relative diff=0.000051, 70.16 sec so far
Iteration 863: max relative diff=0.000039, 75.17 sec so far
Iteration 921: max relative diff=0.000030, 80.19 sec so far
Iteration 979: max relative diff=0.000023, 85.19 sec so far
Iteration 1037: max relative diff=0.000018, 90.20 sec so far
Iteration 1095: max relative diff=0.000014, 95.21 sec so far
Iteration 1153: max relative diff=0.000011, 100.22 sec so far
Iteration 1211: max relative diff=0.000008, 105.23 sec so far
Iteration 1269: max relative diff=0.000006, 110.23 sec so far
Iteration 1327: max relative diff=0.000005, 115.24 sec so far
Iteration 1385: max relative diff=0.000004, 120.25 sec so far
Iteration 1443: max relative diff=0.000003, 125.26 sec so far
Iteration 1501: max relative diff=0.000002, 130.31 sec so far
Iteration 1559: max relative diff=0.000002, 135.32 sec so far
Iteration 1617: max relative diff=0.000001, 140.32 sec so far
Iteration 1675: max relative diff=0.000001, 145.33 sec so far

Iterative method: 1693 iterations in 146.89 seconds (average 0.086761, setup 6.24)

Value in the initial state: 0.5585962386134932

Time for model checking: 153.369 seconds.

Result: 0.5585962386134932 (value in the initial state)

Warning: CUDD reports 9907577 non-zero references.

