PRISM
=====

Version: 4.4.dev
Date: Mon Jun 18 12:15:10 IRDT 2018
Hostname: sadegh-H81M-S2PH
Memory limits: cudd=1g, java(heap)=2.1g
Command line: prism dns134.nm dns.pctl -s -gs -maxiters 90050 -epsilon 1e-6 -javamaxmem 2400m

Parsing model file "dns134.nm"...

Parsing properties file "dns.pctl"...

1 property:
(1) Pmax=? [ "pp" U "qq" ]

Type:        MDP
Modules:     m1 m2 m3 
Variables:   s1 s2 s3 

---------------------------------------------------------------------

Model checking: Pmax=? [ "pp" U "qq" ]

Building model...

Computing reachable states...

Reachability (BFS): 3 iterations in 0.00 seconds (average 0.001000, setup 0.00)

Time for model construction: 11.036 seconds.

Type:        MDP
States:      9600 (1 initial)
Transitions: 59860264
Choices:     19200

Transition matrix: 10638560 nodes (283788 terminal), 59860264 minterms, vars: 15r/15c/2nd

Prob0A: 3 iterations in 0.01 seconds (average 0.002333, setup 0.00)

Prob1E: 9 iterations in 0.01 seconds (average 0.000889, setup 0.00)

yes = 10, no = 10, maybe = 9580

Computing remaining probabilities...
Engine: Sparse

Building sparse matrix(FOR GS)... [n=9600, nc=19160, nnz=59736731, k=2] [683.7 MB]
Creating vector for yes...[75.0 KB]
Allocating iteration vectors... [2 x 75.0 KB]
TOTAL: [684.0 MB]

Starting iterations...
Iteration 51: max relative diff=0.016828, 5.09 sec so far
Iteration 102: max relative diff=0.006885, 10.17 sec so far
Iteration 153: max relative diff=0.003787, 15.26 sec so far
Iteration 204: max relative diff=0.002367, 20.34 sec so far
Iteration 255: max relative diff=0.001591, 25.44 sec so far
Iteration 306: max relative diff=0.001122, 30.53 sec so far
Iteration 357: max relative diff=0.000819, 35.61 sec so far
Iteration 408: max relative diff=0.000614, 40.70 sec so far
Iteration 459: max relative diff=0.000469, 45.79 sec so far
Iteration 510: max relative diff=0.000365, 50.87 sec so far
Iteration 561: max relative diff=0.000288, 55.96 sec so far
Iteration 612: max relative diff=0.000229, 61.05 sec so far
Iteration 663: max relative diff=0.000184, 66.14 sec so far
Iteration 714: max relative diff=0.000149, 71.23 sec so far
Iteration 765: max relative diff=0.000121, 76.32 sec so far
Iteration 816: max relative diff=0.000099, 81.41 sec so far
Iteration 867: max relative diff=0.000081, 86.50 sec so far
Iteration 918: max relative diff=0.000066, 91.60 sec so far
Iteration 969: max relative diff=0.000055, 96.69 sec so far
Iteration 1020: max relative diff=0.000045, 101.77 sec so far
Iteration 1071: max relative diff=0.000037, 106.86 sec so far
Iteration 1122: max relative diff=0.000031, 111.95 sec so far
Iteration 1173: max relative diff=0.000025, 117.04 sec so far
Iteration 1224: max relative diff=0.000021, 122.12 sec so far
Iteration 1275: max relative diff=0.000017, 127.21 sec so far
Iteration 1326: max relative diff=0.000014, 132.30 sec so far
Iteration 1377: max relative diff=0.000012, 137.39 sec so far
Iteration 1428: max relative diff=0.000010, 142.48 sec so far
Iteration 1479: max relative diff=0.000008, 147.56 sec so far
Iteration 1530: max relative diff=0.000007, 152.65 sec so far
Iteration 1581: max relative diff=0.000006, 157.74 sec so far
Iteration 1632: max relative diff=0.000005, 162.82 sec so far
Iteration 1682: max relative diff=0.000004, 167.83 sec so far
Iteration 1732: max relative diff=0.000003, 172.84 sec so far
Iteration 1783: max relative diff=0.000003, 177.92 sec so far
Iteration 1834: max relative diff=0.000002, 183.01 sec so far
Iteration 1885: max relative diff=0.000002, 188.09 sec so far
Iteration 1936: max relative diff=0.000002, 193.18 sec so far
Iteration 1986: max relative diff=0.000001, 198.19 sec so far
Iteration 2037: max relative diff=0.000001, 203.27 sec so far

Iterative method: 2063 iterations in 205.86 seconds (average 0.099788, setup 6.96)

Value in the initial state: 0.6322234045342234

Time for model checking: 213.111 seconds.

Result: 0.6322234045342234 (value in the initial state)

