PRISM
=====

Version: 4.4.dev
Date: Sun May 20 15:07:11 IRDT 2018
Hostname: sadegh-H81M-S2PH
Memory limits: cudd=1g, java(heap)=2.1g
Command line: prism dns52.nm dns.pctl -s -improvedmodpoliter2 -maxiters 90050 -epsilon 1e-8 -javamaxmem 2400m

Parsing model file "dns52.nm"...

Parsing properties file "dns.pctl"...

1 property:
(1) Pmax=? [ "pp" U "qq" ]

Type:        MDP
Modules:     m1 m2 m3 
Variables:   s1 s2 s3 

---------------------------------------------------------------------

Model checking: Pmax=? [ "pp" U "qq" ]

Building model...

Computing reachable states...

Reachability (BFS): 3 iterations in 0.00 seconds (average 0.000667, setup 0.00)

Time for model construction: 8.206 seconds.

Type:        MDP
States:      7200 (1 initial)
Transitions: 144217611
Choices:     28800

Transition matrix: 10862359 nodes (305610 terminal), 144217611 minterms, vars: 15r/15c/4nd

Prob0A: 2 iterations in 0.01 seconds (average 0.005000, setup 0.00)

Prob1E: 4 iterations in 0.00 seconds (average 0.000500, setup 0.00)

yes = 10, no = 15, maybe = 7175

Computing remaining probabilities...
Engine: Sparse

Building sparse matrix (FOR POLICY ITERASION)... [n=7200, nc=28700, nnz=143696842, k=4] [1.6 GB]
Creating vector for yes...[56.2 KB]
Allocating iteration vectors... [2 x 56.2 KB]
TOTAL: [1.6 GB]

Starting iterations...
Iteration 303: max relative diff=0.004179, 5.79 sec so far
Iteration 606: max relative diff=0.000766, 11.72 sec so far
Iteration 909: max relative diff=0.000166, 17.63 sec so far
Iteration 1212: max relative diff=0.000028, 23.53 sec so far
Iteration 1515: max relative diff=0.000007, 29.43 sec so far
Iteration 1818: max relative diff=0.000001, 35.31 sec so far
Iteration 2121: max relative diff=0.000000, 41.50 sec so far
Iteration 2424: max relative diff=0.000000, 47.66 sec so far
Iteration 2727: max relative diff=0.000000, 53.69 sec so far

Iterative method: 2926 iterations in 57.73 seconds (average 0.019730, setup 8.36)


Number of scallar multiplications: 58721M 

Value in the initial state: 0.5383394621291596

Time for model checking: 67.53 seconds.

Result: 0.5383394621291596 (value in the initial state)

