PRISM
=====

Version: 4.4.dev
Date: Sat Jun 16 20:53:20 IRDT 2018
Hostname: sadegh-H81M-S2PH
Memory limits: cudd=1g, java(heap)=2.1g
Command line: prism dns23.nm dns.pctl -s -gs -maxiters 90050 -epsilon 1e-6 -javamaxmem 2400m

Parsing model file "dns23.nm"...

Parsing properties file "dns.pctl"...

1 property:
(1) Pmax=? [ "pp" U "qq" ]

Type:        MDP
Modules:     m1 m2 m3 
Variables:   s1 s2 s3 

---------------------------------------------------------------------

Model checking: Pmax=? [ "pp" U "qq" ]

Building model...

Computing reachable states...

Reachability (BFS): 3 iterations in 0.00 seconds (average 0.000667, setup 0.00)

Time for model construction: 7.722 seconds.

Type:        MDP
States:      6000 (1 initial)
Transitions: 119768616
Choices:     24000

Transition matrix: 7220374 nodes (670602 terminal), 119768616 minterms, vars: 14r/14c/4nd

Prob0A: 2 iterations in 0.01 seconds (average 0.005000, setup 0.00)

Prob1E: 4 iterations in 0.01 seconds (average 0.002250, setup 0.00)

yes = 10, no = 91, maybe = 5899

Computing remaining probabilities...
Engine: Sparse

Building sparse matrix(FOR GS)... [n=6000, nc=23596, nnz=117719266, k=4] [1.3 GB]
Creating vector for yes...[46.9 KB]
Allocating iteration vectors... [2 x 46.9 KB]
TOTAL: [1.3 GB]

Starting iterations...
Iteration 26: max relative diff=0.022285, 5.08 sec so far
Iteration 52: max relative diff=0.006521, 10.16 sec so far
Iteration 78: max relative diff=0.002647, 15.25 sec so far
Iteration 104: max relative diff=0.001197, 20.32 sec so far
Iteration 130: max relative diff=0.000569, 25.41 sec so far
Iteration 156: max relative diff=0.000275, 30.49 sec so far
Iteration 182: max relative diff=0.000135, 35.58 sec so far
Iteration 208: max relative diff=0.000066, 40.66 sec so far
Iteration 234: max relative diff=0.000033, 45.74 sec so far
Iteration 260: max relative diff=0.000016, 50.82 sec so far
Iteration 286: max relative diff=0.000008, 55.91 sec so far
Iteration 312: max relative diff=0.000004, 61.00 sec so far
Iteration 338: max relative diff=0.000002, 66.08 sec so far

Iterative method: 363 iterations in 70.97 seconds (average 0.195504, setup 11.68)

Value in the initial state: 0.3521878208370672

Time for model checking: 83.204 seconds.

Result: 0.3521878208370672 (value in the initial state)

