PRISM
=====

Version: 4.4.dev
Date: Sun May 20 13:10:47 IRDT 2018
Hostname: sadegh-H81M-S2PH
Memory limits: cudd=1g, java(heap)=2.1g
Command line: prism dns36.nm dns.pctl -s -improvedmodpoliter2 -maxiters 90050 -epsilon 1e-8 -javamaxmem 2400m

Parsing model file "dns36.nm"...

Parsing properties file "dns.pctl"...

1 property:
(1) Pmax=? [ "pp" U "qq" ]

Type:        MDP
Modules:     m1 m2 m3 
Variables:   s1 s2 s3 

---------------------------------------------------------------------

Model checking: Pmax=? [ "pp" U "qq" ]

Building model...

Computing reachable states...

Reachability (BFS): 3 iterations in 0.00 seconds (average 0.000333, setup 0.00)

Time for model construction: 4.694 seconds.

Type:        MDP
States:      6800 (1 initial)
Transitions: 74694256
Choices:     13600

Transition matrix: 6227781 nodes (438261 terminal), 74694256 minterms, vars: 15r/15c/2nd

Prob0A: 2 iterations in 0.00 seconds (average 0.000500, setup 0.00)

Prob1E: 4 iterations in 0.00 seconds (average 0.000000, setup 0.00)

yes = 10, no = 21, maybe = 6769

Computing remaining probabilities...
Engine: Sparse

Building sparse matrix (FOR POLICY ITERASION)... [n=6800, nc=13538, nnz=74345955, k=2] [850.9 MB]
Creating vector for yes...[53.1 KB]
Allocating iteration vectors... [2 x 53.1 KB]
TOTAL: [851.1 MB]

Starting iterations...
Iteration 404: max relative diff=0.003638, 5.10 sec so far
Iteration 808: max relative diff=0.000489, 10.23 sec so far
Iteration 1212: max relative diff=0.000109, 15.36 sec so far
Iteration 1616: max relative diff=0.000019, 20.52 sec so far
Iteration 2020: max relative diff=0.000003, 25.71 sec so far
Iteration 2424: max relative diff=0.000001, 31.19 sec so far
Iteration 2828: max relative diff=0.000000, 36.66 sec so far
Iteration 3232: max relative diff=0.000000, 42.16 sec so far

Iterative method: 3466 iterations in 45.56 seconds (average 0.013145, setup 4.36)


Number of scallar multiplications: 44664M 

Value in the initial state: 0.38239410174163113

Time for model checking: 50.773 seconds.

Result: 0.38239410174163113 (value in the initial state)

