PRISM
=====

Version: 4.4.dev
Date: Tue Jun 19 12:32:12 IRDT 2018
Hostname: sadegh-H81M-S2PH
Memory limits: cudd=1g, java(heap)=2.1g
Command line: prism dns159.nm dns.pctl -s -backwardvaliter -maxiters 90050 -epsilon 1e-6 -javamaxmem 2400m

Parsing model file "dns159.nm"...

Parsing properties file "dns.pctl"...

1 property:
(1) Pmax=? [ "pp" U "qq" ]

Type:        MDP
Modules:     m1 m2 m3 
Variables:   s1 s2 s3 

---------------------------------------------------------------------

Model checking: Pmax=? [ "pp" U "qq" ]

Building model...

Computing reachable states...

Reachability (BFS): 3 iterations in 0.00 seconds (average 0.001000, setup 0.00)

Time for model construction: 21.642 seconds.

Type:        MDP
States:      10000 (1 initial)
Transitions: 71448642
Choices:     30000

Transition matrix: 18109328 nodes (318681 terminal), 71448642 minterms, vars: 15r/15c/3nd

Prob0A: 3 iterations in 0.01 seconds (average 0.002667, setup 0.00)

Prob1E: 4 iterations in 0.00 seconds (average 0.000500, setup 0.00)

yes = 10, no = 66, maybe = 9924

Computing remaining probabilities...
Engine: Sparse

Building sparse matrix(FOR GS)... [n=10000, nc=29772, nnz=70904441, k=3] [811.6 MB]
Creating vector for yes...[78.1 KB]
Allocating iteration vectors... [2 x 78.1 KB]
TOTAL: [811.8 MB]

Starting iterations...
Iteration 35: max relative diff=0.020324, 5.06 sec so far
Iteration 77: max relative diff=0.005701, 10.07 sec so far
Iteration 119: max relative diff=0.002310, 15.07 sec so far
Iteration 161: max relative diff=0.001058, 20.08 sec so far
Iteration 203: max relative diff=0.000509, 25.11 sec so far
Iteration 245: max relative diff=0.000251, 30.12 sec so far
Iteration 287: max relative diff=0.000125, 35.16 sec so far
Iteration 329: max relative diff=0.000063, 40.17 sec so far
Iteration 371: max relative diff=0.000032, 45.18 sec so far
Iteration 414: max relative diff=0.000016, 50.30 sec so far
Iteration 456: max relative diff=0.000008, 55.30 sec so far
Iteration 498: max relative diff=0.000004, 60.30 sec so far
Iteration 540: max relative diff=0.000002, 65.37 sec so far
Iteration 582: max relative diff=0.000001, 70.37 sec so far

Iterative method: 584 iterations in 70.61 seconds (average 0.120911, setup 13.01)

Value in the initial state: 0.22514477214444292

Time for model checking: 83.957 seconds.

Result: 0.22514477214444292 (value in the initial state)

Warning: CUDD reports 18677678 non-zero references.

