PRISM
=====

Version: 4.4.dev
Date: Sun May 20 15:53:50 IRDT 2018
Hostname: sadegh-H81M-S2PH
Memory limits: cudd=1g, java(heap)=2.1g
Command line: prism dns60.nm dns.pctl -s -explicitmodpoliter -maxiters 90050 -epsilon 1e-8 -javamaxmem 2400m

Parsing model file "dns60.nm"...

Parsing properties file "dns.pctl"...

1 property:
(1) Pmax=? [ "pp" U "qq" ]

Type:        MDP
Modules:     m1 m2 m3 
Variables:   s1 s2 s3 

---------------------------------------------------------------------

Model checking: Pmax=? [ "pp" U "qq" ]

Building model...

Computing reachable states...

Reachability (BFS): 3 iterations in 0.00 seconds (average 0.000667, setup 0.00)

Time for model construction: 9.679 seconds.

Type:        MDP
States:      7200 (1 initial)
Transitions: 183698563
Choices:     36000

Transition matrix: 12238527 nodes (274413 terminal), 183698563 minterms, vars: 15r/15c/5nd

Prob0A: 2 iterations in 0.00 seconds (average 0.001000, setup 0.00)

Prob1E: 4 iterations in 0.00 seconds (average 0.000250, setup 0.00)

yes = 10, no = 15, maybe = 7175

Computing remaining probabilities...
Engine: Sparse

Building sparse matrix (FOR POLICY ITERASION)... [n=7200, nc=35875, nnz=183084085, k=5] [2.0 GB]
Creating vector for yes...[56.2 KB]
Allocating iteration vectors... [2 x 56.2 KB]
TOTAL: [2.0 GB]

Starting iterations...
Iteration 202: max relative diff=0.006494, 6.93 sec so far
Iteration 404: max relative diff=0.000992, 13.80 sec so far
Iteration 606: max relative diff=0.000131, 20.66 sec so far
Iteration 808: max relative diff=0.000020, 27.52 sec so far
Iteration 1010: max relative diff=0.000003, 34.60 sec so far
Iteration 1212: max relative diff=0.000000, 41.77 sec so far
Iteration 1414: max relative diff=0.000000, 48.91 sec so far
Iteration 1616: max relative diff=0.000000, 56.02 sec so far

Iterative method: 1645 iterations in 57.22 seconds (average 0.034784, setup 10.57)

Value in the initial state: 0.564877254352451

Time for model checking: 68.417 seconds.

Result: 0.564877254352451 (value in the initial state)

