PRISM
=====

Version: 4.4.dev
Date: Mon May 21 00:18:00 IRDT 2018
Hostname: sadegh-H81M-S2PH
Memory limits: cudd=1g, java(heap)=2.1g
Command line: prism dns132.nm dns.pctl -s -improvedmodpoliter2 -maxiters 90050 -epsilon 1e-8 -javamaxmem 2400m

Parsing model file "dns132.nm"...

Parsing properties file "dns.pctl"...

1 property:
(1) Pmax=? [ "pp" U "qq" ]

Type:        MDP
Modules:     m1 m2 m3 
Variables:   s1 s2 s3 

---------------------------------------------------------------------

Model checking: Pmax=? [ "pp" U "qq" ]

Building model...

Computing reachable states...

Reachability (BFS): 3 iterations in 0.01 seconds (average 0.004333, setup 0.00)

Time for model construction: 12.632 seconds.

Type:        MDP
States:      8000 (1 initial)
Transitions: 78360185
Choices:     32000

Transition matrix: 16262745 nodes (531362 terminal), 78360185 minterms, vars: 15r/15c/4nd

Prob0A: 2 iterations in 0.00 seconds (average 0.001000, setup 0.00)

Prob1E: 4 iterations in 0.00 seconds (average 0.000500, setup 0.00)

yes = 10, no = 21, maybe = 7969

Computing remaining probabilities...
Engine: Sparse

Building sparse matrix (FOR POLICY ITERASION)... [n=8000, nc=31876, nnz=78047968, k=4] [893.3 MB]
Creating vector for yes...[62.5 KB]
Allocating iteration vectors... [2 x 62.5 KB]
TOTAL: [893.5 MB]

Starting iterations...
Iteration 606: max relative diff=0.001615, 5.06 sec so far
Iteration 1212: max relative diff=0.000197, 10.11 sec so far
Iteration 1818: max relative diff=0.000017, 15.20 sec so far
Iteration 2424: max relative diff=0.000002, 20.42 sec so far
Iteration 3030: max relative diff=0.000000, 25.91 sec so far
Iteration 3636: max relative diff=0.000000, 31.40 sec so far

Iterative method: 3961 iterations in 34.48 seconds (average 0.008704, setup 7.17)


Number of scallar multiplications: 34327M 

Value in the initial state: 0.6065332430403267

Time for model checking: 42.324 seconds.

Result: 0.6065332430403267 (value in the initial state)

