PRISM
=====

Version: 4.4.dev
Date: Mon Jun 18 04:48:19 IRDT 2018
Hostname: sadegh-H81M-S2PH
Memory limits: cudd=1g, java(heap)=2.1g
Command line: prism dns104.nm dns.pctl -s -backwardvaliter -maxiters 90050 -epsilon 1e-6 -javamaxmem 2400m

Parsing model file "dns104.nm"...

Parsing properties file "dns.pctl"...

1 property:
(1) Pmax=? [ "pp" U "qq" ]

Type:        MDP
Modules:     m1 m2 m3 
Variables:   s1 s2 s3 

---------------------------------------------------------------------

Model checking: Pmax=? [ "pp" U "qq" ]

Building model...

Computing reachable states...

Reachability (BFS): 3 iterations in 0.00 seconds (average 0.000333, setup 0.00)

Time for model construction: 13.208 seconds.

Type:        MDP
States:      10000 (1 initial)
Transitions: 79707918
Choices:     20000

Transition matrix: 12297749 nodes (345833 terminal), 79707918 minterms, vars: 15r/15c/2nd

Prob0A: 3 iterations in 0.01 seconds (average 0.001667, setup 0.00)

Prob1E: 4 iterations in 0.00 seconds (average 0.000500, setup 0.00)

yes = 10, no = 91, maybe = 9899

Computing remaining probabilities...
Engine: Sparse

Building sparse matrix(FOR GS)... [n=10000, nc=19798, nnz=78944579, k=2] [903.6 MB]
Creating vector for yes...[78.1 KB]
Allocating iteration vectors... [2 x 78.1 KB]
TOTAL: [903.8 MB]

Starting iterations...
Iteration 33: max relative diff=0.020657, 5.04 sec so far
Iteration 71: max relative diff=0.005421, 10.04 sec so far
Iteration 109: max relative diff=0.001958, 15.06 sec so far
Iteration 147: max relative diff=0.000777, 20.07 sec so far
Iteration 185: max relative diff=0.000319, 25.08 sec so far
Iteration 223: max relative diff=0.000133, 30.09 sec so far
Iteration 261: max relative diff=0.000056, 35.11 sec so far
Iteration 299: max relative diff=0.000023, 40.12 sec so far
Iteration 337: max relative diff=0.000010, 45.13 sec so far
Iteration 375: max relative diff=0.000004, 50.15 sec so far
Iteration 413: max relative diff=0.000002, 55.16 sec so far

Iterative method: 438 iterations in 58.46 seconds (average 0.133470, setup 10.74)

Value in the initial state: 0.2131576086499473

Time for model checking: 69.649 seconds.

Result: 0.2131576086499473 (value in the initial state)

Warning: CUDD reports 13001716 non-zero references.

