PRISM
=====

Version: 4.4.dev
Date: Sun May 20 16:24:11 IRDT 2018
Hostname: sadegh-H81M-S2PH
Memory limits: cudd=1g, java(heap)=2.1g
Command line: prism dns66.nm dns.pctl -s -improvedmodpoliter -maxiters 90050 -epsilon 1e-8 -javamaxmem 2400m

Parsing model file "dns66.nm"...

Parsing properties file "dns.pctl"...

1 property:
(1) Pmax=? [ "pp" U "qq" ]

Type:        MDP
Modules:     m1 m2 m3 
Variables:   s1 s2 s3 

---------------------------------------------------------------------

Model checking: Pmax=? [ "pp" U "qq" ]

Building model...

Computing reachable states...

Reachability (BFS): 3 iterations in 0.00 seconds (average 0.000000, setup 0.00)

Time for model construction: 4.769 seconds.

Type:        MDP
States:      6400 (1 initial)
Transitions: 74622744
Choices:     19200

Transition matrix: 6628159 nodes (410768 terminal), 74622744 minterms, vars: 14r/14c/3nd

Prob0A: 2 iterations in 0.00 seconds (average 0.002000, setup 0.00)

Prob1E: 4 iterations in 0.00 seconds (average 0.000250, setup 0.00)

yes = 10, no = 28, maybe = 6362

Computing remaining probabilities...
Engine: Sparse

Building sparse matrix (FOR POLICY ITERASION)... [n=6400, nc=19086, nnz=74182185, k=3] [849.0 MB]
Creating vector for yes...[50.0 KB]
Allocating iteration vectors... [2 x 50.0 KB]
TOTAL: [849.2 MB]

Starting iterations...
Iteration 306: max relative diff=0.002446, 6.72 sec so far
Iteration 612: max relative diff=0.000014, 13.78 sec so far
Iteration 918: max relative diff=0.000000, 20.83 sec so far

Iterative method: 1076 iterations in 24.55 seconds (average 0.022818, setup 4.43)

Value in the initial state: 0.40273914401154803

Time for model checking: 29.312 seconds.

Result: 0.40273914401154803 (value in the initial state)

