PRISM
=====

Version: 4.4.dev
Date: Mon May 21 00:25:26 IRDT 2018
Hostname: sadegh-H81M-S2PH
Memory limits: cudd=1g, java(heap)=2.1g
Command line: prism dns134.nm dns.pctl -s -improvedmodpoliter2 -maxiters 90050 -epsilon 1e-8 -javamaxmem 2400m

Parsing model file "dns134.nm"...

Parsing properties file "dns.pctl"...

1 property:
(1) Pmax=? [ "pp" U "qq" ]

Type:        MDP
Modules:     m1 m2 m3 
Variables:   s1 s2 s3 

---------------------------------------------------------------------

Model checking: Pmax=? [ "pp" U "qq" ]

Building model...

Computing reachable states...

Reachability (BFS): 3 iterations in 0.00 seconds (average 0.000000, setup 0.00)

Time for model construction: 8.122 seconds.

Type:        MDP
States:      9600 (1 initial)
Transitions: 59860264
Choices:     19200

Transition matrix: 10638560 nodes (283788 terminal), 59860264 minterms, vars: 15r/15c/2nd

Prob0A: 3 iterations in 0.00 seconds (average 0.001333, setup 0.00)

Prob1E: 9 iterations in 0.01 seconds (average 0.000667, setup 0.00)

yes = 10, no = 10, maybe = 9580

Computing remaining probabilities...
Engine: Sparse

Building sparse matrix (FOR POLICY ITERASION)... [n=9600, nc=19160, nnz=59736731, k=2] [683.7 MB]
Creating vector for yes...[75.0 KB]
Allocating iteration vectors... [2 x 75.0 KB]
TOTAL: [684.0 MB]

Starting iterations...
Iteration 404: max relative diff=0.004933, 5.56 sec so far
Iteration 808: max relative diff=0.000983, 11.06 sec so far
Iteration 1212: max relative diff=0.000318, 16.57 sec so far
Iteration 1616: max relative diff=0.000117, 22.05 sec so far
Iteration 2020: max relative diff=0.000046, 27.58 sec so far
Iteration 2424: max relative diff=0.000018, 33.10 sec so far
Iteration 2828: max relative diff=0.000007, 38.63 sec so far
Iteration 3232: max relative diff=0.000003, 44.16 sec so far
Iteration 3636: max relative diff=0.000001, 50.35 sec so far
Iteration 4040: max relative diff=0.000000, 56.54 sec so far
Iteration 4444: max relative diff=0.000000, 62.97 sec so far
Iteration 4848: max relative diff=0.000000, 69.33 sec so far
Iteration 5252: max relative diff=0.000000, 75.67 sec so far

Iterative method: 5252 iterations in 75.67 seconds (average 0.014409, setup 4.63)


Number of scallar multiplications: 76236M 

Value in the initial state: 0.63239580995352

Time for model checking: 81.386 seconds.

Result: 0.63239580995352 (value in the initial state)

