PRISM
=====

Version: 4.4.dev
Date: Sun May 20 11:20:00 IRDT 2018
Hostname: sadegh-H81M-S2PH
Memory limits: cudd=1g, java(heap)=2.1g
Command line: prism dns10.nm dns.pctl -s -improvedmodpoliter -maxiters 90050 -epsilon 1e-8 -javamaxmem 2400m

Parsing model file "dns10.nm"...

Parsing properties file "dns.pctl"...

1 property:
(1) Pmax=? [ "pp" U "qq" ]

Type:        MDP
Modules:     m1 m2 m3 
Variables:   s1 s2 s3 

---------------------------------------------------------------------

Model checking: Pmax=? [ "pp" U "qq" ]

Building model...

Computing reachable states...

Reachability (BFS): 2 iterations in 0.00 seconds (average 0.000500, setup 0.00)

Time for model construction: 2.953 seconds.

Type:        MDP
States:      4000 (1 initial)
Transitions: 93063900
Choices:     24000

Transition matrix: 3453224 nodes (246760 terminal), 93063900 minterms, vars: 14r/14c/6nd

Prob0A: 2 iterations in 0.01 seconds (average 0.003000, setup 0.00)

Prob1E: 4 iterations in 0.00 seconds (average 0.000250, setup 0.00)

yes = 10, no = 105, maybe = 3885

Computing remaining probabilities...
Engine: Sparse

Building sparse matrix (FOR POLICY ITERASION)... [n=4000, nc=23310, nnz=90386800, k=6] [1.0 GB]
Creating vector for yes...[31.2 KB]
Allocating iteration vectors... [2 x 31.2 KB]
TOTAL: [1.0 GB]

Starting iterations...
Iteration 376: max relative diff=0.000000, 5.47 sec so far

Iterative method: 376 iterations in 5.47 seconds (average 0.014559, setup 6.44)

Value in the initial state: 0.14478256766998884

Time for model checking: 12.356 seconds.

Result: 0.14478256766998884 (value in the initial state)

