PRISM
=====

Version: 4.4.dev
Date: Sun Jun 17 00:16:53 IRDT 2018
Hostname: sadegh-H81M-S2PH
Memory limits: cudd=1g, java(heap)=2.1g
Command line: prism dns34.nm dns.pctl -s -backwardvaliter -maxiters 90050 -epsilon 1e-6 -javamaxmem 2400m

Parsing model file "dns34.nm"...

Parsing properties file "dns.pctl"...

1 property:
(1) Pmax=? [ "pp" U "qq" ]

Type:        MDP
Modules:     m1 m2 m3 
Variables:   s1 s2 s3 

---------------------------------------------------------------------

Model checking: Pmax=? [ "pp" U "qq" ]

Building model...

Computing reachable states...

Reachability (BFS): 3 iterations in 0.00 seconds (average 0.001333, setup 0.00)

Time for model construction: 12.327 seconds.

Type:        MDP
States:      8400 (1 initial)
Transitions: 174026234
Choices:     25200

Transition matrix: 12175673 nodes (455778 terminal), 174026234 minterms, vars: 15r/15c/3nd

Prob0A: 2 iterations in 0.01 seconds (average 0.002500, setup 0.00)

Prob1E: 4 iterations in 0.00 seconds (average 0.000750, setup 0.00)

yes = 10, no = 78, maybe = 8312

Computing remaining probabilities...
Engine: Sparse

Building sparse matrix(FOR GS)... [n=8400, nc=24936, nnz=172181171, k=3] [1.9 GB]
Creating vector for yes...[65.6 KB]
Allocating iteration vectors... [2 x 65.6 KB]
TOTAL: [1.9 GB]

Starting iterations...
Iteration 13: max relative diff=0.073603, 5.19 sec so far
Iteration 31: max relative diff=0.022536, 10.35 sec so far
Iteration 49: max relative diff=0.010997, 15.50 sec so far
Iteration 67: max relative diff=0.006279, 20.65 sec so far
Iteration 85: max relative diff=0.003885, 25.80 sec so far
Iteration 103: max relative diff=0.002515, 30.95 sec so far
Iteration 121: max relative diff=0.001674, 36.11 sec so far
Iteration 139: max relative diff=0.001135, 41.26 sec so far
Iteration 157: max relative diff=0.000780, 46.41 sec so far
Iteration 175: max relative diff=0.000540, 51.55 sec so far
Iteration 193: max relative diff=0.000376, 56.70 sec so far
Iteration 211: max relative diff=0.000263, 61.84 sec so far
Iteration 229: max relative diff=0.000184, 67.00 sec so far
Iteration 247: max relative diff=0.000129, 72.15 sec so far
Iteration 265: max relative diff=0.000091, 77.30 sec so far
Iteration 283: max relative diff=0.000064, 82.45 sec so far
Iteration 301: max relative diff=0.000045, 87.60 sec so far
Iteration 319: max relative diff=0.000032, 92.74 sec so far
Iteration 337: max relative diff=0.000022, 97.89 sec so far
Iteration 355: max relative diff=0.000016, 103.04 sec so far
Iteration 373: max relative diff=0.000011, 108.19 sec so far
Iteration 391: max relative diff=0.000008, 113.33 sec so far
Iteration 409: max relative diff=0.000006, 118.48 sec so far
Iteration 427: max relative diff=0.000004, 123.63 sec so far
Iteration 445: max relative diff=0.000003, 128.78 sec so far
Iteration 463: max relative diff=0.000002, 133.93 sec so far
Iteration 481: max relative diff=0.000001, 139.08 sec so far

Iterative method: 498 iterations in 143.94 seconds (average 0.289038, setup 16.64)

Value in the initial state: 0.2303430308272737

Time for model checking: 161.538 seconds.

Result: 0.2303430308272737 (value in the initial state)

Warning: CUDD reports 13334592 non-zero references.

