PRISM
=====

Version: 4.4.dev
Date: Sun Jun 17 20:32:23 IRDT 2018
Hostname: sadegh-H81M-S2PH
Memory limits: cudd=1g, java(heap)=2.1g
Command line: prism dns75.nm dns.pctl -s -backwardvaliter -maxiters 90050 -epsilon 1e-6 -javamaxmem 2400m

Parsing model file "dns75.nm"...

Parsing properties file "dns.pctl"...

1 property:
(1) Pmax=? [ "pp" U "qq" ]

Type:        MDP
Modules:     m1 m2 m3 
Variables:   s1 s2 s3 

---------------------------------------------------------------------

Model checking: Pmax=? [ "pp" U "qq" ]

Building model...

Computing reachable states...

Reachability (BFS): 3 iterations in 0.00 seconds (average 0.001333, setup 0.00)

Time for model construction: 12.974 seconds.

Type:        MDP
States:      8000 (1 initial)
Transitions: 151868040
Choices:     32000

Transition matrix: 12211168 nodes (258984 terminal), 151868040 minterms, vars: 15r/15c/4nd

Prob0A: 2 iterations in 0.01 seconds (average 0.003500, setup 0.00)

Prob1E: 4 iterations in 0.00 seconds (average 0.000750, setup 0.00)

yes = 10, no = 55, maybe = 7935

Computing remaining probabilities...
Engine: Sparse

Building sparse matrix(FOR GS)... [n=8000, nc=31740, nnz=150669683, k=4] [1.7 GB]
Creating vector for yes...[62.5 KB]
Allocating iteration vectors... [2 x 62.5 KB]
TOTAL: [1.7 GB]

Starting iterations...
Iteration 12: max relative diff=0.081181, 5.14 sec so far
Iteration 32: max relative diff=0.022122, 10.17 sec so far
Iteration 52: max relative diff=0.010463, 15.21 sec so far
Iteration 72: max relative diff=0.005882, 20.24 sec so far
Iteration 92: max relative diff=0.003614, 25.32 sec so far
Iteration 112: max relative diff=0.002335, 30.36 sec so far
Iteration 132: max relative diff=0.001555, 35.39 sec so far
Iteration 152: max relative diff=0.001057, 40.42 sec so far
Iteration 172: max relative diff=0.000727, 45.45 sec so far
Iteration 191: max relative diff=0.000514, 50.48 sec so far
Iteration 211: max relative diff=0.000359, 55.52 sec so far
Iteration 231: max relative diff=0.000252, 60.55 sec so far
Iteration 251: max relative diff=0.000177, 65.59 sec so far
Iteration 271: max relative diff=0.000125, 70.62 sec so far
Iteration 291: max relative diff=0.000088, 75.75 sec so far
Iteration 311: max relative diff=0.000062, 80.78 sec so far
Iteration 331: max relative diff=0.000044, 85.81 sec so far
Iteration 351: max relative diff=0.000031, 90.84 sec so far
Iteration 371: max relative diff=0.000022, 95.88 sec so far
Iteration 391: max relative diff=0.000016, 101.04 sec so far
Iteration 411: max relative diff=0.000011, 106.07 sec so far
Iteration 431: max relative diff=0.000008, 111.11 sec so far
Iteration 451: max relative diff=0.000006, 116.14 sec so far
Iteration 471: max relative diff=0.000004, 121.17 sec so far
Iteration 491: max relative diff=0.000003, 126.20 sec so far
Iteration 511: max relative diff=0.000002, 131.23 sec so far
Iteration 531: max relative diff=0.000001, 136.26 sec so far
Iteration 551: max relative diff=0.000001, 141.29 sec so far

Iterative method: 551 iterations in 141.29 seconds (average 0.256417, setup 15.01)

Value in the initial state: 0.27613465766460404

Time for model checking: 157.072 seconds.

Result: 0.27613465766460404 (value in the initial state)

Warning: CUDD reports 13501422 non-zero references.

