PRISM
=====

Version: 4.4.dev
Date: Tue Jun 19 18:42:03 IRDT 2018
Hostname: sadegh-H81M-S2PH
Memory limits: cudd=1g, java(heap)=2.1g
Command line: prism dns193.nm dns.pctl -s -backwardvaliter -maxiters 90050 -epsilon 1e-6 -javamaxmem 2400m

Parsing model file "dns193.nm"...

Parsing properties file "dns.pctl"...

1 property:
(1) Pmax=? [ "pp" U "qq" ]

Type:        MDP
Modules:     m1 m2 m3 
Variables:   s1 s2 s3 

---------------------------------------------------------------------

Model checking: Pmax=? [ "pp" U "qq" ]

Building model...

Computing reachable states...

Reachability (BFS): 7 iterations in 0.01 seconds (average 0.001286, setup 0.00)

Time for model construction: 3.016 seconds.

Type:        MDP
States:      16380 (1 initial)
Transitions: 3875344
Choices:     32760

Transition matrix: 3823414 nodes (267471 terminal), 3875344 minterms, vars: 15r/15c/2nd

Prob0A: 3 iterations in 0.01 seconds (average 0.002333, setup 0.00)

Prob1E: 16 iterations in 0.03 seconds (average 0.001563, setup 0.00)

yes = 455, no = 151, maybe = 15774

Computing remaining probabilities...
Engine: Sparse

Building sparse matrix(FOR GS)... [n=16380, nc=31548, nnz=3732195, k=2] [42.8 MB]
Creating vector for yes...[128.0 KB]
Allocating iteration vectors... [2 x 128.0 KB]
TOTAL: [43.1 MB]

Starting iterations...

Iterative method: 106 iterations in 0.80 seconds (average 0.007566, setup 1.01)

Value in the initial state: 0.8756621880343829

Time for model checking: 1.876 seconds.

Result: 0.8756621880343829 (value in the initial state)

Warning: CUDD reports 3730365 non-zero references.

