PRISM
=====

Version: 4.4.dev
Date: Mon May 21 01:55:39 IRDT 2018
Hostname: sadegh-H81M-S2PH
Memory limits: cudd=1g, java(heap)=2.1g
Command line: prism dns162.nm dns.pctl -s -explicitmodpoliter -maxiters 90050 -epsilon 1e-8 -javamaxmem 2400m

Parsing model file "dns162.nm"...

Parsing properties file "dns.pctl"...

1 property:
(1) Pmax=? [ "pp" U "qq" ]

Type:        MDP
Modules:     m1 m2 m3 
Variables:   s1 s2 s3 

---------------------------------------------------------------------

Model checking: Pmax=? [ "pp" U "qq" ]

Building model...

Computing reachable states...

Reachability (BFS): 3 iterations in 0.00 seconds (average 0.001000, setup 0.00)

Time for model construction: 9.001 seconds.

Type:        MDP
States:      10000 (1 initial)
Transitions: 30116598
Choices:     30000

Transition matrix: 12742056 nodes (516703 terminal), 30116598 minterms, vars: 15r/15c/3nd

Prob0A: 3 iterations in 0.01 seconds (average 0.002333, setup 0.00)

Prob1E: 9 iterations in 0.02 seconds (average 0.001778, setup 0.00)

yes = 10, no = 15, maybe = 9975

Computing remaining probabilities...
Engine: Sparse

Building sparse matrix (FOR POLICY ITERASION)... [n=10000, nc=29925, nnz=30040873, k=3] [343.9 MB]
Creating vector for yes...[78.1 KB]
Allocating iteration vectors... [2 x 78.1 KB]
TOTAL: [344.2 MB]

Starting iterations...
Iteration 606: max relative diff=0.002556, 5.65 sec so far
Iteration 1212: max relative diff=0.000453, 11.21 sec so far
Iteration 1818: max relative diff=0.000114, 16.75 sec so far
Iteration 2424: max relative diff=0.000034, 22.27 sec so far
Iteration 3030: max relative diff=0.000019, 27.80 sec so far
Iteration 3636: max relative diff=0.000013, 33.31 sec so far
Iteration 4242: max relative diff=0.000012, 38.81 sec so far
Iteration 4848: max relative diff=0.000008, 44.32 sec so far
Iteration 5454: max relative diff=0.000005, 49.82 sec so far
Iteration 6060: max relative diff=0.000003, 55.33 sec so far
Iteration 6666: max relative diff=0.000006, 60.83 sec so far
Iteration 7272: max relative diff=0.000002, 66.62 sec so far
Iteration 7878: max relative diff=0.000001, 72.37 sec so far
Iteration 8484: max relative diff=0.000001, 77.98 sec so far
Iteration 9090: max relative diff=0.000001, 83.69 sec so far
Iteration 9696: max relative diff=0.000001, 89.18 sec so far
Iteration 10302: max relative diff=0.000000, 94.81 sec so far
Iteration 10908: max relative diff=0.000000, 100.45 sec so far
Iteration 11514: max relative diff=0.000000, 106.24 sec so far
Iteration 12120: max relative diff=0.000000, 111.72 sec so far
Iteration 12726: max relative diff=0.000000, 117.24 sec so far
Iteration 13332: max relative diff=0.000000, 123.00 sec so far
Iteration 13938: max relative diff=0.000000, 128.78 sec so far
Iteration 14544: max relative diff=0.000000, 134.28 sec so far
Iteration 15150: max relative diff=0.000000, 139.78 sec so far
Iteration 15756: max relative diff=0.000000, 145.28 sec so far
Iteration 16362: max relative diff=0.000000, 150.92 sec so far
Iteration 16968: max relative diff=0.000000, 156.56 sec so far
Iteration 17574: max relative diff=0.000000, 162.35 sec so far
Iteration 18180: max relative diff=0.000000, 167.84 sec so far
Iteration 18786: max relative diff=0.000000, 173.34 sec so far
Iteration 19392: max relative diff=0.000000, 178.84 sec so far
Iteration 19998: max relative diff=0.000000, 184.33 sec so far
Iteration 20604: max relative diff=0.000000, 189.89 sec so far
Iteration 21210: max relative diff=0.000000, 195.61 sec so far
Iteration 21764: max relative diff=0.000000, 200.93 sec so far

Iterative method: 21764 iterations in 200.93 seconds (average 0.009232, setup 3.97)

Value in the initial state: 0.9061385107986764

Time for model checking: 205.018 seconds.

Result: 0.9061385107986764 (value in the initial state)

