PRISM
=====

Version: 4.4.dev
Date: Sun Jun 17 10:25:47 IRDT 2018
Hostname: sadegh-H81M-S2PH
Memory limits: cudd=1g, java(heap)=2.1g
Command line: prism dns45.nm dns.pctl -s -gs -maxiters 90050 -epsilon 1e-6 -javamaxmem 2400m

Parsing model file "dns45.nm"...

Parsing properties file "dns.pctl"...

1 property:
(1) Pmax=? [ "pp" U "qq" ]

Type:        MDP
Modules:     m1 m2 m3 
Variables:   s1 s2 s3 

---------------------------------------------------------------------

Model checking: Pmax=? [ "pp" U "qq" ]

Building model...

Computing reachable states...

Reachability (BFS): 3 iterations in 0.00 seconds (average 0.000333, setup 0.00)

Time for model construction: 6.883 seconds.

Type:        MDP
States:      8000 (1 initial)
Transitions: 88694580
Choices:     16000

Transition matrix: 6748453 nodes (282094 terminal), 88694580 minterms, vars: 15r/15c/2nd

Prob0A: 2 iterations in 0.00 seconds (average 0.001000, setup 0.00)

Prob1E: 4 iterations in 0.00 seconds (average 0.000250, setup 0.00)

yes = 10, no = 28, maybe = 7962

Computing remaining probabilities...
Engine: Sparse

Building sparse matrix(FOR GS)... [n=8000, nc=15924, nnz=88247774, k=2] [1010.0 MB]
Creating vector for yes...[62.5 KB]
Allocating iteration vectors... [2 x 62.5 KB]
TOTAL: [1010.2 MB]

Starting iterations...
Iteration 35: max relative diff=0.023933, 5.13 sec so far
Iteration 70: max relative diff=0.009426, 10.26 sec so far
Iteration 105: max relative diff=0.005033, 15.39 sec so far
Iteration 140: max relative diff=0.003056, 20.52 sec so far
Iteration 175: max relative diff=0.001994, 25.65 sec so far
Iteration 210: max relative diff=0.001358, 30.77 sec so far
Iteration 245: max relative diff=0.000950, 35.91 sec so far
Iteration 280: max relative diff=0.000677, 41.04 sec so far
Iteration 315: max relative diff=0.000489, 46.17 sec so far
Iteration 350: max relative diff=0.000356, 51.30 sec so far
Iteration 385: max relative diff=0.000261, 56.43 sec so far
Iteration 420: max relative diff=0.000192, 61.56 sec so far
Iteration 455: max relative diff=0.000142, 66.69 sec so far
Iteration 490: max relative diff=0.000105, 71.81 sec so far
Iteration 525: max relative diff=0.000078, 76.94 sec so far
Iteration 560: max relative diff=0.000058, 82.07 sec so far
Iteration 595: max relative diff=0.000043, 87.20 sec so far
Iteration 630: max relative diff=0.000032, 92.33 sec so far
Iteration 665: max relative diff=0.000024, 97.45 sec so far
Iteration 700: max relative diff=0.000018, 102.58 sec so far
Iteration 735: max relative diff=0.000013, 107.71 sec so far
Iteration 770: max relative diff=0.000010, 112.83 sec so far
Iteration 805: max relative diff=0.000007, 117.96 sec so far
Iteration 840: max relative diff=0.000006, 123.09 sec so far
Iteration 875: max relative diff=0.000004, 128.22 sec so far
Iteration 910: max relative diff=0.000003, 133.35 sec so far
Iteration 945: max relative diff=0.000002, 138.48 sec so far
Iteration 980: max relative diff=0.000002, 143.61 sec so far
Iteration 1015: max relative diff=0.000001, 148.74 sec so far

Iterative method: 1044 iterations in 152.98 seconds (average 0.146534, setup 7.87)

Value in the initial state: 0.3346397081834663

Time for model checking: 161.344 seconds.

Result: 0.3346397081834663 (value in the initial state)

