PRISM
=====

Version: 4.4.dev
Date: Mon May 21 02:38:33 IRDT 2018
Hostname: sadegh-H81M-S2PH
Memory limits: cudd=1g, java(heap)=2.1g
Command line: prism dns165.nm dns.pctl -s -improvedmodpoliter2 -maxiters 90050 -epsilon 1e-8 -javamaxmem 2400m

Parsing model file "dns165.nm"...

Parsing properties file "dns.pctl"...

1 property:
(1) Pmax=? [ "pp" U "qq" ]

Type:        MDP
Modules:     m1 m2 m3 
Variables:   s1 s2 s3 

---------------------------------------------------------------------

Model checking: Pmax=? [ "pp" U "qq" ]

Building model...

Computing reachable states...

Reachability (BFS): 4 iterations in 0.00 seconds (average 0.000250, setup 0.00)

Time for model construction: 3.812 seconds.

Type:        MDP
States:      8000 (1 initial)
Transitions: 12890372
Choices:     16000

Transition matrix: 5864037 nodes (456591 terminal), 12890372 minterms, vars: 15r/15c/2nd

Prob0A: 3 iterations in 0.00 seconds (average 0.001000, setup 0.00)

Prob1E: 4 iterations in 0.00 seconds (average 0.000250, setup 0.00)

yes = 10, no = 45, maybe = 7945

Computing remaining probabilities...
Engine: Sparse

Building sparse matrix (FOR POLICY ITERASION)... [n=8000, nc=15890, nnz=12797450, k=2] [146.5 MB]
Creating vector for yes...[62.5 KB]
Allocating iteration vectors... [2 x 62.5 KB]
TOTAL: [146.7 MB]

Starting iterations...
Iteration 2323: max relative diff=0.000000, 5.11 sec so far

Iterative method: 2569 iterations in 5.69 seconds (average 0.002216, setup 1.61)


Number of scallar multiplications: 5229M 

Value in the initial state: 0.4903303950343974

Time for model checking: 7.371 seconds.

Result: 0.4903303950343974 (value in the initial state)

