PRISM
=====

Version: 4.4.dev
Date: Tue Jun 19 17:42:27 IRDT 2018
Hostname: sadegh-H81M-S2PH
Memory limits: cudd=1g, java(heap)=2.1g
Command line: prism dns184.nm dns.pctl -s -gs -maxiters 90050 -epsilon 1e-6 -javamaxmem 2400m

Parsing model file "dns184.nm"...

Parsing properties file "dns.pctl"...

1 property:
(1) Pmax=? [ "pp" U "qq" ]

Type:        MDP
Modules:     m1 m2 m3 
Variables:   s1 s2 s3 

---------------------------------------------------------------------

Model checking: Pmax=? [ "pp" U "qq" ]

Building model...

Computing reachable states...

Reachability (BFS): 3 iterations in 0.00 seconds (average 0.001333, setup 0.00)

Time for model construction: 10.085 seconds.

Type:        MDP
States:      8400 (1 initial)
Transitions: 13771702
Choices:     25200

Transition matrix: 9684397 nodes (632039 terminal), 13771702 minterms, vars: 15r/15c/3nd

Prob0A: 3 iterations in 0.02 seconds (average 0.006000, setup 0.00)

Prob1E: 4 iterations in 0.00 seconds (average 0.000500, setup 0.00)

yes = 10, no = 28, maybe = 8362

Computing remaining probabilities...
Engine: Sparse

Building sparse matrix(FOR GS)... [n=8400, nc=25086, nnz=13714766, k=3] [157.1 MB]
Creating vector for yes...[65.6 KB]
Allocating iteration vectors... [2 x 65.6 KB]
TOTAL: [157.3 MB]

Starting iterations...
Iteration 214: max relative diff=0.000843, 5.00 sec so far
Iteration 428: max relative diff=0.000189, 10.01 sec so far
Iteration 642: max relative diff=0.000066, 15.01 sec so far
Iteration 856: max relative diff=0.000026, 20.02 sec so far
Iteration 1070: max relative diff=0.000011, 25.04 sec so far
Iteration 1284: max relative diff=0.000005, 30.04 sec so far
Iteration 1499: max relative diff=0.000002, 35.07 sec so far

Iterative method: 1694 iterations in 39.64 seconds (average 0.023398, setup 3.67)

Value in the initial state: 0.7160179859716024

Time for model checking: 43.321 seconds.

Result: 0.7160179859716024 (value in the initial state)

