PRISM
=====

Version: 4.4.dev
Date: Sun May 20 15:43:01 IRDT 2018
Hostname: sadegh-H81M-S2PH
Memory limits: cudd=1g, java(heap)=2.1g
Command line: prism dns58.nm dns.pctl -s -explicitmodpoliter -maxiters 90050 -epsilon 1e-8 -javamaxmem 2400m

Parsing model file "dns58.nm"...

Parsing properties file "dns.pctl"...

1 property:
(1) Pmax=? [ "pp" U "qq" ]

Type:        MDP
Modules:     m1 m2 m3 
Variables:   s1 s2 s3 

---------------------------------------------------------------------

Model checking: Pmax=? [ "pp" U "qq" ]

Building model...

Computing reachable states...

Reachability (BFS): 2 iterations in 0.00 seconds (average 0.000500, setup 0.00)

Time for model construction: 14.056 seconds.

Type:        MDP
States:      6800 (1 initial)
Transitions: 195696504
Choices:     40800

Transition matrix: 15923475 nodes (382545 terminal), 195696504 minterms, vars: 15r/15c/6nd

Prob0A: 2 iterations in 0.00 seconds (average 0.001500, setup 0.00)

Prob1E: 4 iterations in 0.00 seconds (average 0.000250, setup 0.00)

yes = 10, no = 15, maybe = 6775

Computing remaining probabilities...
Engine: Sparse

Building sparse matrix (FOR POLICY ITERASION)... [n=6800, nc=40650, nnz=195015296, k=6] [2.2 GB]
Creating vector for yes...[53.1 KB]
Allocating iteration vectors... [2 x 53.1 KB]
TOTAL: [2.2 GB]

Starting iterations...
Iteration 202: max relative diff=0.009495, 6.24 sec so far
Iteration 404: max relative diff=0.001295, 12.32 sec so far
Iteration 606: max relative diff=0.000228, 18.43 sec so far
Iteration 808: max relative diff=0.000051, 24.58 sec so far
Iteration 1010: max relative diff=0.000011, 30.76 sec so far
Iteration 1212: max relative diff=0.000002, 36.89 sec so far
Iteration 1414: max relative diff=0.000000, 43.04 sec so far
Iteration 1616: max relative diff=0.000000, 49.45 sec so far
Iteration 1818: max relative diff=0.000000, 55.88 sec so far
Iteration 1988: max relative diff=0.000000, 61.19 sec so far

Iterative method: 1988 iterations in 61.19 seconds (average 0.030780, setup 13.93)

Value in the initial state: 0.5694178808246136

Time for model checking: 75.795 seconds.

Result: 0.5694178808246136 (value in the initial state)

