PRISM
=====

Version: 4.4.dev
Date: Mon Jun 18 01:24:54 IRDT 2018
Hostname: sadegh-H81M-S2PH
Memory limits: cudd=1g, java(heap)=2.1g
Command line: prism dns93.nm dns.pctl -s -gs -maxiters 90050 -epsilon 1e-6 -javamaxmem 2400m

Parsing model file "dns93.nm"...

Parsing properties file "dns.pctl"...

1 property:
(1) Pmax=? [ "pp" U "qq" ]

Type:        MDP
Modules:     m1 m2 m3 
Variables:   s1 s2 s3 

---------------------------------------------------------------------

Model checking: Pmax=? [ "pp" U "qq" ]

Building model...

Computing reachable states...

Reachability (BFS): 3 iterations in 0.01 seconds (average 0.002000, setup 0.00)

Time for model construction: 14.667 seconds.

Type:        MDP
States:      8000 (1 initial)
Transitions: 127456972
Choices:     32000

Transition matrix: 14448673 nodes (388700 terminal), 127456972 minterms, vars: 15r/15c/4nd

Prob0A: 2 iterations in 0.01 seconds (average 0.002500, setup 0.00)

Prob1E: 4 iterations in 0.01 seconds (average 0.002000, setup 0.00)

yes = 10, no = 66, maybe = 7924

Computing remaining probabilities...
Engine: Sparse

Building sparse matrix(FOR GS)... [n=8000, nc=31696, nnz=126276130, k=4] [1.4 GB]
Creating vector for yes...[62.5 KB]
Allocating iteration vectors... [2 x 62.5 KB]
TOTAL: [1.4 GB]

Starting iterations...
Iteration 24: max relative diff=0.033031, 5.04 sec so far
Iteration 48: max relative diff=0.011997, 10.09 sec so far
Iteration 72: max relative diff=0.005951, 15.13 sec so far
Iteration 96: max relative diff=0.003339, 20.18 sec so far
Iteration 120: max relative diff=0.001996, 25.23 sec so far
Iteration 144: max relative diff=0.001235, 30.29 sec so far
Iteration 168: max relative diff=0.000781, 35.35 sec so far
Iteration 192: max relative diff=0.000501, 40.40 sec so far
Iteration 216: max relative diff=0.000324, 45.45 sec so far
Iteration 240: max relative diff=0.000211, 50.50 sec so far
Iteration 264: max relative diff=0.000137, 55.56 sec so far
Iteration 288: max relative diff=0.000090, 60.61 sec so far
Iteration 312: max relative diff=0.000059, 65.66 sec so far
Iteration 336: max relative diff=0.000039, 70.71 sec so far
Iteration 360: max relative diff=0.000025, 75.76 sec so far
Iteration 384: max relative diff=0.000017, 80.81 sec so far
Iteration 408: max relative diff=0.000011, 85.86 sec so far
Iteration 432: max relative diff=0.000007, 90.91 sec so far
Iteration 456: max relative diff=0.000005, 95.97 sec so far
Iteration 480: max relative diff=0.000003, 101.01 sec so far
Iteration 504: max relative diff=0.000002, 106.06 sec so far
Iteration 528: max relative diff=0.000001, 111.11 sec so far

Iterative method: 545 iterations in 114.68 seconds (average 0.210428, setup 15.05)

Value in the initial state: 0.2532543390112614

Time for model checking: 130.43 seconds.

Result: 0.2532543390112614 (value in the initial state)

