PRISM
=====

Version: 4.4.dev
Date: Tue Jun 19 18:13:15 IRDT 2018
Hostname: sadegh-H81M-S2PH
Memory limits: cudd=1g, java(heap)=2.1g
Command line: prism dns192.nm dns.pctl -s -bucketvaliter2 -maxiters 90050 -javamaxmem 2400m

Parsing model file "dns192.nm"...

Parsing properties file "dns.pctl"...

1 property:
(1) Pmax=? [ "pp" U "qq" ]

Type:        MDP
Modules:     m1 m2 m3 
Variables:   s1 s2 s3 

---------------------------------------------------------------------

Model checking: Pmax=? [ "pp" U "qq" ]

Building model...

Computing reachable states...

Reachability (BFS): 4 iterations in 0.01 seconds (average 0.002250, setup 0.00)

Time for model construction: 17.344 seconds.

Type:        MDP
States:      11200 (1 initial)
Transitions: 20779457
Choices:     56000

Transition matrix: 18166291 nodes (667768 terminal), 20779457 minterms, vars: 15r/15c/5nd

Prob0A: 3 iterations in 0.01 seconds (average 0.004667, setup 0.00)

Prob1E: 23 iterations in 0.05 seconds (average 0.002043, setup 0.00)

yes = 10, no = 36, maybe = 11154

Computing remaining probabilities...
Engine: Sparse

Building sparse matrix(FOR GS)... [n=11200, nc=55770, nnz=20692855, k=5] [237.1 MB]
Creating vector for yes...[87.5 KB]
Allocating iteration vectors... [2 x 87.5 KB]
TOTAL: [237.3 MB]

Starting iterations...
Iterative method did not converge within after 1000 seconds.
Iterative method: 29274465 iterations in 1000.00 seconds (average 0.000034, setup 6.05)

Error: Iterative method did not converge within 29274465 iterations.
Consider using a different numerical method or increasing the maximum number of iterations.

