PRISM
=====

Version: 4.4.dev
Date: Sun Jun 17 13:07:23 IRDT 2018
Hostname: sadegh-H81M-S2PH
Memory limits: cudd=1g, java(heap)=2.1g
Command line: prism dns53.nm dns.pctl -s -backwardvaliter -maxiters 90050 -epsilon 1e-6 -javamaxmem 2400m

Parsing model file "dns53.nm"...

Parsing properties file "dns.pctl"...

1 property:
(1) Pmax=? [ "pp" U "qq" ]

Type:        MDP
Modules:     m1 m2 m3 
Variables:   s1 s2 s3 

---------------------------------------------------------------------

Model checking: Pmax=? [ "pp" U "qq" ]

Building model...

Computing reachable states...

Reachability (BFS): 3 iterations in 0.00 seconds (average 0.000667, setup 0.00)

Time for model construction: 7.141 seconds.

Type:        MDP
States:      7600 (1 initial)
Transitions: 78060392
Choices:     15200

Transition matrix: 6336516 nodes (241810 terminal), 78060392 minterms, vars: 15r/15c/2nd

Prob0A: 2 iterations in 0.00 seconds (average 0.001500, setup 0.00)

Prob1E: 4 iterations in 0.00 seconds (average 0.000250, setup 0.00)

yes = 10, no = 66, maybe = 7524

Computing remaining probabilities...
Engine: Sparse

Building sparse matrix(FOR GS)... [n=7600, nc=15048, nnz=77307645, k=2] [884.8 MB]
Creating vector for yes...[59.4 KB]
Allocating iteration vectors... [2 x 59.4 KB]
TOTAL: [885.0 MB]

Starting iterations...
Iteration 32: max relative diff=0.022780, 5.06 sec so far
Iteration 71: max relative diff=0.006261, 10.09 sec so far
Iteration 110: max relative diff=0.002441, 15.12 sec so far
Iteration 149: max relative diff=0.001062, 20.14 sec so far
Iteration 188: max relative diff=0.000482, 25.17 sec so far
Iteration 227: max relative diff=0.000223, 30.20 sec so far
Iteration 266: max relative diff=0.000104, 35.22 sec so far
Iteration 305: max relative diff=0.000049, 40.25 sec so far
Iteration 344: max relative diff=0.000023, 45.27 sec so far
Iteration 383: max relative diff=0.000011, 50.30 sec so far
Iteration 422: max relative diff=0.000005, 55.33 sec so far
Iteration 461: max relative diff=0.000002, 60.35 sec so far
Iteration 500: max relative diff=0.000001, 65.38 sec so far

Iterative method: 506 iterations in 66.15 seconds (average 0.130733, setup 8.14)

Value in the initial state: 0.17730254979255797

Time for model checking: 74.72 seconds.

Result: 0.17730254979255797 (value in the initial state)

Warning: CUDD reports 7091030 non-zero references.

