PRISM
=====

Version: 4.4.dev
Date: Tue Jun 19 12:07:35 IRDT 2018
Hostname: sadegh-H81M-S2PH
Memory limits: cudd=1g, java(heap)=2.1g
Command line: prism dns156.nm dns.pctl -s -gs -maxiters 90050 -epsilon 1e-6 -javamaxmem 2400m

Parsing model file "dns156.nm"...

Parsing properties file "dns.pctl"...

1 property:
(1) Pmax=? [ "pp" U "qq" ]

Type:        MDP
Modules:     m1 m2 m3 
Variables:   s1 s2 s3 

---------------------------------------------------------------------

Model checking: Pmax=? [ "pp" U "qq" ]

Building model...

Computing reachable states...

Reachability (BFS): 3 iterations in 0.01 seconds (average 0.002667, setup 0.00)

Time for model construction: 9.861 seconds.

Type:        MDP
States:      6400 (1 initial)
Transitions: 36857664
Choices:     25600

Transition matrix: 10014258 nodes (545075 terminal), 36857664 minterms, vars: 14r/14c/4nd

Prob0A: 3 iterations in 0.01 seconds (average 0.002667, setup 0.00)

Prob1E: 4 iterations in 0.00 seconds (average 0.000750, setup 0.00)

yes = 10, no = 55, maybe = 6335

Computing remaining probabilities...
Engine: Sparse

Building sparse matrix(FOR GS)... [n=6400, nc=25340, nnz=36486026, k=4] [417.7 MB]
Creating vector for yes...[50.0 KB]
Allocating iteration vectors... [2 x 50.0 KB]
TOTAL: [417.8 MB]

Starting iterations...
Iteration 82: max relative diff=0.004625, 5.04 sec so far
Iteration 164: max relative diff=0.001068, 10.09 sec so far
Iteration 246: max relative diff=0.000346, 15.13 sec so far
Iteration 328: max relative diff=0.000125, 20.16 sec so far
Iteration 410: max relative diff=0.000047, 25.20 sec so far
Iteration 492: max relative diff=0.000018, 30.24 sec so far
Iteration 574: max relative diff=0.000007, 35.28 sec so far
Iteration 656: max relative diff=0.000003, 40.31 sec so far

Iterative method: 736 iterations in 45.23 seconds (average 0.061450, setup 5.72)

Value in the initial state: 0.3223219869289655

Time for model checking: 51.173 seconds.

Result: 0.3223219869289655 (value in the initial state)

