PRISM
=====

Version: 4.4.dev
Date: Sat Jun 16 22:29:21 IRDT 2018
Hostname: sadegh-H81M-S2PH
Memory limits: cudd=1g, java(heap)=2.1g
Command line: prism dns29.nm dns.pctl -s -bucketvaliter2 -maxiters 90050 -javamaxmem 2400m

Parsing model file "dns29.nm"...

Parsing properties file "dns.pctl"...

1 property:
(1) Pmax=? [ "pp" U "qq" ]

Type:        MDP
Modules:     m1 m2 m3 
Variables:   s1 s2 s3 

---------------------------------------------------------------------

Model checking: Pmax=? [ "pp" U "qq" ]

Building model...

Computing reachable states...

Reachability (BFS): 2 iterations in 0.00 seconds (average 0.000500, setup 0.00)

Time for model construction: 18.257 seconds.

Type:        MDP
States:      8800 (1 initial)
Transitions: 256892362
Choices:     35200

Transition matrix: 17269331 nodes (484773 terminal), 256892362 minterms, vars: 15r/15c/4nd

Prob0A: 2 iterations in 0.01 seconds (average 0.003500, setup 0.00)

Prob1E: 4 iterations in 0.00 seconds (average 0.001000, setup 0.00)

yes = 10, no = 120, maybe = 8670

Computing remaining probabilities...
Engine: Sparse

Building sparse matrix(FOR GS)... [n=8800, nc=34680, nnz=253141775, k=4] [2.8 GB]
Creating vector for yes...[68.8 KB]
Allocating iteration vectors... [2 x 68.8 KB]
TOTAL: [2.8 GB]

Starting iterations...

Iterative method: 1593780 iterations in 605.70 seconds (average 0.000380, setup 25.85)

Value in the initial state: 0.13726293091670289

Time for model checking: 637.584 seconds.

Result: 0.13726293091670289 (value in the initial state)

