PRISM
=====

Version: 4.4.dev
Date: Sat Jun 16 16:32:50 IRDT 2018
Hostname: sadegh-H81M-S2PH
Memory limits: cudd=1g, java(heap)=2.1g
Command line: prism dns6.nm dns.pctl -s -gs -maxiters 90050 -epsilon 1e-6 -javamaxmem 2400m

Parsing model file "dns6.nm"...

Parsing properties file "dns.pctl"...

1 property:
(1) Pmax=? [ "pp" U "qq" ]

Type:        MDP
Modules:     m1 m2 m3 
Variables:   s1 s2 s3 

---------------------------------------------------------------------

Model checking: Pmax=? [ "pp" U "qq" ]

Building model...

Computing reachable states...

Reachability (BFS): 2 iterations in 0.00 seconds (average 0.000000, setup 0.00)

Time for model construction: 8.16 seconds.

Type:        MDP
States:      6400 (1 initial)
Transitions: 198165950
Choices:     32000

Transition matrix: 8274124 nodes (259011 terminal), 198165950 minterms, vars: 14r/14c/5nd

Prob0A: 2 iterations in 0.00 seconds (average 0.001000, setup 0.00)

Prob1E: 4 iterations in 0.00 seconds (average 0.000250, setup 0.00)

yes = 10, no = 21, maybe = 6369

Computing remaining probabilities...
Engine: Sparse

Building sparse matrix(FOR GS)... [n=6400, nc=31845, nnz=197207696, k=5] [2.2 GB]
Creating vector for yes...[50.0 KB]
Allocating iteration vectors... [2 x 50.0 KB]
TOTAL: [2.2 GB]

Starting iterations...
Iteration 16: max relative diff=0.058021, 5.25 sec so far
Iteration 32: max relative diff=0.023958, 10.50 sec so far
Iteration 48: max relative diff=0.013486, 15.74 sec so far
Iteration 64: max relative diff=0.008575, 21.02 sec so far
Iteration 79: max relative diff=0.005983, 26.17 sec so far
Iteration 94: max relative diff=0.004332, 31.24 sec so far
Iteration 110: max relative diff=0.003165, 36.48 sec so far
Iteration 125: max relative diff=0.002414, 41.72 sec so far
Iteration 141: max relative diff=0.001842, 46.98 sec so far
Iteration 157: max relative diff=0.001426, 52.22 sec so far
Iteration 173: max relative diff=0.001117, 57.47 sec so far
Iteration 189: max relative diff=0.000884, 62.72 sec so far
Iteration 205: max relative diff=0.000706, 67.97 sec so far
Iteration 221: max relative diff=0.000566, 73.22 sec so far
Iteration 237: max relative diff=0.000456, 78.47 sec so far
Iteration 253: max relative diff=0.000369, 83.72 sec so far
Iteration 269: max relative diff=0.000299, 88.96 sec so far
Iteration 285: max relative diff=0.000243, 94.28 sec so far
Iteration 301: max relative diff=0.000198, 99.59 sec so far
Iteration 316: max relative diff=0.000164, 104.61 sec so far
Iteration 331: max relative diff=0.000136, 109.70 sec so far
Iteration 346: max relative diff=0.000112, 114.78 sec so far
Iteration 361: max relative diff=0.000093, 119.89 sec so far
Iteration 376: max relative diff=0.000077, 124.92 sec so far
Iteration 391: max relative diff=0.000064, 130.04 sec so far
Iteration 406: max relative diff=0.000053, 135.30 sec so far
Iteration 422: max relative diff=0.000044, 140.61 sec so far
Iteration 438: max relative diff=0.000036, 145.87 sec so far
Iteration 454: max relative diff=0.000030, 151.13 sec so far
Iteration 470: max relative diff=0.000024, 156.39 sec so far
Iteration 486: max relative diff=0.000020, 161.65 sec so far
Iteration 502: max relative diff=0.000016, 166.91 sec so far
Iteration 518: max relative diff=0.000013, 172.16 sec so far
Iteration 534: max relative diff=0.000011, 177.42 sec so far
Iteration 550: max relative diff=0.000009, 182.66 sec so far
Iteration 566: max relative diff=0.000007, 187.92 sec so far
Iteration 582: max relative diff=0.000006, 193.18 sec so far
Iteration 598: max relative diff=0.000005, 198.44 sec so far
Iteration 614: max relative diff=0.000004, 203.69 sec so far
Iteration 630: max relative diff=0.000003, 208.95 sec so far
Iteration 646: max relative diff=0.000003, 214.21 sec so far
Iteration 662: max relative diff=0.000002, 219.47 sec so far
Iteration 678: max relative diff=0.000002, 224.73 sec so far
Iteration 694: max relative diff=0.000002, 229.99 sec so far
Iteration 710: max relative diff=0.000001, 235.25 sec so far
Iteration 726: max relative diff=0.000001, 240.52 sec so far

Iterative method: 731 iterations in 242.16 seconds (average 0.331271, setup 16.04)

Value in the initial state: 0.4714045043632151

Time for model checking: 259.138 seconds.

Result: 0.4714045043632151 (value in the initial state)

