PRISM
=====

Version: 4.4.dev
Date: Sun May 20 14:10:15 IRDT 2018
Hostname: sadegh-H81M-S2PH
Memory limits: cudd=1g, java(heap)=2.1g
Command line: prism dns42.nm dns.pctl -s -explicitmodpoliter -maxiters 90050 -epsilon 1e-8 -javamaxmem 2400m

Parsing model file "dns42.nm"...

Parsing properties file "dns.pctl"...

1 property:
(1) Pmax=? [ "pp" U "qq" ]

Type:        MDP
Modules:     m1 m2 m3 
Variables:   s1 s2 s3 

---------------------------------------------------------------------

Model checking: Pmax=? [ "pp" U "qq" ]

Building model...

Computing reachable states...

Reachability (BFS): 3 iterations in 0.00 seconds (average 0.000333, setup 0.00)

Time for model construction: 6.716 seconds.

Type:        MDP
States:      9600 (1 initial)
Transitions: 133985021
Choices:     19200

Transition matrix: 9030783 nodes (328168 terminal), 133985021 minterms, vars: 15r/15c/2nd

Prob0A: 2 iterations in 0.00 seconds (average 0.000000, setup 0.00)

Prob1E: 4 iterations in 0.00 seconds (average 0.000250, setup 0.00)

yes = 10, no = 10, maybe = 9580

Computing remaining probabilities...
Engine: Sparse

Building sparse matrix (FOR POLICY ITERASION)... [n=9600, nc=19160, nnz=133711965, k=2] [1.5 GB]
Creating vector for yes...[75.0 KB]
Allocating iteration vectors... [2 x 75.0 KB]
TOTAL: [1.5 GB]

Starting iterations...
Iteration 101: max relative diff=0.030292, 6.31 sec so far
Iteration 202: max relative diff=0.013794, 12.63 sec so far
Iteration 303: max relative diff=0.006628, 18.83 sec so far
Iteration 404: max relative diff=0.002786, 25.02 sec so far
Iteration 505: max relative diff=0.001492, 31.21 sec so far
Iteration 606: max relative diff=0.000836, 37.53 sec so far
Iteration 707: max relative diff=0.000850, 43.98 sec so far
Iteration 808: max relative diff=0.000327, 50.83 sec so far
Iteration 909: max relative diff=0.000223, 57.40 sec so far
Iteration 1010: max relative diff=0.000141, 63.92 sec so far
Iteration 1111: max relative diff=0.000077, 70.38 sec so far
Iteration 1212: max relative diff=0.000034, 76.73 sec so far
Iteration 1313: max relative diff=0.000023, 83.15 sec so far
Iteration 1414: max relative diff=0.000034, 89.97 sec so far
Iteration 1515: max relative diff=0.000007, 96.61 sec so far
Iteration 1616: max relative diff=0.000007, 103.19 sec so far
Iteration 1717: max relative diff=0.000004, 109.69 sec so far
Iteration 1818: max relative diff=0.000003, 116.11 sec so far
Iteration 1919: max relative diff=0.000001, 122.53 sec so far
Iteration 2020: max relative diff=0.000001, 129.02 sec so far
Iteration 2121: max relative diff=0.000001, 135.43 sec so far
Iteration 2222: max relative diff=0.000000, 141.78 sec so far
Iteration 2323: max relative diff=0.000000, 148.19 sec so far
Iteration 2424: max relative diff=0.000000, 154.71 sec so far
Iteration 2525: max relative diff=0.000000, 161.30 sec so far
Iteration 2626: max relative diff=0.000000, 167.86 sec so far
Iteration 2727: max relative diff=0.000000, 174.27 sec so far
Iteration 2828: max relative diff=0.000000, 180.60 sec so far
Iteration 2929: max relative diff=0.000000, 186.99 sec so far
Iteration 3030: max relative diff=0.000000, 193.52 sec so far
Iteration 3131: max relative diff=0.000000, 200.01 sec so far

Iterative method: 3206 iterations in 204.68 seconds (average 0.063844, setup 6.94)

Value in the initial state: 0.6173210802342566

Time for model checking: 212.114 seconds.

Result: 0.6173210802342566 (value in the initial state)

