PRISM
=====

Version: 4.4.dev
Date: Sat Jun 16 17:57:45 IRDT 2018
Hostname: sadegh-H81M-S2PH
Memory limits: cudd=1g, java(heap)=2.1g
Command line: prism dns15.nm dns.pctl -s -bucketvaliter2 -maxiters 90050 -javamaxmem 2400m

Parsing model file "dns15.nm"...

Parsing properties file "dns.pctl"...

1 property:
(1) Pmax=? [ "pp" U "qq" ]

Type:        MDP
Modules:     m1 m2 m3 
Variables:   s1 s2 s3 

---------------------------------------------------------------------

Model checking: Pmax=? [ "pp" U "qq" ]

Building model...

Computing reachable states...

Reachability (BFS): 2 iterations in 0.00 seconds (average 0.000000, setup 0.00)

Time for model construction: 7.175 seconds.

Type:        MDP
States:      5600 (1 initial)
Transitions: 151969585
Choices:     28000

Transition matrix: 6701930 nodes (317633 terminal), 151969585 minterms, vars: 14r/14c/5nd

Prob0A: 2 iterations in 0.01 seconds (average 0.003000, setup 0.00)

Prob1E: 4 iterations in 0.00 seconds (average 0.000500, setup 0.00)

yes = 10, no = 55, maybe = 5535

Computing remaining probabilities...
Engine: Sparse

Building sparse matrix(FOR GS)... [n=5600, nc=27675, nnz=150211853, k=5] [1.7 GB]
Creating vector for yes...[43.8 KB]
Allocating iteration vectors... [2 x 43.8 KB]
TOTAL: [1.7 GB]

Starting iterations...

Iterative method: 624861 iterations in 314.06 seconds (average 0.000503, setup 13.68)

Value in the initial state: 0.24500654875892147

Time for model checking: 330.441 seconds.

Result: 0.24500654875892147 (value in the initial state)

