PRISM
=====

Version: 4.4.dev
Date: Sun May 20 22:30:50 IRDT 2018
Hostname: sadegh-H81M-S2PH
Memory limits: cudd=1g, java(heap)=2.1g
Command line: prism dns109.nm dns.pctl -s -improvedmodpoliter2 -maxiters 90050 -epsilon 1e-8 -javamaxmem 2400m

Parsing model file "dns109.nm"...

Parsing properties file "dns.pctl"...

1 property:
(1) Pmax=? [ "pp" U "qq" ]

Type:        MDP
Modules:     m1 m2 m3 
Variables:   s1 s2 s3 

---------------------------------------------------------------------

Model checking: Pmax=? [ "pp" U "qq" ]

Building model...

Computing reachable states...

Reachability (BFS): 3 iterations in 0.01 seconds (average 0.002333, setup 0.00)

Time for model construction: 17.923 seconds.

Type:        MDP
States:      9600 (1 initial)
Transitions: 149964662
Choices:     38400

Transition matrix: 21195801 nodes (527453 terminal), 149964662 minterms, vars: 15r/15c/4nd

Prob0A: 2 iterations in 0.01 seconds (average 0.003500, setup 0.00)

Prob1E: 4 iterations in 0.00 seconds (average 0.000500, setup 0.00)

yes = 10, no = 28, maybe = 9562

Computing remaining probabilities...
Engine: Sparse

Building sparse matrix (FOR POLICY ITERASION)... [n=9600, nc=38248, nnz=149378982, k=4] [1.7 GB]
Creating vector for yes...[75.0 KB]
Allocating iteration vectors... [2 x 75.0 KB]
TOTAL: [1.7 GB]

Starting iterations...
Iteration 404: max relative diff=0.005661, 5.49 sec so far
Iteration 808: max relative diff=0.001180, 10.95 sec so far
Iteration 1212: max relative diff=0.000229, 16.40 sec so far
Iteration 1616: max relative diff=0.000084, 21.86 sec so far
Iteration 2020: max relative diff=0.000026, 27.31 sec so far
Iteration 2424: max relative diff=0.000010, 32.78 sec so far
Iteration 2828: max relative diff=0.000003, 38.30 sec so far
Iteration 3232: max relative diff=0.000001, 44.07 sec so far
Iteration 3636: max relative diff=0.000000, 49.83 sec so far
Iteration 4040: max relative diff=0.000000, 55.62 sec so far
Iteration 4444: max relative diff=0.000000, 61.65 sec so far
Iteration 4848: max relative diff=0.000000, 67.43 sec so far

Iterative method: 5072 iterations in 70.89 seconds (average 0.013977, setup 11.52)


Number of scallar multiplications: 69754M 

Value in the initial state: 0.5608004670938573

Time for model checking: 83.61 seconds.

Result: 0.5608004670938573 (value in the initial state)

