PRISM
=====

Version: 4.4.dev
Date: Mon May 21 00:48:39 IRDT 2018
Hostname: sadegh-H81M-S2PH
Memory limits: cudd=1g, java(heap)=2.1g
Command line: prism dns142.nm dns.pctl -s -explicitmodpoliter -maxiters 90050 -epsilon 1e-8 -javamaxmem 2400m

Parsing model file "dns142.nm"...

Parsing properties file "dns.pctl"...

1 property:
(1) Pmax=? [ "pp" U "qq" ]

Type:        MDP
Modules:     m1 m2 m3 
Variables:   s1 s2 s3 

---------------------------------------------------------------------

Model checking: Pmax=? [ "pp" U "qq" ]

Building model...

Computing reachable states...

Reachability (BFS): 3 iterations in 0.00 seconds (average 0.000333, setup 0.00)

Time for model construction: 6.165 seconds.

Type:        MDP
States:      9600 (1 initial)
Transitions: 37427562
Choices:     19200

Transition matrix: 8566377 nodes (410722 terminal), 37427562 minterms, vars: 15r/15c/2nd

Prob0A: 3 iterations in 0.00 seconds (average 0.001333, setup 0.00)

Prob1E: 4 iterations in 0.00 seconds (average 0.000250, setup 0.00)

yes = 10, no = 36, maybe = 9554

Computing remaining probabilities...
Engine: Sparse

Building sparse matrix (FOR POLICY ITERASION)... [n=9600, nc=19108, nnz=37246583, k=2] [426.4 MB]
Creating vector for yes...[75.0 KB]
Allocating iteration vectors... [2 x 75.0 KB]
TOTAL: [426.6 MB]

Starting iterations...
Iteration 303: max relative diff=0.008753, 5.11 sec so far
Iteration 606: max relative diff=0.001124, 10.24 sec so far
Iteration 909: max relative diff=0.000048, 15.39 sec so far
Iteration 1212: max relative diff=0.000003, 20.53 sec so far
Iteration 1515: max relative diff=0.000000, 25.67 sec so far
Iteration 1818: max relative diff=0.000000, 30.81 sec so far

Iterative method: 2071 iterations in 35.13 seconds (average 0.016965, setup 3.51)

Value in the initial state: 0.42476080982405456

Time for model checking: 38.799 seconds.

Result: 0.42476080982405456 (value in the initial state)

