PRISM
=====

Version: 4.4.dev
Date: Sun May 20 22:56:03 IRDT 2018
Hostname: sadegh-H81M-S2PH
Memory limits: cudd=1g, java(heap)=2.1g
Command line: prism dns115.nm dns.pctl -s -modpoliter -maxiters 90050 -epsilon 1e-8 -javamaxmem 2400m

Parsing model file "dns115.nm"...

Parsing properties file "dns.pctl"...

1 property:
(1) Pmax=? [ "pp" U "qq" ]

Type:        MDP
Modules:     m1 m2 m3 
Variables:   s1 s2 s3 

---------------------------------------------------------------------

Model checking: Pmax=? [ "pp" U "qq" ]

Building model...

Computing reachable states...

Reachability (BFS): 3 iterations in 0.00 seconds (average 0.001333, setup 0.00)

Time for model construction: 8.419 seconds.

Type:        MDP
States:      8000 (1 initial)
Transitions: 79877781
Choices:     24000

Transition matrix: 11042896 nodes (321372 terminal), 79877781 minterms, vars: 15r/15c/3nd

Prob0A: 3 iterations in 0.00 seconds (average 0.000333, setup 0.00)

Prob1E: 4 iterations in 0.00 seconds (average 0.000250, setup 0.00)

yes = 10, no = 10, maybe = 7980

Computing remaining probabilities...
Engine: Sparse

Building sparse matrix (FOR POLICY ITERASION)... [n=8000, nc=23940, nnz=79664975, k=3] [911.8 MB]
Creating vector for yes...[62.5 KB]
Allocating iteration vectors... [2 x 62.5 KB]
TOTAL: [912.0 MB]

Starting iterations...
Iteration 202: max relative diff=0.008424, 5.64 sec so far
Iteration 404: max relative diff=0.003109, 11.44 sec so far
Iteration 606: max relative diff=0.000435, 17.24 sec so far
Iteration 808: max relative diff=0.000207, 23.06 sec so far
Iteration 1010: max relative diff=0.000035, 28.87 sec so far
Iteration 1212: max relative diff=0.000013, 34.68 sec so far
Iteration 1414: max relative diff=0.000005, 40.50 sec so far
Iteration 1616: max relative diff=0.000001, 46.31 sec so far
Iteration 1818: max relative diff=0.000000, 52.11 sec so far
Iteration 2020: max relative diff=0.000000, 57.90 sec so far
Iteration 2222: max relative diff=0.000000, 63.72 sec so far
Iteration 2424: max relative diff=0.000000, 69.50 sec so far

Iterative method: 2441 iterations in 70.02 seconds (average 0.028686, setup 5.52)

Value in the initial state: 0.6573405977930217

Time for model checking: 75.793 seconds.

Result: 0.6573405977930217 (value in the initial state)

