PRISM
=====

Version: 4.4.dev
Date: Sun May 20 12:44:28 IRDT 2018
Hostname: sadegh-H81M-S2PH
Memory limits: cudd=1g, java(heap)=2.1g
Command line: prism dns30.nm dns.pctl -s -improvedmodpoliter -maxiters 90050 -epsilon 1e-8 -javamaxmem 2400m

Parsing model file "dns30.nm"...

Parsing properties file "dns.pctl"...

1 property:
(1) Pmax=? [ "pp" U "qq" ]

Type:        MDP
Modules:     m1 m2 m3 
Variables:   s1 s2 s3 

---------------------------------------------------------------------

Model checking: Pmax=? [ "pp" U "qq" ]

Building model...

Computing reachable states...

Reachability (BFS): 2 iterations in 0.00 seconds (average 0.000500, setup 0.00)

Time for model construction: 8.459 seconds.

Type:        MDP
States:      6000 (1 initial)
Transitions: 115090530
Choices:     24000

Transition matrix: 8809768 nodes (621841 terminal), 115090530 minterms, vars: 14r/14c/4nd

Prob0A: 2 iterations in 0.00 seconds (average 0.001500, setup 0.00)

Prob1E: 4 iterations in 0.00 seconds (average 0.000500, setup 0.00)

yes = 10, no = 66, maybe = 5924

Computing remaining probabilities...
Engine: Sparse

Building sparse matrix (FOR POLICY ITERASION)... [n=6000, nc=23696, nnz=113609622, k=4] [1.3 GB]
Creating vector for yes...[46.9 KB]
Allocating iteration vectors... [2 x 46.9 KB]
TOTAL: [1.3 GB]

Starting iterations...
Iteration 204: max relative diff=0.023693, 5.39 sec so far
Iteration 408: max relative diff=0.000821, 10.86 sec so far
Iteration 612: max relative diff=0.000001, 16.21 sec so far
Iteration 816: max relative diff=0.000000, 21.54 sec so far

Iterative method: 884 iterations in 23.39 seconds (average 0.026460, setup 7.80)

Value in the initial state: 0.252438204440784

Time for model checking: 31.7 seconds.

Result: 0.252438204440784 (value in the initial state)

