PRISM
=====

Version: 4.4.dev
Date: Sun Jun 17 13:14:26 IRDT 2018
Hostname: sadegh-H81M-S2PH
Memory limits: cudd=1g, java(heap)=2.1g
Command line: prism dns54.nm dns.pctl -s -bucketvaliter2 -maxiters 90050 -javamaxmem 2400m

Parsing model file "dns54.nm"...

Parsing properties file "dns.pctl"...

1 property:
(1) Pmax=? [ "pp" U "qq" ]

Type:        MDP
Modules:     m1 m2 m3 
Variables:   s1 s2 s3 

---------------------------------------------------------------------

Model checking: Pmax=? [ "pp" U "qq" ]

Building model...

Computing reachable states...

Reachability (BFS): 3 iterations in 0.00 seconds (average 0.001333, setup 0.00)

Time for model construction: 12.345 seconds.

Type:        MDP
States:      9600 (1 initial)
Transitions: 189897261
Choices:     28800

Transition matrix: 12145669 nodes (213495 terminal), 189897261 minterms, vars: 15r/15c/3nd

Prob0A: 2 iterations in 0.00 seconds (average 0.001500, setup 0.00)

Prob1E: 4 iterations in 0.00 seconds (average 0.000250, setup 0.00)

yes = 10, no = 28, maybe = 9562

Computing remaining probabilities...
Engine: Sparse

Building sparse matrix(FOR GS)... [n=9600, nc=28686, nnz=189148781, k=3] [2.1 GB]
Creating vector for yes...[75.0 KB]
Allocating iteration vectors... [2 x 75.0 KB]
TOTAL: [2.1 GB]

Starting iterations...
Iterative method did not converge within after 1000 seconds.
Iterative method: 5367713 iterations in 1000.00 seconds (average 0.000186, setup 16.75)

Error: Iterative method did not converge within 5367713 iterations.
Consider using a different numerical method or increasing the maximum number of iterations.

