PRISM
=====

Version: 4.4.dev
Date: Mon May 21 03:00:01 IRDT 2018
Hostname: sadegh-H81M-S2PH
Memory limits: cudd=1g, java(heap)=2.1g
Command line: prism dns173.nm dns.pctl -s -improvedmodpoliter -maxiters 90050 -epsilon 1e-8 -javamaxmem 2400m

Parsing model file "dns173.nm"...

Parsing properties file "dns.pctl"...

1 property:
(1) Pmax=? [ "pp" U "qq" ]

Type:        MDP
Modules:     m1 m2 m3 
Variables:   s1 s2 s3 

---------------------------------------------------------------------

Model checking: Pmax=? [ "pp" U "qq" ]

Building model...

Computing reachable states...

Reachability (BFS): 3 iterations in 0.00 seconds (average 0.000333, setup 0.00)

Time for model construction: 6.811 seconds.

Type:        MDP
States:      6400 (1 initial)
Transitions: 17594139
Choices:     25600

Transition matrix: 9294567 nodes (736006 terminal), 17594139 minterms, vars: 14r/14c/4nd

Prob0A: 3 iterations in 0.01 seconds (average 0.004000, setup 0.00)

Prob1E: 4 iterations in 0.01 seconds (average 0.001250, setup 0.00)

yes = 10, no = 21, maybe = 6369

Computing remaining probabilities...
Engine: Sparse

Building sparse matrix (FOR POLICY ITERASION)... [n=6400, nc=25476, nnz=17509239, k=4] [200.5 MB]
Creating vector for yes...[50.0 KB]
Allocating iteration vectors... [2 x 50.0 KB]
TOTAL: [200.6 MB]

Starting iterations...
Iteration 1326: max relative diff=0.000567, 5.12 sec so far
Iteration 2652: max relative diff=0.000024, 10.17 sec so far
Iteration 3978: max relative diff=0.000004, 15.18 sec so far
Iteration 5304: max relative diff=0.000001, 20.18 sec so far
Iteration 6630: max relative diff=0.000000, 25.24 sec so far
Iteration 7956: max relative diff=0.000000, 30.25 sec so far
Iteration 9384: max relative diff=0.000000, 35.63 sec so far

Iterative method: 9384 iterations in 35.63 seconds (average 0.003797, setup 2.74)

Value in the initial state: 0.8199631118262314

Time for model checking: 38.474 seconds.

Result: 0.8199631118262314 (value in the initial state)

