PRISM
=====

Version: 4.4.dev
Date: Sun May 20 11:45:32 IRDT 2018
Hostname: sadegh-H81M-S2PH
Memory limits: cudd=1g, java(heap)=2.1g
Command line: prism dns19.nm dns.pctl -s -modpoliter -maxiters 90050 -epsilon 1e-8 -javamaxmem 2400m

Parsing model file "dns19.nm"...

Parsing properties file "dns.pctl"...

1 property:
(1) Pmax=? [ "pp" U "qq" ]

Type:        MDP
Modules:     m1 m2 m3 
Variables:   s1 s2 s3 

---------------------------------------------------------------------

Model checking: Pmax=? [ "pp" U "qq" ]

Building model...

Computing reachable states...

Reachability (BFS): 2 iterations in 0.00 seconds (average 0.000000, setup 0.00)

Time for model construction: 12.01 seconds.

Type:        MDP
States:      7200 (1 initial)
Transitions: 300659328
Choices:     43200

Transition matrix: 14801318 nodes (618516 terminal), 300659328 minterms, vars: 15r/15c/6nd

Prob0A: 2 iterations in 0.01 seconds (average 0.003000, setup 0.00)

Prob1E: 4 iterations in 0.00 seconds (average 0.000250, setup 0.00)

yes = 10, no = 21, maybe = 7169

Computing remaining probabilities...
Engine: Sparse

Building sparse matrix (FOR POLICY ITERASION)... [n=7200, nc=43014, nnz=299385736, k=6] [3.3 GB]
Creating vector for yes...[56.2 KB]
Allocating iteration vectors... [2 x 56.2 KB]
TOTAL: [3.3 GB]

Starting iterations...
Iteration 101: max relative diff=0.222964, 5.46 sec so far
Iteration 202: max relative diff=0.023578, 10.91 sec so far
Iteration 303: max relative diff=0.006533, 16.38 sec so far
Iteration 404: max relative diff=0.002400, 21.87 sec so far
Iteration 505: max relative diff=0.000817, 27.29 sec so far
Iteration 606: max relative diff=0.000364, 32.79 sec so far
Iteration 707: max relative diff=0.000101, 38.27 sec so far
Iteration 808: max relative diff=0.000038, 43.76 sec so far
Iteration 909: max relative diff=0.000018, 49.26 sec so far
Iteration 1010: max relative diff=0.000006, 54.72 sec so far
Iteration 1111: max relative diff=0.000001, 60.16 sec so far
Iteration 1212: max relative diff=0.000000, 65.61 sec so far
Iteration 1313: max relative diff=0.000001, 71.03 sec so far
Iteration 1414: max relative diff=0.000000, 76.46 sec so far
Iteration 1515: max relative diff=0.000000, 81.89 sec so far
Iteration 1616: max relative diff=0.000000, 87.32 sec so far

Iterative method: 1690 iterations in 91.34 seconds (average 0.054050, setup 15.51)

Value in the initial state: 0.5477333199801705

Time for model checking: 107.716 seconds.

Result: 0.5477333199801705 (value in the initial state)

