PRISM
=====

Version: 4.4.dev
Date: Sun Jun 17 20:40:27 IRDT 2018
Hostname: sadegh-H81M-S2PH
Memory limits: cudd=1g, java(heap)=2.1g
Command line: prism dns76.nm dns.pctl -s -backwardvaliter -maxiters 90050 -epsilon 1e-6 -javamaxmem 2400m

Parsing model file "dns76.nm"...

Parsing properties file "dns.pctl"...

1 property:
(1) Pmax=? [ "pp" U "qq" ]

Type:        MDP
Modules:     m1 m2 m3 
Variables:   s1 s2 s3 

---------------------------------------------------------------------

Model checking: Pmax=? [ "pp" U "qq" ]

Building model...

Computing reachable states...

Reachability (BFS): 3 iterations in 0.00 seconds (average 0.001000, setup 0.00)

Time for model construction: 8.697 seconds.

Type:        MDP
States:      6800 (1 initial)
Transitions: 82300894
Choices:     20400

Transition matrix: 7317623 nodes (247020 terminal), 82300894 minterms, vars: 15r/15c/3nd

Prob0A: 2 iterations in 0.01 seconds (average 0.003000, setup 0.00)

Prob1E: 4 iterations in 0.00 seconds (average 0.000500, setup 0.00)

yes = 10, no = 78, maybe = 6712

Computing remaining probabilities...
Engine: Sparse

Building sparse matrix(FOR GS)... [n=6800, nc=20136, nnz=81228649, k=3] [929.7 MB]
Creating vector for yes...[53.1 KB]
Allocating iteration vectors... [2 x 53.1 KB]
TOTAL: [929.8 MB]

Starting iterations...
Iteration 30: max relative diff=0.022439, 5.04 sec so far
Iteration 67: max relative diff=0.005472, 10.05 sec so far
Iteration 104: max relative diff=0.001911, 15.08 sec so far
Iteration 141: max relative diff=0.000740, 20.09 sec so far
Iteration 178: max relative diff=0.000297, 25.10 sec so far
Iteration 215: max relative diff=0.000121, 30.11 sec so far
Iteration 252: max relative diff=0.000050, 35.12 sec so far
Iteration 289: max relative diff=0.000020, 40.13 sec so far
Iteration 326: max relative diff=0.000008, 45.14 sec so far
Iteration 363: max relative diff=0.000003, 50.15 sec so far
Iteration 400: max relative diff=0.000001, 55.17 sec so far

Iterative method: 416 iterations in 57.33 seconds (average 0.137817, setup 10.30)

Value in the initial state: 0.18229967953099774

Time for model checking: 68.047 seconds.

Result: 0.18229967953099774 (value in the initial state)

Warning: CUDD reports 8404107 non-zero references.

