PRISM
=====

Version: 4.4.dev
Date: Sun Jun 17 18:10:19 IRDT 2018
Hostname: sadegh-H81M-S2PH
Memory limits: cudd=1g, java(heap)=2.1g
Command line: prism dns68.nm dns.pctl -s -bucketvaliter2 -maxiters 90050 -javamaxmem 2400m

Parsing model file "dns68.nm"...

Parsing properties file "dns.pctl"...

1 property:
(1) Pmax=? [ "pp" U "qq" ]

Type:        MDP
Modules:     m1 m2 m3 
Variables:   s1 s2 s3 

---------------------------------------------------------------------

Model checking: Pmax=? [ "pp" U "qq" ]

Building model...

Computing reachable states...

Reachability (BFS): 3 iterations in 0.00 seconds (average 0.001000, setup 0.00)

Time for model construction: 10.863 seconds.

Type:        MDP
States:      8000 (1 initial)
Transitions: 117956055
Choices:     24000

Transition matrix: 10933106 nodes (451220 terminal), 117956055 minterms, vars: 15r/15c/3nd

Prob0A: 2 iterations in 0.00 seconds (average 0.001500, setup 0.00)

Prob1E: 4 iterations in 0.00 seconds (average 0.000500, setup 0.00)

yes = 10, no = 10, maybe = 7980

Computing remaining probabilities...
Engine: Sparse

Building sparse matrix(FOR GS)... [n=8000, nc=23940, nnz=117639560, k=3] [1.3 GB]
Creating vector for yes...[62.5 KB]
Allocating iteration vectors... [2 x 62.5 KB]
TOTAL: [1.3 GB]

Starting iterations...
Iterative method did not converge within after 1000 seconds.
Iterative method: 6626254 iterations in 1000.00 seconds (average 0.000151, setup 10.60)

Error: Iterative method did not converge within 6626254 iterations.
Consider using a different numerical method or increasing the maximum number of iterations.

