PRISM
=====

Version: 4.4.dev
Date: Sun Jun 17 10:28:38 IRDT 2018
Hostname: sadegh-H81M-S2PH
Memory limits: cudd=1g, java(heap)=2.1g
Command line: prism dns45.nm dns.pctl -s -bucketvaliter2 -maxiters 90050 -javamaxmem 2400m

Parsing model file "dns45.nm"...

Parsing properties file "dns.pctl"...

1 property:
(1) Pmax=? [ "pp" U "qq" ]

Type:        MDP
Modules:     m1 m2 m3 
Variables:   s1 s2 s3 

---------------------------------------------------------------------

Model checking: Pmax=? [ "pp" U "qq" ]

Building model...

Computing reachable states...

Reachability (BFS): 3 iterations in 0.00 seconds (average 0.000333, setup 0.00)

Time for model construction: 7.143 seconds.

Type:        MDP
States:      8000 (1 initial)
Transitions: 88694580
Choices:     16000

Transition matrix: 6748453 nodes (282094 terminal), 88694580 minterms, vars: 15r/15c/2nd

Prob0A: 2 iterations in 0.00 seconds (average 0.001000, setup 0.00)

Prob1E: 4 iterations in 0.00 seconds (average 0.000250, setup 0.00)

yes = 10, no = 28, maybe = 7962

Computing remaining probabilities...
Engine: Sparse

Building sparse matrix(FOR GS)... [n=8000, nc=15924, nnz=88247774, k=2] [1010.0 MB]
Creating vector for yes...[62.5 KB]
Allocating iteration vectors... [2 x 62.5 KB]
TOTAL: [1010.2 MB]

Starting iterations...

Iterative method: 9770755 iterations in 742.83 seconds (average 0.000076, setup 7.95)

Value in the initial state: 0.334635180936081

Time for model checking: 765.612 seconds.

Result: 0.334635180936081 (value in the initial state)

