PRISM
=====

Version: 4.4.dev
Date: Sun May 20 12:15:23 IRDT 2018
Hostname: sadegh-H81M-S2PH
Memory limits: cudd=1g, java(heap)=2.1g
Command line: prism dns23.nm dns.pctl -s -improvedmodpoliter -maxiters 90050 -epsilon 1e-8 -javamaxmem 2400m

Parsing model file "dns23.nm"...

Parsing properties file "dns.pctl"...

1 property:
(1) Pmax=? [ "pp" U "qq" ]

Type:        MDP
Modules:     m1 m2 m3 
Variables:   s1 s2 s3 

---------------------------------------------------------------------

Model checking: Pmax=? [ "pp" U "qq" ]

Building model...

Computing reachable states...

Reachability (BFS): 3 iterations in 0.00 seconds (average 0.000667, setup 0.00)

Time for model construction: 5.399 seconds.

Type:        MDP
States:      6000 (1 initial)
Transitions: 119768616
Choices:     24000

Transition matrix: 7220374 nodes (670602 terminal), 119768616 minterms, vars: 14r/14c/4nd

Prob0A: 2 iterations in 0.00 seconds (average 0.001500, setup 0.00)

Prob1E: 4 iterations in 0.00 seconds (average 0.000750, setup 0.00)

yes = 10, no = 91, maybe = 5899

Computing remaining probabilities...
Engine: Sparse

Building sparse matrix (FOR POLICY ITERASION)... [n=6000, nc=23596, nnz=117719266, k=4] [1.3 GB]
Creating vector for yes...[46.9 KB]
Allocating iteration vectors... [2 x 46.9 KB]
TOTAL: [1.3 GB]

Starting iterations...
Iteration 204: max relative diff=0.039974, 5.07 sec so far
Iteration 408: max relative diff=0.000724, 10.21 sec so far
Iteration 612: max relative diff=0.000000, 15.33 sec so far

Iterative method: 766 iterations in 19.29 seconds (average 0.025185, setup 7.14)

Value in the initial state: 0.3521987620520624

Time for model checking: 26.959 seconds.

Result: 0.3521987620520624 (value in the initial state)

