PRISM
=====

Version: 4.4.dev
Date: Sun Jun 17 12:30:48 IRDT 2018
Hostname: sadegh-H81M-S2PH
Memory limits: cudd=1g, java(heap)=2.1g
Command line: prism dns51.nm dns.pctl -s -backwardvaliter -maxiters 90050 -epsilon 1e-6 -javamaxmem 2400m

Parsing model file "dns51.nm"...

Parsing properties file "dns.pctl"...

1 property:
(1) Pmax=? [ "pp" U "qq" ]

Type:        MDP
Modules:     m1 m2 m3 
Variables:   s1 s2 s3 

---------------------------------------------------------------------

Model checking: Pmax=? [ "pp" U "qq" ]

Building model...

Computing reachable states...

Reachability (BFS): 3 iterations in 0.00 seconds (average 0.001000, setup 0.00)

Time for model construction: 12.445 seconds.

Type:        MDP
States:      9200 (1 initial)
Transitions: 172426863
Choices:     27600

Transition matrix: 11717870 nodes (218542 terminal), 172426863 minterms, vars: 15r/15c/3nd

Prob0A: 2 iterations in 0.01 seconds (average 0.003000, setup 0.00)

Prob1E: 4 iterations in 0.01 seconds (average 0.001250, setup 0.00)

yes = 10, no = 120, maybe = 9070

Computing remaining probabilities...
Engine: Sparse

Building sparse matrix(FOR GS)... [n=9200, nc=27210, nnz=169979858, k=3] [1.9 GB]
Creating vector for yes...[71.9 KB]
Allocating iteration vectors... [2 x 71.9 KB]
TOTAL: [1.9 GB]

Starting iterations...
Iteration 10: max relative diff=0.097570, 5.00 sec so far
Iteration 28: max relative diff=0.023161, 10.10 sec so far
Iteration 46: max relative diff=0.009828, 15.19 sec so far
Iteration 64: max relative diff=0.004909, 20.28 sec so far
Iteration 82: max relative diff=0.002624, 25.37 sec so far
Iteration 100: max relative diff=0.001455, 30.46 sec so far
Iteration 118: max relative diff=0.000821, 35.56 sec so far
Iteration 136: max relative diff=0.000468, 40.65 sec so far
Iteration 154: max relative diff=0.000268, 45.74 sec so far
Iteration 172: max relative diff=0.000154, 50.83 sec so far
Iteration 190: max relative diff=0.000089, 55.93 sec so far
Iteration 208: max relative diff=0.000051, 61.02 sec so far
Iteration 226: max relative diff=0.000030, 66.11 sec so far
Iteration 244: max relative diff=0.000017, 71.20 sec so far
Iteration 262: max relative diff=0.000010, 76.30 sec so far
Iteration 280: max relative diff=0.000006, 81.39 sec so far
Iteration 298: max relative diff=0.000003, 86.48 sec so far
Iteration 316: max relative diff=0.000002, 91.57 sec so far
Iteration 334: max relative diff=0.000001, 96.66 sec so far

Iterative method: 338 iterations in 97.79 seconds (average 0.289314, setup 19.04)

Value in the initial state: 0.1442579127518561

Time for model checking: 117.686 seconds.

Result: 0.1442579127518561 (value in the initial state)

Warning: CUDD reports 13777410 non-zero references.

