PRISM
=====

Version: 4.4.dev
Date: Sun May 20 11:59:51 IRDT 2018
Hostname: sadegh-H81M-S2PH
Memory limits: cudd=1g, java(heap)=2.1g
Command line: prism dns21.nm dns.pctl -s -modpoliter -maxiters 90050 -epsilon 1e-8 -javamaxmem 2400m

Parsing model file "dns21.nm"...

Parsing properties file "dns.pctl"...

1 property:
(1) Pmax=? [ "pp" U "qq" ]

Type:        MDP
Modules:     m1 m2 m3 
Variables:   s1 s2 s3 

---------------------------------------------------------------------

Model checking: Pmax=? [ "pp" U "qq" ]

Building model...

Computing reachable states...

Reachability (BFS): 3 iterations in 0.00 seconds (average 0.000667, setup 0.00)

Time for model construction: 4.538 seconds.

Type:        MDP
States:      8000 (1 initial)
Transitions: 110629696
Choices:     16000

Transition matrix: 6451364 nodes (410897 terminal), 110629696 minterms, vars: 15r/15c/2nd

Prob0A: 2 iterations in 0.00 seconds (average 0.000000, setup 0.00)

Prob1E: 4 iterations in 0.00 seconds (average 0.000250, setup 0.00)

yes = 10, no = 15, maybe = 7975

Computing remaining probabilities...
Engine: Sparse

Building sparse matrix (FOR POLICY ITERASION)... [n=8000, nc=15950, nnz=110275233, k=2] [1.2 GB]
Creating vector for yes...[62.5 KB]
Allocating iteration vectors... [2 x 62.5 KB]
TOTAL: [1.2 GB]

Starting iterations...
Iteration 101: max relative diff=0.205263, 5.66 sec so far
Iteration 202: max relative diff=0.017043, 11.46 sec so far
Iteration 303: max relative diff=0.006308, 17.28 sec so far
Iteration 404: max relative diff=0.003004, 23.11 sec so far
Iteration 505: max relative diff=0.001269, 28.91 sec so far
Iteration 606: max relative diff=0.000438, 34.72 sec so far
Iteration 707: max relative diff=0.000204, 40.52 sec so far
Iteration 808: max relative diff=0.000047, 46.35 sec so far
Iteration 909: max relative diff=0.000018, 52.16 sec so far
Iteration 1010: max relative diff=0.000005, 57.96 sec so far
Iteration 1111: max relative diff=0.000002, 64.07 sec so far
Iteration 1212: max relative diff=0.000002, 70.10 sec so far
Iteration 1313: max relative diff=0.000001, 75.94 sec so far
Iteration 1414: max relative diff=0.000000, 81.89 sec so far
Iteration 1515: max relative diff=0.000000, 87.71 sec so far
Iteration 1616: max relative diff=0.000000, 93.61 sec so far
Iteration 1717: max relative diff=0.000000, 99.45 sec so far
Iteration 1818: max relative diff=0.000000, 105.28 sec so far

Iterative method: 1831 iterations in 106.06 seconds (average 0.057927, setup 4.93)

Value in the initial state: 0.5683801614304576

Time for model checking: 111.243 seconds.

Result: 0.5683801614304576 (value in the initial state)

