PRISM
=====

Version: 4.4.dev
Date: Sun May 20 12:04:52 IRDT 2018
Hostname: sadegh-H81M-S2PH
Memory limits: cudd=1g, java(heap)=2.1g
Command line: prism dns21.nm dns.pctl -s -improvedmodpoliter -maxiters 90050 -epsilon 1e-8 -javamaxmem 2400m

Parsing model file "dns21.nm"...

Parsing properties file "dns.pctl"...

1 property:
(1) Pmax=? [ "pp" U "qq" ]

Type:        MDP
Modules:     m1 m2 m3 
Variables:   s1 s2 s3 

---------------------------------------------------------------------

Model checking: Pmax=? [ "pp" U "qq" ]

Building model...

Computing reachable states...

Reachability (BFS): 3 iterations in 0.00 seconds (average 0.000333, setup 0.00)

Time for model construction: 4.468 seconds.

Type:        MDP
States:      8000 (1 initial)
Transitions: 110629696
Choices:     16000

Transition matrix: 6451364 nodes (410897 terminal), 110629696 minterms, vars: 15r/15c/2nd

Prob0A: 2 iterations in 0.00 seconds (average 0.000500, setup 0.00)

Prob1E: 4 iterations in 0.00 seconds (average 0.000000, setup 0.00)

yes = 10, no = 15, maybe = 7975

Computing remaining probabilities...
Engine: Sparse

Building sparse matrix (FOR POLICY ITERASION)... [n=8000, nc=15950, nnz=110275233, k=2] [1.2 GB]
Creating vector for yes...[62.5 KB]
Allocating iteration vectors... [2 x 62.5 KB]
TOTAL: [1.2 GB]

Starting iterations...
Iteration 204: max relative diff=0.016802, 9.73 sec so far
Iteration 306: max relative diff=0.008628, 14.81 sec so far
Iteration 408: max relative diff=0.003508, 19.86 sec so far
Iteration 510: max relative diff=0.001359, 24.92 sec so far
Iteration 612: max relative diff=0.000391, 30.16 sec so far
Iteration 714: max relative diff=0.000290, 35.29 sec so far
Iteration 816: max relative diff=0.000062, 40.36 sec so far
Iteration 918: max relative diff=0.000041, 45.56 sec so far
Iteration 1020: max relative diff=0.000008, 50.73 sec so far
Iteration 1122: max relative diff=0.000003, 56.07 sec so far
Iteration 1224: max relative diff=0.000002, 61.25 sec so far
Iteration 1326: max relative diff=0.000001, 66.45 sec so far
Iteration 1428: max relative diff=0.000000, 71.78 sec so far
Iteration 1530: max relative diff=0.000000, 76.93 sec so far
Iteration 1632: max relative diff=0.000000, 82.16 sec so far
Iteration 1734: max relative diff=0.000000, 87.53 sec so far
Iteration 1836: max relative diff=0.000000, 92.67 sec so far
Iteration 1938: max relative diff=0.000000, 97.91 sec so far

Iterative method: 1938 iterations in 97.91 seconds (average 0.050523, setup 4.97)

Value in the initial state: 0.568380266932162

Time for model checking: 103.44 seconds.

Result: 0.568380266932162 (value in the initial state)

