PRISM
=====

Version: 4.4.dev
Date: Sun Jun 17 15:02:56 IRDT 2018
Hostname: sadegh-H81M-S2PH
Memory limits: cudd=1g, java(heap)=2.1g
Command line: prism dns58.nm dns.pctl -s -gs -maxiters 90050 -epsilon 1e-6 -javamaxmem 2400m

Parsing model file "dns58.nm"...

Parsing properties file "dns.pctl"...

1 property:
(1) Pmax=? [ "pp" U "qq" ]

Type:        MDP
Modules:     m1 m2 m3 
Variables:   s1 s2 s3 

---------------------------------------------------------------------

Model checking: Pmax=? [ "pp" U "qq" ]

Building model...

Computing reachable states...

Reachability (BFS): 2 iterations in 0.00 seconds (average 0.001000, setup 0.00)

Time for model construction: 18.622 seconds.

Type:        MDP
States:      6800 (1 initial)
Transitions: 195696504
Choices:     40800

Transition matrix: 15923475 nodes (382545 terminal), 195696504 minterms, vars: 15r/15c/6nd

Prob0A: 2 iterations in 0.00 seconds (average 0.002000, setup 0.00)

Prob1E: 4 iterations in 0.00 seconds (average 0.000500, setup 0.00)

yes = 10, no = 15, maybe = 6775

Computing remaining probabilities...
Engine: Sparse

Building sparse matrix(FOR GS)... [n=6800, nc=40650, nnz=195015296, k=6] [2.2 GB]
Creating vector for yes...[53.1 KB]
Allocating iteration vectors... [2 x 53.1 KB]
TOTAL: [2.2 GB]

Starting iterations...
Iteration 16: max relative diff=0.060171, 5.19 sec so far
Iteration 32: max relative diff=0.025624, 10.38 sec so far
Iteration 48: max relative diff=0.014884, 15.56 sec so far
Iteration 64: max relative diff=0.009796, 20.75 sec so far
Iteration 80: max relative diff=0.006900, 25.94 sec so far
Iteration 96: max relative diff=0.005081, 31.13 sec so far
Iteration 112: max relative diff=0.003866, 36.32 sec so far
Iteration 128: max relative diff=0.003015, 41.51 sec so far
Iteration 144: max relative diff=0.002399, 46.70 sec so far
Iteration 160: max relative diff=0.001943, 51.88 sec so far
Iteration 176: max relative diff=0.001596, 57.07 sec so far
Iteration 192: max relative diff=0.001327, 62.26 sec so far
Iteration 208: max relative diff=0.001114, 67.44 sec so far
Iteration 224: max relative diff=0.000943, 72.63 sec so far
Iteration 240: max relative diff=0.000804, 77.82 sec so far
Iteration 256: max relative diff=0.000690, 83.00 sec so far
Iteration 272: max relative diff=0.000595, 88.19 sec so far
Iteration 288: max relative diff=0.000516, 93.38 sec so far
Iteration 304: max relative diff=0.000449, 98.57 sec so far
Iteration 320: max relative diff=0.000393, 103.76 sec so far
Iteration 336: max relative diff=0.000344, 108.94 sec so far
Iteration 352: max relative diff=0.000303, 114.14 sec so far
Iteration 368: max relative diff=0.000267, 119.32 sec so far
Iteration 384: max relative diff=0.000236, 124.51 sec so far
Iteration 400: max relative diff=0.000209, 129.70 sec so far
Iteration 416: max relative diff=0.000186, 134.88 sec so far
Iteration 432: max relative diff=0.000165, 140.07 sec so far
Iteration 448: max relative diff=0.000147, 145.25 sec so far
Iteration 464: max relative diff=0.000131, 150.44 sec so far
Iteration 480: max relative diff=0.000117, 155.62 sec so far
Iteration 496: max relative diff=0.000104, 160.80 sec so far
Iteration 512: max relative diff=0.000093, 165.99 sec so far
Iteration 528: max relative diff=0.000083, 171.18 sec so far
Iteration 544: max relative diff=0.000075, 176.38 sec so far
Iteration 560: max relative diff=0.000067, 181.57 sec so far
Iteration 576: max relative diff=0.000060, 186.76 sec so far
Iteration 592: max relative diff=0.000054, 191.95 sec so far
Iteration 608: max relative diff=0.000048, 197.14 sec so far
Iteration 624: max relative diff=0.000043, 202.33 sec so far
Iteration 640: max relative diff=0.000039, 207.51 sec so far
Iteration 656: max relative diff=0.000035, 212.70 sec so far
Iteration 672: max relative diff=0.000031, 217.89 sec so far
Iteration 688: max relative diff=0.000028, 223.07 sec so far
Iteration 704: max relative diff=0.000025, 228.26 sec so far
Iteration 720: max relative diff=0.000023, 233.45 sec so far
Iteration 736: max relative diff=0.000020, 238.63 sec so far
Iteration 752: max relative diff=0.000018, 243.82 sec so far
Iteration 768: max relative diff=0.000017, 249.00 sec so far
Iteration 784: max relative diff=0.000015, 254.19 sec so far
Iteration 800: max relative diff=0.000013, 259.38 sec so far
Iteration 816: max relative diff=0.000012, 264.56 sec so far
Iteration 832: max relative diff=0.000011, 269.75 sec so far
Iteration 848: max relative diff=0.000010, 274.93 sec so far
Iteration 864: max relative diff=0.000009, 280.12 sec so far
Iteration 880: max relative diff=0.000008, 285.30 sec so far
Iteration 896: max relative diff=0.000007, 290.49 sec so far
Iteration 912: max relative diff=0.000006, 295.68 sec so far
Iteration 928: max relative diff=0.000006, 300.87 sec so far
Iteration 944: max relative diff=0.000005, 306.05 sec so far
Iteration 960: max relative diff=0.000005, 311.23 sec so far
Iteration 976: max relative diff=0.000004, 316.42 sec so far
Iteration 992: max relative diff=0.000004, 321.61 sec so far
Iteration 1008: max relative diff=0.000003, 326.80 sec so far
Iteration 1024: max relative diff=0.000003, 331.98 sec so far
Iteration 1040: max relative diff=0.000003, 337.17 sec so far
Iteration 1056: max relative diff=0.000002, 342.35 sec so far
Iteration 1072: max relative diff=0.000002, 347.54 sec so far
Iteration 1088: max relative diff=0.000002, 352.72 sec so far
Iteration 1104: max relative diff=0.000002, 357.91 sec so far
Iteration 1120: max relative diff=0.000002, 363.10 sec so far
Iteration 1136: max relative diff=0.000001, 368.29 sec so far
Iteration 1152: max relative diff=0.000001, 373.48 sec so far
Iteration 1168: max relative diff=0.000001, 378.66 sec so far
Iteration 1184: max relative diff=0.000001, 383.85 sec so far

Iterative method: 1196 iterations in 387.74 seconds (average 0.324195, setup 20.76)

Value in the initial state: 0.5693323954110749

Time for model checking: 409.423 seconds.

Result: 0.5693323954110749 (value in the initial state)

