PRISM
=====

Version: 4.4.dev
Date: Sun May 20 22:38:43 IRDT 2018
Hostname: sadegh-H81M-S2PH
Memory limits: cudd=1g, java(heap)=2.1g
Command line: prism dns110.nm dns.pctl -s -improvedmodpoliter -maxiters 90050 -epsilon 1e-8 -javamaxmem 2400m

Parsing model file "dns110.nm"...

Parsing properties file "dns.pctl"...

1 property:
(1) Pmax=? [ "pp" U "qq" ]

Type:        MDP
Modules:     m1 m2 m3 
Variables:   s1 s2 s3 

---------------------------------------------------------------------

Model checking: Pmax=? [ "pp" U "qq" ]

Building model...

Computing reachable states...

Reachability (BFS): 3 iterations in 0.01 seconds (average 0.002000, setup 0.00)

Time for model construction: 17.226 seconds.

Type:        MDP
States:      8000 (1 initial)
Transitions: 128056042
Choices:     40000

Transition matrix: 19188487 nodes (672649 terminal), 128056042 minterms, vars: 15r/15c/5nd

Prob0A: 2 iterations in 0.00 seconds (average 0.001000, setup 0.00)

Prob1E: 4 iterations in 0.00 seconds (average 0.000500, setup 0.00)

yes = 10, no = 28, maybe = 7962

Computing remaining probabilities...
Engine: Sparse

Building sparse matrix (FOR POLICY ITERASION)... [n=8000, nc=39810, nnz=127406289, k=5] [1.4 GB]
Creating vector for yes...[62.5 KB]
Allocating iteration vectors... [2 x 62.5 KB]
TOTAL: [1.4 GB]

Starting iterations...
Iteration 306: max relative diff=0.008790, 6.78 sec so far
Iteration 612: max relative diff=0.000723, 13.62 sec so far
Iteration 918: max relative diff=0.000049, 20.50 sec so far
Iteration 1224: max relative diff=0.000003, 27.39 sec so far
Iteration 1530: max relative diff=0.000000, 34.28 sec so far
Iteration 1836: max relative diff=0.000000, 41.17 sec so far
Iteration 2142: max relative diff=0.000000, 48.07 sec so far

Iterative method: 2190 iterations in 49.28 seconds (average 0.022503, setup 9.78)

Value in the initial state: 0.5827991976035007

Time for model checking: 59.609 seconds.

Result: 0.5827991976035007 (value in the initial state)

