PRISM
=====

Version: 4.4.dev
Date: Sun Jun 17 18:00:46 IRDT 2018
Hostname: sadegh-H81M-S2PH
Memory limits: cudd=1g, java(heap)=2.1g
Command line: prism dns67.nm dns.pctl -s -backwardvaliter -maxiters 90050 -epsilon 1e-6 -javamaxmem 2400m

Parsing model file "dns67.nm"...

Parsing properties file "dns.pctl"...

1 property:
(1) Pmax=? [ "pp" U "qq" ]

Type:        MDP
Modules:     m1 m2 m3 
Variables:   s1 s2 s3 

---------------------------------------------------------------------

Model checking: Pmax=? [ "pp" U "qq" ]

Building model...

Computing reachable states...

Reachability (BFS): 3 iterations in 0.00 seconds (average 0.000667, setup 0.00)

Time for model construction: 11.168 seconds.

Type:        MDP
States:      9200 (1 initial)
Transitions: 103178757
Choices:     18400

Transition matrix: 10098360 nodes (342384 terminal), 103178757 minterms, vars: 15r/15c/2nd

Prob0A: 2 iterations in 0.01 seconds (average 0.002500, setup 0.00)

Prob1E: 4 iterations in 0.00 seconds (average 0.000500, setup 0.00)

yes = 10, no = 55, maybe = 9135

Computing remaining probabilities...
Engine: Sparse

Building sparse matrix(FOR GS)... [n=9200, nc=18270, nnz=102433971, k=2] [1.1 GB]
Creating vector for yes...[71.9 KB]
Allocating iteration vectors... [2 x 71.9 KB]
TOTAL: [1.1 GB]

Starting iterations...
Iteration 23: max relative diff=0.037863, 5.04 sec so far
Iteration 53: max relative diff=0.012065, 10.16 sec so far
Iteration 83: max relative diff=0.005801, 15.29 sec so far
Iteration 113: max relative diff=0.003200, 20.41 sec so far
Iteration 143: max relative diff=0.001883, 25.54 sec so far
Iteration 173: max relative diff=0.001147, 30.66 sec so far
Iteration 203: max relative diff=0.000714, 35.78 sec so far
Iteration 233: max relative diff=0.000449, 40.89 sec so far
Iteration 263: max relative diff=0.000285, 46.01 sec so far
Iteration 293: max relative diff=0.000182, 51.13 sec so far
Iteration 323: max relative diff=0.000116, 56.25 sec so far
Iteration 353: max relative diff=0.000074, 61.36 sec so far
Iteration 383: max relative diff=0.000048, 66.47 sec so far
Iteration 413: max relative diff=0.000031, 71.59 sec so far
Iteration 443: max relative diff=0.000020, 76.71 sec so far
Iteration 473: max relative diff=0.000013, 81.83 sec so far
Iteration 503: max relative diff=0.000008, 86.96 sec so far
Iteration 533: max relative diff=0.000005, 92.08 sec so far
Iteration 563: max relative diff=0.000003, 97.20 sec so far
Iteration 593: max relative diff=0.000002, 102.32 sec so far
Iteration 623: max relative diff=0.000001, 107.44 sec so far

Iterative method: 646 iterations in 111.37 seconds (average 0.172406, setup 10.27)

Value in the initial state: 0.22998418544204793

Time for model checking: 122.177 seconds.

Result: 0.22998418544204793 (value in the initial state)

Warning: CUDD reports 10659863 non-zero references.

