PRISM
=====

Version: 4.4.dev
Date: Sat Jun 16 19:55:56 IRDT 2018
Hostname: sadegh-H81M-S2PH
Memory limits: cudd=1g, java(heap)=2.1g
Command line: prism dns21.nm dns.pctl -s -gs -maxiters 90050 -epsilon 1e-6 -javamaxmem 2400m

Parsing model file "dns21.nm"...

Parsing properties file "dns.pctl"...

1 property:
(1) Pmax=? [ "pp" U "qq" ]

Type:        MDP
Modules:     m1 m2 m3 
Variables:   s1 s2 s3 

---------------------------------------------------------------------

Model checking: Pmax=? [ "pp" U "qq" ]

Building model...

Computing reachable states...

Reachability (BFS): 3 iterations in 0.00 seconds (average 0.000667, setup 0.00)

Time for model construction: 6.172 seconds.

Type:        MDP
States:      8000 (1 initial)
Transitions: 110629696
Choices:     16000

Transition matrix: 6451364 nodes (410897 terminal), 110629696 minterms, vars: 15r/15c/2nd

Prob0A: 2 iterations in 0.00 seconds (average 0.001000, setup 0.00)

Prob1E: 4 iterations in 0.00 seconds (average 0.000000, setup 0.00)

yes = 10, no = 15, maybe = 7975

Computing remaining probabilities...
Engine: Sparse

Building sparse matrix(FOR GS)... [n=8000, nc=15950, nnz=110275233, k=2] [1.2 GB]
Creating vector for yes...[62.5 KB]
Allocating iteration vectors... [2 x 62.5 KB]
TOTAL: [1.2 GB]

Starting iterations...
Iteration 28: max relative diff=0.031311, 5.12 sec so far
Iteration 56: max relative diff=0.012793, 10.24 sec so far
Iteration 84: max relative diff=0.007134, 15.37 sec so far
Iteration 112: max relative diff=0.004515, 20.49 sec so far
Iteration 140: max relative diff=0.003074, 25.61 sec so far
Iteration 168: max relative diff=0.002186, 30.71 sec so far
Iteration 196: max relative diff=0.001603, 35.83 sec so far
Iteration 224: max relative diff=0.001203, 40.95 sec so far
Iteration 252: max relative diff=0.000918, 46.06 sec so far
Iteration 280: max relative diff=0.000710, 51.19 sec so far
Iteration 308: max relative diff=0.000555, 56.31 sec so far
Iteration 336: max relative diff=0.000437, 61.43 sec so far
Iteration 364: max relative diff=0.000346, 66.55 sec so far
Iteration 392: max relative diff=0.000276, 71.70 sec so far
Iteration 420: max relative diff=0.000220, 76.85 sec so far
Iteration 448: max relative diff=0.000176, 82.01 sec so far
Iteration 476: max relative diff=0.000142, 87.16 sec so far
Iteration 504: max relative diff=0.000114, 92.32 sec so far
Iteration 531: max relative diff=0.000093, 97.32 sec so far
Iteration 558: max relative diff=0.000075, 102.46 sec so far
Iteration 585: max relative diff=0.000061, 107.51 sec so far
Iteration 611: max relative diff=0.000050, 112.70 sec so far
Iteration 637: max relative diff=0.000041, 117.86 sec so far
Iteration 663: max relative diff=0.000034, 122.97 sec so far
Iteration 689: max relative diff=0.000028, 128.15 sec so far
Iteration 715: max relative diff=0.000023, 133.34 sec so far
Iteration 743: max relative diff=0.000019, 138.52 sec so far
Iteration 771: max relative diff=0.000015, 143.66 sec so far
Iteration 799: max relative diff=0.000012, 148.81 sec so far
Iteration 827: max relative diff=0.000010, 153.95 sec so far
Iteration 855: max relative diff=0.000008, 159.10 sec so far
Iteration 883: max relative diff=0.000007, 164.25 sec so far
Iteration 911: max relative diff=0.000005, 169.39 sec so far
Iteration 939: max relative diff=0.000004, 174.53 sec so far
Iteration 967: max relative diff=0.000003, 179.68 sec so far
Iteration 995: max relative diff=0.000003, 184.82 sec so far
Iteration 1023: max relative diff=0.000002, 189.97 sec so far
Iteration 1051: max relative diff=0.000002, 195.12 sec so far
Iteration 1079: max relative diff=0.000002, 200.26 sec so far
Iteration 1107: max relative diff=0.000001, 205.41 sec so far

Iterative method: 1134 iterations in 210.37 seconds (average 0.185509, setup 8.08)

Value in the initial state: 0.5683060387579102

Time for model checking: 218.97 seconds.

Result: 0.5683060387579102 (value in the initial state)

