PRISM
=====

Version: 4.4.dev
Date: Mon Jun 18 08:05:21 IRDT 2018
Hostname: sadegh-H81M-S2PH
Memory limits: cudd=1g, java(heap)=2.1g
Command line: prism dns118.nm dns.pctl -s -backwardvaliter -maxiters 90050 -epsilon 1e-6 -javamaxmem 2400m

Parsing model file "dns118.nm"...

Parsing properties file "dns.pctl"...

1 property:
(1) Pmax=? [ "pp" U "qq" ]

Type:        MDP
Modules:     m1 m2 m3 
Variables:   s1 s2 s3 

---------------------------------------------------------------------

Model checking: Pmax=? [ "pp" U "qq" ]

Building model...

Computing reachable states...

Reachability (BFS): 3 iterations in 0.01 seconds (average 0.002000, setup 0.00)

Time for model construction: 10.252 seconds.

Type:        MDP
States:      8400 (1 initial)
Transitions: 56476140
Choices:     16800

Transition matrix: 9459588 nodes (360188 terminal), 56476140 minterms, vars: 15r/15c/2nd

Prob0A: 3 iterations in 0.01 seconds (average 0.002333, setup 0.00)

Prob1E: 4 iterations in 0.00 seconds (average 0.000750, setup 0.00)

yes = 10, no = 120, maybe = 8270

Computing remaining probabilities...
Engine: Sparse

Building sparse matrix(FOR GS)... [n=8400, nc=16540, nnz=55584442, k=2] [636.2 MB]
Creating vector for yes...[65.6 KB]
Allocating iteration vectors... [2 x 65.6 KB]
TOTAL: [636.4 MB]

Starting iterations...
Iteration 48: max relative diff=0.010055, 5.01 sec so far
Iteration 102: max relative diff=0.001727, 10.04 sec so far
Iteration 156: max relative diff=0.000369, 15.07 sec so far
Iteration 210: max relative diff=0.000082, 20.09 sec so far
Iteration 264: max relative diff=0.000018, 25.11 sec so far
Iteration 318: max relative diff=0.000004, 30.14 sec so far

Iterative method: 370 iterations in 34.98 seconds (average 0.094541, setup 8.96)

Value in the initial state: 0.12534110373359517

Time for model checking: 44.307 seconds.

Result: 0.12534110373359517 (value in the initial state)

Warning: CUDD reports 10374212 non-zero references.

