PRISM
=====

Version: 4.4.dev
Date: Tue Jun 19 11:14:02 IRDT 2018
Hostname: sadegh-H81M-S2PH
Memory limits: cudd=1g, java(heap)=2.1g
Command line: prism dns151.nm dns.pctl -s -gs -maxiters 90050 -epsilon 1e-6 -javamaxmem 2400m

Parsing model file "dns151.nm"...

Parsing properties file "dns.pctl"...

1 property:
(1) Pmax=? [ "pp" U "qq" ]

Type:        MDP
Modules:     m1 m2 m3 
Variables:   s1 s2 s3 

---------------------------------------------------------------------

Model checking: Pmax=? [ "pp" U "qq" ]

Building model...

Computing reachable states...

Reachability (BFS): 3 iterations in 0.02 seconds (average 0.007000, setup 0.00)

Time for model construction: 24.201 seconds.

Type:        MDP
States:      9200 (1 initial)
Transitions: 70132550
Choices:     36800

Transition matrix: 20812975 nodes (604660 terminal), 70132550 minterms, vars: 15r/15c/4nd

Prob0A: 2 iterations in 0.01 seconds (average 0.004000, setup 0.00)

Prob1E: 4 iterations in 0.01 seconds (average 0.001250, setup 0.00)

yes = 10, no = 120, maybe = 9070

Computing remaining probabilities...
Engine: Sparse

Building sparse matrix(FOR GS)... [n=9200, nc=36280, nnz=69185050, k=4] [791.9 MB]
Creating vector for yes...[71.9 KB]
Allocating iteration vectors... [2 x 71.9 KB]
TOTAL: [792.1 MB]

Starting iterations...
Iteration 44: max relative diff=0.008868, 5.10 sec so far
Iteration 88: max relative diff=0.001584, 10.20 sec so far
Iteration 132: max relative diff=0.000352, 15.30 sec so far
Iteration 176: max relative diff=0.000082, 20.40 sec so far
Iteration 220: max relative diff=0.000019, 25.50 sec so far
Iteration 264: max relative diff=0.000005, 30.61 sec so far
Iteration 308: max relative diff=0.000001, 35.71 sec so far

Iterative method: 311 iterations in 36.06 seconds (average 0.115939, setup 12.43)

Value in the initial state: 0.2873529014919997

Time for model checking: 48.918 seconds.

Result: 0.2873529014919997 (value in the initial state)

