PRISM
=====

Version: 4.4.dev
Date: Sun May 20 23:24:04 IRDT 2018
Hostname: sadegh-H81M-S2PH
Memory limits: cudd=1g, java(heap)=2.1g
Command line: prism dns121.nm dns.pctl -s -explicitmodpoliter -maxiters 90050 -epsilon 1e-8 -javamaxmem 2400m

Parsing model file "dns121.nm"...

Parsing properties file "dns.pctl"...

1 property:
(1) Pmax=? [ "pp" U "qq" ]

Type:        MDP
Modules:     m1 m2 m3 
Variables:   s1 s2 s3 

---------------------------------------------------------------------

Model checking: Pmax=? [ "pp" U "qq" ]

Building model...

Computing reachable states...

Reachability (BFS): 3 iterations in 0.00 seconds (average 0.001000, setup 0.00)

Time for model construction: 11.402 seconds.

Type:        MDP
States:      10000 (1 initial)
Transitions: 91585208
Choices:     30000

Transition matrix: 15047611 nodes (456141 terminal), 91585208 minterms, vars: 15r/15c/3nd

Prob0A: 3 iterations in 0.00 seconds (average 0.001000, setup 0.00)

Prob1E: 4 iterations in 0.00 seconds (average 0.000250, setup 0.00)

yes = 10, no = 15, maybe = 9975

Computing remaining probabilities...
Engine: Sparse

Building sparse matrix (FOR POLICY ITERASION)... [n=10000, nc=29925, nnz=91367415, k=3] [1.0 GB]
Creating vector for yes...[78.1 KB]
Allocating iteration vectors... [2 x 78.1 KB]
TOTAL: [1.0 GB]

Starting iterations...
Iteration 202: max relative diff=0.023232, 5.79 sec so far
Iteration 404: max relative diff=0.006932, 11.54 sec so far
Iteration 606: max relative diff=0.001797, 17.29 sec so far
Iteration 808: max relative diff=0.000536, 23.03 sec so far
Iteration 1010: max relative diff=0.000315, 28.77 sec so far
Iteration 1212: max relative diff=0.000113, 34.49 sec so far
Iteration 1414: max relative diff=0.000080, 40.21 sec so far
Iteration 1616: max relative diff=0.000038, 45.93 sec so far
Iteration 1818: max relative diff=0.000013, 51.65 sec so far
Iteration 2020: max relative diff=0.000013, 57.37 sec so far
Iteration 2222: max relative diff=0.000006, 63.09 sec so far
Iteration 2424: max relative diff=0.000003, 69.09 sec so far
Iteration 2626: max relative diff=0.000002, 75.06 sec so far
Iteration 2828: max relative diff=0.000001, 80.91 sec so far
Iteration 3030: max relative diff=0.000001, 86.80 sec so far
Iteration 3232: max relative diff=0.000000, 92.80 sec so far
Iteration 3434: max relative diff=0.000000, 98.76 sec so far
Iteration 3636: max relative diff=0.000000, 104.61 sec so far
Iteration 3838: max relative diff=0.000000, 110.53 sec so far
Iteration 4040: max relative diff=0.000000, 116.53 sec so far
Iteration 4242: max relative diff=0.000000, 122.46 sec so far
Iteration 4444: max relative diff=0.000000, 128.26 sec so far
Iteration 4646: max relative diff=0.000000, 133.98 sec so far

Iterative method: 4743 iterations in 136.82 seconds (average 0.028847, setup 7.44)

Value in the initial state: 0.687697688639412

Time for model checking: 144.548 seconds.

Result: 0.687697688639412 (value in the initial state)

