PRISM
=====

Version: 4.4.dev
Date: Sun May 20 14:44:06 IRDT 2018
Hostname: sadegh-H81M-S2PH
Memory limits: cudd=1g, java(heap)=2.1g
Command line: prism dns48.nm dns.pctl -s -explicitmodpoliter -maxiters 90050 -epsilon 1e-8 -javamaxmem 2400m

Parsing model file "dns48.nm"...

Parsing properties file "dns.pctl"...

1 property:
(1) Pmax=? [ "pp" U "qq" ]

Type:        MDP
Modules:     m1 m2 m3 
Variables:   s1 s2 s3 

---------------------------------------------------------------------

Model checking: Pmax=? [ "pp" U "qq" ]

Building model...

Computing reachable states...

Reachability (BFS): 3 iterations in 0.00 seconds (average 0.000667, setup 0.00)

Time for model construction: 16.953 seconds.

Type:        MDP
States:      8400 (1 initial)
Transitions: 250908948
Choices:     42000

Transition matrix: 19784904 nodes (432863 terminal), 250908948 minterms, vars: 15r/15c/5nd

Prob0A: 2 iterations in 0.02 seconds (average 0.009000, setup 0.00)

Prob1E: 4 iterations in 0.00 seconds (average 0.001000, setup 0.00)

yes = 10, no = 105, maybe = 8285

Computing remaining probabilities...
Engine: Sparse

Building sparse matrix (FOR POLICY ITERASION)... [n=8400, nc=41425, nnz=247434551, k=5] [2.8 GB]
Creating vector for yes...[65.6 KB]
Allocating iteration vectors... [2 x 65.6 KB]
TOTAL: [2.8 GB]

Starting iterations...
Iteration 202: max relative diff=0.016992, 9.48 sec so far
Iteration 404: max relative diff=0.000071, 18.84 sec so far
Iteration 606: max relative diff=0.000000, 28.19 sec so far

Iterative method: 618 iterations in 28.98 seconds (average 0.046887, setup 19.29)

Value in the initial state: 0.23046355491739037

Time for model checking: 49.225 seconds.

Result: 0.23046355491739037 (value in the initial state)

