PRISM
=====

Version: 4.4.dev
Date: Mon Jun 18 12:54:45 IRDT 2018
Hostname: sadegh-H81M-S2PH
Memory limits: cudd=1g, java(heap)=2.1g
Command line: prism dns138.nm dns.pctl -s -gs -maxiters 90050 -epsilon 1e-6 -javamaxmem 2400m

Parsing model file "dns138.nm"...

Parsing properties file "dns.pctl"...

1 property:
(1) Pmax=? [ "pp" U "qq" ]

Type:        MDP
Modules:     m1 m2 m3 
Variables:   s1 s2 s3 

---------------------------------------------------------------------

Model checking: Pmax=? [ "pp" U "qq" ]

Building model...

Computing reachable states...

Reachability (BFS): 3 iterations in 0.00 seconds (average 0.000667, setup 0.00)

Time for model construction: 4.942 seconds.

Type:        MDP
States:      6400 (1 initial)
Transitions: 25937726
Choices:     12800

Transition matrix: 4982151 nodes (363742 terminal), 25937726 minterms, vars: 14r/14c/2nd

Prob0A: 3 iterations in 0.00 seconds (average 0.000667, setup 0.00)

Prob1E: 4 iterations in 0.00 seconds (average 0.000250, setup 0.00)

yes = 10, no = 28, maybe = 6362

Computing remaining probabilities...
Engine: Sparse

Building sparse matrix(FOR GS)... [n=6400, nc=12724, nnz=25776611, k=2] [295.1 MB]
Creating vector for yes...[50.0 KB]
Allocating iteration vectors... [2 x 50.0 KB]
TOTAL: [295.2 MB]

Starting iterations...
Iteration 116: max relative diff=0.004129, 5.01 sec so far
Iteration 233: max relative diff=0.000999, 10.05 sec so far
Iteration 349: max relative diff=0.000321, 15.07 sec so far
Iteration 465: max relative diff=0.000111, 20.08 sec so far
Iteration 581: max relative diff=0.000039, 25.09 sec so far
Iteration 697: max relative diff=0.000014, 30.10 sec so far
Iteration 813: max relative diff=0.000005, 35.10 sec so far
Iteration 929: max relative diff=0.000002, 40.12 sec so far

Iterative method: 996 iterations in 43.01 seconds (average 0.043183, setup 3.10)

Value in the initial state: 0.321428703338509

Time for model checking: 46.235 seconds.

Result: 0.321428703338509 (value in the initial state)

