PRISM
=====

Version: 4.4.dev
Date: Mon Jun 18 00:24:58 IRDT 2018
Hostname: sadegh-H81M-S2PH
Memory limits: cudd=1g, java(heap)=2.1g
Command line: prism dns89.nm dns.pctl -s -gs -maxiters 90050 -epsilon 1e-6 -javamaxmem 2400m

Parsing model file "dns89.nm"...

Parsing properties file "dns.pctl"...

1 property:
(1) Pmax=? [ "pp" U "qq" ]

Type:        MDP
Modules:     m1 m2 m3 
Variables:   s1 s2 s3 

---------------------------------------------------------------------

Model checking: Pmax=? [ "pp" U "qq" ]

Building model...

Computing reachable states...

Reachability (BFS): 3 iterations in 0.00 seconds (average 0.001333, setup 0.00)

Time for model construction: 14.194 seconds.

Type:        MDP
States:      6400 (1 initial)
Transitions: 121114971
Choices:     38400

Transition matrix: 14521556 nodes (733273 terminal), 121114971 minterms, vars: 14r/14c/6nd

Prob0A: 2 iterations in 0.00 seconds (average 0.002000, setup 0.00)

Prob1E: 4 iterations in 0.00 seconds (average 0.000750, setup 0.00)

yes = 10, no = 28, maybe = 6362

Computing remaining probabilities...
Engine: Sparse

Building sparse matrix(FOR GS)... [n=6400, nc=38172, nnz=120392789, k=6] [1.3 GB]
Creating vector for yes...[50.0 KB]
Allocating iteration vectors... [2 x 50.0 KB]
TOTAL: [1.3 GB]

Starting iterations...
Iteration 25: max relative diff=0.027104, 5.01 sec so far
Iteration 50: max relative diff=0.008719, 10.01 sec so far
Iteration 75: max relative diff=0.004077, 15.02 sec so far
Iteration 100: max relative diff=0.002282, 20.03 sec so far
Iteration 125: max relative diff=0.001409, 25.04 sec so far
Iteration 150: max relative diff=0.000930, 30.05 sec so far
Iteration 175: max relative diff=0.000639, 35.05 sec so far
Iteration 200: max relative diff=0.000451, 40.06 sec so far
Iteration 225: max relative diff=0.000324, 45.06 sec so far
Iteration 250: max relative diff=0.000236, 50.08 sec so far
Iteration 275: max relative diff=0.000174, 55.09 sec so far
Iteration 300: max relative diff=0.000129, 60.09 sec so far
Iteration 325: max relative diff=0.000097, 65.09 sec so far
Iteration 350: max relative diff=0.000073, 70.10 sec so far
Iteration 375: max relative diff=0.000055, 75.11 sec so far
Iteration 400: max relative diff=0.000041, 80.12 sec so far
Iteration 425: max relative diff=0.000031, 85.13 sec so far
Iteration 450: max relative diff=0.000024, 90.14 sec so far
Iteration 475: max relative diff=0.000018, 95.15 sec so far
Iteration 500: max relative diff=0.000014, 100.16 sec so far
Iteration 525: max relative diff=0.000010, 105.17 sec so far
Iteration 550: max relative diff=0.000008, 110.18 sec so far
Iteration 575: max relative diff=0.000006, 115.19 sec so far
Iteration 600: max relative diff=0.000005, 120.20 sec so far
Iteration 625: max relative diff=0.000003, 125.21 sec so far
Iteration 650: max relative diff=0.000003, 130.22 sec so far
Iteration 675: max relative diff=0.000002, 135.23 sec so far
Iteration 700: max relative diff=0.000002, 140.24 sec so far
Iteration 725: max relative diff=0.000001, 145.25 sec so far

Iterative method: 738 iterations in 147.86 seconds (average 0.200352, setup 12.82)

Value in the initial state: 0.5968399315371842

Time for model checking: 161.279 seconds.

Result: 0.5968399315371842 (value in the initial state)

