PRISM
=====

Version: 4.4.dev
Date: Tue Jun 19 10:56:11 IRDT 2018
Hostname: sadegh-H81M-S2PH
Memory limits: cudd=1g, java(heap)=2.1g
Command line: prism dns148.nm dns.pctl -s -backwardvaliter -maxiters 90050 -epsilon 1e-6 -javamaxmem 2400m

Parsing model file "dns148.nm"...

Parsing properties file "dns.pctl"...

1 property:
(1) Pmax=? [ "pp" U "qq" ]

Type:        MDP
Modules:     m1 m2 m3 
Variables:   s1 s2 s3 

---------------------------------------------------------------------

Model checking: Pmax=? [ "pp" U "qq" ]

Building model...

Computing reachable states...

Reachability (BFS): 3 iterations in 0.01 seconds (average 0.004667, setup 0.00)

Time for model construction: 20.04 seconds.

Type:        MDP
States:      8400 (1 initial)
Transitions: 59792239
Choices:     33600

Transition matrix: 17958262 nodes (705889 terminal), 59792239 minterms, vars: 15r/15c/4nd

Prob0A: 3 iterations in 0.01 seconds (average 0.002333, setup 0.00)

Prob1E: 4 iterations in 0.00 seconds (average 0.000750, setup 0.00)

yes = 10, no = 36, maybe = 8354

Computing remaining probabilities...
Engine: Sparse

Building sparse matrix(FOR GS)... [n=8400, nc=33416, nnz=59476190, k=4] [680.8 MB]
Creating vector for yes...[65.6 KB]
Allocating iteration vectors... [2 x 65.6 KB]
TOTAL: [681.0 MB]

Starting iterations...
Iteration 47: max relative diff=0.012568, 5.04 sec so far
Iteration 98: max relative diff=0.003530, 10.13 sec so far
Iteration 149: max relative diff=0.001546, 15.23 sec so far
Iteration 199: max relative diff=0.000834, 20.23 sec so far
Iteration 250: max relative diff=0.000493, 25.33 sec so far
Iteration 301: max relative diff=0.000310, 30.43 sec so far
Iteration 352: max relative diff=0.000202, 35.53 sec so far
Iteration 402: max relative diff=0.000135, 40.53 sec so far
Iteration 452: max relative diff=0.000092, 45.54 sec so far
Iteration 503: max relative diff=0.000063, 50.63 sec so far
Iteration 554: max relative diff=0.000043, 55.73 sec so far
Iteration 605: max relative diff=0.000030, 60.83 sec so far
Iteration 656: max relative diff=0.000021, 65.93 sec so far
Iteration 707: max relative diff=0.000015, 71.02 sec so far
Iteration 758: max relative diff=0.000010, 76.12 sec so far
Iteration 809: max relative diff=0.000007, 81.22 sec so far
Iteration 860: max relative diff=0.000005, 86.32 sec so far
Iteration 911: max relative diff=0.000003, 91.42 sec so far
Iteration 961: max relative diff=0.000002, 96.42 sec so far
Iteration 1012: max relative diff=0.000002, 101.52 sec so far
Iteration 1063: max relative diff=0.000001, 106.61 sec so far

Iterative method: 1086 iterations in 108.91 seconds (average 0.100289, setup 10.37)

Value in the initial state: 0.6018475828333221

Time for model checking: 119.533 seconds.

Result: 0.6018475828333221 (value in the initial state)

Warning: CUDD reports 18195030 non-zero references.

