PRISM
=====

Version: 4.4.dev
Date: Sun May 20 20:11:27 IRDT 2018
Hostname: sadegh-H81M-S2PH
Memory limits: cudd=1g, java(heap)=2.1g
Command line: prism dns90.nm dns.pctl -s -explicitmodpoliter -maxiters 90050 -epsilon 1e-8 -javamaxmem 2400m

Parsing model file "dns90.nm"...

Parsing properties file "dns.pctl"...

1 property:
(1) Pmax=? [ "pp" U "qq" ]

Type:        MDP
Modules:     m1 m2 m3 
Variables:   s1 s2 s3 

---------------------------------------------------------------------

Model checking: Pmax=? [ "pp" U "qq" ]

Building model...

Computing reachable states...

Reachability (BFS): 3 iterations in 0.00 seconds (average 0.000333, setup 0.00)

Time for model construction: 9.225 seconds.

Type:        MDP
States:      10000 (1 initial)
Transitions: 98226150
Choices:     20000

Transition matrix: 11828312 nodes (327617 terminal), 98226150 minterms, vars: 15r/15c/2nd

Prob0A: 3 iterations in 0.00 seconds (average 0.001333, setup 0.00)

Prob1E: 4 iterations in 0.00 seconds (average 0.000250, setup 0.00)

yes = 10, no = 91, maybe = 9899

Computing remaining probabilities...
Engine: Sparse

Building sparse matrix (FOR POLICY ITERASION)... [n=10000, nc=19798, nnz=97231646, k=2] [1.1 GB]
Creating vector for yes...[78.1 KB]
Allocating iteration vectors... [2 x 78.1 KB]
TOTAL: [1.1 GB]

Starting iterations...
Iteration 202: max relative diff=0.011739, 8.80 sec so far
Iteration 404: max relative diff=0.000099, 17.72 sec so far
Iteration 606: max relative diff=0.000000, 26.64 sec so far
Iteration 737: max relative diff=0.000000, 32.51 sec so far

Iterative method: 737 iterations in 32.51 seconds (average 0.044114, setup 7.64)

Value in the initial state: 0.16827160894125676

Time for model checking: 40.587 seconds.

Result: 0.16827160894125676 (value in the initial state)

