PRISM
=====

Version: 4.4.dev
Date: Sun Jun 17 01:18:30 IRDT 2018
Hostname: sadegh-H81M-S2PH
Memory limits: cudd=1g, java(heap)=2.1g
Command line: prism dns38.nm dns.pctl -s -gs -maxiters 90050 -epsilon 1e-6 -javamaxmem 2400m

Parsing model file "dns38.nm"...

Parsing properties file "dns.pctl"...

1 property:
(1) Pmax=? [ "pp" U "qq" ]

Type:        MDP
Modules:     m1 m2 m3 
Variables:   s1 s2 s3 

---------------------------------------------------------------------

Model checking: Pmax=? [ "pp" U "qq" ]

Building model...

Computing reachable states...

Reachability (BFS): 3 iterations in 0.00 seconds (average 0.000333, setup 0.00)

Time for model construction: 5.486 seconds.

Type:        MDP
States:      7200 (1 initial)
Transitions: 83137616
Choices:     14400

Transition matrix: 5094857 nodes (214744 terminal), 83137616 minterms, vars: 15r/15c/2nd

Prob0A: 2 iterations in 0.01 seconds (average 0.003500, setup 0.00)

Prob1E: 4 iterations in 0.00 seconds (average 0.000250, setup 0.00)

yes = 10, no = 66, maybe = 7124

Computing remaining probabilities...
Engine: Sparse

Building sparse matrix(FOR GS)... [n=7200, nc=14248, nnz=82255057, k=2] [941.4 MB]
Creating vector for yes...[56.2 KB]
Allocating iteration vectors... [2 x 56.2 KB]
TOTAL: [941.6 MB]

Starting iterations...
Iteration 37: max relative diff=0.018659, 5.07 sec so far
Iteration 74: max relative diff=0.005874, 10.13 sec so far
Iteration 111: max relative diff=0.002442, 15.20 sec so far
Iteration 148: max relative diff=0.001115, 20.27 sec so far
Iteration 185: max relative diff=0.000530, 25.33 sec so far
Iteration 222: max relative diff=0.000257, 30.40 sec so far
Iteration 259: max relative diff=0.000125, 35.46 sec so far
Iteration 296: max relative diff=0.000062, 40.52 sec so far
Iteration 333: max relative diff=0.000030, 45.59 sec so far
Iteration 370: max relative diff=0.000015, 50.66 sec so far
Iteration 407: max relative diff=0.000007, 55.73 sec so far
Iteration 444: max relative diff=0.000004, 60.80 sec so far
Iteration 481: max relative diff=0.000002, 65.86 sec so far

Iterative method: 512 iterations in 70.11 seconds (average 0.136930, setup 7.78)

Value in the initial state: 0.16181812752000932

Time for model checking: 78.329 seconds.

Result: 0.16181812752000932 (value in the initial state)

