PRISM
=====

Version: 4.4.dev
Date: Mon Jun 18 12:44:34 IRDT 2018
Hostname: sadegh-H81M-S2PH
Memory limits: cudd=1g, java(heap)=2.1g
Command line: prism dns135.nm dns.pctl -s -backwardvaliter -maxiters 90050 -epsilon 1e-6 -javamaxmem 2400m

Parsing model file "dns135.nm"...

Parsing properties file "dns.pctl"...

1 property:
(1) Pmax=? [ "pp" U "qq" ]

Type:        MDP
Modules:     m1 m2 m3 
Variables:   s1 s2 s3 

---------------------------------------------------------------------

Model checking: Pmax=? [ "pp" U "qq" ]

Building model...

Computing reachable states...

Reachability (BFS): 3 iterations in 0.02 seconds (average 0.005333, setup 0.00)

Time for model construction: 16.862 seconds.

Type:        MDP
States:      8000 (1 initial)
Transitions: 79483722
Choices:     32000

Transition matrix: 16332060 nodes (448963 terminal), 79483722 minterms, vars: 15r/15c/4nd

Prob0A: 2 iterations in 0.02 seconds (average 0.012000, setup 0.00)

Prob1E: 4 iterations in 0.01 seconds (average 0.002750, setup 0.00)

yes = 10, no = 120, maybe = 7870

Computing remaining probabilities...
Engine: Sparse

Building sparse matrix(FOR GS)... [n=8000, nc=31480, nnz=78180301, k=4] [894.9 MB]
Creating vector for yes...[62.5 KB]
Allocating iteration vectors... [2 x 62.5 KB]
TOTAL: [895.0 MB]

Starting iterations...
Iteration 33: max relative diff=0.015559, 5.09 sec so far
Iteration 72: max relative diff=0.002765, 10.18 sec so far
Iteration 111: max relative diff=0.000649, 15.28 sec so far
Iteration 150: max relative diff=0.000162, 20.39 sec so far
Iteration 189: max relative diff=0.000041, 25.49 sec so far
Iteration 228: max relative diff=0.000010, 30.59 sec so far
Iteration 267: max relative diff=0.000003, 35.69 sec so far

Iterative method: 295 iterations in 39.35 seconds (average 0.133386, setup 13.38)

Value in the initial state: 0.19225733377383827

Time for model checking: 53.224 seconds.

Result: 0.19225733377383827 (value in the initial state)

Warning: CUDD reports 17850712 non-zero references.

