PRISM
=====

Version: 4.4.dev
Date: Sun May 20 21:29:02 IRDT 2018
Hostname: sadegh-H81M-S2PH
Memory limits: cudd=1g, java(heap)=2.1g
Command line: prism dns104.nm dns.pctl -s -improvedmodpoliter -maxiters 90050 -epsilon 1e-8 -javamaxmem 2400m

Parsing model file "dns104.nm"...

Parsing properties file "dns.pctl"...

1 property:
(1) Pmax=? [ "pp" U "qq" ]

Type:        MDP
Modules:     m1 m2 m3 
Variables:   s1 s2 s3 

---------------------------------------------------------------------

Model checking: Pmax=? [ "pp" U "qq" ]

Building model...

Computing reachable states...

Reachability (BFS): 3 iterations in 0.00 seconds (average 0.000333, setup 0.00)

Time for model construction: 9.76 seconds.

Type:        MDP
States:      10000 (1 initial)
Transitions: 79707918
Choices:     20000

Transition matrix: 12297749 nodes (345833 terminal), 79707918 minterms, vars: 15r/15c/2nd

Prob0A: 3 iterations in 0.01 seconds (average 0.002333, setup 0.00)

Prob1E: 4 iterations in 0.00 seconds (average 0.000500, setup 0.00)

yes = 10, no = 91, maybe = 9899

Computing remaining probabilities...
Engine: Sparse

Building sparse matrix (FOR POLICY ITERASION)... [n=10000, nc=19798, nnz=78944579, k=2] [903.6 MB]
Creating vector for yes...[78.1 KB]
Allocating iteration vectors... [2 x 78.1 KB]
TOTAL: [903.8 MB]

Starting iterations...
Iteration 204: max relative diff=0.026870, 6.94 sec so far
Iteration 408: max relative diff=0.000200, 14.10 sec so far
Iteration 612: max relative diff=0.000000, 21.25 sec so far
Iteration 790: max relative diff=0.000000, 27.54 sec so far

Iterative method: 790 iterations in 27.54 seconds (average 0.034865, setup 7.18)

Value in the initial state: 0.21316659067840313

Time for model checking: 35.195 seconds.

Result: 0.21316659067840313 (value in the initial state)

