PRISM
=====

Version: 4.4.dev
Date: Tue Jun 19 10:04:01 IRDT 2018
Hostname: sadegh-H81M-S2PH
Memory limits: cudd=1g, java(heap)=2.1g
Command line: prism dns143.nm dns.pctl -s -bucketvaliter2 -maxiters 90050 -javamaxmem 2400m

Parsing model file "dns143.nm"...

Parsing properties file "dns.pctl"...

1 property:
(1) Pmax=? [ "pp" U "qq" ]

Type:        MDP
Modules:     m1 m2 m3 
Variables:   s1 s2 s3 

---------------------------------------------------------------------

Model checking: Pmax=? [ "pp" U "qq" ]

Building model...

Computing reachable states...

Reachability (BFS): 3 iterations in 0.00 seconds (average 0.001333, setup 0.00)

Time for model construction: 8.107 seconds.

Type:        MDP
States:      7200 (1 initial)
Transitions: 32967198
Choices:     21600

Transition matrix: 8414129 nodes (618622 terminal), 32967198 minterms, vars: 15r/15c/3nd

Prob0A: 3 iterations in 0.01 seconds (average 0.002333, setup 0.00)

Prob1E: 4 iterations in 0.00 seconds (average 0.000250, setup 0.00)

yes = 10, no = 28, maybe = 7162

Computing remaining probabilities...
Engine: Sparse

Building sparse matrix(FOR GS)... [n=7200, nc=21486, nnz=32803020, k=3] [375.5 MB]
Creating vector for yes...[56.2 KB]
Allocating iteration vectors... [2 x 56.2 KB]
TOTAL: [375.7 MB]

Starting iterations...

Iterative method: 7120961 iterations in 365.95 seconds (average 0.000051, setup 4.68)

Value in the initial state: 0.6759168559064865

Time for model checking: 381.387 seconds.

Result: 0.6759168559064865 (value in the initial state)

