PRISM
=====

Version: 4.4.dev
Date: Tue Jun 19 18:43:23 IRDT 2018
Hostname: sadegh-H81M-S2PH
Memory limits: cudd=1g, java(heap)=2.1g
Command line: prism dns196.nm dns.pctl -s -gs -maxiters 90050 -epsilon 1e-6 -javamaxmem 2400m

Parsing model file "dns196.nm"...

Parsing properties file "dns.pctl"...

1 property:
(1) Pmax=? [ "pp" U "qq" ]

Type:        MDP
Modules:     m1 m2 m3 
Variables:   s1 s2 s3 

---------------------------------------------------------------------

Model checking: Pmax=? [ "pp" U "qq" ]

Building model...

Computing reachable states...

Reachability (BFS): 4 iterations in 0.01 seconds (average 0.002250, setup 0.00)

Time for model construction: 15.888 seconds.

Type:        MDP
States:      14000 (1 initial)
Transitions: 19191517
Choices:     70000

Transition matrix: 17411894 nodes (493087 terminal), 19191517 minterms, vars: 16r/16c/5nd

Prob0A: 3 iterations in 0.01 seconds (average 0.004667, setup 0.00)

Prob1E: 18 iterations in 0.05 seconds (average 0.002889, setup 0.00)

yes = 10, no = 66, maybe = 13924

Computing remaining probabilities...
Engine: Sparse

Building sparse matrix(FOR GS)... [n=14000, nc=69620, nnz=19090592, k=5] [218.8 MB]
Creating vector for yes...[109.4 KB]
Allocating iteration vectors... [2 x 109.4 KB]
TOTAL: [219.1 MB]

Starting iterations...
Iteration 152: max relative diff=0.002328, 5.01 sec so far
Iteration 304: max relative diff=0.000694, 10.02 sec so far
Iteration 456: max relative diff=0.000332, 15.04 sec so far
Iteration 608: max relative diff=0.000194, 20.05 sec so far
Iteration 760: max relative diff=0.000123, 25.06 sec so far
Iteration 912: max relative diff=0.000085, 30.06 sec so far
Iteration 1064: max relative diff=0.000064, 35.08 sec so far
Iteration 1216: max relative diff=0.000050, 40.09 sec so far
Iteration 1368: max relative diff=0.000039, 45.10 sec so far
Iteration 1520: max relative diff=0.000032, 50.11 sec so far
Iteration 1672: max relative diff=0.000026, 55.12 sec so far
Iteration 1824: max relative diff=0.000021, 60.13 sec so far
Iteration 1976: max relative diff=0.000017, 65.14 sec so far
Iteration 2128: max relative diff=0.000014, 70.15 sec so far
Iteration 2280: max relative diff=0.000012, 75.16 sec so far
Iteration 2432: max relative diff=0.000010, 80.17 sec so far
Iteration 2584: max relative diff=0.000008, 85.17 sec so far
Iteration 2736: max relative diff=0.000007, 90.18 sec so far
Iteration 2888: max relative diff=0.000006, 95.19 sec so far
Iteration 3040: max relative diff=0.000005, 100.20 sec so far
Iteration 3192: max relative diff=0.000004, 105.21 sec so far
Iteration 3344: max relative diff=0.000003, 110.22 sec so far
Iteration 3496: max relative diff=0.000003, 115.23 sec so far
Iteration 3648: max relative diff=0.000002, 120.24 sec so far
Iteration 3800: max relative diff=0.000002, 125.24 sec so far
Iteration 3952: max relative diff=0.000002, 130.25 sec so far
Iteration 4104: max relative diff=0.000001, 135.26 sec so far
Iteration 4253: max relative diff=0.000001, 140.28 sec so far
Iteration 4403: max relative diff=0.000001, 145.29 sec so far

Iterative method: 4466 iterations in 147.39 seconds (average 0.033002, setup 6.28)

Value in the initial state: 0.8249421324235543

Time for model checking: 153.866 seconds.

Result: 0.8249421324235543 (value in the initial state)

