PRISM
=====

Version: 4.4.dev
Date: Sun May 20 23:45:42 IRDT 2018
Hostname: sadegh-H81M-S2PH
Memory limits: cudd=1g, java(heap)=2.1g
Command line: prism dns124.nm dns.pctl -s -improvedmodpoliter -maxiters 90050 -epsilon 1e-8 -javamaxmem 2400m

Parsing model file "dns124.nm"...

Parsing properties file "dns.pctl"...

1 property:
(1) Pmax=? [ "pp" U "qq" ]

Type:        MDP
Modules:     m1 m2 m3 
Variables:   s1 s2 s3 

---------------------------------------------------------------------

Model checking: Pmax=? [ "pp" U "qq" ]

Building model...

Computing reachable states...

Reachability (BFS): 3 iterations in 0.00 seconds (average 0.000333, setup 0.00)

Time for model construction: 8.046 seconds.

Type:        MDP
States:      8400 (1 initial)
Transitions: 42480062
Choices:     16800

Transition matrix: 8892559 nodes (375557 terminal), 42480062 minterms, vars: 15r/15c/2nd

Prob0A: 3 iterations in 0.00 seconds (average 0.000667, setup 0.00)

Prob1E: 8 iterations in 0.00 seconds (average 0.000500, setup 0.00)

yes = 10, no = 10, maybe = 8380

Computing remaining probabilities...
Engine: Sparse

Building sparse matrix (FOR POLICY ITERASION)... [n=8400, nc=16760, nnz=42394991, k=2] [485.3 MB]
Creating vector for yes...[65.6 KB]
Allocating iteration vectors... [2 x 65.6 KB]
TOTAL: [485.5 MB]

Starting iterations...
Iteration 306: max relative diff=0.006400, 5.60 sec so far
Iteration 612: max relative diff=0.001260, 11.33 sec so far
Iteration 918: max relative diff=0.000260, 17.05 sec so far
Iteration 1224: max relative diff=0.000047, 22.77 sec so far
Iteration 1530: max relative diff=0.000014, 28.48 sec so far
Iteration 1836: max relative diff=0.000002, 34.19 sec so far
Iteration 2142: max relative diff=0.000001, 39.91 sec so far
Iteration 2448: max relative diff=0.000000, 45.87 sec so far
Iteration 2754: max relative diff=0.000000, 51.71 sec so far
Iteration 3060: max relative diff=0.000000, 57.61 sec so far

Iterative method: 3264 iterations in 61.42 seconds (average 0.018817, setup 4.06)

Value in the initial state: 0.6608803014584173

Time for model checking: 65.701 seconds.

Result: 0.6608803014584173 (value in the initial state)

