PRISM
=====

Version: 4.4.dev
Date: Sun Jun 17 22:05:30 IRDT 2018
Hostname: sadegh-H81M-S2PH
Memory limits: cudd=1g, java(heap)=2.1g
Command line: prism dns79.nm dns.pctl -s -backwardvaliter -maxiters 90050 -epsilon 1e-6 -javamaxmem 2400m

Parsing model file "dns79.nm"...

Parsing properties file "dns.pctl"...

1 property:
(1) Pmax=? [ "pp" U "qq" ]

Type:        MDP
Modules:     m1 m2 m3 
Variables:   s1 s2 s3 

---------------------------------------------------------------------

Model checking: Pmax=? [ "pp" U "qq" ]

Building model...

Computing reachable states...

Reachability (BFS): 3 iterations in 0.00 seconds (average 0.001000, setup 0.00)

Time for model construction: 14.313 seconds.

Type:        MDP
States:      8800 (1 initial)
Transitions: 185230488
Choices:     35200

Transition matrix: 14459907 nodes (257429 terminal), 185230488 minterms, vars: 15r/15c/4nd

Prob0A: 2 iterations in 0.00 seconds (average 0.002000, setup 0.00)

Prob1E: 4 iterations in 0.00 seconds (average 0.000500, setup 0.00)

yes = 10, no = 28, maybe = 8762

Computing remaining probabilities...
Engine: Sparse

Building sparse matrix(FOR GS)... [n=8800, nc=35048, nnz=184415353, k=4] [2.1 GB]
Creating vector for yes...[68.8 KB]
Allocating iteration vectors... [2 x 68.8 KB]
TOTAL: [2.1 GB]

Starting iterations...
Iteration 9: max relative diff=0.120623, 5.17 sec so far
Iteration 26: max relative diff=0.033868, 10.39 sec so far
Iteration 43: max relative diff=0.017801, 15.60 sec so far
Iteration 60: max relative diff=0.011196, 20.82 sec so far
Iteration 77: max relative diff=0.007695, 26.04 sec so far
Iteration 94: max relative diff=0.005568, 31.26 sec so far
Iteration 111: max relative diff=0.004178, 36.48 sec so far
Iteration 128: max relative diff=0.003216, 41.70 sec so far
Iteration 145: max relative diff=0.002526, 46.92 sec so far
Iteration 162: max relative diff=0.002015, 52.14 sec so far
Iteration 179: max relative diff=0.001627, 57.35 sec so far
Iteration 196: max relative diff=0.001326, 62.56 sec so far
Iteration 213: max relative diff=0.001090, 67.78 sec so far
Iteration 230: max relative diff=0.000901, 73.00 sec so far
Iteration 247: max relative diff=0.000748, 78.22 sec so far
Iteration 264: max relative diff=0.000624, 83.43 sec so far
Iteration 281: max relative diff=0.000523, 88.65 sec so far
Iteration 298: max relative diff=0.000439, 93.87 sec so far
Iteration 315: max relative diff=0.000369, 99.09 sec so far
Iteration 332: max relative diff=0.000312, 104.30 sec so far
Iteration 349: max relative diff=0.000263, 109.52 sec so far
Iteration 366: max relative diff=0.000223, 114.73 sec so far
Iteration 383: max relative diff=0.000189, 119.95 sec so far
Iteration 400: max relative diff=0.000160, 125.17 sec so far
Iteration 417: max relative diff=0.000136, 130.39 sec so far
Iteration 434: max relative diff=0.000115, 135.61 sec so far
Iteration 451: max relative diff=0.000098, 140.84 sec so far
Iteration 468: max relative diff=0.000083, 146.06 sec so far
Iteration 485: max relative diff=0.000071, 151.28 sec so far
Iteration 502: max relative diff=0.000060, 156.50 sec so far
Iteration 519: max relative diff=0.000052, 161.72 sec so far
Iteration 536: max relative diff=0.000044, 166.94 sec so far
Iteration 553: max relative diff=0.000037, 172.16 sec so far
Iteration 570: max relative diff=0.000032, 177.38 sec so far
Iteration 587: max relative diff=0.000027, 182.59 sec so far
Iteration 604: max relative diff=0.000023, 187.81 sec so far
Iteration 621: max relative diff=0.000020, 193.03 sec so far
Iteration 638: max relative diff=0.000017, 198.24 sec so far
Iteration 655: max relative diff=0.000014, 203.46 sec so far
Iteration 672: max relative diff=0.000012, 208.68 sec so far
Iteration 689: max relative diff=0.000011, 213.89 sec so far
Iteration 706: max relative diff=0.000009, 219.11 sec so far
Iteration 723: max relative diff=0.000008, 224.33 sec so far
Iteration 740: max relative diff=0.000007, 229.55 sec so far
Iteration 757: max relative diff=0.000006, 234.77 sec so far
Iteration 774: max relative diff=0.000005, 240.00 sec so far
Iteration 791: max relative diff=0.000004, 245.22 sec so far
Iteration 808: max relative diff=0.000003, 250.43 sec so far
Iteration 825: max relative diff=0.000003, 255.65 sec so far
Iteration 842: max relative diff=0.000003, 260.86 sec so far
Iteration 859: max relative diff=0.000002, 266.08 sec so far
Iteration 876: max relative diff=0.000002, 271.30 sec so far
Iteration 893: max relative diff=0.000002, 276.52 sec so far
Iteration 910: max relative diff=0.000001, 281.75 sec so far
Iteration 927: max relative diff=0.000001, 286.96 sec so far

Iterative method: 942 iterations in 291.57 seconds (average 0.309518, setup 18.22)

Value in the initial state: 0.4145534697175495

Time for model checking: 310.609 seconds.

Result: 0.4145534697175495 (value in the initial state)

Warning: CUDD reports 15251712 non-zero references.

