PRISM
=====

Version: 4.4.dev
Date: Sun Jun 17 13:02:21 IRDT 2018
Hostname: sadegh-H81M-S2PH
Memory limits: cudd=1g, java(heap)=2.1g
Command line: prism dns53.nm dns.pctl -s -bucketvaliter2 -maxiters 90050 -javamaxmem 2400m

Parsing model file "dns53.nm"...

Parsing properties file "dns.pctl"...

1 property:
(1) Pmax=? [ "pp" U "qq" ]

Type:        MDP
Modules:     m1 m2 m3 
Variables:   s1 s2 s3 

---------------------------------------------------------------------

Model checking: Pmax=? [ "pp" U "qq" ]

Building model...

Computing reachable states...

Reachability (BFS): 3 iterations in 0.00 seconds (average 0.000333, setup 0.00)

Time for model construction: 7.155 seconds.

Type:        MDP
States:      7600 (1 initial)
Transitions: 78060392
Choices:     15200

Transition matrix: 6336516 nodes (241810 terminal), 78060392 minterms, vars: 15r/15c/2nd

Prob0A: 2 iterations in 0.01 seconds (average 0.003500, setup 0.00)

Prob1E: 4 iterations in 0.00 seconds (average 0.000500, setup 0.00)

yes = 10, no = 66, maybe = 7524

Computing remaining probabilities...
Engine: Sparse

Building sparse matrix(FOR GS)... [n=7600, nc=15048, nnz=77307645, k=2] [884.8 MB]
Creating vector for yes...[59.4 KB]
Allocating iteration vectors... [2 x 59.4 KB]
TOTAL: [885.0 MB]

Starting iterations...

Iterative method: 3713806 iterations in 277.05 seconds (average 0.000075, setup 8.15)

Value in the initial state: 0.17730157211853126

Time for model checking: 291.042 seconds.

Result: 0.17730157211853126 (value in the initial state)

