PRISM
=====

Version: 4.4.dev
Date: Sun May 20 22:32:36 IRDT 2018
Hostname: sadegh-H81M-S2PH
Memory limits: cudd=1g, java(heap)=2.1g
Command line: prism dns109.nm dns.pctl -s -improvedmodpoliter -maxiters 90050 -epsilon 1e-8 -javamaxmem 2400m

Parsing model file "dns109.nm"...

Parsing properties file "dns.pctl"...

1 property:
(1) Pmax=? [ "pp" U "qq" ]

Type:        MDP
Modules:     m1 m2 m3 
Variables:   s1 s2 s3 

---------------------------------------------------------------------

Model checking: Pmax=? [ "pp" U "qq" ]

Building model...

Computing reachable states...

Reachability (BFS): 3 iterations in 0.01 seconds (average 0.002333, setup 0.00)

Time for model construction: 17.856 seconds.

Type:        MDP
States:      9600 (1 initial)
Transitions: 149964662
Choices:     38400

Transition matrix: 21195801 nodes (527453 terminal), 149964662 minterms, vars: 15r/15c/4nd

Prob0A: 2 iterations in 0.00 seconds (average 0.001500, setup 0.00)

Prob1E: 4 iterations in 0.00 seconds (average 0.000250, setup 0.00)

yes = 10, no = 28, maybe = 9562

Computing remaining probabilities...
Engine: Sparse

Building sparse matrix (FOR POLICY ITERASION)... [n=9600, nc=38248, nnz=149378982, k=4] [1.7 GB]
Creating vector for yes...[75.0 KB]
Allocating iteration vectors... [2 x 75.0 KB]
TOTAL: [1.7 GB]

Starting iterations...
Iteration 204: max relative diff=0.018576, 6.77 sec so far
Iteration 408: max relative diff=0.003534, 13.43 sec so far
Iteration 612: max relative diff=0.001114, 19.99 sec so far
Iteration 816: max relative diff=0.000344, 26.56 sec so far
Iteration 1020: max relative diff=0.000154, 33.15 sec so far
Iteration 1224: max relative diff=0.000063, 39.71 sec so far
Iteration 1428: max relative diff=0.000009, 46.27 sec so far
Iteration 1632: max relative diff=0.000012, 52.83 sec so far
Iteration 1836: max relative diff=0.000002, 59.41 sec so far
Iteration 2040: max relative diff=0.000001, 65.98 sec so far
Iteration 2244: max relative diff=0.000000, 72.56 sec so far
Iteration 2448: max relative diff=0.000000, 79.12 sec so far
Iteration 2652: max relative diff=0.000000, 85.68 sec so far
Iteration 2856: max relative diff=0.000000, 92.25 sec so far
Iteration 3060: max relative diff=0.000000, 99.11 sec so far

Iterative method: 3162 iterations in 102.54 seconds (average 0.032430, setup 11.46)

Value in the initial state: 0.5608003302234915

Time for model checking: 114.612 seconds.

Result: 0.5608003302234915 (value in the initial state)

