PRISM
=====

Version: 4.4.dev
Date: Tue Jun 19 18:43:12 IRDT 2018
Hostname: sadegh-H81M-S2PH
Memory limits: cudd=1g, java(heap)=2.1g
Command line: prism dns195.nm dns.pctl -s -backwardvaliter -maxiters 90050 -epsilon 1e-6 -javamaxmem 2400m

Parsing model file "dns195.nm"...

Parsing properties file "dns.pctl"...

1 property:
(1) Pmax=? [ "pp" U "qq" ]

Type:        MDP
Modules:     m1 m2 m3 
Variables:   s1 s2 s3 

---------------------------------------------------------------------

Model checking: Pmax=? [ "pp" U "qq" ]

Building model...

Computing reachable states...

Reachability (BFS): 5 iterations in 0.01 seconds (average 0.002400, setup 0.00)

Time for model construction: 4.145 seconds.

Type:        MDP
States:      14952 (1 initial)
Transitions: 5027945
Choices:     44856

Transition matrix: 5216299 nodes (495059 terminal), 5027945 minterms, vars: 15r/15c/3nd

Prob0A: 3 iterations in 0.03 seconds (average 0.010333, setup 0.00)

Prob1E: 14 iterations in 0.04 seconds (average 0.002643, setup 0.00)

yes = 445, no = 274, maybe = 14233

Computing remaining probabilities...
Engine: Sparse

Building sparse matrix(FOR GS)... [n=14952, nc=42699, nnz=4781847, k=3] [54.8 MB]
Creating vector for yes...[116.8 KB]
Allocating iteration vectors... [2 x 116.8 KB]
TOTAL: [55.1 MB]

Starting iterations...

Iterative method: 305 iterations in 2.91 seconds (average 0.009528, setup 1.38)

Value in the initial state: 0.894629288260456

Time for model checking: 4.377 seconds.

Result: 0.894629288260456 (value in the initial state)

Warning: CUDD reports 5076299 non-zero references.

