PRISM
=====

Version: 4.4.dev
Date: Sat Jun 16 15:18:10 IRDT 2018
Hostname: sadegh-H81M-S2PH
Memory limits: cudd=1g, java(heap)=2.1g
Command line: prism dns6.nm dns.pctl -s -bucketvaliter2 -maxiters 90050 -javamaxmem 2400m

Parsing model file "dns6.nm"...

Parsing properties file "dns.pctl"...

1 property:
(1) Pmax=? [ "pp" U "qq" ]

Type:        MDP
Modules:     m1 m2 m3 
Variables:   s1 s2 s3 

---------------------------------------------------------------------

Model checking: Pmax=? [ "pp" U "qq" ]

Building model...

Computing reachable states...

Reachability (BFS): 2 iterations in 0.00 seconds (average 0.000500, setup 0.00)

Time for model construction: 8.425 seconds.

Type:        MDP
States:      6400 (1 initial)
Transitions: 198165950
Choices:     32000

Transition matrix: 8274124 nodes (259011 terminal), 198165950 minterms, vars: 14r/14c/5nd

Prob0A: 2 iterations in 0.00 seconds (average 0.001000, setup 0.00)

Prob1E: 4 iterations in 0.00 seconds (average 0.000250, setup 0.00)

yes = 10, no = 21, maybe = 6369

Computing remaining probabilities...
Engine: Sparse

Building sparse matrix(FOR GS)... [n=6400, nc=31845, nnz=197207696, k=5] [2.2 GB]
Creating vector for yes...[50.0 KB]
Allocating iteration vectors... [2 x 50.0 KB]
TOTAL: [2.2 GB]

Starting iterations...

Iterative method: 1842243 iterations in 938.48 seconds (average 0.000509, setup 15.66)

Value in the initial state: 0.47141120315461593

Time for model checking: 961.971 seconds.

Result: 0.47141120315461593 (value in the initial state)

