PRISM
=====

Version: 4.4.dev
Date: Sun May 20 14:32:32 IRDT 2018
Hostname: sadegh-H81M-S2PH
Memory limits: cudd=1g, java(heap)=2.1g
Command line: prism dns45.nm dns.pctl -s -improvedmodpoliter2 -maxiters 90050 -epsilon 1e-8 -javamaxmem 2400m

Parsing model file "dns45.nm"...

Parsing properties file "dns.pctl"...

1 property:
(1) Pmax=? [ "pp" U "qq" ]

Type:        MDP
Modules:     m1 m2 m3 
Variables:   s1 s2 s3 

---------------------------------------------------------------------

Model checking: Pmax=? [ "pp" U "qq" ]

Building model...

Computing reachable states...

Reachability (BFS): 3 iterations in 0.00 seconds (average 0.000333, setup 0.00)

Time for model construction: 4.914 seconds.

Type:        MDP
States:      8000 (1 initial)
Transitions: 88694580
Choices:     16000

Transition matrix: 6748453 nodes (282094 terminal), 88694580 minterms, vars: 15r/15c/2nd

Prob0A: 2 iterations in 0.00 seconds (average 0.001000, setup 0.00)

Prob1E: 4 iterations in 0.00 seconds (average 0.000250, setup 0.00)

yes = 10, no = 28, maybe = 7962

Computing remaining probabilities...
Engine: Sparse

Building sparse matrix (FOR POLICY ITERASION)... [n=8000, nc=15924, nnz=88247774, k=2] [1010.0 MB]
Creating vector for yes...[62.5 KB]
Allocating iteration vectors... [2 x 62.5 KB]
TOTAL: [1010.2 MB]

Starting iterations...
Iteration 303: max relative diff=0.005549, 6.04 sec so far
Iteration 606: max relative diff=0.000887, 12.04 sec so far
Iteration 909: max relative diff=0.000161, 18.04 sec so far
Iteration 1212: max relative diff=0.000036, 24.03 sec so far
Iteration 1515: max relative diff=0.000008, 30.01 sec so far
Iteration 1818: max relative diff=0.000002, 36.50 sec so far
Iteration 2121: max relative diff=0.000000, 43.54 sec so far
Iteration 2424: max relative diff=0.000000, 50.53 sec so far

Iterative method: 2626 iterations in 55.12 seconds (average 0.020988, setup 5.05)


Number of scallar multiplications: 55318M 

Value in the initial state: 0.33467877454076034

Time for model checking: 61.369 seconds.

Result: 0.33467877454076034 (value in the initial state)

