PRISM
=====

Version: 4.4.dev
Date: Sun May 20 14:45:17 IRDT 2018
Hostname: sadegh-H81M-S2PH
Memory limits: cudd=1g, java(heap)=2.1g
Command line: prism dns48.nm dns.pctl -s -improvedmodpoliter2 -maxiters 90050 -epsilon 1e-8 -javamaxmem 2400m

Parsing model file "dns48.nm"...

Parsing properties file "dns.pctl"...

1 property:
(1) Pmax=? [ "pp" U "qq" ]

Type:        MDP
Modules:     m1 m2 m3 
Variables:   s1 s2 s3 

---------------------------------------------------------------------

Model checking: Pmax=? [ "pp" U "qq" ]

Building model...

Computing reachable states...

Reachability (BFS): 3 iterations in 0.00 seconds (average 0.001000, setup 0.00)

Time for model construction: 16.636 seconds.

Type:        MDP
States:      8400 (1 initial)
Transitions: 250908948
Choices:     42000

Transition matrix: 19784904 nodes (432863 terminal), 250908948 minterms, vars: 15r/15c/5nd

Prob0A: 2 iterations in 0.03 seconds (average 0.014500, setup 0.00)

Prob1E: 4 iterations in 0.00 seconds (average 0.000750, setup 0.00)

yes = 10, no = 105, maybe = 8285

Computing remaining probabilities...
Engine: Sparse

Building sparse matrix (FOR POLICY ITERASION)... [n=8400, nc=41425, nnz=247434551, k=5] [2.8 GB]
Creating vector for yes...[65.6 KB]
Allocating iteration vectors... [2 x 65.6 KB]
TOTAL: [2.8 GB]

Starting iterations...
Iteration 303: max relative diff=0.004163, 6.16 sec so far
Iteration 606: max relative diff=0.000011, 12.26 sec so far
Iteration 909: max relative diff=0.000000, 18.79 sec so far

Iterative method: 987 iterations in 20.61 seconds (average 0.020884, setup 18.96)


Number of scallar multiplications: 20826M 

Value in the initial state: 0.2304635806546238

Time for model checking: 40.871 seconds.

Result: 0.2304635806546238 (value in the initial state)

