PRISM
=====

Version: 4.4.dev
Date: Mon Jun 18 05:57:04 IRDT 2018
Hostname: sadegh-H81M-S2PH
Memory limits: cudd=1g, java(heap)=2.1g
Command line: prism dns109.nm dns.pctl -s -backwardvaliter -maxiters 90050 -epsilon 1e-6 -javamaxmem 2400m

Parsing model file "dns109.nm"...

Parsing properties file "dns.pctl"...

1 property:
(1) Pmax=? [ "pp" U "qq" ]

Type:        MDP
Modules:     m1 m2 m3 
Variables:   s1 s2 s3 

---------------------------------------------------------------------

Model checking: Pmax=? [ "pp" U "qq" ]

Building model...

Computing reachable states...

Reachability (BFS): 3 iterations in 0.01 seconds (average 0.003333, setup 0.00)

Time for model construction: 23.824 seconds.

Type:        MDP
States:      9600 (1 initial)
Transitions: 149964662
Choices:     38400

Transition matrix: 21195801 nodes (527453 terminal), 149964662 minterms, vars: 15r/15c/4nd

Prob0A: 2 iterations in 0.00 seconds (average 0.002000, setup 0.00)

Prob1E: 4 iterations in 0.00 seconds (average 0.000500, setup 0.00)

yes = 10, no = 28, maybe = 9562

Computing remaining probabilities...
Engine: Sparse

Building sparse matrix(FOR GS)... [n=9600, nc=38248, nnz=149378982, k=4] [1.7 GB]
Creating vector for yes...[75.0 KB]
Allocating iteration vectors... [2 x 75.0 KB]
TOTAL: [1.7 GB]

Starting iterations...
Iteration 17: max relative diff=0.056024, 5.24 sec so far
Iteration 38: max relative diff=0.020057, 10.47 sec so far
Iteration 59: max relative diff=0.010851, 15.71 sec so far
Iteration 80: max relative diff=0.006840, 20.95 sec so far
Iteration 101: max relative diff=0.004701, 26.19 sec so far
Iteration 122: max relative diff=0.003423, 31.43 sec so far
Iteration 143: max relative diff=0.002601, 36.66 sec so far
Iteration 164: max relative diff=0.002039, 41.90 sec so far
Iteration 185: max relative diff=0.001635, 47.13 sec so far
Iteration 206: max relative diff=0.001337, 52.36 sec so far
Iteration 227: max relative diff=0.001112, 57.60 sec so far
Iteration 248: max relative diff=0.000938, 62.83 sec so far
Iteration 269: max relative diff=0.000799, 68.07 sec so far
Iteration 290: max relative diff=0.000687, 73.30 sec so far
Iteration 311: max relative diff=0.000594, 78.53 sec so far
Iteration 332: max relative diff=0.000517, 83.76 sec so far
Iteration 353: max relative diff=0.000452, 88.99 sec so far
Iteration 374: max relative diff=0.000397, 94.22 sec so far
Iteration 395: max relative diff=0.000350, 99.45 sec so far
Iteration 415: max relative diff=0.000312, 104.46 sec so far
Iteration 436: max relative diff=0.000277, 109.69 sec so far
Iteration 457: max relative diff=0.000247, 114.92 sec so far
Iteration 478: max relative diff=0.000220, 120.15 sec so far
Iteration 499: max relative diff=0.000197, 125.38 sec so far
Iteration 520: max relative diff=0.000177, 130.60 sec so far
Iteration 541: max relative diff=0.000159, 135.84 sec so far
Iteration 562: max relative diff=0.000142, 141.07 sec so far
Iteration 583: max relative diff=0.000128, 146.31 sec so far
Iteration 604: max relative diff=0.000116, 151.54 sec so far
Iteration 625: max relative diff=0.000104, 156.77 sec so far
Iteration 646: max relative diff=0.000094, 162.01 sec so far
Iteration 667: max relative diff=0.000085, 167.24 sec so far
Iteration 688: max relative diff=0.000077, 172.47 sec so far
Iteration 709: max relative diff=0.000070, 177.71 sec so far
Iteration 730: max relative diff=0.000063, 182.94 sec so far
Iteration 751: max relative diff=0.000057, 188.18 sec so far
Iteration 772: max relative diff=0.000052, 193.41 sec so far
Iteration 793: max relative diff=0.000047, 198.64 sec so far
Iteration 814: max relative diff=0.000043, 203.87 sec so far
Iteration 835: max relative diff=0.000039, 209.11 sec so far
Iteration 856: max relative diff=0.000035, 214.34 sec so far
Iteration 877: max relative diff=0.000032, 219.58 sec so far
Iteration 898: max relative diff=0.000029, 224.80 sec so far
Iteration 918: max relative diff=0.000026, 229.81 sec so far
Iteration 939: max relative diff=0.000024, 235.04 sec so far
Iteration 960: max relative diff=0.000022, 240.28 sec so far
Iteration 981: max relative diff=0.000020, 245.51 sec so far
Iteration 1001: max relative diff=0.000018, 250.52 sec so far
Iteration 1022: max relative diff=0.000016, 255.76 sec so far
Iteration 1043: max relative diff=0.000015, 260.99 sec so far
Iteration 1064: max relative diff=0.000014, 266.23 sec so far
Iteration 1085: max relative diff=0.000012, 271.47 sec so far
Iteration 1106: max relative diff=0.000011, 276.71 sec so far
Iteration 1127: max relative diff=0.000010, 281.95 sec so far
Iteration 1148: max relative diff=0.000009, 287.18 sec so far
Iteration 1169: max relative diff=0.000009, 292.41 sec so far
Iteration 1190: max relative diff=0.000008, 297.64 sec so far
Iteration 1211: max relative diff=0.000007, 302.87 sec so far
Iteration 1231: max relative diff=0.000006, 307.88 sec so far
Iteration 1252: max relative diff=0.000006, 313.11 sec so far
Iteration 1272: max relative diff=0.000005, 318.12 sec so far
Iteration 1293: max relative diff=0.000005, 323.36 sec so far
Iteration 1314: max relative diff=0.000004, 328.60 sec so far
Iteration 1335: max relative diff=0.000004, 333.83 sec so far
Iteration 1356: max relative diff=0.000004, 339.07 sec so far
Iteration 1377: max relative diff=0.000003, 344.30 sec so far
Iteration 1398: max relative diff=0.000003, 349.53 sec so far
Iteration 1419: max relative diff=0.000003, 354.77 sec so far
Iteration 1440: max relative diff=0.000003, 360.01 sec so far
Iteration 1461: max relative diff=0.000002, 365.25 sec so far
Iteration 1482: max relative diff=0.000002, 370.47 sec so far
Iteration 1503: max relative diff=0.000002, 375.71 sec so far
Iteration 1524: max relative diff=0.000002, 380.94 sec so far
Iteration 1545: max relative diff=0.000002, 386.17 sec so far
Iteration 1566: max relative diff=0.000001, 391.40 sec so far
Iteration 1587: max relative diff=0.000001, 396.64 sec so far
Iteration 1608: max relative diff=0.000001, 401.87 sec so far
Iteration 1629: max relative diff=0.000001, 407.10 sec so far
Iteration 1650: max relative diff=0.000001, 412.33 sec so far

Iterative method: 1650 iterations in 412.33 seconds (average 0.249898, setup 16.71)

Value in the initial state: 0.5606763076564442

Time for model checking: 429.7 seconds.

Result: 0.5606763076564442 (value in the initial state)

Warning: CUDD reports 21691256 non-zero references.

