PRISM
=====

Version: 4.4.dev
Date: Sat Jun 16 17:54:26 IRDT 2018
Hostname: sadegh-H81M-S2PH
Memory limits: cudd=1g, java(heap)=2.1g
Command line: prism dns14.nm dns.pctl -s -backwardvaliter -maxiters 90050 -epsilon 1e-6 -javamaxmem 2400m

Parsing model file "dns14.nm"...

Parsing properties file "dns.pctl"...

1 property:
(1) Pmax=? [ "pp" U "qq" ]

Type:        MDP
Modules:     m1 m2 m3 
Variables:   s1 s2 s3 

---------------------------------------------------------------------

Model checking: Pmax=? [ "pp" U "qq" ]

Building model...

Computing reachable states...

Reachability (BFS): 2 iterations in 0.00 seconds (average 0.000000, setup 0.00)

Time for model construction: 3.531 seconds.

Type:        MDP
States:      4000 (1 initial)
Transitions: 61625943
Choices:     16000

Transition matrix: 3203970 nodes (341378 terminal), 61625943 minterms, vars: 14r/14c/4nd

Prob0A: 2 iterations in 0.00 seconds (average 0.001000, setup 0.00)

Prob1E: 4 iterations in 0.00 seconds (average 0.000000, setup 0.00)

yes = 10, no = 15, maybe = 3975

Computing remaining probabilities...
Engine: Sparse

Building sparse matrix(FOR GS)... [n=4000, nc=15900, nnz=61242043, k=4] [700.9 MB]
Creating vector for yes...[31.2 KB]
Allocating iteration vectors... [2 x 31.2 KB]
TOTAL: [701.0 MB]

Starting iterations...
Iteration 42: max relative diff=0.015730, 5.03 sec so far
Iteration 91: max relative diff=0.004201, 10.04 sec so far
Iteration 140: max relative diff=0.001653, 15.06 sec so far
Iteration 189: max relative diff=0.000755, 20.08 sec so far
Iteration 238: max relative diff=0.000369, 25.10 sec so far
Iteration 287: max relative diff=0.000187, 30.12 sec so far
Iteration 336: max relative diff=0.000096, 35.13 sec so far
Iteration 385: max relative diff=0.000050, 40.15 sec so far
Iteration 434: max relative diff=0.000026, 45.16 sec so far
Iteration 483: max relative diff=0.000014, 50.17 sec so far
Iteration 532: max relative diff=0.000007, 55.18 sec so far
Iteration 581: max relative diff=0.000004, 60.19 sec so far
Iteration 630: max relative diff=0.000002, 65.20 sec so far
Iteration 679: max relative diff=0.000001, 70.22 sec so far

Iterative method: 682 iterations in 70.53 seconds (average 0.103415, setup 5.45)

Value in the initial state: 0.5070589574042932

Time for model checking: 76.352 seconds.

Result: 0.5070589574042932 (value in the initial state)

Warning: CUDD reports 3497884 non-zero references.

