PRISM
=====

Version: 4.4.dev
Date: Sun Jun 17 15:27:42 IRDT 2018
Hostname: sadegh-H81M-S2PH
Memory limits: cudd=1g, java(heap)=2.1g
Command line: prism dns58.nm dns.pctl -s -backwardvaliter -maxiters 90050 -epsilon 1e-6 -javamaxmem 2400m

Parsing model file "dns58.nm"...

Parsing properties file "dns.pctl"...

1 property:
(1) Pmax=? [ "pp" U "qq" ]

Type:        MDP
Modules:     m1 m2 m3 
Variables:   s1 s2 s3 

---------------------------------------------------------------------

Model checking: Pmax=? [ "pp" U "qq" ]

Building model...

Computing reachable states...

Reachability (BFS): 2 iterations in 0.00 seconds (average 0.001000, setup 0.00)

Time for model construction: 18.177 seconds.

Type:        MDP
States:      6800 (1 initial)
Transitions: 195696504
Choices:     40800

Transition matrix: 15923475 nodes (382545 terminal), 195696504 minterms, vars: 15r/15c/6nd

Prob0A: 2 iterations in 0.00 seconds (average 0.002000, setup 0.00)

Prob1E: 4 iterations in 0.00 seconds (average 0.000500, setup 0.00)

yes = 10, no = 15, maybe = 6775

Computing remaining probabilities...
Engine: Sparse

Building sparse matrix(FOR GS)... [n=6800, nc=40650, nnz=195015296, k=6] [2.2 GB]
Creating vector for yes...[53.1 KB]
Allocating iteration vectors... [2 x 53.1 KB]
TOTAL: [2.2 GB]

Starting iterations...
Iteration 9: max relative diff=0.120222, 5.21 sec so far
Iteration 25: max relative diff=0.035124, 10.40 sec so far
Iteration 41: max relative diff=0.018586, 15.59 sec so far
Iteration 57: max relative diff=0.011731, 20.77 sec so far
Iteration 73: max relative diff=0.008064, 25.96 sec so far
Iteration 89: max relative diff=0.005851, 31.14 sec so far
Iteration 105: max relative diff=0.004400, 36.33 sec so far
Iteration 121: max relative diff=0.003402, 41.51 sec so far
Iteration 137: max relative diff=0.002687, 46.70 sec so far
Iteration 153: max relative diff=0.002163, 51.89 sec so far
Iteration 169: max relative diff=0.001769, 57.07 sec so far
Iteration 185: max relative diff=0.001465, 62.26 sec so far
Iteration 201: max relative diff=0.001226, 67.44 sec so far
Iteration 217: max relative diff=0.001035, 72.63 sec so far
Iteration 233: max relative diff=0.000880, 77.81 sec so far
Iteration 249: max relative diff=0.000754, 83.00 sec so far
Iteration 265: max relative diff=0.000649, 88.19 sec so far
Iteration 281: max relative diff=0.000562, 93.37 sec so far
Iteration 297: max relative diff=0.000488, 98.56 sec so far
Iteration 313: max relative diff=0.000426, 103.74 sec so far
Iteration 329: max relative diff=0.000373, 108.93 sec so far
Iteration 345: max relative diff=0.000328, 114.12 sec so far
Iteration 361: max relative diff=0.000289, 119.32 sec so far
Iteration 377: max relative diff=0.000255, 124.51 sec so far
Iteration 393: max relative diff=0.000226, 129.69 sec so far
Iteration 409: max relative diff=0.000200, 134.88 sec so far
Iteration 425: max relative diff=0.000178, 140.06 sec so far
Iteration 441: max relative diff=0.000158, 145.25 sec so far
Iteration 457: max relative diff=0.000141, 150.44 sec so far
Iteration 473: max relative diff=0.000126, 155.63 sec so far
Iteration 489: max relative diff=0.000112, 160.82 sec so far
Iteration 505: max relative diff=0.000100, 166.00 sec so far
Iteration 521: max relative diff=0.000090, 171.19 sec so far
Iteration 537: max relative diff=0.000080, 176.38 sec so far
Iteration 553: max relative diff=0.000072, 181.57 sec so far
Iteration 569: max relative diff=0.000064, 186.75 sec so far
Iteration 585: max relative diff=0.000058, 191.95 sec so far
Iteration 601: max relative diff=0.000052, 197.14 sec so far
Iteration 617: max relative diff=0.000046, 202.32 sec so far
Iteration 633: max relative diff=0.000042, 207.51 sec so far
Iteration 649: max relative diff=0.000037, 212.70 sec so far
Iteration 665: max relative diff=0.000034, 217.89 sec so far
Iteration 681: max relative diff=0.000030, 223.08 sec so far
Iteration 697: max relative diff=0.000027, 228.26 sec so far
Iteration 713: max relative diff=0.000024, 233.44 sec so far
Iteration 729: max relative diff=0.000022, 238.63 sec so far
Iteration 745: max relative diff=0.000020, 243.82 sec so far
Iteration 761: max relative diff=0.000018, 249.01 sec so far
Iteration 777: max relative diff=0.000016, 254.19 sec so far
Iteration 793: max relative diff=0.000014, 259.38 sec so far
Iteration 809: max relative diff=0.000013, 264.57 sec so far
Iteration 825: max relative diff=0.000012, 269.76 sec so far
Iteration 841: max relative diff=0.000010, 274.95 sec so far
Iteration 857: max relative diff=0.000009, 280.14 sec so far
Iteration 873: max relative diff=0.000008, 285.32 sec so far
Iteration 889: max relative diff=0.000008, 290.51 sec so far
Iteration 905: max relative diff=0.000007, 295.69 sec so far
Iteration 921: max relative diff=0.000006, 300.87 sec so far
Iteration 937: max relative diff=0.000006, 306.05 sec so far
Iteration 953: max relative diff=0.000005, 311.24 sec so far
Iteration 969: max relative diff=0.000004, 316.42 sec so far
Iteration 985: max relative diff=0.000004, 321.61 sec so far
Iteration 1001: max relative diff=0.000004, 326.79 sec so far
Iteration 1017: max relative diff=0.000003, 331.98 sec so far
Iteration 1033: max relative diff=0.000003, 337.16 sec so far
Iteration 1049: max relative diff=0.000003, 342.35 sec so far
Iteration 1065: max relative diff=0.000002, 347.53 sec so far
Iteration 1081: max relative diff=0.000002, 352.71 sec so far
Iteration 1097: max relative diff=0.000002, 357.90 sec so far
Iteration 1113: max relative diff=0.000002, 363.08 sec so far
Iteration 1129: max relative diff=0.000002, 368.27 sec so far
Iteration 1145: max relative diff=0.000001, 373.46 sec so far
Iteration 1161: max relative diff=0.000001, 378.65 sec so far
Iteration 1177: max relative diff=0.000001, 383.83 sec so far
Iteration 1193: max relative diff=0.000001, 389.02 sec so far

Iterative method: 1199 iterations in 390.97 seconds (average 0.326078, setup 20.92)

Value in the initial state: 0.569333149332851

Time for model checking: 412.825 seconds.

Result: 0.569333149332851 (value in the initial state)

Warning: CUDD reports 16322653 non-zero references.

