PRISM
=====

Version: 4.4.dev
Date: Mon Jun 18 01:34:08 IRDT 2018
Hostname: sadegh-H81M-S2PH
Memory limits: cudd=1g, java(heap)=2.1g
Command line: prism dns93.nm dns.pctl -s -backwardvaliter -maxiters 90050 -epsilon 1e-6 -javamaxmem 2400m

Parsing model file "dns93.nm"...

Parsing properties file "dns.pctl"...

1 property:
(1) Pmax=? [ "pp" U "qq" ]

Type:        MDP
Modules:     m1 m2 m3 
Variables:   s1 s2 s3 

---------------------------------------------------------------------

Model checking: Pmax=? [ "pp" U "qq" ]

Building model...

Computing reachable states...

Reachability (BFS): 3 iterations in 0.01 seconds (average 0.001667, setup 0.00)

Time for model construction: 15.045 seconds.

Type:        MDP
States:      8000 (1 initial)
Transitions: 127456972
Choices:     32000

Transition matrix: 14448673 nodes (388700 terminal), 127456972 minterms, vars: 15r/15c/4nd

Prob0A: 2 iterations in 0.01 seconds (average 0.003000, setup 0.00)

Prob1E: 4 iterations in 0.01 seconds (average 0.001750, setup 0.00)

yes = 10, no = 66, maybe = 7924

Computing remaining probabilities...
Engine: Sparse

Building sparse matrix(FOR GS)... [n=8000, nc=31696, nnz=126276130, k=4] [1.4 GB]
Creating vector for yes...[62.5 KB]
Allocating iteration vectors... [2 x 62.5 KB]
TOTAL: [1.4 GB]

Starting iterations...
Iteration 17: max relative diff=0.052052, 5.01 sec so far
Iteration 41: max relative diff=0.015363, 10.06 sec so far
Iteration 65: max relative diff=0.007152, 15.12 sec so far
Iteration 89: max relative diff=0.003881, 20.16 sec so far
Iteration 113: max relative diff=0.002268, 25.21 sec so far
Iteration 137: max relative diff=0.001380, 30.25 sec so far
Iteration 161: max relative diff=0.000860, 35.30 sec so far
Iteration 185: max relative diff=0.000544, 40.34 sec so far
Iteration 209: max relative diff=0.000348, 45.39 sec so far
Iteration 233: max relative diff=0.000224, 50.43 sec so far
Iteration 257: max relative diff=0.000144, 55.48 sec so far
Iteration 281: max relative diff=0.000093, 60.52 sec so far
Iteration 305: max relative diff=0.000060, 65.57 sec so far
Iteration 329: max relative diff=0.000039, 70.62 sec so far
Iteration 353: max relative diff=0.000025, 75.67 sec so far
Iteration 377: max relative diff=0.000016, 80.72 sec so far
Iteration 401: max relative diff=0.000011, 85.77 sec so far
Iteration 425: max relative diff=0.000007, 90.82 sec so far
Iteration 449: max relative diff=0.000005, 95.87 sec so far
Iteration 473: max relative diff=0.000003, 100.92 sec so far
Iteration 497: max relative diff=0.000002, 105.97 sec so far
Iteration 521: max relative diff=0.000001, 111.02 sec so far

Iterative method: 533 iterations in 113.55 seconds (average 0.213038, setup 15.25)

Value in the initial state: 0.2532546430048139

Time for model checking: 129.413 seconds.

Result: 0.2532546430048139 (value in the initial state)

Warning: CUDD reports 15779737 non-zero references.

