PRISM
=====

Version: 4.4.dev
Date: Tue Jun 19 16:58:00 IRDT 2018
Hostname: sadegh-H81M-S2PH
Memory limits: cudd=1g, java(heap)=2.1g
Command line: prism dns177.nm dns.pctl -s -bucketvaliter2 -maxiters 90050 -javamaxmem 2400m

Parsing model file "dns177.nm"...

Parsing properties file "dns.pctl"...

1 property:
(1) Pmax=? [ "pp" U "qq" ]

Type:        MDP
Modules:     m1 m2 m3 
Variables:   s1 s2 s3 

---------------------------------------------------------------------

Model checking: Pmax=? [ "pp" U "qq" ]

Building model...

Computing reachable states...

Reachability (BFS): 3 iterations in 0.02 seconds (average 0.006000, setup 0.00)

Time for model construction: 22.819 seconds.

Type:        MDP
States:      9600 (1 initial)
Transitions: 40188955
Choices:     38400

Transition matrix: 20714270 nodes (517215 terminal), 40188955 minterms, vars: 15r/15c/4nd

Prob0A: 3 iterations in 0.01 seconds (average 0.002000, setup 0.00)

Prob1E: 4 iterations in 0.00 seconds (average 0.000750, setup 0.00)

yes = 10, no = 45, maybe = 9545

Computing remaining probabilities...
Engine: Sparse

Building sparse matrix(FOR GS)... [n=9600, nc=38180, nnz=39964088, k=4] [457.5 MB]
Creating vector for yes...[75.0 KB]
Allocating iteration vectors... [2 x 75.0 KB]
TOTAL: [457.8 MB]

Starting iterations...

Iterative method: 3883513 iterations in 254.88 seconds (average 0.000066, setup 8.67)

Value in the initial state: 0.4205398561119945

Time for model checking: 270.037 seconds.

Result: 0.4205398561119945 (value in the initial state)

