PRISM
=====

Version: 4.4.dev
Date: Sun May 20 20:56:50 IRDT 2018
Hostname: sadegh-H81M-S2PH
Memory limits: cudd=1g, java(heap)=2.1g
Command line: prism dns101.nm dns.pctl -s -modpoliter -maxiters 90050 -epsilon 1e-8 -javamaxmem 2400m

Parsing model file "dns101.nm"...

Parsing properties file "dns.pctl"...

1 property:
(1) Pmax=? [ "pp" U "qq" ]

Type:        MDP
Modules:     m1 m2 m3 
Variables:   s1 s2 s3 

---------------------------------------------------------------------

Model checking: Pmax=? [ "pp" U "qq" ]

Building model...

Computing reachable states...

Reachability (BFS): 3 iterations in 0.00 seconds (average 0.000333, setup 0.00)

Time for model construction: 4.574 seconds.

Type:        MDP
States:      8000 (1 initial)
Transitions: 52343826
Choices:     16000

Transition matrix: 6466738 nodes (410510 terminal), 52343826 minterms, vars: 15r/15c/2nd

Prob0A: 3 iterations in 0.00 seconds (average 0.001333, setup 0.00)

Prob1E: 4 iterations in 0.00 seconds (average 0.000500, setup 0.00)

yes = 10, no = 78, maybe = 7912

Computing remaining probabilities...
Engine: Sparse

Building sparse matrix (FOR POLICY ITERASION)... [n=8000, nc=15824, nnz=51801945, k=2] [592.9 MB]
Creating vector for yes...[62.5 KB]
Allocating iteration vectors... [2 x 62.5 KB]
TOTAL: [593.1 MB]

Starting iterations...
Iteration 202: max relative diff=0.046576, 5.57 sec so far
Iteration 404: max relative diff=0.001537, 11.05 sec so far
Iteration 606: max relative diff=0.000053, 16.53 sec so far
Iteration 808: max relative diff=0.000000, 22.02 sec so far
Iteration 1010: max relative diff=0.000000, 27.50 sec so far

Iterative method: 1041 iterations in 28.35 seconds (average 0.027237, setup 3.45)

Value in the initial state: 0.23543474002877643

Time for model checking: 31.988 seconds.

Result: 0.23543474002877643 (value in the initial state)

