PRISM
=====

Version: 4.4.dev
Date: Sun May 20 11:54:54 IRDT 2018
Hostname: sadegh-H81M-S2PH
Memory limits: cudd=1g, java(heap)=2.1g
Command line: prism dns20.nm dns.pctl -s -explicitmodpoliter -maxiters 90050 -epsilon 1e-8 -javamaxmem 2400m

Parsing model file "dns20.nm"...

Parsing properties file "dns.pctl"...

1 property:
(1) Pmax=? [ "pp" U "qq" ]

Type:        MDP
Modules:     m1 m2 m3 
Variables:   s1 s2 s3 

---------------------------------------------------------------------

Model checking: Pmax=? [ "pp" U "qq" ]

Building model...

Computing reachable states...

Reachability (BFS): 3 iterations in 0.00 seconds (average 0.000333, setup 0.00)

Time for model construction: 6.1 seconds.

Type:        MDP
States:      8000 (1 initial)
Transitions: 186452652
Choices:     24000

Transition matrix: 8917711 nodes (421243 terminal), 186452652 minterms, vars: 15r/15c/3nd

Prob0A: 2 iterations in 0.00 seconds (average 0.000500, setup 0.00)

Prob1E: 4 iterations in 0.00 seconds (average 0.000250, setup 0.00)

yes = 10, no = 36, maybe = 7954

Computing remaining probabilities...
Engine: Sparse

Building sparse matrix (FOR POLICY ITERASION)... [n=8000, nc=23862, nnz=185398637, k=3] [2.1 GB]
Creating vector for yes...[62.5 KB]
Allocating iteration vectors... [2 x 62.5 KB]
TOTAL: [2.1 GB]

Starting iterations...
Iteration 101: max relative diff=0.270946, 5.84 sec so far
Iteration 202: max relative diff=0.018328, 11.63 sec so far
Iteration 303: max relative diff=0.005869, 17.42 sec so far
Iteration 404: max relative diff=0.001905, 23.22 sec so far
Iteration 505: max relative diff=0.000750, 29.01 sec so far
Iteration 606: max relative diff=0.000133, 34.80 sec so far
Iteration 707: max relative diff=0.000049, 40.59 sec so far
Iteration 808: max relative diff=0.000011, 46.66 sec so far
Iteration 909: max relative diff=0.000004, 52.58 sec so far
Iteration 1010: max relative diff=0.000001, 58.57 sec so far
Iteration 1111: max relative diff=0.000000, 64.65 sec so far
Iteration 1212: max relative diff=0.000000, 70.71 sec so far
Iteration 1313: max relative diff=0.000000, 76.63 sec so far
Iteration 1414: max relative diff=0.000000, 82.57 sec so far

Iterative method: 1456 iterations in 85.11 seconds (average 0.058456, setup 9.04)

Value in the initial state: 0.3509782354358871

Time for model checking: 94.903 seconds.

Result: 0.3509782354358871 (value in the initial state)

