PRISM
=====

Version: 4.4.dev
Date: Sun Jun 17 13:31:51 IRDT 2018
Hostname: sadegh-H81M-S2PH
Memory limits: cudd=1g, java(heap)=2.1g
Command line: prism dns54.nm dns.pctl -s -backwardvaliter -maxiters 90050 -epsilon 1e-6 -javamaxmem 2400m

Parsing model file "dns54.nm"...

Parsing properties file "dns.pctl"...

1 property:
(1) Pmax=? [ "pp" U "qq" ]

Type:        MDP
Modules:     m1 m2 m3 
Variables:   s1 s2 s3 

---------------------------------------------------------------------

Model checking: Pmax=? [ "pp" U "qq" ]

Building model...

Computing reachable states...

Reachability (BFS): 3 iterations in 0.00 seconds (average 0.001000, setup 0.00)

Time for model construction: 12.539 seconds.

Type:        MDP
States:      9600 (1 initial)
Transitions: 189897261
Choices:     28800

Transition matrix: 12145669 nodes (213495 terminal), 189897261 minterms, vars: 15r/15c/3nd

Prob0A: 2 iterations in 0.00 seconds (average 0.001500, setup 0.00)

Prob1E: 4 iterations in 0.00 seconds (average 0.000500, setup 0.00)

yes = 10, no = 28, maybe = 9562

Computing remaining probabilities...
Engine: Sparse

Building sparse matrix(FOR GS)... [n=9600, nc=28686, nnz=189148781, k=3] [2.1 GB]
Creating vector for yes...[75.0 KB]
Allocating iteration vectors... [2 x 75.0 KB]
TOTAL: [2.1 GB]

Starting iterations...
Iteration 8: max relative diff=0.138663, 5.04 sec so far
Iteration 24: max relative diff=0.037919, 10.07 sec so far
Iteration 40: max relative diff=0.020174, 15.11 sec so far
Iteration 56: max relative diff=0.012926, 20.15 sec so far
Iteration 72: max relative diff=0.009035, 25.19 sec so far
Iteration 88: max relative diff=0.006656, 30.23 sec so far
Iteration 104: max relative diff=0.005076, 35.26 sec so far
Iteration 120: max relative diff=0.003971, 40.30 sec so far
Iteration 136: max relative diff=0.003163, 45.34 sec so far
Iteration 152: max relative diff=0.002556, 50.37 sec so far
Iteration 168: max relative diff=0.002089, 55.41 sec so far
Iteration 184: max relative diff=0.001723, 60.45 sec so far
Iteration 200: max relative diff=0.001431, 65.49 sec so far
Iteration 216: max relative diff=0.001196, 70.53 sec so far
Iteration 232: max relative diff=0.001004, 75.57 sec so far
Iteration 248: max relative diff=0.000846, 80.60 sec so far
Iteration 264: max relative diff=0.000716, 85.64 sec so far
Iteration 280: max relative diff=0.000608, 90.68 sec so far
Iteration 296: max relative diff=0.000517, 95.72 sec so far
Iteration 312: max relative diff=0.000441, 100.76 sec so far
Iteration 328: max relative diff=0.000377, 105.80 sec so far
Iteration 344: max relative diff=0.000322, 110.84 sec so far
Iteration 360: max relative diff=0.000276, 115.88 sec so far
Iteration 376: max relative diff=0.000237, 120.92 sec so far
Iteration 392: max relative diff=0.000203, 125.96 sec so far
Iteration 408: max relative diff=0.000175, 131.00 sec so far
Iteration 424: max relative diff=0.000150, 136.03 sec so far
Iteration 440: max relative diff=0.000130, 141.06 sec so far
Iteration 456: max relative diff=0.000112, 146.10 sec so far
Iteration 472: max relative diff=0.000096, 151.14 sec so far
Iteration 488: max relative diff=0.000083, 156.18 sec so far
Iteration 504: max relative diff=0.000071, 161.21 sec so far
Iteration 520: max relative diff=0.000062, 166.25 sec so far
Iteration 536: max relative diff=0.000053, 171.28 sec so far
Iteration 552: max relative diff=0.000046, 176.32 sec so far
Iteration 568: max relative diff=0.000040, 181.36 sec so far
Iteration 584: max relative diff=0.000034, 186.39 sec so far
Iteration 600: max relative diff=0.000029, 191.43 sec so far
Iteration 616: max relative diff=0.000025, 196.47 sec so far
Iteration 632: max relative diff=0.000022, 201.50 sec so far
Iteration 648: max relative diff=0.000019, 206.54 sec so far
Iteration 664: max relative diff=0.000016, 211.58 sec so far
Iteration 680: max relative diff=0.000014, 216.62 sec so far
Iteration 696: max relative diff=0.000012, 221.66 sec so far
Iteration 712: max relative diff=0.000011, 226.70 sec so far
Iteration 728: max relative diff=0.000009, 231.74 sec so far
Iteration 744: max relative diff=0.000008, 236.77 sec so far
Iteration 760: max relative diff=0.000007, 241.80 sec so far
Iteration 776: max relative diff=0.000006, 246.84 sec so far
Iteration 792: max relative diff=0.000005, 251.88 sec so far
Iteration 808: max relative diff=0.000004, 256.91 sec so far
Iteration 824: max relative diff=0.000004, 261.94 sec so far
Iteration 840: max relative diff=0.000003, 266.98 sec so far
Iteration 856: max relative diff=0.000003, 272.02 sec so far
Iteration 872: max relative diff=0.000002, 277.06 sec so far
Iteration 888: max relative diff=0.000002, 282.09 sec so far
Iteration 904: max relative diff=0.000002, 287.13 sec so far
Iteration 920: max relative diff=0.000002, 292.17 sec so far
Iteration 936: max relative diff=0.000001, 297.21 sec so far
Iteration 952: max relative diff=0.000001, 302.25 sec so far
Iteration 968: max relative diff=0.000001, 307.28 sec so far

Iterative method: 971 iterations in 308.23 seconds (average 0.317430, setup 16.73)

Value in the initial state: 0.40026207907470324

Time for model checking: 325.954 seconds.

Result: 0.40026207907470324 (value in the initial state)

Warning: CUDD reports 12818987 non-zero references.

