PRISM
=====

Version: 4.4.dev
Date: Sun May 20 13:09:30 IRDT 2018
Hostname: sadegh-H81M-S2PH
Memory limits: cudd=1g, java(heap)=2.1g
Command line: prism dns36.nm dns.pctl -s -explicitmodpoliter -maxiters 90050 -epsilon 1e-8 -javamaxmem 2400m

Parsing model file "dns36.nm"...

Parsing properties file "dns.pctl"...

1 property:
(1) Pmax=? [ "pp" U "qq" ]

Type:        MDP
Modules:     m1 m2 m3 
Variables:   s1 s2 s3 

---------------------------------------------------------------------

Model checking: Pmax=? [ "pp" U "qq" ]

Building model...

Computing reachable states...

Reachability (BFS): 3 iterations in 0.00 seconds (average 0.000000, setup 0.00)

Time for model construction: 4.854 seconds.

Type:        MDP
States:      6800 (1 initial)
Transitions: 74694256
Choices:     13600

Transition matrix: 6227781 nodes (438261 terminal), 74694256 minterms, vars: 15r/15c/2nd

Prob0A: 2 iterations in 0.00 seconds (average 0.000500, setup 0.00)

Prob1E: 4 iterations in 0.00 seconds (average 0.000250, setup 0.00)

yes = 10, no = 21, maybe = 6769

Computing remaining probabilities...
Engine: Sparse

Building sparse matrix (FOR POLICY ITERASION)... [n=6800, nc=13538, nnz=74345955, k=2] [850.9 MB]
Creating vector for yes...[53.1 KB]
Allocating iteration vectors... [2 x 53.1 KB]
TOTAL: [851.1 MB]

Starting iterations...
Iteration 202: max relative diff=0.010261, 6.93 sec so far
Iteration 404: max relative diff=0.001206, 13.88 sec so far
Iteration 606: max relative diff=0.000373, 20.82 sec so far
Iteration 808: max relative diff=0.000093, 27.75 sec so far
Iteration 1010: max relative diff=0.000009, 34.69 sec so far
Iteration 1212: max relative diff=0.000001, 41.85 sec so far
Iteration 1414: max relative diff=0.000000, 49.00 sec so far
Iteration 1616: max relative diff=0.000000, 56.14 sec so far
Iteration 1818: max relative diff=0.000000, 63.29 sec so far

Iterative method: 1885 iterations in 65.80 seconds (average 0.034906, setup 4.49)

Value in the initial state: 0.3823938795662804

Time for model checking: 70.585 seconds.

Result: 0.3823938795662804 (value in the initial state)

