PRISM
=====

Version: 4.4.dev
Date: Sun May 20 11:41:11 IRDT 2018
Hostname: sadegh-H81M-S2PH
Memory limits: cudd=1g, java(heap)=2.1g
Command line: prism dns17.nm dns.pctl -s -improvedmodpoliter2 -maxiters 90050 -epsilon 1e-8 -javamaxmem 2400m

Parsing model file "dns17.nm"...

Parsing properties file "dns.pctl"...

1 property:
(1) Pmax=? [ "pp" U "qq" ]

Type:        MDP
Modules:     m1 m2 m3 
Variables:   s1 s2 s3 

---------------------------------------------------------------------

Model checking: Pmax=? [ "pp" U "qq" ]

Building model...

Computing reachable states...

Reachability (BFS): 2 iterations in 0.00 seconds (average 0.000000, setup 0.00)

Time for model construction: 5.227 seconds.

Type:        MDP
States:      4800 (1 initial)
Transitions: 133462529
Choices:     28800

Transition matrix: 6953775 nodes (676434 terminal), 133462529 minterms, vars: 14r/14c/6nd

Prob0A: 2 iterations in 0.00 seconds (average 0.001000, setup 0.00)

Prob1E: 4 iterations in 0.00 seconds (average 0.000000, setup 0.00)

yes = 10, no = 10, maybe = 4780

Computing remaining probabilities...
Engine: Sparse

Building sparse matrix (FOR POLICY ITERASION)... [n=4800, nc=28680, nnz=132903158, k=6] [1.5 GB]
Creating vector for yes...[37.5 KB]
Allocating iteration vectors... [2 x 37.5 KB]
TOTAL: [1.5 GB]

Starting iterations...
Iteration 606: max relative diff=0.001400, 5.45 sec so far
Iteration 1212: max relative diff=0.000059, 10.85 sec so far
Iteration 1818: max relative diff=0.000003, 16.34 sec so far
Iteration 2424: max relative diff=0.000000, 22.24 sec so far
Iteration 2983: max relative diff=0.000000, 27.79 sec so far

Iterative method: 2983 iterations in 27.79 seconds (average 0.009317, setup 6.29)


Number of scallar multiplications: 27552M 

Value in the initial state: 0.6933707971036851

Time for model checking: 34.518 seconds.

Result: 0.6933707971036851 (value in the initial state)

