PRISM
=====

Version: 4.4.dev
Date: Sun Jun 17 12:11:08 IRDT 2018
Hostname: sadegh-H81M-S2PH
Memory limits: cudd=1g, java(heap)=2.1g
Command line: prism dns50.nm dns.pctl -s -bucketvaliter2 -maxiters 90050 -javamaxmem 2400m

Parsing model file "dns50.nm"...

Parsing properties file "dns.pctl"...

1 property:
(1) Pmax=? [ "pp" U "qq" ]

Type:        MDP
Modules:     m1 m2 m3 
Variables:   s1 s2 s3 

---------------------------------------------------------------------

Model checking: Pmax=? [ "pp" U "qq" ]

Building model...

Computing reachable states...

Reachability (BFS): 3 iterations in 0.00 seconds (average 0.000667, setup 0.00)

Time for model construction: 15.403 seconds.

Type:        MDP
States:      6000 (1 initial)
Transitions: 150254660
Choices:     36000

Transition matrix: 13254486 nodes (620397 terminal), 150254660 minterms, vars: 14r/14c/6nd

Prob0A: 2 iterations in 0.02 seconds (average 0.008000, setup 0.00)

Prob1E: 4 iterations in 0.01 seconds (average 0.002000, setup 0.00)

yes = 10, no = 55, maybe = 5935

Computing remaining probabilities...
Engine: Sparse

Building sparse matrix(FOR GS)... [n=6000, nc=35610, nnz=148627311, k=6] [1.7 GB]
Creating vector for yes...[46.9 KB]
Allocating iteration vectors... [2 x 46.9 KB]
TOTAL: [1.7 GB]

Starting iterations...

Iterative method: 839005 iterations in 422.79 seconds (average 0.000504, setup 17.30)

Value in the initial state: 0.3614764384713713

Time for model checking: 443.893 seconds.

Result: 0.3614764384713713 (value in the initial state)

