PRISM
=====

Version: 4.4.dev
Date: Sun May 20 18:48:44 IRDT 2018
Hostname: sadegh-H81M-S2PH
Memory limits: cudd=1g, java(heap)=2.1g
Command line: prism dns79.nm dns.pctl -s -improvedmodpoliter2 -maxiters 90050 -epsilon 1e-8 -javamaxmem 2400m

Parsing model file "dns79.nm"...

Parsing properties file "dns.pctl"...

1 property:
(1) Pmax=? [ "pp" U "qq" ]

Type:        MDP
Modules:     m1 m2 m3 
Variables:   s1 s2 s3 

---------------------------------------------------------------------

Model checking: Pmax=? [ "pp" U "qq" ]

Building model...

Computing reachable states...

Reachability (BFS): 3 iterations in 0.00 seconds (average 0.000667, setup 0.00)

Time for model construction: 10.887 seconds.

Type:        MDP
States:      8800 (1 initial)
Transitions: 185230488
Choices:     35200

Transition matrix: 14459907 nodes (257429 terminal), 185230488 minterms, vars: 15r/15c/4nd

Prob0A: 2 iterations in 0.00 seconds (average 0.001500, setup 0.00)

Prob1E: 4 iterations in 0.00 seconds (average 0.000250, setup 0.00)

yes = 10, no = 28, maybe = 8762

Computing remaining probabilities...
Engine: Sparse

Building sparse matrix (FOR POLICY ITERASION)... [n=8800, nc=35048, nnz=184415353, k=4] [2.1 GB]
Creating vector for yes...[68.8 KB]
Allocating iteration vectors... [2 x 68.8 KB]
TOTAL: [2.1 GB]

Starting iterations...
Iteration 202: max relative diff=0.011503, 5.19 sec so far
Iteration 404: max relative diff=0.002269, 10.28 sec so far
Iteration 707: max relative diff=0.000306, 17.25 sec so far
Iteration 1010: max relative diff=0.000063, 24.22 sec so far
Iteration 1313: max relative diff=0.000010, 31.17 sec so far
Iteration 1616: max relative diff=0.000002, 38.23 sec so far
Iteration 1818: max relative diff=0.000000, 43.60 sec so far
Iteration 2020: max relative diff=0.000000, 48.92 sec so far
Iteration 2222: max relative diff=0.000000, 54.10 sec so far
Iteration 2412: max relative diff=0.000000, 59.18 sec so far

Iterative method: 2412 iterations in 59.18 seconds (average 0.024534, setup 11.86)


Number of scallar multiplications: 59925M 

Value in the initial state: 0.4145973487358182

Time for model checking: 72.614 seconds.

Result: 0.4145973487358182 (value in the initial state)

