PRISM
=====

Version: 4.4.dev
Date: Sun Jun 17 23:29:40 IRDT 2018
Hostname: sadegh-H81M-S2PH
Memory limits: cudd=1g, java(heap)=2.1g
Command line: prism dns85.nm dns.pctl -s -bucketvaliter2 -maxiters 90050 -javamaxmem 2400m

Parsing model file "dns85.nm"...

Parsing properties file "dns.pctl"...

1 property:
(1) Pmax=? [ "pp" U "qq" ]

Type:        MDP
Modules:     m1 m2 m3 
Variables:   s1 s2 s3 

---------------------------------------------------------------------

Model checking: Pmax=? [ "pp" U "qq" ]

Building model...

Computing reachable states...

Reachability (BFS): 3 iterations in 0.00 seconds (average 0.001000, setup 0.00)

Time for model construction: 11.694 seconds.

Type:        MDP
States:      9200 (1 initial)
Transitions: 83807756
Choices:     18400

Transition matrix: 9360497 nodes (292100 terminal), 83807756 minterms, vars: 15r/15c/2nd

Prob0A: 2 iterations in 0.00 seconds (average 0.002000, setup 0.00)

Prob1E: 4 iterations in 0.00 seconds (average 0.000500, setup 0.00)

yes = 10, no = 78, maybe = 9112

Computing remaining probabilities...
Engine: Sparse

Building sparse matrix(FOR GS)... [n=9200, nc=18224, nnz=83002372, k=2] [950.0 MB]
Creating vector for yes...[71.9 KB]
Allocating iteration vectors... [2 x 71.9 KB]
TOTAL: [950.2 MB]

Starting iterations...

Iterative method: 5168122 iterations in 324.72 seconds (average 0.000063, setup 10.18)

Value in the initial state: 0.22641220507968696

Time for model checking: 342.236 seconds.

Result: 0.22641220507968696 (value in the initial state)

