PRISM
=====

Version: 4.4.dev
Date: Mon Jun 18 04:42:03 IRDT 2018
Hostname: sadegh-H81M-S2PH
Memory limits: cudd=1g, java(heap)=2.1g
Command line: prism dns104.nm dns.pctl -s -gs -maxiters 90050 -epsilon 1e-6 -javamaxmem 2400m

Parsing model file "dns104.nm"...

Parsing properties file "dns.pctl"...

1 property:
(1) Pmax=? [ "pp" U "qq" ]

Type:        MDP
Modules:     m1 m2 m3 
Variables:   s1 s2 s3 

---------------------------------------------------------------------

Model checking: Pmax=? [ "pp" U "qq" ]

Building model...

Computing reachable states...

Reachability (BFS): 3 iterations in 0.00 seconds (average 0.001333, setup 0.00)

Time for model construction: 12.789 seconds.

Type:        MDP
States:      10000 (1 initial)
Transitions: 79707918
Choices:     20000

Transition matrix: 12297749 nodes (345833 terminal), 79707918 minterms, vars: 15r/15c/2nd

Prob0A: 3 iterations in 0.00 seconds (average 0.001333, setup 0.00)

Prob1E: 4 iterations in 0.00 seconds (average 0.000750, setup 0.00)

yes = 10, no = 91, maybe = 9899

Computing remaining probabilities...
Engine: Sparse

Building sparse matrix(FOR GS)... [n=10000, nc=19798, nnz=78944579, k=2] [903.6 MB]
Creating vector for yes...[78.1 KB]
Allocating iteration vectors... [2 x 78.1 KB]
TOTAL: [903.8 MB]

Starting iterations...
Iteration 39: max relative diff=0.015724, 5.13 sec so far
Iteration 78: max relative diff=0.004349, 10.26 sec so far
Iteration 117: max relative diff=0.001554, 15.38 sec so far
Iteration 156: max relative diff=0.000601, 20.52 sec so far
Iteration 194: max relative diff=0.000245, 25.52 sec so far
Iteration 232: max relative diff=0.000101, 30.52 sec so far
Iteration 270: max relative diff=0.000042, 35.52 sec so far
Iteration 308: max relative diff=0.000017, 40.53 sec so far
Iteration 347: max relative diff=0.000007, 45.66 sec so far
Iteration 385: max relative diff=0.000003, 50.66 sec so far
Iteration 423: max relative diff=0.000001, 55.66 sec so far

Iterative method: 432 iterations in 56.84 seconds (average 0.131586, setup 10.78)

Value in the initial state: 0.21315779085892714

Time for model checking: 68.074 seconds.

Result: 0.21315779085892714 (value in the initial state)

