PRISM
=====

Version: 4.4.dev
Date: Mon May 21 00:26:58 IRDT 2018
Hostname: sadegh-H81M-S2PH
Memory limits: cudd=1g, java(heap)=2.1g
Command line: prism dns134.nm dns.pctl -s -improvedmodpoliter -maxiters 90050 -epsilon 1e-8 -javamaxmem 2400m

Parsing model file "dns134.nm"...

Parsing properties file "dns.pctl"...

1 property:
(1) Pmax=? [ "pp" U "qq" ]

Type:        MDP
Modules:     m1 m2 m3 
Variables:   s1 s2 s3 

---------------------------------------------------------------------

Model checking: Pmax=? [ "pp" U "qq" ]

Building model...

Computing reachable states...

Reachability (BFS): 3 iterations in 0.00 seconds (average 0.000667, setup 0.00)

Time for model construction: 8.083 seconds.

Type:        MDP
States:      9600 (1 initial)
Transitions: 59860264
Choices:     19200

Transition matrix: 10638560 nodes (283788 terminal), 59860264 minterms, vars: 15r/15c/2nd

Prob0A: 3 iterations in 0.01 seconds (average 0.003000, setup 0.00)

Prob1E: 9 iterations in 0.02 seconds (average 0.001778, setup 0.00)

yes = 10, no = 10, maybe = 9580

Computing remaining probabilities...
Engine: Sparse

Building sparse matrix (FOR POLICY ITERASION)... [n=9600, nc=19160, nnz=59736731, k=2] [683.7 MB]
Creating vector for yes...[75.0 KB]
Allocating iteration vectors... [2 x 75.0 KB]
TOTAL: [684.0 MB]

Starting iterations...
Iteration 204: max relative diff=0.008736, 5.49 sec so far
Iteration 408: max relative diff=0.002392, 10.82 sec so far
Iteration 612: max relative diff=0.000802, 16.19 sec so far
Iteration 816: max relative diff=0.000340, 21.58 sec so far
Iteration 1020: max relative diff=0.000123, 26.95 sec so far
Iteration 1224: max relative diff=0.000075, 32.37 sec so far
Iteration 1428: max relative diff=0.000024, 37.99 sec so far
Iteration 1632: max relative diff=0.000012, 43.38 sec so far
Iteration 1836: max relative diff=0.000008, 48.84 sec so far
Iteration 2040: max relative diff=0.000003, 54.45 sec so far
Iteration 2244: max relative diff=0.000002, 60.12 sec so far
Iteration 2448: max relative diff=0.000000, 65.51 sec so far
Iteration 2652: max relative diff=0.000000, 70.91 sec so far
Iteration 2856: max relative diff=0.000000, 76.60 sec so far
Iteration 3060: max relative diff=0.000000, 82.16 sec so far
Iteration 3264: max relative diff=0.000000, 87.67 sec so far
Iteration 3468: max relative diff=0.000000, 93.34 sec so far

Iterative method: 3570 iterations in 96.04 seconds (average 0.026902, setup 4.62)

Value in the initial state: 0.6323955770451364

Time for model checking: 101.016 seconds.

Result: 0.6323955770451364 (value in the initial state)

