PRISM
=====

Version: 4.4.dev
Date: Sun May 20 14:23:51 IRDT 2018
Hostname: sadegh-H81M-S2PH
Memory limits: cudd=1g, java(heap)=2.1g
Command line: prism dns44.nm dns.pctl -s -modpoliter -maxiters 90050 -epsilon 1e-8 -javamaxmem 2400m

Parsing model file "dns44.nm"...

Parsing properties file "dns.pctl"...

1 property:
(1) Pmax=? [ "pp" U "qq" ]

Type:        MDP
Modules:     m1 m2 m3 
Variables:   s1 s2 s3 

---------------------------------------------------------------------

Model checking: Pmax=? [ "pp" U "qq" ]

Building model...

Computing reachable states...

Reachability (BFS): 2 iterations in 0.00 seconds (average 0.000500, setup 0.00)

Time for model construction: 13.547 seconds.

Type:        MDP
States:      9600 (1 initial)
Transitions: 260279538
Choices:     38400

Transition matrix: 16689425 nodes (312477 terminal), 260279538 minterms, vars: 15r/15c/4nd

Prob0A: 2 iterations in 0.00 seconds (average 0.002000, setup 0.00)

Prob1E: 4 iterations in 0.00 seconds (average 0.000750, setup 0.00)

yes = 10, no = 78, maybe = 9512

Computing remaining probabilities...
Engine: Sparse

Building sparse matrix (FOR POLICY ITERASION)... [n=9600, nc=38048, nnz=257911810, k=4] [2.9 GB]
Creating vector for yes...[75.0 KB]
Allocating iteration vectors... [2 x 75.0 KB]
TOTAL: [2.9 GB]

Starting iterations...
Iteration 101: max relative diff=0.145029, 7.01 sec so far
Iteration 202: max relative diff=0.012769, 13.90 sec so far
Iteration 303: max relative diff=0.001982, 20.76 sec so far
Iteration 404: max relative diff=0.000269, 27.62 sec so far
Iteration 505: max relative diff=0.000037, 34.49 sec so far
Iteration 606: max relative diff=0.000004, 41.36 sec so far
Iteration 707: max relative diff=0.000000, 48.23 sec so far
Iteration 808: max relative diff=0.000000, 55.10 sec so far

Iterative method: 871 iterations in 59.45 seconds (average 0.068259, setup 17.21)

Value in the initial state: 0.19092683449957676

Time for model checking: 77.498 seconds.

Result: 0.19092683449957676 (value in the initial state)

