PRISM
=====

Version: 4.4.dev
Date: Mon Jun 18 11:07:10 IRDT 2018
Hostname: sadegh-H81M-S2PH
Memory limits: cudd=1g, java(heap)=2.1g
Command line: prism dns128.nm dns.pctl -s -backwardvaliter -maxiters 90050 -epsilon 1e-6 -javamaxmem 2400m

Parsing model file "dns128.nm"...

Parsing properties file "dns.pctl"...

1 property:
(1) Pmax=? [ "pp" U "qq" ]

Type:        MDP
Modules:     m1 m2 m3 
Variables:   s1 s2 s3 

---------------------------------------------------------------------

Model checking: Pmax=? [ "pp" U "qq" ]

Building model...

Computing reachable states...

Reachability (BFS): 3 iterations in 0.01 seconds (average 0.003000, setup 0.00)

Time for model construction: 11.891 seconds.

Type:        MDP
States:      8000 (1 initial)
Transitions: 61676876
Choices:     24000

Transition matrix: 12311647 nodes (583247 terminal), 61676876 minterms, vars: 15r/15c/3nd

Prob0A: 3 iterations in 0.01 seconds (average 0.002667, setup 0.00)

Prob1E: 4 iterations in 0.00 seconds (average 0.001000, setup 0.00)

yes = 10, no = 120, maybe = 7870

Computing remaining probabilities...
Engine: Sparse

Building sparse matrix(FOR GS)... [n=8000, nc=23610, nnz=60640903, k=3] [694.1 MB]
Creating vector for yes...[62.5 KB]
Allocating iteration vectors... [2 x 62.5 KB]
TOTAL: [694.3 MB]

Starting iterations...
Iteration 46: max relative diff=0.008328, 5.07 sec so far
Iteration 96: max relative diff=0.001248, 10.16 sec so far
Iteration 146: max relative diff=0.000235, 15.24 sec so far
Iteration 196: max relative diff=0.000046, 20.33 sec so far
Iteration 246: max relative diff=0.000009, 25.41 sec so far
Iteration 296: max relative diff=0.000002, 30.50 sec so far

Iterative method: 314 iterations in 32.33 seconds (average 0.102952, setup 9.24)

Value in the initial state: 0.24386883818241256

Time for model checking: 41.866 seconds.

Result: 0.24386883818241256 (value in the initial state)

Warning: CUDD reports 13340825 non-zero references.

