PRISM
=====

Version: 4.4.dev
Date: Sun May 20 20:31:31 IRDT 2018
Hostname: sadegh-H81M-S2PH
Memory limits: cudd=1g, java(heap)=2.1g
Command line: prism dns94.nm dns.pctl -s -improvedmodpoliter2 -maxiters 90050 -epsilon 1e-8 -javamaxmem 2400m

Parsing model file "dns94.nm"...

Parsing properties file "dns.pctl"...

1 property:
(1) Pmax=? [ "pp" U "qq" ]

Type:        MDP
Modules:     m1 m2 m3 
Variables:   s1 s2 s3 

---------------------------------------------------------------------

Model checking: Pmax=? [ "pp" U "qq" ]

Building model...

Computing reachable states...

Reachability (BFS): 3 iterations in 0.00 seconds (average 0.000667, setup 0.00)

Time for model construction: 13.963 seconds.

Type:        MDP
States:      10000 (1 initial)
Transitions: 149861966
Choices:     30000

Transition matrix: 15845084 nodes (251542 terminal), 149861966 minterms, vars: 15r/15c/3nd

Prob0A: 2 iterations in 0.00 seconds (average 0.002000, setup 0.00)

Prob1E: 4 iterations in 0.00 seconds (average 0.000250, setup 0.00)

yes = 10, no = 21, maybe = 9969

Computing remaining probabilities...
Engine: Sparse

Building sparse matrix (FOR POLICY ITERASION)... [n=10000, nc=29907, nnz=149397263, k=3] [1.7 GB]
Creating vector for yes...[78.1 KB]
Allocating iteration vectors... [2 x 78.1 KB]
TOTAL: [1.7 GB]

Starting iterations...
Iteration 303: max relative diff=0.005979, 7.38 sec so far
Iteration 606: max relative diff=0.001227, 14.84 sec so far
Iteration 909: max relative diff=0.000369, 22.27 sec so far
Iteration 1212: max relative diff=0.000122, 29.66 sec so far
Iteration 1515: max relative diff=0.000041, 37.06 sec so far
Iteration 1818: max relative diff=0.000014, 44.48 sec so far
Iteration 2121: max relative diff=0.000005, 51.89 sec so far
Iteration 2323: max relative diff=0.000002, 56.93 sec so far
Iteration 2525: max relative diff=0.000001, 62.49 sec so far
Iteration 2727: max relative diff=0.000000, 68.21 sec so far
Iteration 2929: max relative diff=0.000000, 73.99 sec so far
Iteration 3131: max relative diff=0.000000, 79.65 sec so far
Iteration 3333: max relative diff=0.000000, 85.27 sec so far
Iteration 3535: max relative diff=0.000000, 91.01 sec so far

Iterative method: 3535 iterations in 91.01 seconds (average 0.025745, setup 11.64)


Number of scallar multiplications: 91858M 

Value in the initial state: 0.4415363395764186

Time for model checking: 104.701 seconds.

Result: 0.4415363395764186 (value in the initial state)

