PRISM
=====

Version: 4.4.dev
Date: Sun May 20 22:52:06 IRDT 2018
Hostname: sadegh-H81M-S2PH
Memory limits: cudd=1g, java(heap)=2.1g
Command line: prism dns114.nm dns.pctl -s -improvedmodpoliter2 -maxiters 90050 -epsilon 1e-8 -javamaxmem 2400m

Parsing model file "dns114.nm"...

Parsing properties file "dns.pctl"...

1 property:
(1) Pmax=? [ "pp" U "qq" ]

Type:        MDP
Modules:     m1 m2 m3 
Variables:   s1 s2 s3 

---------------------------------------------------------------------

Model checking: Pmax=? [ "pp" U "qq" ]

Building model...

Computing reachable states...

Reachability (BFS): 3 iterations in 0.00 seconds (average 0.001000, setup 0.00)

Time for model construction: 15.149 seconds.

Type:        MDP
States:      10000 (1 initial)
Transitions: 123910600
Choices:     30000

Transition matrix: 17618754 nodes (296745 terminal), 123910600 minterms, vars: 15r/15c/3nd

Prob0A: 2 iterations in 0.00 seconds (average 0.001500, setup 0.00)

Prob1E: 4 iterations in 0.00 seconds (average 0.000250, setup 0.00)

yes = 10, no = 21, maybe = 9969

Computing remaining probabilities...
Engine: Sparse

Building sparse matrix (FOR POLICY ITERASION)... [n=10000, nc=29907, nnz=123534742, k=3] [1.4 GB]
Creating vector for yes...[78.1 KB]
Allocating iteration vectors... [2 x 78.1 KB]
TOTAL: [1.4 GB]

Starting iterations...
Iteration 303: max relative diff=0.006135, 5.99 sec so far
Iteration 606: max relative diff=0.001333, 11.94 sec so far
Iteration 909: max relative diff=0.000423, 17.91 sec so far
Iteration 1212: max relative diff=0.000124, 23.92 sec so far
Iteration 1515: max relative diff=0.000041, 29.91 sec so far
Iteration 1818: max relative diff=0.000015, 35.92 sec so far
Iteration 2121: max relative diff=0.000005, 41.92 sec so far
Iteration 2424: max relative diff=0.000001, 48.14 sec so far
Iteration 2727: max relative diff=0.000000, 54.83 sec so far
Iteration 3030: max relative diff=0.000000, 61.81 sec so far
Iteration 3333: max relative diff=0.000000, 68.50 sec so far
Iteration 3636: max relative diff=0.000000, 75.19 sec so far

Iterative method: 3725 iterations in 77.18 seconds (average 0.020720, setup 10.79)


Number of scallar multiplications: 78508M 

Value in the initial state: 0.42885882724711666

Time for model checking: 89.746 seconds.

Result: 0.42885882724711666 (value in the initial state)

