PRISM
=====

Version: 4.4.dev
Date: Sun May 20 23:28:33 IRDT 2018
Hostname: sadegh-H81M-S2PH
Memory limits: cudd=1g, java(heap)=2.1g
Command line: prism dns121.nm dns.pctl -s -improvedmodpoliter -maxiters 90050 -epsilon 1e-8 -javamaxmem 2400m

Parsing model file "dns121.nm"...

Parsing properties file "dns.pctl"...

1 property:
(1) Pmax=? [ "pp" U "qq" ]

Type:        MDP
Modules:     m1 m2 m3 
Variables:   s1 s2 s3 

---------------------------------------------------------------------

Model checking: Pmax=? [ "pp" U "qq" ]

Building model...

Computing reachable states...

Reachability (BFS): 3 iterations in 0.00 seconds (average 0.001000, setup 0.00)

Time for model construction: 11.914 seconds.

Type:        MDP
States:      10000 (1 initial)
Transitions: 91585208
Choices:     30000

Transition matrix: 15047611 nodes (456141 terminal), 91585208 minterms, vars: 15r/15c/3nd

Prob0A: 3 iterations in 0.00 seconds (average 0.000667, setup 0.00)

Prob1E: 4 iterations in 0.00 seconds (average 0.000250, setup 0.00)

yes = 10, no = 15, maybe = 9975

Computing remaining probabilities...
Engine: Sparse

Building sparse matrix (FOR POLICY ITERASION)... [n=10000, nc=29925, nnz=91367415, k=3] [1.0 GB]
Creating vector for yes...[78.1 KB]
Allocating iteration vectors... [2 x 78.1 KB]
TOTAL: [1.0 GB]

Starting iterations...
Iteration 204: max relative diff=0.022741, 5.23 sec so far
Iteration 408: max relative diff=0.006061, 10.59 sec so far
Iteration 612: max relative diff=0.001964, 15.99 sec so far
Iteration 816: max relative diff=0.000832, 21.39 sec so far
Iteration 1020: max relative diff=0.000306, 26.80 sec so far
Iteration 1224: max relative diff=0.000143, 32.19 sec so far
Iteration 1428: max relative diff=0.000060, 37.57 sec so far
Iteration 1632: max relative diff=0.000050, 43.05 sec so far
Iteration 1836: max relative diff=0.000040, 48.62 sec so far
Iteration 2040: max relative diff=0.000013, 54.29 sec so far
Iteration 2244: max relative diff=0.000008, 59.68 sec so far
Iteration 2448: max relative diff=0.000014, 65.06 sec so far
Iteration 2652: max relative diff=0.000003, 70.72 sec so far
Iteration 2856: max relative diff=0.000002, 76.27 sec so far
Iteration 3060: max relative diff=0.000001, 81.75 sec so far
Iteration 3264: max relative diff=0.000001, 87.12 sec so far
Iteration 3468: max relative diff=0.000001, 92.49 sec so far
Iteration 3672: max relative diff=0.000000, 97.87 sec so far
Iteration 3876: max relative diff=0.000000, 103.53 sec so far
Iteration 4080: max relative diff=0.000000, 109.14 sec so far
Iteration 4284: max relative diff=0.000000, 114.62 sec so far
Iteration 4488: max relative diff=0.000000, 120.22 sec so far
Iteration 4692: max relative diff=0.000000, 125.88 sec so far
Iteration 4896: max relative diff=0.000000, 131.37 sec so far
Iteration 5100: max relative diff=0.000000, 136.93 sec so far
Iteration 5304: max relative diff=0.000000, 142.30 sec so far

Iterative method: 5396 iterations in 144.75 seconds (average 0.026825, setup 7.42)

Value in the initial state: 0.6876990318528112

Time for model checking: 152.524 seconds.

Result: 0.6876990318528112 (value in the initial state)

