PRISM
=====

Version: 4.4.dev
Date: Sun Jun 17 23:00:58 IRDT 2018
Hostname: sadegh-H81M-S2PH
Memory limits: cudd=1g, java(heap)=2.1g
Command line: prism dns84.nm dns.pctl -s -gs -maxiters 90050 -epsilon 1e-6 -javamaxmem 2400m

Parsing model file "dns84.nm"...

Parsing properties file "dns.pctl"...

1 property:
(1) Pmax=? [ "pp" U "qq" ]

Type:        MDP
Modules:     m1 m2 m3 
Variables:   s1 s2 s3 

---------------------------------------------------------------------

Model checking: Pmax=? [ "pp" U "qq" ]

Building model...

Computing reachable states...

Reachability (BFS): 3 iterations in 0.00 seconds (average 0.001333, setup 0.00)

Time for model construction: 18.19 seconds.

Type:        MDP
States:      10400 (1 initial)
Transitions: 155426131
Choices:     31200

Transition matrix: 17097767 nodes (330486 terminal), 155426131 minterms, vars: 15r/15c/3nd

Prob0A: 2 iterations in 0.00 seconds (average 0.002000, setup 0.00)

Prob1E: 4 iterations in 0.00 seconds (average 0.000500, setup 0.00)

yes = 10, no = 28, maybe = 10362

Computing remaining probabilities...
Engine: Sparse

Building sparse matrix(FOR GS)... [n=10400, nc=31086, nnz=154881310, k=3] [1.7 GB]
Creating vector for yes...[81.2 KB]
Allocating iteration vectors... [2 x 81.2 KB]
TOTAL: [1.7 GB]

Starting iterations...
Iteration 20: max relative diff=0.045871, 5.17 sec so far
Iteration 40: max relative diff=0.018631, 10.34 sec so far
Iteration 60: max relative diff=0.010384, 15.50 sec so far
Iteration 80: max relative diff=0.006589, 20.67 sec so far
Iteration 99: max relative diff=0.004593, 25.68 sec so far
Iteration 119: max relative diff=0.003285, 30.85 sec so far
Iteration 139: max relative diff=0.002434, 36.01 sec so far
Iteration 159: max relative diff=0.001848, 41.18 sec so far
Iteration 179: max relative diff=0.001429, 46.35 sec so far
Iteration 199: max relative diff=0.001121, 51.52 sec so far
Iteration 219: max relative diff=0.000890, 56.69 sec so far
Iteration 239: max relative diff=0.000713, 61.86 sec so far
Iteration 259: max relative diff=0.000576, 67.03 sec so far
Iteration 279: max relative diff=0.000467, 72.20 sec so far
Iteration 299: max relative diff=0.000380, 77.37 sec so far
Iteration 319: max relative diff=0.000311, 82.54 sec so far
Iteration 339: max relative diff=0.000255, 87.71 sec so far
Iteration 359: max relative diff=0.000210, 92.87 sec so far
Iteration 379: max relative diff=0.000173, 98.04 sec so far
Iteration 399: max relative diff=0.000143, 103.21 sec so far
Iteration 419: max relative diff=0.000118, 108.38 sec so far
Iteration 439: max relative diff=0.000098, 113.54 sec so far
Iteration 459: max relative diff=0.000081, 118.71 sec so far
Iteration 479: max relative diff=0.000067, 123.87 sec so far
Iteration 499: max relative diff=0.000056, 129.04 sec so far
Iteration 519: max relative diff=0.000046, 134.21 sec so far
Iteration 539: max relative diff=0.000039, 139.38 sec so far
Iteration 559: max relative diff=0.000032, 144.54 sec so far
Iteration 579: max relative diff=0.000027, 149.71 sec so far
Iteration 599: max relative diff=0.000022, 154.87 sec so far
Iteration 619: max relative diff=0.000018, 160.04 sec so far
Iteration 639: max relative diff=0.000015, 165.20 sec so far
Iteration 659: max relative diff=0.000013, 170.40 sec so far
Iteration 679: max relative diff=0.000011, 175.56 sec so far
Iteration 699: max relative diff=0.000009, 180.73 sec so far
Iteration 719: max relative diff=0.000007, 185.89 sec so far
Iteration 739: max relative diff=0.000006, 191.06 sec so far
Iteration 759: max relative diff=0.000005, 196.22 sec so far
Iteration 779: max relative diff=0.000004, 201.39 sec so far
Iteration 799: max relative diff=0.000004, 206.55 sec so far
Iteration 819: max relative diff=0.000003, 211.72 sec so far
Iteration 839: max relative diff=0.000002, 216.88 sec so far
Iteration 859: max relative diff=0.000002, 222.04 sec so far
Iteration 879: max relative diff=0.000002, 227.21 sec so far
Iteration 899: max relative diff=0.000001, 232.38 sec so far
Iteration 919: max relative diff=0.000001, 237.54 sec so far

Iterative method: 937 iterations in 242.18 seconds (average 0.258467, setup 17.15)

Value in the initial state: 0.46192449953353903

Time for model checking: 260.176 seconds.

Result: 0.46192449953353903 (value in the initial state)

