PRISM
=====

Version: 4.4.dev
Date: Tue Jun 19 11:26:21 IRDT 2018
Hostname: sadegh-H81M-S2PH
Memory limits: cudd=1g, java(heap)=2.1g
Command line: prism dns153.nm dns.pctl -s -bucketvaliter2 -maxiters 90050 -javamaxmem 2400m

Parsing model file "dns153.nm"...

Parsing properties file "dns.pctl"...

1 property:
(1) Pmax=? [ "pp" U "qq" ]

Type:        MDP
Modules:     m1 m2 m3 
Variables:   s1 s2 s3 

---------------------------------------------------------------------

Model checking: Pmax=? [ "pp" U "qq" ]

Building model...

Computing reachable states...

Reachability (BFS): 3 iterations in 0.01 seconds (average 0.005000, setup 0.00)

Time for model construction: 14.508 seconds.

Type:        MDP
States:      7200 (1 initial)
Transitions: 43854375
Choices:     28800

Transition matrix: 13690333 nodes (683897 terminal), 43854375 minterms, vars: 15r/15c/4nd

Prob0A: 3 iterations in 0.01 seconds (average 0.001667, setup 0.00)

Prob1E: 4 iterations in 0.00 seconds (average 0.000750, setup 0.00)

yes = 10, no = 36, maybe = 7154

Computing remaining probabilities...
Engine: Sparse

Building sparse matrix(FOR GS)... [n=7200, nc=28616, nnz=43560576, k=4] [498.6 MB]
Creating vector for yes...[56.2 KB]
Allocating iteration vectors... [2 x 56.2 KB]
TOTAL: [498.8 MB]

Starting iterations...

Iterative method: 3908491 iterations in 335.70 seconds (average 0.000086, setup 7.49)

Value in the initial state: 0.5139765561259201

Time for model checking: 349.447 seconds.

Result: 0.5139765561259201 (value in the initial state)

