PRISM
=====

Version: 4.4.dev
Date: Mon Jun 18 12:12:55 IRDT 2018
Hostname: sadegh-H81M-S2PH
Memory limits: cudd=1g, java(heap)=2.1g
Command line: prism dns133.nm dns.pctl -s -bucketvaliter2 -maxiters 90050 -javamaxmem 2400m

Parsing model file "dns133.nm"...

Parsing properties file "dns.pctl"...

1 property:
(1) Pmax=? [ "pp" U "qq" ]

Type:        MDP
Modules:     m1 m2 m3 
Variables:   s1 s2 s3 

---------------------------------------------------------------------

Model checking: Pmax=? [ "pp" U "qq" ]

Building model...

Computing reachable states...

Reachability (BFS): 3 iterations in 0.01 seconds (average 0.002667, setup 0.00)

Time for model construction: 11.478 seconds.

Type:        MDP
States:      6000 (1 initial)
Transitions: 44006404
Choices:     24000

Transition matrix: 9991583 nodes (624710 terminal), 44006404 minterms, vars: 14r/14c/4nd

Prob0A: 3 iterations in 0.01 seconds (average 0.004333, setup 0.00)

Prob1E: 4 iterations in 0.01 seconds (average 0.001250, setup 0.00)

yes = 10, no = 120, maybe = 5870

Computing remaining probabilities...
Engine: Sparse

Building sparse matrix(FOR GS)... [n=6000, nc=23480, nnz=43068878, k=4] [493.0 MB]
Creating vector for yes...[46.9 KB]
Allocating iteration vectors... [2 x 46.9 KB]
TOTAL: [493.1 MB]

Starting iterations...

Iterative method: 687775 iterations in 68.13 seconds (average 0.000099, setup 7.85)

Value in the initial state: 0.18147138811398508

Time for model checking: 77.304 seconds.

Result: 0.18147138811398508 (value in the initial state)

