PRISM
=====

Version: 4.4.dev
Date: Tue Jun 19 10:43:12 IRDT 2018
Hostname: sadegh-H81M-S2PH
Memory limits: cudd=1g, java(heap)=2.1g
Command line: prism dns147.nm dns.pctl -s -backwardvaliter -maxiters 90050 -epsilon 1e-6 -javamaxmem 2400m

Parsing model file "dns147.nm"...

Parsing properties file "dns.pctl"...

1 property:
(1) Pmax=? [ "pp" U "qq" ]

Type:        MDP
Modules:     m1 m2 m3 
Variables:   s1 s2 s3 

---------------------------------------------------------------------

Model checking: Pmax=? [ "pp" U "qq" ]

Building model...

Computing reachable states...

Reachability (BFS): 3 iterations in 0.00 seconds (average 0.001333, setup 0.00)

Time for model construction: 14.103 seconds.

Type:        MDP
States:      9600 (1 initial)
Transitions: 56052504
Choices:     28800

Transition matrix: 15454528 nodes (542905 terminal), 56052504 minterms, vars: 15r/15c/3nd

Prob0A: 3 iterations in 0.01 seconds (average 0.002333, setup 0.00)

Prob1E: 4 iterations in 0.01 seconds (average 0.001750, setup 0.00)

yes = 10, no = 45, maybe = 9545

Computing remaining probabilities...
Engine: Sparse

Building sparse matrix(FOR GS)... [n=9600, nc=28635, nnz=55733922, k=3] [638.0 MB]
Creating vector for yes...[75.0 KB]
Allocating iteration vectors... [2 x 75.0 KB]
TOTAL: [638.2 MB]

Starting iterations...
Iteration 49: max relative diff=0.012104, 5.03 sec so far
Iteration 103: max relative diff=0.003261, 10.08 sec so far
Iteration 157: max relative diff=0.001337, 15.13 sec so far
Iteration 211: max relative diff=0.000641, 20.19 sec so far
Iteration 265: max relative diff=0.000329, 25.24 sec so far
Iteration 319: max relative diff=0.000175, 30.30 sec so far
Iteration 373: max relative diff=0.000095, 35.35 sec so far
Iteration 427: max relative diff=0.000052, 40.41 sec so far
Iteration 481: max relative diff=0.000028, 45.47 sec so far
Iteration 535: max relative diff=0.000016, 50.52 sec so far
Iteration 589: max relative diff=0.000009, 55.57 sec so far
Iteration 643: max relative diff=0.000005, 60.63 sec so far
Iteration 697: max relative diff=0.000003, 65.69 sec so far
Iteration 751: max relative diff=0.000001, 70.74 sec so far

Iterative method: 785 iterations in 73.92 seconds (average 0.094171, setup 8.56)

Value in the initial state: 0.4391555295446939

Time for model checking: 82.783 seconds.

Result: 0.4391555295446939 (value in the initial state)

Warning: CUDD reports 15743142 non-zero references.

