PRISM
=====

Version: 4.4.dev
Date: Sun May 20 19:57:36 IRDT 2018
Hostname: sadegh-H81M-S2PH
Memory limits: cudd=1g, java(heap)=2.1g
Command line: prism dns86.nm dns.pctl -s -improvedmodpoliter2 -maxiters 90050 -epsilon 1e-8 -javamaxmem 2400m

Parsing model file "dns86.nm"...

Parsing properties file "dns.pctl"...

1 property:
(1) Pmax=? [ "pp" U "qq" ]

Type:        MDP
Modules:     m1 m2 m3 
Variables:   s1 s2 s3 

---------------------------------------------------------------------

Model checking: Pmax=? [ "pp" U "qq" ]

Building model...

Computing reachable states...

Reachability (BFS): 3 iterations in 0.00 seconds (average 0.001333, setup 0.00)

Time for model construction: 19.919 seconds.

Type:        MDP
States:      7600 (1 initial)
Transitions: 168041377
Choices:     45600

Transition matrix: 20679060 nodes (603921 terminal), 168041377 minterms, vars: 15r/15c/6nd

Prob0A: 2 iterations in 0.00 seconds (average 0.001500, setup 0.00)

Prob1E: 4 iterations in 0.00 seconds (average 0.000750, setup 0.00)

yes = 10, no = 55, maybe = 7535

Computing remaining probabilities...
Engine: Sparse

Building sparse matrix (FOR POLICY ITERASION)... [n=7600, nc=45210, nnz=166642416, k=6] [1.9 GB]
Creating vector for yes...[59.4 KB]
Allocating iteration vectors... [2 x 59.4 KB]
TOTAL: [1.9 GB]

Starting iterations...
Iteration 404: max relative diff=0.002561, 5.17 sec so far
Iteration 808: max relative diff=0.000030, 10.41 sec so far
Iteration 1212: max relative diff=0.000000, 15.91 sec so far
Iteration 1545: max relative diff=0.000000, 20.96 sec so far

Iterative method: 1545 iterations in 20.96 seconds (average 0.013564, setup 13.79)


Number of scallar multiplications: 21297M 

Value in the initial state: 0.36198603113824607

Time for model checking: 35.598 seconds.

Result: 0.36198603113824607 (value in the initial state)

