PRISM
=====

Version: 4.4.dev
Date: Tue Jun 19 16:09:45 IRDT 2018
Hostname: sadegh-H81M-S2PH
Memory limits: cudd=1g, java(heap)=2.1g
Command line: prism dns173.nm dns.pctl -s -bucketvaliter2 -maxiters 90050 -javamaxmem 2400m

Parsing model file "dns173.nm"...

Parsing properties file "dns.pctl"...

1 property:
(1) Pmax=? [ "pp" U "qq" ]

Type:        MDP
Modules:     m1 m2 m3 
Variables:   s1 s2 s3 

---------------------------------------------------------------------

Model checking: Pmax=? [ "pp" U "qq" ]

Building model...

Computing reachable states...

Reachability (BFS): 3 iterations in 0.01 seconds (average 0.002000, setup 0.00)

Time for model construction: 8.983 seconds.

Type:        MDP
States:      6400 (1 initial)
Transitions: 17594139
Choices:     25600

Transition matrix: 9294567 nodes (736006 terminal), 17594139 minterms, vars: 14r/14c/4nd

Prob0A: 3 iterations in 0.01 seconds (average 0.004000, setup 0.00)

Prob1E: 4 iterations in 0.00 seconds (average 0.000500, setup 0.00)

yes = 10, no = 21, maybe = 6369

Computing remaining probabilities...
Engine: Sparse

Building sparse matrix(FOR GS)... [n=6400, nc=25476, nnz=17509239, k=4] [200.5 MB]
Creating vector for yes...[50.0 KB]
Allocating iteration vectors... [2 x 50.0 KB]
TOTAL: [200.6 MB]

Starting iterations...

Iterative method: 16536554 iterations in 602.04 seconds (average 0.000036, setup 3.81)

Value in the initial state: 0.8193483456652356

Time for model checking: 629.554 seconds.

Result: 0.8193483456652356 (value in the initial state)

