PRISM
=====

Version: 4.4.dev
Date: Sun Jun 17 11:10:30 IRDT 2018
Hostname: sadegh-H81M-S2PH
Memory limits: cudd=1g, java(heap)=2.1g
Command line: prism dns48.nm dns.pctl -s -gs -maxiters 90050 -epsilon 1e-6 -javamaxmem 2400m

Parsing model file "dns48.nm"...

Parsing properties file "dns.pctl"...

1 property:
(1) Pmax=? [ "pp" U "qq" ]

Type:        MDP
Modules:     m1 m2 m3 
Variables:   s1 s2 s3 

---------------------------------------------------------------------

Model checking: Pmax=? [ "pp" U "qq" ]

Building model...

Computing reachable states...

Reachability (BFS): 3 iterations in 0.00 seconds (average 0.001333, setup 0.00)

Time for model construction: 23.109 seconds.

Type:        MDP
States:      8400 (1 initial)
Transitions: 250908948
Choices:     42000

Transition matrix: 19784904 nodes (432863 terminal), 250908948 minterms, vars: 15r/15c/5nd

Prob0A: 2 iterations in 0.02 seconds (average 0.012000, setup 0.00)

Prob1E: 4 iterations in 0.01 seconds (average 0.001250, setup 0.00)

yes = 10, no = 105, maybe = 8285

Computing remaining probabilities...
Engine: Sparse

Building sparse matrix(FOR GS)... [n=8400, nc=41425, nnz=247434551, k=5] [2.8 GB]
Creating vector for yes...[65.6 KB]
Allocating iteration vectors... [2 x 65.6 KB]
TOTAL: [2.8 GB]

Starting iterations...
Iteration 13: max relative diff=0.067383, 5.36 sec so far
Iteration 26: max relative diff=0.024891, 10.71 sec so far
Iteration 39: max relative diff=0.012672, 16.06 sec so far
Iteration 52: max relative diff=0.007252, 21.41 sec so far
Iteration 65: max relative diff=0.004444, 26.76 sec so far
Iteration 78: max relative diff=0.002813, 32.10 sec so far
Iteration 91: max relative diff=0.001821, 37.45 sec so far
Iteration 104: max relative diff=0.001195, 42.80 sec so far
Iteration 117: max relative diff=0.000792, 48.15 sec so far
Iteration 130: max relative diff=0.000528, 53.49 sec so far
Iteration 143: max relative diff=0.000354, 58.84 sec so far
Iteration 156: max relative diff=0.000237, 64.18 sec so far
Iteration 169: max relative diff=0.000160, 69.53 sec so far
Iteration 182: max relative diff=0.000108, 74.88 sec so far
Iteration 195: max relative diff=0.000072, 80.23 sec so far
Iteration 208: max relative diff=0.000049, 85.58 sec so far
Iteration 221: max relative diff=0.000033, 90.92 sec so far
Iteration 234: max relative diff=0.000022, 96.26 sec so far
Iteration 247: max relative diff=0.000015, 101.61 sec so far
Iteration 260: max relative diff=0.000010, 106.95 sec so far
Iteration 273: max relative diff=0.000007, 112.31 sec so far
Iteration 286: max relative diff=0.000005, 117.65 sec so far
Iteration 299: max relative diff=0.000003, 123.00 sec so far
Iteration 312: max relative diff=0.000002, 128.34 sec so far
Iteration 325: max relative diff=0.000001, 133.69 sec so far

Iterative method: 337 iterations in 138.62 seconds (average 0.411350, setup 29.68)

Value in the initial state: 0.2304564783874273

Time for model checking: 169.713 seconds.

Result: 0.2304564783874273 (value in the initial state)

