PRISM
=====

Version: 4.4.dev
Date: Sun Jun 17 10:44:26 IRDT 2018
Hostname: sadegh-H81M-S2PH
Memory limits: cudd=1g, java(heap)=2.1g
Command line: prism dns46.nm dns.pctl -s -gs -maxiters 90050 -epsilon 1e-6 -javamaxmem 2400m

Parsing model file "dns46.nm"...

Parsing properties file "dns.pctl"...

1 property:
(1) Pmax=? [ "pp" U "qq" ]

Type:        MDP
Modules:     m1 m2 m3 
Variables:   s1 s2 s3 

---------------------------------------------------------------------

Model checking: Pmax=? [ "pp" U "qq" ]

Building model...

Computing reachable states...

Reachability (BFS): 3 iterations in 0.00 seconds (average 0.001000, setup 0.00)

Time for model construction: 10.782 seconds.

Type:        MDP
States:      6400 (1 initial)
Transitions: 141001533
Choices:     32000

Transition matrix: 10420671 nodes (439249 terminal), 141001533 minterms, vars: 14r/14c/5nd

Prob0A: 2 iterations in 0.01 seconds (average 0.004000, setup 0.00)

Prob1E: 4 iterations in 0.01 seconds (average 0.001250, setup 0.00)

yes = 10, no = 120, maybe = 6270

Computing remaining probabilities...
Engine: Sparse

Building sparse matrix(FOR GS)... [n=6400, nc=31350, nnz=138169892, k=5] [1.5 GB]
Creating vector for yes...[50.0 KB]
Allocating iteration vectors... [2 x 50.0 KB]
TOTAL: [1.5 GB]

Starting iterations...
Iteration 22: max relative diff=0.026760, 5.05 sec so far
Iteration 44: max relative diff=0.006608, 10.10 sec so far
Iteration 66: max relative diff=0.002100, 15.16 sec so far
Iteration 88: max relative diff=0.000717, 20.21 sec so far
Iteration 110: max relative diff=0.000251, 25.27 sec so far
Iteration 132: max relative diff=0.000089, 30.32 sec so far
Iteration 154: max relative diff=0.000031, 35.37 sec so far
Iteration 176: max relative diff=0.000011, 40.42 sec so far
Iteration 198: max relative diff=0.000004, 45.48 sec so far
Iteration 220: max relative diff=0.000001, 50.53 sec so far

Iterative method: 228 iterations in 52.37 seconds (average 0.229680, setup 14.73)

Value in the initial state: 0.17649880389054082

Time for model checking: 67.875 seconds.

Result: 0.17649880389054082 (value in the initial state)

