PRISM
=====

Version: 4.4.dev
Date: Sun May 20 13:17:00 IRDT 2018
Hostname: sadegh-H81M-S2PH
Memory limits: cudd=1g, java(heap)=2.1g
Command line: prism dns37.nm dns.pctl -s -improvedmodpoliter2 -maxiters 90050 -epsilon 1e-8 -javamaxmem 2400m

Parsing model file "dns37.nm"...

Parsing properties file "dns.pctl"...

1 property:
(1) Pmax=? [ "pp" U "qq" ]

Type:        MDP
Modules:     m1 m2 m3 
Variables:   s1 s2 s3 

---------------------------------------------------------------------

Model checking: Pmax=? [ "pp" U "qq" ]

Building model...

Computing reachable states...

Reachability (BFS): 3 iterations in 0.00 seconds (average 0.000000, setup 0.00)

Time for model construction: 11.566 seconds.

Type:        MDP
States:      8000 (1 initial)
Transitions: 260109040
Choices:     40000

Transition matrix: 14624219 nodes (277218 terminal), 260109040 minterms, vars: 15r/15c/5nd

Prob0A: 2 iterations in 0.00 seconds (average 0.001000, setup 0.00)

Prob1E: 4 iterations in 0.00 seconds (average 0.000250, setup 0.00)

yes = 10, no = 21, maybe = 7969

Computing remaining probabilities...
Engine: Sparse

Building sparse matrix (FOR POLICY ITERASION)... [n=8000, nc=39845, nnz=259108603, k=5] [2.9 GB]
Creating vector for yes...[62.5 KB]
Allocating iteration vectors... [2 x 62.5 KB]
TOTAL: [2.9 GB]

Starting iterations...
Iteration 202: max relative diff=0.011464, 5.17 sec so far
Iteration 404: max relative diff=0.002601, 10.42 sec so far
Iteration 606: max relative diff=0.000912, 15.67 sec so far
Iteration 808: max relative diff=0.000253, 20.92 sec so far
Iteration 1010: max relative diff=0.000085, 26.15 sec so far
Iteration 1212: max relative diff=0.000028, 31.39 sec so far
Iteration 1414: max relative diff=0.000009, 36.62 sec so far
Iteration 1616: max relative diff=0.000003, 41.86 sec so far
Iteration 1818: max relative diff=0.000001, 47.70 sec so far
Iteration 2020: max relative diff=0.000000, 53.89 sec so far
Iteration 2222: max relative diff=0.000000, 59.64 sec so far
Iteration 2424: max relative diff=0.000000, 65.42 sec so far
Iteration 2626: max relative diff=0.000000, 71.46 sec so far

Iterative method: 2626 iterations in 71.46 seconds (average 0.027213, setup 14.27)


Number of scallar multiplications: 72415M 

Value in the initial state: 0.4488019315470182

Time for model checking: 87.761 seconds.

Result: 0.4488019315470182 (value in the initial state)

