PRISM
=====

Version: 4.4.dev
Date: Sun May 20 19:46:57 IRDT 2018
Hostname: sadegh-H81M-S2PH
Memory limits: cudd=1g, java(heap)=2.1g
Command line: prism dns84.nm dns.pctl -s -explicitmodpoliter -maxiters 90050 -epsilon 1e-8 -javamaxmem 2400m

Parsing model file "dns84.nm"...

Parsing properties file "dns.pctl"...

1 property:
(1) Pmax=? [ "pp" U "qq" ]

Type:        MDP
Modules:     m1 m2 m3 
Variables:   s1 s2 s3 

---------------------------------------------------------------------

Model checking: Pmax=? [ "pp" U "qq" ]

Building model...

Computing reachable states...

Reachability (BFS): 3 iterations in 0.00 seconds (average 0.001000, setup 0.00)

Time for model construction: 13.984 seconds.

Type:        MDP
States:      10400 (1 initial)
Transitions: 155426131
Choices:     31200

Transition matrix: 17097767 nodes (330486 terminal), 155426131 minterms, vars: 15r/15c/3nd

Prob0A: 2 iterations in 0.00 seconds (average 0.001000, setup 0.00)

Prob1E: 4 iterations in 0.00 seconds (average 0.000750, setup 0.00)

yes = 10, no = 28, maybe = 10362

Computing remaining probabilities...
Engine: Sparse

Building sparse matrix (FOR POLICY ITERASION)... [n=10400, nc=31086, nnz=154881310, k=3] [1.7 GB]
Creating vector for yes...[81.2 KB]
Allocating iteration vectors... [2 x 81.2 KB]
TOTAL: [1.7 GB]

Starting iterations...
Iteration 202: max relative diff=0.013200, 9.44 sec so far
Iteration 404: max relative diff=0.001640, 18.85 sec so far
Iteration 606: max relative diff=0.000169, 28.34 sec so far
Iteration 808: max relative diff=0.000017, 37.85 sec so far
Iteration 1010: max relative diff=0.000002, 47.37 sec so far
Iteration 1212: max relative diff=0.000000, 56.88 sec so far
Iteration 1414: max relative diff=0.000000, 66.40 sec so far
Iteration 1539: max relative diff=0.000000, 72.63 sec so far

Iterative method: 1539 iterations in 72.63 seconds (average 0.047194, setup 11.61)

Value in the initial state: 0.461973914911417

Time for model checking: 84.843 seconds.

Result: 0.461973914911417 (value in the initial state)

