PRISM
=====

Version: 4.4.dev
Date: Sun May 20 14:31:13 IRDT 2018
Hostname: sadegh-H81M-S2PH
Memory limits: cudd=1g, java(heap)=2.1g
Command line: prism dns45.nm dns.pctl -s -explicitmodpoliter -maxiters 90050 -epsilon 1e-8 -javamaxmem 2400m

Parsing model file "dns45.nm"...

Parsing properties file "dns.pctl"...

1 property:
(1) Pmax=? [ "pp" U "qq" ]

Type:        MDP
Modules:     m1 m2 m3 
Variables:   s1 s2 s3 

---------------------------------------------------------------------

Model checking: Pmax=? [ "pp" U "qq" ]

Building model...

Computing reachable states...

Reachability (BFS): 3 iterations in 0.00 seconds (average 0.000333, setup 0.00)

Time for model construction: 4.893 seconds.

Type:        MDP
States:      8000 (1 initial)
Transitions: 88694580
Choices:     16000

Transition matrix: 6748453 nodes (282094 terminal), 88694580 minterms, vars: 15r/15c/2nd

Prob0A: 2 iterations in 0.00 seconds (average 0.000500, setup 0.00)

Prob1E: 4 iterations in 0.00 seconds (average 0.000250, setup 0.00)

yes = 10, no = 28, maybe = 7962

Computing remaining probabilities...
Engine: Sparse

Building sparse matrix (FOR POLICY ITERASION)... [n=8000, nc=15924, nnz=88247774, k=2] [1010.0 MB]
Creating vector for yes...[62.5 KB]
Allocating iteration vectors... [2 x 62.5 KB]
TOTAL: [1010.2 MB]

Starting iterations...
Iteration 202: max relative diff=0.008669, 8.08 sec so far
Iteration 404: max relative diff=0.000948, 16.16 sec so far
Iteration 606: max relative diff=0.000137, 24.21 sec so far
Iteration 808: max relative diff=0.000018, 32.53 sec so far
Iteration 1010: max relative diff=0.000002, 40.85 sec so far
Iteration 1212: max relative diff=0.000000, 49.17 sec so far
Iteration 1414: max relative diff=0.000000, 57.48 sec so far
Iteration 1616: max relative diff=0.000000, 65.80 sec so far

Iterative method: 1639 iterations in 66.80 seconds (average 0.040758, setup 5.15)

Value in the initial state: 0.33467873720731517

Time for model checking: 72.304 seconds.

Result: 0.33467873720731517 (value in the initial state)

