PRISM
=====

Version: 4.4.dev
Date: Mon Jun 18 13:16:14 IRDT 2018
Hostname: sadegh-H81M-S2PH
Memory limits: cudd=1g, java(heap)=2.1g
Command line: prism dns140.nm dns.pctl -s -bucketvaliter2 -maxiters 90050 -javamaxmem 2400m

Parsing model file "dns140.nm"...

Parsing properties file "dns.pctl"...

1 property:
(1) Pmax=? [ "pp" U "qq" ]

Type:        MDP
Modules:     m1 m2 m3 
Variables:   s1 s2 s3 

---------------------------------------------------------------------

Model checking: Pmax=? [ "pp" U "qq" ]

Building model...

Computing reachable states...

Reachability (BFS): 3 iterations in 0.01 seconds (average 0.002667, setup 0.00)

Time for model construction: 10.413 seconds.

Type:        MDP
States:      7200 (1 initial)
Transitions: 51622008
Choices:     21600

Transition matrix: 9705957 nodes (356528 terminal), 51622008 minterms, vars: 15r/15c/3nd

Prob0A: 3 iterations in 0.01 seconds (average 0.001667, setup 0.00)

Prob1E: 9 iterations in 0.01 seconds (average 0.000778, setup 0.00)

yes = 10, no = 15, maybe = 7175

Computing remaining probabilities...
Engine: Sparse

Building sparse matrix(FOR GS)... [n=7200, nc=21525, nnz=51438835, k=3] [588.8 MB]
Creating vector for yes...[56.2 KB]
Allocating iteration vectors... [2 x 56.2 KB]
TOTAL: [588.9 MB]

Starting iterations...

Iterative method: 9838859 iterations in 687.23 seconds (average 0.000070, setup 6.27)

Value in the initial state: 0.5586008234049349

Time for model checking: 709.246 seconds.

Result: 0.5586008234049349 (value in the initial state)

