PRISM
=====

Version: 4.4.dev
Date: Mon Jun 18 10:42:45 IRDT 2018
Hostname: sadegh-H81M-S2PH
Memory limits: cudd=1g, java(heap)=2.1g
Command line: prism dns126.nm dns.pctl -s -gs -maxiters 90050 -epsilon 1e-6 -javamaxmem 2400m

Parsing model file "dns126.nm"...

Parsing properties file "dns.pctl"...

1 property:
(1) Pmax=? [ "pp" U "qq" ]

Type:        MDP
Modules:     m1 m2 m3 
Variables:   s1 s2 s3 

---------------------------------------------------------------------

Model checking: Pmax=? [ "pp" U "qq" ]

Building model...

Computing reachable states...

Reachability (BFS): 3 iterations in 0.01 seconds (average 0.002667, setup 0.00)

Time for model construction: 25.393 seconds.

Type:        MDP
States:      8400 (1 initial)
Transitions: 108159636
Choices:     42000

Transition matrix: 20998635 nodes (602741 terminal), 108159636 minterms, vars: 15r/15c/5nd

Prob0A: 2 iterations in 0.01 seconds (average 0.003500, setup 0.00)

Prob1E: 4 iterations in 0.01 seconds (average 0.001250, setup 0.00)

yes = 10, no = 91, maybe = 8299

Computing remaining probabilities...
Engine: Sparse

Building sparse matrix(FOR GS)... [n=8400, nc=41495, nnz=106891810, k=5] [1.2 GB]
Creating vector for yes...[65.6 KB]
Allocating iteration vectors... [2 x 65.6 KB]
TOTAL: [1.2 GB]

Starting iterations...
Iteration 28: max relative diff=0.023579, 5.00 sec so far
Iteration 56: max relative diff=0.007508, 10.02 sec so far
Iteration 84: max relative diff=0.003318, 15.04 sec so far
Iteration 112: max relative diff=0.001665, 20.04 sec so far
Iteration 140: max relative diff=0.000887, 25.05 sec so far
Iteration 168: max relative diff=0.000486, 30.07 sec so far
Iteration 196: max relative diff=0.000270, 35.08 sec so far
Iteration 224: max relative diff=0.000152, 40.09 sec so far
Iteration 252: max relative diff=0.000086, 45.10 sec so far
Iteration 280: max relative diff=0.000048, 50.11 sec so far
Iteration 308: max relative diff=0.000027, 55.13 sec so far
Iteration 336: max relative diff=0.000016, 60.14 sec so far
Iteration 364: max relative diff=0.000009, 65.15 sec so far
Iteration 392: max relative diff=0.000005, 70.16 sec so far
Iteration 420: max relative diff=0.000003, 75.18 sec so far
Iteration 448: max relative diff=0.000002, 80.19 sec so far

Iterative method: 473 iterations in 84.67 seconds (average 0.179013, setup 18.81)

Value in the initial state: 0.3540058369276068

Time for model checking: 104.128 seconds.

Result: 0.3540058369276068 (value in the initial state)

