PRISM
=====

Version: 4.4.dev
Date: Tue Jun 19 17:56:03 IRDT 2018
Hostname: sadegh-H81M-S2PH
Memory limits: cudd=1g, java(heap)=2.1g
Command line: prism dns190.nm dns.pctl -s -bucketvaliter2 -maxiters 90050 -javamaxmem 2400m

Parsing model file "dns190.nm"...

Parsing properties file "dns.pctl"...

1 property:
(1) Pmax=? [ "pp" U "qq" ]

Type:        MDP
Modules:     m1 m2 m3 
Variables:   s1 s2 s3 

---------------------------------------------------------------------

Model checking: Pmax=? [ "pp" U "qq" ]

Building model...

Computing reachable states...

Reachability (BFS): 3 iterations in 0.01 seconds (average 0.002333, setup 0.00)

Time for model construction: 9.048 seconds.

Type:        MDP
States:      8000 (1 initial)
Transitions: 12790260
Choices:     32000

Transition matrix: 9886024 nodes (749214 terminal), 12790260 minterms, vars: 15r/15c/4nd

Prob0A: 3 iterations in 0.01 seconds (average 0.002667, setup 0.00)

Prob1E: 4 iterations in 0.00 seconds (average 0.000750, setup 0.00)

yes = 10, no = 45, maybe = 7945

Computing remaining probabilities...
Engine: Sparse

Building sparse matrix(FOR GS)... [n=8000, nc=31780, nnz=12706048, k=4] [145.6 MB]
Creating vector for yes...[62.5 KB]
Allocating iteration vectors... [2 x 62.5 KB]
TOTAL: [145.7 MB]

Starting iterations...

Iterative method: 7154839 iterations in 172.87 seconds (average 0.000024, setup 3.36)

Value in the initial state: 0.7215218891922218

Time for model checking: 186.151 seconds.

Result: 0.7215218891922218 (value in the initial state)

