PRISM
=====

Version: 4.4.dev
Date: Mon May 21 00:04:05 IRDT 2018
Hostname: sadegh-H81M-S2PH
Memory limits: cudd=1g, java(heap)=2.1g
Command line: prism dns128.nm dns.pctl -s -improvedmodpoliter -maxiters 90050 -epsilon 1e-8 -javamaxmem 2400m

Parsing model file "dns128.nm"...

Parsing properties file "dns.pctl"...

1 property:
(1) Pmax=? [ "pp" U "qq" ]

Type:        MDP
Modules:     m1 m2 m3 
Variables:   s1 s2 s3 

---------------------------------------------------------------------

Model checking: Pmax=? [ "pp" U "qq" ]

Building model...

Computing reachable states...

Reachability (BFS): 3 iterations in 0.00 seconds (average 0.001000, setup 0.00)

Time for model construction: 9.05 seconds.

Type:        MDP
States:      8000 (1 initial)
Transitions: 61676876
Choices:     24000

Transition matrix: 12311647 nodes (583247 terminal), 61676876 minterms, vars: 15r/15c/3nd

Prob0A: 3 iterations in 0.01 seconds (average 0.002000, setup 0.00)

Prob1E: 4 iterations in 0.00 seconds (average 0.000750, setup 0.00)

yes = 10, no = 120, maybe = 7870

Computing remaining probabilities...
Engine: Sparse

Building sparse matrix (FOR POLICY ITERASION)... [n=8000, nc=23610, nnz=60640903, k=3] [694.1 MB]
Creating vector for yes...[62.5 KB]
Allocating iteration vectors... [2 x 62.5 KB]
TOTAL: [694.3 MB]

Starting iterations...
Iteration 306: max relative diff=0.004647, 5.29 sec so far
Iteration 612: max relative diff=0.000000, 10.56 sec so far

Iterative method: 670 iterations in 11.62 seconds (average 0.017340, setup 6.21)

Value in the initial state: 0.24387585517291493

Time for model checking: 18.137 seconds.

Result: 0.24387585517291493 (value in the initial state)

