PRISM
=====

Version: 4.4.dev
Date: Sun May 20 13:29:12 IRDT 2018
Hostname: sadegh-H81M-S2PH
Memory limits: cudd=1g, java(heap)=2.1g
Command line: prism dns40.nm dns.pctl -s -improvedmodpoliter2 -maxiters 90050 -epsilon 1e-8 -javamaxmem 2400m

Parsing model file "dns40.nm"...

Parsing properties file "dns.pctl"...

1 property:
(1) Pmax=? [ "pp" U "qq" ]

Type:        MDP
Modules:     m1 m2 m3 
Variables:   s1 s2 s3 

---------------------------------------------------------------------

Model checking: Pmax=? [ "pp" U "qq" ]

Building model...

Computing reachable states...

Reachability (BFS): 2 iterations in 0.00 seconds (average 0.000500, setup 0.00)

Time for model construction: 6.113 seconds.

Type:        MDP
States:      6400 (1 initial)
Transitions: 165216584
Choices:     32000

Transition matrix: 8095181 nodes (216093 terminal), 165216584 minterms, vars: 14r/14c/5nd

Prob0A: 2 iterations in 0.00 seconds (average 0.001000, setup 0.00)

Prob1E: 4 iterations in 0.00 seconds (average 0.000500, setup 0.00)

yes = 10, no = 28, maybe = 6362

Computing remaining probabilities...
Engine: Sparse

Building sparse matrix (FOR POLICY ITERASION)... [n=6400, nc=31810, nnz=164258610, k=5] [1.8 GB]
Creating vector for yes...[50.0 KB]
Allocating iteration vectors... [2 x 50.0 KB]
TOTAL: [1.8 GB]

Starting iterations...
Iteration 303: max relative diff=0.003982, 5.62 sec so far
Iteration 606: max relative diff=0.000200, 11.23 sec so far
Iteration 909: max relative diff=0.000013, 16.83 sec so far
Iteration 1212: max relative diff=0.000001, 22.44 sec so far
Iteration 1515: max relative diff=0.000000, 28.04 sec so far

Iterative method: 1717 iterations in 31.79 seconds (average 0.018515, setup 8.77)


Number of scallar multiplications: 32966M 

Value in the initial state: 0.38019274856324425

Time for model checking: 41.555 seconds.

Result: 0.38019274856324425 (value in the initial state)

