PRISM
=====

Version: 4.4.dev
Date: Mon May 21 01:35:25 IRDT 2018
Hostname: sadegh-H81M-S2PH
Memory limits: cudd=1g, java(heap)=2.1g
Command line: prism dns155.nm dns.pctl -s -improvedmodpoliter -maxiters 90050 -epsilon 1e-8 -javamaxmem 2400m

Parsing model file "dns155.nm"...

Parsing properties file "dns.pctl"...

1 property:
(1) Pmax=? [ "pp" U "qq" ]

Type:        MDP
Modules:     m1 m2 m3 
Variables:   s1 s2 s3 

---------------------------------------------------------------------

Model checking: Pmax=? [ "pp" U "qq" ]

Building model...

Computing reachable states...

Reachability (BFS): 3 iterations in 0.00 seconds (average 0.001333, setup 0.00)

Time for model construction: 9.242 seconds.

Type:        MDP
States:      8000 (1 initial)
Transitions: 43444446
Choices:     24000

Transition matrix: 12508130 nodes (452657 terminal), 43444446 minterms, vars: 15r/15c/3nd

Prob0A: 3 iterations in 0.01 seconds (average 0.002667, setup 0.00)

Prob1E: 4 iterations in 0.00 seconds (average 0.000500, setup 0.00)

yes = 10, no = 10, maybe = 7980

Computing remaining probabilities...
Engine: Sparse

Building sparse matrix (FOR POLICY ITERASION)... [n=8000, nc=23940, nnz=43329885, k=3] [496.0 MB]
Creating vector for yes...[62.5 KB]
Allocating iteration vectors... [2 x 62.5 KB]
TOTAL: [496.2 MB]

Starting iterations...
Iteration 408: max relative diff=0.002900, 5.40 sec so far
Iteration 816: max relative diff=0.000500, 10.82 sec so far
Iteration 1224: max relative diff=0.000200, 16.15 sec so far
Iteration 1632: max relative diff=0.000061, 21.44 sec so far
Iteration 2040: max relative diff=0.000022, 26.71 sec so far
Iteration 2448: max relative diff=0.000009, 31.98 sec so far
Iteration 2856: max relative diff=0.000006, 37.24 sec so far
Iteration 3264: max relative diff=0.000003, 42.74 sec so far
Iteration 3672: max relative diff=0.000001, 48.09 sec so far
Iteration 4080: max relative diff=0.000001, 53.57 sec so far
Iteration 4488: max relative diff=0.000000, 59.10 sec so far
Iteration 4896: max relative diff=0.000000, 64.45 sec so far
Iteration 5304: max relative diff=0.000000, 69.92 sec so far
Iteration 5712: max relative diff=0.000000, 75.54 sec so far
Iteration 6120: max relative diff=0.000000, 80.89 sec so far

Iterative method: 6426 iterations in 85.10 seconds (average 0.013244, setup 4.46)

Value in the initial state: 0.7019205123588149

Time for model checking: 89.75 seconds.

Result: 0.7019205123588149 (value in the initial state)

