PRISM
=====

Version: 4.4.dev
Date: Mon Jun 18 08:12:44 IRDT 2018
Hostname: sadegh-H81M-S2PH
Memory limits: cudd=1g, java(heap)=2.1g
Command line: prism dns119.nm dns.pctl -s -backwardvaliter -maxiters 90050 -epsilon 1e-6 -javamaxmem 2400m

Parsing model file "dns119.nm"...

Parsing properties file "dns.pctl"...

1 property:
(1) Pmax=? [ "pp" U "qq" ]

Type:        MDP
Modules:     m1 m2 m3 
Variables:   s1 s2 s3 

---------------------------------------------------------------------

Model checking: Pmax=? [ "pp" U "qq" ]

Building model...

Computing reachable states...

Reachability (BFS): 3 iterations in 0.01 seconds (average 0.004667, setup 0.00)

Time for model construction: 24.34 seconds.

Type:        MDP
States:      7600 (1 initial)
Transitions: 144123567
Choices:     45600

Transition matrix: 19181746 nodes (376223 terminal), 144123567 minterms, vars: 15r/15c/6nd

Prob0A: 2 iterations in 0.01 seconds (average 0.006500, setup 0.00)

Prob1E: 4 iterations in 0.01 seconds (average 0.003000, setup 0.00)

yes = 10, no = 120, maybe = 7470

Computing remaining probabilities...
Engine: Sparse

Building sparse matrix(FOR GS)... [n=7600, nc=44820, nnz=141650282, k=6] [1.6 GB]
Creating vector for yes...[59.4 KB]
Allocating iteration vectors... [2 x 59.4 KB]
TOTAL: [1.6 GB]

Starting iterations...
Iteration 14: max relative diff=0.058335, 5.05 sec so far
Iteration 36: max relative diff=0.012581, 10.26 sec so far
Iteration 58: max relative diff=0.004378, 15.46 sec so far
Iteration 80: max relative diff=0.001734, 20.66 sec so far
Iteration 102: max relative diff=0.000722, 25.86 sec so far
Iteration 124: max relative diff=0.000307, 31.07 sec so far
Iteration 146: max relative diff=0.000131, 36.27 sec so far
Iteration 168: max relative diff=0.000057, 41.48 sec so far
Iteration 190: max relative diff=0.000024, 46.67 sec so far
Iteration 212: max relative diff=0.000010, 51.88 sec so far
Iteration 234: max relative diff=0.000005, 57.08 sec so far
Iteration 256: max relative diff=0.000002, 62.30 sec so far

Iterative method: 274 iterations in 66.55 seconds (average 0.242898, setup 23.00)

Value in the initial state: 0.18372420238034293

Time for model checking: 90.321 seconds.

Result: 0.18372420238034293 (value in the initial state)

Warning: CUDD reports 22063600 non-zero references.

