PRISM
=====

Version: 4.4.dev
Date: Sun Jun 17 12:18:53 IRDT 2018
Hostname: sadegh-H81M-S2PH
Memory limits: cudd=1g, java(heap)=2.1g
Command line: prism dns50.nm dns.pctl -s -backwardvaliter -maxiters 90050 -epsilon 1e-6 -javamaxmem 2400m

Parsing model file "dns50.nm"...

Parsing properties file "dns.pctl"...

1 property:
(1) Pmax=? [ "pp" U "qq" ]

Type:        MDP
Modules:     m1 m2 m3 
Variables:   s1 s2 s3 

---------------------------------------------------------------------

Model checking: Pmax=? [ "pp" U "qq" ]

Building model...

Computing reachable states...

Reachability (BFS): 3 iterations in 0.00 seconds (average 0.001000, setup 0.00)

Time for model construction: 15.174 seconds.

Type:        MDP
States:      6000 (1 initial)
Transitions: 150254660
Choices:     36000

Transition matrix: 13254486 nodes (620397 terminal), 150254660 minterms, vars: 14r/14c/6nd

Prob0A: 2 iterations in 0.01 seconds (average 0.007500, setup 0.00)

Prob1E: 4 iterations in 0.01 seconds (average 0.003000, setup 0.00)

yes = 10, no = 55, maybe = 5935

Computing remaining probabilities...
Engine: Sparse

Building sparse matrix(FOR GS)... [n=6000, nc=35610, nnz=148627311, k=6] [1.7 GB]
Creating vector for yes...[46.9 KB]
Allocating iteration vectors... [2 x 46.9 KB]
TOTAL: [1.7 GB]

Starting iterations...
Iteration 16: max relative diff=0.050629, 5.16 sec so far
Iteration 37: max relative diff=0.014385, 10.36 sec so far
Iteration 58: max relative diff=0.006382, 15.56 sec so far
Iteration 79: max relative diff=0.003323, 20.76 sec so far
Iteration 100: max relative diff=0.001878, 25.96 sec so far
Iteration 121: max relative diff=0.001112, 31.15 sec so far
Iteration 142: max relative diff=0.000676, 36.35 sec so far
Iteration 163: max relative diff=0.000417, 41.55 sec so far
Iteration 184: max relative diff=0.000259, 46.75 sec so far
Iteration 205: max relative diff=0.000162, 51.95 sec so far
Iteration 226: max relative diff=0.000102, 57.15 sec so far
Iteration 247: max relative diff=0.000064, 62.35 sec so far
Iteration 268: max relative diff=0.000040, 67.54 sec so far
Iteration 289: max relative diff=0.000025, 72.74 sec so far
Iteration 310: max relative diff=0.000016, 77.93 sec so far
Iteration 331: max relative diff=0.000010, 83.12 sec so far
Iteration 352: max relative diff=0.000006, 88.32 sec so far
Iteration 373: max relative diff=0.000004, 93.53 sec so far
Iteration 394: max relative diff=0.000003, 98.73 sec so far
Iteration 415: max relative diff=0.000002, 103.92 sec so far
Iteration 436: max relative diff=0.000001, 109.11 sec so far

Iterative method: 437 iterations in 109.36 seconds (average 0.250249, setup 16.92)

Value in the initial state: 0.36147285432042503

Time for model checking: 127.117 seconds.

Result: 0.36147285432042503 (value in the initial state)

Warning: CUDD reports 14410259 non-zero references.

