PRISM
=====

Version: 4.4.dev
Date: Sun Jun 17 17:27:16 IRDT 2018
Hostname: sadegh-H81M-S2PH
Memory limits: cudd=1g, java(heap)=2.1g
Command line: prism dns64.nm dns.pctl -s -backwardvaliter -maxiters 90050 -epsilon 1e-6 -javamaxmem 2400m

Parsing model file "dns64.nm"...

Parsing properties file "dns.pctl"...

1 property:
(1) Pmax=? [ "pp" U "qq" ]

Type:        MDP
Modules:     m1 m2 m3 
Variables:   s1 s2 s3 

---------------------------------------------------------------------

Model checking: Pmax=? [ "pp" U "qq" ]

Building model...

Computing reachable states...

Reachability (BFS): 3 iterations in 0.00 seconds (average 0.000333, setup 0.00)

Time for model construction: 7.432 seconds.

Type:        MDP
States:      8000 (1 initial)
Transitions: 78151416
Choices:     16000

Transition matrix: 7143551 nodes (317278 terminal), 78151416 minterms, vars: 15r/15c/2nd

Prob0A: 2 iterations in 0.01 seconds (average 0.006000, setup 0.00)

Prob1E: 4 iterations in 0.00 seconds (average 0.000500, setup 0.00)

yes = 10, no = 120, maybe = 7870

Computing remaining probabilities...
Engine: Sparse

Building sparse matrix(FOR GS)... [n=8000, nc=15740, nnz=76893082, k=2] [880.1 MB]
Creating vector for yes...[62.5 KB]
Allocating iteration vectors... [2 x 62.5 KB]
TOTAL: [880.2 MB]

Starting iterations...
Iteration 33: max relative diff=0.016740, 5.04 sec so far
Iteration 72: max relative diff=0.003144, 10.05 sec so far
Iteration 111: max relative diff=0.000771, 15.07 sec so far
Iteration 150: max relative diff=0.000200, 20.09 sec so far
Iteration 189: max relative diff=0.000053, 25.11 sec so far
Iteration 228: max relative diff=0.000014, 30.14 sec so far
Iteration 267: max relative diff=0.000004, 35.16 sec so far
Iteration 306: max relative diff=0.000001, 40.19 sec so far

Iterative method: 306 iterations in 40.19 seconds (average 0.131330, setup 9.05)

Value in the initial state: 0.1360829258120197

Time for model checking: 49.636 seconds.

Result: 0.1360829258120197 (value in the initial state)

Warning: CUDD reports 8420925 non-zero references.

