PRISM
=====

Version: 4.4.dev
Date: Sun Jun 17 17:28:17 IRDT 2018
Hostname: sadegh-H81M-S2PH
Memory limits: cudd=1g, java(heap)=2.1g
Command line: prism dns65.nm dns.pctl -s -gs -maxiters 90050 -epsilon 1e-6 -javamaxmem 2400m

Parsing model file "dns65.nm"...

Parsing properties file "dns.pctl"...

1 property:
(1) Pmax=? [ "pp" U "qq" ]

Type:        MDP
Modules:     m1 m2 m3 
Variables:   s1 s2 s3 

---------------------------------------------------------------------

Model checking: Pmax=? [ "pp" U "qq" ]

Building model...

Computing reachable states...

Reachability (BFS): 2 iterations in 0.00 seconds (average 0.001500, setup 0.00)

Time for model construction: 15.336 seconds.

Type:        MDP
States:      7200 (1 initial)
Transitions: 153713817
Choices:     36000

Transition matrix: 14606188 nodes (447855 terminal), 153713817 minterms, vars: 15r/15c/5nd

Prob0A: 2 iterations in 0.01 seconds (average 0.003000, setup 0.00)

Prob1E: 4 iterations in 0.00 seconds (average 0.001000, setup 0.00)

yes = 10, no = 55, maybe = 7135

Computing remaining probabilities...
Engine: Sparse

Building sparse matrix(FOR GS)... [n=7200, nc=35675, nnz=152330057, k=5] [1.7 GB]
Creating vector for yes...[56.2 KB]
Allocating iteration vectors... [2 x 56.2 KB]
TOTAL: [1.7 GB]

Starting iterations...
Iteration 20: max relative diff=0.040230, 5.09 sec so far
Iteration 40: max relative diff=0.014310, 10.18 sec so far
Iteration 60: max relative diff=0.007055, 15.28 sec so far
Iteration 80: max relative diff=0.003988, 20.38 sec so far
Iteration 100: max relative diff=0.002420, 25.48 sec so far
Iteration 120: max relative diff=0.001531, 30.57 sec so far
Iteration 140: max relative diff=0.000994, 35.67 sec so far
Iteration 160: max relative diff=0.000657, 40.77 sec so far
Iteration 180: max relative diff=0.000438, 45.88 sec so far
Iteration 200: max relative diff=0.000295, 50.97 sec so far
Iteration 220: max relative diff=0.000199, 56.07 sec so far
Iteration 240: max relative diff=0.000135, 61.17 sec so far
Iteration 260: max relative diff=0.000092, 66.27 sec so far
Iteration 280: max relative diff=0.000062, 71.37 sec so far
Iteration 300: max relative diff=0.000043, 76.47 sec so far
Iteration 320: max relative diff=0.000029, 81.57 sec so far
Iteration 340: max relative diff=0.000020, 86.67 sec so far
Iteration 360: max relative diff=0.000014, 91.77 sec so far
Iteration 380: max relative diff=0.000009, 96.87 sec so far
Iteration 400: max relative diff=0.000006, 101.97 sec so far
Iteration 420: max relative diff=0.000004, 107.07 sec so far
Iteration 440: max relative diff=0.000003, 112.17 sec so far
Iteration 460: max relative diff=0.000002, 117.27 sec so far
Iteration 480: max relative diff=0.000001, 122.37 sec so far

Iterative method: 497 iterations in 126.71 seconds (average 0.254946, setup 16.94)

Value in the initial state: 0.31726372954444587

Time for model checking: 144.362 seconds.

Result: 0.31726372954444587 (value in the initial state)

