PRISM
=====

Version: 4.4.dev
Date: Sun Jun 17 17:15:10 IRDT 2018
Hostname: sadegh-H81M-S2PH
Memory limits: cudd=1g, java(heap)=2.1g
Command line: prism dns63.nm dns.pctl -s -backwardvaliter -maxiters 90050 -epsilon 1e-6 -javamaxmem 2400m

Parsing model file "dns63.nm"...

Parsing properties file "dns.pctl"...

1 property:
(1) Pmax=? [ "pp" U "qq" ]

Type:        MDP
Modules:     m1 m2 m3 
Variables:   s1 s2 s3 

---------------------------------------------------------------------

Model checking: Pmax=? [ "pp" U "qq" ]

Building model...

Computing reachable states...

Reachability (BFS): 2 iterations in 0.00 seconds (average 0.001000, setup 0.00)

Time for model construction: 18.726 seconds.

Type:        MDP
States:      6800 (1 initial)
Transitions: 170394718
Choices:     40800

Transition matrix: 15726203 nodes (723484 terminal), 170394718 minterms, vars: 15r/15c/6nd

Prob0A: 2 iterations in 0.01 seconds (average 0.002500, setup 0.00)

Prob1E: 4 iterations in 0.00 seconds (average 0.000500, setup 0.00)

yes = 10, no = 15, maybe = 6775

Computing remaining probabilities...
Engine: Sparse

Building sparse matrix(FOR GS)... [n=6800, nc=40650, nnz=169769934, k=6] [1.9 GB]
Creating vector for yes...[53.1 KB]
Allocating iteration vectors... [2 x 53.1 KB]
TOTAL: [1.9 GB]

Starting iterations...
Iteration 15: max relative diff=0.063092, 5.19 sec so far
Iteration 33: max relative diff=0.022592, 10.30 sec so far
Iteration 51: max relative diff=0.012001, 15.41 sec so far
Iteration 69: max relative diff=0.007411, 20.52 sec so far
Iteration 87: max relative diff=0.004981, 25.63 sec so far
Iteration 105: max relative diff=0.003534, 30.73 sec so far
Iteration 123: max relative diff=0.002620, 35.84 sec so far
Iteration 141: max relative diff=0.002004, 40.95 sec so far
Iteration 159: max relative diff=0.001576, 46.06 sec so far
Iteration 177: max relative diff=0.001266, 51.17 sec so far
Iteration 195: max relative diff=0.001035, 56.27 sec so far
Iteration 213: max relative diff=0.000859, 61.38 sec so far
Iteration 231: max relative diff=0.000723, 66.49 sec so far
Iteration 249: max relative diff=0.000617, 71.60 sec so far
Iteration 267: max relative diff=0.000531, 76.71 sec so far
Iteration 285: max relative diff=0.000461, 81.82 sec so far
Iteration 303: max relative diff=0.000402, 86.93 sec so far
Iteration 321: max relative diff=0.000354, 92.04 sec so far
Iteration 339: max relative diff=0.000312, 97.14 sec so far
Iteration 357: max relative diff=0.000277, 102.25 sec so far
Iteration 375: max relative diff=0.000246, 107.36 sec so far
Iteration 393: max relative diff=0.000220, 112.47 sec so far
Iteration 411: max relative diff=0.000197, 117.58 sec so far
Iteration 429: max relative diff=0.000178, 122.69 sec so far
Iteration 447: max relative diff=0.000160, 127.80 sec so far
Iteration 465: max relative diff=0.000146, 132.91 sec so far
Iteration 483: max relative diff=0.000132, 138.02 sec so far
Iteration 501: max relative diff=0.000121, 143.12 sec so far
Iteration 519: max relative diff=0.000110, 148.22 sec so far
Iteration 537: max relative diff=0.000100, 153.33 sec so far
Iteration 555: max relative diff=0.000092, 158.44 sec so far
Iteration 573: max relative diff=0.000084, 163.55 sec so far
Iteration 591: max relative diff=0.000077, 168.65 sec so far
Iteration 609: max relative diff=0.000070, 173.75 sec so far
Iteration 627: max relative diff=0.000065, 178.86 sec so far
Iteration 645: max relative diff=0.000059, 183.96 sec so far
Iteration 663: max relative diff=0.000055, 189.07 sec so far
Iteration 681: max relative diff=0.000050, 194.18 sec so far
Iteration 699: max relative diff=0.000046, 199.28 sec so far
Iteration 717: max relative diff=0.000043, 204.39 sec so far
Iteration 735: max relative diff=0.000039, 209.50 sec so far
Iteration 753: max relative diff=0.000036, 214.59 sec so far
Iteration 771: max relative diff=0.000033, 219.70 sec so far
Iteration 789: max relative diff=0.000031, 224.80 sec so far
Iteration 807: max relative diff=0.000028, 229.91 sec so far
Iteration 825: max relative diff=0.000026, 235.01 sec so far
Iteration 843: max relative diff=0.000024, 240.12 sec so far
Iteration 861: max relative diff=0.000022, 245.23 sec so far
Iteration 879: max relative diff=0.000021, 250.33 sec so far
Iteration 897: max relative diff=0.000019, 255.44 sec so far
Iteration 915: max relative diff=0.000018, 260.54 sec so far
Iteration 933: max relative diff=0.000016, 265.65 sec so far
Iteration 951: max relative diff=0.000015, 270.76 sec so far
Iteration 969: max relative diff=0.000014, 275.87 sec so far
Iteration 987: max relative diff=0.000013, 280.98 sec so far
Iteration 1005: max relative diff=0.000012, 286.08 sec so far
Iteration 1023: max relative diff=0.000011, 291.19 sec so far
Iteration 1041: max relative diff=0.000010, 296.29 sec so far
Iteration 1059: max relative diff=0.000009, 301.40 sec so far
Iteration 1077: max relative diff=0.000009, 306.51 sec so far
Iteration 1095: max relative diff=0.000008, 311.62 sec so far
Iteration 1113: max relative diff=0.000007, 316.73 sec so far
Iteration 1131: max relative diff=0.000007, 321.84 sec so far
Iteration 1149: max relative diff=0.000006, 326.95 sec so far
Iteration 1167: max relative diff=0.000006, 332.06 sec so far
Iteration 1185: max relative diff=0.000005, 337.16 sec so far
Iteration 1203: max relative diff=0.000005, 342.27 sec so far
Iteration 1221: max relative diff=0.000005, 347.38 sec so far
Iteration 1239: max relative diff=0.000004, 352.49 sec so far
Iteration 1257: max relative diff=0.000004, 357.60 sec so far
Iteration 1275: max relative diff=0.000004, 362.70 sec so far
Iteration 1293: max relative diff=0.000003, 367.80 sec so far
Iteration 1311: max relative diff=0.000003, 372.90 sec so far
Iteration 1329: max relative diff=0.000003, 378.01 sec so far
Iteration 1347: max relative diff=0.000003, 383.12 sec so far
Iteration 1365: max relative diff=0.000003, 388.22 sec so far
Iteration 1383: max relative diff=0.000002, 393.32 sec so far
Iteration 1401: max relative diff=0.000002, 398.43 sec so far
Iteration 1419: max relative diff=0.000002, 403.54 sec so far
Iteration 1437: max relative diff=0.000002, 408.64 sec so far
Iteration 1455: max relative diff=0.000002, 413.75 sec so far
Iteration 1473: max relative diff=0.000002, 418.85 sec so far
Iteration 1491: max relative diff=0.000001, 423.96 sec so far
Iteration 1509: max relative diff=0.000001, 429.07 sec so far
Iteration 1527: max relative diff=0.000001, 434.18 sec so far
Iteration 1545: max relative diff=0.000001, 439.28 sec so far
Iteration 1563: max relative diff=0.000001, 444.38 sec so far
Iteration 1581: max relative diff=0.000001, 449.49 sec so far

Iterative method: 1584 iterations in 450.34 seconds (average 0.284306, setup 18.15)

Value in the initial state: 0.6622772763789219

Time for model checking: 469.204 seconds.

Result: 0.6622772763789219 (value in the initial state)

Warning: CUDD reports 16037098 non-zero references.

