PRISM
=====

Version: 4.4.dev
Date: Mon Jun 18 05:12:14 IRDT 2018
Hostname: sadegh-H81M-S2PH
Memory limits: cudd=1g, java(heap)=2.1g
Command line: prism dns107.nm dns.pctl -s -gs -maxiters 90050 -epsilon 1e-6 -javamaxmem 2400m

Parsing model file "dns107.nm"...

Parsing properties file "dns.pctl"...

1 property:
(1) Pmax=? [ "pp" U "qq" ]

Type:        MDP
Modules:     m1 m2 m3 
Variables:   s1 s2 s3 

---------------------------------------------------------------------

Model checking: Pmax=? [ "pp" U "qq" ]

Building model...

Computing reachable states...

Reachability (BFS): 3 iterations in 0.00 seconds (average 0.001000, setup 0.00)

Time for model construction: 16.44 seconds.

Type:        MDP
States:      12000 (1 initial)
Transitions: 118540056
Choices:     24000

Transition matrix: 15253948 nodes (288410 terminal), 118540056 minterms, vars: 15r/15c/2nd

Prob0A: 3 iterations in 0.01 seconds (average 0.002000, setup 0.00)

Prob1E: 4 iterations in 0.00 seconds (average 0.000750, setup 0.00)

yes = 10, no = 91, maybe = 11899

Computing remaining probabilities...
Engine: Sparse

Building sparse matrix(FOR GS)... [n=12000, nc=23798, nnz=117499569, k=2] [1.3 GB]
Creating vector for yes...[93.8 KB]
Allocating iteration vectors... [2 x 93.8 KB]
TOTAL: [1.3 GB]

Starting iterations...
Iteration 26: max relative diff=0.033744, 5.10 sec so far
Iteration 52: max relative diff=0.013321, 10.20 sec so far
Iteration 78: max relative diff=0.007202, 15.29 sec so far
Iteration 104: max relative diff=0.004403, 20.38 sec so far
Iteration 130: max relative diff=0.002865, 25.47 sec so far
Iteration 156: max relative diff=0.001933, 30.56 sec so far
Iteration 182: max relative diff=0.001334, 35.66 sec so far
Iteration 208: max relative diff=0.000935, 40.75 sec so far
Iteration 234: max relative diff=0.000662, 45.84 sec so far
Iteration 260: max relative diff=0.000473, 50.93 sec so far
Iteration 286: max relative diff=0.000339, 56.02 sec so far
Iteration 312: max relative diff=0.000244, 61.11 sec so far
Iteration 338: max relative diff=0.000176, 66.20 sec so far
Iteration 364: max relative diff=0.000128, 71.30 sec so far
Iteration 390: max relative diff=0.000092, 76.39 sec so far
Iteration 416: max relative diff=0.000067, 81.48 sec so far
Iteration 442: max relative diff=0.000049, 86.58 sec so far
Iteration 468: max relative diff=0.000035, 91.67 sec so far
Iteration 494: max relative diff=0.000026, 96.77 sec so far
Iteration 520: max relative diff=0.000019, 101.86 sec so far
Iteration 546: max relative diff=0.000014, 106.95 sec so far
Iteration 572: max relative diff=0.000010, 112.04 sec so far
Iteration 598: max relative diff=0.000007, 117.13 sec so far
Iteration 624: max relative diff=0.000005, 122.22 sec so far
Iteration 650: max relative diff=0.000004, 127.32 sec so far
Iteration 676: max relative diff=0.000003, 132.41 sec so far
Iteration 702: max relative diff=0.000002, 137.50 sec so far
Iteration 728: max relative diff=0.000001, 142.60 sec so far
Iteration 754: max relative diff=0.000001, 147.69 sec so far

Iterative method: 759 iterations in 148.67 seconds (average 0.195876, setup 15.26)

Value in the initial state: 0.13499098553489633

Time for model checking: 164.518 seconds.

Result: 0.13499098553489633 (value in the initial state)

