PRISM
=====

Version: 4.4.dev
Date: Sun Jun 17 09:51:06 IRDT 2018
Hostname: sadegh-H81M-S2PH
Memory limits: cudd=1g, java(heap)=2.1g
Command line: prism dns43.nm dns.pctl -s -bucketvaliter2 -maxiters 90050 -javamaxmem 2400m

Parsing model file "dns43.nm"...

Parsing properties file "dns.pctl"...

1 property:
(1) Pmax=? [ "pp" U "qq" ]

Type:        MDP
Modules:     m1 m2 m3 
Variables:   s1 s2 s3 

---------------------------------------------------------------------

Model checking: Pmax=? [ "pp" U "qq" ]

Building model...

Computing reachable states...

Reachability (BFS): 3 iterations in 0.00 seconds (average 0.000667, setup 0.00)

Time for model construction: 12.77 seconds.

Type:        MDP
States:      7600 (1 initial)
Transitions: 165257334
Choices:     30400

Transition matrix: 12521027 nodes (573202 terminal), 165257334 minterms, vars: 15r/15c/4nd

Prob0A: 2 iterations in 0.01 seconds (average 0.003500, setup 0.00)

Prob1E: 4 iterations in 0.00 seconds (average 0.000750, setup 0.00)

yes = 10, no = 105, maybe = 7485

Computing remaining probabilities...
Engine: Sparse

Building sparse matrix(FOR GS)... [n=7600, nc=29940, nnz=162731877, k=4] [1.8 GB]
Creating vector for yes...[59.4 KB]
Allocating iteration vectors... [2 x 59.4 KB]
TOTAL: [1.8 GB]

Starting iterations...

Iterative method: 1196778 iterations in 372.22 seconds (average 0.000311, setup 17.54)

Value in the initial state: 0.20215796381419665

Time for model checking: 393.85 seconds.

Result: 0.20215796381419665 (value in the initial state)

