PRISM
=====

Version: 4.4.dev
Date: Mon Jun 18 03:05:38 IRDT 2018
Hostname: sadegh-H81M-S2PH
Memory limits: cudd=1g, java(heap)=2.1g
Command line: prism dns100.nm dns.pctl -s -gs -maxiters 90050 -epsilon 1e-6 -javamaxmem 2400m

Parsing model file "dns100.nm"...

Parsing properties file "dns.pctl"...

1 property:
(1) Pmax=? [ "pp" U "qq" ]

Type:        MDP
Modules:     m1 m2 m3 
Variables:   s1 s2 s3 

---------------------------------------------------------------------

Model checking: Pmax=? [ "pp" U "qq" ]

Building model...

Computing reachable states...

Reachability (BFS): 3 iterations in 0.01 seconds (average 0.001667, setup 0.00)

Time for model construction: 14.109 seconds.

Type:        MDP
States:      8000 (1 initial)
Transitions: 130456992
Choices:     32000

Transition matrix: 13627500 nodes (302969 terminal), 130456992 minterms, vars: 15r/15c/4nd

Prob0A: 2 iterations in 0.00 seconds (average 0.002000, setup 0.00)

Prob1E: 4 iterations in 0.00 seconds (average 0.000750, setup 0.00)

yes = 10, no = 45, maybe = 7945

Computing remaining probabilities...
Engine: Sparse

Building sparse matrix(FOR GS)... [n=8000, nc=31780, nnz=129561099, k=4] [1.4 GB]
Creating vector for yes...[62.5 KB]
Allocating iteration vectors... [2 x 62.5 KB]
TOTAL: [1.4 GB]

Starting iterations...
Iteration 24: max relative diff=0.033606, 5.19 sec so far
Iteration 48: max relative diff=0.012522, 10.37 sec so far
Iteration 72: max relative diff=0.006312, 15.56 sec so far
Iteration 96: max relative diff=0.003623, 20.74 sec so far
Iteration 120: max relative diff=0.002222, 25.93 sec so far
Iteration 144: max relative diff=0.001418, 31.11 sec so far
Iteration 168: max relative diff=0.000928, 36.30 sec so far
Iteration 192: max relative diff=0.000617, 41.48 sec so far
Iteration 216: max relative diff=0.000415, 46.66 sec so far
Iteration 240: max relative diff=0.000281, 51.84 sec so far
Iteration 264: max relative diff=0.000191, 57.03 sec so far
Iteration 288: max relative diff=0.000130, 62.21 sec so far
Iteration 312: max relative diff=0.000089, 67.42 sec so far
Iteration 335: max relative diff=0.000062, 72.50 sec so far
Iteration 359: max relative diff=0.000042, 77.68 sec so far
Iteration 382: max relative diff=0.000030, 82.70 sec so far
Iteration 406: max relative diff=0.000020, 87.89 sec so far
Iteration 430: max relative diff=0.000014, 93.07 sec so far
Iteration 454: max relative diff=0.000010, 98.25 sec so far
Iteration 478: max relative diff=0.000007, 103.43 sec so far
Iteration 502: max relative diff=0.000004, 108.62 sec so far
Iteration 526: max relative diff=0.000003, 113.80 sec so far
Iteration 550: max relative diff=0.000002, 118.99 sec so far
Iteration 574: max relative diff=0.000001, 124.17 sec so far
Iteration 598: max relative diff=0.000001, 129.36 sec so far

Iterative method: 598 iterations in 129.36 seconds (average 0.216319, setup 14.30)

Value in the initial state: 0.3046647118491684

Time for model checking: 144.405 seconds.

Result: 0.3046647118491684 (value in the initial state)

