PRISM
=====

Version: 4.4.dev
Date: Sun Jun 17 18:03:04 IRDT 2018
Hostname: sadegh-H81M-S2PH
Memory limits: cudd=1g, java(heap)=2.1g
Command line: prism dns68.nm dns.pctl -s -gs -maxiters 90050 -epsilon 1e-6 -javamaxmem 2400m

Parsing model file "dns68.nm"...

Parsing properties file "dns.pctl"...

1 property:
(1) Pmax=? [ "pp" U "qq" ]

Type:        MDP
Modules:     m1 m2 m3 
Variables:   s1 s2 s3 

---------------------------------------------------------------------

Model checking: Pmax=? [ "pp" U "qq" ]

Building model...

Computing reachable states...

Reachability (BFS): 3 iterations in 0.00 seconds (average 0.001000, setup 0.00)

Time for model construction: 10.98 seconds.

Type:        MDP
States:      8000 (1 initial)
Transitions: 117956055
Choices:     24000

Transition matrix: 10933106 nodes (451220 terminal), 117956055 minterms, vars: 15r/15c/3nd

Prob0A: 2 iterations in 0.01 seconds (average 0.003500, setup 0.00)

Prob1E: 4 iterations in 0.00 seconds (average 0.000750, setup 0.00)

yes = 10, no = 10, maybe = 7980

Computing remaining probabilities...
Engine: Sparse

Building sparse matrix(FOR GS)... [n=8000, nc=23940, nnz=117639560, k=3] [1.3 GB]
Creating vector for yes...[62.5 KB]
Allocating iteration vectors... [2 x 62.5 KB]
TOTAL: [1.3 GB]

Starting iterations...
Iteration 26: max relative diff=0.036520, 5.09 sec so far
Iteration 52: max relative diff=0.015837, 10.19 sec so far
Iteration 78: max relative diff=0.009319, 15.28 sec so far
Iteration 104: max relative diff=0.006212, 20.37 sec so far
Iteration 130: max relative diff=0.004440, 25.47 sec so far
Iteration 156: max relative diff=0.003317, 30.56 sec so far
Iteration 182: max relative diff=0.002557, 35.65 sec so far
Iteration 208: max relative diff=0.002018, 40.74 sec so far
Iteration 234: max relative diff=0.001623, 45.83 sec so far
Iteration 260: max relative diff=0.001326, 50.92 sec so far
Iteration 286: max relative diff=0.001099, 56.02 sec so far
Iteration 312: max relative diff=0.000922, 61.11 sec so far
Iteration 338: max relative diff=0.000781, 66.20 sec so far
Iteration 364: max relative diff=0.000667, 71.28 sec so far
Iteration 390: max relative diff=0.000574, 76.37 sec so far
Iteration 416: max relative diff=0.000497, 81.47 sec so far
Iteration 442: max relative diff=0.000433, 86.56 sec so far
Iteration 468: max relative diff=0.000380, 91.65 sec so far
Iteration 494: max relative diff=0.000334, 96.74 sec so far
Iteration 520: max relative diff=0.000296, 101.83 sec so far
Iteration 546: max relative diff=0.000263, 106.94 sec so far
Iteration 572: max relative diff=0.000234, 112.03 sec so far
Iteration 598: max relative diff=0.000209, 117.12 sec so far
Iteration 624: max relative diff=0.000187, 122.21 sec so far
Iteration 650: max relative diff=0.000168, 127.31 sec so far
Iteration 676: max relative diff=0.000151, 132.40 sec so far
Iteration 702: max relative diff=0.000136, 137.50 sec so far
Iteration 728: max relative diff=0.000122, 142.59 sec so far
Iteration 754: max relative diff=0.000110, 147.69 sec so far
Iteration 780: max relative diff=0.000100, 152.78 sec so far
Iteration 806: max relative diff=0.000090, 157.88 sec so far
Iteration 832: max relative diff=0.000082, 162.97 sec so far
Iteration 858: max relative diff=0.000074, 168.07 sec so far
Iteration 884: max relative diff=0.000067, 173.17 sec so far
Iteration 910: max relative diff=0.000061, 178.26 sec so far
Iteration 936: max relative diff=0.000055, 183.35 sec so far
Iteration 962: max relative diff=0.000050, 188.45 sec so far
Iteration 988: max relative diff=0.000046, 193.54 sec so far
Iteration 1014: max relative diff=0.000042, 198.64 sec so far
Iteration 1040: max relative diff=0.000038, 203.74 sec so far
Iteration 1066: max relative diff=0.000034, 208.83 sec so far
Iteration 1092: max relative diff=0.000031, 213.92 sec so far
Iteration 1118: max relative diff=0.000029, 219.02 sec so far
Iteration 1144: max relative diff=0.000026, 224.11 sec so far
Iteration 1170: max relative diff=0.000024, 229.20 sec so far
Iteration 1196: max relative diff=0.000022, 234.30 sec so far
Iteration 1222: max relative diff=0.000020, 239.39 sec so far
Iteration 1248: max relative diff=0.000018, 244.49 sec so far
Iteration 1274: max relative diff=0.000017, 249.59 sec so far
Iteration 1300: max relative diff=0.000015, 254.68 sec so far
Iteration 1326: max relative diff=0.000014, 259.78 sec so far
Iteration 1352: max relative diff=0.000013, 264.87 sec so far
Iteration 1378: max relative diff=0.000012, 269.97 sec so far
Iteration 1404: max relative diff=0.000011, 275.06 sec so far
Iteration 1430: max relative diff=0.000010, 280.16 sec so far
Iteration 1456: max relative diff=0.000009, 285.25 sec so far
Iteration 1482: max relative diff=0.000008, 290.35 sec so far
Iteration 1508: max relative diff=0.000007, 295.44 sec so far
Iteration 1534: max relative diff=0.000007, 300.53 sec so far
Iteration 1560: max relative diff=0.000006, 305.63 sec so far
Iteration 1586: max relative diff=0.000006, 310.73 sec so far
Iteration 1612: max relative diff=0.000005, 315.83 sec so far
Iteration 1638: max relative diff=0.000005, 320.92 sec so far
Iteration 1664: max relative diff=0.000004, 326.02 sec so far
Iteration 1690: max relative diff=0.000004, 331.11 sec so far
Iteration 1716: max relative diff=0.000004, 336.21 sec so far
Iteration 1742: max relative diff=0.000003, 341.30 sec so far
Iteration 1768: max relative diff=0.000003, 346.40 sec so far
Iteration 1794: max relative diff=0.000003, 351.49 sec so far
Iteration 1820: max relative diff=0.000002, 356.59 sec so far
Iteration 1846: max relative diff=0.000002, 361.72 sec so far
Iteration 1872: max relative diff=0.000002, 366.80 sec so far
Iteration 1898: max relative diff=0.000002, 371.90 sec so far
Iteration 1924: max relative diff=0.000002, 377.00 sec so far
Iteration 1950: max relative diff=0.000002, 382.10 sec so far
Iteration 1976: max relative diff=0.000001, 387.20 sec so far
Iteration 2002: max relative diff=0.000001, 392.29 sec so far
Iteration 2028: max relative diff=0.000001, 397.39 sec so far
Iteration 2054: max relative diff=0.000001, 402.48 sec so far
Iteration 2080: max relative diff=0.000001, 407.58 sec so far

Iterative method: 2087 iterations in 408.96 seconds (average 0.195954, setup 10.72)

Value in the initial state: 0.6788572291576374

Time for model checking: 420.323 seconds.

Result: 0.6788572291576374 (value in the initial state)

