PRISM
=====

Version: 4.4.dev
Date: Sun Jun 17 22:47:03 IRDT 2018
Hostname: sadegh-H81M-S2PH
Memory limits: cudd=1g, java(heap)=2.1g
Command line: prism dns82.nm dns.pctl -s -backwardvaliter -maxiters 90050 -epsilon 1e-6 -javamaxmem 2400m

Parsing model file "dns82.nm"...

Parsing properties file "dns.pctl"...

1 property:
(1) Pmax=? [ "pp" U "qq" ]

Type:        MDP
Modules:     m1 m2 m3 
Variables:   s1 s2 s3 

---------------------------------------------------------------------

Model checking: Pmax=? [ "pp" U "qq" ]

Building model...

Computing reachable states...

Reachability (BFS): 3 iterations in 0.01 seconds (average 0.003667, setup 0.00)

Time for model construction: 12.517 seconds.

Type:        MDP
States:      8000 (1 initial)
Transitions: 121752973
Choices:     32000

Transition matrix: 12584162 nodes (596016 terminal), 121752973 minterms, vars: 15r/15c/4nd

Prob0A: 2 iterations in 0.01 seconds (average 0.003500, setup 0.00)

Prob1E: 4 iterations in 0.00 seconds (average 0.001000, setup 0.00)

yes = 10, no = 105, maybe = 7885

Computing remaining probabilities...
Engine: Sparse

Building sparse matrix(FOR GS)... [n=8000, nc=31540, nnz=119955007, k=4] [1.3 GB]
Creating vector for yes...[62.5 KB]
Allocating iteration vectors... [2 x 62.5 KB]
TOTAL: [1.3 GB]

Starting iterations...
Iteration 22: max relative diff=0.029839, 5.14 sec so far
Iteration 48: max relative diff=0.007218, 10.33 sec so far
Iteration 74: max relative diff=0.002558, 15.52 sec so far
Iteration 100: max relative diff=0.001027, 20.72 sec so far
Iteration 126: max relative diff=0.000431, 25.91 sec so far
Iteration 152: max relative diff=0.000185, 31.11 sec so far
Iteration 178: max relative diff=0.000080, 36.30 sec so far
Iteration 204: max relative diff=0.000034, 41.50 sec so far
Iteration 230: max relative diff=0.000015, 46.69 sec so far
Iteration 256: max relative diff=0.000006, 51.89 sec so far
Iteration 282: max relative diff=0.000003, 57.08 sec so far
Iteration 308: max relative diff=0.000001, 62.27 sec so far

Iterative method: 315 iterations in 63.67 seconds (average 0.202133, setup 12.97)

Value in the initial state: 0.33482962514269937

Time for model checking: 77.251 seconds.

Result: 0.33482962514269937 (value in the initial state)

Warning: CUDD reports 14046946 non-zero references.

