PRISM
=====

Version: 4.4.dev
Date: Sun May 20 18:13:48 IRDT 2018
Hostname: sadegh-H81M-S2PH
Memory limits: cudd=1g, java(heap)=2.1g
Command line: prism dns72.nm dns.pctl -s -improvedmodpoliter2 -maxiters 90050 -epsilon 1e-8 -javamaxmem 2400m

Parsing model file "dns72.nm"...

Parsing properties file "dns.pctl"...

1 property:
(1) Pmax=? [ "pp" U "qq" ]

Type:        MDP
Modules:     m1 m2 m3 
Variables:   s1 s2 s3 

---------------------------------------------------------------------

Model checking: Pmax=? [ "pp" U "qq" ]

Building model...

Computing reachable states...

Reachability (BFS): 2 iterations in 0.00 seconds (average 0.001000, setup 0.00)

Time for model construction: 17.14 seconds.

Type:        MDP
States:      8000 (1 initial)
Transitions: 220153013
Choices:     48000

Transition matrix: 19420336 nodes (353760 terminal), 220153013 minterms, vars: 15r/15c/6nd

Prob0A: 2 iterations in 0.01 seconds (average 0.004500, setup 0.00)

Prob1E: 4 iterations in 0.00 seconds (average 0.000500, setup 0.00)

yes = 10, no = 45, maybe = 7945

Computing remaining probabilities...
Engine: Sparse

Building sparse matrix (FOR POLICY ITERASION)... [n=8000, nc=47670, nnz=218646042, k=6] [2.4 GB]
Creating vector for yes...[62.5 KB]
Allocating iteration vectors... [2 x 62.5 KB]
TOTAL: [2.4 GB]

Starting iterations...
Iteration 303: max relative diff=0.005308, 5.50 sec so far
Iteration 606: max relative diff=0.000254, 10.99 sec so far
Iteration 909: max relative diff=0.000013, 16.48 sec so far
Iteration 1212: max relative diff=0.000001, 22.23 sec so far
Iteration 1515: max relative diff=0.000000, 28.38 sec so far

Iterative method: 1616 iterations in 30.42 seconds (average 0.018822, setup 15.23)


Number of scallar multiplications: 31237M 

Value in the initial state: 0.32090240982490265

Time for model checking: 46.811 seconds.

Result: 0.32090240982490265 (value in the initial state)

