PRISM
=====

Version: 4.4.dev
Date: Mon Jun 18 07:45:31 IRDT 2018
Hostname: sadegh-H81M-S2PH
Memory limits: cudd=1g, java(heap)=2.1g
Command line: prism dns116.nm dns.pctl -s -gs -maxiters 90050 -epsilon 1e-6 -javamaxmem 2400m

Parsing model file "dns116.nm"...

Parsing properties file "dns.pctl"...

1 property:
(1) Pmax=? [ "pp" U "qq" ]

Type:        MDP
Modules:     m1 m2 m3 
Variables:   s1 s2 s3 

---------------------------------------------------------------------

Model checking: Pmax=? [ "pp" U "qq" ]

Building model...

Computing reachable states...

Reachability (BFS): 3 iterations in 0.00 seconds (average 0.000667, setup 0.00)

Time for model construction: 7.124 seconds.

Type:        MDP
States:      6800 (1 initial)
Transitions: 37371015
Choices:     13600

Transition matrix: 6224638 nodes (303868 terminal), 37371015 minterms, vars: 15r/15c/2nd

Prob0A: 3 iterations in 0.00 seconds (average 0.000667, setup 0.00)

Prob1E: 4 iterations in 0.00 seconds (average 0.000250, setup 0.00)

yes = 10, no = 10, maybe = 6780

Computing remaining probabilities...
Engine: Sparse

Building sparse matrix(FOR GS)... [n=6800, nc=13560, nnz=37263295, k=2] [426.5 MB]
Creating vector for yes...[53.1 KB]
Allocating iteration vectors... [2 x 53.1 KB]
TOTAL: [426.7 MB]

Starting iterations...
Iteration 81: max relative diff=0.009083, 5.04 sec so far
Iteration 162: max relative diff=0.003228, 10.08 sec so far
Iteration 243: max relative diff=0.001586, 15.12 sec so far
Iteration 324: max relative diff=0.000903, 20.16 sec so far
Iteration 402: max relative diff=0.000566, 25.18 sec so far
Iteration 483: max relative diff=0.000366, 30.22 sec so far
Iteration 564: max relative diff=0.000245, 35.25 sec so far
Iteration 645: max relative diff=0.000168, 40.28 sec so far
Iteration 726: max relative diff=0.000116, 45.32 sec so far
Iteration 807: max relative diff=0.000081, 50.35 sec so far
Iteration 888: max relative diff=0.000057, 55.38 sec so far
Iteration 969: max relative diff=0.000040, 60.40 sec so far
Iteration 1050: max relative diff=0.000028, 65.44 sec so far
Iteration 1131: max relative diff=0.000020, 70.47 sec so far
Iteration 1212: max relative diff=0.000014, 75.50 sec so far
Iteration 1293: max relative diff=0.000010, 80.54 sec so far
Iteration 1374: max relative diff=0.000007, 85.57 sec so far
Iteration 1455: max relative diff=0.000005, 90.61 sec so far
Iteration 1536: max relative diff=0.000004, 95.64 sec so far
Iteration 1617: max relative diff=0.000003, 100.68 sec so far
Iteration 1698: max relative diff=0.000002, 105.71 sec so far
Iteration 1779: max relative diff=0.000001, 110.74 sec so far

Iterative method: 1852 iterations in 115.28 seconds (average 0.062248, setup 4.72)

Value in the initial state: 0.5885343319134727

Time for model checking: 120.2 seconds.

Result: 0.5885343319134727 (value in the initial state)

