PRISM
=====

Version: 4.4.dev
Date: Mon May 21 00:33:15 IRDT 2018
Hostname: sadegh-H81M-S2PH
Memory limits: cudd=1g, java(heap)=2.1g
Command line: prism dns137.nm dns.pctl -s -modpoliter -maxiters 90050 -epsilon 1e-8 -javamaxmem 2400m

Parsing model file "dns137.nm"...

Parsing properties file "dns.pctl"...

1 property:
(1) Pmax=? [ "pp" U "qq" ]

Type:        MDP
Modules:     m1 m2 m3 
Variables:   s1 s2 s3 

---------------------------------------------------------------------

Model checking: Pmax=? [ "pp" U "qq" ]

Building model...

Computing reachable states...

Reachability (BFS): 3 iterations in 0.00 seconds (average 0.001000, setup 0.00)

Time for model construction: 9.353 seconds.

Type:        MDP
States:      8000 (1 initial)
Transitions: 60070727
Choices:     24000

Transition matrix: 12594242 nodes (423034 terminal), 60070727 minterms, vars: 15r/15c/3nd

Prob0A: 2 iterations in 0.01 seconds (average 0.005500, setup 0.00)

Prob1E: 4 iterations in 0.01 seconds (average 0.002000, setup 0.00)

yes = 10, no = 120, maybe = 7870

Computing remaining probabilities...
Engine: Sparse

Building sparse matrix (FOR POLICY ITERASION)... [n=8000, nc=23610, nnz=59115285, k=3] [676.6 MB]
Creating vector for yes...[62.5 KB]
Allocating iteration vectors... [2 x 62.5 KB]
TOTAL: [676.8 MB]

Starting iterations...
Iteration 303: max relative diff=0.001195, 6.40 sec so far
Iteration 591: max relative diff=0.000000, 12.49 sec so far

Iterative method: 591 iterations in 12.49 seconds (average 0.021139, setup 6.53)

Value in the initial state: 0.14487193015013355

Time for model checking: 19.238 seconds.

Result: 0.14487193015013355 (value in the initial state)

