PRISM
=====

Version: 4.4.dev
Date: Sat Jun 16 14:43:35 IRDT 2018
Hostname: sadegh-H81M-S2PH
Memory limits: cudd=1g, java(heap)=2.1g
Command line: prism dns3.nm dns.pctl -s -bucketvaliter2 -maxiters 90050 -javamaxmem 2400m

Parsing model file "dns3.nm"...

Parsing properties file "dns.pctl"...

1 property:
(1) Pmax=? [ "pp" U "qq" ]

Type:        MDP
Modules:     m1 m2 m3 
Variables:   s1 s2 s3 

---------------------------------------------------------------------

Model checking: Pmax=? [ "pp" U "qq" ]

Building model...

Computing reachable states...

Reachability (BFS): 2 iterations in 0.00 seconds (average 0.000000, setup 0.00)

Time for model construction: 9.842 seconds.

Type:        MDP
States:      8000 (1 initial)
Transitions: 186608256
Choices:     24000

Transition matrix: 9327361 nodes (291340 terminal), 186608256 minterms, vars: 15r/15c/3nd

Prob0A: 2 iterations in 0.00 seconds (average 0.002000, setup 0.00)

Prob1E: 4 iterations in 0.00 seconds (average 0.000250, setup 0.00)

yes = 10, no = 66, maybe = 7924

Computing remaining probabilities...
Engine: Sparse

Building sparse matrix(FOR GS)... [n=8000, nc=23772, nnz=184838296, k=3] [2.1 GB]
Creating vector for yes...[62.5 KB]
Allocating iteration vectors... [2 x 62.5 KB]
TOTAL: [2.1 GB]

Starting iterations...

Iterative method: 2897340 iterations in 646.68 seconds (average 0.000223, setup 16.56)

Value in the initial state: 0.2137450778254078

Time for model checking: 670.389 seconds.

Result: 0.2137450778254078 (value in the initial state)

