PRISM
=====

Version: 4.4.dev
Date: Mon Jun 18 11:55:04 IRDT 2018
Hostname: sadegh-H81M-S2PH
Memory limits: cudd=1g, java(heap)=2.1g
Command line: prism dns132.nm dns.pctl -s -bucketvaliter2 -maxiters 90050 -javamaxmem 2400m

Parsing model file "dns132.nm"...

Parsing properties file "dns.pctl"...

1 property:
(1) Pmax=? [ "pp" U "qq" ]

Type:        MDP
Modules:     m1 m2 m3 
Variables:   s1 s2 s3 

---------------------------------------------------------------------

Model checking: Pmax=? [ "pp" U "qq" ]

Building model...

Computing reachable states...

Reachability (BFS): 3 iterations in 0.02 seconds (average 0.006000, setup 0.00)

Time for model construction: 15.57 seconds.

Type:        MDP
States:      8000 (1 initial)
Transitions: 78360185
Choices:     32000

Transition matrix: 16262745 nodes (531362 terminal), 78360185 minterms, vars: 15r/15c/4nd

Prob0A: 2 iterations in 0.00 seconds (average 0.002000, setup 0.00)

Prob1E: 4 iterations in 0.00 seconds (average 0.000750, setup 0.00)

yes = 10, no = 21, maybe = 7969

Computing remaining probabilities...
Engine: Sparse

Building sparse matrix(FOR GS)... [n=8000, nc=31876, nnz=78047968, k=4] [893.3 MB]
Creating vector for yes...[62.5 KB]
Allocating iteration vectors... [2 x 62.5 KB]
TOTAL: [893.5 MB]

Starting iterations...

Iterative method: 5505424 iterations in 772.27 seconds (average 0.000140, setup 10.53)

Value in the initial state: 0.6064393167462785

Time for model checking: 793.619 seconds.

Result: 0.6064393167462785 (value in the initial state)

