PRISM
=====

Version: 4.4.dev
Date: Sun May 20 15:03:12 IRDT 2018
Hostname: sadegh-H81M-S2PH
Memory limits: cudd=1g, java(heap)=2.1g
Command line: prism dns51.nm dns.pctl -s -improvedmodpoliter -maxiters 90050 -epsilon 1e-8 -javamaxmem 2400m

Parsing model file "dns51.nm"...

Parsing properties file "dns.pctl"...

1 property:
(1) Pmax=? [ "pp" U "qq" ]

Type:        MDP
Modules:     m1 m2 m3 
Variables:   s1 s2 s3 

---------------------------------------------------------------------

Model checking: Pmax=? [ "pp" U "qq" ]

Building model...

Computing reachable states...

Reachability (BFS): 3 iterations in 0.00 seconds (average 0.000667, setup 0.00)

Time for model construction: 9.57 seconds.

Type:        MDP
States:      9200 (1 initial)
Transitions: 172426863
Choices:     27600

Transition matrix: 11717870 nodes (218542 terminal), 172426863 minterms, vars: 15r/15c/3nd

Prob0A: 2 iterations in 0.00 seconds (average 0.002000, setup 0.00)

Prob1E: 4 iterations in 0.00 seconds (average 0.001000, setup 0.00)

yes = 10, no = 120, maybe = 9070

Computing remaining probabilities...
Engine: Sparse

Building sparse matrix (FOR POLICY ITERASION)... [n=9200, nc=27210, nnz=169979858, k=3] [1.9 GB]
Creating vector for yes...[71.9 KB]
Allocating iteration vectors... [2 x 71.9 KB]
TOTAL: [1.9 GB]

Starting iterations...
Iteration 102: max relative diff=0.129842, 5.47 sec so far
Iteration 204: max relative diff=0.005999, 11.02 sec so far
Iteration 306: max relative diff=0.000437, 16.56 sec so far
Iteration 408: max relative diff=0.000008, 22.09 sec so far
Iteration 510: max relative diff=0.000000, 27.64 sec so far

Iterative method: 598 iterations in 32.48 seconds (average 0.054321, setup 12.87)

Value in the initial state: 0.14426218745300753

Time for model checking: 46.29 seconds.

Result: 0.14426218745300753 (value in the initial state)

