PRISM
=====

Version: 4.4.dev
Date: Sun May 20 20:15:47 IRDT 2018
Hostname: sadegh-H81M-S2PH
Memory limits: cudd=1g, java(heap)=2.1g
Command line: prism dns91.nm dns.pctl -s -explicitmodpoliter -maxiters 90050 -epsilon 1e-8 -javamaxmem 2400m

Parsing model file "dns91.nm"...

Parsing properties file "dns.pctl"...

1 property:
(1) Pmax=? [ "pp" U "qq" ]

Type:        MDP
Modules:     m1 m2 m3 
Variables:   s1 s2 s3 

---------------------------------------------------------------------

Model checking: Pmax=? [ "pp" U "qq" ]

Building model...

Computing reachable states...

Reachability (BFS): 3 iterations in 0.00 seconds (average 0.001333, setup 0.00)

Time for model construction: 15.047 seconds.

Type:        MDP
States:      9600 (1 initial)
Transitions: 183488240
Choices:     38400

Transition matrix: 19847663 nodes (370058 terminal), 183488240 minterms, vars: 15r/15c/4nd

Prob0A: 2 iterations in 0.00 seconds (average 0.002000, setup 0.00)

Prob1E: 4 iterations in 1.82 seconds (average 0.454500, setup 0.00)

yes = 10, no = 36, maybe = 9554

Computing remaining probabilities...
Engine: Sparse

Building sparse matrix (FOR POLICY ITERASION)... [n=9600, nc=38216, nnz=182645243, k=4] [2.0 GB]
Creating vector for yes...[75.0 KB]
Allocating iteration vectors... [2 x 75.0 KB]
TOTAL: [2.0 GB]

Starting iterations...
Iteration 202: max relative diff=0.009716, 8.51 sec so far
Iteration 404: max relative diff=0.001286, 17.18 sec so far
Iteration 606: max relative diff=0.000128, 25.81 sec so far
Iteration 808: max relative diff=0.000010, 34.42 sec so far
Iteration 1010: max relative diff=0.000002, 43.05 sec so far
Iteration 1212: max relative diff=0.000000, 51.95 sec so far
Iteration 1414: max relative diff=0.000000, 60.85 sec so far

Iterative method: 1501 iterations in 64.88 seconds (average 0.043225, setup 13.00)

Value in the initial state: 0.3898652307583025

Time for model checking: 80.375 seconds.

Result: 0.3898652307583025 (value in the initial state)

