PRISM
=====

Version: 4.4.dev
Date: Sun Jun 17 13:08:48 IRDT 2018
Hostname: sadegh-H81M-S2PH
Memory limits: cudd=1g, java(heap)=2.1g
Command line: prism dns54.nm dns.pctl -s -gs -maxiters 90050 -epsilon 1e-6 -javamaxmem 2400m

Parsing model file "dns54.nm"...

Parsing properties file "dns.pctl"...

1 property:
(1) Pmax=? [ "pp" U "qq" ]

Type:        MDP
Modules:     m1 m2 m3 
Variables:   s1 s2 s3 

---------------------------------------------------------------------

Model checking: Pmax=? [ "pp" U "qq" ]

Building model...

Computing reachable states...

Reachability (BFS): 3 iterations in 0.00 seconds (average 0.001000, setup 0.00)

Time for model construction: 12.07 seconds.

Type:        MDP
States:      9600 (1 initial)
Transitions: 189897261
Choices:     28800

Transition matrix: 12145669 nodes (213495 terminal), 189897261 minterms, vars: 15r/15c/3nd

Prob0A: 2 iterations in 0.01 seconds (average 0.005000, setup 0.00)

Prob1E: 4 iterations in 0.01 seconds (average 0.002750, setup 0.00)

yes = 10, no = 28, maybe = 9562

Computing remaining probabilities...
Engine: Sparse

Building sparse matrix(FOR GS)... [n=9600, nc=28686, nnz=189148781, k=3] [2.1 GB]
Creating vector for yes...[75.0 KB]
Allocating iteration vectors... [2 x 75.0 KB]
TOTAL: [2.1 GB]

Starting iterations...
Iteration 16: max relative diff=0.061459, 5.04 sec so far
Iteration 32: max relative diff=0.026701, 10.08 sec so far
Iteration 48: max relative diff=0.015849, 15.12 sec so far
Iteration 64: max relative diff=0.010646, 20.16 sec so far
Iteration 80: max relative diff=0.007648, 25.20 sec so far
Iteration 96: max relative diff=0.005735, 30.24 sec so far
Iteration 112: max relative diff=0.004426, 35.28 sec so far
Iteration 128: max relative diff=0.003490, 40.32 sec so far
Iteration 144: max relative diff=0.002797, 45.37 sec so far
Iteration 160: max relative diff=0.002271, 50.42 sec so far
Iteration 176: max relative diff=0.001863, 55.46 sec so far
Iteration 192: max relative diff=0.001541, 60.51 sec so far
Iteration 208: max relative diff=0.001283, 65.55 sec so far
Iteration 224: max relative diff=0.001074, 70.59 sec so far
Iteration 240: max relative diff=0.000903, 75.63 sec so far
Iteration 256: max relative diff=0.000762, 80.67 sec so far
Iteration 272: max relative diff=0.000645, 85.71 sec so far
Iteration 288: max relative diff=0.000548, 90.75 sec so far
Iteration 304: max relative diff=0.000466, 95.80 sec so far
Iteration 320: max relative diff=0.000398, 100.84 sec so far
Iteration 336: max relative diff=0.000340, 105.89 sec so far
Iteration 352: max relative diff=0.000291, 110.93 sec so far
Iteration 368: max relative diff=0.000249, 115.98 sec so far
Iteration 384: max relative diff=0.000214, 121.02 sec so far
Iteration 400: max relative diff=0.000183, 126.07 sec so far
Iteration 416: max relative diff=0.000158, 131.12 sec so far
Iteration 432: max relative diff=0.000135, 136.16 sec so far
Iteration 448: max relative diff=0.000117, 141.19 sec so far
Iteration 464: max relative diff=0.000100, 146.23 sec so far
Iteration 480: max relative diff=0.000086, 151.27 sec so far
Iteration 496: max relative diff=0.000074, 156.31 sec so far
Iteration 512: max relative diff=0.000064, 161.35 sec so far
Iteration 528: max relative diff=0.000055, 166.39 sec so far
Iteration 544: max relative diff=0.000048, 171.43 sec so far
Iteration 560: max relative diff=0.000041, 176.47 sec so far
Iteration 576: max relative diff=0.000035, 181.51 sec so far
Iteration 592: max relative diff=0.000031, 186.55 sec so far
Iteration 608: max relative diff=0.000026, 191.59 sec so far
Iteration 624: max relative diff=0.000023, 196.63 sec so far
Iteration 640: max relative diff=0.000020, 201.68 sec so far
Iteration 656: max relative diff=0.000017, 206.72 sec so far
Iteration 672: max relative diff=0.000015, 211.76 sec so far
Iteration 688: max relative diff=0.000013, 216.81 sec so far
Iteration 704: max relative diff=0.000011, 221.86 sec so far
Iteration 720: max relative diff=0.000009, 226.90 sec so far
Iteration 736: max relative diff=0.000008, 231.94 sec so far
Iteration 752: max relative diff=0.000007, 236.99 sec so far
Iteration 768: max relative diff=0.000006, 242.03 sec so far
Iteration 784: max relative diff=0.000005, 247.08 sec so far
Iteration 800: max relative diff=0.000005, 252.12 sec so far
Iteration 816: max relative diff=0.000004, 257.16 sec so far
Iteration 832: max relative diff=0.000003, 262.21 sec so far
Iteration 848: max relative diff=0.000003, 267.24 sec so far
Iteration 864: max relative diff=0.000003, 272.28 sec so far
Iteration 880: max relative diff=0.000002, 277.32 sec so far
Iteration 896: max relative diff=0.000002, 282.37 sec so far
Iteration 912: max relative diff=0.000002, 287.41 sec so far
Iteration 928: max relative diff=0.000001, 292.45 sec so far
Iteration 944: max relative diff=0.000001, 297.49 sec so far
Iteration 960: max relative diff=0.000001, 302.52 sec so far

Iterative method: 965 iterations in 304.09 seconds (average 0.315123, setup 16.82)

Value in the initial state: 0.4002619749583177

Time for model checking: 321.83 seconds.

Result: 0.4002619749583177 (value in the initial state)

