PRISM
=====

Version: 4.4.dev
Date: Sun May 20 12:24:14 IRDT 2018
Hostname: sadegh-H81M-S2PH
Memory limits: cudd=1g, java(heap)=2.1g
Command line: prism dns26.nm dns.pctl -s -improvedmodpoliter2 -maxiters 90050 -epsilon 1e-8 -javamaxmem 2400m

Parsing model file "dns26.nm"...

Parsing properties file "dns.pctl"...

1 property:
(1) Pmax=? [ "pp" U "qq" ]

Type:        MDP
Modules:     m1 m2 m3 
Variables:   s1 s2 s3 

---------------------------------------------------------------------

Model checking: Pmax=? [ "pp" U "qq" ]

Building model...

Computing reachable states...

Reachability (BFS): 3 iterations in 0.00 seconds (average 0.000333, setup 0.00)

Time for model construction: 4.083 seconds.

Type:        MDP
States:      6400 (1 initial)
Transitions: 102141785
Choices:     19200

Transition matrix: 5688927 nodes (312620 terminal), 102141785 minterms, vars: 14r/14c/3nd

Prob0A: 2 iterations in 0.00 seconds (average 0.001000, setup 0.00)

Prob1E: 4 iterations in 0.00 seconds (average 0.000250, setup 0.00)

yes = 10, no = 78, maybe = 6312

Computing remaining probabilities...
Engine: Sparse

Building sparse matrix (FOR POLICY ITERASION)... [n=6400, nc=18936, nnz=100732331, k=3] [1.1 GB]
Creating vector for yes...[50.0 KB]
Allocating iteration vectors... [2 x 50.0 KB]
TOTAL: [1.1 GB]

Starting iterations...
Iteration 303: max relative diff=0.001621, 5.08 sec so far
Iteration 707: max relative diff=0.000000, 11.64 sec so far

Iterative method: 894 iterations in 14.96 seconds (average 0.016733, setup 5.61)


Number of scallar multiplications: 15327M 

Value in the initial state: 0.20038789172207702

Time for model checking: 21.184 seconds.

Result: 0.20038789172207702 (value in the initial state)

