PRISM
=====

Version: 4.4.dev
Date: Sun Jun 17 20:59:17 IRDT 2018
Hostname: sadegh-H81M-S2PH
Memory limits: cudd=1g, java(heap)=2.1g
Command line: prism dns77.nm dns.pctl -s -backwardvaliter -maxiters 90050 -epsilon 1e-6 -javamaxmem 2400m

Parsing model file "dns77.nm"...

Parsing properties file "dns.pctl"...

1 property:
(1) Pmax=? [ "pp" U "qq" ]

Type:        MDP
Modules:     m1 m2 m3 
Variables:   s1 s2 s3 

---------------------------------------------------------------------

Model checking: Pmax=? [ "pp" U "qq" ]

Building model...

Computing reachable states...

Reachability (BFS): 3 iterations in 0.01 seconds (average 0.001667, setup 0.00)

Time for model construction: 10.44 seconds.

Type:        MDP
States:      8000 (1 initial)
Transitions: 115011792
Choices:     24000

Transition matrix: 9982226 nodes (289249 terminal), 115011792 minterms, vars: 15r/15c/3nd

Prob0A: 2 iterations in 0.00 seconds (average 0.001500, setup 0.00)

Prob1E: 4 iterations in 0.00 seconds (average 0.000500, setup 0.00)

yes = 10, no = 28, maybe = 7962

Computing remaining probabilities...
Engine: Sparse

Building sparse matrix(FOR GS)... [n=8000, nc=23886, nnz=114504712, k=3] [1.3 GB]
Creating vector for yes...[62.5 KB]
Allocating iteration vectors... [2 x 62.5 KB]
TOTAL: [1.3 GB]

Starting iterations...
Iteration 20: max relative diff=0.047219, 5.05 sec so far
Iteration 47: max relative diff=0.016044, 10.19 sec so far
Iteration 74: max relative diff=0.008383, 15.34 sec so far
Iteration 101: max relative diff=0.005079, 20.49 sec so far
Iteration 128: max relative diff=0.003329, 25.63 sec so far
Iteration 155: max relative diff=0.002287, 30.77 sec so far
Iteration 182: max relative diff=0.001619, 35.92 sec so far
Iteration 209: max relative diff=0.001172, 41.07 sec so far
Iteration 236: max relative diff=0.000862, 46.22 sec so far
Iteration 263: max relative diff=0.000641, 51.36 sec so far
Iteration 290: max relative diff=0.000481, 56.51 sec so far
Iteration 317: max relative diff=0.000363, 61.66 sec so far
Iteration 344: max relative diff=0.000275, 66.80 sec so far
Iteration 371: max relative diff=0.000209, 71.94 sec so far
Iteration 398: max relative diff=0.000160, 77.09 sec so far
Iteration 425: max relative diff=0.000122, 82.24 sec so far
Iteration 452: max relative diff=0.000093, 87.39 sec so far
Iteration 479: max relative diff=0.000072, 92.54 sec so far
Iteration 506: max relative diff=0.000055, 97.69 sec so far
Iteration 533: max relative diff=0.000042, 102.84 sec so far
Iteration 560: max relative diff=0.000032, 108.00 sec so far
Iteration 587: max relative diff=0.000025, 113.14 sec so far
Iteration 614: max relative diff=0.000019, 118.29 sec so far
Iteration 641: max relative diff=0.000015, 123.44 sec so far
Iteration 668: max relative diff=0.000011, 128.58 sec so far
Iteration 695: max relative diff=0.000009, 133.73 sec so far
Iteration 722: max relative diff=0.000007, 138.88 sec so far
Iteration 749: max relative diff=0.000005, 144.03 sec so far
Iteration 776: max relative diff=0.000004, 149.18 sec so far
Iteration 803: max relative diff=0.000003, 154.33 sec so far
Iteration 830: max relative diff=0.000002, 159.48 sec so far
Iteration 857: max relative diff=0.000002, 164.63 sec so far
Iteration 884: max relative diff=0.000001, 169.78 sec so far
Iteration 911: max relative diff=0.000001, 174.93 sec so far

Iterative method: 919 iterations in 176.45 seconds (average 0.192001, setup 10.84)

Value in the initial state: 0.37857880063903326

Time for model checking: 187.847 seconds.

Result: 0.37857880063903326 (value in the initial state)

Warning: CUDD reports 10504575 non-zero references.

