PRISM
=====

Version: 4.4.dev
Date: Sat Jun 16 21:44:29 IRDT 2018
Hostname: sadegh-H81M-S2PH
Memory limits: cudd=1g, java(heap)=2.1g
Command line: prism dns27.nm dns.pctl -s -backwardvaliter -maxiters 90050 -epsilon 1e-6 -javamaxmem 2400m

Parsing model file "dns27.nm"...

Parsing properties file "dns.pctl"...

1 property:
(1) Pmax=? [ "pp" U "qq" ]

Type:        MDP
Modules:     m1 m2 m3 
Variables:   s1 s2 s3 

---------------------------------------------------------------------

Model checking: Pmax=? [ "pp" U "qq" ]

Building model...

Computing reachable states...

Reachability (BFS): 3 iterations in 0.00 seconds (average 0.000667, setup 0.00)

Time for model construction: 11.24 seconds.

Type:        MDP
States:      8000 (1 initial)
Transitions: 155635424
Choices:     24000

Transition matrix: 11013372 nodes (469585 terminal), 155635424 minterms, vars: 15r/15c/3nd

Prob0A: 2 iterations in 0.00 seconds (average 0.002000, setup 0.00)

Prob1E: 4 iterations in 0.00 seconds (average 0.000500, setup 0.00)

yes = 10, no = 78, maybe = 7912

Computing remaining probabilities...
Engine: Sparse

Building sparse matrix(FOR GS)... [n=8000, nc=23736, nnz=153929219, k=3] [1.7 GB]
Creating vector for yes...[62.5 KB]
Allocating iteration vectors... [2 x 62.5 KB]
TOTAL: [1.7 GB]

Starting iterations...
Iteration 14: max relative diff=0.064904, 5.02 sec so far
Iteration 34: max relative diff=0.018209, 10.16 sec so far
Iteration 54: max relative diff=0.008344, 15.31 sec so far
Iteration 74: max relative diff=0.004466, 20.45 sec so far
Iteration 94: max relative diff=0.002580, 25.59 sec so far
Iteration 114: max relative diff=0.001553, 30.73 sec so far
Iteration 134: max relative diff=0.000957, 35.87 sec so far
Iteration 154: max relative diff=0.000598, 41.02 sec so far
Iteration 174: max relative diff=0.000377, 46.15 sec so far
Iteration 194: max relative diff=0.000239, 51.30 sec so far
Iteration 214: max relative diff=0.000152, 56.44 sec so far
Iteration 234: max relative diff=0.000097, 61.58 sec so far
Iteration 254: max relative diff=0.000062, 66.73 sec so far
Iteration 274: max relative diff=0.000039, 71.87 sec so far
Iteration 294: max relative diff=0.000025, 77.01 sec so far
Iteration 314: max relative diff=0.000016, 82.16 sec so far
Iteration 334: max relative diff=0.000010, 87.30 sec so far
Iteration 354: max relative diff=0.000007, 92.44 sec so far
Iteration 374: max relative diff=0.000004, 97.59 sec so far
Iteration 394: max relative diff=0.000003, 102.73 sec so far
Iteration 414: max relative diff=0.000002, 107.88 sec so far
Iteration 434: max relative diff=0.000001, 113.02 sec so far

Iterative method: 439 iterations in 114.31 seconds (average 0.260383, setup 13.86)

Value in the initial state: 0.18953211998651465

Time for model checking: 128.959 seconds.

Result: 0.18953211998651465 (value in the initial state)

Warning: CUDD reports 12179260 non-zero references.

