PRISM
=====

Version: 4.4.dev
Date: Tue Jun 19 17:06:03 IRDT 2018
Hostname: sadegh-H81M-S2PH
Memory limits: cudd=1g, java(heap)=2.1g
Command line: prism dns178.nm dns.pctl -s -backwardvaliter -maxiters 90050 -epsilon 1e-6 -javamaxmem 2400m

Parsing model file "dns178.nm"...

Parsing properties file "dns.pctl"...

1 property:
(1) Pmax=? [ "pp" U "qq" ]

Type:        MDP
Modules:     m1 m2 m3 
Variables:   s1 s2 s3 

---------------------------------------------------------------------

Model checking: Pmax=? [ "pp" U "qq" ]

Building model...

Computing reachable states...

Reachability (BFS): 3 iterations in 0.00 seconds (average 0.001333, setup 0.00)

Time for model construction: 11.188 seconds.

Type:        MDP
States:      8000 (1 initial)
Transitions: 21273252
Choices:     24000

Transition matrix: 11469600 nodes (510553 terminal), 21273252 minterms, vars: 15r/15c/3nd

Prob0A: 3 iterations in 0.04 seconds (average 0.015000, setup 0.00)

Prob1E: 4 iterations in 0.00 seconds (average 0.000750, setup 0.00)

yes = 10, no = 120, maybe = 7870

Computing remaining probabilities...
Engine: Sparse

Building sparse matrix(FOR GS)... [n=8000, nc=23610, nnz=20937243, k=3] [239.7 MB]
Creating vector for yes...[62.5 KB]
Allocating iteration vectors... [2 x 62.5 KB]
TOTAL: [239.9 MB]

Starting iterations...
Iteration 135: max relative diff=0.000267, 5.02 sec so far
Iteration 275: max relative diff=0.000002, 10.03 sec so far

Iterative method: 294 iterations in 10.71 seconds (average 0.036439, setup 5.08)

Value in the initial state: 0.20006250233984224

Time for model checking: 15.947 seconds.

Result: 0.20006250233984224 (value in the initial state)

Warning: CUDD reports 11792817 non-zero references.

