PRISM
=====

Version: 4.4.dev
Date: Sun May 20 12:54:01 IRDT 2018
Hostname: sadegh-H81M-S2PH
Memory limits: cudd=1g, java(heap)=2.1g
Command line: prism dns32.nm dns.pctl -s -explicitmodpoliter -maxiters 90050 -epsilon 1e-8 -javamaxmem 2400m

Parsing model file "dns32.nm"...

Parsing properties file "dns.pctl"...

1 property:
(1) Pmax=? [ "pp" U "qq" ]

Type:        MDP
Modules:     m1 m2 m3 
Variables:   s1 s2 s3 

---------------------------------------------------------------------

Model checking: Pmax=? [ "pp" U "qq" ]

Building model...

Computing reachable states...

Reachability (BFS): 2 iterations in 0.00 seconds (average 0.000500, setup 0.00)

Time for model construction: 9.074 seconds.

Type:        MDP
States:      7200 (1 initial)
Transitions: 208638409
Choices:     36000

Transition matrix: 11470759 nodes (268720 terminal), 208638409 minterms, vars: 15r/15c/5nd

Prob0A: 2 iterations in 0.00 seconds (average 0.001500, setup 0.00)

Prob1E: 4 iterations in 0.00 seconds (average 0.000500, setup 0.00)

yes = 10, no = 21, maybe = 7169

Computing remaining probabilities...
Engine: Sparse

Building sparse matrix (FOR POLICY ITERASION)... [n=7200, nc=35845, nnz=207749605, k=5] [2.3 GB]
Creating vector for yes...[56.2 KB]
Allocating iteration vectors... [2 x 56.2 KB]
TOTAL: [2.3 GB]

Starting iterations...
Iteration 202: max relative diff=0.009158, 7.83 sec so far
Iteration 404: max relative diff=0.000954, 15.56 sec so far
Iteration 606: max relative diff=0.000086, 23.29 sec so far
Iteration 808: max relative diff=0.000008, 31.03 sec so far
Iteration 1010: max relative diff=0.000001, 39.05 sec so far
Iteration 1212: max relative diff=0.000000, 47.07 sec so far
Iteration 1387: max relative diff=0.000000, 54.10 sec so far

Iterative method: 1387 iterations in 54.10 seconds (average 0.039006, setup 11.61)

Value in the initial state: 0.4626531254952787

Time for model checking: 66.367 seconds.

Result: 0.4626531254952787 (value in the initial state)

