PRISM
=====

Version: 4.4.dev
Date: Sun May 20 18:08:27 IRDT 2018
Hostname: sadegh-H81M-S2PH
Memory limits: cudd=1g, java(heap)=2.1g
Command line: prism dns71.nm dns.pctl -s -improvedmodpoliter2 -maxiters 90050 -epsilon 1e-8 -javamaxmem 2400m

Parsing model file "dns71.nm"...

Parsing properties file "dns.pctl"...

1 property:
(1) Pmax=? [ "pp" U "qq" ]

Type:        MDP
Modules:     m1 m2 m3 
Variables:   s1 s2 s3 

---------------------------------------------------------------------

Model checking: Pmax=? [ "pp" U "qq" ]

Building model...

Computing reachable states...

Reachability (BFS): 3 iterations in 0.00 seconds (average 0.001000, setup 0.00)

Time for model construction: 10.605 seconds.

Type:        MDP
States:      9600 (1 initial)
Transitions: 163804640
Choices:     28800

Transition matrix: 13539008 nodes (267916 terminal), 163804640 minterms, vars: 15r/15c/3nd

Prob0A: 2 iterations in 0.00 seconds (average 0.001500, setup 0.00)

Prob1E: 4 iterations in 0.00 seconds (average 0.000500, setup 0.00)

yes = 10, no = 45, maybe = 9545

Computing remaining probabilities...
Engine: Sparse

Building sparse matrix (FOR POLICY ITERASION)... [n=9600, nc=28635, nnz=162857814, k=3] [1.8 GB]
Creating vector for yes...[75.0 KB]
Allocating iteration vectors... [2 x 75.0 KB]
TOTAL: [1.8 GB]

Starting iterations...
Iteration 202: max relative diff=0.014642, 5.34 sec so far
Iteration 404: max relative diff=0.001994, 10.69 sec so far
Iteration 606: max relative diff=0.000514, 15.93 sec so far
Iteration 808: max relative diff=0.000080, 21.14 sec so far
Iteration 1010: max relative diff=0.000019, 26.37 sec so far
Iteration 1212: max relative diff=0.000005, 31.58 sec so far
Iteration 1414: max relative diff=0.000001, 37.16 sec so far
Iteration 1616: max relative diff=0.000000, 43.01 sec so far
Iteration 1818: max relative diff=0.000000, 48.85 sec so far

Iterative method: 1919 iterations in 51.78 seconds (average 0.026984, setup 10.88)


Number of scallar multiplications: 53075M 

Value in the initial state: 0.29761885097977986

Time for model checking: 64.149 seconds.

Result: 0.29761885097977986 (value in the initial state)

