PRISM
=====

Version: 4.4.dev
Date: Sun May 20 16:18:01 IRDT 2018
Hostname: sadegh-H81M-S2PH
Memory limits: cudd=1g, java(heap)=2.1g
Command line: prism dns67.nm dns.pctl -s -modpoliter -maxiters 90050 -epsilon 1e-8 -javamaxmem 2400m

Parsing model file "dns67.nm"...

Parsing properties file "dns.pctl"...

1 property:
(1) Pmax=? [ "pp" U "qq" ]

Type:        MDP
Modules:     m1 m2 m3 
Variables:   s1 s2 s3 

---------------------------------------------------------------------

Model checking: Pmax=? [ "pp" U "qq" ]

Building model...

Computing reachable states...

Reachability (BFS): 3 iterations in 0.00 seconds (average 0.000333, setup 0.00)

Time for model construction: 8.21 seconds.

Type:        MDP
States:      9200 (1 initial)
Transitions: 103178757
Choices:     18400

Transition matrix: 10098360 nodes (342384 terminal), 103178757 minterms, vars: 15r/15c/2nd

Prob0A: 2 iterations in 0.00 seconds (average 0.001000, setup 0.00)

Prob1E: 4 iterations in 0.00 seconds (average 0.000250, setup 0.00)

yes = 10, no = 55, maybe = 9135

Computing remaining probabilities...
Engine: Sparse

Building sparse matrix (FOR POLICY ITERASION)... [n=9200, nc=18270, nnz=102433971, k=2] [1.1 GB]
Creating vector for yes...[71.9 KB]
Allocating iteration vectors... [2 x 71.9 KB]
TOTAL: [1.1 GB]

Starting iterations...
Iteration 101: max relative diff=0.093417, 5.41 sec so far
Iteration 202: max relative diff=0.010776, 10.84 sec so far
Iteration 303: max relative diff=0.001809, 16.25 sec so far
Iteration 404: max relative diff=0.000344, 21.66 sec so far
Iteration 505: max relative diff=0.000064, 27.09 sec so far
Iteration 606: max relative diff=0.000007, 32.51 sec so far
Iteration 707: max relative diff=0.000001, 37.94 sec so far
Iteration 808: max relative diff=0.000000, 43.36 sec so far
Iteration 909: max relative diff=0.000000, 48.79 sec so far
Iteration 1010: max relative diff=0.000000, 54.22 sec so far

Iterative method: 1022 iterations in 54.89 seconds (average 0.053712, setup 6.94)

Value in the initial state: 0.22999927548253166

Time for model checking: 62.135 seconds.

Result: 0.22999927548253166 (value in the initial state)

