PRISM
=====

Version: 4.4.dev
Date: Sun May 20 20:13:58 IRDT 2018
Hostname: sadegh-H81M-S2PH
Memory limits: cudd=1g, java(heap)=2.1g
Command line: prism dns91.nm dns.pctl -s -modpoliter -maxiters 90050 -epsilon 1e-8 -javamaxmem 2400m

Parsing model file "dns91.nm"...

Parsing properties file "dns.pctl"...

1 property:
(1) Pmax=? [ "pp" U "qq" ]

Type:        MDP
Modules:     m1 m2 m3 
Variables:   s1 s2 s3 

---------------------------------------------------------------------

Model checking: Pmax=? [ "pp" U "qq" ]

Building model...

Computing reachable states...

Reachability (BFS): 3 iterations in 0.00 seconds (average 0.001333, setup 0.00)

Time for model construction: 15.445 seconds.

Type:        MDP
States:      9600 (1 initial)
Transitions: 183488240
Choices:     38400

Transition matrix: 19847663 nodes (370058 terminal), 183488240 minterms, vars: 15r/15c/4nd

Prob0A: 2 iterations in 0.00 seconds (average 0.000000, setup 0.00)

Prob1E: 4 iterations in 1.79 seconds (average 0.448250, setup 0.00)

yes = 10, no = 36, maybe = 9554

Computing remaining probabilities...
Engine: Sparse

Building sparse matrix (FOR POLICY ITERASION)... [n=9600, nc=38216, nnz=182645243, k=4] [2.0 GB]
Creating vector for yes...[75.0 KB]
Allocating iteration vectors... [2 x 75.0 KB]
TOTAL: [2.0 GB]

Starting iterations...
Iteration 202: max relative diff=0.009716, 9.78 sec so far
Iteration 303: max relative diff=0.003448, 14.81 sec so far
Iteration 404: max relative diff=0.001286, 19.81 sec so far
Iteration 606: max relative diff=0.000128, 29.79 sec so far
Iteration 808: max relative diff=0.000010, 39.75 sec so far
Iteration 1010: max relative diff=0.000002, 49.69 sec so far
Iteration 1212: max relative diff=0.000000, 59.64 sec so far
Iteration 1414: max relative diff=0.000000, 69.57 sec so far

Iterative method: 1501 iterations in 73.87 seconds (average 0.049215, setup 13.01)

Value in the initial state: 0.3898652307583025

Time for model checking: 89.312 seconds.

Result: 0.3898652307583025 (value in the initial state)

