PRISM
=====

Version: 4.4.dev
Date: Sun May 20 20:26:41 IRDT 2018
Hostname: sadegh-H81M-S2PH
Memory limits: cudd=1g, java(heap)=2.1g
Command line: prism dns94.nm dns.pctl -s -modpoliter -maxiters 90050 -epsilon 1e-8 -javamaxmem 2400m

Parsing model file "dns94.nm"...

Parsing properties file "dns.pctl"...

1 property:
(1) Pmax=? [ "pp" U "qq" ]

Type:        MDP
Modules:     m1 m2 m3 
Variables:   s1 s2 s3 

---------------------------------------------------------------------

Model checking: Pmax=? [ "pp" U "qq" ]

Building model...

Computing reachable states...

Reachability (BFS): 3 iterations in 0.00 seconds (average 0.000667, setup 0.00)

Time for model construction: 13.734 seconds.

Type:        MDP
States:      10000 (1 initial)
Transitions: 149861966
Choices:     30000

Transition matrix: 15845084 nodes (251542 terminal), 149861966 minterms, vars: 15r/15c/3nd

Prob0A: 2 iterations in 0.01 seconds (average 0.002500, setup 0.00)

Prob1E: 4 iterations in 0.00 seconds (average 0.000250, setup 0.00)

yes = 10, no = 21, maybe = 9969

Computing remaining probabilities...
Engine: Sparse

Building sparse matrix (FOR POLICY ITERASION)... [n=10000, nc=29907, nnz=149397263, k=3] [1.7 GB]
Creating vector for yes...[78.1 KB]
Allocating iteration vectors... [2 x 78.1 KB]
TOTAL: [1.7 GB]

Starting iterations...
Iteration 101: max relative diff=0.058734, 5.22 sec so far
Iteration 202: max relative diff=0.008623, 10.62 sec so far
Iteration 303: max relative diff=0.003079, 16.03 sec so far
Iteration 404: max relative diff=0.001320, 21.42 sec so far
Iteration 505: max relative diff=0.000969, 26.80 sec so far
Iteration 606: max relative diff=0.000343, 32.18 sec so far
Iteration 707: max relative diff=0.000168, 37.54 sec so far
Iteration 808: max relative diff=0.000091, 42.90 sec so far
Iteration 909: max relative diff=0.000045, 48.25 sec so far
Iteration 1010: max relative diff=0.000024, 53.60 sec so far
Iteration 1111: max relative diff=0.000013, 58.96 sec so far
Iteration 1212: max relative diff=0.000009, 64.32 sec so far
Iteration 1313: max relative diff=0.000005, 69.68 sec so far
Iteration 1414: max relative diff=0.000001, 75.06 sec so far
Iteration 1515: max relative diff=0.000001, 80.40 sec so far
Iteration 1616: max relative diff=0.000000, 85.76 sec so far
Iteration 1717: max relative diff=0.000000, 91.10 sec so far
Iteration 1818: max relative diff=0.000000, 96.43 sec so far
Iteration 1919: max relative diff=0.000000, 101.77 sec so far
Iteration 2020: max relative diff=0.000000, 107.11 sec so far
Iteration 2121: max relative diff=0.000000, 112.45 sec so far
Iteration 2222: max relative diff=0.000000, 117.78 sec so far

Iterative method: 2267 iterations in 120.20 seconds (average 0.053022, setup 11.69)

Value in the initial state: 0.4415362474165591

Time for model checking: 132.364 seconds.

Result: 0.4415362474165591 (value in the initial state)

