PRISM
=====

Version: 4.4.dev
Date: Mon May 21 03:28:28 IRDT 2018
Hostname: sadegh-H81M-S2PH
Memory limits: cudd=1g, java(heap)=2.1g
Command line: prism dns185.nm dns.pctl -s -explicitmodpoliter -maxiters 90050 -epsilon 1e-8 -javamaxmem 2400m

Parsing model file "dns185.nm"...

Parsing properties file "dns.pctl"...

1 property:
(1) Pmax=? [ "pp" U "qq" ]

Type:        MDP
Modules:     m1 m2 m3 
Variables:   s1 s2 s3 

---------------------------------------------------------------------

Model checking: Pmax=? [ "pp" U "qq" ]

Building model...

Computing reachable states...

Reachability (BFS): 3 iterations in 0.00 seconds (average 0.000667, setup 0.00)

Time for model construction: 4.905 seconds.

Type:        MDP
States:      7200 (1 initial)
Transitions: 10298604
Choices:     21600

Transition matrix: 7258150 nodes (668431 terminal), 10298604 minterms, vars: 15r/15c/3nd

Prob0A: 3 iterations in 0.01 seconds (average 0.002333, setup 0.00)

Prob1E: 4 iterations in 0.00 seconds (average 0.000250, setup 0.00)

yes = 10, no = 78, maybe = 7112

Computing remaining probabilities...
Engine: Sparse

Building sparse matrix (FOR POLICY ITERASION)... [n=7200, nc=21336, nnz=10167002, k=3] [116.5 MB]
Creating vector for yes...[56.2 KB]
Allocating iteration vectors... [2 x 56.2 KB]
TOTAL: [116.6 MB]

Starting iterations...

Iterative method: 1108 iterations in 3.42 seconds (average 0.003089, setup 1.85)

Value in the initial state: 0.47245221367589785

Time for model checking: 5.327 seconds.

Result: 0.47245221367589785 (value in the initial state)

