PRISM
=====

Version: 4.4.dev
Date: Mon Jun 18 03:17:36 IRDT 2018
Hostname: sadegh-H81M-S2PH
Memory limits: cudd=1g, java(heap)=2.1g
Command line: prism dns100.nm dns.pctl -s -backwardvaliter -maxiters 90050 -epsilon 1e-6 -javamaxmem 2400m

Parsing model file "dns100.nm"...

Parsing properties file "dns.pctl"...

1 property:
(1) Pmax=? [ "pp" U "qq" ]

Type:        MDP
Modules:     m1 m2 m3 
Variables:   s1 s2 s3 

---------------------------------------------------------------------

Model checking: Pmax=? [ "pp" U "qq" ]

Building model...

Computing reachable states...

Reachability (BFS): 3 iterations in 0.00 seconds (average 0.001333, setup 0.00)

Time for model construction: 14.141 seconds.

Type:        MDP
States:      8000 (1 initial)
Transitions: 130456992
Choices:     32000

Transition matrix: 13627500 nodes (302969 terminal), 130456992 minterms, vars: 15r/15c/4nd

Prob0A: 2 iterations in 0.00 seconds (average 0.002000, setup 0.00)

Prob1E: 4 iterations in 0.00 seconds (average 0.000750, setup 0.00)

yes = 10, no = 45, maybe = 7945

Computing remaining probabilities...
Engine: Sparse

Building sparse matrix(FOR GS)... [n=8000, nc=31780, nnz=129561099, k=4] [1.4 GB]
Creating vector for yes...[62.5 KB]
Allocating iteration vectors... [2 x 62.5 KB]
TOTAL: [1.4 GB]

Starting iterations...
Iteration 15: max relative diff=0.061882, 5.10 sec so far
Iteration 39: max relative diff=0.017335, 10.28 sec so far
Iteration 63: max relative diff=0.008122, 15.45 sec so far
Iteration 87: max relative diff=0.004505, 20.62 sec so far
Iteration 111: max relative diff=0.002716, 25.80 sec so far
Iteration 135: max relative diff=0.001717, 31.00 sec so far
Iteration 159: max relative diff=0.001119, 36.17 sec so far
Iteration 183: max relative diff=0.000744, 41.35 sec so far
Iteration 207: max relative diff=0.000500, 46.53 sec so far
Iteration 231: max relative diff=0.000339, 51.71 sec so far
Iteration 255: max relative diff=0.000232, 56.89 sec so far
Iteration 279: max relative diff=0.000158, 62.07 sec so far
Iteration 303: max relative diff=0.000109, 67.25 sec so far
Iteration 327: max relative diff=0.000075, 72.43 sec so far
Iteration 351: max relative diff=0.000051, 77.61 sec so far
Iteration 375: max relative diff=0.000035, 82.79 sec so far
Iteration 399: max relative diff=0.000024, 87.96 sec so far
Iteration 423: max relative diff=0.000017, 93.14 sec so far
Iteration 447: max relative diff=0.000012, 98.32 sec so far
Iteration 471: max relative diff=0.000008, 103.48 sec so far
Iteration 495: max relative diff=0.000006, 108.66 sec so far
Iteration 519: max relative diff=0.000004, 113.83 sec so far
Iteration 543: max relative diff=0.000003, 119.01 sec so far
Iteration 566: max relative diff=0.000002, 124.02 sec so far
Iteration 590: max relative diff=0.000001, 129.19 sec so far

Iterative method: 606 iterations in 132.65 seconds (average 0.218888, setup 14.43)

Value in the initial state: 0.30466464364985385

Time for model checking: 147.825 seconds.

Result: 0.30466464364985385 (value in the initial state)

Warning: CUDD reports 14593023 non-zero references.

