PRISM
=====

Version: 4.4.dev
Date: Mon May 21 01:51:21 IRDT 2018
Hostname: sadegh-H81M-S2PH
Memory limits: cudd=1g, java(heap)=2.1g
Command line: prism dns162.nm dns.pctl -s -modpoliter -maxiters 90050 -epsilon 1e-8 -javamaxmem 2400m

Parsing model file "dns162.nm"...

Parsing properties file "dns.pctl"...

1 property:
(1) Pmax=? [ "pp" U "qq" ]

Type:        MDP
Modules:     m1 m2 m3 
Variables:   s1 s2 s3 

---------------------------------------------------------------------

Model checking: Pmax=? [ "pp" U "qq" ]

Building model...

Computing reachable states...

Reachability (BFS): 3 iterations in 0.00 seconds (average 0.000667, setup 0.00)

Time for model construction: 8.828 seconds.

Type:        MDP
States:      10000 (1 initial)
Transitions: 30116598
Choices:     30000

Transition matrix: 12742056 nodes (516703 terminal), 30116598 minterms, vars: 15r/15c/3nd

Prob0A: 3 iterations in 0.00 seconds (average 0.001000, setup 0.00)

Prob1E: 9 iterations in 0.01 seconds (average 0.000889, setup 0.00)

yes = 10, no = 15, maybe = 9975

Computing remaining probabilities...
Engine: Sparse

Building sparse matrix (FOR POLICY ITERASION)... [n=10000, nc=29925, nnz=30040873, k=3] [343.9 MB]
Creating vector for yes...[78.1 KB]
Allocating iteration vectors... [2 x 78.1 KB]
TOTAL: [344.2 MB]

Starting iterations...
Iteration 505: max relative diff=0.004250, 5.83 sec so far
Iteration 1010: max relative diff=0.000696, 11.59 sec so far
Iteration 1515: max relative diff=0.000245, 17.32 sec so far
Iteration 2020: max relative diff=0.000071, 23.01 sec so far
Iteration 2525: max relative diff=0.000028, 28.64 sec so far
Iteration 3030: max relative diff=0.000019, 34.25 sec so far
Iteration 3535: max relative diff=0.000021, 39.87 sec so far
Iteration 4040: max relative diff=0.000014, 45.48 sec so far
Iteration 4545: max relative diff=0.000007, 51.09 sec so far
Iteration 5050: max relative diff=0.000006, 56.69 sec so far
Iteration 5555: max relative diff=0.000004, 62.30 sec so far
Iteration 6060: max relative diff=0.000003, 67.92 sec so far
Iteration 6565: max relative diff=0.000003, 73.52 sec so far
Iteration 7070: max relative diff=0.000002, 79.13 sec so far
Iteration 7575: max relative diff=0.000002, 84.74 sec so far
Iteration 8080: max relative diff=0.000001, 90.35 sec so far
Iteration 8585: max relative diff=0.000001, 95.95 sec so far
Iteration 9090: max relative diff=0.000001, 101.55 sec so far
Iteration 9595: max relative diff=0.000001, 107.16 sec so far
Iteration 10100: max relative diff=0.000001, 112.77 sec so far
Iteration 10605: max relative diff=0.000000, 118.36 sec so far
Iteration 11110: max relative diff=0.000000, 123.97 sec so far
Iteration 11615: max relative diff=0.000000, 129.57 sec so far
Iteration 12120: max relative diff=0.000000, 135.18 sec so far
Iteration 12625: max relative diff=0.000000, 140.79 sec so far
Iteration 13130: max relative diff=0.000000, 146.40 sec so far
Iteration 13635: max relative diff=0.000000, 152.01 sec so far
Iteration 14140: max relative diff=0.000000, 157.62 sec so far
Iteration 14645: max relative diff=0.000000, 163.22 sec so far
Iteration 15150: max relative diff=0.000000, 168.83 sec so far
Iteration 15655: max relative diff=0.000000, 174.44 sec so far
Iteration 16160: max relative diff=0.000000, 180.05 sec so far
Iteration 16665: max relative diff=0.000000, 185.66 sec so far
Iteration 17170: max relative diff=0.000000, 191.26 sec so far
Iteration 17675: max relative diff=0.000000, 196.87 sec so far
Iteration 18180: max relative diff=0.000000, 202.48 sec so far
Iteration 18685: max relative diff=0.000000, 208.09 sec so far
Iteration 19190: max relative diff=0.000000, 213.71 sec so far
Iteration 19695: max relative diff=0.000000, 219.31 sec so far
Iteration 20200: max relative diff=0.000000, 224.93 sec so far
Iteration 20705: max relative diff=0.000000, 230.53 sec so far
Iteration 21210: max relative diff=0.000000, 236.15 sec so far
Iteration 21715: max relative diff=0.000000, 241.76 sec so far

Iterative method: 21764 iterations in 242.31 seconds (average 0.011134, setup 3.94)

Value in the initial state: 0.9061385107986764

Time for model checking: 246.336 seconds.

Result: 0.9061385107986764 (value in the initial state)

