PRISM
=====

Version: 4.4.dev
Date: Sat Jun 16 20:59:32 IRDT 2018
Hostname: sadegh-H81M-S2PH
Memory limits: cudd=1g, java(heap)=2.1g
Command line: prism dns23.nm dns.pctl -s -backwardvaliter -maxiters 90050 -epsilon 1e-6 -javamaxmem 2400m

Parsing model file "dns23.nm"...

Parsing properties file "dns.pctl"...

1 property:
(1) Pmax=? [ "pp" U "qq" ]

Type:        MDP
Modules:     m1 m2 m3 
Variables:   s1 s2 s3 

---------------------------------------------------------------------

Model checking: Pmax=? [ "pp" U "qq" ]

Building model...

Computing reachable states...

Reachability (BFS): 3 iterations in 0.00 seconds (average 0.000667, setup 0.00)

Time for model construction: 7.553 seconds.

Type:        MDP
States:      6000 (1 initial)
Transitions: 119768616
Choices:     24000

Transition matrix: 7220374 nodes (670602 terminal), 119768616 minterms, vars: 14r/14c/4nd

Prob0A: 2 iterations in 0.01 seconds (average 0.004000, setup 0.00)

Prob1E: 4 iterations in 0.00 seconds (average 0.001000, setup 0.00)

yes = 10, no = 91, maybe = 5899

Computing remaining probabilities...
Engine: Sparse

Building sparse matrix(FOR GS)... [n=6000, nc=23596, nnz=117719266, k=4] [1.3 GB]
Creating vector for yes...[46.9 KB]
Allocating iteration vectors... [2 x 46.9 KB]
TOTAL: [1.3 GB]

Starting iterations...
Iteration 23: max relative diff=0.028249, 5.10 sec so far
Iteration 49: max relative diff=0.007823, 10.19 sec so far
Iteration 75: max relative diff=0.003157, 15.28 sec so far
Iteration 101: max relative diff=0.001442, 20.36 sec so far
Iteration 127: max relative diff=0.000695, 25.44 sec so far
Iteration 153: max relative diff=0.000343, 30.53 sec so far
Iteration 179: max relative diff=0.000171, 35.61 sec so far
Iteration 205: max relative diff=0.000086, 40.70 sec so far
Iteration 231: max relative diff=0.000043, 45.78 sec so far
Iteration 257: max relative diff=0.000022, 50.86 sec so far
Iteration 283: max relative diff=0.000011, 55.95 sec so far
Iteration 309: max relative diff=0.000006, 61.04 sec so far
Iteration 335: max relative diff=0.000003, 66.12 sec so far
Iteration 361: max relative diff=0.000001, 71.20 sec so far

Iterative method: 375 iterations in 73.94 seconds (average 0.197179, setup 11.27)

Value in the initial state: 0.3521875748013111

Time for model checking: 85.838 seconds.

Result: 0.3521875748013111 (value in the initial state)

Warning: CUDD reports 8239461 non-zero references.

