PRISM
=====

Version: 4.4.dev
Date: Mon May 21 03:18:10 IRDT 2018
Hostname: sadegh-H81M-S2PH
Memory limits: cudd=1g, java(heap)=2.1g
Command line: prism dns180.nm dns.pctl -s -improvedmodpoliter2 -maxiters 90050 -epsilon 1e-8 -javamaxmem 2400m

Parsing model file "dns180.nm"...

Parsing properties file "dns.pctl"...

1 property:
(1) Pmax=? [ "pp" U "qq" ]

Type:        MDP
Modules:     m1 m2 m3 
Variables:   s1 s2 s3 

---------------------------------------------------------------------

Model checking: Pmax=? [ "pp" U "qq" ]

Building model...

Computing reachable states...

Reachability (BFS): 3 iterations in 0.01 seconds (average 0.002000, setup 0.00)

Time for model construction: 17.641 seconds.

Type:        MDP
States:      9600 (1 initial)
Transitions: 39817360
Choices:     38400

Transition matrix: 19656616 nodes (519544 terminal), 39817360 minterms, vars: 15r/15c/4nd

Prob0A: 3 iterations in 0.00 seconds (average 0.001333, setup 0.00)

Prob1E: 4 iterations in 0.00 seconds (average 0.000500, setup 0.00)

yes = 10, no = 55, maybe = 9535

Computing remaining probabilities...
Engine: Sparse

Building sparse matrix (FOR POLICY ITERASION)... [n=9600, nc=38140, nnz=39547950, k=4] [452.8 MB]
Creating vector for yes...[75.0 KB]
Allocating iteration vectors... [2 x 75.0 KB]
TOTAL: [453.0 MB]

Starting iterations...
Iteration 909: max relative diff=0.000124, 5.21 sec so far
Iteration 1818: max relative diff=0.000000, 10.61 sec so far

Iterative method: 2365 iterations in 14.48 seconds (average 0.006122, setup 6.19)


Number of scallar multiplications: 14180M 

Value in the initial state: 0.31650779749701974

Time for model checking: 20.857 seconds.

Result: 0.31650779749701974 (value in the initial state)

