PRISM
=====

Version: 4.4.dev
Date: Mon May 21 00:04:35 IRDT 2018
Hostname: sadegh-H81M-S2PH
Memory limits: cudd=1g, java(heap)=2.1g
Command line: prism dns129.nm dns.pctl -s -modpoliter -maxiters 90050 -epsilon 1e-8 -javamaxmem 2400m

Parsing model file "dns129.nm"...

Parsing properties file "dns.pctl"...

1 property:
(1) Pmax=? [ "pp" U "qq" ]

Type:        MDP
Modules:     m1 m2 m3 
Variables:   s1 s2 s3 

---------------------------------------------------------------------

Model checking: Pmax=? [ "pp" U "qq" ]

Building model...

Computing reachable states...

Reachability (BFS): 3 iterations in 0.01 seconds (average 0.003667, setup 0.00)

Time for model construction: 10.148 seconds.

Type:        MDP
States:      7200 (1 initial)
Transitions: 64473068
Choices:     28800

Transition matrix: 13190569 nodes (699305 terminal), 64473068 minterms, vars: 15r/15c/4nd

Prob0A: 2 iterations in 0.00 seconds (average 0.001500, setup 0.00)

Prob1E: 9 iterations in 0.01 seconds (average 0.001111, setup 0.00)

yes = 10, no = 10, maybe = 7180

Computing remaining probabilities...
Engine: Sparse

Building sparse matrix (FOR POLICY ITERASION)... [n=7200, nc=28720, nnz=64310330, k=4] [736.1 MB]
Creating vector for yes...[56.2 KB]
Allocating iteration vectors... [2 x 56.2 KB]
TOTAL: [736.3 MB]

Starting iterations...
Iteration 303: max relative diff=0.007826, 5.20 sec so far
Iteration 606: max relative diff=0.001096, 10.41 sec so far
Iteration 909: max relative diff=0.000380, 15.59 sec so far
Iteration 1212: max relative diff=0.000153, 20.75 sec so far
Iteration 1515: max relative diff=0.000102, 25.90 sec so far
Iteration 1818: max relative diff=0.000034, 31.06 sec so far
Iteration 2121: max relative diff=0.000019, 36.24 sec so far
Iteration 2424: max relative diff=0.000012, 41.42 sec so far
Iteration 2727: max relative diff=0.000007, 46.61 sec so far
Iteration 3030: max relative diff=0.000002, 51.80 sec so far
Iteration 3333: max relative diff=0.000001, 56.99 sec so far
Iteration 3636: max relative diff=0.000001, 62.21 sec so far
Iteration 3939: max relative diff=0.000000, 67.37 sec so far
Iteration 4242: max relative diff=0.000000, 72.58 sec so far
Iteration 4545: max relative diff=0.000000, 77.78 sec so far
Iteration 4848: max relative diff=0.000000, 82.95 sec so far
Iteration 5151: max relative diff=0.000000, 88.12 sec so far
Iteration 5454: max relative diff=0.000000, 93.28 sec so far
Iteration 5757: max relative diff=0.000000, 98.45 sec so far
Iteration 6054: max relative diff=0.000000, 103.52 sec so far

Iterative method: 6054 iterations in 103.52 seconds (average 0.017099, setup 5.38)

Value in the initial state: 0.8166328825299265

Time for model checking: 109.084 seconds.

Result: 0.8166328825299265 (value in the initial state)

