PRISM
=====

Version: 4.4.dev
Date: Mon Jun 18 09:21:37 IRDT 2018
Hostname: sadegh-H81M-S2PH
Memory limits: cudd=1g, java(heap)=2.1g
Command line: prism dns122.nm dns.pctl -s -bucketvaliter2 -maxiters 90050 -javamaxmem 2400m

Parsing model file "dns122.nm"...

Parsing properties file "dns.pctl"...

1 property:
(1) Pmax=? [ "pp" U "qq" ]

Type:        MDP
Modules:     m1 m2 m3 
Variables:   s1 s2 s3 

---------------------------------------------------------------------

Model checking: Pmax=? [ "pp" U "qq" ]

Building model...

Computing reachable states...

Reachability (BFS): 3 iterations in 0.00 seconds (average 0.001333, setup 0.00)

Time for model construction: 8.428 seconds.

Type:        MDP
States:      8000 (1 initial)
Transitions: 60551854
Choices:     24000

Transition matrix: 8977381 nodes (498037 terminal), 60551854 minterms, vars: 15r/15c/3nd

Prob0A: 3 iterations in 0.01 seconds (average 0.002333, setup 0.00)

Prob1E: 9 iterations in 0.01 seconds (average 0.000778, setup 0.00)

yes = 10, no = 10, maybe = 7980

Computing remaining probabilities...
Engine: Sparse

Building sparse matrix(FOR GS)... [n=8000, nc=23940, nnz=60414537, k=3] [691.5 MB]
Creating vector for yes...[62.5 KB]
Allocating iteration vectors... [2 x 62.5 KB]
TOTAL: [691.7 MB]

Starting iterations...
Iterative method did not converge within after 1000 seconds.
Iterative method: 12338777 iterations in 1000.00 seconds (average 0.000081, setup 6.70)

Error: Iterative method did not converge within 12338777 iterations.
Consider using a different numerical method or increasing the maximum number of iterations.

