PRISM
=====

Version: 4.4.dev
Date: Sun May 20 23:59:37 IRDT 2018
Hostname: sadegh-H81M-S2PH
Memory limits: cudd=1g, java(heap)=2.1g
Command line: prism dns127.nm dns.pctl -s -modpoliter -maxiters 90050 -epsilon 1e-8 -javamaxmem 2400m

Parsing model file "dns127.nm"...

Parsing properties file "dns.pctl"...

1 property:
(1) Pmax=? [ "pp" U "qq" ]

Type:        MDP
Modules:     m1 m2 m3 
Variables:   s1 s2 s3 

---------------------------------------------------------------------

Model checking: Pmax=? [ "pp" U "qq" ]

Building model...

Computing reachable states...

Reachability (BFS): 3 iterations in 0.00 seconds (average 0.000667, setup 0.00)

Time for model construction: 10.257 seconds.

Type:        MDP
States:      8400 (1 initial)
Transitions: 63764592
Choices:     25200

Transition matrix: 13437279 nodes (570813 terminal), 63764592 minterms, vars: 15r/15c/3nd

Prob0A: 2 iterations in 0.00 seconds (average 0.001000, setup 0.00)

Prob1E: 4 iterations in 0.00 seconds (average 0.000250, setup 0.00)

yes = 10, no = 36, maybe = 8354

Computing remaining probabilities...
Engine: Sparse

Building sparse matrix (FOR POLICY ITERASION)... [n=8400, nc=25062, nnz=63407314, k=3] [725.8 MB]
Creating vector for yes...[65.6 KB]
Allocating iteration vectors... [2 x 65.6 KB]
TOTAL: [726.0 MB]

Starting iterations...
Iteration 303: max relative diff=0.007602, 6.97 sec so far
Iteration 606: max relative diff=0.000113, 13.89 sec so far
Iteration 909: max relative diff=0.000001, 20.81 sec so far
Iteration 1212: max relative diff=0.000000, 27.74 sec so far

Iterative method: 1287 iterations in 29.46 seconds (average 0.022892, setup 6.31)

Value in the initial state: 0.4420225712319626

Time for model checking: 35.982 seconds.

Result: 0.4420225712319626 (value in the initial state)

