PRISM
=====

Version: 4.4.dev
Date: Sun Jun 17 10:49:33 IRDT 2018
Hostname: sadegh-H81M-S2PH
Memory limits: cudd=1g, java(heap)=2.1g
Command line: prism dns46.nm dns.pctl -s -backwardvaliter -maxiters 90050 -epsilon 1e-6 -javamaxmem 2400m

Parsing model file "dns46.nm"...

Parsing properties file "dns.pctl"...

1 property:
(1) Pmax=? [ "pp" U "qq" ]

Type:        MDP
Modules:     m1 m2 m3 
Variables:   s1 s2 s3 

---------------------------------------------------------------------

Model checking: Pmax=? [ "pp" U "qq" ]

Building model...

Computing reachable states...

Reachability (BFS): 3 iterations in 0.00 seconds (average 0.001000, setup 0.00)

Time for model construction: 10.818 seconds.

Type:        MDP
States:      6400 (1 initial)
Transitions: 141001533
Choices:     32000

Transition matrix: 10420671 nodes (439249 terminal), 141001533 minterms, vars: 14r/14c/5nd

Prob0A: 2 iterations in 0.02 seconds (average 0.009500, setup 0.00)

Prob1E: 4 iterations in 0.00 seconds (average 0.001000, setup 0.00)

yes = 10, no = 120, maybe = 6270

Computing remaining probabilities...
Engine: Sparse

Building sparse matrix(FOR GS)... [n=6400, nc=31350, nnz=138169892, k=5] [1.5 GB]
Creating vector for yes...[50.0 KB]
Allocating iteration vectors... [2 x 50.0 KB]
TOTAL: [1.5 GB]

Starting iterations...
Iteration 15: max relative diff=0.050108, 5.12 sec so far
Iteration 37: max relative diff=0.010053, 10.18 sec so far
Iteration 59: max relative diff=0.003069, 15.24 sec so far
Iteration 81: max relative diff=0.001040, 20.30 sec so far
Iteration 103: max relative diff=0.000364, 25.36 sec so far
Iteration 125: max relative diff=0.000129, 30.42 sec so far
Iteration 147: max relative diff=0.000046, 35.48 sec so far
Iteration 169: max relative diff=0.000016, 40.54 sec so far
Iteration 191: max relative diff=0.000006, 45.59 sec so far
Iteration 213: max relative diff=0.000002, 50.65 sec so far

Iterative method: 229 iterations in 54.33 seconds (average 0.237262, setup 14.59)

Value in the initial state: 0.17649867460067023

Time for model checking: 69.707 seconds.

Result: 0.17649867460067023 (value in the initial state)

Warning: CUDD reports 12727805 non-zero references.

