PRISM
=====

Version: 4.4.dev
Date: Sat Jun 16 19:28:34 IRDT 2018
Hostname: sadegh-H81M-S2PH
Memory limits: cudd=1g, java(heap)=2.1g
Command line: prism dns20.nm dns.pctl -s -gs -maxiters 90050 -epsilon 1e-6 -javamaxmem 2400m

Parsing model file "dns20.nm"...

Parsing properties file "dns.pctl"...

1 property:
(1) Pmax=? [ "pp" U "qq" ]

Type:        MDP
Modules:     m1 m2 m3 
Variables:   s1 s2 s3 

---------------------------------------------------------------------

Model checking: Pmax=? [ "pp" U "qq" ]

Building model...

Computing reachable states...

Reachability (BFS): 3 iterations in 0.00 seconds (average 0.000333, setup 0.00)

Time for model construction: 8.94 seconds.

Type:        MDP
States:      8000 (1 initial)
Transitions: 186452652
Choices:     24000

Transition matrix: 8917711 nodes (421243 terminal), 186452652 minterms, vars: 15r/15c/3nd

Prob0A: 2 iterations in 0.00 seconds (average 0.001000, setup 0.00)

Prob1E: 4 iterations in 0.00 seconds (average 0.000250, setup 0.00)

yes = 10, no = 36, maybe = 7954

Computing remaining probabilities...
Engine: Sparse

Building sparse matrix(FOR GS)... [n=8000, nc=23862, nnz=185398637, k=3] [2.1 GB]
Creating vector for yes...[62.5 KB]
Allocating iteration vectors... [2 x 62.5 KB]
TOTAL: [2.1 GB]

Starting iterations...
Iteration 17: max relative diff=0.054656, 5.25 sec so far
Iteration 34: max relative diff=0.022523, 10.50 sec so far
Iteration 51: max relative diff=0.012790, 15.76 sec so far
Iteration 68: max relative diff=0.008264, 21.01 sec so far
Iteration 85: max relative diff=0.005754, 26.26 sec so far
Iteration 102: max relative diff=0.004192, 31.51 sec so far
Iteration 119: max relative diff=0.003158, 36.76 sec so far
Iteration 136: max relative diff=0.002434, 42.01 sec so far
Iteration 153: max relative diff=0.001910, 47.27 sec so far
Iteration 170: max relative diff=0.001519, 52.52 sec so far
Iteration 187: max relative diff=0.001222, 57.77 sec so far
Iteration 204: max relative diff=0.000993, 63.03 sec so far
Iteration 221: max relative diff=0.000812, 68.28 sec so far
Iteration 238: max relative diff=0.000668, 73.53 sec so far
Iteration 255: max relative diff=0.000552, 78.78 sec so far
Iteration 272: max relative diff=0.000458, 84.03 sec so far
Iteration 289: max relative diff=0.000381, 89.28 sec so far
Iteration 306: max relative diff=0.000318, 94.53 sec so far
Iteration 323: max relative diff=0.000266, 99.78 sec so far
Iteration 340: max relative diff=0.000223, 105.03 sec so far
Iteration 357: max relative diff=0.000188, 110.29 sec so far
Iteration 374: max relative diff=0.000158, 115.54 sec so far
Iteration 391: max relative diff=0.000133, 120.79 sec so far
Iteration 408: max relative diff=0.000112, 126.04 sec so far
Iteration 425: max relative diff=0.000094, 131.28 sec so far
Iteration 442: max relative diff=0.000079, 136.54 sec so far
Iteration 459: max relative diff=0.000067, 141.79 sec so far
Iteration 476: max relative diff=0.000057, 147.04 sec so far
Iteration 493: max relative diff=0.000048, 152.29 sec so far
Iteration 510: max relative diff=0.000040, 157.54 sec so far
Iteration 527: max relative diff=0.000034, 162.79 sec so far
Iteration 544: max relative diff=0.000029, 168.05 sec so far
Iteration 561: max relative diff=0.000024, 173.30 sec so far
Iteration 578: max relative diff=0.000021, 178.55 sec so far
Iteration 595: max relative diff=0.000017, 183.81 sec so far
Iteration 612: max relative diff=0.000015, 189.06 sec so far
Iteration 629: max relative diff=0.000012, 194.31 sec so far
Iteration 646: max relative diff=0.000010, 199.56 sec so far
Iteration 663: max relative diff=0.000009, 204.81 sec so far
Iteration 680: max relative diff=0.000008, 210.07 sec so far
Iteration 697: max relative diff=0.000006, 215.31 sec so far
Iteration 714: max relative diff=0.000005, 220.56 sec so far
Iteration 731: max relative diff=0.000005, 225.84 sec so far
Iteration 748: max relative diff=0.000004, 231.08 sec so far
Iteration 765: max relative diff=0.000003, 236.33 sec so far
Iteration 782: max relative diff=0.000003, 241.58 sec so far
Iteration 799: max relative diff=0.000002, 246.84 sec so far
Iteration 816: max relative diff=0.000002, 252.09 sec so far
Iteration 833: max relative diff=0.000002, 257.34 sec so far
Iteration 850: max relative diff=0.000001, 262.59 sec so far
Iteration 867: max relative diff=0.000001, 267.84 sec so far
Iteration 884: max relative diff=0.000001, 273.09 sec so far

Iterative method: 885 iterations in 273.40 seconds (average 0.308923, setup 15.20)

Value in the initial state: 0.35094360222386795

Time for model checking: 289.525 seconds.

Result: 0.35094360222386795 (value in the initial state)

