PRISM
=====

Version: 4.4.dev
Date: Sun Jun 17 00:07:06 IRDT 2018
Hostname: sadegh-H81M-S2PH
Memory limits: cudd=1g, java(heap)=2.1g
Command line: prism dns34.nm dns.pctl -s -bucketvaliter2 -maxiters 90050 -javamaxmem 2400m

Parsing model file "dns34.nm"...

Parsing properties file "dns.pctl"...

1 property:
(1) Pmax=? [ "pp" U "qq" ]

Type:        MDP
Modules:     m1 m2 m3 
Variables:   s1 s2 s3 

---------------------------------------------------------------------

Model checking: Pmax=? [ "pp" U "qq" ]

Building model...

Computing reachable states...

Reachability (BFS): 3 iterations in 0.00 seconds (average 0.000333, setup 0.00)

Time for model construction: 12.372 seconds.

Type:        MDP
States:      8400 (1 initial)
Transitions: 174026234
Choices:     25200

Transition matrix: 12175673 nodes (455778 terminal), 174026234 minterms, vars: 15r/15c/3nd

Prob0A: 2 iterations in 0.00 seconds (average 0.002000, setup 0.00)

Prob1E: 4 iterations in 0.00 seconds (average 0.000500, setup 0.00)

yes = 10, no = 78, maybe = 8312

Computing remaining probabilities...
Engine: Sparse

Building sparse matrix(FOR GS)... [n=8400, nc=24936, nnz=172181171, k=3] [1.9 GB]
Creating vector for yes...[65.6 KB]
Allocating iteration vectors... [2 x 65.6 KB]
TOTAL: [1.9 GB]

Starting iterations...

Iterative method: 2490338 iterations in 546.58 seconds (average 0.000219, setup 17.50)

Value in the initial state: 0.23034336383343407

Time for model checking: 570.113 seconds.

Result: 0.23034336383343407 (value in the initial state)

