PRISM
=====

Version: 4.4.dev
Date: Sun May 20 21:31:12 IRDT 2018
Hostname: sadegh-H81M-S2PH
Memory limits: cudd=1g, java(heap)=2.1g
Command line: prism dns105.nm dns.pctl -s -explicitmodpoliter -maxiters 90050 -epsilon 1e-8 -javamaxmem 2400m

Parsing model file "dns105.nm"...

Parsing properties file "dns.pctl"...

1 property:
(1) Pmax=? [ "pp" U "qq" ]

Type:        MDP
Modules:     m1 m2 m3 
Variables:   s1 s2 s3 

---------------------------------------------------------------------

Model checking: Pmax=? [ "pp" U "qq" ]

Building model...

Computing reachable states...

Reachability (BFS): 3 iterations in 0.00 seconds (average 0.001333, setup 0.00)

Time for model construction: 9.783 seconds.

Type:        MDP
States:      8800 (1 initial)
Transitions: 95750421
Choices:     26400

Transition matrix: 13341301 nodes (431300 terminal), 95750421 minterms, vars: 15r/15c/3nd

Prob0A: 3 iterations in 0.00 seconds (average 0.001000, setup 0.00)

Prob1E: 4 iterations in 0.00 seconds (average 0.000250, setup 0.00)

yes = 10, no = 36, maybe = 8754

Computing remaining probabilities...
Engine: Sparse

Building sparse matrix (FOR POLICY ITERASION)... [n=8800, nc=26262, nnz=95261726, k=3] [1.1 GB]
Creating vector for yes...[68.8 KB]
Allocating iteration vectors... [2 x 68.8 KB]
TOTAL: [1.1 GB]

Starting iterations...
Iteration 202: max relative diff=0.012646, 6.20 sec so far
Iteration 404: max relative diff=0.001543, 12.19 sec so far
Iteration 606: max relative diff=0.000273, 18.17 sec so far
Iteration 808: max relative diff=0.000054, 24.14 sec so far
Iteration 1010: max relative diff=0.000006, 30.11 sec so far
Iteration 1212: max relative diff=0.000001, 36.09 sec so far
Iteration 1414: max relative diff=0.000000, 42.07 sec so far
Iteration 1616: max relative diff=0.000000, 48.32 sec so far

Iterative method: 1757 iterations in 52.75 seconds (average 0.030022, setup 7.79)

Value in the initial state: 0.4017871371155771

Time for model checking: 60.923 seconds.

Result: 0.4017871371155771 (value in the initial state)

