PRISM
=====

Version: 4.4.dev
Date: Sun May 20 16:20:21 IRDT 2018
Hostname: sadegh-H81M-S2PH
Memory limits: cudd=1g, java(heap)=2.1g
Command line: prism dns67.nm dns.pctl -s -improvedmodpoliter2 -maxiters 90050 -epsilon 1e-8 -javamaxmem 2400m

Parsing model file "dns67.nm"...

Parsing properties file "dns.pctl"...

1 property:
(1) Pmax=? [ "pp" U "qq" ]

Type:        MDP
Modules:     m1 m2 m3 
Variables:   s1 s2 s3 

---------------------------------------------------------------------

Model checking: Pmax=? [ "pp" U "qq" ]

Building model...

Computing reachable states...

Reachability (BFS): 3 iterations in 0.00 seconds (average 0.000667, setup 0.00)

Time for model construction: 8.252 seconds.

Type:        MDP
States:      9200 (1 initial)
Transitions: 103178757
Choices:     18400

Transition matrix: 10098360 nodes (342384 terminal), 103178757 minterms, vars: 15r/15c/2nd

Prob0A: 2 iterations in 0.00 seconds (average 0.001500, setup 0.00)

Prob1E: 4 iterations in 0.01 seconds (average 0.001500, setup 0.00)

yes = 10, no = 55, maybe = 9135

Computing remaining probabilities...
Engine: Sparse

Building sparse matrix (FOR POLICY ITERASION)... [n=9200, nc=18270, nnz=102433971, k=2] [1.1 GB]
Creating vector for yes...[71.9 KB]
Allocating iteration vectors... [2 x 71.9 KB]
TOTAL: [1.1 GB]

Starting iterations...
Iteration 303: max relative diff=0.006544, 5.85 sec so far
Iteration 606: max relative diff=0.000359, 11.73 sec so far
Iteration 909: max relative diff=0.000021, 17.58 sec so far
Iteration 1212: max relative diff=0.000001, 23.63 sec so far
Iteration 1515: max relative diff=0.000000, 30.04 sec so far
Iteration 1743: max relative diff=0.000000, 35.41 sec so far

Iterative method: 1743 iterations in 35.41 seconds (average 0.020317, setup 6.78)


Number of scallar multiplications: 34975M 

Value in the initial state: 0.22999932164707387

Time for model checking: 43.179 seconds.

Result: 0.22999932164707387 (value in the initial state)

