PRISM
=====

Version: 4.4.dev
Date: Mon May 21 00:13:10 IRDT 2018
Hostname: sadegh-H81M-S2PH
Memory limits: cudd=1g, java(heap)=2.1g
Command line: prism dns130.nm dns.pctl -s -improvedmodpoliter2 -maxiters 90050 -epsilon 1e-8 -javamaxmem 2400m

Parsing model file "dns130.nm"...

Parsing properties file "dns.pctl"...

1 property:
(1) Pmax=? [ "pp" U "qq" ]

Type:        MDP
Modules:     m1 m2 m3 
Variables:   s1 s2 s3 

---------------------------------------------------------------------

Model checking: Pmax=? [ "pp" U "qq" ]

Building model...

Computing reachable states...

Reachability (BFS): 3 iterations in 0.01 seconds (average 0.002333, setup 0.00)

Time for model construction: 7.4 seconds.

Type:        MDP
States:      6400 (1 initial)
Transitions: 50091836
Choices:     25600

Transition matrix: 9972213 nodes (704213 terminal), 50091836 minterms, vars: 14r/14c/4nd

Prob0A: 3 iterations in 0.00 seconds (average 0.000000, setup 0.00)

Prob1E: 4 iterations in 0.00 seconds (average 0.000750, setup 0.00)

yes = 10, no = 28, maybe = 6362

Computing remaining probabilities...
Engine: Sparse

Building sparse matrix (FOR POLICY ITERASION)... [n=6400, nc=25448, nnz=49797940, k=4] [570.0 MB]
Creating vector for yes...[50.0 KB]
Allocating iteration vectors... [2 x 50.0 KB]
TOTAL: [570.2 MB]

Starting iterations...
Iteration 1212: max relative diff=0.000151, 5.44 sec so far
Iteration 2424: max relative diff=0.000003, 10.83 sec so far
Iteration 3535: max relative diff=0.000000, 16.07 sec so far

Iterative method: 4083 iterations in 18.69 seconds (average 0.004578, setup 4.29)


Number of scallar multiplications: 18217M 

Value in the initial state: 0.5775603870703608

Time for model checking: 23.16 seconds.

Result: 0.5775603870703608 (value in the initial state)

