PRISM
=====

Version: 4.4.dev
Date: Mon Jun 18 05:27:17 IRDT 2018
Hostname: sadegh-H81M-S2PH
Memory limits: cudd=1g, java(heap)=2.1g
Command line: prism dns107.nm dns.pctl -s -backwardvaliter -maxiters 90050 -epsilon 1e-6 -javamaxmem 2400m

Parsing model file "dns107.nm"...

Parsing properties file "dns.pctl"...

1 property:
(1) Pmax=? [ "pp" U "qq" ]

Type:        MDP
Modules:     m1 m2 m3 
Variables:   s1 s2 s3 

---------------------------------------------------------------------

Model checking: Pmax=? [ "pp" U "qq" ]

Building model...

Computing reachable states...

Reachability (BFS): 3 iterations in 0.01 seconds (average 0.002000, setup 0.00)

Time for model construction: 15.489 seconds.

Type:        MDP
States:      12000 (1 initial)
Transitions: 118540056
Choices:     24000

Transition matrix: 15253948 nodes (288410 terminal), 118540056 minterms, vars: 15r/15c/2nd

Prob0A: 3 iterations in 0.01 seconds (average 0.002000, setup 0.00)

Prob1E: 4 iterations in 0.00 seconds (average 0.000500, setup 0.00)

yes = 10, no = 91, maybe = 11899

Computing remaining probabilities...
Engine: Sparse

Building sparse matrix(FOR GS)... [n=12000, nc=23798, nnz=117499569, k=2] [1.3 GB]
Creating vector for yes...[93.8 KB]
Allocating iteration vectors... [2 x 93.8 KB]
TOTAL: [1.3 GB]

Starting iterations...
Iteration 22: max relative diff=0.041427, 5.17 sec so far
Iteration 48: max relative diff=0.014799, 10.27 sec so far
Iteration 74: max relative diff=0.007726, 15.36 sec so far
Iteration 100: max relative diff=0.004626, 20.46 sec so far
Iteration 126: max relative diff=0.002963, 25.56 sec so far
Iteration 152: max relative diff=0.001972, 30.66 sec so far
Iteration 178: max relative diff=0.001344, 35.75 sec so far
Iteration 204: max relative diff=0.000931, 40.84 sec so far
Iteration 230: max relative diff=0.000652, 45.93 sec so far
Iteration 256: max relative diff=0.000460, 51.02 sec so far
Iteration 282: max relative diff=0.000326, 56.12 sec so far
Iteration 308: max relative diff=0.000232, 61.21 sec so far
Iteration 334: max relative diff=0.000166, 66.30 sec so far
Iteration 360: max relative diff=0.000119, 71.39 sec so far
Iteration 386: max relative diff=0.000085, 76.48 sec so far
Iteration 412: max relative diff=0.000061, 81.57 sec so far
Iteration 438: max relative diff=0.000044, 86.66 sec so far
Iteration 464: max relative diff=0.000031, 91.75 sec so far
Iteration 490: max relative diff=0.000022, 96.85 sec so far
Iteration 516: max relative diff=0.000016, 101.94 sec so far
Iteration 542: max relative diff=0.000012, 107.03 sec so far
Iteration 568: max relative diff=0.000008, 112.12 sec so far
Iteration 594: max relative diff=0.000006, 117.21 sec so far
Iteration 620: max relative diff=0.000004, 122.30 sec so far
Iteration 646: max relative diff=0.000003, 127.39 sec so far
Iteration 672: max relative diff=0.000002, 132.49 sec so far
Iteration 698: max relative diff=0.000002, 137.58 sec so far
Iteration 724: max relative diff=0.000001, 142.67 sec so far

Iterative method: 735 iterations in 144.82 seconds (average 0.197035, setup 15.18)

Value in the initial state: 0.13499138267211327

Time for model checking: 160.58 seconds.

Result: 0.13499138267211327 (value in the initial state)

Warning: CUDD reports 16145266 non-zero references.

