PRISM
=====

Version: 4.4.dev
Date: Mon May 21 01:27:10 IRDT 2018
Hostname: sadegh-H81M-S2PH
Memory limits: cudd=1g, java(heap)=2.1g
Command line: prism dns153.nm dns.pctl -s -improvedmodpoliter -maxiters 90050 -epsilon 1e-8 -javamaxmem 2400m

Parsing model file "dns153.nm"...

Parsing properties file "dns.pctl"...

1 property:
(1) Pmax=? [ "pp" U "qq" ]

Type:        MDP
Modules:     m1 m2 m3 
Variables:   s1 s2 s3 

---------------------------------------------------------------------

Model checking: Pmax=? [ "pp" U "qq" ]

Building model...

Computing reachable states...

Reachability (BFS): 3 iterations in 0.01 seconds (average 0.003667, setup 0.00)

Time for model construction: 10.551 seconds.

Type:        MDP
States:      7200 (1 initial)
Transitions: 43854375
Choices:     28800

Transition matrix: 13690333 nodes (683897 terminal), 43854375 minterms, vars: 15r/15c/4nd

Prob0A: 3 iterations in 0.01 seconds (average 0.001667, setup 0.00)

Prob1E: 4 iterations in 0.00 seconds (average 0.000500, setup 0.00)

yes = 10, no = 36, maybe = 7154

Computing remaining probabilities...
Engine: Sparse

Building sparse matrix (FOR POLICY ITERASION)... [n=7200, nc=28616, nnz=43560576, k=4] [498.6 MB]
Creating vector for yes...[56.2 KB]
Allocating iteration vectors... [2 x 56.2 KB]
TOTAL: [498.8 MB]

Starting iterations...
Iteration 612: max relative diff=0.000325, 5.97 sec so far
Iteration 1224: max relative diff=0.000001, 11.85 sec so far

Iterative method: 1734 iterations in 16.76 seconds (average 0.009667, setup 5.00)

Value in the initial state: 0.514029437965788

Time for model checking: 21.944 seconds.

Result: 0.514029437965788 (value in the initial state)

