PRISM
=====

Version: 4.4.dev
Date: Sun May 20 23:18:30 IRDT 2018
Hostname: sadegh-H81M-S2PH
Memory limits: cudd=1g, java(heap)=2.1g
Command line: prism dns120.nm dns.pctl -s -improvedmodpoliter -maxiters 90050 -epsilon 1e-8 -javamaxmem 2400m

Parsing model file "dns120.nm"...

Parsing properties file "dns.pctl"...

1 property:
(1) Pmax=? [ "pp" U "qq" ]

Type:        MDP
Modules:     m1 m2 m3 
Variables:   s1 s2 s3 

---------------------------------------------------------------------

Model checking: Pmax=? [ "pp" U "qq" ]

Building model...

Computing reachable states...

Reachability (BFS): 3 iterations in 0.01 seconds (average 0.002000, setup 0.00)

Time for model construction: 15.476 seconds.

Type:        MDP
States:      10000 (1 initial)
Transitions: 121658134
Choices:     30000

Transition matrix: 16895975 nodes (253653 terminal), 121658134 minterms, vars: 15r/15c/3nd

Prob0A: 3 iterations in 0.00 seconds (average 0.000667, setup 0.00)

Prob1E: 9 iterations in 0.00 seconds (average 0.000444, setup 0.00)

yes = 10, no = 15, maybe = 9975

Computing remaining probabilities...
Engine: Sparse

Building sparse matrix (FOR POLICY ITERASION)... [n=10000, nc=29925, nnz=121352044, k=3] [1.4 GB]
Creating vector for yes...[78.1 KB]
Allocating iteration vectors... [2 x 78.1 KB]
TOTAL: [1.4 GB]

Starting iterations...
Iteration 204: max relative diff=0.008395, 7.46 sec so far
Iteration 408: max relative diff=0.001891, 15.29 sec so far
Iteration 612: max relative diff=0.000491, 23.05 sec so far
Iteration 816: max relative diff=0.000148, 30.77 sec so far
Iteration 1020: max relative diff=0.000037, 38.44 sec so far
Iteration 1224: max relative diff=0.000010, 46.11 sec so far
Iteration 1428: max relative diff=0.000003, 54.06 sec so far
Iteration 1632: max relative diff=0.000001, 62.01 sec so far
Iteration 1836: max relative diff=0.000000, 69.95 sec so far
Iteration 2040: max relative diff=0.000000, 77.90 sec so far
Iteration 2244: max relative diff=0.000000, 85.57 sec so far
Iteration 2448: max relative diff=0.000000, 93.52 sec so far

Iterative method: 2448 iterations in 93.52 seconds (average 0.038203, setup 10.65)

Value in the initial state: 0.5487286742034595

Time for model checking: 104.814 seconds.

Result: 0.5487286742034595 (value in the initial state)

