PRISM
=====

Version: 4.4.dev
Date: Sun May 20 16:31:57 IRDT 2018
Hostname: sadegh-H81M-S2PH
Memory limits: cudd=1g, java(heap)=2.1g
Command line: prism dns68.nm dns.pctl -s -improvedmodpoliter -maxiters 90050 -epsilon 1e-8 -javamaxmem 2400m

Parsing model file "dns68.nm"...

Parsing properties file "dns.pctl"...

1 property:
(1) Pmax=? [ "pp" U "qq" ]

Type:        MDP
Modules:     m1 m2 m3 
Variables:   s1 s2 s3 

---------------------------------------------------------------------

Model checking: Pmax=? [ "pp" U "qq" ]

Building model...

Computing reachable states...

Reachability (BFS): 3 iterations in 0.00 seconds (average 0.000667, setup 0.00)

Time for model construction: 8.205 seconds.

Type:        MDP
States:      8000 (1 initial)
Transitions: 117956055
Choices:     24000

Transition matrix: 10933106 nodes (451220 terminal), 117956055 minterms, vars: 15r/15c/3nd

Prob0A: 2 iterations in 0.00 seconds (average 0.002000, setup 0.00)

Prob1E: 4 iterations in 0.00 seconds (average 0.000250, setup 0.00)

yes = 10, no = 10, maybe = 7980

Computing remaining probabilities...
Engine: Sparse

Building sparse matrix (FOR POLICY ITERASION)... [n=8000, nc=23940, nnz=117639560, k=3] [1.3 GB]
Creating vector for yes...[62.5 KB]
Allocating iteration vectors... [2 x 62.5 KB]
TOTAL: [1.3 GB]

Starting iterations...
Iteration 204: max relative diff=0.010765, 7.16 sec so far
Iteration 408: max relative diff=0.002660, 14.50 sec so far
Iteration 612: max relative diff=0.000789, 21.79 sec so far
Iteration 816: max relative diff=0.000316, 29.06 sec so far
Iteration 1020: max relative diff=0.000149, 36.30 sec so far
Iteration 1224: max relative diff=0.000086, 43.54 sec so far
Iteration 1428: max relative diff=0.000021, 51.04 sec so far
Iteration 1632: max relative diff=0.000010, 58.55 sec so far
Iteration 1836: max relative diff=0.000005, 66.05 sec so far
Iteration 2040: max relative diff=0.000003, 73.55 sec so far
Iteration 2244: max relative diff=0.000001, 81.04 sec so far
Iteration 2448: max relative diff=0.000001, 88.51 sec so far
Iteration 2652: max relative diff=0.000000, 95.80 sec so far
Iteration 2856: max relative diff=0.000000, 103.21 sec so far
Iteration 3060: max relative diff=0.000000, 110.68 sec so far
Iteration 3264: max relative diff=0.000000, 118.15 sec so far
Iteration 3468: max relative diff=0.000000, 125.61 sec so far
Iteration 3672: max relative diff=0.000000, 132.84 sec so far

Iterative method: 3774 iterations in 136.67 seconds (average 0.036214, setup 6.69)

Value in the initial state: 0.6790525602086389

Time for model checking: 143.941 seconds.

Result: 0.6790525602086389 (value in the initial state)

