PRISM
=====

Version: 4.4.dev
Date: Mon Jun 18 01:19:57 IRDT 2018
Hostname: sadegh-H81M-S2PH
Memory limits: cudd=1g, java(heap)=2.1g
Command line: prism dns92.nm dns.pctl -s -bucketvaliter2 -maxiters 90050 -javamaxmem 2400m

Parsing model file "dns92.nm"...

Parsing properties file "dns.pctl"...

1 property:
(1) Pmax=? [ "pp" U "qq" ]

Type:        MDP
Modules:     m1 m2 m3 
Variables:   s1 s2 s3 

---------------------------------------------------------------------

Model checking: Pmax=? [ "pp" U "qq" ]

Building model...

Computing reachable states...

Reachability (BFS): 3 iterations in 0.00 seconds (average 0.000333, setup 0.00)

Time for model construction: 10.045 seconds.

Type:        MDP
States:      8800 (1 initial)
Transitions: 75933080
Choices:     17600

Transition matrix: 9007816 nodes (317778 terminal), 75933080 minterms, vars: 15r/15c/2nd

Prob0A: 2 iterations in 0.00 seconds (average 0.002000, setup 0.00)

Prob1E: 4 iterations in 0.00 seconds (average 0.001000, setup 0.00)

yes = 10, no = 91, maybe = 8699

Computing remaining probabilities...
Engine: Sparse

Building sparse matrix(FOR GS)... [n=8800, nc=17398, nnz=75099577, k=2] [859.5 MB]
Creating vector for yes...[68.8 KB]
Allocating iteration vectors... [2 x 68.8 KB]
TOTAL: [859.7 MB]

Starting iterations...

Iterative method: 3235946 iterations in 199.36 seconds (average 0.000062, setup 9.21)

Value in the initial state: 0.15626306511000465

Time for model checking: 213.061 seconds.

Result: 0.15626306511000465 (value in the initial state)

