PRISM
=====

Version: 4.4.dev
Date: Mon Jun 18 02:45:32 IRDT 2018
Hostname: sadegh-H81M-S2PH
Memory limits: cudd=1g, java(heap)=2.1g
Command line: prism dns98.nm dns.pctl -s -bucketvaliter2 -maxiters 90050 -javamaxmem 2400m

Parsing model file "dns98.nm"...

Parsing properties file "dns.pctl"...

1 property:
(1) Pmax=? [ "pp" U "qq" ]

Type:        MDP
Modules:     m1 m2 m3 
Variables:   s1 s2 s3 

---------------------------------------------------------------------

Model checking: Pmax=? [ "pp" U "qq" ]

Building model...

Computing reachable states...

Reachability (BFS): 3 iterations in 0.01 seconds (average 0.003333, setup 0.00)

Time for model construction: 21.289 seconds.

Type:        MDP
States:      8000 (1 initial)
Transitions: 160982256
Choices:     40000

Transition matrix: 18016471 nodes (425689 terminal), 160982256 minterms, vars: 15r/15c/5nd

Prob0A: 2 iterations in 0.02 seconds (average 0.011000, setup 0.00)

Prob1E: 4 iterations in 0.01 seconds (average 0.002500, setup 0.00)

yes = 10, no = 105, maybe = 7885

Computing remaining probabilities...
Engine: Sparse

Building sparse matrix(FOR GS)... [n=8000, nc=39425, nnz=158656272, k=5] [1.8 GB]
Creating vector for yes...[62.5 KB]
Allocating iteration vectors... [2 x 62.5 KB]
TOTAL: [1.8 GB]

Starting iterations...

Iterative method: 799923 iterations in 289.01 seconds (average 0.000361, setup 20.23)

Value in the initial state: 0.2077977184088908

Time for model checking: 312.792 seconds.

Result: 0.2077977184088908 (value in the initial state)

