PRISM
=====

Version: 4.4.dev
Date: Sun Jun 17 22:37:37 IRDT 2018
Hostname: sadegh-H81M-S2PH
Memory limits: cudd=1g, java(heap)=2.1g
Command line: prism dns81.nm dns.pctl -s -backwardvaliter -maxiters 90050 -epsilon 1e-6 -javamaxmem 2400m

Parsing model file "dns81.nm"...

Parsing properties file "dns.pctl"...

1 property:
(1) Pmax=? [ "pp" U "qq" ]

Type:        MDP
Modules:     m1 m2 m3 
Variables:   s1 s2 s3 

---------------------------------------------------------------------

Model checking: Pmax=? [ "pp" U "qq" ]

Building model...

Computing reachable states...

Reachability (BFS): 3 iterations in 0.00 seconds (average 0.001333, setup 0.00)

Time for model construction: 16.559 seconds.

Type:        MDP
States:      10000 (1 initial)
Transitions: 154331895
Choices:     30000

Transition matrix: 15372268 nodes (450921 terminal), 154331895 minterms, vars: 15r/15c/3nd

Prob0A: 2 iterations in 0.02 seconds (average 0.008000, setup 0.00)

Prob1E: 4 iterations in 0.01 seconds (average 0.001500, setup 0.00)

yes = 10, no = 66, maybe = 9924

Computing remaining probabilities...
Engine: Sparse

Building sparse matrix(FOR GS)... [n=10000, nc=29772, nnz=153165539, k=3] [1.7 GB]
Creating vector for yes...[78.1 KB]
Allocating iteration vectors... [2 x 78.1 KB]
TOTAL: [1.7 GB]

Starting iterations...
Iteration 17: max relative diff=0.054734, 5.17 sec so far
Iteration 37: max relative diff=0.019177, 10.29 sec so far
Iteration 57: max relative diff=0.009984, 15.38 sec so far
Iteration 77: max relative diff=0.006047, 20.47 sec so far
Iteration 97: max relative diff=0.003953, 25.57 sec so far
Iteration 117: max relative diff=0.002707, 30.67 sec so far
Iteration 137: max relative diff=0.001910, 35.77 sec so far
Iteration 157: max relative diff=0.001377, 40.87 sec so far
Iteration 177: max relative diff=0.001006, 45.97 sec so far
Iteration 197: max relative diff=0.000744, 51.07 sec so far
Iteration 217: max relative diff=0.000555, 56.16 sec so far
Iteration 237: max relative diff=0.000416, 61.31 sec so far
Iteration 257: max relative diff=0.000313, 66.40 sec so far
Iteration 277: max relative diff=0.000237, 71.50 sec so far
Iteration 297: max relative diff=0.000179, 76.60 sec so far
Iteration 317: max relative diff=0.000136, 81.70 sec so far
Iteration 337: max relative diff=0.000103, 86.80 sec so far
Iteration 357: max relative diff=0.000079, 91.91 sec so far
Iteration 377: max relative diff=0.000060, 97.01 sec so far
Iteration 397: max relative diff=0.000045, 102.11 sec so far
Iteration 417: max relative diff=0.000035, 107.21 sec so far
Iteration 437: max relative diff=0.000026, 112.31 sec so far
Iteration 457: max relative diff=0.000020, 117.41 sec so far
Iteration 477: max relative diff=0.000015, 122.51 sec so far
Iteration 497: max relative diff=0.000012, 127.61 sec so far
Iteration 517: max relative diff=0.000009, 132.71 sec so far
Iteration 537: max relative diff=0.000007, 137.81 sec so far
Iteration 557: max relative diff=0.000005, 142.91 sec so far
Iteration 577: max relative diff=0.000004, 148.01 sec so far
Iteration 597: max relative diff=0.000003, 153.10 sec so far
Iteration 617: max relative diff=0.000002, 158.21 sec so far
Iteration 637: max relative diff=0.000002, 163.31 sec so far
Iteration 657: max relative diff=0.000001, 168.41 sec so far
Iteration 677: max relative diff=0.000001, 173.50 sec so far

Iterative method: 679 iterations in 174.02 seconds (average 0.256283, setup 17.36)

Value in the initial state: 0.3995891539000315

Time for model checking: 192.002 seconds.

Result: 0.3995891539000315 (value in the initial state)

Warning: CUDD reports 16177489 non-zero references.

