PRISM
=====

Version: 4.4.dev
Date: Mon Jun 18 08:06:20 IRDT 2018
Hostname: sadegh-H81M-S2PH
Memory limits: cudd=1g, java(heap)=2.1g
Command line: prism dns119.nm dns.pctl -s -gs -maxiters 90050 -epsilon 1e-6 -javamaxmem 2400m

Parsing model file "dns119.nm"...

Parsing properties file "dns.pctl"...

1 property:
(1) Pmax=? [ "pp" U "qq" ]

Type:        MDP
Modules:     m1 m2 m3 
Variables:   s1 s2 s3 

---------------------------------------------------------------------

Model checking: Pmax=? [ "pp" U "qq" ]

Building model...

Computing reachable states...

Reachability (BFS): 3 iterations in 0.01 seconds (average 0.005000, setup 0.00)

Time for model construction: 22.442 seconds.

Type:        MDP
States:      7600 (1 initial)
Transitions: 144123567
Choices:     45600

Transition matrix: 19181746 nodes (376223 terminal), 144123567 minterms, vars: 15r/15c/6nd

Prob0A: 2 iterations in 0.01 seconds (average 0.006500, setup 0.00)

Prob1E: 4 iterations in 0.01 seconds (average 0.003000, setup 0.00)

yes = 10, no = 120, maybe = 7470

Computing remaining probabilities...
Engine: Sparse

Building sparse matrix(FOR GS)... [n=7600, nc=44820, nnz=141650282, k=6] [1.6 GB]
Creating vector for yes...[59.4 KB]
Allocating iteration vectors... [2 x 59.4 KB]
TOTAL: [1.6 GB]

Starting iterations...
Iteration 22: max relative diff=0.029181, 5.21 sec so far
Iteration 44: max relative diff=0.008102, 10.42 sec so far
Iteration 66: max relative diff=0.002969, 15.62 sec so far
Iteration 88: max relative diff=0.001186, 20.83 sec so far
Iteration 110: max relative diff=0.000491, 26.03 sec so far
Iteration 132: max relative diff=0.000206, 31.23 sec so far
Iteration 154: max relative diff=0.000087, 36.43 sec so far
Iteration 176: max relative diff=0.000037, 41.63 sec so far
Iteration 198: max relative diff=0.000016, 46.83 sec so far
Iteration 220: max relative diff=0.000007, 52.03 sec so far
Iteration 242: max relative diff=0.000003, 57.23 sec so far
Iteration 264: max relative diff=0.000001, 62.44 sec so far

Iterative method: 269 iterations in 63.62 seconds (average 0.236509, setup 22.69)

Value in the initial state: 0.18372425499075012

Time for model checking: 87.228 seconds.

Result: 0.18372425499075012 (value in the initial state)

