PRISM
=====

Version: 4.4.dev
Date: Sun May 20 16:04:19 IRDT 2018
Hostname: sadegh-H81M-S2PH
Memory limits: cudd=1g, java(heap)=2.1g
Command line: prism dns62.nm dns.pctl -s -improvedmodpoliter2 -maxiters 90050 -epsilon 1e-8 -javamaxmem 2400m

Parsing model file "dns62.nm"...

Parsing properties file "dns.pctl"...

1 property:
(1) Pmax=? [ "pp" U "qq" ]

Type:        MDP
Modules:     m1 m2 m3 
Variables:   s1 s2 s3 

---------------------------------------------------------------------

Model checking: Pmax=? [ "pp" U "qq" ]

Building model...

Computing reachable states...

Reachability (BFS): 3 iterations in 0.00 seconds (average 0.000333, setup 0.00)

Time for model construction: 6.228 seconds.

Type:        MDP
States:      8400 (1 initial)
Transitions: 84653754
Choices:     16800

Transition matrix: 7484909 nodes (374190 terminal), 84653754 minterms, vars: 15r/15c/2nd

Prob0A: 2 iterations in 0.00 seconds (average 0.001500, setup 0.00)

Prob1E: 4 iterations in 0.00 seconds (average 0.000250, setup 0.00)

yes = 10, no = 78, maybe = 8312

Computing remaining probabilities...
Engine: Sparse

Building sparse matrix (FOR POLICY ITERASION)... [n=8400, nc=16624, nnz=83757159, k=2] [958.6 MB]
Creating vector for yes...[65.6 KB]
Allocating iteration vectors... [2 x 65.6 KB]
TOTAL: [958.8 MB]

Starting iterations...
Iteration 404: max relative diff=0.000500, 5.34 sec so far
Iteration 808: max relative diff=0.000001, 10.90 sec so far

Iterative method: 1097 iterations in 15.13 seconds (average 0.013789, setup 5.81)


Number of scallar multiplications: 14870M 

Value in the initial state: 0.2172644309308693

Time for model checking: 21.491 seconds.

Result: 0.2172644309308693 (value in the initial state)

