PRISM
=====

Version: 4.4.dev
Date: Tue Jun 19 17:59:22 IRDT 2018
Hostname: sadegh-H81M-S2PH
Memory limits: cudd=1g, java(heap)=2.1g
Command line: prism dns190.nm dns.pctl -s -backwardvaliter -maxiters 90050 -epsilon 1e-6 -javamaxmem 2400m

Parsing model file "dns190.nm"...

Parsing properties file "dns.pctl"...

1 property:
(1) Pmax=? [ "pp" U "qq" ]

Type:        MDP
Modules:     m1 m2 m3 
Variables:   s1 s2 s3 

---------------------------------------------------------------------

Model checking: Pmax=? [ "pp" U "qq" ]

Building model...

Computing reachable states...

Reachability (BFS): 3 iterations in 0.01 seconds (average 0.004333, setup 0.00)

Time for model construction: 9.182 seconds.

Type:        MDP
States:      8000 (1 initial)
Transitions: 12790260
Choices:     32000

Transition matrix: 9886024 nodes (749214 terminal), 12790260 minterms, vars: 15r/15c/4nd

Prob0A: 3 iterations in 0.01 seconds (average 0.003000, setup 0.00)

Prob1E: 4 iterations in 0.00 seconds (average 0.000750, setup 0.00)

yes = 10, no = 45, maybe = 7945

Computing remaining probabilities...
Engine: Sparse

Building sparse matrix(FOR GS)... [n=8000, nc=31780, nnz=12706048, k=4] [145.6 MB]
Creating vector for yes...[62.5 KB]
Allocating iteration vectors... [2 x 62.5 KB]
TOTAL: [145.7 MB]

Starting iterations...
Iteration 224: max relative diff=0.000708, 5.02 sec so far
Iteration 450: max relative diff=0.000172, 10.03 sec so far
Iteration 676: max relative diff=0.000060, 15.04 sec so far
Iteration 902: max relative diff=0.000023, 20.04 sec so far
Iteration 1128: max relative diff=0.000009, 25.05 sec so far
Iteration 1354: max relative diff=0.000004, 30.06 sec so far
Iteration 1580: max relative diff=0.000002, 35.07 sec so far

Iterative method: 1682 iterations in 37.33 seconds (average 0.022191, setup 3.37)

Value in the initial state: 0.7215013850677573

Time for model checking: 40.771 seconds.

Result: 0.7215013850677573 (value in the initial state)

Warning: CUDD reports 9922979 non-zero references.

