PRISM
=====

Version: 4.4.dev
Date: Mon May 21 03:24:07 IRDT 2018
Hostname: sadegh-H81M-S2PH
Memory limits: cudd=1g, java(heap)=2.1g
Command line: prism dns183.nm dns.pctl -s -modpoliter -maxiters 90050 -epsilon 1e-8 -javamaxmem 2400m

Parsing model file "dns183.nm"...

Parsing properties file "dns.pctl"...

1 property:
(1) Pmax=? [ "pp" U "qq" ]

Type:        MDP
Modules:     m1 m2 m3 
Variables:   s1 s2 s3 

---------------------------------------------------------------------

Model checking: Pmax=? [ "pp" U "qq" ]

Building model...

Computing reachable states...

Reachability (BFS): 3 iterations in 0.01 seconds (average 0.003000, setup 0.00)

Time for model construction: 16.329 seconds.

Type:        MDP
States:      9600 (1 initial)
Transitions: 30720717
Choices:     48000

Transition matrix: 19199376 nodes (754836 terminal), 30720717 minterms, vars: 15r/15c/5nd

Prob0A: 3 iterations in 0.01 seconds (average 0.002333, setup 0.00)

Prob1E: 4 iterations in 0.00 seconds (average 0.000750, setup 0.00)

yes = 10, no = 91, maybe = 9499

Computing remaining probabilities...
Engine: Sparse

Building sparse matrix (FOR POLICY ITERASION)... [n=9600, nc=47495, nnz=30390280, k=5] [348.0 MB]
Creating vector for yes...[75.0 KB]
Allocating iteration vectors... [2 x 75.0 KB]
TOTAL: [348.2 MB]

Starting iterations...
Iteration 707: max relative diff=0.000186, 5.27 sec so far
Iteration 1414: max relative diff=0.000000, 10.55 sec so far

Iterative method: 1729 iterations in 12.91 seconds (average 0.007468, setup 5.56)

Value in the initial state: 0.48795393593690506

Time for model checking: 18.606 seconds.

Result: 0.48795393593690506 (value in the initial state)

