PRISM
=====

Version: 4.4.dev
Date: Sat Jun 16 23:19:23 IRDT 2018
Hostname: sadegh-H81M-S2PH
Memory limits: cudd=1g, java(heap)=2.1g
Command line: prism dns31.nm dns.pctl -s -backwardvaliter -maxiters 90050 -epsilon 1e-6 -javamaxmem 2400m

Parsing model file "dns31.nm"...

Parsing properties file "dns.pctl"...

1 property:
(1) Pmax=? [ "pp" U "qq" ]

Type:        MDP
Modules:     m1 m2 m3 
Variables:   s1 s2 s3 

---------------------------------------------------------------------

Model checking: Pmax=? [ "pp" U "qq" ]

Building model...

Computing reachable states...

Reachability (BFS): 3 iterations in 0.00 seconds (average 0.000333, setup 0.00)

Time for model construction: 14.733 seconds.

Type:        MDP
States:      8000 (1 initial)
Transitions: 260531507
Choices:     40000

Transition matrix: 13783342 nodes (265614 terminal), 260531507 minterms, vars: 15r/15c/5nd

Prob0A: 2 iterations in 0.01 seconds (average 0.003000, setup 0.00)

Prob1E: 4 iterations in 0.01 seconds (average 0.001750, setup 0.00)

yes = 10, no = 21, maybe = 7969

Computing remaining probabilities...
Engine: Sparse

Building sparse matrix(FOR GS)... [n=8000, nc=39845, nnz=259510847, k=5] [2.9 GB]
Creating vector for yes...[62.5 KB]
Allocating iteration vectors... [2 x 62.5 KB]
TOTAL: [2.9 GB]

Starting iterations...
Iteration 3: max relative diff=0.496912, 5.00 sec so far
Iteration 15: max relative diff=0.065827, 10.19 sec so far
Iteration 27: max relative diff=0.032706, 15.38 sec so far
Iteration 39: max relative diff=0.020677, 20.56 sec so far
Iteration 51: max relative diff=0.014501, 25.76 sec so far
Iteration 63: max relative diff=0.010792, 30.95 sec so far
Iteration 75: max relative diff=0.008345, 36.14 sec so far
Iteration 87: max relative diff=0.006628, 41.33 sec so far
Iteration 99: max relative diff=0.005376, 46.52 sec so far
Iteration 111: max relative diff=0.004425, 51.71 sec so far
Iteration 123: max relative diff=0.003688, 56.90 sec so far
Iteration 135: max relative diff=0.003106, 62.10 sec so far
Iteration 147: max relative diff=0.002639, 67.29 sec so far
Iteration 159: max relative diff=0.002259, 72.48 sec so far
Iteration 171: max relative diff=0.001946, 77.67 sec so far
Iteration 183: max relative diff=0.001686, 82.88 sec so far
Iteration 195: max relative diff=0.001467, 88.07 sec so far
Iteration 207: max relative diff=0.001282, 93.27 sec so far
Iteration 219: max relative diff=0.001124, 98.49 sec so far
Iteration 231: max relative diff=0.000989, 103.68 sec so far
Iteration 243: max relative diff=0.000873, 108.88 sec so far
Iteration 255: max relative diff=0.000772, 114.07 sec so far
Iteration 267: max relative diff=0.000684, 119.26 sec so far
Iteration 279: max relative diff=0.000607, 124.45 sec so far
Iteration 291: max relative diff=0.000540, 129.65 sec so far
Iteration 303: max relative diff=0.000482, 134.84 sec so far
Iteration 315: max relative diff=0.000430, 140.06 sec so far
Iteration 327: max relative diff=0.000384, 145.25 sec so far
Iteration 339: max relative diff=0.000343, 150.44 sec so far
Iteration 351: max relative diff=0.000307, 155.63 sec so far
Iteration 363: max relative diff=0.000275, 160.83 sec so far
Iteration 375: max relative diff=0.000247, 166.03 sec so far
Iteration 387: max relative diff=0.000222, 171.22 sec so far
Iteration 399: max relative diff=0.000199, 176.42 sec so far
Iteration 411: max relative diff=0.000179, 181.61 sec so far
Iteration 423: max relative diff=0.000161, 186.81 sec so far
Iteration 435: max relative diff=0.000145, 192.00 sec so far
Iteration 447: max relative diff=0.000130, 197.20 sec so far
Iteration 459: max relative diff=0.000117, 202.39 sec so far
Iteration 471: max relative diff=0.000105, 207.58 sec so far
Iteration 483: max relative diff=0.000095, 212.78 sec so far
Iteration 495: max relative diff=0.000086, 217.97 sec so far
Iteration 507: max relative diff=0.000077, 223.16 sec so far
Iteration 519: max relative diff=0.000070, 228.36 sec so far
Iteration 531: max relative diff=0.000063, 233.54 sec so far
Iteration 543: max relative diff=0.000057, 238.74 sec so far
Iteration 555: max relative diff=0.000051, 243.93 sec so far
Iteration 567: max relative diff=0.000046, 249.13 sec so far
Iteration 579: max relative diff=0.000041, 254.33 sec so far
Iteration 591: max relative diff=0.000037, 259.52 sec so far
Iteration 603: max relative diff=0.000034, 264.72 sec so far
Iteration 615: max relative diff=0.000030, 269.92 sec so far
Iteration 627: max relative diff=0.000027, 275.11 sec so far
Iteration 639: max relative diff=0.000025, 280.31 sec so far
Iteration 651: max relative diff=0.000022, 285.50 sec so far
Iteration 663: max relative diff=0.000020, 290.70 sec so far
Iteration 675: max relative diff=0.000018, 295.89 sec so far
Iteration 687: max relative diff=0.000016, 301.09 sec so far
Iteration 699: max relative diff=0.000015, 306.31 sec so far
Iteration 711: max relative diff=0.000013, 311.50 sec so far
Iteration 723: max relative diff=0.000012, 316.70 sec so far
Iteration 735: max relative diff=0.000011, 321.89 sec so far
Iteration 747: max relative diff=0.000010, 327.08 sec so far
Iteration 759: max relative diff=0.000009, 332.28 sec so far
Iteration 771: max relative diff=0.000008, 337.47 sec so far
Iteration 783: max relative diff=0.000007, 342.67 sec so far
Iteration 795: max relative diff=0.000007, 347.86 sec so far
Iteration 807: max relative diff=0.000006, 353.05 sec so far
Iteration 819: max relative diff=0.000005, 358.25 sec so far
Iteration 831: max relative diff=0.000005, 363.44 sec so far
Iteration 843: max relative diff=0.000004, 368.64 sec so far
Iteration 855: max relative diff=0.000004, 373.84 sec so far
Iteration 867: max relative diff=0.000004, 379.03 sec so far
Iteration 879: max relative diff=0.000003, 384.23 sec so far
Iteration 891: max relative diff=0.000003, 389.43 sec so far
Iteration 903: max relative diff=0.000003, 394.62 sec so far
Iteration 915: max relative diff=0.000002, 399.81 sec so far
Iteration 927: max relative diff=0.000002, 405.01 sec so far
Iteration 939: max relative diff=0.000002, 410.21 sec so far
Iteration 951: max relative diff=0.000002, 415.40 sec so far
Iteration 963: max relative diff=0.000002, 420.59 sec so far
Iteration 975: max relative diff=0.000001, 425.79 sec so far
Iteration 987: max relative diff=0.000001, 430.98 sec so far
Iteration 999: max relative diff=0.000001, 436.17 sec so far
Iteration 1011: max relative diff=0.000001, 441.37 sec so far

Iterative method: 1017 iterations in 443.96 seconds (average 0.436542, setup 22.34)

Value in the initial state: 0.45816960766646253

Time for model checking: 467.482 seconds.

Result: 0.45816960766646253 (value in the initial state)

Warning: CUDD reports 14669337 non-zero references.

