PRISM
=====

Version: 4.4.dev
Date: Sun May 20 12:03:37 IRDT 2018
Hostname: sadegh-H81M-S2PH
Memory limits: cudd=1g, java(heap)=2.1g
Command line: prism dns21.nm dns.pctl -s -improvedmodpoliter2 -maxiters 90050 -epsilon 1e-8 -javamaxmem 2400m

Parsing model file "dns21.nm"...

Parsing properties file "dns.pctl"...

1 property:
(1) Pmax=? [ "pp" U "qq" ]

Type:        MDP
Modules:     m1 m2 m3 
Variables:   s1 s2 s3 

---------------------------------------------------------------------

Model checking: Pmax=? [ "pp" U "qq" ]

Building model...

Computing reachable states...

Reachability (BFS): 3 iterations in 0.00 seconds (average 0.000333, setup 0.00)

Time for model construction: 4.407 seconds.

Type:        MDP
States:      8000 (1 initial)
Transitions: 110629696
Choices:     16000

Transition matrix: 6451364 nodes (410897 terminal), 110629696 minterms, vars: 15r/15c/2nd

Prob0A: 2 iterations in 0.00 seconds (average 0.000500, setup 0.00)

Prob1E: 4 iterations in 0.00 seconds (average 0.000000, setup 0.00)

yes = 10, no = 15, maybe = 7975

Computing remaining probabilities...
Engine: Sparse

Building sparse matrix (FOR POLICY ITERASION)... [n=8000, nc=15950, nnz=110275233, k=2] [1.2 GB]
Creating vector for yes...[62.5 KB]
Allocating iteration vectors... [2 x 62.5 KB]
TOTAL: [1.2 GB]

Starting iterations...
Iteration 303: max relative diff=0.010637, 5.28 sec so far
Iteration 606: max relative diff=0.001839, 10.63 sec so far
Iteration 909: max relative diff=0.000445, 15.98 sec so far
Iteration 1212: max relative diff=0.000175, 21.34 sec so far
Iteration 1515: max relative diff=0.000031, 26.70 sec so far
Iteration 1818: max relative diff=0.000008, 32.19 sec so far
Iteration 2121: max relative diff=0.000002, 37.88 sec so far
Iteration 2424: max relative diff=0.000001, 43.61 sec so far
Iteration 2727: max relative diff=0.000000, 49.59 sec so far
Iteration 3030: max relative diff=0.000000, 55.45 sec so far
Iteration 3333: max relative diff=0.000000, 61.33 sec so far

Iterative method: 3355 iterations in 62.04 seconds (average 0.018491, setup 5.01)


Number of scallar multiplications: 60183M 

Value in the initial state: 0.5683804928354368

Time for model checking: 68.365 seconds.

Result: 0.5683804928354368 (value in the initial state)

