PRISM
=====

Version: 4.4.dev
Date: Mon May 21 00:43:57 IRDT 2018
Hostname: sadegh-H81M-S2PH
Memory limits: cudd=1g, java(heap)=2.1g
Command line: prism dns140.nm dns.pctl -s -improvedmodpoliter -maxiters 90050 -epsilon 1e-8 -javamaxmem 2400m

Parsing model file "dns140.nm"...

Parsing properties file "dns.pctl"...

1 property:
(1) Pmax=? [ "pp" U "qq" ]

Type:        MDP
Modules:     m1 m2 m3 
Variables:   s1 s2 s3 

---------------------------------------------------------------------

Model checking: Pmax=? [ "pp" U "qq" ]

Building model...

Computing reachable states...

Reachability (BFS): 3 iterations in 0.00 seconds (average 0.001000, setup 0.00)

Time for model construction: 7.847 seconds.

Type:        MDP
States:      7200 (1 initial)
Transitions: 51622008
Choices:     21600

Transition matrix: 9705957 nodes (356528 terminal), 51622008 minterms, vars: 15r/15c/3nd

Prob0A: 3 iterations in 0.00 seconds (average 0.001000, setup 0.00)

Prob1E: 9 iterations in 0.00 seconds (average 0.000444, setup 0.00)

yes = 10, no = 15, maybe = 7175

Computing remaining probabilities...
Engine: Sparse

Building sparse matrix (FOR POLICY ITERASION)... [n=7200, nc=21525, nnz=51438835, k=3] [588.8 MB]
Creating vector for yes...[56.2 KB]
Allocating iteration vectors... [2 x 56.2 KB]
TOTAL: [588.9 MB]

Starting iterations...
Iteration 408: max relative diff=0.002199, 6.59 sec so far
Iteration 816: max relative diff=0.000184, 13.07 sec so far
Iteration 1224: max relative diff=0.000023, 19.51 sec so far
Iteration 1632: max relative diff=0.000003, 25.93 sec so far
Iteration 2040: max relative diff=0.000000, 32.36 sec so far
Iteration 2448: max relative diff=0.000000, 38.80 sec so far
Iteration 2754: max relative diff=0.000000, 43.89 sec so far

Iterative method: 2958 iterations in 47.14 seconds (average 0.015936, setup 4.16)

Value in the initial state: 0.5587213862800947

Time for model checking: 51.583 seconds.

Result: 0.5587213862800947 (value in the initial state)

