PRISM
=====

Version: 4.4.dev
Date: Tue Jun 19 09:54:33 IRDT 2018
Hostname: sadegh-H81M-S2PH
Memory limits: cudd=1g, java(heap)=2.1g
Command line: prism dns142.nm dns.pctl -s -bucketvaliter2 -maxiters 90050 -javamaxmem 2400m

Parsing model file "dns142.nm"...

Parsing properties file "dns.pctl"...

1 property:
(1) Pmax=? [ "pp" U "qq" ]

Type:        MDP
Modules:     m1 m2 m3 
Variables:   s1 s2 s3 

---------------------------------------------------------------------

Model checking: Pmax=? [ "pp" U "qq" ]

Building model...

Computing reachable states...

Reachability (BFS): 3 iterations in 0.00 seconds (average 0.000667, setup 0.00)

Time for model construction: 7.729 seconds.

Type:        MDP
States:      9600 (1 initial)
Transitions: 37427562
Choices:     19200

Transition matrix: 8566377 nodes (410722 terminal), 37427562 minterms, vars: 15r/15c/2nd

Prob0A: 3 iterations in 0.00 seconds (average 0.001333, setup 0.00)

Prob1E: 4 iterations in 0.00 seconds (average 0.000250, setup 0.00)

yes = 10, no = 36, maybe = 9554

Computing remaining probabilities...
Engine: Sparse

Building sparse matrix(FOR GS)... [n=9600, nc=19108, nnz=37246583, k=2] [426.4 MB]
Creating vector for yes...[75.0 KB]
Allocating iteration vectors... [2 x 75.0 KB]
TOTAL: [426.6 MB]

Starting iterations...

Iterative method: 11271999 iterations in 348.68 seconds (average 0.000031, setup 5.44)

Value in the initial state: 0.42469355536045394

Time for model checking: 367.755 seconds.

Result: 0.42469355536045394 (value in the initial state)

