PRISM
=====

Version: 4.4.dev
Date: Mon May 21 02:43:03 IRDT 2018
Hostname: sadegh-H81M-S2PH
Memory limits: cudd=1g, java(heap)=2.1g
Command line: prism dns167.nm dns.pctl -s -improvedmodpoliter -maxiters 90050 -epsilon 1e-8 -javamaxmem 2400m

Parsing model file "dns167.nm"...

Parsing properties file "dns.pctl"...

1 property:
(1) Pmax=? [ "pp" U "qq" ]

Type:        MDP
Modules:     m1 m2 m3 
Variables:   s1 s2 s3 

---------------------------------------------------------------------

Model checking: Pmax=? [ "pp" U "qq" ]

Building model...

Computing reachable states...

Reachability (BFS): 3 iterations in 0.01 seconds (average 0.002000, setup 0.00)

Time for model construction: 18.587 seconds.

Type:        MDP
States:      10000 (1 initial)
Transitions: 42862648
Choices:     40000

Transition matrix: 21350783 nodes (574755 terminal), 42862648 minterms, vars: 15r/15c/4nd

Prob0A: 3 iterations in 0.00 seconds (average 0.001333, setup 0.00)

Prob1E: 9 iterations in 0.01 seconds (average 0.000889, setup 0.00)

yes = 10, no = 28, maybe = 9962

Computing remaining probabilities...
Engine: Sparse

Building sparse matrix (FOR POLICY ITERASION)... [n=10000, nc=39848, nnz=42703468, k=4] [488.9 MB]
Creating vector for yes...[78.1 KB]
Allocating iteration vectors... [2 x 78.1 KB]
TOTAL: [489.1 MB]

Starting iterations...
Iteration 612: max relative diff=0.001596, 5.84 sec so far
Iteration 1224: max relative diff=0.000141, 11.64 sec so far
Iteration 1836: max relative diff=0.000008, 17.45 sec so far
Iteration 2448: max relative diff=0.000001, 23.27 sec so far
Iteration 3060: max relative diff=0.000000, 29.07 sec so far
Iteration 3672: max relative diff=0.000000, 34.89 sec so far

Iterative method: 4080 iterations in 38.76 seconds (average 0.009501, setup 6.99)

Value in the initial state: 0.6833385779880559

Time for model checking: 45.941 seconds.

Result: 0.6833385779880559 (value in the initial state)

