PRISM
=====

Version: 4.4.dev
Date: Sun Jun 17 17:41:52 IRDT 2018
Hostname: sadegh-H81M-S2PH
Memory limits: cudd=1g, java(heap)=2.1g
Command line: prism dns66.nm dns.pctl -s -gs -maxiters 90050 -epsilon 1e-6 -javamaxmem 2400m

Parsing model file "dns66.nm"...

Parsing properties file "dns.pctl"...

1 property:
(1) Pmax=? [ "pp" U "qq" ]

Type:        MDP
Modules:     m1 m2 m3 
Variables:   s1 s2 s3 

---------------------------------------------------------------------

Model checking: Pmax=? [ "pp" U "qq" ]

Building model...

Computing reachable states...

Reachability (BFS): 3 iterations in 0.00 seconds (average 0.000667, setup 0.00)

Time for model construction: 6.346 seconds.

Type:        MDP
States:      6400 (1 initial)
Transitions: 74622744
Choices:     19200

Transition matrix: 6628159 nodes (410768 terminal), 74622744 minterms, vars: 14r/14c/3nd

Prob0A: 2 iterations in 0.01 seconds (average 0.002500, setup 0.00)

Prob1E: 4 iterations in 0.00 seconds (average 0.000250, setup 0.00)

yes = 10, no = 28, maybe = 6362

Computing remaining probabilities...
Engine: Sparse

Building sparse matrix(FOR GS)... [n=6400, nc=19086, nnz=74182185, k=3] [849.0 MB]
Creating vector for yes...[50.0 KB]
Allocating iteration vectors... [2 x 50.0 KB]
TOTAL: [849.2 MB]

Starting iterations...
Iteration 41: max relative diff=0.015840, 5.05 sec so far
Iteration 82: max relative diff=0.004912, 10.10 sec so far
Iteration 123: max relative diff=0.002106, 15.15 sec so far
Iteration 164: max relative diff=0.001020, 20.21 sec so far
Iteration 205: max relative diff=0.000523, 25.27 sec so far
Iteration 246: max relative diff=0.000276, 30.33 sec so far
Iteration 287: max relative diff=0.000148, 35.39 sec so far
Iteration 328: max relative diff=0.000080, 40.44 sec so far
Iteration 369: max relative diff=0.000043, 45.50 sec so far
Iteration 410: max relative diff=0.000024, 50.55 sec so far
Iteration 451: max relative diff=0.000013, 55.61 sec so far
Iteration 492: max relative diff=0.000007, 60.66 sec so far
Iteration 533: max relative diff=0.000004, 65.72 sec so far
Iteration 574: max relative diff=0.000002, 70.77 sec so far
Iteration 615: max relative diff=0.000001, 75.83 sec so far

Iterative method: 624 iterations in 76.93 seconds (average 0.123292, setup 6.91)

Value in the initial state: 0.4027128425429842

Time for model checking: 84.21 seconds.

Result: 0.4027128425429842 (value in the initial state)

