PRISM
=====

Version: 4.4.dev
Date: Mon May 21 00:13:44 IRDT 2018
Hostname: sadegh-H81M-S2PH
Memory limits: cudd=1g, java(heap)=2.1g
Command line: prism dns130.nm dns.pctl -s -improvedmodpoliter -maxiters 90050 -epsilon 1e-8 -javamaxmem 2400m

Parsing model file "dns130.nm"...

Parsing properties file "dns.pctl"...

1 property:
(1) Pmax=? [ "pp" U "qq" ]

Type:        MDP
Modules:     m1 m2 m3 
Variables:   s1 s2 s3 

---------------------------------------------------------------------

Model checking: Pmax=? [ "pp" U "qq" ]

Building model...

Computing reachable states...

Reachability (BFS): 3 iterations in 0.01 seconds (average 0.002333, setup 0.00)

Time for model construction: 7.475 seconds.

Type:        MDP
States:      6400 (1 initial)
Transitions: 50091836
Choices:     25600

Transition matrix: 9972213 nodes (704213 terminal), 50091836 minterms, vars: 14r/14c/4nd

Prob0A: 3 iterations in 0.01 seconds (average 0.002667, setup 0.00)

Prob1E: 4 iterations in 0.00 seconds (average 0.000500, setup 0.00)

yes = 10, no = 28, maybe = 6362

Computing remaining probabilities...
Engine: Sparse

Building sparse matrix (FOR POLICY ITERASION)... [n=6400, nc=25448, nnz=49797940, k=4] [570.0 MB]
Creating vector for yes...[50.0 KB]
Allocating iteration vectors... [2 x 50.0 KB]
TOTAL: [570.2 MB]

Starting iterations...
Iteration 510: max relative diff=0.001719, 5.65 sec so far
Iteration 1020: max relative diff=0.000049, 11.11 sec so far
Iteration 1530: max relative diff=0.000002, 16.53 sec so far
Iteration 2040: max relative diff=0.000000, 21.94 sec so far
Iteration 2550: max relative diff=0.000000, 27.37 sec so far

Iterative method: 2644 iterations in 28.37 seconds (average 0.010730, setup 4.06)

Value in the initial state: 0.5775602681547255

Time for model checking: 32.644 seconds.

Result: 0.5775602681547255 (value in the initial state)

