PRISM
=====

Version: 4.4.dev
Date: Sun Jun 17 23:58:10 IRDT 2018
Hostname: sadegh-H81M-S2PH
Memory limits: cudd=1g, java(heap)=2.1g
Command line: prism dns87.nm dns.pctl -s -bucketvaliter2 -maxiters 90050 -javamaxmem 2400m

Parsing model file "dns87.nm"...

Parsing properties file "dns.pctl"...

1 property:
(1) Pmax=? [ "pp" U "qq" ]

Type:        MDP
Modules:     m1 m2 m3 
Variables:   s1 s2 s3 

---------------------------------------------------------------------

Model checking: Pmax=? [ "pp" U "qq" ]

Building model...

Computing reachable states...

Reachability (BFS): 3 iterations in 0.00 seconds (average 0.001333, setup 0.00)

Time for model construction: 15.257 seconds.

Type:        MDP
States:      9600 (1 initial)
Transitions: 140827243
Choices:     28800

Transition matrix: 15376511 nodes (427760 terminal), 140827243 minterms, vars: 15r/15c/3nd

Prob0A: 2 iterations in 0.01 seconds (average 0.003000, setup 0.00)

Prob1E: 4 iterations in 0.01 seconds (average 0.001250, setup 0.00)

yes = 10, no = 120, maybe = 9470

Computing remaining probabilities...
Engine: Sparse

Building sparse matrix(FOR GS)... [n=9600, nc=28410, nnz=138922926, k=3] [1.6 GB]
Creating vector for yes...[75.0 KB]
Allocating iteration vectors... [2 x 75.0 KB]
TOTAL: [1.6 GB]

Starting iterations...

Iterative method: 2555991 iterations in 383.60 seconds (average 0.000150, setup 16.61)

Value in the initial state: 0.16962733750681885

Time for model checking: 405.49 seconds.

Result: 0.16962733750681885 (value in the initial state)

