PRISM
=====

Version: 4.4.dev
Date: Mon May 21 02:48:10 IRDT 2018
Hostname: sadegh-H81M-S2PH
Memory limits: cudd=1g, java(heap)=2.1g
Command line: prism dns168.nm dns.pctl -s -improvedmodpoliter -maxiters 90050 -epsilon 1e-8 -javamaxmem 2400m

Parsing model file "dns168.nm"...

Parsing properties file "dns.pctl"...

1 property:
(1) Pmax=? [ "pp" U "qq" ]

Type:        MDP
Modules:     m1 m2 m3 
Variables:   s1 s2 s3 

---------------------------------------------------------------------

Model checking: Pmax=? [ "pp" U "qq" ]

Building model...

Computing reachable states...

Reachability (BFS): 3 iterations in 0.00 seconds (average 0.000333, setup 0.00)

Time for model construction: 7.352 seconds.

Type:        MDP
States:      9200 (1 initial)
Transitions: 17811030
Choices:     18400

Transition matrix: 9859398 nodes (487246 terminal), 17811030 minterms, vars: 15r/15c/2nd

Prob0A: 3 iterations in 0.00 seconds (average 0.001000, setup 0.00)

Prob1E: 9 iterations in 0.01 seconds (average 0.000889, setup 0.00)

yes = 10, no = 10, maybe = 9180

Computing remaining probabilities...
Engine: Sparse

Building sparse matrix (FOR POLICY ITERASION)... [n=9200, nc=18360, nnz=17773461, k=2] [203.5 MB]
Creating vector for yes...[71.9 KB]
Allocating iteration vectors... [2 x 71.9 KB]
TOTAL: [203.7 MB]

Starting iterations...
Iteration 714: max relative diff=0.001966, 5.51 sec so far
Iteration 1428: max relative diff=0.000167, 10.91 sec so far
Iteration 2142: max relative diff=0.000047, 16.17 sec so far
Iteration 2856: max relative diff=0.000016, 21.35 sec so far
Iteration 3570: max relative diff=0.000005, 26.50 sec so far
Iteration 4284: max relative diff=0.000002, 31.65 sec so far
Iteration 4998: max relative diff=0.000001, 36.81 sec so far
Iteration 5712: max relative diff=0.000000, 42.23 sec so far
Iteration 6426: max relative diff=0.000000, 47.59 sec so far
Iteration 7140: max relative diff=0.000000, 52.83 sec so far
Iteration 7854: max relative diff=0.000000, 58.25 sec so far
Iteration 8568: max relative diff=0.000000, 63.40 sec so far

Iterative method: 9078 iterations in 67.08 seconds (average 0.007389, setup 2.64)

Value in the initial state: 0.7504745472596801

Time for model checking: 69.795 seconds.

Result: 0.7504745472596801 (value in the initial state)

