PRISM
=====

Version: 4.4.dev
Date: Mon May 21 00:51:28 IRDT 2018
Hostname: sadegh-H81M-S2PH
Memory limits: cudd=1g, java(heap)=2.1g
Command line: prism dns143.nm dns.pctl -s -explicitmodpoliter -maxiters 90050 -epsilon 1e-8 -javamaxmem 2400m

Parsing model file "dns143.nm"...

Parsing properties file "dns.pctl"...

1 property:
(1) Pmax=? [ "pp" U "qq" ]

Type:        MDP
Modules:     m1 m2 m3 
Variables:   s1 s2 s3 

---------------------------------------------------------------------

Model checking: Pmax=? [ "pp" U "qq" ]

Building model...

Computing reachable states...

Reachability (BFS): 3 iterations in 0.01 seconds (average 0.001667, setup 0.00)

Time for model construction: 5.986 seconds.

Type:        MDP
States:      7200 (1 initial)
Transitions: 32967198
Choices:     21600

Transition matrix: 8414129 nodes (618622 terminal), 32967198 minterms, vars: 15r/15c/3nd

Prob0A: 3 iterations in 0.00 seconds (average 0.001000, setup 0.00)

Prob1E: 4 iterations in 0.00 seconds (average 0.000250, setup 0.00)

yes = 10, no = 28, maybe = 7162

Computing remaining probabilities...
Engine: Sparse

Building sparse matrix (FOR POLICY ITERASION)... [n=7200, nc=21486, nnz=32803020, k=3] [375.5 MB]
Creating vector for yes...[56.2 KB]
Allocating iteration vectors... [2 x 56.2 KB]
TOTAL: [375.7 MB]

Starting iterations...
Iteration 505: max relative diff=0.002834, 5.20 sec so far
Iteration 1010: max relative diff=0.000074, 10.25 sec so far
Iteration 1515: max relative diff=0.000002, 15.28 sec so far
Iteration 2020: max relative diff=0.000000, 20.30 sec so far

Iterative method: 2403 iterations in 24.13 seconds (average 0.010042, setup 3.21)

Value in the initial state: 0.6760385085654209

Time for model checking: 27.437 seconds.

Result: 0.6760385085654209 (value in the initial state)

