PRISM
=====

Version: 4.4.dev
Date: Sun May 20 20:44:51 IRDT 2018
Hostname: sadegh-H81M-S2PH
Memory limits: cudd=1g, java(heap)=2.1g
Command line: prism dns97.nm dns.pctl -s -explicitmodpoliter -maxiters 90050 -epsilon 1e-8 -javamaxmem 2400m

Parsing model file "dns97.nm"...

Parsing properties file "dns.pctl"...

1 property:
(1) Pmax=? [ "pp" U "qq" ]

Type:        MDP
Modules:     m1 m2 m3 
Variables:   s1 s2 s3 

---------------------------------------------------------------------

Model checking: Pmax=? [ "pp" U "qq" ]

Building model...

Computing reachable states...

Reachability (BFS): 3 iterations in 0.01 seconds (average 0.001667, setup 0.00)

Time for model construction: 17.214 seconds.

Type:        MDP
States:      10000 (1 initial)
Transitions: 148991108
Choices:     30000

Transition matrix: 18259378 nodes (327022 terminal), 148991108 minterms, vars: 15r/15c/3nd

Prob0A: 2 iterations in 0.01 seconds (average 0.003500, setup 0.00)

Prob1E: 4 iterations in 0.00 seconds (average 0.000750, setup 0.00)

yes = 10, no = 120, maybe = 9870

Computing remaining probabilities...
Engine: Sparse

Building sparse matrix (FOR POLICY ITERASION)... [n=10000, nc=29610, nnz=147064749, k=3] [1.6 GB]
Creating vector for yes...[78.1 KB]
Allocating iteration vectors... [2 x 78.1 KB]
TOTAL: [1.6 GB]

Starting iterations...
Iteration 202: max relative diff=0.011700, 8.99 sec so far
Iteration 404: max relative diff=0.000041, 17.90 sec so far
Iteration 606: max relative diff=0.000000, 26.78 sec so far

Iterative method: 643 iterations in 28.52 seconds (average 0.044355, setup 14.19)

Value in the initial state: 0.1463667307964353

Time for model checking: 43.363 seconds.

Result: 0.1463667307964353 (value in the initial state)

