PRISM
=====

Version: 4.4.dev
Date: Mon May 21 00:52:04 IRDT 2018
Hostname: sadegh-H81M-S2PH
Memory limits: cudd=1g, java(heap)=2.1g
Command line: prism dns143.nm dns.pctl -s -improvedmodpoliter2 -maxiters 90050 -epsilon 1e-8 -javamaxmem 2400m

Parsing model file "dns143.nm"...

Parsing properties file "dns.pctl"...

1 property:
(1) Pmax=? [ "pp" U "qq" ]

Type:        MDP
Modules:     m1 m2 m3 
Variables:   s1 s2 s3 

---------------------------------------------------------------------

Model checking: Pmax=? [ "pp" U "qq" ]

Building model...

Computing reachable states...

Reachability (BFS): 3 iterations in 0.01 seconds (average 0.001667, setup 0.00)

Time for model construction: 6.164 seconds.

Type:        MDP
States:      7200 (1 initial)
Transitions: 32967198
Choices:     21600

Transition matrix: 8414129 nodes (618622 terminal), 32967198 minterms, vars: 15r/15c/3nd

Prob0A: 3 iterations in 0.01 seconds (average 0.002333, setup 0.00)

Prob1E: 4 iterations in 0.00 seconds (average 0.000250, setup 0.00)

yes = 10, no = 28, maybe = 7162

Computing remaining probabilities...
Engine: Sparse

Building sparse matrix (FOR POLICY ITERASION)... [n=7200, nc=21486, nnz=32803020, k=3] [375.5 MB]
Creating vector for yes...[56.2 KB]
Allocating iteration vectors... [2 x 56.2 KB]
TOTAL: [375.7 MB]

Starting iterations...
Iteration 1616: max relative diff=0.000184, 5.30 sec so far
Iteration 3131: max relative diff=0.000000, 10.31 sec so far

Iterative method: 4343 iterations in 14.43 seconds (average 0.003323, setup 2.89)


Number of scallar multiplications: 13539M 

Value in the initial state: 0.676038856382282

Time for model checking: 17.441 seconds.

Result: 0.676038856382282 (value in the initial state)

