PRISM
=====

Version: 4.4.dev
Date: Sun May 20 16:00:35 IRDT 2018
Hostname: sadegh-H81M-S2PH
Memory limits: cudd=1g, java(heap)=2.1g
Command line: prism dns61.nm dns.pctl -s -improvedmodpoliter2 -maxiters 90050 -epsilon 1e-8 -javamaxmem 2400m

Parsing model file "dns61.nm"...

Parsing properties file "dns.pctl"...

1 property:
(1) Pmax=? [ "pp" U "qq" ]

Type:        MDP
Modules:     m1 m2 m3 
Variables:   s1 s2 s3 

---------------------------------------------------------------------

Model checking: Pmax=? [ "pp" U "qq" ]

Building model...

Computing reachable states...

Reachability (BFS): 3 iterations in 0.01 seconds (average 0.001667, setup 0.00)

Time for model construction: 12.37 seconds.

Type:        MDP
States:      9600 (1 initial)
Transitions: 225987074
Choices:     38400

Transition matrix: 16515356 nodes (465433 terminal), 225987074 minterms, vars: 15r/15c/4nd

Prob0A: 2 iterations in 0.01 seconds (average 0.003000, setup 0.00)

Prob1E: 4 iterations in 0.00 seconds (average 0.000500, setup 0.00)

yes = 10, no = 105, maybe = 9485

Computing remaining probabilities...
Engine: Sparse

Building sparse matrix (FOR POLICY ITERASION)... [n=9600, nc=37940, nnz=223244476, k=4] [2.5 GB]
Creating vector for yes...[75.0 KB]
Allocating iteration vectors... [2 x 75.0 KB]
TOTAL: [2.5 GB]

Starting iterations...
Iteration 303: max relative diff=0.011684, 5.78 sec so far
Iteration 606: max relative diff=0.000387, 11.51 sec so far
Iteration 909: max relative diff=0.000016, 17.24 sec so far
Iteration 1212: max relative diff=0.000000, 23.27 sec so far
Iteration 1515: max relative diff=0.000000, 29.37 sec so far

Iterative method: 1537 iterations in 30.18 seconds (average 0.019634, setup 15.09)


Number of scallar multiplications: 29800M 

Value in the initial state: 0.2532663501730178

Time for model checking: 46.535 seconds.

Result: 0.2532663501730178 (value in the initial state)

