PRISM
=====

Version: 4.4.dev
Date: Sun May 20 20:01:44 IRDT 2018
Hostname: sadegh-H81M-S2PH
Memory limits: cudd=1g, java(heap)=2.1g
Command line: prism dns87.nm dns.pctl -s -improvedmodpoliter2 -maxiters 90050 -epsilon 1e-8 -javamaxmem 2400m

Parsing model file "dns87.nm"...

Parsing properties file "dns.pctl"...

1 property:
(1) Pmax=? [ "pp" U "qq" ]

Type:        MDP
Modules:     m1 m2 m3 
Variables:   s1 s2 s3 

---------------------------------------------------------------------

Model checking: Pmax=? [ "pp" U "qq" ]

Building model...

Computing reachable states...

Reachability (BFS): 3 iterations in 0.00 seconds (average 0.001333, setup 0.00)

Time for model construction: 11.508 seconds.

Type:        MDP
States:      9600 (1 initial)
Transitions: 140827243
Choices:     28800

Transition matrix: 15376511 nodes (427760 terminal), 140827243 minterms, vars: 15r/15c/3nd

Prob0A: 2 iterations in 0.01 seconds (average 0.002500, setup 0.00)

Prob1E: 4 iterations in 0.00 seconds (average 0.000750, setup 0.00)

yes = 10, no = 120, maybe = 9470

Computing remaining probabilities...
Engine: Sparse

Building sparse matrix (FOR POLICY ITERASION)... [n=9600, nc=28410, nnz=138922926, k=3] [1.6 GB]
Creating vector for yes...[75.0 KB]
Allocating iteration vectors... [2 x 75.0 KB]
TOTAL: [1.6 GB]

Starting iterations...
Iteration 303: max relative diff=0.006751, 5.27 sec so far
Iteration 606: max relative diff=0.000057, 10.58 sec so far
Iteration 909: max relative diff=0.000000, 16.10 sec so far

Iterative method: 1133 iterations in 20.66 seconds (average 0.018234, setup 10.80)


Number of scallar multiplications: 20615M 

Value in the initial state: 0.16963368456236208

Time for model checking: 32.326 seconds.

Result: 0.16963368456236208 (value in the initial state)

