PRISM
=====

Version: 4.4.dev
Date: Mon May 21 03:27:25 IRDT 2018
Hostname: sadegh-H81M-S2PH
Memory limits: cudd=1g, java(heap)=2.1g
Command line: prism dns184.nm dns.pctl -s -improvedmodpoliter2 -maxiters 90050 -epsilon 1e-8 -javamaxmem 2400m

Parsing model file "dns184.nm"...

Parsing properties file "dns.pctl"...

1 property:
(1) Pmax=? [ "pp" U "qq" ]

Type:        MDP
Modules:     m1 m2 m3 
Variables:   s1 s2 s3 

---------------------------------------------------------------------

Model checking: Pmax=? [ "pp" U "qq" ]

Building model...

Computing reachable states...

Reachability (BFS): 3 iterations in 0.00 seconds (average 0.001000, setup 0.00)

Time for model construction: 7.797 seconds.

Type:        MDP
States:      8400 (1 initial)
Transitions: 13771702
Choices:     25200

Transition matrix: 9684397 nodes (632039 terminal), 13771702 minterms, vars: 15r/15c/3nd

Prob0A: 3 iterations in 0.01 seconds (average 0.003333, setup 0.00)

Prob1E: 4 iterations in 0.01 seconds (average 0.001500, setup 0.00)

yes = 10, no = 28, maybe = 8362

Computing remaining probabilities...
Engine: Sparse

Building sparse matrix (FOR POLICY ITERASION)... [n=8400, nc=25086, nnz=13714766, k=3] [157.1 MB]
Creating vector for yes...[65.6 KB]
Allocating iteration vectors... [2 x 65.6 KB]
TOTAL: [157.3 MB]

Starting iterations...
Iteration 2525: max relative diff=0.000006, 5.04 sec so far
Iteration 4949: max relative diff=0.000000, 10.25 sec so far

Iterative method: 4971 iterations in 10.32 seconds (average 0.002077, setup 2.61)


Number of scallar multiplications: 9694M 

Value in the initial state: 0.7162025428964078

Time for model checking: 12.983 seconds.

Result: 0.7162025428964078 (value in the initial state)

