PRISM
=====

Version: 4.4.dev
Date: Sat Jun 16 19:50:53 IRDT 2018
Hostname: sadegh-H81M-S2PH
Memory limits: cudd=1g, java(heap)=2.1g
Command line: prism dns20.nm dns.pctl -s -backwardvaliter -maxiters 90050 -epsilon 1e-6 -javamaxmem 2400m

Parsing model file "dns20.nm"...

Parsing properties file "dns.pctl"...

1 property:
(1) Pmax=? [ "pp" U "qq" ]

Type:        MDP
Modules:     m1 m2 m3 
Variables:   s1 s2 s3 

---------------------------------------------------------------------

Model checking: Pmax=? [ "pp" U "qq" ]

Building model...

Computing reachable states...

Reachability (BFS): 3 iterations in 0.00 seconds (average 0.000333, setup 0.00)

Time for model construction: 9.789 seconds.

Type:        MDP
States:      8000 (1 initial)
Transitions: 186452652
Choices:     24000

Transition matrix: 8917711 nodes (421243 terminal), 186452652 minterms, vars: 15r/15c/3nd

Prob0A: 2 iterations in 0.00 seconds (average 0.002000, setup 0.00)

Prob1E: 4 iterations in 0.01 seconds (average 0.001250, setup 0.00)

yes = 10, no = 36, maybe = 7954

Computing remaining probabilities...
Engine: Sparse

Building sparse matrix(FOR GS)... [n=8000, nc=23862, nnz=185398637, k=3] [2.1 GB]
Creating vector for yes...[62.5 KB]
Allocating iteration vectors... [2 x 62.5 KB]
TOTAL: [2.1 GB]

Starting iterations...
Iteration 11: max relative diff=0.093635, 5.05 sec so far
Iteration 28: max relative diff=0.029242, 10.30 sec so far
Iteration 45: max relative diff=0.015384, 15.55 sec so far
Iteration 62: max relative diff=0.009584, 20.80 sec so far
Iteration 79: max relative diff=0.006523, 26.05 sec so far
Iteration 96: max relative diff=0.004683, 31.30 sec so far
Iteration 113: max relative diff=0.003490, 36.56 sec so far
Iteration 130: max relative diff=0.002667, 41.80 sec so far
Iteration 147: max relative diff=0.002078, 47.06 sec so far
Iteration 164: max relative diff=0.001644, 52.31 sec so far
Iteration 181: max relative diff=0.001316, 57.56 sec so far
Iteration 198: max relative diff=0.001064, 62.81 sec so far
Iteration 215: max relative diff=0.000867, 68.07 sec so far
Iteration 232: max relative diff=0.000711, 73.33 sec so far
Iteration 249: max relative diff=0.000585, 78.58 sec so far
Iteration 266: max relative diff=0.000484, 83.83 sec so far
Iteration 283: max relative diff=0.000402, 89.09 sec so far
Iteration 300: max relative diff=0.000335, 94.34 sec so far
Iteration 317: max relative diff=0.000279, 99.59 sec so far
Iteration 334: max relative diff=0.000234, 104.84 sec so far
Iteration 351: max relative diff=0.000196, 110.09 sec so far
Iteration 368: max relative diff=0.000164, 115.34 sec so far
Iteration 385: max relative diff=0.000138, 120.59 sec so far
Iteration 402: max relative diff=0.000116, 125.85 sec so far
Iteration 418: max relative diff=0.000098, 130.85 sec so far
Iteration 435: max relative diff=0.000083, 136.10 sec so far
Iteration 452: max relative diff=0.000070, 141.36 sec so far
Iteration 469: max relative diff=0.000059, 146.62 sec so far
Iteration 486: max relative diff=0.000049, 151.87 sec so far
Iteration 503: max relative diff=0.000042, 157.12 sec so far
Iteration 520: max relative diff=0.000035, 162.37 sec so far
Iteration 537: max relative diff=0.000030, 167.63 sec so far
Iteration 554: max relative diff=0.000025, 172.87 sec so far
Iteration 571: max relative diff=0.000021, 178.12 sec so far
Iteration 588: max relative diff=0.000018, 183.37 sec so far
Iteration 605: max relative diff=0.000015, 188.62 sec so far
Iteration 622: max relative diff=0.000013, 193.87 sec so far
Iteration 639: max relative diff=0.000011, 199.12 sec so far
Iteration 656: max relative diff=0.000009, 204.37 sec so far
Iteration 673: max relative diff=0.000008, 209.62 sec so far
Iteration 689: max relative diff=0.000006, 214.68 sec so far
Iteration 705: max relative diff=0.000006, 219.95 sec so far
Iteration 721: max relative diff=0.000005, 225.10 sec so far
Iteration 738: max relative diff=0.000004, 230.33 sec so far
Iteration 755: max relative diff=0.000003, 235.55 sec so far
Iteration 772: max relative diff=0.000003, 240.77 sec so far
Iteration 789: max relative diff=0.000002, 246.00 sec so far
Iteration 806: max relative diff=0.000002, 251.22 sec so far
Iteration 823: max relative diff=0.000002, 256.49 sec so far
Iteration 840: max relative diff=0.000001, 261.71 sec so far
Iteration 857: max relative diff=0.000001, 266.94 sec so far
Iteration 874: max relative diff=0.000001, 272.18 sec so far

Iterative method: 876 iterations in 272.79 seconds (average 0.311405, setup 15.39)

Value in the initial state: 0.3509441318206367

Time for model checking: 289.127 seconds.

Result: 0.3509441318206367 (value in the initial state)

Warning: CUDD reports 9622285 non-zero references.

