PRISM
=====

Version: 4.4.dev
Date: Tue Jun 19 17:55:12 IRDT 2018
Hostname: sadegh-H81M-S2PH
Memory limits: cudd=1g, java(heap)=2.1g
Command line: prism dns190.nm dns.pctl -s -gs -maxiters 90050 -epsilon 1e-6 -javamaxmem 2400m

Parsing model file "dns190.nm"...

Parsing properties file "dns.pctl"...

1 property:
(1) Pmax=? [ "pp" U "qq" ]

Type:        MDP
Modules:     m1 m2 m3 
Variables:   s1 s2 s3 

---------------------------------------------------------------------

Model checking: Pmax=? [ "pp" U "qq" ]

Building model...

Computing reachable states...

Reachability (BFS): 3 iterations in 0.01 seconds (average 0.002333, setup 0.00)

Time for model construction: 9.182 seconds.

Type:        MDP
States:      8000 (1 initial)
Transitions: 12790260
Choices:     32000

Transition matrix: 9886024 nodes (749214 terminal), 12790260 minterms, vars: 15r/15c/4nd

Prob0A: 3 iterations in 0.01 seconds (average 0.002667, setup 0.00)

Prob1E: 4 iterations in 0.00 seconds (average 0.000750, setup 0.00)

yes = 10, no = 45, maybe = 7945

Computing remaining probabilities...
Engine: Sparse

Building sparse matrix(FOR GS)... [n=8000, nc=31780, nnz=12706048, k=4] [145.6 MB]
Creating vector for yes...[62.5 KB]
Allocating iteration vectors... [2 x 62.5 KB]
TOTAL: [145.7 MB]

Starting iterations...
Iteration 226: max relative diff=0.000657, 5.01 sec so far
Iteration 455: max relative diff=0.000152, 10.03 sec so far
Iteration 684: max relative diff=0.000050, 15.04 sec so far
Iteration 913: max relative diff=0.000018, 20.04 sec so far
Iteration 1143: max relative diff=0.000007, 25.06 sec so far
Iteration 1372: max relative diff=0.000003, 30.07 sec so far

Iterative method: 1593 iterations in 34.89 seconds (average 0.021901, setup 3.41)

Value in the initial state: 0.7215117711030684

Time for model checking: 38.38 seconds.

Result: 0.7215117711030684 (value in the initial state)

