PRISM
=====

Version: 4.4.dev
Date: Sun May 20 11:10:34 IRDT 2018
Hostname: sadegh-H81M-S2PH
Memory limits: cudd=1g, java(heap)=2.1g
Command line: prism dns7.nm dns.pctl -s -improvedmodpoliter2 -maxiters 90050 -epsilon 1e-8 -javamaxmem 2400m

Parsing model file "dns7.nm"...

Parsing properties file "dns.pctl"...

1 property:
(1) Pmax=? [ "pp" U "qq" ]

Type:        MDP
Modules:     m1 m2 m3 
Variables:   s1 s2 s3 

---------------------------------------------------------------------

Model checking: Pmax=? [ "pp" U "qq" ]

Building model...

Computing reachable states...

Reachability (BFS): 2 iterations in 0.00 seconds (average 0.000000, setup 0.00)

Time for model construction: 9.041 seconds.

Type:        MDP
States:      7200 (1 initial)
Transitions: 250200795
Choices:     36000

Transition matrix: 11209497 nodes (237336 terminal), 250200795 minterms, vars: 15r/15c/5nd

Prob0A: 2 iterations in 0.00 seconds (average 0.001000, setup 0.00)

Prob1E: 4 iterations in 0.00 seconds (average 0.000250, setup 0.00)

yes = 10, no = 78, maybe = 7112

Computing remaining probabilities...
Engine: Sparse

Building sparse matrix (FOR POLICY ITERASION)... [n=7200, nc=35560, nnz=247148410, k=5] [2.8 GB]
Creating vector for yes...[56.2 KB]
Allocating iteration vectors... [2 x 56.2 KB]
TOTAL: [2.8 GB]

Starting iterations...
Iteration 202: max relative diff=0.010411, 5.91 sec so far
Iteration 404: max relative diff=0.000305, 11.77 sec so far
Iteration 606: max relative diff=0.000004, 17.48 sec so far
Iteration 808: max relative diff=0.000000, 23.13 sec so far

Iterative method: 953 iterations in 27.43 seconds (average 0.028781, setup 16.03)


Number of scallar multiplications: 27087M 

Value in the initial state: 0.19452609199601073

Time for model checking: 44.758 seconds.

Result: 0.19452609199601073 (value in the initial state)

