PRISM
=====

Version: 4.4.dev
Date: Sun May 20 20:02:32 IRDT 2018
Hostname: sadegh-H81M-S2PH
Memory limits: cudd=1g, java(heap)=2.1g
Command line: prism dns87.nm dns.pctl -s -improvedmodpoliter -maxiters 90050 -epsilon 1e-8 -javamaxmem 2400m

Parsing model file "dns87.nm"...

Parsing properties file "dns.pctl"...

1 property:
(1) Pmax=? [ "pp" U "qq" ]

Type:        MDP
Modules:     m1 m2 m3 
Variables:   s1 s2 s3 

---------------------------------------------------------------------

Model checking: Pmax=? [ "pp" U "qq" ]

Building model...

Computing reachable states...

Reachability (BFS): 3 iterations in 0.00 seconds (average 0.001000, setup 0.00)

Time for model construction: 11.838 seconds.

Type:        MDP
States:      9600 (1 initial)
Transitions: 140827243
Choices:     28800

Transition matrix: 15376511 nodes (427760 terminal), 140827243 minterms, vars: 15r/15c/3nd

Prob0A: 2 iterations in 0.01 seconds (average 0.002500, setup 0.00)

Prob1E: 4 iterations in 0.00 seconds (average 0.001000, setup 0.00)

yes = 10, no = 120, maybe = 9470

Computing remaining probabilities...
Engine: Sparse

Building sparse matrix (FOR POLICY ITERASION)... [n=9600, nc=28410, nnz=138922926, k=3] [1.6 GB]
Creating vector for yes...[75.0 KB]
Allocating iteration vectors... [2 x 75.0 KB]
TOTAL: [1.6 GB]

Starting iterations...
Iteration 204: max relative diff=0.028168, 8.38 sec so far
Iteration 408: max relative diff=0.000295, 16.89 sec so far
Iteration 612: max relative diff=0.000000, 25.39 sec so far
Iteration 766: max relative diff=0.000000, 31.94 sec so far

Iterative method: 766 iterations in 31.94 seconds (average 0.041693, setup 11.76)

Value in the initial state: 0.1696336890477434

Time for model checking: 44.402 seconds.

Result: 0.1696336890477434 (value in the initial state)

