PRISM
=====

Version: 4.4.dev
Date: Sun Jun 17 08:54:55 IRDT 2018
Hostname: sadegh-H81M-S2PH
Memory limits: cudd=1g, java(heap)=2.1g
Command line: prism dns41.nm dns.pctl -s -gs -maxiters 90050 -epsilon 1e-6 -javamaxmem 2400m

Parsing model file "dns41.nm"...

Parsing properties file "dns.pctl"...

1 property:
(1) Pmax=? [ "pp" U "qq" ]

Type:        MDP
Modules:     m1 m2 m3 
Variables:   s1 s2 s3 

---------------------------------------------------------------------

Model checking: Pmax=? [ "pp" U "qq" ]

Building model...

Computing reachable states...

Reachability (BFS): 3 iterations in 0.01 seconds (average 0.002000, setup 0.00)

Time for model construction: 5.876 seconds.

Type:        MDP
States:      7200 (1 initial)
Transitions: 73773846
Choices:     14400

Transition matrix: 5806017 nodes (383400 terminal), 73773846 minterms, vars: 15r/15c/2nd

Prob0A: 2 iterations in 0.00 seconds (average 0.000500, setup 0.00)

Prob1E: 4 iterations in 0.00 seconds (average 0.000250, setup 0.00)

yes = 10, no = 10, maybe = 7180

Computing remaining probabilities...
Engine: Sparse

Building sparse matrix(FOR GS)... [n=7200, nc=14360, nnz=73572681, k=2] [842.1 MB]
Creating vector for yes...[56.2 KB]
Allocating iteration vectors... [2 x 56.2 KB]
TOTAL: [842.2 MB]

Starting iterations...
Iteration 41: max relative diff=0.021032, 5.09 sec so far
Iteration 82: max relative diff=0.008425, 10.17 sec so far
Iteration 123: max relative diff=0.004549, 15.25 sec so far
Iteration 163: max relative diff=0.002801, 20.26 sec so far
Iteration 204: max relative diff=0.001822, 25.38 sec so far
Iteration 245: max relative diff=0.001243, 30.41 sec so far
Iteration 286: max relative diff=0.000878, 35.43 sec so far
Iteration 327: max relative diff=0.000637, 40.47 sec so far
Iteration 368: max relative diff=0.000472, 45.50 sec so far
Iteration 409: max relative diff=0.000356, 50.53 sec so far
Iteration 450: max relative diff=0.000271, 55.56 sec so far
Iteration 491: max relative diff=0.000210, 60.59 sec so far
Iteration 532: max relative diff=0.000163, 65.62 sec so far
Iteration 573: max relative diff=0.000128, 70.65 sec so far
Iteration 614: max relative diff=0.000100, 75.68 sec so far
Iteration 655: max relative diff=0.000079, 80.71 sec so far
Iteration 696: max relative diff=0.000063, 85.74 sec so far
Iteration 737: max relative diff=0.000050, 90.77 sec so far
Iteration 778: max relative diff=0.000040, 95.80 sec so far
Iteration 819: max relative diff=0.000032, 100.83 sec so far
Iteration 860: max relative diff=0.000025, 105.86 sec so far
Iteration 901: max relative diff=0.000020, 110.89 sec so far
Iteration 942: max relative diff=0.000016, 115.92 sec so far
Iteration 983: max relative diff=0.000013, 120.95 sec so far
Iteration 1024: max relative diff=0.000010, 125.98 sec so far
Iteration 1065: max relative diff=0.000008, 131.02 sec so far
Iteration 1106: max relative diff=0.000006, 136.05 sec so far
Iteration 1147: max relative diff=0.000005, 141.08 sec so far
Iteration 1188: max relative diff=0.000004, 146.11 sec so far
Iteration 1229: max relative diff=0.000003, 151.14 sec so far
Iteration 1270: max relative diff=0.000003, 156.17 sec so far
Iteration 1311: max relative diff=0.000002, 161.20 sec so far
Iteration 1352: max relative diff=0.000002, 166.23 sec so far
Iteration 1393: max relative diff=0.000001, 171.26 sec so far
Iteration 1434: max relative diff=0.000001, 176.28 sec so far

Iterative method: 1450 iterations in 178.24 seconds (average 0.122925, setup 6.17)

Value in the initial state: 0.6142693590102372

Time for model checking: 184.733 seconds.

Result: 0.6142693590102372 (value in the initial state)

