PRISM
=====

Version: 4.4.dev
Date: Tue Jun 19 10:47:27 IRDT 2018
Hostname: sadegh-H81M-S2PH
Memory limits: cudd=1g, java(heap)=2.1g
Command line: prism dns148.nm dns.pctl -s -bucketvaliter2 -maxiters 90050 -javamaxmem 2400m

Parsing model file "dns148.nm"...

Parsing properties file "dns.pctl"...

1 property:
(1) Pmax=? [ "pp" U "qq" ]

Type:        MDP
Modules:     m1 m2 m3 
Variables:   s1 s2 s3 

---------------------------------------------------------------------

Model checking: Pmax=? [ "pp" U "qq" ]

Building model...

Computing reachable states...

Reachability (BFS): 3 iterations in 0.01 seconds (average 0.004667, setup 0.00)

Time for model construction: 21.244 seconds.

Type:        MDP
States:      8400 (1 initial)
Transitions: 59792239
Choices:     33600

Transition matrix: 17958262 nodes (705889 terminal), 59792239 minterms, vars: 15r/15c/4nd

Prob0A: 3 iterations in 0.01 seconds (average 0.002333, setup 0.00)

Prob1E: 4 iterations in 0.00 seconds (average 0.000750, setup 0.00)

yes = 10, no = 36, maybe = 8354

Computing remaining probabilities...
Engine: Sparse

Building sparse matrix(FOR GS)... [n=8400, nc=33416, nnz=59476190, k=4] [680.8 MB]
Creating vector for yes...[65.6 KB]
Allocating iteration vectors... [2 x 65.6 KB]
TOTAL: [681.0 MB]

Starting iterations...

Iterative method: 4502769 iterations in 478.84 seconds (average 0.000106, setup 10.59)

Value in the initial state: 0.6018635545847174

Time for model checking: 497.537 seconds.

Result: 0.6018635545847174 (value in the initial state)

