PRISM
=====

Version: 4.4.dev
Date: Sun May 20 14:16:42 IRDT 2018
Hostname: sadegh-H81M-S2PH
Memory limits: cudd=1g, java(heap)=2.1g
Command line: prism dns42.nm dns.pctl -s -improvedmodpoliter -maxiters 90050 -epsilon 1e-8 -javamaxmem 2400m

Parsing model file "dns42.nm"...

Parsing properties file "dns.pctl"...

1 property:
(1) Pmax=? [ "pp" U "qq" ]

Type:        MDP
Modules:     m1 m2 m3 
Variables:   s1 s2 s3 

---------------------------------------------------------------------

Model checking: Pmax=? [ "pp" U "qq" ]

Building model...

Computing reachable states...

Reachability (BFS): 3 iterations in 0.00 seconds (average 0.000333, setup 0.00)

Time for model construction: 6.819 seconds.

Type:        MDP
States:      9600 (1 initial)
Transitions: 133985021
Choices:     19200

Transition matrix: 9030783 nodes (328168 terminal), 133985021 minterms, vars: 15r/15c/2nd

Prob0A: 2 iterations in 0.00 seconds (average 0.000500, setup 0.00)

Prob1E: 4 iterations in 0.00 seconds (average 0.000250, setup 0.00)

yes = 10, no = 10, maybe = 9580

Computing remaining probabilities...
Engine: Sparse

Building sparse matrix (FOR POLICY ITERASION)... [n=9600, nc=19160, nnz=133711965, k=2] [1.5 GB]
Creating vector for yes...[75.0 KB]
Allocating iteration vectors... [2 x 75.0 KB]
TOTAL: [1.5 GB]

Starting iterations...
Iteration 102: max relative diff=0.032836, 5.73 sec so far
Iteration 204: max relative diff=0.013500, 11.71 sec so far
Iteration 306: max relative diff=0.006136, 17.72 sec so far
Iteration 408: max relative diff=0.003559, 23.76 sec so far
Iteration 510: max relative diff=0.001597, 29.86 sec so far
Iteration 612: max relative diff=0.000993, 36.11 sec so far
Iteration 714: max relative diff=0.000689, 42.44 sec so far
Iteration 816: max relative diff=0.000477, 48.75 sec so far
Iteration 918: max relative diff=0.000286, 54.93 sec so far
Iteration 1020: max relative diff=0.000188, 61.10 sec so far
Iteration 1122: max relative diff=0.000122, 67.41 sec so far
Iteration 1224: max relative diff=0.000044, 73.74 sec so far
Iteration 1326: max relative diff=0.000055, 79.99 sec so far
Iteration 1428: max relative diff=0.000032, 86.18 sec so far
Iteration 1530: max relative diff=0.000009, 92.41 sec so far
Iteration 1632: max relative diff=0.000006, 98.74 sec so far
Iteration 1734: max relative diff=0.000004, 105.06 sec so far
Iteration 1836: max relative diff=0.000004, 111.26 sec so far
Iteration 1938: max relative diff=0.000002, 117.45 sec so far
Iteration 2040: max relative diff=0.000001, 123.73 sec so far
Iteration 2142: max relative diff=0.000001, 130.06 sec so far
Iteration 2244: max relative diff=0.000001, 136.34 sec so far
Iteration 2346: max relative diff=0.000000, 142.53 sec so far
Iteration 2448: max relative diff=0.000000, 148.73 sec so far
Iteration 2550: max relative diff=0.000000, 155.07 sec so far
Iteration 2652: max relative diff=0.000000, 161.40 sec so far
Iteration 2754: max relative diff=0.000000, 167.62 sec so far
Iteration 2856: max relative diff=0.000000, 173.80 sec so far
Iteration 2958: max relative diff=0.000000, 180.07 sec so far
Iteration 3060: max relative diff=0.000000, 186.40 sec so far
Iteration 3162: max relative diff=0.000000, 192.70 sec so far
Iteration 3264: max relative diff=0.000000, 198.88 sec so far
Iteration 3366: max relative diff=0.000000, 205.07 sec so far
Iteration 3468: max relative diff=0.000000, 211.12 sec so far

Iterative method: 3468 iterations in 211.12 seconds (average 0.060876, setup 6.89)

Value in the initial state: 0.6173216074583581

Time for model checking: 218.683 seconds.

Result: 0.6173216074583581 (value in the initial state)

