PRISM
=====

Version: 4.4.dev
Date: Sun May 20 22:23:10 IRDT 2018
Hostname: sadegh-H81M-S2PH
Memory limits: cudd=1g, java(heap)=2.1g
Command line: prism dns107.nm dns.pctl -s -improvedmodpoliter -maxiters 90050 -epsilon 1e-8 -javamaxmem 2400m

Parsing model file "dns107.nm"...

Parsing properties file "dns.pctl"...

1 property:
(1) Pmax=? [ "pp" U "qq" ]

Type:        MDP
Modules:     m1 m2 m3 
Variables:   s1 s2 s3 

---------------------------------------------------------------------

Model checking: Pmax=? [ "pp" U "qq" ]

Building model...

Computing reachable states...

Reachability (BFS): 3 iterations in 0.00 seconds (average 0.000333, setup 0.00)

Time for model construction: 12.777 seconds.

Type:        MDP
States:      12000 (1 initial)
Transitions: 118540056
Choices:     24000

Transition matrix: 15253948 nodes (288410 terminal), 118540056 minterms, vars: 15r/15c/2nd

Prob0A: 3 iterations in 0.01 seconds (average 0.002000, setup 0.00)

Prob1E: 4 iterations in 0.01 seconds (average 0.001500, setup 0.00)

yes = 10, no = 91, maybe = 11899

Computing remaining probabilities...
Engine: Sparse

Building sparse matrix (FOR POLICY ITERASION)... [n=12000, nc=23798, nnz=117499569, k=2] [1.3 GB]
Creating vector for yes...[93.8 KB]
Allocating iteration vectors... [2 x 93.8 KB]
TOTAL: [1.3 GB]

Starting iterations...
Iteration 102: max relative diff=0.205288, 5.20 sec so far
Iteration 204: max relative diff=0.018086, 10.61 sec so far
Iteration 306: max relative diff=0.005035, 15.94 sec so far
Iteration 408: max relative diff=0.001177, 21.22 sec so far
Iteration 510: max relative diff=0.000206, 26.51 sec so far
Iteration 612: max relative diff=0.000071, 31.77 sec so far
Iteration 714: max relative diff=0.000022, 37.02 sec so far
Iteration 816: max relative diff=0.000003, 42.28 sec so far
Iteration 918: max relative diff=0.000001, 47.53 sec so far
Iteration 1020: max relative diff=0.000000, 53.08 sec so far
Iteration 1122: max relative diff=0.000000, 58.44 sec so far
Iteration 1224: max relative diff=0.000000, 63.86 sec so far
Iteration 1326: max relative diff=0.000000, 69.41 sec so far

Iterative method: 1326 iterations in 69.41 seconds (average 0.052345, setup 10.39)

Value in the initial state: 0.1350016916105607

Time for model checking: 80.476 seconds.

Result: 0.1350016916105607 (value in the initial state)

