PRISM
=====

Version: 4.4.dev
Date: Sun May 20 22:36:19 IRDT 2018
Hostname: sadegh-H81M-S2PH
Memory limits: cudd=1g, java(heap)=2.1g
Command line: prism dns110.nm dns.pctl -s -explicitmodpoliter -maxiters 90050 -epsilon 1e-8 -javamaxmem 2400m

Parsing model file "dns110.nm"...

Parsing properties file "dns.pctl"...

1 property:
(1) Pmax=? [ "pp" U "qq" ]

Type:        MDP
Modules:     m1 m2 m3 
Variables:   s1 s2 s3 

---------------------------------------------------------------------

Model checking: Pmax=? [ "pp" U "qq" ]

Building model...

Computing reachable states...

Reachability (BFS): 3 iterations in 0.01 seconds (average 0.002000, setup 0.00)

Time for model construction: 17.087 seconds.

Type:        MDP
States:      8000 (1 initial)
Transitions: 128056042
Choices:     40000

Transition matrix: 19188487 nodes (672649 terminal), 128056042 minterms, vars: 15r/15c/5nd

Prob0A: 2 iterations in 0.00 seconds (average 0.001500, setup 0.00)

Prob1E: 4 iterations in 0.01 seconds (average 0.001500, setup 0.00)

yes = 10, no = 28, maybe = 7962

Computing remaining probabilities...
Engine: Sparse

Building sparse matrix (FOR POLICY ITERASION)... [n=8000, nc=39810, nnz=127406289, k=5] [1.4 GB]
Creating vector for yes...[62.5 KB]
Allocating iteration vectors... [2 x 62.5 KB]
TOTAL: [1.4 GB]

Starting iterations...
Iteration 303: max relative diff=0.008962, 7.07 sec so far
Iteration 606: max relative diff=0.000762, 14.17 sec so far
Iteration 909: max relative diff=0.000058, 21.29 sec so far
Iteration 1212: max relative diff=0.000003, 28.39 sec so far
Iteration 1515: max relative diff=0.000000, 35.49 sec so far
Iteration 1818: max relative diff=0.000000, 42.60 sec so far

Iterative method: 1989 iterations in 46.79 seconds (average 0.023525, setup 9.56)

Value in the initial state: 0.5827987826084652

Time for model checking: 56.844 seconds.

Result: 0.5827987826084652 (value in the initial state)

