PRISM
=====

Version: 4.4.dev
Date: Sun May 20 23:36:55 IRDT 2018
Hostname: sadegh-H81M-S2PH
Memory limits: cudd=1g, java(heap)=2.1g
Command line: prism dns122.nm dns.pctl -s -improvedmodpoliter -maxiters 90050 -epsilon 1e-8 -javamaxmem 2400m

Parsing model file "dns122.nm"...

Parsing properties file "dns.pctl"...

1 property:
(1) Pmax=? [ "pp" U "qq" ]

Type:        MDP
Modules:     m1 m2 m3 
Variables:   s1 s2 s3 

---------------------------------------------------------------------

Model checking: Pmax=? [ "pp" U "qq" ]

Building model...

Computing reachable states...

Reachability (BFS): 3 iterations in 0.00 seconds (average 0.001000, setup 0.00)

Time for model construction: 7.06 seconds.

Type:        MDP
States:      8000 (1 initial)
Transitions: 60551854
Choices:     24000

Transition matrix: 8977381 nodes (498037 terminal), 60551854 minterms, vars: 15r/15c/3nd

Prob0A: 3 iterations in 0.00 seconds (average 0.001333, setup 0.00)

Prob1E: 9 iterations in 0.01 seconds (average 0.000556, setup 0.00)

yes = 10, no = 10, maybe = 7980

Computing remaining probabilities...
Engine: Sparse

Building sparse matrix (FOR POLICY ITERASION)... [n=8000, nc=23940, nnz=60414537, k=3] [691.5 MB]
Creating vector for yes...[62.5 KB]
Allocating iteration vectors... [2 x 62.5 KB]
TOTAL: [691.7 MB]

Starting iterations...
Iteration 408: max relative diff=0.004895, 6.63 sec so far
Iteration 714: max relative diff=0.001046, 11.72 sec so far
Iteration 1020: max relative diff=0.000531, 16.80 sec so far
Iteration 1326: max relative diff=0.000129, 21.87 sec so far
Iteration 1632: max relative diff=0.000052, 26.92 sec so far
Iteration 1938: max relative diff=0.000042, 31.96 sec so far
Iteration 2244: max relative diff=0.000020, 36.98 sec so far
Iteration 2550: max relative diff=0.000011, 42.28 sec so far
Iteration 2856: max relative diff=0.000004, 47.52 sec so far
Iteration 3162: max relative diff=0.000003, 52.67 sec so far
Iteration 3468: max relative diff=0.000001, 57.97 sec so far
Iteration 3774: max relative diff=0.000001, 63.15 sec so far
Iteration 4080: max relative diff=0.000001, 68.30 sec so far
Iteration 4386: max relative diff=0.000000, 73.59 sec so far
Iteration 4692: max relative diff=0.000000, 78.61 sec so far
Iteration 4998: max relative diff=0.000000, 83.63 sec so far
Iteration 5304: max relative diff=0.000000, 88.93 sec so far
Iteration 5610: max relative diff=0.000000, 94.02 sec so far
Iteration 5916: max relative diff=0.000000, 99.24 sec so far
Iteration 6222: max relative diff=0.000000, 104.26 sec so far
Iteration 6528: max relative diff=0.000000, 109.29 sec so far

Iterative method: 6528 iterations in 109.29 seconds (average 0.016741, setup 4.55)

Value in the initial state: 0.8052203398140924

Time for model checking: 114.081 seconds.

Result: 0.8052203398140924 (value in the initial state)

