PRISM
=====

Version: 4.4.dev
Date: Sun May 20 19:02:19 IRDT 2018
Hostname: sadegh-H81M-S2PH
Memory limits: cudd=1g, java(heap)=2.1g
Command line: prism dns83.nm dns.pctl -s -modpoliter -maxiters 90050 -epsilon 1e-8 -javamaxmem 2400m

Parsing model file "dns83.nm"...

Parsing properties file "dns.pctl"...

1 property:
(1) Pmax=? [ "pp" U "qq" ]

Type:        MDP
Modules:     m1 m2 m3 
Variables:   s1 s2 s3 

---------------------------------------------------------------------

Model checking: Pmax=? [ "pp" U "qq" ]

Building model...

Computing reachable states...

Reachability (BFS): 3 iterations in 0.00 seconds (average 0.000667, setup 0.00)

Time for model construction: 8.725 seconds.

Type:        MDP
States:      8800 (1 initial)
Transitions: 109491621
Choices:     26400

Transition matrix: 12017144 nodes (536105 terminal), 109491621 minterms, vars: 15r/15c/3nd

Prob0A: 2 iterations in 0.01 seconds (average 0.003000, setup 0.00)

Prob1E: 4 iterations in 0.00 seconds (average 0.000500, setup 0.00)

yes = 10, no = 78, maybe = 8712

Computing remaining probabilities...
Engine: Sparse

Building sparse matrix (FOR POLICY ITERASION)... [n=8800, nc=26136, nnz=108413545, k=3] [1.2 GB]
Creating vector for yes...[68.8 KB]
Allocating iteration vectors... [2 x 68.8 KB]
TOTAL: [1.2 GB]

Starting iterations...
Iteration 202: max relative diff=0.036558, 7.69 sec so far
Iteration 404: max relative diff=0.001622, 15.36 sec so far
Iteration 606: max relative diff=0.000024, 22.97 sec so far
Iteration 808: max relative diff=0.000000, 30.58 sec so far
Iteration 985: max relative diff=0.000000, 37.26 sec so far

Iterative method: 985 iterations in 37.26 seconds (average 0.037830, setup 7.32)

Value in the initial state: 0.33906028052905685

Time for model checking: 44.919 seconds.

Result: 0.33906028052905685 (value in the initial state)

