PRISM
=====

Version: 4.4.dev
Date: Sun May 20 18:30:34 IRDT 2018
Hostname: sadegh-H81M-S2PH
Memory limits: cudd=1g, java(heap)=2.1g
Command line: prism dns76.nm dns.pctl -s -improvedmodpoliter2 -maxiters 90050 -epsilon 1e-8 -javamaxmem 2400m

Parsing model file "dns76.nm"...

Parsing properties file "dns.pctl"...

1 property:
(1) Pmax=? [ "pp" U "qq" ]

Type:        MDP
Modules:     m1 m2 m3 
Variables:   s1 s2 s3 

---------------------------------------------------------------------

Model checking: Pmax=? [ "pp" U "qq" ]

Building model...

Computing reachable states...

Reachability (BFS): 3 iterations in 0.00 seconds (average 0.000333, setup 0.00)

Time for model construction: 6.582 seconds.

Type:        MDP
States:      6800 (1 initial)
Transitions: 82300894
Choices:     20400

Transition matrix: 7317623 nodes (247020 terminal), 82300894 minterms, vars: 15r/15c/3nd

Prob0A: 2 iterations in 0.00 seconds (average 0.001500, setup 0.00)

Prob1E: 4 iterations in 0.00 seconds (average 0.000500, setup 0.00)

yes = 10, no = 78, maybe = 6712

Computing remaining probabilities...
Engine: Sparse

Building sparse matrix (FOR POLICY ITERASION)... [n=6800, nc=20136, nnz=81228649, k=3] [929.7 MB]
Creating vector for yes...[53.1 KB]
Allocating iteration vectors... [2 x 53.1 KB]
TOTAL: [929.8 MB]

Starting iterations...
Iteration 404: max relative diff=0.000285, 5.95 sec so far
Iteration 808: max relative diff=0.000000, 11.93 sec so far

Iterative method: 986 iterations in 14.61 seconds (average 0.014822, setup 6.69)


Number of scallar multiplications: 15102M 

Value in the initial state: 0.18230669354677576

Time for model checking: 21.814 seconds.

Result: 0.18230669354677576 (value in the initial state)

