PRISM
=====

Version: 4.4.dev
Date: Mon May 21 00:06:38 IRDT 2018
Hostname: sadegh-H81M-S2PH
Memory limits: cudd=1g, java(heap)=2.1g
Command line: prism dns129.nm dns.pctl -s -explicitmodpoliter -maxiters 90050 -epsilon 1e-8 -javamaxmem 2400m

Parsing model file "dns129.nm"...

Parsing properties file "dns.pctl"...

1 property:
(1) Pmax=? [ "pp" U "qq" ]

Type:        MDP
Modules:     m1 m2 m3 
Variables:   s1 s2 s3 

---------------------------------------------------------------------

Model checking: Pmax=? [ "pp" U "qq" ]

Building model...

Computing reachable states...

Reachability (BFS): 3 iterations in 0.01 seconds (average 0.004000, setup 0.00)

Time for model construction: 10.525 seconds.

Type:        MDP
States:      7200 (1 initial)
Transitions: 64473068
Choices:     28800

Transition matrix: 13190569 nodes (699305 terminal), 64473068 minterms, vars: 15r/15c/4nd

Prob0A: 2 iterations in 0.01 seconds (average 0.002500, setup 0.00)

Prob1E: 9 iterations in 0.01 seconds (average 0.001222, setup 0.00)

yes = 10, no = 10, maybe = 7180

Computing remaining probabilities...
Engine: Sparse

Building sparse matrix (FOR POLICY ITERASION)... [n=7200, nc=28720, nnz=64310330, k=4] [736.1 MB]
Creating vector for yes...[56.2 KB]
Allocating iteration vectors... [2 x 56.2 KB]
TOTAL: [736.3 MB]

Starting iterations...
Iteration 404: max relative diff=0.003645, 5.97 sec so far
Iteration 808: max relative diff=0.000523, 11.90 sec so far
Iteration 1212: max relative diff=0.000153, 17.81 sec so far
Iteration 1616: max relative diff=0.000032, 23.70 sec so far
Iteration 2020: max relative diff=0.000034, 29.57 sec so far
Iteration 2424: max relative diff=0.000012, 35.44 sec so far
Iteration 2828: max relative diff=0.000004, 41.31 sec so far
Iteration 3232: max relative diff=0.000001, 47.19 sec so far
Iteration 3636: max relative diff=0.000001, 53.08 sec so far
Iteration 4040: max relative diff=0.000000, 59.24 sec so far
Iteration 4444: max relative diff=0.000000, 65.27 sec so far
Iteration 4848: max relative diff=0.000000, 71.28 sec so far
Iteration 5252: max relative diff=0.000000, 77.42 sec so far
Iteration 5656: max relative diff=0.000000, 83.59 sec so far
Iteration 6054: max relative diff=0.000000, 89.55 sec so far

Iterative method: 6054 iterations in 89.55 seconds (average 0.014792, setup 5.51)

Value in the initial state: 0.8166328825299265

Time for model checking: 95.279 seconds.

Result: 0.8166328825299265 (value in the initial state)

