PRISM
=====

Version: 4.4.dev
Date: Mon May 21 03:20:57 IRDT 2018
Hostname: sadegh-H81M-S2PH
Memory limits: cudd=1g, java(heap)=2.1g
Command line: prism dns181.nm dns.pctl -s -improvedmodpoliter2 -maxiters 90050 -epsilon 1e-8 -javamaxmem 2400m

Parsing model file "dns181.nm"...

Parsing properties file "dns.pctl"...

1 property:
(1) Pmax=? [ "pp" U "qq" ]

Type:        MDP
Modules:     m1 m2 m3 
Variables:   s1 s2 s3 

---------------------------------------------------------------------

Model checking: Pmax=? [ "pp" U "qq" ]

Building model...

Computing reachable states...

Reachability (BFS): 4 iterations in 0.00 seconds (average 0.000500, setup 0.00)

Time for model construction: 7.647 seconds.

Type:        MDP
States:      12000 (1 initial)
Transitions: 18804240
Choices:     24000

Transition matrix: 11445599 nodes (359321 terminal), 18804240 minterms, vars: 15r/15c/2nd

Prob0A: 3 iterations in 0.01 seconds (average 0.003667, setup 0.00)

Prob1E: 11 iterations in 0.01 seconds (average 0.001364, setup 0.00)

yes = 10, no = 45, maybe = 11945

Computing remaining probabilities...
Engine: Sparse

Building sparse matrix (FOR POLICY ITERASION)... [n=12000, nc=23890, nnz=18723690, k=2] [214.4 MB]
Creating vector for yes...[93.8 KB]
Allocating iteration vectors... [2 x 93.8 KB]
TOTAL: [214.7 MB]

Starting iterations...
Iteration 1313: max relative diff=0.000102, 5.19 sec so far
Iteration 2626: max relative diff=0.000003, 10.35 sec so far
Iteration 3838: max relative diff=0.000000, 15.56 sec so far

Iterative method: 4242 iterations in 17.30 seconds (average 0.004079, setup 3.07)


Number of scallar multiplications: 16880M 

Value in the initial state: 0.35610854814173376

Time for model checking: 20.474 seconds.

Result: 0.35610854814173376 (value in the initial state)

