PRISM
=====

Version: 4.4.dev
Date: Mon May 21 03:18:52 IRDT 2018
Hostname: sadegh-H81M-S2PH
Memory limits: cudd=1g, java(heap)=2.1g
Command line: prism dns180.nm dns.pctl -s -improvedmodpoliter -maxiters 90050 -epsilon 1e-8 -javamaxmem 2400m

Parsing model file "dns180.nm"...

Parsing properties file "dns.pctl"...

1 property:
(1) Pmax=? [ "pp" U "qq" ]

Type:        MDP
Modules:     m1 m2 m3 
Variables:   s1 s2 s3 

---------------------------------------------------------------------

Model checking: Pmax=? [ "pp" U "qq" ]

Building model...

Computing reachable states...

Reachability (BFS): 3 iterations in 0.01 seconds (average 0.001667, setup 0.00)

Time for model construction: 18.514 seconds.

Type:        MDP
States:      9600 (1 initial)
Transitions: 39817360
Choices:     38400

Transition matrix: 19656616 nodes (519544 terminal), 39817360 minterms, vars: 15r/15c/4nd

Prob0A: 3 iterations in 0.01 seconds (average 0.002333, setup 0.00)

Prob1E: 4 iterations in 0.00 seconds (average 0.000750, setup 0.00)

yes = 10, no = 55, maybe = 9535

Computing remaining probabilities...
Engine: Sparse

Building sparse matrix (FOR POLICY ITERASION)... [n=9600, nc=38140, nnz=39547950, k=4] [452.8 MB]
Creating vector for yes...[75.0 KB]
Allocating iteration vectors... [2 x 75.0 KB]
TOTAL: [453.0 MB]

Starting iterations...
Iteration 612: max relative diff=0.000347, 5.37 sec so far
Iteration 1224: max relative diff=0.000002, 10.68 sec so far
Iteration 1836: max relative diff=0.000000, 15.98 sec so far

Iterative method: 1836 iterations in 15.98 seconds (average 0.008706, setup 6.11)

Value in the initial state: 0.3165077948116649

Time for model checking: 22.286 seconds.

Result: 0.3165077948116649 (value in the initial state)

