PRISM
=====

Version: 4.4.dev
Date: Sun May 20 18:11:16 IRDT 2018
Hostname: sadegh-H81M-S2PH
Memory limits: cudd=1g, java(heap)=2.1g
Command line: prism dns72.nm dns.pctl -s -modpoliter -maxiters 90050 -epsilon 1e-8 -javamaxmem 2400m

Parsing model file "dns72.nm"...

Parsing properties file "dns.pctl"...

1 property:
(1) Pmax=? [ "pp" U "qq" ]

Type:        MDP
Modules:     m1 m2 m3 
Variables:   s1 s2 s3 

---------------------------------------------------------------------

Model checking: Pmax=? [ "pp" U "qq" ]

Building model...

Computing reachable states...

Reachability (BFS): 2 iterations in 0.00 seconds (average 0.001000, setup 0.00)

Time for model construction: 18.02 seconds.

Type:        MDP
States:      8000 (1 initial)
Transitions: 220153013
Choices:     48000

Transition matrix: 19420336 nodes (353760 terminal), 220153013 minterms, vars: 15r/15c/6nd

Prob0A: 2 iterations in 0.00 seconds (average 0.001500, setup 0.00)

Prob1E: 4 iterations in 0.00 seconds (average 0.000500, setup 0.00)

yes = 10, no = 45, maybe = 7945

Computing remaining probabilities...
Engine: Sparse

Building sparse matrix (FOR POLICY ITERASION)... [n=8000, nc=47670, nnz=218646042, k=6] [2.4 GB]
Creating vector for yes...[62.5 KB]
Allocating iteration vectors... [2 x 62.5 KB]
TOTAL: [2.4 GB]

Starting iterations...
Iteration 202: max relative diff=0.010137, 8.05 sec so far
Iteration 404: max relative diff=0.000457, 16.03 sec so far
Iteration 606: max relative diff=0.000011, 24.03 sec so far
Iteration 808: max relative diff=0.000001, 32.03 sec so far
Iteration 1010: max relative diff=0.000000, 40.02 sec so far

Iterative method: 1022 iterations in 40.64 seconds (average 0.039761, setup 15.04)

Value in the initial state: 0.3209023522234276

Time for model checking: 56.328 seconds.

Result: 0.3209023522234276 (value in the initial state)

