PRISM
=====

Version: 4.4.dev
Date: Tue Jun 19 17:54:02 IRDT 2018
Hostname: sadegh-H81M-S2PH
Memory limits: cudd=1g, java(heap)=2.1g
Command line: prism dns189.nm dns.pctl -s -bucketvaliter2 -maxiters 90050 -javamaxmem 2400m

Parsing model file "dns189.nm"...

Parsing properties file "dns.pctl"...

1 property:
(1) Pmax=? [ "pp" U "qq" ]

Type:        MDP
Modules:     m1 m2 m3 
Variables:   s1 s2 s3 

---------------------------------------------------------------------

Model checking: Pmax=? [ "pp" U "qq" ]

Building model...

Computing reachable states...

Reachability (BFS): 4 iterations in 0.01 seconds (average 0.001250, setup 0.00)

Time for model construction: 5.081 seconds.

Type:        MDP
States:      9600 (1 initial)
Transitions: 9002296
Choices:     19200

Transition matrix: 6544148 nodes (419064 terminal), 9002296 minterms, vars: 15r/15c/2nd

Prob0A: 3 iterations in 0.01 seconds (average 0.001667, setup 0.00)

Prob1E: 4 iterations in 0.00 seconds (average 0.000750, setup 0.00)

yes = 10, no = 91, maybe = 9499

Computing remaining probabilities...
Engine: Sparse

Building sparse matrix(FOR GS)... [n=9600, nc=18998, nnz=8904924, k=2] [102.0 MB]
Creating vector for yes...[75.0 KB]
Allocating iteration vectors... [2 x 75.0 KB]
TOTAL: [102.2 MB]

Starting iterations...

Iterative method: 4649113 iterations in 36.75 seconds (average 0.000008, setup 2.02)

Value in the initial state: 0.2825683826611186

Time for model checking: 43.433 seconds.

Result: 0.2825683826611186 (value in the initial state)

