PRISM
=====

Version: 4.4.dev
Date: Sun May 20 20:08:59 IRDT 2018
Hostname: sadegh-H81M-S2PH
Memory limits: cudd=1g, java(heap)=2.1g
Command line: prism dns89.nm dns.pctl -s -improvedmodpoliter2 -maxiters 90050 -epsilon 1e-8 -javamaxmem 2400m

Parsing model file "dns89.nm"...

Parsing properties file "dns.pctl"...

1 property:
(1) Pmax=? [ "pp" U "qq" ]

Type:        MDP
Modules:     m1 m2 m3 
Variables:   s1 s2 s3 

---------------------------------------------------------------------

Model checking: Pmax=? [ "pp" U "qq" ]

Building model...

Computing reachable states...

Reachability (BFS): 3 iterations in 0.00 seconds (average 0.001000, setup 0.00)

Time for model construction: 10.574 seconds.

Type:        MDP
States:      6400 (1 initial)
Transitions: 121114971
Choices:     38400

Transition matrix: 14521556 nodes (733273 terminal), 121114971 minterms, vars: 14r/14c/6nd

Prob0A: 2 iterations in 0.00 seconds (average 0.002000, setup 0.00)

Prob1E: 4 iterations in 0.00 seconds (average 0.000500, setup 0.00)

yes = 10, no = 28, maybe = 6362

Computing remaining probabilities...
Engine: Sparse

Building sparse matrix (FOR POLICY ITERASION)... [n=6400, nc=38172, nnz=120392789, k=6] [1.3 GB]
Creating vector for yes...[50.0 KB]
Allocating iteration vectors... [2 x 50.0 KB]
TOTAL: [1.3 GB]

Starting iterations...
Iteration 707: max relative diff=0.000295, 5.59 sec so far
Iteration 1414: max relative diff=0.000002, 11.08 sec so far
Iteration 2121: max relative diff=0.000000, 16.84 sec so far

Iterative method: 2279 iterations in 18.23 seconds (average 0.007998, setup 8.46)


Number of scallar multiplications: 17926M 

Value in the initial state: 0.5968937645383259

Time for model checking: 27.151 seconds.

Result: 0.5968937645383259 (value in the initial state)

