PRISM
=====

Version: 4.4.dev
Date: Tue Jun 19 12:13:08 IRDT 2018
Hostname: sadegh-H81M-S2PH
Memory limits: cudd=1g, java(heap)=2.1g
Command line: prism dns157.nm dns.pctl -s -gs -maxiters 90050 -epsilon 1e-6 -javamaxmem 2400m

Parsing model file "dns157.nm"...

Parsing properties file "dns.pctl"...

1 property:
(1) Pmax=? [ "pp" U "qq" ]

Type:        MDP
Modules:     m1 m2 m3 
Variables:   s1 s2 s3 

---------------------------------------------------------------------

Model checking: Pmax=? [ "pp" U "qq" ]

Building model...

Computing reachable states...

Reachability (BFS): 3 iterations in 0.01 seconds (average 0.002667, setup 0.00)

Time for model construction: 24.672 seconds.

Type:        MDP
States:      8800 (1 initial)
Transitions: 68207500
Choices:     35200

Transition matrix: 19969721 nodes (481460 terminal), 68207500 minterms, vars: 15r/15c/4nd

Prob0A: 3 iterations in 0.01 seconds (average 0.002000, setup 0.00)

Prob1E: 4 iterations in 0.00 seconds (average 0.001000, setup 0.00)

yes = 10, no = 91, maybe = 8699

Computing remaining probabilities...
Engine: Sparse

Building sparse matrix(FOR GS)... [n=8800, nc=34796, nnz=67424739, k=4] [771.8 MB]
Creating vector for yes...[68.8 KB]
Allocating iteration vectors... [2 x 68.8 KB]
TOTAL: [772.0 MB]

Starting iterations...
Iteration 45: max relative diff=0.011633, 5.08 sec so far
Iteration 90: max relative diff=0.003015, 10.16 sec so far
Iteration 135: max relative diff=0.001025, 15.24 sec so far
Iteration 180: max relative diff=0.000378, 20.31 sec so far
Iteration 225: max relative diff=0.000144, 25.39 sec so far
Iteration 270: max relative diff=0.000055, 30.47 sec so far
Iteration 315: max relative diff=0.000021, 35.55 sec so far
Iteration 360: max relative diff=0.000008, 40.64 sec so far
Iteration 405: max relative diff=0.000003, 45.72 sec so far
Iteration 450: max relative diff=0.000001, 50.80 sec so far

Iterative method: 460 iterations in 51.93 seconds (average 0.112896, setup 11.82)

Value in the initial state: 0.21599378082685114

Time for model checking: 64.201 seconds.

Result: 0.21599378082685114 (value in the initial state)

