PRISM
=====

Version: 4.4.dev
Date: Sun May 20 19:52:54 IRDT 2018
Hostname: sadegh-H81M-S2PH
Memory limits: cudd=1g, java(heap)=2.1g
Command line: prism dns85.nm dns.pctl -s -explicitmodpoliter -maxiters 90050 -epsilon 1e-8 -javamaxmem 2400m

Parsing model file "dns85.nm"...

Parsing properties file "dns.pctl"...

1 property:
(1) Pmax=? [ "pp" U "qq" ]

Type:        MDP
Modules:     m1 m2 m3 
Variables:   s1 s2 s3 

---------------------------------------------------------------------

Model checking: Pmax=? [ "pp" U "qq" ]

Building model...

Computing reachable states...

Reachability (BFS): 3 iterations in 0.00 seconds (average 0.000667, setup 0.00)

Time for model construction: 8.028 seconds.

Type:        MDP
States:      9200 (1 initial)
Transitions: 83807756
Choices:     18400

Transition matrix: 9360497 nodes (292100 terminal), 83807756 minterms, vars: 15r/15c/2nd

Prob0A: 2 iterations in 0.00 seconds (average 0.001000, setup 0.00)

Prob1E: 4 iterations in 0.00 seconds (average 0.000250, setup 0.00)

yes = 10, no = 78, maybe = 9112

Computing remaining probabilities...
Engine: Sparse

Building sparse matrix (FOR POLICY ITERASION)... [n=9200, nc=18224, nnz=83002372, k=2] [950.0 MB]
Creating vector for yes...[71.9 KB]
Allocating iteration vectors... [2 x 71.9 KB]
TOTAL: [950.2 MB]

Starting iterations...
Iteration 202: max relative diff=0.017165, 7.62 sec so far
Iteration 404: max relative diff=0.000375, 15.30 sec so far
Iteration 606: max relative diff=0.000007, 23.00 sec so far
Iteration 808: max relative diff=0.000000, 30.69 sec so far

Iterative method: 868 iterations in 33.02 seconds (average 0.038045, setup 6.83)

Value in the initial state: 0.22642546577933256

Time for model checking: 40.241 seconds.

Result: 0.22642546577933256 (value in the initial state)

