PRISM
=====

Version: 4.4.dev
Date: Mon May 21 02:57:36 IRDT 2018
Hostname: sadegh-H81M-S2PH
Memory limits: cudd=1g, java(heap)=2.1g
Command line: prism dns173.nm dns.pctl -s -modpoliter -maxiters 90050 -epsilon 1e-8 -javamaxmem 2400m

Parsing model file "dns173.nm"...

Parsing properties file "dns.pctl"...

1 property:
(1) Pmax=? [ "pp" U "qq" ]

Type:        MDP
Modules:     m1 m2 m3 
Variables:   s1 s2 s3 

---------------------------------------------------------------------

Model checking: Pmax=? [ "pp" U "qq" ]

Building model...

Computing reachable states...

Reachability (BFS): 3 iterations in 0.01 seconds (average 0.001667, setup 0.00)

Time for model construction: 6.895 seconds.

Type:        MDP
States:      6400 (1 initial)
Transitions: 17594139
Choices:     25600

Transition matrix: 9294567 nodes (736006 terminal), 17594139 minterms, vars: 14r/14c/4nd

Prob0A: 3 iterations in 0.01 seconds (average 0.002667, setup 0.00)

Prob1E: 4 iterations in 0.00 seconds (average 0.000250, setup 0.00)

yes = 10, no = 21, maybe = 6369

Computing remaining probabilities...
Engine: Sparse

Building sparse matrix (FOR POLICY ITERASION)... [n=6400, nc=25476, nnz=17509239, k=4] [200.5 MB]
Creating vector for yes...[50.0 KB]
Allocating iteration vectors... [2 x 50.0 KB]
TOTAL: [200.6 MB]

Starting iterations...
Iteration 1010: max relative diff=0.000711, 5.18 sec so far
Iteration 2020: max relative diff=0.000054, 10.35 sec so far
Iteration 3030: max relative diff=0.000009, 15.51 sec so far
Iteration 4040: max relative diff=0.000002, 20.67 sec so far
Iteration 5050: max relative diff=0.000001, 25.83 sec so far
Iteration 6060: max relative diff=0.000000, 30.99 sec so far
Iteration 7070: max relative diff=0.000000, 36.14 sec so far
Iteration 8080: max relative diff=0.000000, 41.29 sec so far

Iterative method: 8519 iterations in 43.54 seconds (average 0.005111, setup 2.77)

Value in the initial state: 0.8199607315326355

Time for model checking: 46.361 seconds.

Result: 0.8199607315326355 (value in the initial state)

