PRISM
=====

Version: 4.4.dev
Date: Mon May 21 02:55:57 IRDT 2018
Hostname: sadegh-H81M-S2PH
Memory limits: cudd=1g, java(heap)=2.1g
Command line: prism dns172.nm dns.pctl -s -modpoliter -maxiters 90050 -epsilon 1e-8 -javamaxmem 2400m

Parsing model file "dns172.nm"...

Parsing properties file "dns.pctl"...

1 property:
(1) Pmax=? [ "pp" U "qq" ]

Type:        MDP
Modules:     m1 m2 m3 
Variables:   s1 s2 s3 

---------------------------------------------------------------------

Model checking: Pmax=? [ "pp" U "qq" ]

Building model...

Computing reachable states...

Reachability (BFS): 3 iterations in 0.00 seconds (average 0.001000, setup 0.00)

Time for model construction: 9.461 seconds.

Type:        MDP
States:      8400 (1 initial)
Transitions: 23050718
Choices:     25200

Transition matrix: 12278622 nodes (573276 terminal), 23050718 minterms, vars: 15r/15c/3nd

Prob0A: 3 iterations in 0.01 seconds (average 0.002667, setup 0.00)

Prob1E: 4 iterations in 0.00 seconds (average 0.000250, setup 0.00)

yes = 10, no = 66, maybe = 8324

Computing remaining probabilities...
Engine: Sparse

Building sparse matrix (FOR POLICY ITERASION)... [n=8400, nc=24972, nnz=22848428, k=3] [261.6 MB]
Creating vector for yes...[65.6 KB]
Allocating iteration vectors... [2 x 65.6 KB]
TOTAL: [261.8 MB]

Starting iterations...
Iteration 606: max relative diff=0.000167, 5.30 sec so far
Iteration 1212: max relative diff=0.000000, 10.64 sec so far

Iterative method: 1224 iterations in 10.76 seconds (average 0.008791, setup 3.85)

Value in the initial state: 0.33363972994998387

Time for model checking: 14.687 seconds.

Result: 0.33363972994998387 (value in the initial state)

