PRISM
=====

Version: 4.4.dev
Date: Mon May 21 01:22:16 IRDT 2018
Hostname: sadegh-H81M-S2PH
Memory limits: cudd=1g, java(heap)=2.1g
Command line: prism dns151.nm dns.pctl -s -improvedmodpoliter2 -maxiters 90050 -epsilon 1e-8 -javamaxmem 2400m

Parsing model file "dns151.nm"...

Parsing properties file "dns.pctl"...

1 property:
(1) Pmax=? [ "pp" U "qq" ]

Type:        MDP
Modules:     m1 m2 m3 
Variables:   s1 s2 s3 

---------------------------------------------------------------------

Model checking: Pmax=? [ "pp" U "qq" ]

Building model...

Computing reachable states...

Reachability (BFS): 3 iterations in 0.01 seconds (average 0.002000, setup 0.00)

Time for model construction: 19.084 seconds.

Type:        MDP
States:      9200 (1 initial)
Transitions: 70132550
Choices:     36800

Transition matrix: 20812975 nodes (604660 terminal), 70132550 minterms, vars: 15r/15c/4nd

Prob0A: 2 iterations in 0.01 seconds (average 0.004500, setup 0.00)

Prob1E: 4 iterations in 0.00 seconds (average 0.000750, setup 0.00)

yes = 10, no = 120, maybe = 9070

Computing remaining probabilities...
Engine: Sparse

Building sparse matrix (FOR POLICY ITERASION)... [n=9200, nc=36280, nnz=69185050, k=4] [791.9 MB]
Creating vector for yes...[71.9 KB]
Allocating iteration vectors... [2 x 71.9 KB]
TOTAL: [792.1 MB]

Starting iterations...
Iteration 707: max relative diff=0.000001, 5.12 sec so far

Iterative method: 890 iterations in 6.57 seconds (average 0.007379, setup 8.81)


Number of scallar multiplications: 6495M 

Value in the initial state: 0.2873612659929655

Time for model checking: 15.699 seconds.

Result: 0.2873612659929655 (value in the initial state)

