PRISM
=====

Version: 4.4.dev
Date: Sun May 20 22:59:56 IRDT 2018
Hostname: sadegh-H81M-S2PH
Memory limits: cudd=1g, java(heap)=2.1g
Command line: prism dns115.nm dns.pctl -s -improvedmodpoliter -maxiters 90050 -epsilon 1e-8 -javamaxmem 2400m

Parsing model file "dns115.nm"...

Parsing properties file "dns.pctl"...

1 property:
(1) Pmax=? [ "pp" U "qq" ]

Type:        MDP
Modules:     m1 m2 m3 
Variables:   s1 s2 s3 

---------------------------------------------------------------------

Model checking: Pmax=? [ "pp" U "qq" ]

Building model...

Computing reachable states...

Reachability (BFS): 3 iterations in 0.00 seconds (average 0.001000, setup 0.00)

Time for model construction: 8.635 seconds.

Type:        MDP
States:      8000 (1 initial)
Transitions: 79877781
Choices:     24000

Transition matrix: 11042896 nodes (321372 terminal), 79877781 minterms, vars: 15r/15c/3nd

Prob0A: 3 iterations in 0.00 seconds (average 0.000667, setup 0.00)

Prob1E: 4 iterations in 0.00 seconds (average 0.000250, setup 0.00)

yes = 10, no = 10, maybe = 7980

Computing remaining probabilities...
Engine: Sparse

Building sparse matrix (FOR POLICY ITERASION)... [n=8000, nc=23940, nnz=79664975, k=3] [911.8 MB]
Creating vector for yes...[62.5 KB]
Allocating iteration vectors... [2 x 62.5 KB]
TOTAL: [912.0 MB]

Starting iterations...
Iteration 306: max relative diff=0.005021, 7.45 sec so far
Iteration 510: max relative diff=0.001395, 12.57 sec so far
Iteration 714: max relative diff=0.000226, 17.70 sec so far
Iteration 918: max relative diff=0.000076, 22.83 sec so far
Iteration 1122: max relative diff=0.000024, 27.96 sec so far
Iteration 1326: max relative diff=0.000006, 33.10 sec so far
Iteration 1530: max relative diff=0.000001, 38.23 sec so far
Iteration 1734: max relative diff=0.000000, 43.37 sec so far
Iteration 1938: max relative diff=0.000000, 48.51 sec so far
Iteration 2142: max relative diff=0.000000, 53.65 sec so far
Iteration 2346: max relative diff=0.000000, 59.07 sec so far
Iteration 2550: max relative diff=0.000000, 64.32 sec so far

Iterative method: 2550 iterations in 64.32 seconds (average 0.025224, setup 5.61)

Value in the initial state: 0.6573410134410996

Time for model checking: 70.274 seconds.

Result: 0.6573410134410996 (value in the initial state)

