PRISM
=====

Version: 4.4.dev
Date: Sun May 20 13:18:43 IRDT 2018
Hostname: sadegh-H81M-S2PH
Memory limits: cudd=1g, java(heap)=2.1g
Command line: prism dns37.nm dns.pctl -s -improvedmodpoliter -maxiters 90050 -epsilon 1e-8 -javamaxmem 2400m

Parsing model file "dns37.nm"...

Parsing properties file "dns.pctl"...

1 property:
(1) Pmax=? [ "pp" U "qq" ]

Type:        MDP
Modules:     m1 m2 m3 
Variables:   s1 s2 s3 

---------------------------------------------------------------------

Model checking: Pmax=? [ "pp" U "qq" ]

Building model...

Computing reachable states...

Reachability (BFS): 3 iterations in 0.00 seconds (average 0.000333, setup 0.00)

Time for model construction: 11.274 seconds.

Type:        MDP
States:      8000 (1 initial)
Transitions: 260109040
Choices:     40000

Transition matrix: 14624219 nodes (277218 terminal), 260109040 minterms, vars: 15r/15c/5nd

Prob0A: 2 iterations in 0.00 seconds (average 0.001500, setup 0.00)

Prob1E: 4 iterations in 0.00 seconds (average 0.000500, setup 0.00)

yes = 10, no = 21, maybe = 7969

Computing remaining probabilities...
Engine: Sparse

Building sparse matrix (FOR POLICY ITERASION)... [n=8000, nc=39845, nnz=259108603, k=5] [2.9 GB]
Creating vector for yes...[62.5 KB]
Allocating iteration vectors... [2 x 62.5 KB]
TOTAL: [2.9 GB]

Starting iterations...
Iteration 102: max relative diff=0.062415, 5.02 sec so far
Iteration 204: max relative diff=0.008641, 10.16 sec so far
Iteration 306: max relative diff=0.002670, 15.29 sec so far
Iteration 408: max relative diff=0.000966, 20.42 sec so far
Iteration 510: max relative diff=0.000437, 25.55 sec so far
Iteration 612: max relative diff=0.000158, 30.67 sec so far
Iteration 714: max relative diff=0.000062, 35.78 sec so far
Iteration 816: max relative diff=0.000022, 40.90 sec so far
Iteration 918: max relative diff=0.000008, 46.01 sec so far
Iteration 1020: max relative diff=0.000003, 51.12 sec so far
Iteration 1122: max relative diff=0.000001, 56.52 sec so far
Iteration 1224: max relative diff=0.000000, 61.79 sec so far
Iteration 1326: max relative diff=0.000000, 67.02 sec so far
Iteration 1428: max relative diff=0.000000, 72.59 sec so far
Iteration 1530: max relative diff=0.000000, 77.96 sec so far
Iteration 1632: max relative diff=0.000000, 83.46 sec so far

Iterative method: 1720 iterations in 88.05 seconds (average 0.051190, setup 14.22)

Value in the initial state: 0.44880214204012675

Time for model checking: 103.302 seconds.

Result: 0.44880214204012675 (value in the initial state)

