PRISM
=====

Version: 4.4.dev
Date: Sun May 20 23:09:51 IRDT 2018
Hostname: sadegh-H81M-S2PH
Memory limits: cudd=1g, java(heap)=2.1g
Command line: prism dns119.nm dns.pctl -s -explicitmodpoliter -maxiters 90050 -epsilon 1e-8 -javamaxmem 2400m

Parsing model file "dns119.nm"...

Parsing properties file "dns.pctl"...

1 property:
(1) Pmax=? [ "pp" U "qq" ]

Type:        MDP
Modules:     m1 m2 m3 
Variables:   s1 s2 s3 

---------------------------------------------------------------------

Model checking: Pmax=? [ "pp" U "qq" ]

Building model...

Computing reachable states...

Reachability (BFS): 3 iterations in 0.01 seconds (average 0.003333, setup 0.00)

Time for model construction: 17.333 seconds.

Type:        MDP
States:      7600 (1 initial)
Transitions: 144123567
Choices:     45600

Transition matrix: 19181746 nodes (376223 terminal), 144123567 minterms, vars: 15r/15c/6nd

Prob0A: 2 iterations in 0.03 seconds (average 0.016500, setup 0.00)

Prob1E: 4 iterations in 0.03 seconds (average 0.006500, setup 0.00)

yes = 10, no = 120, maybe = 7470

Computing remaining probabilities...
Engine: Sparse

Building sparse matrix (FOR POLICY ITERASION)... [n=7600, nc=44820, nnz=141650282, k=6] [1.6 GB]
Creating vector for yes...[59.4 KB]
Allocating iteration vectors... [2 x 59.4 KB]
TOTAL: [1.6 GB]

Starting iterations...
Iteration 303: max relative diff=0.001498, 6.79 sec so far
Iteration 527: max relative diff=0.000000, 12.00 sec so far

Iterative method: 527 iterations in 12.00 seconds (average 0.022769, setup 15.70)

Value in the initial state: 0.18372873689255945

Time for model checking: 28.313 seconds.

Result: 0.18372873689255945 (value in the initial state)

