PRISM
=====

Version: 4.4.dev
Date: Mon May 21 04:01:24 IRDT 2018
Hostname: sadegh-H81M-S2PH
Memory limits: cudd=1g, java(heap)=2.1g
Command line: prism dns197.nm dns.pctl -s -modpoliter -maxiters 90050 -epsilon 1e-8 -javamaxmem 2400m

Parsing model file "dns197.nm"...

Parsing properties file "dns.pctl"...

1 property:
(1) Pmax=? [ "pp" U "qq" ]

Type:        MDP
Modules:     m1 m2 m3 
Variables:   s1 s2 s3 

---------------------------------------------------------------------

Model checking: Pmax=? [ "pp" U "qq" ]

Building model...

Computing reachable states...

Reachability (BFS): 4 iterations in 0.01 seconds (average 0.001250, setup 0.00)

Time for model construction: 9.097 seconds.

Type:        MDP
States:      12000 (1 initial)
Transitions: 14514574
Choices:     60000

Transition matrix: 13544753 nodes (564808 terminal), 14514574 minterms, vars: 15r/15c/5nd

Prob0A: 3 iterations in 0.01 seconds (average 0.003667, setup 0.00)

Prob1E: 4 iterations in 0.00 seconds (average 0.000750, setup 0.00)

yes = 10, no = 105, maybe = 11885

Computing remaining probabilities...
Engine: Sparse

Building sparse matrix (FOR POLICY ITERASION)... [n=12000, nc=59425, nnz=14378584, k=5] [164.8 MB]
Creating vector for yes...[93.8 KB]
Allocating iteration vectors... [2 x 93.8 KB]
TOTAL: [165.1 MB]

Starting iterations...
Iteration 1212: max relative diff=0.000303, 5.21 sec so far
Iteration 2424: max relative diff=0.000006, 10.35 sec so far
Iteration 3636: max relative diff=0.000000, 15.50 sec so far
Iteration 4848: max relative diff=0.000000, 20.64 sec so far

Iterative method: 5506 iterations in 23.45 seconds (average 0.004258, setup 3.33)

Value in the initial state: 0.7176512553867994

Time for model checking: 26.823 seconds.

Result: 0.7176512553867994 (value in the initial state)

