PRISM
=====

Version: 4.4.dev
Date: Mon Jun 18 02:24:50 IRDT 2018
Hostname: sadegh-H81M-S2PH
Memory limits: cudd=1g, java(heap)=2.1g
Command line: prism dns96.nm dns.pctl -s -gs -maxiters 90050 -epsilon 1e-6 -javamaxmem 2400m

Parsing model file "dns96.nm"...

Parsing properties file "dns.pctl"...

1 property:
(1) Pmax=? [ "pp" U "qq" ]

Type:        MDP
Modules:     m1 m2 m3 
Variables:   s1 s2 s3 

---------------------------------------------------------------------

Model checking: Pmax=? [ "pp" U "qq" ]

Building model...

Computing reachable states...

Reachability (BFS): 3 iterations in 0.00 seconds (average 0.000667, setup 0.00)

Time for model construction: 7.578 seconds.

Type:        MDP
States:      8000 (1 initial)
Transitions: 63521370
Choices:     16000

Transition matrix: 7334266 nodes (288292 terminal), 63521370 minterms, vars: 15r/15c/2nd

Prob0A: 3 iterations in 0.01 seconds (average 0.002333, setup 0.00)

Prob1E: 4 iterations in 0.00 seconds (average 0.000250, setup 0.00)

yes = 10, no = 55, maybe = 7935

Computing remaining probabilities...
Engine: Sparse

Building sparse matrix(FOR GS)... [n=8000, nc=15870, nnz=63000045, k=2] [721.1 MB]
Creating vector for yes...[62.5 KB]
Allocating iteration vectors... [2 x 62.5 KB]
TOTAL: [721.3 MB]

Starting iterations...
Iteration 47: max relative diff=0.012762, 5.00 sec so far
Iteration 95: max relative diff=0.003349, 10.03 sec so far
Iteration 143: max relative diff=0.001140, 15.06 sec so far
Iteration 191: max relative diff=0.000419, 20.09 sec so far
Iteration 239: max relative diff=0.000158, 25.11 sec so far
Iteration 287: max relative diff=0.000060, 30.14 sec so far
Iteration 335: max relative diff=0.000023, 35.17 sec so far
Iteration 383: max relative diff=0.000009, 40.20 sec so far
Iteration 431: max relative diff=0.000003, 45.24 sec so far
Iteration 479: max relative diff=0.000001, 50.27 sec so far

Iterative method: 492 iterations in 51.63 seconds (average 0.104941, setup 6.67)

Value in the initial state: 0.25033997105148587

Time for model checking: 58.617 seconds.

Result: 0.25033997105148587 (value in the initial state)

