PRISM
=====

Version: 4.4.dev
Date: Sun Jun 17 18:45:55 IRDT 2018
Hostname: sadegh-H81M-S2PH
Memory limits: cudd=1g, java(heap)=2.1g
Command line: prism dns71.nm dns.pctl -s -bucketvaliter2 -maxiters 90050 -javamaxmem 2400m

Parsing model file "dns71.nm"...

Parsing properties file "dns.pctl"...

1 property:
(1) Pmax=? [ "pp" U "qq" ]

Type:        MDP
Modules:     m1 m2 m3 
Variables:   s1 s2 s3 

---------------------------------------------------------------------

Model checking: Pmax=? [ "pp" U "qq" ]

Building model...

Computing reachable states...

Reachability (BFS): 3 iterations in 0.01 seconds (average 0.001667, setup 0.00)

Time for model construction: 14.414 seconds.

Type:        MDP
States:      9600 (1 initial)
Transitions: 163804640
Choices:     28800

Transition matrix: 13539008 nodes (267916 terminal), 163804640 minterms, vars: 15r/15c/3nd

Prob0A: 2 iterations in 0.00 seconds (average 0.002000, setup 0.00)

Prob1E: 4 iterations in 0.00 seconds (average 0.000750, setup 0.00)

yes = 10, no = 45, maybe = 9545

Computing remaining probabilities...
Engine: Sparse

Building sparse matrix(FOR GS)... [n=9600, nc=28635, nnz=162857814, k=3] [1.8 GB]
Creating vector for yes...[75.0 KB]
Allocating iteration vectors... [2 x 75.0 KB]
TOTAL: [1.8 GB]

Starting iterations...

Iterative method: 4507353 iterations in 848.22 seconds (average 0.000188, setup 16.39)

Value in the initial state: 0.297595973973859

Time for model checking: 874.641 seconds.

Result: 0.297595973973859 (value in the initial state)

