PRISM
=====

Version: 4.4.dev
Date: Sun Jun 17 12:33:03 IRDT 2018
Hostname: sadegh-H81M-S2PH
Memory limits: cudd=1g, java(heap)=2.1g
Command line: prism dns52.nm dns.pctl -s -gs -maxiters 90050 -epsilon 1e-6 -javamaxmem 2400m

Parsing model file "dns52.nm"...

Parsing properties file "dns.pctl"...

1 property:
(1) Pmax=? [ "pp" U "qq" ]

Type:        MDP
Modules:     m1 m2 m3 
Variables:   s1 s2 s3 

---------------------------------------------------------------------

Model checking: Pmax=? [ "pp" U "qq" ]

Building model...

Computing reachable states...

Reachability (BFS): 3 iterations in 0.00 seconds (average 0.000667, setup 0.00)

Time for model construction: 11.175 seconds.

Type:        MDP
States:      7200 (1 initial)
Transitions: 144217611
Choices:     28800

Transition matrix: 10862359 nodes (305610 terminal), 144217611 minterms, vars: 15r/15c/4nd

Prob0A: 2 iterations in 0.00 seconds (average 0.001500, setup 0.00)

Prob1E: 4 iterations in 0.00 seconds (average 0.000500, setup 0.00)

yes = 10, no = 15, maybe = 7175

Computing remaining probabilities...
Engine: Sparse

Building sparse matrix(FOR GS)... [n=7200, nc=28700, nnz=143696842, k=4] [1.6 GB]
Creating vector for yes...[56.2 KB]
Allocating iteration vectors... [2 x 56.2 KB]
TOTAL: [1.6 GB]

Starting iterations...
Iteration 21: max relative diff=0.044478, 5.01 sec so far
Iteration 42: max relative diff=0.018970, 10.04 sec so far
Iteration 63: max relative diff=0.010983, 15.06 sec so far
Iteration 84: max relative diff=0.007188, 20.08 sec so far
Iteration 105: max relative diff=0.005039, 25.10 sec so far
Iteration 126: max relative diff=0.003696, 30.13 sec so far
Iteration 147: max relative diff=0.002801, 35.16 sec so far
Iteration 168: max relative diff=0.002173, 40.18 sec so far
Iteration 189: max relative diff=0.001718, 45.21 sec so far
Iteration 210: max relative diff=0.001378, 50.23 sec so far
Iteration 231: max relative diff=0.001118, 55.25 sec so far
Iteration 252: max relative diff=0.000916, 60.27 sec so far
Iteration 273: max relative diff=0.000758, 65.29 sec so far
Iteration 294: max relative diff=0.000631, 70.32 sec so far
Iteration 315: max relative diff=0.000529, 75.34 sec so far
Iteration 336: max relative diff=0.000446, 80.36 sec so far
Iteration 357: max relative diff=0.000377, 85.39 sec so far
Iteration 378: max relative diff=0.000319, 90.41 sec so far
Iteration 399: max relative diff=0.000272, 95.43 sec so far
Iteration 420: max relative diff=0.000232, 100.45 sec so far
Iteration 441: max relative diff=0.000198, 105.48 sec so far
Iteration 462: max relative diff=0.000169, 110.50 sec so far
Iteration 483: max relative diff=0.000145, 115.53 sec so far
Iteration 504: max relative diff=0.000124, 120.55 sec so far
Iteration 525: max relative diff=0.000107, 125.57 sec so far
Iteration 546: max relative diff=0.000092, 130.59 sec so far
Iteration 567: max relative diff=0.000079, 135.61 sec so far
Iteration 588: max relative diff=0.000068, 140.64 sec so far
Iteration 609: max relative diff=0.000059, 145.66 sec so far
Iteration 630: max relative diff=0.000051, 150.69 sec so far
Iteration 651: max relative diff=0.000044, 155.71 sec so far
Iteration 672: max relative diff=0.000038, 160.72 sec so far
Iteration 693: max relative diff=0.000032, 165.75 sec so far
Iteration 714: max relative diff=0.000028, 170.77 sec so far
Iteration 735: max relative diff=0.000024, 175.79 sec so far
Iteration 756: max relative diff=0.000021, 180.81 sec so far
Iteration 777: max relative diff=0.000018, 185.83 sec so far
Iteration 798: max relative diff=0.000016, 190.85 sec so far
Iteration 819: max relative diff=0.000013, 195.88 sec so far
Iteration 840: max relative diff=0.000012, 200.89 sec so far
Iteration 861: max relative diff=0.000010, 205.92 sec so far
Iteration 882: max relative diff=0.000009, 210.94 sec so far
Iteration 903: max relative diff=0.000007, 215.96 sec so far
Iteration 924: max relative diff=0.000006, 220.99 sec so far
Iteration 945: max relative diff=0.000006, 226.01 sec so far
Iteration 966: max relative diff=0.000005, 231.03 sec so far
Iteration 987: max relative diff=0.000004, 236.05 sec so far
Iteration 1008: max relative diff=0.000004, 241.07 sec so far
Iteration 1029: max relative diff=0.000003, 246.09 sec so far
Iteration 1050: max relative diff=0.000003, 251.11 sec so far
Iteration 1071: max relative diff=0.000002, 256.13 sec so far
Iteration 1092: max relative diff=0.000002, 261.15 sec so far
Iteration 1113: max relative diff=0.000002, 266.17 sec so far
Iteration 1134: max relative diff=0.000002, 271.19 sec so far
Iteration 1155: max relative diff=0.000001, 276.20 sec so far
Iteration 1176: max relative diff=0.000001, 281.23 sec so far

Iterative method: 1193 iterations in 285.29 seconds (average 0.239135, setup 13.20)

Value in the initial state: 0.5382645266864114

Time for model checking: 299.121 seconds.

Result: 0.5382645266864114 (value in the initial state)

