PRISM
=====

Version: 4.4.dev
Date: Mon Jun 18 00:42:31 IRDT 2018
Hostname: sadegh-H81M-S2PH
Memory limits: cudd=1g, java(heap)=2.1g
Command line: prism dns90.nm dns.pctl -s -bucketvaliter2 -maxiters 90050 -javamaxmem 2400m

Parsing model file "dns90.nm"...

Parsing properties file "dns.pctl"...

1 property:
(1) Pmax=? [ "pp" U "qq" ]

Type:        MDP
Modules:     m1 m2 m3 
Variables:   s1 s2 s3 

---------------------------------------------------------------------

Model checking: Pmax=? [ "pp" U "qq" ]

Building model...

Computing reachable states...

Reachability (BFS): 3 iterations in 0.00 seconds (average 0.000667, setup 0.00)

Time for model construction: 12.771 seconds.

Type:        MDP
States:      10000 (1 initial)
Transitions: 98226150
Choices:     20000

Transition matrix: 11828312 nodes (327617 terminal), 98226150 minterms, vars: 15r/15c/2nd

Prob0A: 3 iterations in 0.01 seconds (average 0.001667, setup 0.00)

Prob1E: 4 iterations in 0.00 seconds (average 0.000500, setup 0.00)

yes = 10, no = 91, maybe = 9899

Computing remaining probabilities...
Engine: Sparse

Building sparse matrix(FOR GS)... [n=10000, nc=19798, nnz=97231646, k=2] [1.1 GB]
Creating vector for yes...[78.1 KB]
Allocating iteration vectors... [2 x 78.1 KB]
TOTAL: [1.1 GB]

Starting iterations...

Iterative method: 4301899 iterations in 310.96 seconds (average 0.000072, setup 11.88)

Value in the initial state: 0.1682630857673652

Time for model checking: 329.523 seconds.

Result: 0.1682630857673652 (value in the initial state)

