PRISM
=====

Version: 4.4.dev
Date: Sun May 20 23:44:42 IRDT 2018
Hostname: sadegh-H81M-S2PH
Memory limits: cudd=1g, java(heap)=2.1g
Command line: prism dns124.nm dns.pctl -s -improvedmodpoliter2 -maxiters 90050 -epsilon 1e-8 -javamaxmem 2400m

Parsing model file "dns124.nm"...

Parsing properties file "dns.pctl"...

1 property:
(1) Pmax=? [ "pp" U "qq" ]

Type:        MDP
Modules:     m1 m2 m3 
Variables:   s1 s2 s3 

---------------------------------------------------------------------

Model checking: Pmax=? [ "pp" U "qq" ]

Building model...

Computing reachable states...

Reachability (BFS): 3 iterations in 0.00 seconds (average 0.000333, setup 0.00)

Time for model construction: 8.042 seconds.

Type:        MDP
States:      8400 (1 initial)
Transitions: 42480062
Choices:     16800

Transition matrix: 8892559 nodes (375557 terminal), 42480062 minterms, vars: 15r/15c/2nd

Prob0A: 3 iterations in 0.00 seconds (average 0.000333, setup 0.00)

Prob1E: 8 iterations in 0.00 seconds (average 0.000250, setup 0.00)

yes = 10, no = 10, maybe = 8380

Computing remaining probabilities...
Engine: Sparse

Building sparse matrix (FOR POLICY ITERASION)... [n=8400, nc=16760, nnz=42394991, k=2] [485.3 MB]
Creating vector for yes...[65.6 KB]
Allocating iteration vectors... [2 x 65.6 KB]
TOTAL: [485.5 MB]

Starting iterations...
Iteration 707: max relative diff=0.001895, 5.64 sec so far
Iteration 1414: max relative diff=0.000167, 11.26 sec so far
Iteration 2121: max relative diff=0.000027, 16.90 sec so far
Iteration 2828: max relative diff=0.000006, 22.56 sec so far
Iteration 3434: max relative diff=0.000001, 27.75 sec so far
Iteration 4040: max relative diff=0.000000, 33.05 sec so far
Iteration 4646: max relative diff=0.000000, 38.33 sec so far
Iteration 5252: max relative diff=0.000000, 43.62 sec so far

Iterative method: 5415 iterations in 45.10 seconds (average 0.008329, setup 4.05)


Number of scallar multiplications: 44673M 

Value in the initial state: 0.6608807690533078

Time for model checking: 49.373 seconds.

Result: 0.6608807690533078 (value in the initial state)

