PRISM
=====

Version: 4.4.dev
Date: Sun Jun 17 01:57:41 IRDT 2018
Hostname: sadegh-H81M-S2PH
Memory limits: cudd=1g, java(heap)=2.1g
Command line: prism dns40.nm dns.pctl -s -backwardvaliter -maxiters 90050 -epsilon 1e-6 -javamaxmem 2400m

Parsing model file "dns40.nm"...

Parsing properties file "dns.pctl"...

1 property:
(1) Pmax=? [ "pp" U "qq" ]

Type:        MDP
Modules:     m1 m2 m3 
Variables:   s1 s2 s3 

---------------------------------------------------------------------

Model checking: Pmax=? [ "pp" U "qq" ]

Building model...

Computing reachable states...

Reachability (BFS): 2 iterations in 0.00 seconds (average 0.000500, setup 0.00)

Time for model construction: 8.286 seconds.

Type:        MDP
States:      6400 (1 initial)
Transitions: 165216584
Choices:     32000

Transition matrix: 8095181 nodes (216093 terminal), 165216584 minterms, vars: 14r/14c/5nd

Prob0A: 2 iterations in 0.00 seconds (average 0.002000, setup 0.00)

Prob1E: 4 iterations in 0.00 seconds (average 0.000500, setup 0.00)

yes = 10, no = 28, maybe = 6362

Computing remaining probabilities...
Engine: Sparse

Building sparse matrix(FOR GS)... [n=6400, nc=31810, nnz=164258610, k=5] [1.8 GB]
Creating vector for yes...[50.0 KB]
Allocating iteration vectors... [2 x 50.0 KB]
TOTAL: [1.8 GB]

Starting iterations...
Iteration 10: max relative diff=0.103765, 5.01 sec so far
Iteration 29: max relative diff=0.027641, 10.19 sec so far
Iteration 48: max relative diff=0.013698, 15.36 sec so far
Iteration 67: max relative diff=0.008142, 20.53 sec so far
Iteration 86: max relative diff=0.005287, 25.71 sec so far
Iteration 105: max relative diff=0.003621, 30.89 sec so far
Iteration 124: max relative diff=0.002569, 36.07 sec so far
Iteration 143: max relative diff=0.001869, 41.25 sec so far
Iteration 162: max relative diff=0.001385, 46.43 sec so far
Iteration 181: max relative diff=0.001039, 51.61 sec so far
Iteration 200: max relative diff=0.000788, 56.80 sec so far
Iteration 219: max relative diff=0.000603, 61.98 sec so far
Iteration 238: max relative diff=0.000464, 67.17 sec so far
Iteration 257: max relative diff=0.000358, 72.35 sec so far
Iteration 276: max relative diff=0.000278, 77.53 sec so far
Iteration 295: max relative diff=0.000216, 82.72 sec so far
Iteration 314: max relative diff=0.000168, 87.89 sec so far
Iteration 333: max relative diff=0.000131, 93.07 sec so far
Iteration 352: max relative diff=0.000103, 98.25 sec so far
Iteration 371: max relative diff=0.000080, 103.44 sec so far
Iteration 390: max relative diff=0.000063, 108.62 sec so far
Iteration 409: max relative diff=0.000049, 113.81 sec so far
Iteration 428: max relative diff=0.000039, 118.99 sec so far
Iteration 447: max relative diff=0.000030, 124.17 sec so far
Iteration 466: max relative diff=0.000024, 129.35 sec so far
Iteration 485: max relative diff=0.000019, 134.55 sec so far
Iteration 504: max relative diff=0.000015, 139.73 sec so far
Iteration 523: max relative diff=0.000011, 144.90 sec so far
Iteration 542: max relative diff=0.000009, 150.09 sec so far
Iteration 561: max relative diff=0.000007, 155.26 sec so far
Iteration 580: max relative diff=0.000006, 160.44 sec so far
Iteration 599: max relative diff=0.000004, 165.63 sec so far
Iteration 618: max relative diff=0.000003, 170.81 sec so far
Iteration 637: max relative diff=0.000003, 176.00 sec so far
Iteration 656: max relative diff=0.000002, 181.18 sec so far
Iteration 675: max relative diff=0.000002, 186.36 sec so far
Iteration 694: max relative diff=0.000001, 191.54 sec so far
Iteration 713: max relative diff=0.000001, 196.72 sec so far

Iterative method: 715 iterations in 197.27 seconds (average 0.275898, setup 13.99)

Value in the initial state: 0.38016382433829027

Time for model checking: 212.054 seconds.

Result: 0.38016382433829027 (value in the initial state)

Warning: CUDD reports 8865996 non-zero references.

