PRISM
=====

Version: 4.4.dev
Date: Sun Jun 17 22:50:46 IRDT 2018
Hostname: sadegh-H81M-S2PH
Memory limits: cudd=1g, java(heap)=2.1g
Command line: prism dns83.nm dns.pctl -s -bucketvaliter2 -maxiters 90050 -javamaxmem 2400m

Parsing model file "dns83.nm"...

Parsing properties file "dns.pctl"...

1 property:
(1) Pmax=? [ "pp" U "qq" ]

Type:        MDP
Modules:     m1 m2 m3 
Variables:   s1 s2 s3 

---------------------------------------------------------------------

Model checking: Pmax=? [ "pp" U "qq" ]

Building model...

Computing reachable states...

Reachability (BFS): 3 iterations in 0.00 seconds (average 0.001000, setup 0.00)

Time for model construction: 11.649 seconds.

Type:        MDP
States:      8800 (1 initial)
Transitions: 109491621
Choices:     26400

Transition matrix: 12017144 nodes (536105 terminal), 109491621 minterms, vars: 15r/15c/3nd

Prob0A: 2 iterations in 0.01 seconds (average 0.005000, setup 0.00)

Prob1E: 4 iterations in 0.00 seconds (average 0.000750, setup 0.00)

yes = 10, no = 78, maybe = 8712

Computing remaining probabilities...
Engine: Sparse

Building sparse matrix(FOR GS)... [n=8800, nc=26136, nnz=108413545, k=3] [1.2 GB]
Creating vector for yes...[68.8 KB]
Allocating iteration vectors... [2 x 68.8 KB]
TOTAL: [1.2 GB]

Starting iterations...

Iterative method: 3046564 iterations in 447.88 seconds (average 0.000147, setup 11.26)

Value in the initial state: 0.339040110366869

Time for model checking: 465.477 seconds.

Result: 0.339040110366869 (value in the initial state)

