PRISM
=====

Version: 4.4.dev
Date: Sun May 20 23:49:31 IRDT 2018
Hostname: sadegh-H81M-S2PH
Memory limits: cudd=1g, java(heap)=2.1g
Command line: prism dns125.nm dns.pctl -s -explicitmodpoliter -maxiters 90050 -epsilon 1e-8 -javamaxmem 2400m

Parsing model file "dns125.nm"...

Parsing properties file "dns.pctl"...

1 property:
(1) Pmax=? [ "pp" U "qq" ]

Type:        MDP
Modules:     m1 m2 m3 
Variables:   s1 s2 s3 

---------------------------------------------------------------------

Model checking: Pmax=? [ "pp" U "qq" ]

Building model...

Computing reachable states...

Reachability (BFS): 3 iterations in 0.00 seconds (average 0.001333, setup 0.00)

Time for model construction: 12.067 seconds.

Type:        MDP
States:      9200 (1 initial)
Transitions: 76486730
Choices:     27600

Transition matrix: 15229371 nodes (448412 terminal), 76486730 minterms, vars: 15r/15c/3nd

Prob0A: 3 iterations in 0.00 seconds (average 0.000667, setup 0.00)

Prob1E: 9 iterations in 0.01 seconds (average 0.000556, setup 0.00)

yes = 10, no = 10, maybe = 9180

Computing remaining probabilities...
Engine: Sparse

Building sparse matrix (FOR POLICY ITERASION)... [n=9200, nc=27540, nnz=76292282, k=3] [873.2 MB]
Creating vector for yes...[71.9 KB]
Allocating iteration vectors... [2 x 71.9 KB]
TOTAL: [873.4 MB]

Starting iterations...
Iteration 303: max relative diff=0.010467, 7.14 sec so far
Iteration 606: max relative diff=0.000920, 14.20 sec so far
Iteration 909: max relative diff=0.000463, 21.20 sec so far
Iteration 1212: max relative diff=0.000110, 28.20 sec so far
Iteration 1515: max relative diff=0.000063, 35.20 sec so far
Iteration 1818: max relative diff=0.000016, 42.21 sec so far
Iteration 2121: max relative diff=0.000024, 49.22 sec so far
Iteration 2424: max relative diff=0.000004, 56.21 sec so far
Iteration 2727: max relative diff=0.000002, 63.21 sec so far
Iteration 3030: max relative diff=0.000001, 70.25 sec so far
Iteration 3333: max relative diff=0.000000, 77.51 sec so far
Iteration 3636: max relative diff=0.000000, 84.80 sec so far
Iteration 3939: max relative diff=0.000000, 92.10 sec so far
Iteration 4242: max relative diff=0.000000, 99.40 sec so far
Iteration 4545: max relative diff=0.000000, 106.42 sec so far
Iteration 4845: max relative diff=0.000000, 113.66 sec so far

Iterative method: 4845 iterations in 113.66 seconds (average 0.023460, setup 7.08)

Value in the initial state: 0.7449866061662112

Time for model checking: 121.055 seconds.

Result: 0.7449866061662112 (value in the initial state)

