PRISM
=====

Version: 4.4.dev
Date: Sun Jun 17 18:27:36 IRDT 2018
Hostname: sadegh-H81M-S2PH
Memory limits: cudd=1g, java(heap)=2.1g
Command line: prism dns68.nm dns.pctl -s -backwardvaliter -maxiters 90050 -epsilon 1e-6 -javamaxmem 2400m

Parsing model file "dns68.nm"...

Parsing properties file "dns.pctl"...

1 property:
(1) Pmax=? [ "pp" U "qq" ]

Type:        MDP
Modules:     m1 m2 m3 
Variables:   s1 s2 s3 

---------------------------------------------------------------------

Model checking: Pmax=? [ "pp" U "qq" ]

Building model...

Computing reachable states...

Reachability (BFS): 3 iterations in 0.00 seconds (average 0.001000, setup 0.00)

Time for model construction: 11.186 seconds.

Type:        MDP
States:      8000 (1 initial)
Transitions: 117956055
Choices:     24000

Transition matrix: 10933106 nodes (451220 terminal), 117956055 minterms, vars: 15r/15c/3nd

Prob0A: 2 iterations in 0.01 seconds (average 0.005000, setup 0.00)

Prob1E: 4 iterations in 0.00 seconds (average 0.000500, setup 0.00)

yes = 10, no = 10, maybe = 7980

Computing remaining probabilities...
Engine: Sparse

Building sparse matrix(FOR GS)... [n=8000, nc=23940, nnz=117639560, k=3] [1.3 GB]
Creating vector for yes...[62.5 KB]
Allocating iteration vectors... [2 x 62.5 KB]
TOTAL: [1.3 GB]

Starting iterations...
Iteration 21: max relative diff=0.046746, 5.08 sec so far
Iteration 47: max relative diff=0.017967, 10.18 sec so far
Iteration 73: max relative diff=0.010206, 15.27 sec so far
Iteration 99: max relative diff=0.006685, 20.36 sec so far
Iteration 125: max relative diff=0.004725, 25.45 sec so far
Iteration 151: max relative diff=0.003509, 30.54 sec so far
Iteration 177: max relative diff=0.002693, 35.64 sec so far
Iteration 203: max relative diff=0.002119, 40.73 sec so far
Iteration 229: max relative diff=0.001700, 45.81 sec so far
Iteration 255: max relative diff=0.001386, 50.91 sec so far
Iteration 281: max relative diff=0.001147, 56.00 sec so far
Iteration 307: max relative diff=0.000960, 61.09 sec so far
Iteration 333: max relative diff=0.000813, 66.19 sec so far
Iteration 359: max relative diff=0.000694, 71.28 sec so far
Iteration 385: max relative diff=0.000597, 76.38 sec so far
Iteration 411: max relative diff=0.000517, 81.47 sec so far
Iteration 437: max relative diff=0.000450, 86.57 sec so far
Iteration 463: max relative diff=0.000394, 91.66 sec so far
Iteration 489: max relative diff=0.000347, 96.75 sec so far
Iteration 515: max relative diff=0.000307, 101.85 sec so far
Iteration 541: max relative diff=0.000273, 106.94 sec so far
Iteration 567: max relative diff=0.000243, 112.03 sec so far
Iteration 593: max relative diff=0.000217, 117.13 sec so far
Iteration 619: max relative diff=0.000194, 122.22 sec so far
Iteration 645: max relative diff=0.000174, 127.32 sec so far
Iteration 671: max relative diff=0.000157, 132.41 sec so far
Iteration 697: max relative diff=0.000141, 137.50 sec so far
Iteration 723: max relative diff=0.000127, 142.60 sec so far
Iteration 749: max relative diff=0.000115, 147.69 sec so far
Iteration 775: max relative diff=0.000104, 152.78 sec so far
Iteration 801: max relative diff=0.000094, 157.86 sec so far
Iteration 827: max relative diff=0.000085, 162.95 sec so far
Iteration 853: max relative diff=0.000077, 168.04 sec so far
Iteration 879: max relative diff=0.000070, 173.13 sec so far
Iteration 905: max relative diff=0.000064, 178.22 sec so far
Iteration 931: max relative diff=0.000058, 183.32 sec so far
Iteration 957: max relative diff=0.000053, 188.42 sec so far
Iteration 983: max relative diff=0.000048, 193.51 sec so far
Iteration 1009: max relative diff=0.000044, 198.60 sec so far
Iteration 1035: max relative diff=0.000040, 203.70 sec so far
Iteration 1061: max relative diff=0.000036, 208.79 sec so far
Iteration 1087: max relative diff=0.000033, 213.88 sec so far
Iteration 1113: max relative diff=0.000030, 218.98 sec so far
Iteration 1139: max relative diff=0.000028, 224.07 sec so far
Iteration 1165: max relative diff=0.000025, 229.16 sec so far
Iteration 1191: max relative diff=0.000023, 234.24 sec so far
Iteration 1217: max relative diff=0.000021, 239.33 sec so far
Iteration 1243: max relative diff=0.000019, 244.42 sec so far
Iteration 1269: max relative diff=0.000018, 249.52 sec so far
Iteration 1295: max relative diff=0.000016, 254.61 sec so far
Iteration 1321: max relative diff=0.000015, 259.70 sec so far
Iteration 1347: max relative diff=0.000013, 264.79 sec so far
Iteration 1373: max relative diff=0.000012, 269.88 sec so far
Iteration 1399: max relative diff=0.000011, 274.98 sec so far
Iteration 1425: max relative diff=0.000010, 280.07 sec so far
Iteration 1451: max relative diff=0.000009, 285.16 sec so far
Iteration 1477: max relative diff=0.000009, 290.25 sec so far
Iteration 1503: max relative diff=0.000008, 295.35 sec so far
Iteration 1529: max relative diff=0.000007, 300.44 sec so far
Iteration 1555: max relative diff=0.000007, 305.54 sec so far
Iteration 1581: max relative diff=0.000006, 310.62 sec so far
Iteration 1607: max relative diff=0.000006, 315.72 sec so far
Iteration 1633: max relative diff=0.000005, 320.81 sec so far
Iteration 1659: max relative diff=0.000005, 325.90 sec so far
Iteration 1685: max relative diff=0.000004, 331.00 sec so far
Iteration 1711: max relative diff=0.000004, 336.09 sec so far
Iteration 1737: max relative diff=0.000004, 341.18 sec so far
Iteration 1763: max relative diff=0.000003, 346.27 sec so far
Iteration 1789: max relative diff=0.000003, 351.36 sec so far
Iteration 1815: max relative diff=0.000003, 356.45 sec so far
Iteration 1841: max relative diff=0.000003, 361.55 sec so far
Iteration 1867: max relative diff=0.000002, 366.64 sec so far
Iteration 1893: max relative diff=0.000002, 371.73 sec so far
Iteration 1919: max relative diff=0.000002, 376.82 sec so far
Iteration 1945: max relative diff=0.000002, 381.92 sec so far
Iteration 1971: max relative diff=0.000002, 387.02 sec so far
Iteration 1997: max relative diff=0.000001, 392.12 sec so far
Iteration 2023: max relative diff=0.000001, 397.21 sec so far
Iteration 2049: max relative diff=0.000001, 402.31 sec so far
Iteration 2075: max relative diff=0.000001, 407.40 sec so far
Iteration 2101: max relative diff=0.000001, 412.50 sec so far

Iterative method: 2112 iterations in 414.66 seconds (average 0.196334, setup 10.68)

Value in the initial state: 0.6788540146645152

Time for model checking: 425.806 seconds.

Result: 0.6788540146645152 (value in the initial state)

Warning: CUDD reports 11064641 non-zero references.

