PRISM
=====

Version: 4.4.dev
Date: Sun Jun 17 01:41:47 IRDT 2018
Hostname: sadegh-H81M-S2PH
Memory limits: cudd=1g, java(heap)=2.1g
Command line: prism dns40.nm dns.pctl -s -gs -maxiters 90050 -epsilon 1e-6 -javamaxmem 2400m

Parsing model file "dns40.nm"...

Parsing properties file "dns.pctl"...

1 property:
(1) Pmax=? [ "pp" U "qq" ]

Type:        MDP
Modules:     m1 m2 m3 
Variables:   s1 s2 s3 

---------------------------------------------------------------------

Model checking: Pmax=? [ "pp" U "qq" ]

Building model...

Computing reachable states...

Reachability (BFS): 2 iterations in 0.00 seconds (average 0.000500, setup 0.00)

Time for model construction: 8.195 seconds.

Type:        MDP
States:      6400 (1 initial)
Transitions: 165216584
Choices:     32000

Transition matrix: 8095181 nodes (216093 terminal), 165216584 minterms, vars: 14r/14c/5nd

Prob0A: 2 iterations in 0.00 seconds (average 0.001500, setup 0.00)

Prob1E: 4 iterations in 0.00 seconds (average 0.000500, setup 0.00)

yes = 10, no = 28, maybe = 6362

Computing remaining probabilities...
Engine: Sparse

Building sparse matrix(FOR GS)... [n=6400, nc=31810, nnz=164258610, k=5] [1.8 GB]
Creating vector for yes...[50.0 KB]
Allocating iteration vectors... [2 x 50.0 KB]
TOTAL: [1.8 GB]

Starting iterations...
Iteration 19: max relative diff=0.047301, 5.18 sec so far
Iteration 38: max relative diff=0.019134, 10.37 sec so far
Iteration 57: max relative diff=0.010518, 15.55 sec so far
Iteration 76: max relative diff=0.006552, 20.74 sec so far
Iteration 95: max relative diff=0.004375, 25.93 sec so far
Iteration 114: max relative diff=0.003054, 31.11 sec so far
Iteration 133: max relative diff=0.002196, 36.30 sec so far
Iteration 152: max relative diff=0.001614, 41.48 sec so far
Iteration 171: max relative diff=0.001206, 46.67 sec so far
Iteration 190: max relative diff=0.000911, 51.85 sec so far
Iteration 209: max relative diff=0.000695, 57.04 sec so far
Iteration 228: max relative diff=0.000534, 62.24 sec so far
Iteration 247: max relative diff=0.000412, 67.44 sec so far
Iteration 266: max relative diff=0.000319, 72.63 sec so far
Iteration 285: max relative diff=0.000248, 77.82 sec so far
Iteration 304: max relative diff=0.000194, 83.00 sec so far
Iteration 323: max relative diff=0.000151, 88.19 sec so far
Iteration 342: max relative diff=0.000118, 93.38 sec so far
Iteration 361: max relative diff=0.000093, 98.57 sec so far
Iteration 380: max relative diff=0.000073, 103.76 sec so far
Iteration 399: max relative diff=0.000057, 108.94 sec so far
Iteration 418: max relative diff=0.000045, 114.13 sec so far
Iteration 437: max relative diff=0.000035, 119.31 sec so far
Iteration 456: max relative diff=0.000028, 124.50 sec so far
Iteration 475: max relative diff=0.000022, 129.69 sec so far
Iteration 494: max relative diff=0.000017, 134.87 sec so far
Iteration 513: max relative diff=0.000013, 140.06 sec so far
Iteration 532: max relative diff=0.000011, 145.26 sec so far
Iteration 551: max relative diff=0.000008, 150.45 sec so far
Iteration 570: max relative diff=0.000007, 155.64 sec so far
Iteration 589: max relative diff=0.000005, 160.83 sec so far
Iteration 608: max relative diff=0.000004, 166.02 sec so far
Iteration 627: max relative diff=0.000003, 171.20 sec so far
Iteration 646: max relative diff=0.000003, 176.39 sec so far
Iteration 665: max relative diff=0.000002, 181.59 sec so far
Iteration 684: max relative diff=0.000002, 186.77 sec so far
Iteration 703: max relative diff=0.000001, 191.96 sec so far

Iterative method: 719 iterations in 196.33 seconds (average 0.273061, setup 13.78)

Value in the initial state: 0.38016327980488096

Time for model checking: 210.966 seconds.

Result: 0.38016327980488096 (value in the initial state)

