PRISM
=====

Version: 4.4.dev
Date: Sun May 20 22:42:05 IRDT 2018
Hostname: sadegh-H81M-S2PH
Memory limits: cudd=1g, java(heap)=2.1g
Command line: prism dns112.nm dns.pctl -s -explicitmodpoliter -maxiters 90050 -epsilon 1e-8 -javamaxmem 2400m

Parsing model file "dns112.nm"...

Parsing properties file "dns.pctl"...

1 property:
(1) Pmax=? [ "pp" U "qq" ]

Type:        MDP
Modules:     m1 m2 m3 
Variables:   s1 s2 s3 

---------------------------------------------------------------------

Model checking: Pmax=? [ "pp" U "qq" ]

Building model...

Computing reachable states...

Reachability (BFS): 3 iterations in 0.00 seconds (average 0.001333, setup 0.00)

Time for model construction: 12.732 seconds.

Type:        MDP
States:      9200 (1 initial)
Transitions: 104231736
Choices:     27600

Transition matrix: 15310652 nodes (412599 terminal), 104231736 minterms, vars: 15r/15c/3nd

Prob0A: 2 iterations in 0.01 seconds (average 0.002500, setup 0.00)

Prob1E: 4 iterations in 0.00 seconds (average 0.000750, setup 0.00)

yes = 10, no = 120, maybe = 9070

Computing remaining probabilities...
Engine: Sparse

Building sparse matrix (FOR POLICY ITERASION)... [n=9200, nc=27210, nnz=102728729, k=3] [1.1 GB]
Creating vector for yes...[71.9 KB]
Allocating iteration vectors... [2 x 71.9 KB]
TOTAL: [1.1 GB]

Starting iterations...
Iteration 202: max relative diff=0.035321, 6.42 sec so far
Iteration 404: max relative diff=0.000148, 12.74 sec so far
Iteration 606: max relative diff=0.000000, 19.05 sec so far

Iterative method: 623 iterations in 19.68 seconds (average 0.031597, setup 10.58)

Value in the initial state: 0.15136463185295815

Time for model checking: 30.719 seconds.

Result: 0.15136463185295815 (value in the initial state)

