PRISM
=====

Version: 4.4.dev
Date: Mon Jun 18 07:41:49 IRDT 2018
Hostname: sadegh-H81M-S2PH
Memory limits: cudd=1g, java(heap)=2.1g
Command line: prism dns115.nm dns.pctl -s -backwardvaliter -maxiters 90050 -epsilon 1e-6 -javamaxmem 2400m

Parsing model file "dns115.nm"...

Parsing properties file "dns.pctl"...

1 property:
(1) Pmax=? [ "pp" U "qq" ]

Type:        MDP
Modules:     m1 m2 m3 
Variables:   s1 s2 s3 

---------------------------------------------------------------------

Model checking: Pmax=? [ "pp" U "qq" ]

Building model...

Computing reachable states...

Reachability (BFS): 3 iterations in 0.01 seconds (average 0.001667, setup 0.00)

Time for model construction: 11.759 seconds.

Type:        MDP
States:      8000 (1 initial)
Transitions: 79877781
Choices:     24000

Transition matrix: 11042896 nodes (321372 terminal), 79877781 minterms, vars: 15r/15c/3nd

Prob0A: 3 iterations in 0.00 seconds (average 0.000667, setup 0.00)

Prob1E: 4 iterations in 0.00 seconds (average 0.000250, setup 0.00)

yes = 10, no = 10, maybe = 7980

Computing remaining probabilities...
Engine: Sparse

Building sparse matrix(FOR GS)... [n=8000, nc=23940, nnz=79664975, k=3] [911.8 MB]
Creating vector for yes...[62.5 KB]
Allocating iteration vectors... [2 x 62.5 KB]
TOTAL: [912.0 MB]

Starting iterations...
Iteration 31: max relative diff=0.027561, 5.11 sec so far
Iteration 69: max relative diff=0.009307, 10.20 sec so far
Iteration 107: max relative diff=0.004574, 15.29 sec so far
Iteration 145: max relative diff=0.002618, 20.39 sec so far
Iteration 183: max relative diff=0.001651, 25.48 sec so far
Iteration 221: max relative diff=0.001111, 30.57 sec so far
Iteration 259: max relative diff=0.000787, 35.66 sec so far
Iteration 295: max relative diff=0.000588, 40.81 sec so far
Iteration 329: max relative diff=0.000456, 45.93 sec so far
Iteration 365: max relative diff=0.000354, 51.01 sec so far
Iteration 403: max relative diff=0.000275, 56.07 sec so far
Iteration 441: max relative diff=0.000217, 61.13 sec so far
Iteration 479: max relative diff=0.000172, 66.20 sec so far
Iteration 517: max relative diff=0.000138, 71.27 sec so far
Iteration 555: max relative diff=0.000111, 76.33 sec so far
Iteration 593: max relative diff=0.000089, 81.39 sec so far
Iteration 631: max relative diff=0.000072, 86.45 sec so far
Iteration 669: max relative diff=0.000059, 91.51 sec so far
Iteration 707: max relative diff=0.000048, 96.57 sec so far
Iteration 745: max relative diff=0.000039, 101.65 sec so far
Iteration 783: max relative diff=0.000032, 106.71 sec so far
Iteration 821: max relative diff=0.000026, 111.77 sec so far
Iteration 859: max relative diff=0.000022, 116.83 sec so far
Iteration 897: max relative diff=0.000018, 121.89 sec so far
Iteration 935: max relative diff=0.000015, 126.95 sec so far
Iteration 973: max relative diff=0.000012, 132.02 sec so far
Iteration 1011: max relative diff=0.000010, 137.08 sec so far
Iteration 1049: max relative diff=0.000008, 142.14 sec so far
Iteration 1087: max relative diff=0.000007, 147.21 sec so far
Iteration 1125: max relative diff=0.000006, 152.27 sec so far
Iteration 1163: max relative diff=0.000005, 157.34 sec so far
Iteration 1201: max relative diff=0.000004, 162.40 sec so far
Iteration 1239: max relative diff=0.000003, 167.46 sec so far
Iteration 1277: max relative diff=0.000003, 172.53 sec so far
Iteration 1315: max relative diff=0.000002, 177.59 sec so far
Iteration 1353: max relative diff=0.000002, 182.66 sec so far
Iteration 1391: max relative diff=0.000001, 187.72 sec so far
Iteration 1429: max relative diff=0.000001, 192.78 sec so far

Iterative method: 1464 iterations in 197.45 seconds (average 0.134868, setup 8.55)

Value in the initial state: 0.6572147308592085

Time for model checking: 206.457 seconds.

Result: 0.6572147308592085 (value in the initial state)

Warning: CUDD reports 11153830 non-zero references.

