PRISM
=====

Version: 4.4.dev
Date: Sun Jun 17 15:52:28 IRDT 2018
Hostname: sadegh-H81M-S2PH
Memory limits: cudd=1g, java(heap)=2.1g
Command line: prism dns60.nm dns.pctl -s -gs -maxiters 90050 -epsilon 1e-6 -javamaxmem 2400m

Parsing model file "dns60.nm"...

Parsing properties file "dns.pctl"...

1 property:
(1) Pmax=? [ "pp" U "qq" ]

Type:        MDP
Modules:     m1 m2 m3 
Variables:   s1 s2 s3 

---------------------------------------------------------------------

Model checking: Pmax=? [ "pp" U "qq" ]

Building model...

Computing reachable states...

Reachability (BFS): 3 iterations in 0.00 seconds (average 0.001000, setup 0.00)

Time for model construction: 12.777 seconds.

Type:        MDP
States:      7200 (1 initial)
Transitions: 183698563
Choices:     36000

Transition matrix: 12238527 nodes (274413 terminal), 183698563 minterms, vars: 15r/15c/5nd

Prob0A: 2 iterations in 0.00 seconds (average 0.002000, setup 0.00)

Prob1E: 4 iterations in 0.00 seconds (average 0.000500, setup 0.00)

yes = 10, no = 15, maybe = 7175

Computing remaining probabilities...
Engine: Sparse

Building sparse matrix(FOR GS)... [n=7200, nc=35875, nnz=183084085, k=5] [2.0 GB]
Creating vector for yes...[56.2 KB]
Allocating iteration vectors... [2 x 56.2 KB]
TOTAL: [2.0 GB]

Starting iterations...
Iteration 17: max relative diff=0.056143, 5.17 sec so far
Iteration 34: max relative diff=0.023901, 10.34 sec so far
Iteration 51: max relative diff=0.013855, 15.51 sec so far
Iteration 68: max relative diff=0.009077, 20.68 sec so far
Iteration 85: max relative diff=0.006366, 25.85 sec so far
Iteration 102: max relative diff=0.004659, 31.01 sec so far
Iteration 119: max relative diff=0.003515, 36.19 sec so far
Iteration 136: max relative diff=0.002715, 41.35 sec so far
Iteration 153: max relative diff=0.002138, 46.52 sec so far
Iteration 170: max relative diff=0.001710, 51.70 sec so far
Iteration 187: max relative diff=0.001385, 56.87 sec so far
Iteration 204: max relative diff=0.001134, 62.06 sec so far
Iteration 221: max relative diff=0.000936, 67.23 sec so far
Iteration 238: max relative diff=0.000779, 72.39 sec so far
Iteration 255: max relative diff=0.000652, 77.56 sec so far
Iteration 272: max relative diff=0.000549, 82.73 sec so far
Iteration 289: max relative diff=0.000465, 87.90 sec so far
Iteration 306: max relative diff=0.000394, 93.07 sec so far
Iteration 323: max relative diff=0.000336, 98.24 sec so far
Iteration 340: max relative diff=0.000287, 103.41 sec so far
Iteration 357: max relative diff=0.000246, 108.58 sec so far
Iteration 374: max relative diff=0.000211, 113.75 sec so far
Iteration 391: max relative diff=0.000181, 118.92 sec so far
Iteration 408: max relative diff=0.000156, 124.09 sec so far
Iteration 425: max relative diff=0.000135, 129.26 sec so far
Iteration 442: max relative diff=0.000116, 134.44 sec so far
Iteration 459: max relative diff=0.000100, 139.61 sec so far
Iteration 476: max relative diff=0.000087, 144.78 sec so far
Iteration 493: max relative diff=0.000075, 149.96 sec so far
Iteration 510: max relative diff=0.000065, 155.13 sec so far
Iteration 527: max relative diff=0.000056, 160.30 sec so far
Iteration 544: max relative diff=0.000049, 165.47 sec so far
Iteration 561: max relative diff=0.000042, 170.64 sec so far
Iteration 578: max relative diff=0.000037, 175.81 sec so far
Iteration 595: max relative diff=0.000032, 180.99 sec so far
Iteration 612: max relative diff=0.000028, 186.15 sec so far
Iteration 629: max relative diff=0.000024, 191.32 sec so far
Iteration 646: max relative diff=0.000021, 196.49 sec so far
Iteration 663: max relative diff=0.000018, 201.67 sec so far
Iteration 680: max relative diff=0.000016, 206.84 sec so far
Iteration 697: max relative diff=0.000014, 212.00 sec so far
Iteration 714: max relative diff=0.000012, 217.17 sec so far
Iteration 731: max relative diff=0.000010, 222.33 sec so far
Iteration 748: max relative diff=0.000009, 227.50 sec so far
Iteration 765: max relative diff=0.000008, 232.67 sec so far
Iteration 782: max relative diff=0.000007, 237.84 sec so far
Iteration 799: max relative diff=0.000006, 243.01 sec so far
Iteration 816: max relative diff=0.000005, 248.18 sec so far
Iteration 833: max relative diff=0.000004, 253.35 sec so far
Iteration 850: max relative diff=0.000004, 258.52 sec so far
Iteration 867: max relative diff=0.000003, 263.69 sec so far
Iteration 884: max relative diff=0.000003, 268.86 sec so far
Iteration 901: max relative diff=0.000003, 274.03 sec so far
Iteration 918: max relative diff=0.000002, 279.20 sec so far
Iteration 935: max relative diff=0.000002, 284.36 sec so far
Iteration 952: max relative diff=0.000002, 289.53 sec so far
Iteration 969: max relative diff=0.000001, 294.70 sec so far
Iteration 986: max relative diff=0.000001, 299.88 sec so far
Iteration 1003: max relative diff=0.000001, 305.05 sec so far

Iterative method: 1014 iterations in 308.39 seconds (average 0.304137, setup 16.57)

Value in the initial state: 0.5648103682495763

Time for model checking: 325.841 seconds.

Result: 0.5648103682495763 (value in the initial state)

