PRISM
=====

Version: 4.4.dev
Date: Tue Jun 19 10:02:27 IRDT 2018
Hostname: sadegh-H81M-S2PH
Memory limits: cudd=1g, java(heap)=2.1g
Command line: prism dns143.nm dns.pctl -s -gs -maxiters 90050 -epsilon 1e-6 -javamaxmem 2400m

Parsing model file "dns143.nm"...

Parsing properties file "dns.pctl"...

1 property:
(1) Pmax=? [ "pp" U "qq" ]

Type:        MDP
Modules:     m1 m2 m3 
Variables:   s1 s2 s3 

---------------------------------------------------------------------

Model checking: Pmax=? [ "pp" U "qq" ]

Building model...

Computing reachable states...

Reachability (BFS): 3 iterations in 0.01 seconds (average 0.002667, setup 0.00)

Time for model construction: 8.766 seconds.

Type:        MDP
States:      7200 (1 initial)
Transitions: 32967198
Choices:     21600

Transition matrix: 8414129 nodes (618622 terminal), 32967198 minterms, vars: 15r/15c/3nd

Prob0A: 3 iterations in 0.01 seconds (average 0.002333, setup 0.00)

Prob1E: 4 iterations in 0.00 seconds (average 0.000500, setup 0.00)

yes = 10, no = 28, maybe = 7162

Computing remaining probabilities...
Engine: Sparse

Building sparse matrix(FOR GS)... [n=7200, nc=21486, nnz=32803020, k=3] [375.5 MB]
Creating vector for yes...[56.2 KB]
Allocating iteration vectors... [2 x 56.2 KB]
TOTAL: [375.7 MB]

Starting iterations...
Iteration 91: max relative diff=0.004926, 5.02 sec so far
Iteration 182: max relative diff=0.001388, 10.04 sec so far
Iteration 273: max relative diff=0.000582, 15.07 sec so far
Iteration 364: max relative diff=0.000293, 20.09 sec so far
Iteration 455: max relative diff=0.000162, 25.12 sec so far
Iteration 546: max relative diff=0.000093, 30.14 sec so far
Iteration 637: max relative diff=0.000056, 35.17 sec so far
Iteration 728: max relative diff=0.000034, 40.20 sec so far
Iteration 819: max relative diff=0.000021, 45.25 sec so far
Iteration 910: max relative diff=0.000013, 50.27 sec so far
Iteration 1001: max relative diff=0.000008, 55.29 sec so far
Iteration 1092: max relative diff=0.000005, 60.32 sec so far
Iteration 1183: max relative diff=0.000003, 65.34 sec so far
Iteration 1274: max relative diff=0.000002, 70.36 sec so far
Iteration 1365: max relative diff=0.000001, 75.38 sec so far

Iterative method: 1389 iterations in 76.70 seconds (average 0.055222, setup 4.74)

Value in the initial state: 0.6759130406039712

Time for model checking: 81.605 seconds.

Result: 0.6759130406039712 (value in the initial state)

