PRISM
=====

Version: 4.4.dev
Date: Sat Jun 16 21:26:55 IRDT 2018
Hostname: sadegh-H81M-S2PH
Memory limits: cudd=1g, java(heap)=2.1g
Command line: prism dns26.nm dns.pctl -s -gs -maxiters 90050 -epsilon 1e-6 -javamaxmem 2400m

Parsing model file "dns26.nm"...

Parsing properties file "dns.pctl"...

1 property:
(1) Pmax=? [ "pp" U "qq" ]

Type:        MDP
Modules:     m1 m2 m3 
Variables:   s1 s2 s3 

---------------------------------------------------------------------

Model checking: Pmax=? [ "pp" U "qq" ]

Building model...

Computing reachable states...

Reachability (BFS): 3 iterations in 0.00 seconds (average 0.000333, setup 0.00)

Time for model construction: 5.576 seconds.

Type:        MDP
States:      6400 (1 initial)
Transitions: 102141785
Choices:     19200

Transition matrix: 5688927 nodes (312620 terminal), 102141785 minterms, vars: 14r/14c/3nd

Prob0A: 2 iterations in 0.01 seconds (average 0.004000, setup 0.00)

Prob1E: 4 iterations in 0.00 seconds (average 0.000500, setup 0.00)

yes = 10, no = 78, maybe = 6312

Computing remaining probabilities...
Engine: Sparse

Building sparse matrix(FOR GS)... [n=6400, nc=18936, nnz=100732331, k=3] [1.1 GB]
Creating vector for yes...[50.0 KB]
Allocating iteration vectors... [2 x 50.0 KB]
TOTAL: [1.1 GB]

Starting iterations...
Iteration 30: max relative diff=0.020419, 5.04 sec so far
Iteration 60: max relative diff=0.005572, 10.07 sec so far
Iteration 90: max relative diff=0.001964, 15.11 sec so far
Iteration 120: max relative diff=0.000750, 20.15 sec so far
Iteration 150: max relative diff=0.000295, 25.18 sec so far
Iteration 180: max relative diff=0.000117, 30.22 sec so far
Iteration 210: max relative diff=0.000047, 35.26 sec so far
Iteration 240: max relative diff=0.000019, 40.30 sec so far
Iteration 270: max relative diff=0.000008, 45.34 sec so far
Iteration 300: max relative diff=0.000003, 50.38 sec so far
Iteration 330: max relative diff=0.000001, 55.42 sec so far

Iterative method: 337 iterations in 56.59 seconds (average 0.167935, setup 8.98)

Value in the initial state: 0.2003816229355877

Time for model checking: 66.099 seconds.

Result: 0.2003816229355877 (value in the initial state)

