PRISM
=====

Version: 4.4.dev
Date: Tue Jun 19 17:50:53 IRDT 2018
Hostname: sadegh-H81M-S2PH
Memory limits: cudd=1g, java(heap)=2.1g
Command line: prism dns187.nm dns.pctl -s -backwardvaliter -maxiters 90050 -epsilon 1e-6 -javamaxmem 2400m

Parsing model file "dns187.nm"...

Parsing properties file "dns.pctl"...

1 property:
(1) Pmax=? [ "pp" U "qq" ]

Type:        MDP
Modules:     m1 m2 m3 
Variables:   s1 s2 s3 

---------------------------------------------------------------------

Model checking: Pmax=? [ "pp" U "qq" ]

Building model...

Computing reachable states...

Reachability (BFS): 4 iterations in 0.01 seconds (average 0.002000, setup 0.00)

Time for model construction: 3.186 seconds.

Type:        MDP
States:      10000 (1 initial)
Transitions: 3655383
Choices:     50000

Transition matrix: 4354903 nodes (900553 terminal), 3655383 minterms, vars: 14r/14c/5nd

Prob0A: 3 iterations in 0.01 seconds (average 0.004000, setup 0.00)

Prob1E: 26 iterations in 0.06 seconds (average 0.002462, setup 0.00)

yes = 455, no = 200, maybe = 9345

Computing remaining probabilities...
Engine: Sparse

Building sparse matrix(FOR GS)... [n=10000, nc=46725, nnz=3421751, k=5] [39.2 MB]
Creating vector for yes...[78.1 KB]
Allocating iteration vectors... [2 x 78.1 KB]
TOTAL: [39.4 MB]

Starting iterations...

Iterative method: 142 iterations in 1.03 seconds (average 0.007275, setup 1.08)

Value in the initial state: 0.9779618487109423

Time for model checking: 2.232 seconds.

Result: 0.9779618487109423 (value in the initial state)

Warning: CUDD reports 4169510 non-zero references.

