PRISM
=====

Version: 4.4.dev
Date: Sun May 20 18:14:57 IRDT 2018
Hostname: sadegh-H81M-S2PH
Memory limits: cudd=1g, java(heap)=2.1g
Command line: prism dns72.nm dns.pctl -s -improvedmodpoliter -maxiters 90050 -epsilon 1e-8 -javamaxmem 2400m

Parsing model file "dns72.nm"...

Parsing properties file "dns.pctl"...

1 property:
(1) Pmax=? [ "pp" U "qq" ]

Type:        MDP
Modules:     m1 m2 m3 
Variables:   s1 s2 s3 

---------------------------------------------------------------------

Model checking: Pmax=? [ "pp" U "qq" ]

Building model...

Computing reachable states...

Reachability (BFS): 2 iterations in 0.00 seconds (average 0.001000, setup 0.00)

Time for model construction: 17.313 seconds.

Type:        MDP
States:      8000 (1 initial)
Transitions: 220153013
Choices:     48000

Transition matrix: 19420336 nodes (353760 terminal), 220153013 minterms, vars: 15r/15c/6nd

Prob0A: 2 iterations in 0.01 seconds (average 0.004000, setup 0.00)

Prob1E: 4 iterations in 0.01 seconds (average 0.001750, setup 0.00)

yes = 10, no = 45, maybe = 7945

Computing remaining probabilities...
Engine: Sparse

Building sparse matrix (FOR POLICY ITERASION)... [n=8000, nc=47670, nnz=218646042, k=6] [2.4 GB]
Creating vector for yes...[62.5 KB]
Allocating iteration vectors... [2 x 62.5 KB]
TOTAL: [2.4 GB]

Starting iterations...
Iteration 204: max relative diff=0.010141, 7.06 sec so far
Iteration 408: max relative diff=0.000459, 14.19 sec so far
Iteration 612: max relative diff=0.000011, 21.35 sec so far
Iteration 816: max relative diff=0.000001, 28.51 sec so far
Iteration 1020: max relative diff=0.000000, 35.65 sec so far

Iterative method: 1076 iterations in 37.77 seconds (average 0.035100, setup 14.72)

Value in the initial state: 0.320902445856559

Time for model checking: 53.326 seconds.

Result: 0.320902445856559 (value in the initial state)

