PRISM
=====

Version: 4.4.dev
Date: Sun Jun 17 01:29:54 IRDT 2018
Hostname: sadegh-H81M-S2PH
Memory limits: cudd=1g, java(heap)=2.1g
Command line: prism dns39.nm dns.pctl -s -bucketvaliter2 -maxiters 90050 -javamaxmem 2400m

Parsing model file "dns39.nm"...

Parsing properties file "dns.pctl"...

1 property:
(1) Pmax=? [ "pp" U "qq" ]

Type:        MDP
Modules:     m1 m2 m3 
Variables:   s1 s2 s3 

---------------------------------------------------------------------

Model checking: Pmax=? [ "pp" U "qq" ]

Building model...

Computing reachable states...

Reachability (BFS): 2 iterations in 0.00 seconds (average 0.001000, setup 0.00)

Time for model construction: 10.736 seconds.

Type:        MDP
States:      8000 (1 initial)
Transitions: 208082158
Choices:     32000

Transition matrix: 10460463 nodes (210733 terminal), 208082158 minterms, vars: 15r/15c/4nd

Prob0A: 2 iterations in 0.00 seconds (average 0.002000, setup 0.00)

Prob1E: 4 iterations in 0.00 seconds (average 0.000500, setup 0.00)

yes = 10, no = 78, maybe = 7912

Computing remaining probabilities...
Engine: Sparse

Building sparse matrix(FOR GS)... [n=8000, nc=31648, nnz=205806892, k=4] [2.3 GB]
Creating vector for yes...[62.5 KB]
Allocating iteration vectors... [2 x 62.5 KB]
TOTAL: [2.3 GB]

Starting iterations...

Iterative method: 1404080 iterations in 500.27 seconds (average 0.000356, setup 19.05)

Value in the initial state: 0.17375789126382712

Time for model checking: 524.381 seconds.

Result: 0.17375789126382712 (value in the initial state)

