PRISM
=====

Version: 4.4.dev
Date: Sun May 20 14:28:14 IRDT 2018
Hostname: sadegh-H81M-S2PH
Memory limits: cudd=1g, java(heap)=2.1g
Command line: prism dns44.nm dns.pctl -s -improvedmodpoliter -maxiters 90050 -epsilon 1e-8 -javamaxmem 2400m

Parsing model file "dns44.nm"...

Parsing properties file "dns.pctl"...

1 property:
(1) Pmax=? [ "pp" U "qq" ]

Type:        MDP
Modules:     m1 m2 m3 
Variables:   s1 s2 s3 

---------------------------------------------------------------------

Model checking: Pmax=? [ "pp" U "qq" ]

Building model...

Computing reachable states...

Reachability (BFS): 2 iterations in 0.00 seconds (average 0.000500, setup 0.00)

Time for model construction: 12.036 seconds.

Type:        MDP
States:      9600 (1 initial)
Transitions: 260279538
Choices:     38400

Transition matrix: 16689425 nodes (312477 terminal), 260279538 minterms, vars: 15r/15c/4nd

Prob0A: 2 iterations in 0.00 seconds (average 0.002000, setup 0.00)

Prob1E: 4 iterations in 0.00 seconds (average 0.000500, setup 0.00)

yes = 10, no = 78, maybe = 9512

Computing remaining probabilities...
Engine: Sparse

Building sparse matrix (FOR POLICY ITERASION)... [n=9600, nc=38048, nnz=257911810, k=4] [2.9 GB]
Creating vector for yes...[75.0 KB]
Allocating iteration vectors... [2 x 75.0 KB]
TOTAL: [2.9 GB]

Starting iterations...
Iteration 102: max relative diff=0.146194, 6.10 sec so far
Iteration 204: max relative diff=0.012758, 12.32 sec so far
Iteration 306: max relative diff=0.001754, 18.51 sec so far
Iteration 408: max relative diff=0.000269, 24.69 sec so far
Iteration 510: max relative diff=0.000037, 30.87 sec so far
Iteration 612: max relative diff=0.000004, 37.04 sec so far
Iteration 714: max relative diff=0.000000, 43.22 sec so far
Iteration 816: max relative diff=0.000000, 49.39 sec so far
Iteration 914: max relative diff=0.000000, 55.56 sec so far

Iterative method: 914 iterations in 55.56 seconds (average 0.060791, setup 17.13)

Value in the initial state: 0.1909268832157555

Time for model checking: 74.052 seconds.

Result: 0.1909268832157555 (value in the initial state)

