PRISM
=====

Version: 4.4.dev
Date: Sun May 20 16:23:05 IRDT 2018
Hostname: sadegh-H81M-S2PH
Memory limits: cudd=1g, java(heap)=2.1g
Command line: prism dns66.nm dns.pctl -s -explicitmodpoliter -maxiters 90050 -epsilon 1e-8 -javamaxmem 2400m

Parsing model file "dns66.nm"...

Parsing properties file "dns.pctl"...

1 property:
(1) Pmax=? [ "pp" U "qq" ]

Type:        MDP
Modules:     m1 m2 m3 
Variables:   s1 s2 s3 

---------------------------------------------------------------------

Model checking: Pmax=? [ "pp" U "qq" ]

Building model...

Computing reachable states...

Reachability (BFS): 3 iterations in 0.00 seconds (average 0.000333, setup 0.00)

Time for model construction: 4.695 seconds.

Type:        MDP
States:      6400 (1 initial)
Transitions: 74622744
Choices:     19200

Transition matrix: 6628159 nodes (410768 terminal), 74622744 minterms, vars: 14r/14c/3nd

Prob0A: 2 iterations in 0.00 seconds (average 0.002000, setup 0.00)

Prob1E: 4 iterations in 0.00 seconds (average 0.000250, setup 0.00)

yes = 10, no = 28, maybe = 6362

Computing remaining probabilities...
Engine: Sparse

Building sparse matrix (FOR POLICY ITERASION)... [n=6400, nc=19086, nnz=74182185, k=3] [849.0 MB]
Creating vector for yes...[50.0 KB]
Allocating iteration vectors... [2 x 50.0 KB]
TOTAL: [849.2 MB]

Starting iterations...
Iteration 303: max relative diff=0.002461, 6.70 sec so far
Iteration 606: max relative diff=0.000014, 13.60 sec so far
Iteration 909: max relative diff=0.000000, 20.51 sec so far

Iterative method: 1022 iterations in 23.16 seconds (average 0.022659, setup 4.46)

Value in the initial state: 0.4027390310181427

Time for model checking: 27.989 seconds.

Result: 0.4027390310181427 (value in the initial state)

