PRISM
=====

Version: 4.4.dev
Date: Sun May 20 12:10:31 IRDT 2018
Hostname: sadegh-H81M-S2PH
Memory limits: cudd=1g, java(heap)=2.1g
Command line: prism dns22.nm dns.pctl -s -improvedmodpoliter2 -maxiters 90050 -epsilon 1e-8 -javamaxmem 2400m

Parsing model file "dns22.nm"...

Parsing properties file "dns.pctl"...

1 property:
(1) Pmax=? [ "pp" U "qq" ]

Type:        MDP
Modules:     m1 m2 m3 
Variables:   s1 s2 s3 

---------------------------------------------------------------------

Model checking: Pmax=? [ "pp" U "qq" ]

Building model...

Computing reachable states...

Reachability (BFS): 2 iterations in 0.00 seconds (average 0.000000, setup 0.00)

Time for model construction: 6.888 seconds.

Type:        MDP
States:      6400 (1 initial)
Transitions: 172105980
Choices:     32000

Transition matrix: 9537715 nodes (698456 terminal), 172105980 minterms, vars: 14r/14c/5nd

Prob0A: 2 iterations in 0.00 seconds (average 0.001000, setup 0.00)

Prob1E: 4 iterations in 0.00 seconds (average 0.000250, setup 0.00)

yes = 10, no = 10, maybe = 6380

Computing remaining probabilities...
Engine: Sparse

Building sparse matrix (FOR POLICY ITERASION)... [n=6400, nc=31900, nnz=171551232, k=5] [1.9 GB]
Creating vector for yes...[50.0 KB]
Allocating iteration vectors... [2 x 50.0 KB]
TOTAL: [1.9 GB]

Starting iterations...
Iteration 505: max relative diff=0.004552, 5.84 sec so far
Iteration 1010: max relative diff=0.000437, 11.50 sec so far
Iteration 1515: max relative diff=0.000098, 17.19 sec so far
Iteration 2020: max relative diff=0.000017, 22.85 sec so far
Iteration 2525: max relative diff=0.000005, 28.52 sec so far
Iteration 3030: max relative diff=0.000002, 34.43 sec so far
Iteration 3535: max relative diff=0.000001, 40.34 sec so far
Iteration 4040: max relative diff=0.000000, 46.32 sec so far
Iteration 4545: max relative diff=0.000000, 52.26 sec so far
Iteration 5050: max relative diff=0.000000, 58.29 sec so far

Iterative method: 5454 iterations in 62.94 seconds (average 0.011540, setup 7.55)


Number of scallar multiplications: 60875M 

Value in the initial state: 0.7481039375645527

Time for model checking: 71.595 seconds.

Result: 0.7481039375645527 (value in the initial state)

