PRISM
=====

Version: 4.4.dev
Date: Mon May 21 00:15:40 IRDT 2018
Hostname: sadegh-H81M-S2PH
Memory limits: cudd=1g, java(heap)=2.1g
Command line: prism dns132.nm dns.pctl -s -modpoliter -maxiters 90050 -epsilon 1e-8 -javamaxmem 2400m

Parsing model file "dns132.nm"...

Parsing properties file "dns.pctl"...

1 property:
(1) Pmax=? [ "pp" U "qq" ]

Type:        MDP
Modules:     m1 m2 m3 
Variables:   s1 s2 s3 

---------------------------------------------------------------------

Model checking: Pmax=? [ "pp" U "qq" ]

Building model...

Computing reachable states...

Reachability (BFS): 3 iterations in 0.02 seconds (average 0.005333, setup 0.00)

Time for model construction: 12.525 seconds.

Type:        MDP
States:      8000 (1 initial)
Transitions: 78360185
Choices:     32000

Transition matrix: 16262745 nodes (531362 terminal), 78360185 minterms, vars: 15r/15c/4nd

Prob0A: 2 iterations in 0.00 seconds (average 0.001500, setup 0.00)

Prob1E: 4 iterations in 0.00 seconds (average 0.000250, setup 0.00)

yes = 10, no = 21, maybe = 7969

Computing remaining probabilities...
Engine: Sparse

Building sparse matrix (FOR POLICY ITERASION)... [n=8000, nc=31876, nnz=78047968, k=4] [893.3 MB]
Creating vector for yes...[62.5 KB]
Allocating iteration vectors... [2 x 62.5 KB]
TOTAL: [893.5 MB]

Starting iterations...
Iteration 303: max relative diff=0.007121, 6.28 sec so far
Iteration 606: max relative diff=0.000784, 12.74 sec so far
Iteration 909: max relative diff=0.000068, 19.22 sec so far
Iteration 1212: max relative diff=0.000009, 25.73 sec so far
Iteration 1515: max relative diff=0.000001, 32.22 sec so far
Iteration 1818: max relative diff=0.000000, 38.72 sec so far
Iteration 2121: max relative diff=0.000000, 45.22 sec so far

Iterative method: 2346 iterations in 50.08 seconds (average 0.021346, setup 7.19)

Value in the initial state: 0.6065326452783334

Time for model checking: 57.528 seconds.

Result: 0.6065326452783334 (value in the initial state)

