PRISM
=====

Version: 4.4.dev
Date: Tue Jun 19 19:13:08 IRDT 2018
Hostname: sadegh-H81M-S2PH
Memory limits: cudd=1g, java(heap)=2.1g
Command line: prism dns199.nm dns.pctl -s -gs -maxiters 90050 -epsilon 1e-6 -javamaxmem 2400m

Parsing model file "dns199.nm"...

Parsing properties file "dns.pctl"...

1 property:
(1) Pmax=? [ "pp" U "qq" ]

Type:        MDP
Modules:     m1 m2 m3 
Variables:   s1 s2 s3 

---------------------------------------------------------------------

Model checking: Pmax=? [ "pp" U "qq" ]

Building model...

Computing reachable states...

Reachability (BFS): 5 iterations in 0.00 seconds (average 0.000600, setup 0.00)

Time for model construction: 7.456 seconds.

Type:        MDP
States:      12800 (1 initial)
Transitions: 9619689
Choices:     38400

Transition matrix: 8941635 nodes (364978 terminal), 9619689 minterms, vars: 15r/15c/3nd

Prob0A: 4 iterations in 0.00 seconds (average 0.001000, setup 0.00)

Prob1E: 45 iterations in 0.03 seconds (average 0.000733, setup 0.00)

yes = 10, no = 21, maybe = 12769

Computing remaining probabilities...
Engine: Sparse

Building sparse matrix(FOR GS)... [n=12800, nc=38307, nnz=9596832, k=3] [110.0 MB]
Creating vector for yes...[100.0 KB]
Allocating iteration vectors... [2 x 100.0 KB]
TOTAL: [110.3 MB]

Starting iterations...
Iteration 304: max relative diff=0.001194, 5.01 sec so far
Iteration 608: max relative diff=0.000370, 10.02 sec so far
Iteration 912: max relative diff=0.000187, 15.03 sec so far
Iteration 1216: max relative diff=0.000118, 20.03 sec so far
Iteration 1520: max relative diff=0.000082, 25.04 sec so far
Iteration 1824: max relative diff=0.000060, 30.05 sec so far
Iteration 2129: max relative diff=0.000045, 35.06 sec so far
Iteration 2433: max relative diff=0.000035, 40.07 sec so far
Iteration 2737: max relative diff=0.000029, 45.08 sec so far
Iteration 3041: max relative diff=0.000025, 50.08 sec so far
Iteration 3345: max relative diff=0.000021, 55.08 sec so far
Iteration 3649: max relative diff=0.000018, 60.09 sec so far
Iteration 3953: max relative diff=0.000016, 65.09 sec so far
Iteration 4257: max relative diff=0.000014, 70.10 sec so far
Iteration 4561: max relative diff=0.000013, 75.11 sec so far
Iteration 4865: max relative diff=0.000012, 80.12 sec so far
Iteration 5169: max relative diff=0.000010, 85.12 sec so far
Iteration 5473: max relative diff=0.000009, 90.13 sec so far
Iteration 5777: max relative diff=0.000009, 95.14 sec so far
Iteration 6081: max relative diff=0.000008, 100.14 sec so far
Iteration 6385: max relative diff=0.000007, 105.15 sec so far
Iteration 6689: max relative diff=0.000007, 110.15 sec so far
Iteration 6993: max relative diff=0.000006, 115.16 sec so far
Iteration 7297: max relative diff=0.000006, 120.16 sec so far
Iteration 7602: max relative diff=0.000005, 125.18 sec so far
Iteration 7906: max relative diff=0.000005, 130.18 sec so far
Iteration 8210: max relative diff=0.000005, 135.19 sec so far
Iteration 8514: max relative diff=0.000004, 140.19 sec so far
Iteration 8818: max relative diff=0.000004, 145.19 sec so far
Iteration 9122: max relative diff=0.000004, 150.20 sec so far
Iteration 9426: max relative diff=0.000004, 155.20 sec so far
Iteration 9730: max relative diff=0.000004, 160.20 sec so far
Iteration 10034: max relative diff=0.000003, 165.21 sec so far
Iteration 10338: max relative diff=0.000003, 170.21 sec so far
Iteration 10643: max relative diff=0.000003, 175.22 sec so far
Iteration 10948: max relative diff=0.000003, 180.24 sec so far
Iteration 11253: max relative diff=0.000003, 185.25 sec so far
Iteration 11557: max relative diff=0.000003, 190.26 sec so far
Iteration 11861: max relative diff=0.000003, 195.26 sec so far
Iteration 12165: max relative diff=0.000003, 200.27 sec so far
Iteration 12470: max relative diff=0.000002, 205.28 sec so far
Iteration 12774: max relative diff=0.000002, 210.29 sec so far
Iteration 13078: max relative diff=0.000002, 215.29 sec so far
Iteration 13382: max relative diff=0.000002, 220.30 sec so far
Iteration 13687: max relative diff=0.000002, 225.31 sec so far
Iteration 13991: max relative diff=0.000002, 230.32 sec so far
Iteration 14295: max relative diff=0.000002, 235.32 sec so far
Iteration 14599: max relative diff=0.000002, 240.33 sec so far
Iteration 14903: max relative diff=0.000002, 245.33 sec so far
Iteration 15207: max relative diff=0.000002, 250.34 sec so far
Iteration 15511: max relative diff=0.000002, 255.35 sec so far
Iteration 15815: max relative diff=0.000002, 260.36 sec so far
Iteration 16119: max relative diff=0.000002, 265.37 sec so far
Iteration 16423: max relative diff=0.000002, 270.38 sec so far
Iteration 16727: max relative diff=0.000001, 275.38 sec so far
Iteration 17031: max relative diff=0.000001, 280.38 sec so far
Iteration 17336: max relative diff=0.000001, 285.40 sec so far
Iteration 17640: max relative diff=0.000001, 290.41 sec so far
Iteration 17944: max relative diff=0.000001, 295.42 sec so far
Iteration 18248: max relative diff=0.000001, 300.43 sec so far
Iteration 18552: max relative diff=0.000001, 305.43 sec so far
Iteration 18856: max relative diff=0.000001, 310.44 sec so far
Iteration 19160: max relative diff=0.000001, 315.44 sec so far
Iteration 19464: max relative diff=0.000001, 320.45 sec so far
Iteration 19769: max relative diff=0.000001, 325.45 sec so far

Iterative method: 19774 iterations in 325.54 seconds (average 0.016463, setup 2.65)

Value in the initial state: 0.9519047296560736

Time for model checking: 328.394 seconds.

Result: 0.9519047296560736 (value in the initial state)

