PRISM
=====

Version: 4.4.dev
Date: Mon May 21 01:37:08 IRDT 2018
Hostname: sadegh-H81M-S2PH
Memory limits: cudd=1g, java(heap)=2.1g
Command line: prism dns156.nm dns.pctl -s -modpoliter -maxiters 90050 -epsilon 1e-8 -javamaxmem 2400m

Parsing model file "dns156.nm"...

Parsing properties file "dns.pctl"...

1 property:
(1) Pmax=? [ "pp" U "qq" ]

Type:        MDP
Modules:     m1 m2 m3 
Variables:   s1 s2 s3 

---------------------------------------------------------------------

Model checking: Pmax=? [ "pp" U "qq" ]

Building model...

Computing reachable states...

Reachability (BFS): 3 iterations in 0.01 seconds (average 0.001667, setup 0.00)

Time for model construction: 7.645 seconds.

Type:        MDP
States:      6400 (1 initial)
Transitions: 36857664
Choices:     25600

Transition matrix: 10014258 nodes (545075 terminal), 36857664 minterms, vars: 14r/14c/4nd

Prob0A: 3 iterations in 0.01 seconds (average 0.003333, setup 0.00)

Prob1E: 4 iterations in 0.00 seconds (average 0.000500, setup 0.00)

yes = 10, no = 55, maybe = 6335

Computing remaining probabilities...
Engine: Sparse

Building sparse matrix (FOR POLICY ITERASION)... [n=6400, nc=25340, nnz=36486026, k=4] [417.7 MB]
Creating vector for yes...[50.0 KB]
Allocating iteration vectors... [2 x 50.0 KB]
TOTAL: [417.8 MB]

Starting iterations...
Iteration 505: max relative diff=0.000419, 5.36 sec so far
Iteration 1010: max relative diff=0.000000, 10.75 sec so far

Iterative method: 1248 iterations in 13.17 seconds (average 0.010550, setup 4.01)

Value in the initial state: 0.32234867980492604

Time for model checking: 17.306 seconds.

Result: 0.32234867980492604 (value in the initial state)

