PRISM
=====

Version: 4.4.dev
Date: Mon Jun 18 00:37:47 IRDT 2018
Hostname: sadegh-H81M-S2PH
Memory limits: cudd=1g, java(heap)=2.1g
Command line: prism dns89.nm dns.pctl -s -backwardvaliter -maxiters 90050 -epsilon 1e-6 -javamaxmem 2400m

Parsing model file "dns89.nm"...

Parsing properties file "dns.pctl"...

1 property:
(1) Pmax=? [ "pp" U "qq" ]

Type:        MDP
Modules:     m1 m2 m3 
Variables:   s1 s2 s3 

---------------------------------------------------------------------

Model checking: Pmax=? [ "pp" U "qq" ]

Building model...

Computing reachable states...

Reachability (BFS): 3 iterations in 0.00 seconds (average 0.001000, setup 0.00)

Time for model construction: 14.81 seconds.

Type:        MDP
States:      6400 (1 initial)
Transitions: 121114971
Choices:     38400

Transition matrix: 14521556 nodes (733273 terminal), 121114971 minterms, vars: 14r/14c/6nd

Prob0A: 2 iterations in 0.01 seconds (average 0.002500, setup 0.00)

Prob1E: 4 iterations in 0.00 seconds (average 0.000750, setup 0.00)

yes = 10, no = 28, maybe = 6362

Computing remaining probabilities...
Engine: Sparse

Building sparse matrix(FOR GS)... [n=6400, nc=38172, nnz=120392789, k=6] [1.3 GB]
Creating vector for yes...[50.0 KB]
Allocating iteration vectors... [2 x 50.0 KB]
TOTAL: [1.3 GB]

Starting iterations...
Iteration 21: max relative diff=0.035595, 5.11 sec so far
Iteration 46: max relative diff=0.010330, 10.12 sec so far
Iteration 71: max relative diff=0.004661, 15.13 sec so far
Iteration 96: max relative diff=0.002560, 20.14 sec so far
Iteration 121: max relative diff=0.001568, 25.16 sec so far
Iteration 146: max relative diff=0.001026, 30.18 sec so far
Iteration 171: max relative diff=0.000701, 35.24 sec so far
Iteration 196: max relative diff=0.000493, 40.27 sec so far
Iteration 221: max relative diff=0.000353, 45.28 sec so far
Iteration 246: max relative diff=0.000257, 50.30 sec so far
Iteration 271: max relative diff=0.000189, 55.31 sec so far
Iteration 296: max relative diff=0.000140, 60.33 sec so far
Iteration 321: max relative diff=0.000104, 65.35 sec so far
Iteration 346: max relative diff=0.000078, 70.36 sec so far
Iteration 371: max relative diff=0.000059, 75.37 sec so far
Iteration 396: max relative diff=0.000044, 80.38 sec so far
Iteration 421: max relative diff=0.000033, 85.39 sec so far
Iteration 446: max relative diff=0.000025, 90.41 sec so far
Iteration 471: max relative diff=0.000019, 95.42 sec so far
Iteration 496: max relative diff=0.000015, 100.44 sec so far
Iteration 521: max relative diff=0.000011, 105.46 sec so far
Iteration 546: max relative diff=0.000008, 110.47 sec so far
Iteration 571: max relative diff=0.000006, 115.48 sec so far
Iteration 596: max relative diff=0.000005, 120.50 sec so far
Iteration 621: max relative diff=0.000004, 125.51 sec so far
Iteration 646: max relative diff=0.000003, 130.52 sec so far
Iteration 671: max relative diff=0.000002, 135.53 sec so far
Iteration 696: max relative diff=0.000002, 140.55 sec so far
Iteration 721: max relative diff=0.000001, 145.56 sec so far

Iterative method: 740 iterations in 149.37 seconds (average 0.201853, setup 12.74)

Value in the initial state: 0.5968405611949191

Time for model checking: 162.601 seconds.

Result: 0.5968405611949191 (value in the initial state)

Warning: CUDD reports 15059898 non-zero references.

