PRISM
=====

Version: 4.4.dev
Date: Tue Jun 19 17:28:23 IRDT 2018
Hostname: sadegh-H81M-S2PH
Memory limits: cudd=1g, java(heap)=2.1g
Command line: prism dns181.nm dns.pctl -s -backwardvaliter -maxiters 90050 -epsilon 1e-6 -javamaxmem 2400m

Parsing model file "dns181.nm"...

Parsing properties file "dns.pctl"...

1 property:
(1) Pmax=? [ "pp" U "qq" ]

Type:        MDP
Modules:     m1 m2 m3 
Variables:   s1 s2 s3 

---------------------------------------------------------------------

Model checking: Pmax=? [ "pp" U "qq" ]

Building model...

Computing reachable states...

Reachability (BFS): 4 iterations in 0.00 seconds (average 0.000750, setup 0.00)

Time for model construction: 10.323 seconds.

Type:        MDP
States:      12000 (1 initial)
Transitions: 18804240
Choices:     24000

Transition matrix: 11445599 nodes (359321 terminal), 18804240 minterms, vars: 15r/15c/2nd

Prob0A: 3 iterations in 0.01 seconds (average 0.002333, setup 0.00)

Prob1E: 11 iterations in 0.01 seconds (average 0.000909, setup 0.00)

yes = 10, no = 45, maybe = 11945

Computing remaining probabilities...
Engine: Sparse

Building sparse matrix(FOR GS)... [n=12000, nc=23890, nnz=18723690, k=2] [214.4 MB]
Creating vector for yes...[93.8 KB]
Allocating iteration vectors... [2 x 93.8 KB]
TOTAL: [214.7 MB]

Starting iterations...
Iteration 154: max relative diff=0.003131, 5.04 sec so far
Iteration 310: max relative diff=0.000903, 10.04 sec so far
Iteration 466: max relative diff=0.000354, 15.05 sec so far
Iteration 622: max relative diff=0.000155, 20.07 sec so far
Iteration 778: max relative diff=0.000071, 25.08 sec so far
Iteration 934: max relative diff=0.000033, 30.09 sec so far
Iteration 1090: max relative diff=0.000016, 35.10 sec so far
Iteration 1246: max relative diff=0.000007, 40.12 sec so far
Iteration 1402: max relative diff=0.000003, 45.14 sec so far
Iteration 1558: max relative diff=0.000002, 50.17 sec so far

Iterative method: 1664 iterations in 53.58 seconds (average 0.032200, setup 4.28)

Value in the initial state: 0.3560352146656695

Time for model checking: 57.957 seconds.

Result: 0.3560352146656695 (value in the initial state)

Warning: CUDD reports 11494070 non-zero references.

