PRISM
=====

Version: 4.4.dev
Date: Sun May 20 23:53:35 IRDT 2018
Hostname: sadegh-H81M-S2PH
Memory limits: cudd=1g, java(heap)=2.1g
Command line: prism dns125.nm dns.pctl -s -improvedmodpoliter -maxiters 90050 -epsilon 1e-8 -javamaxmem 2400m

Parsing model file "dns125.nm"...

Parsing properties file "dns.pctl"...

1 property:
(1) Pmax=? [ "pp" U "qq" ]

Type:        MDP
Modules:     m1 m2 m3 
Variables:   s1 s2 s3 

---------------------------------------------------------------------

Model checking: Pmax=? [ "pp" U "qq" ]

Building model...

Computing reachable states...

Reachability (BFS): 3 iterations in 0.00 seconds (average 0.001333, setup 0.00)

Time for model construction: 12.003 seconds.

Type:        MDP
States:      9200 (1 initial)
Transitions: 76486730
Choices:     27600

Transition matrix: 15229371 nodes (448412 terminal), 76486730 minterms, vars: 15r/15c/3nd

Prob0A: 3 iterations in 0.00 seconds (average 0.000667, setup 0.00)

Prob1E: 9 iterations in 0.01 seconds (average 0.000556, setup 0.00)

yes = 10, no = 10, maybe = 9180

Computing remaining probabilities...
Engine: Sparse

Building sparse matrix (FOR POLICY ITERASION)... [n=9200, nc=27540, nnz=76292282, k=3] [873.2 MB]
Creating vector for yes...[71.9 KB]
Allocating iteration vectors... [2 x 71.9 KB]
TOTAL: [873.4 MB]

Starting iterations...
Iteration 306: max relative diff=0.010052, 6.80 sec so far
Iteration 612: max relative diff=0.001404, 13.67 sec so far
Iteration 918: max relative diff=0.000509, 20.49 sec so far
Iteration 1224: max relative diff=0.000324, 27.27 sec so far
Iteration 1530: max relative diff=0.000069, 34.05 sec so far
Iteration 1836: max relative diff=0.000025, 40.80 sec so far
Iteration 2142: max relative diff=0.000012, 47.55 sec so far
Iteration 2448: max relative diff=0.000004, 54.37 sec so far
Iteration 2754: max relative diff=0.000002, 61.31 sec so far
Iteration 3060: max relative diff=0.000001, 68.31 sec so far
Iteration 3366: max relative diff=0.000001, 75.33 sec so far
Iteration 3672: max relative diff=0.000000, 82.34 sec so far
Iteration 3978: max relative diff=0.000000, 89.06 sec so far
Iteration 4284: max relative diff=0.000000, 95.97 sec so far
Iteration 4590: max relative diff=0.000000, 102.90 sec so far
Iteration 4896: max relative diff=0.000000, 109.79 sec so far
Iteration 5202: max relative diff=0.000000, 116.53 sec so far

Iterative method: 5304 iterations in 118.89 seconds (average 0.022415, setup 7.21)

Value in the initial state: 0.7449877713509397

Time for model checking: 126.438 seconds.

Result: 0.7449877713509397 (value in the initial state)

