PRISM
=====

Version: 4.4.dev
Date: Sat Jun 16 16:42:30 IRDT 2018
Hostname: sadegh-H81M-S2PH
Memory limits: cudd=1g, java(heap)=2.1g
Command line: prism dns9.nm dns.pctl -s -gs -maxiters 90050 -epsilon 1e-6 -javamaxmem 2400m

Parsing model file "dns9.nm"...

Parsing properties file "dns.pctl"...

1 property:
(1) Pmax=? [ "pp" U "qq" ]

Type:        MDP
Modules:     m1 m2 m3 
Variables:   s1 s2 s3 

---------------------------------------------------------------------

Model checking: Pmax=? [ "pp" U "qq" ]

Building model...

Computing reachable states...

Reachability (BFS): 2 iterations in 0.00 seconds (average 0.000000, setup 0.00)

Time for model construction: 4.615 seconds.

Type:        MDP
States:      6400 (1 initial)
Transitions: 159042326
Choices:     25600

Transition matrix: 4537762 nodes (126234 terminal), 159042326 minterms, vars: 14r/14c/4nd

Prob0A: 2 iterations in 0.00 seconds (average 0.000500, setup 0.00)

Prob1E: 4 iterations in 0.00 seconds (average 0.000750, setup 0.00)

yes = 10, no = 45, maybe = 6345

Computing remaining probabilities...
Engine: Sparse

Building sparse matrix(FOR GS)... [n=6400, nc=25380, nnz=157664502, k=4] [1.8 GB]
Creating vector for yes...[50.0 KB]
Allocating iteration vectors... [2 x 50.0 KB]
TOTAL: [1.8 GB]

Starting iterations...
Iteration 20: max relative diff=0.042708, 5.25 sec so far
Iteration 40: max relative diff=0.016399, 10.51 sec so far
Iteration 60: max relative diff=0.008467, 15.76 sec so far
Iteration 80: max relative diff=0.004907, 21.01 sec so far
Iteration 100: max relative diff=0.003022, 26.27 sec so far
Iteration 120: max relative diff=0.001925, 31.52 sec so far
Iteration 140: max relative diff=0.001254, 36.77 sec so far
Iteration 160: max relative diff=0.000830, 42.02 sec so far
Iteration 180: max relative diff=0.000554, 47.27 sec so far
Iteration 200: max relative diff=0.000372, 52.52 sec so far
Iteration 220: max relative diff=0.000251, 57.78 sec so far
Iteration 240: max relative diff=0.000170, 63.03 sec so far
Iteration 260: max relative diff=0.000115, 68.28 sec so far
Iteration 280: max relative diff=0.000078, 73.53 sec so far
Iteration 300: max relative diff=0.000053, 78.79 sec so far
Iteration 320: max relative diff=0.000036, 84.04 sec so far
Iteration 340: max relative diff=0.000025, 89.30 sec so far
Iteration 360: max relative diff=0.000017, 94.56 sec so far
Iteration 380: max relative diff=0.000011, 99.81 sec so far
Iteration 400: max relative diff=0.000008, 105.07 sec so far
Iteration 420: max relative diff=0.000005, 110.32 sec so far
Iteration 440: max relative diff=0.000004, 115.58 sec so far
Iteration 460: max relative diff=0.000002, 120.84 sec so far
Iteration 480: max relative diff=0.000002, 126.10 sec so far
Iteration 500: max relative diff=0.000001, 131.36 sec so far

Iterative method: 507 iterations in 133.20 seconds (average 0.262720, setup 12.09)

Value in the initial state: 0.2567623034872766

Time for model checking: 146.149 seconds.

Result: 0.2567623034872766 (value in the initial state)

