PRISM
=====

Version: 4.4.dev
Date: Tue Jun 19 12:37:41 IRDT 2018
Hostname: sadegh-H81M-S2PH
Memory limits: cudd=1g, java(heap)=2.1g
Command line: prism dns160.nm dns.pctl -s -backwardvaliter -maxiters 90050 -epsilon 1e-6 -javamaxmem 2400m

Parsing model file "dns160.nm"...

Parsing properties file "dns.pctl"...

1 property:
(1) Pmax=? [ "pp" U "qq" ]

Type:        MDP
Modules:     m1 m2 m3 
Variables:   s1 s2 s3 

---------------------------------------------------------------------

Model checking: Pmax=? [ "pp" U "qq" ]

Building model...

Computing reachable states...

Reachability (BFS): 3 iterations in 0.00 seconds (average 0.001000, setup 0.00)

Time for model construction: 11.675 seconds.

Type:        MDP
States:      8000 (1 initial)
Transitions: 43512210
Choices:     24000

Transition matrix: 11803692 nodes (395493 terminal), 43512210 minterms, vars: 15r/15c/3nd

Prob0A: 3 iterations in 0.01 seconds (average 0.002000, setup 0.00)

Prob1E: 4 iterations in 0.00 seconds (average 0.000500, setup 0.00)

yes = 10, no = 78, maybe = 7912

Computing remaining probabilities...
Engine: Sparse

Building sparse matrix(FOR GS)... [n=8000, nc=23736, nnz=43031139, k=3] [492.6 MB]
Creating vector for yes...[62.5 KB]
Allocating iteration vectors... [2 x 62.5 KB]
TOTAL: [492.8 MB]

Starting iterations...
Iteration 63: max relative diff=0.006590, 5.06 sec so far
Iteration 132: max relative diff=0.001094, 10.07 sec so far
Iteration 201: max relative diff=0.000229, 15.09 sec so far
Iteration 270: max relative diff=0.000050, 20.10 sec so far
Iteration 339: max relative diff=0.000011, 25.11 sec so far
Iteration 408: max relative diff=0.000002, 30.12 sec so far

Iterative method: 449 iterations in 33.09 seconds (average 0.073699, setup 7.03)

Value in the initial state: 0.2328683359791917

Time for model checking: 40.371 seconds.

Result: 0.2328683359791917 (value in the initial state)

Warning: CUDD reports 12426015 non-zero references.

