PRISM
=====

Version: 4.4.dev
Date: Sun May 20 18:51:50 IRDT 2018
Hostname: sadegh-H81M-S2PH
Memory limits: cudd=1g, java(heap)=2.1g
Command line: prism dns80.nm dns.pctl -s -modpoliter -maxiters 90050 -epsilon 1e-8 -javamaxmem 2400m

Parsing model file "dns80.nm"...

Parsing properties file "dns.pctl"...

1 property:
(1) Pmax=? [ "pp" U "qq" ]

Type:        MDP
Modules:     m1 m2 m3 
Variables:   s1 s2 s3 

---------------------------------------------------------------------

Model checking: Pmax=? [ "pp" U "qq" ]

Building model...

Computing reachable states...

Reachability (BFS): 3 iterations in 0.00 seconds (average 0.000667, setup 0.00)

Time for model construction: 8.652 seconds.

Type:        MDP
States:      7200 (1 initial)
Transitions: 122593248
Choices:     28800

Transition matrix: 10869313 nodes (293525 terminal), 122593248 minterms, vars: 15r/15c/4nd

Prob0A: 2 iterations in 0.01 seconds (average 0.002500, setup 0.00)

Prob1E: 4 iterations in 0.00 seconds (average 0.000500, setup 0.00)

yes = 10, no = 78, maybe = 7112

Computing remaining probabilities...
Engine: Sparse

Building sparse matrix (FOR POLICY ITERASION)... [n=7200, nc=28448, nnz=121088132, k=4] [1.4 GB]
Creating vector for yes...[56.2 KB]
Allocating iteration vectors... [2 x 56.2 KB]
TOTAL: [1.4 GB]

Starting iterations...
Iteration 202: max relative diff=0.013346, 6.62 sec so far
Iteration 404: max relative diff=0.000053, 13.10 sec so far
Iteration 606: max relative diff=0.000000, 19.59 sec so far

Iterative method: 661 iterations in 21.39 seconds (average 0.032352, setup 9.24)

Value in the initial state: 0.20580236726348317

Time for model checking: 31.038 seconds.

Result: 0.20580236726348317 (value in the initial state)

