PRISM
=====

Version: 4.4.dev
Date: Mon May 21 00:45:46 IRDT 2018
Hostname: sadegh-H81M-S2PH
Memory limits: cudd=1g, java(heap)=2.1g
Command line: prism dns141.nm dns.pctl -s -explicitmodpoliter -maxiters 90050 -epsilon 1e-8 -javamaxmem 2400m

Parsing model file "dns141.nm"...

Parsing properties file "dns.pctl"...

1 property:
(1) Pmax=? [ "pp" U "qq" ]

Type:        MDP
Modules:     m1 m2 m3 
Variables:   s1 s2 s3 

---------------------------------------------------------------------

Model checking: Pmax=? [ "pp" U "qq" ]

Building model...

Computing reachable states...

Reachability (BFS): 3 iterations in 0.02 seconds (average 0.006333, setup 0.00)

Time for model construction: 12.438 seconds.

Type:        MDP
States:      8000 (1 initial)
Transitions: 72831512
Choices:     48000

Transition matrix: 16917203 nodes (863067 terminal), 72831512 minterms, vars: 15r/15c/6nd

Prob0A: 3 iterations in 0.01 seconds (average 0.004667, setup 0.00)

Prob1E: 4 iterations in 0.00 seconds (average 0.001000, setup 0.00)

yes = 10, no = 91, maybe = 7899

Computing remaining probabilities...
Engine: Sparse

Building sparse matrix (FOR POLICY ITERASION)... [n=8000, nc=47394, nnz=71881511, k=6] [822.8 MB]
Creating vector for yes...[62.5 KB]
Allocating iteration vectors... [2 x 62.5 KB]
TOTAL: [823.0 MB]

Starting iterations...
Iteration 505: max relative diff=0.002548, 5.82 sec so far
Iteration 1010: max relative diff=0.000002, 11.64 sec so far
Iteration 1515: max relative diff=0.000000, 17.43 sec so far

Iterative method: 1585 iterations in 18.25 seconds (average 0.011515, setup 8.42)

Value in the initial state: 0.5285371983624374

Time for model checking: 26.986 seconds.

Result: 0.5285371983624374 (value in the initial state)

