PRISM
=====

Version: 4.4.dev
Date: Mon Jun 18 05:04:43 IRDT 2018
Hostname: sadegh-H81M-S2PH
Memory limits: cudd=1g, java(heap)=2.1g
Command line: prism dns105.nm dns.pctl -s -backwardvaliter -maxiters 90050 -epsilon 1e-6 -javamaxmem 2400m

Parsing model file "dns105.nm"...

Parsing properties file "dns.pctl"...

1 property:
(1) Pmax=? [ "pp" U "qq" ]

Type:        MDP
Modules:     m1 m2 m3 
Variables:   s1 s2 s3 

---------------------------------------------------------------------

Model checking: Pmax=? [ "pp" U "qq" ]

Building model...

Computing reachable states...

Reachability (BFS): 3 iterations in 0.01 seconds (average 0.002000, setup 0.00)

Time for model construction: 13.849 seconds.

Type:        MDP
States:      8800 (1 initial)
Transitions: 95750421
Choices:     26400

Transition matrix: 13341301 nodes (431300 terminal), 95750421 minterms, vars: 15r/15c/3nd

Prob0A: 3 iterations in 0.00 seconds (average 0.001333, setup 0.00)

Prob1E: 4 iterations in 0.00 seconds (average 0.000500, setup 0.00)

yes = 10, no = 36, maybe = 8754

Computing remaining probabilities...
Engine: Sparse

Building sparse matrix(FOR GS)... [n=8800, nc=26262, nnz=95261726, k=3] [1.1 GB]
Creating vector for yes...[68.8 KB]
Allocating iteration vectors... [2 x 68.8 KB]
TOTAL: [1.1 GB]

Starting iterations...
Iteration 26: max relative diff=0.034075, 5.01 sec so far
Iteration 58: max relative diff=0.012015, 10.10 sec so far
Iteration 90: max relative diff=0.006248, 15.20 sec so far
Iteration 122: max relative diff=0.003778, 20.29 sec so far
Iteration 154: max relative diff=0.002474, 25.38 sec so far
Iteration 186: max relative diff=0.001701, 30.48 sec so far
Iteration 218: max relative diff=0.001208, 35.57 sec so far
Iteration 250: max relative diff=0.000878, 40.66 sec so far
Iteration 282: max relative diff=0.000648, 45.76 sec so far
Iteration 314: max relative diff=0.000484, 50.85 sec so far
Iteration 346: max relative diff=0.000365, 55.94 sec so far
Iteration 378: max relative diff=0.000277, 61.03 sec so far
Iteration 410: max relative diff=0.000211, 66.12 sec so far
Iteration 442: max relative diff=0.000161, 71.21 sec so far
Iteration 474: max relative diff=0.000124, 76.30 sec so far
Iteration 506: max relative diff=0.000095, 81.40 sec so far
Iteration 538: max relative diff=0.000074, 86.49 sec so far
Iteration 570: max relative diff=0.000057, 91.58 sec so far
Iteration 602: max relative diff=0.000044, 96.67 sec so far
Iteration 634: max relative diff=0.000034, 101.76 sec so far
Iteration 666: max relative diff=0.000026, 106.85 sec so far
Iteration 698: max relative diff=0.000020, 111.94 sec so far
Iteration 730: max relative diff=0.000016, 117.04 sec so far
Iteration 762: max relative diff=0.000012, 122.13 sec so far
Iteration 794: max relative diff=0.000009, 127.21 sec so far
Iteration 826: max relative diff=0.000007, 132.31 sec so far
Iteration 858: max relative diff=0.000006, 137.39 sec so far
Iteration 890: max relative diff=0.000004, 142.48 sec so far
Iteration 922: max relative diff=0.000003, 147.57 sec so far
Iteration 954: max relative diff=0.000003, 152.67 sec so far
Iteration 986: max relative diff=0.000002, 157.75 sec so far
Iteration 1018: max relative diff=0.000002, 162.84 sec so far
Iteration 1050: max relative diff=0.000001, 167.93 sec so far

Iterative method: 1078 iterations in 172.39 seconds (average 0.159917, setup 11.40)

Value in the initial state: 0.4017379091584818

Time for model checking: 184.307 seconds.

Result: 0.4017379091584818 (value in the initial state)

Warning: CUDD reports 13829862 non-zero references.

