PRISM
=====

Version: 4.4.dev
Date: Mon May 21 03:22:41 IRDT 2018
Hostname: sadegh-H81M-S2PH
Memory limits: cudd=1g, java(heap)=2.1g
Command line: prism dns182.nm dns.pctl -s -explicitmodpoliter -maxiters 90050 -epsilon 1e-8 -javamaxmem 2400m

Parsing model file "dns182.nm"...

Parsing properties file "dns.pctl"...

1 property:
(1) Pmax=? [ "pp" U "qq" ]

Type:        MDP
Modules:     m1 m2 m3 
Variables:   s1 s2 s3 

---------------------------------------------------------------------

Model checking: Pmax=? [ "pp" U "qq" ]

Building model...

Computing reachable states...

Reachability (BFS): 4 iterations in 0.00 seconds (average 0.000500, setup 0.00)

Time for model construction: 6.853 seconds.

Type:        MDP
States:      10800 (1 initial)
Transitions: 15034290
Choices:     21600

Transition matrix: 9829734 nodes (394938 terminal), 15034290 minterms, vars: 15r/15c/2nd

Prob0A: 3 iterations in 0.01 seconds (average 0.003667, setup 0.00)

Prob1E: 4 iterations in 0.00 seconds (average 0.000500, setup 0.00)

yes = 10, no = 45, maybe = 10745

Computing remaining probabilities...
Engine: Sparse

Building sparse matrix (FOR POLICY ITERASION)... [n=10800, nc=21490, nnz=14960732, k=2] [171.3 MB]
Creating vector for yes...[84.4 KB]
Allocating iteration vectors... [2 x 84.4 KB]
TOTAL: [171.6 MB]

Starting iterations...
Iteration 808: max relative diff=0.000381, 5.50 sec so far
Iteration 1616: max relative diff=0.000002, 10.96 sec so far
Iteration 2424: max relative diff=0.000000, 16.40 sec so far

Iterative method: 2807 iterations in 18.99 seconds (average 0.006765, setup 2.44)

Value in the initial state: 0.5014155883766602

Time for model checking: 21.502 seconds.

Result: 0.5014155883766602 (value in the initial state)

