PRISM
=====

Version: 4.4.dev
Date: Mon May 21 02:24:20 IRDT 2018
Hostname: sadegh-H81M-S2PH
Memory limits: cudd=1g, java(heap)=2.1g
Command line: prism dns164.nm dns.pctl -s -improvedmodpoliter2 -maxiters 90050 -epsilon 1e-8 -javamaxmem 2400m

Parsing model file "dns164.nm"...

Parsing properties file "dns.pctl"...

1 property:
(1) Pmax=? [ "pp" U "qq" ]

Type:        MDP
Modules:     m1 m2 m3 
Variables:   s1 s2 s3 

---------------------------------------------------------------------

Model checking: Pmax=? [ "pp" U "qq" ]

Building model...

Computing reachable states...

Reachability (BFS): 3 iterations in 0.01 seconds (average 0.002000, setup 0.00)

Time for model construction: 15.643 seconds.

Type:        MDP
States:      9600 (1 initial)
Transitions: 47299803
Choices:     48000

Transition matrix: 19034501 nodes (670835 terminal), 47299803 minterms, vars: 15r/15c/5nd

Prob0A: 3 iterations in 0.00 seconds (average 0.001333, setup 0.00)

Prob1E: 15 iterations in 0.01 seconds (average 0.001000, setup 0.00)

yes = 10, no = 15, maybe = 9575

Computing remaining probabilities...
Engine: Sparse

Building sparse matrix (FOR POLICY ITERASION)... [n=9600, nc=47875, nnz=47168116, k=5] [540.0 MB]
Creating vector for yes...[75.0 KB]
Allocating iteration vectors... [2 x 75.0 KB]
TOTAL: [540.2 MB]

Starting iterations...
Iteration 1616: max relative diff=0.000324, 5.27 sec so far
Iteration 3232: max relative diff=0.000083, 10.42 sec so far
Iteration 4848: max relative diff=0.000036, 15.56 sec so far
Iteration 6464: max relative diff=0.000056, 20.72 sec so far
Iteration 8080: max relative diff=0.000035, 25.83 sec so far
Iteration 9797: max relative diff=0.000015, 31.08 sec so far
Iteration 11514: max relative diff=0.000009, 36.29 sec so far
Iteration 13231: max relative diff=0.000007, 41.49 sec so far
Iteration 14948: max relative diff=0.000007, 46.74 sec so far
Iteration 16564: max relative diff=0.000003, 51.78 sec so far
Iteration 18180: max relative diff=0.000003, 57.09 sec so far
Iteration 19796: max relative diff=0.000003, 62.41 sec so far
Iteration 21412: max relative diff=0.000002, 67.74 sec so far
Iteration 23028: max relative diff=0.000002, 73.07 sec so far
Iteration 24543: max relative diff=0.000002, 78.08 sec so far
Iteration 26159: max relative diff=0.000001, 83.40 sec so far
Iteration 27775: max relative diff=0.000001, 88.72 sec so far
Iteration 29391: max relative diff=0.000001, 94.03 sec so far
Iteration 31007: max relative diff=0.000001, 99.31 sec so far
Iteration 32623: max relative diff=0.000001, 104.61 sec so far
Iteration 34239: max relative diff=0.000001, 109.92 sec so far
Iteration 35855: max relative diff=0.000001, 115.24 sec so far
Iteration 37471: max relative diff=0.000001, 120.57 sec so far
Iteration 39087: max relative diff=0.000001, 125.89 sec so far
Iteration 40703: max relative diff=0.000000, 131.20 sec so far
Iteration 42319: max relative diff=0.000000, 136.52 sec so far
Iteration 43935: max relative diff=0.000000, 141.84 sec so far
Iteration 45551: max relative diff=0.000000, 147.15 sec so far
Iteration 47167: max relative diff=0.000000, 152.47 sec so far
Iteration 48783: max relative diff=0.000000, 157.79 sec so far
Iteration 50399: max relative diff=0.000000, 163.10 sec so far
Iteration 52015: max relative diff=0.000000, 168.42 sec so far
Iteration 53631: max relative diff=0.000000, 173.73 sec so far
Iteration 55247: max relative diff=0.000000, 179.05 sec so far
Iteration 56863: max relative diff=0.000000, 184.36 sec so far
Iteration 58479: max relative diff=0.000000, 189.68 sec so far
Iteration 60095: max relative diff=0.000000, 194.99 sec so far
Iteration 61711: max relative diff=0.000000, 200.31 sec so far
Iteration 63327: max relative diff=0.000000, 205.62 sec so far
Iteration 64943: max relative diff=0.000000, 210.92 sec so far
Iteration 66559: max relative diff=0.000000, 216.22 sec so far
Iteration 68175: max relative diff=0.000000, 221.53 sec so far
Iteration 69791: max relative diff=0.000000, 226.84 sec so far
Iteration 71407: max relative diff=0.000000, 232.15 sec so far
Iteration 73023: max relative diff=0.000000, 237.48 sec so far
Iteration 74538: max relative diff=0.000000, 242.49 sec so far
Iteration 76154: max relative diff=0.000000, 247.79 sec so far
Iteration 77770: max relative diff=0.000000, 253.09 sec so far
Iteration 79386: max relative diff=0.000000, 258.39 sec so far
Iteration 81002: max relative diff=0.000000, 263.71 sec so far
Iteration 82618: max relative diff=0.000000, 269.01 sec so far
Iteration 84234: max relative diff=0.000000, 274.32 sec so far
Iteration 85850: max relative diff=0.000000, 279.62 sec so far
Iteration 87466: max relative diff=0.000000, 284.92 sec so far
Iteration 89082: max relative diff=0.000000, 290.24 sec so far

Out of Max iter. Can not converge to the solution after this number of iterations. 
Iterative method: 90092 iterations in 293.53 seconds (average 0.003258, setup 5.95)


Number of scallar multiplications: 277714M 

Value in the initial state: 0.9664523737057898

Time for model checking: 299.642 seconds.

Result: 0.9664523737057898 (value in the initial state)

