PRISM
=====

Version: 4.4.dev
Date: Mon Jun 18 11:02:04 IRDT 2018
Hostname: sadegh-H81M-S2PH
Memory limits: cudd=1g, java(heap)=2.1g
Command line: prism dns127.nm dns.pctl -s -backwardvaliter -maxiters 90050 -epsilon 1e-6 -javamaxmem 2400m

Parsing model file "dns127.nm"...

Parsing properties file "dns.pctl"...

1 property:
(1) Pmax=? [ "pp" U "qq" ]

Type:        MDP
Modules:     m1 m2 m3 
Variables:   s1 s2 s3 

---------------------------------------------------------------------

Model checking: Pmax=? [ "pp" U "qq" ]

Building model...

Computing reachable states...

Reachability (BFS): 3 iterations in 0.00 seconds (average 0.001333, setup 0.00)

Time for model construction: 14.091 seconds.

Type:        MDP
States:      8400 (1 initial)
Transitions: 63764592
Choices:     25200

Transition matrix: 13437279 nodes (570813 terminal), 63764592 minterms, vars: 15r/15c/3nd

Prob0A: 2 iterations in 0.00 seconds (average 0.002000, setup 0.00)

Prob1E: 4 iterations in 0.00 seconds (average 0.000500, setup 0.00)

yes = 10, no = 36, maybe = 8354

Computing remaining probabilities...
Engine: Sparse

Building sparse matrix(FOR GS)... [n=8400, nc=25062, nnz=63407314, k=3] [725.8 MB]
Creating vector for yes...[65.6 KB]
Allocating iteration vectors... [2 x 65.6 KB]
TOTAL: [726.0 MB]

Starting iterations...
Iteration 44: max relative diff=0.015454, 5.03 sec so far
Iteration 92: max relative diff=0.004647, 10.12 sec so far
Iteration 140: max relative diff=0.002006, 15.22 sec so far
Iteration 188: max relative diff=0.000996, 20.31 sec so far
Iteration 236: max relative diff=0.000527, 25.41 sec so far
Iteration 284: max relative diff=0.000290, 30.51 sec so far
Iteration 332: max relative diff=0.000163, 35.60 sec so far
Iteration 380: max relative diff=0.000092, 40.70 sec so far
Iteration 427: max relative diff=0.000053, 45.71 sec so far
Iteration 475: max relative diff=0.000030, 50.81 sec so far
Iteration 523: max relative diff=0.000017, 55.90 sec so far
Iteration 571: max relative diff=0.000010, 61.00 sec so far
Iteration 619: max relative diff=0.000006, 66.09 sec so far
Iteration 667: max relative diff=0.000003, 71.19 sec so far
Iteration 715: max relative diff=0.000002, 76.28 sec so far
Iteration 762: max relative diff=0.000001, 81.30 sec so far

Iterative method: 770 iterations in 82.15 seconds (average 0.106686, setup 9.32)

Value in the initial state: 0.441985498996292

Time for model checking: 91.792 seconds.

Result: 0.441985498996292 (value in the initial state)

Warning: CUDD reports 13735651 non-zero references.

