PRISM
=====

Version: 4.4.dev
Date: Mon Jun 18 13:10:41 IRDT 2018
Hostname: sadegh-H81M-S2PH
Memory limits: cudd=1g, java(heap)=2.1g
Command line: prism dns139.nm dns.pctl -s -backwardvaliter -maxiters 90050 -epsilon 1e-6 -javamaxmem 2400m

Parsing model file "dns139.nm"...

Parsing properties file "dns.pctl"...

1 property:
(1) Pmax=? [ "pp" U "qq" ]

Type:        MDP
Modules:     m1 m2 m3 
Variables:   s1 s2 s3 

---------------------------------------------------------------------

Model checking: Pmax=? [ "pp" U "qq" ]

Building model...

Computing reachable states...

Reachability (BFS): 3 iterations in 0.01 seconds (average 0.002333, setup 0.00)

Time for model construction: 18.355 seconds.

Type:        MDP
States:      8400 (1 initial)
Transitions: 93311258
Choices:     33600

Transition matrix: 16374693 nodes (363131 terminal), 93311258 minterms, vars: 15r/15c/4nd

Prob0A: 2 iterations in 0.01 seconds (average 0.004500, setup 0.00)

Prob1E: 4 iterations in 0.00 seconds (average 0.000750, setup 0.00)

yes = 10, no = 36, maybe = 8354

Computing remaining probabilities...
Engine: Sparse

Building sparse matrix(FOR GS)... [n=8400, nc=33416, nnz=92832572, k=4] [1.0 GB]
Creating vector for yes...[65.6 KB]
Allocating iteration vectors... [2 x 65.6 KB]
TOTAL: [1.0 GB]

Starting iterations...
Iteration 25: max relative diff=0.032963, 5.04 sec so far
Iteration 58: max relative diff=0.009926, 10.18 sec so far
Iteration 90: max relative diff=0.004753, 15.19 sec so far
Iteration 123: max relative diff=0.002639, 20.33 sec so far
Iteration 156: max relative diff=0.001594, 25.46 sec so far
Iteration 189: max relative diff=0.001013, 30.60 sec so far
Iteration 222: max relative diff=0.000665, 35.74 sec so far
Iteration 255: max relative diff=0.000445, 40.87 sec so far
Iteration 288: max relative diff=0.000302, 46.01 sec so far
Iteration 321: max relative diff=0.000207, 51.14 sec so far
Iteration 354: max relative diff=0.000143, 56.27 sec so far
Iteration 387: max relative diff=0.000099, 61.41 sec so far
Iteration 420: max relative diff=0.000069, 66.55 sec so far
Iteration 453: max relative diff=0.000048, 71.68 sec so far
Iteration 486: max relative diff=0.000033, 76.81 sec so far
Iteration 519: max relative diff=0.000023, 81.95 sec so far
Iteration 552: max relative diff=0.000016, 87.09 sec so far
Iteration 585: max relative diff=0.000011, 92.23 sec so far
Iteration 618: max relative diff=0.000008, 97.36 sec so far
Iteration 651: max relative diff=0.000006, 102.50 sec so far
Iteration 684: max relative diff=0.000004, 107.64 sec so far
Iteration 717: max relative diff=0.000003, 112.78 sec so far
Iteration 750: max relative diff=0.000002, 117.92 sec so far
Iteration 783: max relative diff=0.000001, 123.07 sec so far

Iterative method: 811 iterations in 127.43 seconds (average 0.157128, setup 13.60)

Value in the initial state: 0.40353244491662776

Time for model checking: 141.506 seconds.

Result: 0.40353244491662776 (value in the initial state)

Warning: CUDD reports 16849770 non-zero references.

