PRISM
=====

Version: 4.4.dev
Date: Mon Jun 18 12:36:31 IRDT 2018
Hostname: sadegh-H81M-S2PH
Memory limits: cudd=1g, java(heap)=2.1g
Command line: prism dns134.nm dns.pctl -s -backwardvaliter -maxiters 90050 -epsilon 1e-6 -javamaxmem 2400m

Parsing model file "dns134.nm"...

Parsing properties file "dns.pctl"...

1 property:
(1) Pmax=? [ "pp" U "qq" ]

Type:        MDP
Modules:     m1 m2 m3 
Variables:   s1 s2 s3 

---------------------------------------------------------------------

Model checking: Pmax=? [ "pp" U "qq" ]

Building model...

Computing reachable states...

Reachability (BFS): 3 iterations in 0.00 seconds (average 0.000667, setup 0.00)

Time for model construction: 11.056 seconds.

Type:        MDP
States:      9600 (1 initial)
Transitions: 59860264
Choices:     19200

Transition matrix: 10638560 nodes (283788 terminal), 59860264 minterms, vars: 15r/15c/2nd

Prob0A: 3 iterations in 0.01 seconds (average 0.003333, setup 0.00)

Prob1E: 9 iterations in 0.02 seconds (average 0.001889, setup 0.00)

yes = 10, no = 10, maybe = 9580

Computing remaining probabilities...
Engine: Sparse

Building sparse matrix(FOR GS)... [n=9600, nc=19160, nnz=59736731, k=2] [683.7 MB]
Creating vector for yes...[75.0 KB]
Allocating iteration vectors... [2 x 75.0 KB]
TOTAL: [684.0 MB]

Starting iterations...
Iteration 43: max relative diff=0.020673, 5.02 sec so far
Iteration 93: max relative diff=0.007835, 10.03 sec so far
Iteration 143: max relative diff=0.004214, 15.04 sec so far
Iteration 193: max relative diff=0.002603, 20.04 sec so far
Iteration 243: max relative diff=0.001738, 25.05 sec so far
Iteration 293: max relative diff=0.001220, 30.05 sec so far
Iteration 343: max relative diff=0.000887, 35.07 sec so far
Iteration 393: max relative diff=0.000663, 40.07 sec so far
Iteration 443: max relative diff=0.000507, 45.08 sec so far
Iteration 493: max relative diff=0.000394, 50.09 sec so far
Iteration 543: max relative diff=0.000310, 55.10 sec so far
Iteration 594: max relative diff=0.000246, 60.20 sec so far
Iteration 644: max relative diff=0.000198, 65.22 sec so far
Iteration 694: max relative diff=0.000160, 70.23 sec so far
Iteration 744: max relative diff=0.000131, 75.23 sec so far
Iteration 794: max relative diff=0.000107, 80.23 sec so far
Iteration 844: max relative diff=0.000088, 85.24 sec so far
Iteration 894: max relative diff=0.000072, 90.24 sec so far
Iteration 944: max relative diff=0.000060, 95.24 sec so far
Iteration 994: max relative diff=0.000050, 100.25 sec so far
Iteration 1044: max relative diff=0.000041, 105.25 sec so far
Iteration 1094: max relative diff=0.000034, 110.26 sec so far
Iteration 1144: max relative diff=0.000028, 115.27 sec so far
Iteration 1194: max relative diff=0.000024, 120.27 sec so far
Iteration 1244: max relative diff=0.000020, 125.27 sec so far
Iteration 1294: max relative diff=0.000016, 130.28 sec so far
Iteration 1344: max relative diff=0.000014, 135.28 sec so far
Iteration 1394: max relative diff=0.000011, 140.29 sec so far
Iteration 1444: max relative diff=0.000010, 145.29 sec so far
Iteration 1494: max relative diff=0.000008, 150.30 sec so far
Iteration 1544: max relative diff=0.000007, 155.31 sec so far
Iteration 1594: max relative diff=0.000006, 160.32 sec so far
Iteration 1644: max relative diff=0.000005, 165.32 sec so far
Iteration 1694: max relative diff=0.000004, 170.33 sec so far
Iteration 1744: max relative diff=0.000003, 175.34 sec so far
Iteration 1794: max relative diff=0.000003, 180.34 sec so far
Iteration 1844: max relative diff=0.000002, 185.35 sec so far
Iteration 1895: max relative diff=0.000002, 190.45 sec so far
Iteration 1945: max relative diff=0.000002, 195.46 sec so far
Iteration 1995: max relative diff=0.000001, 200.47 sec so far
Iteration 2045: max relative diff=0.000001, 205.47 sec so far

Iterative method: 2071 iterations in 208.07 seconds (average 0.100468, setup 6.97)

Value in the initial state: 0.632222752054396

Time for model checking: 215.315 seconds.

Result: 0.632222752054396 (value in the initial state)

Warning: CUDD reports 10696157 non-zero references.

