PRISM
=====

Version: 4.4.dev
Date: Sun Jun 17 16:39:24 IRDT 2018
Hostname: sadegh-H81M-S2PH
Memory limits: cudd=1g, java(heap)=2.1g
Command line: prism dns61.nm dns.pctl -s -backwardvaliter -maxiters 90050 -epsilon 1e-6 -javamaxmem 2400m

Parsing model file "dns61.nm"...

Parsing properties file "dns.pctl"...

1 property:
(1) Pmax=? [ "pp" U "qq" ]

Type:        MDP
Modules:     m1 m2 m3 
Variables:   s1 s2 s3 

---------------------------------------------------------------------

Model checking: Pmax=? [ "pp" U "qq" ]

Building model...

Computing reachable states...

Reachability (BFS): 3 iterations in 0.01 seconds (average 0.002333, setup 0.00)

Time for model construction: 15.991 seconds.

Type:        MDP
States:      9600 (1 initial)
Transitions: 225987074
Choices:     38400

Transition matrix: 16515356 nodes (465433 terminal), 225987074 minterms, vars: 15r/15c/4nd

Prob0A: 2 iterations in 0.01 seconds (average 0.003000, setup 0.00)

Prob1E: 4 iterations in 0.00 seconds (average 0.001000, setup 0.00)

yes = 10, no = 105, maybe = 9485

Computing remaining probabilities...
Engine: Sparse

Building sparse matrix(FOR GS)... [n=9600, nc=37940, nnz=223244476, k=4] [2.5 GB]
Creating vector for yes...[75.0 KB]
Allocating iteration vectors... [2 x 75.0 KB]
TOTAL: [2.5 GB]

Starting iterations...
Iteration 10: max relative diff=0.100966, 5.02 sec so far
Iteration 24: max relative diff=0.031094, 10.22 sec so far
Iteration 38: max relative diff=0.015759, 15.42 sec so far
Iteration 52: max relative diff=0.009416, 20.62 sec so far
Iteration 66: max relative diff=0.006133, 25.82 sec so far
Iteration 80: max relative diff=0.004196, 31.01 sec so far
Iteration 94: max relative diff=0.002963, 36.21 sec so far
Iteration 108: max relative diff=0.002139, 41.41 sec so far
Iteration 122: max relative diff=0.001568, 46.61 sec so far
Iteration 136: max relative diff=0.001162, 51.80 sec so far
Iteration 150: max relative diff=0.000867, 57.01 sec so far
Iteration 164: max relative diff=0.000651, 62.21 sec so far
Iteration 178: max relative diff=0.000491, 67.42 sec so far
Iteration 192: max relative diff=0.000372, 72.61 sec so far
Iteration 206: max relative diff=0.000282, 77.81 sec so far
Iteration 220: max relative diff=0.000214, 83.01 sec so far
Iteration 234: max relative diff=0.000163, 88.21 sec so far
Iteration 248: max relative diff=0.000124, 93.41 sec so far
Iteration 262: max relative diff=0.000095, 98.61 sec so far
Iteration 276: max relative diff=0.000072, 103.81 sec so far
Iteration 290: max relative diff=0.000055, 109.00 sec so far
Iteration 304: max relative diff=0.000042, 114.20 sec so far
Iteration 318: max relative diff=0.000032, 119.40 sec so far
Iteration 332: max relative diff=0.000025, 124.60 sec so far
Iteration 346: max relative diff=0.000019, 129.80 sec so far
Iteration 360: max relative diff=0.000014, 135.00 sec so far
Iteration 374: max relative diff=0.000011, 140.20 sec so far
Iteration 388: max relative diff=0.000008, 145.40 sec so far
Iteration 402: max relative diff=0.000006, 150.68 sec so far
Iteration 416: max relative diff=0.000005, 155.88 sec so far
Iteration 430: max relative diff=0.000004, 161.08 sec so far
Iteration 444: max relative diff=0.000003, 166.28 sec so far
Iteration 458: max relative diff=0.000002, 171.48 sec so far
Iteration 472: max relative diff=0.000002, 176.69 sec so far
Iteration 486: max relative diff=0.000001, 181.89 sec so far

Iterative method: 499 iterations in 186.72 seconds (average 0.374184, setup 22.57)

Value in the initial state: 0.2532537402020177

Time for model checking: 210.353 seconds.

Result: 0.2532537402020177 (value in the initial state)

Warning: CUDD reports 18477136 non-zero references.

