PRISM
=====

Version: 4.4.dev
Date: Sun Jun 17 22:42:45 IRDT 2018
Hostname: sadegh-H81M-S2PH
Memory limits: cudd=1g, java(heap)=2.1g
Command line: prism dns82.nm dns.pctl -s -bucketvaliter2 -maxiters 90050 -javamaxmem 2400m

Parsing model file "dns82.nm"...

Parsing properties file "dns.pctl"...

1 property:
(1) Pmax=? [ "pp" U "qq" ]

Type:        MDP
Modules:     m1 m2 m3 
Variables:   s1 s2 s3 

---------------------------------------------------------------------

Model checking: Pmax=? [ "pp" U "qq" ]

Building model...

Computing reachable states...

Reachability (BFS): 3 iterations in 0.01 seconds (average 0.003667, setup 0.00)

Time for model construction: 12.279 seconds.

Type:        MDP
States:      8000 (1 initial)
Transitions: 121752973
Choices:     32000

Transition matrix: 12584162 nodes (596016 terminal), 121752973 minterms, vars: 15r/15c/4nd

Prob0A: 2 iterations in 0.01 seconds (average 0.003500, setup 0.00)

Prob1E: 4 iterations in 0.00 seconds (average 0.001000, setup 0.00)

yes = 10, no = 105, maybe = 7885

Computing remaining probabilities...
Engine: Sparse

Building sparse matrix(FOR GS)... [n=8000, nc=31540, nnz=119955007, k=4] [1.3 GB]
Creating vector for yes...[62.5 KB]
Allocating iteration vectors... [2 x 62.5 KB]
TOTAL: [1.3 GB]

Starting iterations...

Iterative method: 1046308 iterations in 225.47 seconds (average 0.000215, setup 13.11)

Value in the initial state: 0.33483098233235814

Time for model checking: 241.475 seconds.

Result: 0.33483098233235814 (value in the initial state)

