PRISM
=====

Version: 4.4.dev
Date: Tue Jun 19 17:36:45 IRDT 2018
Hostname: sadegh-H81M-S2PH
Memory limits: cudd=1g, java(heap)=2.1g
Command line: prism dns183.nm dns.pctl -s -bucketvaliter2 -maxiters 90050 -javamaxmem 2400m

Parsing model file "dns183.nm"...

Parsing properties file "dns.pctl"...

1 property:
(1) Pmax=? [ "pp" U "qq" ]

Type:        MDP
Modules:     m1 m2 m3 
Variables:   s1 s2 s3 

---------------------------------------------------------------------

Model checking: Pmax=? [ "pp" U "qq" ]

Building model...

Computing reachable states...

Reachability (BFS): 3 iterations in 0.01 seconds (average 0.004000, setup 0.00)

Time for model construction: 21.783 seconds.

Type:        MDP
States:      9600 (1 initial)
Transitions: 30720717
Choices:     48000

Transition matrix: 19199376 nodes (754836 terminal), 30720717 minterms, vars: 15r/15c/5nd

Prob0A: 3 iterations in 0.01 seconds (average 0.003000, setup 0.00)

Prob1E: 4 iterations in 0.00 seconds (average 0.001000, setup 0.00)

yes = 10, no = 91, maybe = 9499

Computing remaining probabilities...
Engine: Sparse

Building sparse matrix(FOR GS)... [n=9600, nc=47495, nnz=30390280, k=5] [348.0 MB]
Creating vector for yes...[75.0 KB]
Allocating iteration vectors... [2 x 75.0 KB]
TOTAL: [348.2 MB]

Starting iterations...

Iterative method: 3526424 iterations in 217.61 seconds (average 0.000062, setup 7.51)

Value in the initial state: 0.4879104368375622

Time for model checking: 230.915 seconds.

Result: 0.4879104368375622 (value in the initial state)

