PRISM
=====

Version: 4.4.dev
Date: Sun May 20 22:42:53 IRDT 2018
Hostname: sadegh-H81M-S2PH
Memory limits: cudd=1g, java(heap)=2.1g
Command line: prism dns112.nm dns.pctl -s -improvedmodpoliter2 -maxiters 90050 -epsilon 1e-8 -javamaxmem 2400m

Parsing model file "dns112.nm"...

Parsing properties file "dns.pctl"...

1 property:
(1) Pmax=? [ "pp" U "qq" ]

Type:        MDP
Modules:     m1 m2 m3 
Variables:   s1 s2 s3 

---------------------------------------------------------------------

Model checking: Pmax=? [ "pp" U "qq" ]

Building model...

Computing reachable states...

Reachability (BFS): 3 iterations in 0.00 seconds (average 0.001000, setup 0.00)

Time for model construction: 12.17 seconds.

Type:        MDP
States:      9200 (1 initial)
Transitions: 104231736
Choices:     27600

Transition matrix: 15310652 nodes (412599 terminal), 104231736 minterms, vars: 15r/15c/3nd

Prob0A: 2 iterations in 0.01 seconds (average 0.002500, setup 0.00)

Prob1E: 4 iterations in 0.00 seconds (average 0.000500, setup 0.00)

yes = 10, no = 120, maybe = 9070

Computing remaining probabilities...
Engine: Sparse

Building sparse matrix (FOR POLICY ITERASION)... [n=9200, nc=27210, nnz=102728729, k=3] [1.1 GB]
Creating vector for yes...[71.9 KB]
Allocating iteration vectors... [2 x 71.9 KB]
TOTAL: [1.1 GB]

Starting iterations...
Iteration 404: max relative diff=0.000481, 6.19 sec so far
Iteration 808: max relative diff=0.000000, 12.76 sec so far

Iterative method: 882 iterations in 14.10 seconds (average 0.015982, setup 10.83)


Number of scallar multiplications: 14244M 

Value in the initial state: 0.15136465135733973

Time for model checking: 25.593 seconds.

Result: 0.15136465135733973 (value in the initial state)

