PRISM
=====

Version: 4.4.dev
Date: Mon May 21 02:45:45 IRDT 2018
Hostname: sadegh-H81M-S2PH
Memory limits: cudd=1g, java(heap)=2.1g
Command line: prism dns168.nm dns.pctl -s -explicitmodpoliter -maxiters 90050 -epsilon 1e-8 -javamaxmem 2400m

Parsing model file "dns168.nm"...

Parsing properties file "dns.pctl"...

1 property:
(1) Pmax=? [ "pp" U "qq" ]

Type:        MDP
Modules:     m1 m2 m3 
Variables:   s1 s2 s3 

---------------------------------------------------------------------

Model checking: Pmax=? [ "pp" U "qq" ]

Building model...

Computing reachable states...

Reachability (BFS): 3 iterations in 0.00 seconds (average 0.000333, setup 0.00)

Time for model construction: 7.455 seconds.

Type:        MDP
States:      9200 (1 initial)
Transitions: 17811030
Choices:     18400

Transition matrix: 9859398 nodes (487246 terminal), 17811030 minterms, vars: 15r/15c/2nd

Prob0A: 3 iterations in 0.01 seconds (average 0.002333, setup 0.00)

Prob1E: 9 iterations in 0.01 seconds (average 0.000889, setup 0.00)

yes = 10, no = 10, maybe = 9180

Computing remaining probabilities...
Engine: Sparse

Building sparse matrix (FOR POLICY ITERASION)... [n=9200, nc=18360, nnz=17773461, k=2] [203.5 MB]
Creating vector for yes...[71.9 KB]
Allocating iteration vectors... [2 x 71.9 KB]
TOTAL: [203.7 MB]

Starting iterations...
Iteration 606: max relative diff=0.003055, 5.02 sec so far
Iteration 1313: max relative diff=0.000146, 10.77 sec so far
Iteration 2020: max relative diff=0.000045, 16.48 sec so far
Iteration 2727: max relative diff=0.000023, 22.17 sec so far
Iteration 3434: max relative diff=0.000004, 27.82 sec so far
Iteration 4141: max relative diff=0.000002, 33.46 sec so far
Iteration 4848: max relative diff=0.000001, 39.11 sec so far
Iteration 5454: max relative diff=0.000000, 44.15 sec so far
Iteration 6161: max relative diff=0.000000, 49.94 sec so far
Iteration 6767: max relative diff=0.000000, 55.03 sec so far
Iteration 7373: max relative diff=0.000000, 60.11 sec so far
Iteration 8080: max relative diff=0.000000, 65.92 sec so far

Iterative method: 8175 iterations in 66.74 seconds (average 0.008164, setup 2.64)

Value in the initial state: 0.7504727563277293

Time for model checking: 69.436 seconds.

Result: 0.7504727563277293 (value in the initial state)

