PRISM
=====

Version: 4.4.dev
Date: Mon May 21 01:02:26 IRDT 2018
Hostname: sadegh-H81M-S2PH
Memory limits: cudd=1g, java(heap)=2.1g
Command line: prism dns147.nm dns.pctl -s -improvedmodpoliter2 -maxiters 90050 -epsilon 1e-8 -javamaxmem 2400m

Parsing model file "dns147.nm"...

Parsing properties file "dns.pctl"...

1 property:
(1) Pmax=? [ "pp" U "qq" ]

Type:        MDP
Modules:     m1 m2 m3 
Variables:   s1 s2 s3 

---------------------------------------------------------------------

Model checking: Pmax=? [ "pp" U "qq" ]

Building model...

Computing reachable states...

Reachability (BFS): 3 iterations in 0.00 seconds (average 0.001000, setup 0.00)

Time for model construction: 11.317 seconds.

Type:        MDP
States:      9600 (1 initial)
Transitions: 56052504
Choices:     28800

Transition matrix: 15454528 nodes (542905 terminal), 56052504 minterms, vars: 15r/15c/3nd

Prob0A: 3 iterations in 0.01 seconds (average 0.003000, setup 0.00)

Prob1E: 4 iterations in 0.00 seconds (average 0.000500, setup 0.00)

yes = 10, no = 45, maybe = 9545

Computing remaining probabilities...
Engine: Sparse

Building sparse matrix (FOR POLICY ITERASION)... [n=9600, nc=28635, nnz=55733922, k=3] [638.0 MB]
Creating vector for yes...[75.0 KB]
Allocating iteration vectors... [2 x 75.0 KB]
TOTAL: [638.2 MB]

Starting iterations...
Iteration 808: max relative diff=0.000126, 5.51 sec so far
Iteration 1616: max relative diff=0.000001, 11.14 sec so far

Iterative method: 2213 iterations in 15.46 seconds (average 0.006984, setup 6.24)


Number of scallar multiplications: 15065M 

Value in the initial state: 0.4391934261536223

Time for model checking: 21.957 seconds.

Result: 0.4391934261536223 (value in the initial state)

