PRISM
=====

Version: 4.4.dev
Date: Sun Jun 17 00:19:51 IRDT 2018
Hostname: sadegh-H81M-S2PH
Memory limits: cudd=1g, java(heap)=2.1g
Command line: prism dns35.nm dns.pctl -s -gs -maxiters 90050 -epsilon 1e-6 -javamaxmem 2400m

Parsing model file "dns35.nm"...

Parsing properties file "dns.pctl"...

1 property:
(1) Pmax=? [ "pp" U "qq" ]

Type:        MDP
Modules:     m1 m2 m3 
Variables:   s1 s2 s3 

---------------------------------------------------------------------

Model checking: Pmax=? [ "pp" U "qq" ]

Building model...

Computing reachable states...

Reachability (BFS): 3 iterations in 0.00 seconds (average 0.000333, setup 0.00)

Time for model construction: 8.275 seconds.

Type:        MDP
States:      7600 (1 initial)
Transitions: 96577920
Choices:     15200

Transition matrix: 7289658 nodes (409416 terminal), 96577920 minterms, vars: 15r/15c/2nd

Prob0A: 2 iterations in 0.00 seconds (average 0.001500, setup 0.00)

Prob1E: 4 iterations in 0.00 seconds (average 0.000250, setup 0.00)

yes = 10, no = 78, maybe = 7512

Computing remaining probabilities...
Engine: Sparse

Building sparse matrix(FOR GS)... [n=7600, nc=15024, nnz=95479901, k=2] [1.1 GB]
Creating vector for yes...[59.4 KB]
Allocating iteration vectors... [2 x 59.4 KB]
TOTAL: [1.1 GB]

Starting iterations...
Iteration 32: max relative diff=0.022705, 5.08 sec so far
Iteration 64: max relative diff=0.007589, 10.16 sec so far
Iteration 96: max relative diff=0.003388, 15.24 sec so far
Iteration 128: max relative diff=0.001673, 20.32 sec so far
Iteration 160: max relative diff=0.000866, 25.40 sec so far
Iteration 192: max relative diff=0.000459, 30.49 sec so far
Iteration 224: max relative diff=0.000246, 35.57 sec so far
Iteration 256: max relative diff=0.000133, 40.65 sec so far
Iteration 288: max relative diff=0.000072, 45.74 sec so far
Iteration 320: max relative diff=0.000039, 50.82 sec so far
Iteration 352: max relative diff=0.000021, 55.91 sec so far
Iteration 384: max relative diff=0.000011, 60.99 sec so far
Iteration 416: max relative diff=0.000006, 66.08 sec so far
Iteration 448: max relative diff=0.000003, 71.16 sec so far
Iteration 480: max relative diff=0.000002, 76.24 sec so far
Iteration 512: max relative diff=0.000001, 81.32 sec so far

Iterative method: 512 iterations in 81.32 seconds (average 0.158830, setup 9.66)

Value in the initial state: 0.18361953184435417

Time for model checking: 91.583 seconds.

Result: 0.18361953184435417 (value in the initial state)

