PRISM
=====

Version: 4.4.dev
Date: Tue Jun 19 11:13:03 IRDT 2018
Hostname: sadegh-H81M-S2PH
Memory limits: cudd=1g, java(heap)=2.1g
Command line: prism dns150.nm dns.pctl -s -backwardvaliter -maxiters 90050 -epsilon 1e-6 -javamaxmem 2400m

Parsing model file "dns150.nm"...

Parsing properties file "dns.pctl"...

1 property:
(1) Pmax=? [ "pp" U "qq" ]

Type:        MDP
Modules:     m1 m2 m3 
Variables:   s1 s2 s3 

---------------------------------------------------------------------

Model checking: Pmax=? [ "pp" U "qq" ]

Building model...

Computing reachable states...

Reachability (BFS): 3 iterations in 0.02 seconds (average 0.006333, setup 0.00)

Time for model construction: 12.632 seconds.

Type:        MDP
States:      6000 (1 initial)
Transitions: 38782164
Choices:     30000

Transition matrix: 11610751 nodes (897357 terminal), 38782164 minterms, vars: 14r/14c/5nd

Prob0A: 3 iterations in 0.01 seconds (average 0.003000, setup 0.00)

Prob1E: 4 iterations in 0.01 seconds (average 0.001250, setup 0.00)

yes = 10, no = 66, maybe = 5924

Computing remaining probabilities...
Engine: Sparse

Building sparse matrix(FOR GS)... [n=6000, nc=29620, nnz=38300680, k=5] [438.5 MB]
Creating vector for yes...[46.9 KB]
Allocating iteration vectors... [2 x 46.9 KB]
TOTAL: [438.6 MB]

Starting iterations...
Iteration 75: max relative diff=0.003850, 5.05 sec so far
Iteration 153: max relative diff=0.000683, 10.08 sec so far
Iteration 231: max relative diff=0.000160, 15.11 sec so far
Iteration 309: max relative diff=0.000040, 20.14 sec so far
Iteration 387: max relative diff=0.000010, 25.18 sec so far
Iteration 465: max relative diff=0.000002, 30.21 sec so far

Iterative method: 517 iterations in 33.57 seconds (average 0.064926, setup 6.92)

Value in the initial state: 0.4373440364994742

Time for model checking: 40.675 seconds.

Result: 0.4373440364994742 (value in the initial state)

Warning: CUDD reports 12014525 non-zero references.

