PRISM
=====

Version: 4.4.dev
Date: Mon May 21 03:35:40 IRDT 2018
Hostname: sadegh-H81M-S2PH
Memory limits: cudd=1g, java(heap)=2.1g
Command line: prism dns192.nm dns.pctl -s -modpoliter -maxiters 90050 -epsilon 1e-8 -javamaxmem 2400m

Parsing model file "dns192.nm"...

Parsing properties file "dns.pctl"...

1 property:
(1) Pmax=? [ "pp" U "qq" ]

Type:        MDP
Modules:     m1 m2 m3 
Variables:   s1 s2 s3 

---------------------------------------------------------------------

Model checking: Pmax=? [ "pp" U "qq" ]

Building model...

Computing reachable states...

Reachability (BFS): 4 iterations in 0.01 seconds (average 0.001500, setup 0.00)

Time for model construction: 12.989 seconds.

Type:        MDP
States:      11200 (1 initial)
Transitions: 20779457
Choices:     56000

Transition matrix: 18166291 nodes (667768 terminal), 20779457 minterms, vars: 15r/15c/5nd

Prob0A: 3 iterations in 0.01 seconds (average 0.004000, setup 0.00)

Prob1E: 23 iterations in 0.05 seconds (average 0.002130, setup 0.00)

yes = 10, no = 36, maybe = 11154

Computing remaining probabilities...
Engine: Sparse

Building sparse matrix (FOR POLICY ITERASION)... [n=11200, nc=55770, nnz=20692855, k=5] [237.1 MB]
Creating vector for yes...[87.5 KB]
Allocating iteration vectors... [2 x 87.5 KB]
TOTAL: [237.3 MB]

Starting iterations...
Iteration 1010: max relative diff=0.000926, 5.55 sec so far
Iteration 2020: max relative diff=0.000064, 11.08 sec so far
Iteration 3030: max relative diff=0.000120, 16.59 sec so far
Iteration 4040: max relative diff=0.000028, 22.10 sec so far
Iteration 5050: max relative diff=0.000018, 27.61 sec so far
Iteration 6060: max relative diff=0.000005, 33.10 sec so far
Iteration 7070: max relative diff=0.000004, 38.57 sec so far
Iteration 8080: max relative diff=0.000003, 44.05 sec so far
Iteration 9090: max relative diff=0.000003, 49.52 sec so far
Iteration 10100: max relative diff=0.000008, 54.99 sec so far
Iteration 11110: max relative diff=0.000002, 60.45 sec so far
Iteration 12120: max relative diff=0.000002, 65.92 sec so far
Iteration 13130: max relative diff=0.000002, 71.38 sec so far
Iteration 14140: max relative diff=0.000003, 76.84 sec so far
Iteration 15150: max relative diff=0.000001, 82.30 sec so far
Iteration 16160: max relative diff=0.000001, 87.77 sec so far
Iteration 17170: max relative diff=0.000001, 93.23 sec so far
Iteration 18180: max relative diff=0.000001, 98.69 sec so far
Iteration 19190: max relative diff=0.000001, 104.14 sec so far
Iteration 20200: max relative diff=0.000001, 109.60 sec so far
Iteration 21210: max relative diff=0.000001, 115.10 sec so far
Iteration 22220: max relative diff=0.000001, 120.57 sec so far
Iteration 23230: max relative diff=0.000000, 126.04 sec so far
Iteration 24240: max relative diff=0.000000, 131.50 sec so far
Iteration 25250: max relative diff=0.000000, 136.97 sec so far
Iteration 26260: max relative diff=0.000000, 142.43 sec so far
Iteration 27270: max relative diff=0.000000, 147.90 sec so far
Iteration 28280: max relative diff=0.000000, 153.36 sec so far
Iteration 29290: max relative diff=0.000000, 158.83 sec so far
Iteration 30300: max relative diff=0.000000, 164.30 sec so far
Iteration 31310: max relative diff=0.000000, 169.78 sec so far
Iteration 32320: max relative diff=0.000000, 175.24 sec so far
Iteration 33330: max relative diff=0.000000, 180.73 sec so far
Iteration 34239: max relative diff=0.000000, 185.75 sec so far
Iteration 35148: max relative diff=0.000000, 190.77 sec so far
Iteration 36057: max relative diff=0.000000, 195.78 sec so far
Iteration 36966: max relative diff=0.000000, 200.80 sec so far
Iteration 37875: max relative diff=0.000000, 205.82 sec so far
Iteration 38784: max relative diff=0.000000, 210.84 sec so far
Iteration 39693: max relative diff=0.000000, 215.86 sec so far
Iteration 40602: max relative diff=0.000000, 220.88 sec so far
Iteration 41511: max relative diff=0.000000, 225.89 sec so far
Iteration 42420: max relative diff=0.000000, 230.91 sec so far
Iteration 43329: max relative diff=0.000000, 235.92 sec so far
Iteration 44238: max relative diff=0.000000, 240.94 sec so far
Iteration 45147: max relative diff=0.000000, 245.96 sec so far
Iteration 46056: max relative diff=0.000000, 250.98 sec so far
Iteration 46965: max relative diff=0.000000, 255.99 sec so far
Iteration 47874: max relative diff=0.000000, 261.00 sec so far
Iteration 48783: max relative diff=0.000000, 266.01 sec so far
Iteration 49692: max relative diff=0.000000, 271.03 sec so far
Iteration 50601: max relative diff=0.000000, 276.04 sec so far
Iteration 51510: max relative diff=0.000000, 281.05 sec so far
Iteration 52419: max relative diff=0.000000, 286.06 sec so far
Iteration 53328: max relative diff=0.000000, 291.08 sec so far
Iteration 54237: max relative diff=0.000000, 296.12 sec so far
Iteration 55146: max relative diff=0.000000, 301.13 sec so far
Iteration 56055: max relative diff=0.000000, 306.13 sec so far
Iteration 56964: max relative diff=0.000000, 311.14 sec so far
Iteration 57873: max relative diff=0.000000, 316.15 sec so far
Iteration 58782: max relative diff=0.000000, 321.17 sec so far
Iteration 59691: max relative diff=0.000000, 326.19 sec so far
Iteration 60600: max relative diff=0.000000, 331.20 sec so far

Iterative method: 60758 iterations in 332.07 seconds (average 0.005466, setup 4.81)

Value in the initial state: 0.9537522427373889

Time for model checking: 336.97 seconds.

Result: 0.9537522427373889 (value in the initial state)

