PRISM
=====

Version: 4.4.dev
Date: Sun Jun 17 01:25:35 IRDT 2018
Hostname: sadegh-H81M-S2PH
Memory limits: cudd=1g, java(heap)=2.1g
Command line: prism dns38.nm dns.pctl -s -backwardvaliter -maxiters 90050 -epsilon 1e-6 -javamaxmem 2400m

Parsing model file "dns38.nm"...

Parsing properties file "dns.pctl"...

1 property:
(1) Pmax=? [ "pp" U "qq" ]

Type:        MDP
Modules:     m1 m2 m3 
Variables:   s1 s2 s3 

---------------------------------------------------------------------

Model checking: Pmax=? [ "pp" U "qq" ]

Building model...

Computing reachable states...

Reachability (BFS): 3 iterations in 0.00 seconds (average 0.000333, setup 0.00)

Time for model construction: 5.535 seconds.

Type:        MDP
States:      7200 (1 initial)
Transitions: 83137616
Choices:     14400

Transition matrix: 5094857 nodes (214744 terminal), 83137616 minterms, vars: 15r/15c/2nd

Prob0A: 2 iterations in 0.00 seconds (average 0.002000, setup 0.00)

Prob1E: 4 iterations in 0.00 seconds (average 0.000500, setup 0.00)

yes = 10, no = 66, maybe = 7124

Computing remaining probabilities...
Engine: Sparse

Building sparse matrix(FOR GS)... [n=7200, nc=14248, nnz=82255057, k=2] [941.4 MB]
Creating vector for yes...[56.2 KB]
Allocating iteration vectors... [2 x 56.2 KB]
TOTAL: [941.6 MB]

Starting iterations...
Iteration 29: max relative diff=0.026602, 5.07 sec so far
Iteration 66: max relative diff=0.007416, 10.14 sec so far
Iteration 103: max relative diff=0.002993, 15.21 sec so far
Iteration 140: max relative diff=0.001354, 20.27 sec so far
Iteration 177: max relative diff=0.000643, 25.35 sec so far
Iteration 214: max relative diff=0.000312, 30.42 sec so far
Iteration 251: max relative diff=0.000153, 35.48 sec so far
Iteration 288: max relative diff=0.000075, 40.54 sec so far
Iteration 325: max relative diff=0.000037, 45.61 sec so far
Iteration 362: max relative diff=0.000018, 50.69 sec so far
Iteration 399: max relative diff=0.000009, 55.77 sec so far
Iteration 436: max relative diff=0.000004, 60.84 sec so far
Iteration 473: max relative diff=0.000002, 65.91 sec so far
Iteration 510: max relative diff=0.000001, 71.04 sec so far

Iterative method: 515 iterations in 71.72 seconds (average 0.139268, setup 7.71)

Value in the initial state: 0.16181803478847814

Time for model checking: 79.849 seconds.

Result: 0.16181803478847814 (value in the initial state)

Warning: CUDD reports 5949843 non-zero references.

