PRISM
=====

Version: 4.4.dev
Date: Sun Jun 17 14:27:56 IRDT 2018
Hostname: sadegh-H81M-S2PH
Memory limits: cudd=1g, java(heap)=2.1g
Command line: prism dns56.nm dns.pctl -s -bucketvaliter2 -maxiters 90050 -javamaxmem 2400m

Parsing model file "dns56.nm"...

Parsing properties file "dns.pctl"...

1 property:
(1) Pmax=? [ "pp" U "qq" ]

Type:        MDP
Modules:     m1 m2 m3 
Variables:   s1 s2 s3 

---------------------------------------------------------------------

Model checking: Pmax=? [ "pp" U "qq" ]

Building model...

Computing reachable states...

Reachability (BFS): 2 iterations in 0.00 seconds (average 0.000500, setup 0.00)

Time for model construction: 9.688 seconds.

Type:        MDP
States:      6400 (1 initial)
Transitions: 143790239
Choices:     32000

Transition matrix: 8922958 nodes (299626 terminal), 143790239 minterms, vars: 14r/14c/5nd

Prob0A: 2 iterations in 0.00 seconds (average 0.001500, setup 0.00)

Prob1E: 4 iterations in 0.00 seconds (average 0.000500, setup 0.00)

yes = 10, no = 21, maybe = 6369

Computing remaining probabilities...
Engine: Sparse

Building sparse matrix(FOR GS)... [n=6400, nc=31845, nnz=143077762, k=5] [1.6 GB]
Creating vector for yes...[50.0 KB]
Allocating iteration vectors... [2 x 50.0 KB]
TOTAL: [1.6 GB]

Starting iterations...

Iterative method: 1947747 iterations in 688.37 seconds (average 0.000353, setup 12.50)

Value in the initial state: 0.4728315414639516

Time for model checking: 707.085 seconds.

Result: 0.4728315414639516 (value in the initial state)

