PRISM
=====

Version: 4.4.dev
Date: Mon May 21 00:36:59 IRDT 2018
Hostname: sadegh-H81M-S2PH
Memory limits: cudd=1g, java(heap)=2.1g
Command line: prism dns139.nm dns.pctl -s -modpoliter -maxiters 90050 -epsilon 1e-8 -javamaxmem 2400m

Parsing model file "dns139.nm"...

Parsing properties file "dns.pctl"...

1 property:
(1) Pmax=? [ "pp" U "qq" ]

Type:        MDP
Modules:     m1 m2 m3 
Variables:   s1 s2 s3 

---------------------------------------------------------------------

Model checking: Pmax=? [ "pp" U "qq" ]

Building model...

Computing reachable states...

Reachability (BFS): 3 iterations in 0.01 seconds (average 0.001667, setup 0.00)

Time for model construction: 15.228 seconds.

Type:        MDP
States:      8400 (1 initial)
Transitions: 93311258
Choices:     33600

Transition matrix: 16374693 nodes (363131 terminal), 93311258 minterms, vars: 15r/15c/4nd

Prob0A: 2 iterations in 0.00 seconds (average 0.002000, setup 0.00)

Prob1E: 4 iterations in 0.00 seconds (average 0.000500, setup 0.00)

yes = 10, no = 36, maybe = 8354

Computing remaining probabilities...
Engine: Sparse

Building sparse matrix (FOR POLICY ITERASION)... [n=8400, nc=33416, nnz=92832572, k=4] [1.0 GB]
Creating vector for yes...[65.6 KB]
Allocating iteration vectors... [2 x 65.6 KB]
TOTAL: [1.0 GB]

Starting iterations...
Iteration 202: max relative diff=0.015110, 5.03 sec so far
Iteration 404: max relative diff=0.001483, 10.11 sec so far
Iteration 606: max relative diff=0.000087, 15.21 sec so far
Iteration 808: max relative diff=0.000005, 20.31 sec so far
Iteration 1010: max relative diff=0.000000, 25.41 sec so far
Iteration 1212: max relative diff=0.000000, 30.51 sec so far

Iterative method: 1340 iterations in 33.78 seconds (average 0.025210, setup 9.72)

Value in the initial state: 0.4035687091804701

Time for model checking: 43.794 seconds.

Result: 0.4035687091804701 (value in the initial state)

