PRISM
=====

Version: 4.4.dev
Date: Sat Jun 16 17:02:37 IRDT 2018
Hostname: sadegh-H81M-S2PH
Memory limits: cudd=1g, java(heap)=2.1g
Command line: prism dns11.nm dns.pctl -s -backwardvaliter -maxiters 90050 -epsilon 1e-6 -javamaxmem 2400m

Parsing model file "dns11.nm"...

Parsing properties file "dns.pctl"...

1 property:
(1) Pmax=? [ "pp" U "qq" ]

Type:        MDP
Modules:     m1 m2 m3 
Variables:   s1 s2 s3 

---------------------------------------------------------------------

Model checking: Pmax=? [ "pp" U "qq" ]

Building model...

Computing reachable states...

Reachability (BFS): 2 iterations in 0.00 seconds (average 0.000000, setup 0.00)

Time for model construction: 6.054 seconds.

Type:        MDP
States:      4800 (1 initial)
Transitions: 134039292
Choices:     28800

Transition matrix: 5435722 nodes (277753 terminal), 134039292 minterms, vars: 14r/14c/6nd

Prob0A: 2 iterations in 0.00 seconds (average 0.002000, setup 0.00)

Prob1E: 4 iterations in 0.00 seconds (average 0.000500, setup 0.00)

yes = 10, no = 90, maybe = 4700

Computing remaining probabilities...
Engine: Sparse

Building sparse matrix(FOR GS)... [n=4800, nc=28200, nnz=131249902, k=6] [1.5 GB]
Creating vector for yes...[37.5 KB]
Allocating iteration vectors... [2 x 37.5 KB]
TOTAL: [1.5 GB]

Starting iterations...
Iteration 14: max relative diff=0.055969, 5.05 sec so far
Iteration 37: max relative diff=0.010480, 10.08 sec so far
Iteration 60: max relative diff=0.003116, 15.12 sec so far
Iteration 83: max relative diff=0.001031, 20.15 sec so far
Iteration 106: max relative diff=0.000352, 25.18 sec so far
Iteration 129: max relative diff=0.000122, 30.21 sec so far
Iteration 152: max relative diff=0.000042, 35.25 sec so far
Iteration 175: max relative diff=0.000015, 40.27 sec so far
Iteration 198: max relative diff=0.000005, 45.30 sec so far
Iteration 221: max relative diff=0.000002, 50.33 sec so far

Iterative method: 234 iterations in 53.17 seconds (average 0.227239, setup 12.43)

Value in the initial state: 0.1663056850070586

Time for model checking: 66.317 seconds.

Result: 0.1663056850070586 (value in the initial state)

Warning: CUDD reports 7500275 non-zero references.

