PRISM
=====

Version: 4.4.dev
Date: Mon May 21 03:23:37 IRDT 2018
Hostname: sadegh-H81M-S2PH
Memory limits: cudd=1g, java(heap)=2.1g
Command line: prism dns182.nm dns.pctl -s -improvedmodpoliter -maxiters 90050 -epsilon 1e-8 -javamaxmem 2400m

Parsing model file "dns182.nm"...

Parsing properties file "dns.pctl"...

1 property:
(1) Pmax=? [ "pp" U "qq" ]

Type:        MDP
Modules:     m1 m2 m3 
Variables:   s1 s2 s3 

---------------------------------------------------------------------

Model checking: Pmax=? [ "pp" U "qq" ]

Building model...

Computing reachable states...

Reachability (BFS): 4 iterations in 0.00 seconds (average 0.000500, setup 0.00)

Time for model construction: 7.019 seconds.

Type:        MDP
States:      10800 (1 initial)
Transitions: 15034290
Choices:     21600

Transition matrix: 9829734 nodes (394938 terminal), 15034290 minterms, vars: 15r/15c/2nd

Prob0A: 3 iterations in 0.01 seconds (average 0.001667, setup 0.00)

Prob1E: 4 iterations in 0.00 seconds (average 0.000250, setup 0.00)

yes = 10, no = 45, maybe = 10745

Computing remaining probabilities...
Engine: Sparse

Building sparse matrix (FOR POLICY ITERASION)... [n=10800, nc=21490, nnz=14960732, k=2] [171.3 MB]
Creating vector for yes...[84.4 KB]
Allocating iteration vectors... [2 x 84.4 KB]
TOTAL: [171.6 MB]

Starting iterations...
Iteration 918: max relative diff=0.000323, 5.11 sec so far
Iteration 1836: max relative diff=0.000005, 10.15 sec so far
Iteration 2754: max relative diff=0.000000, 15.19 sec so far

Iterative method: 3162 iterations in 17.43 seconds (average 0.005512, setup 2.49)

Value in the initial state: 0.5014160483149949

Time for model checking: 20.01 seconds.

Result: 0.5014160483149949 (value in the initial state)

