PRISM
=====

Version: 4.4.dev
Date: Sun Jun 17 13:37:34 IRDT 2018
Hostname: sadegh-H81M-S2PH
Memory limits: cudd=1g, java(heap)=2.1g
Command line: prism dns55.nm dns.pctl -s -gs -maxiters 90050 -epsilon 1e-6 -javamaxmem 2400m

Parsing model file "dns55.nm"...

Parsing properties file "dns.pctl"...

1 property:
(1) Pmax=? [ "pp" U "qq" ]

Type:        MDP
Modules:     m1 m2 m3 
Variables:   s1 s2 s3 

---------------------------------------------------------------------

Model checking: Pmax=? [ "pp" U "qq" ]

Building model...

Computing reachable states...

Reachability (BFS): 3 iterations in 0.00 seconds (average 0.001000, setup 0.00)

Time for model construction: 17.015 seconds.

Type:        MDP
States:      8000 (1 initial)
Transitions: 263773204
Choices:     48000

Transition matrix: 15976063 nodes (249020 terminal), 263773204 minterms, vars: 15r/15c/6nd

Prob0A: 2 iterations in 0.00 seconds (average 0.002000, setup 0.00)

Prob1E: 4 iterations in 0.00 seconds (average 0.000750, setup 0.00)

yes = 10, no = 10, maybe = 7980

Computing remaining probabilities...
Engine: Sparse

Building sparse matrix(FOR GS)... [n=8000, nc=47880, nnz=263106553, k=6] [2.9 GB]
Creating vector for yes...[62.5 KB]
Allocating iteration vectors... [2 x 62.5 KB]
TOTAL: [2.9 GB]

Starting iterations...
Iteration 12: max relative diff=0.086964, 5.25 sec so far
Iteration 24: max relative diff=0.038954, 10.50 sec so far
Iteration 36: max relative diff=0.024012, 15.75 sec so far
Iteration 48: max relative diff=0.016771, 21.00 sec so far
Iteration 60: max relative diff=0.012527, 26.26 sec so far
Iteration 72: max relative diff=0.009759, 31.51 sec so far
Iteration 84: max relative diff=0.007835, 36.76 sec so far
Iteration 96: max relative diff=0.006418, 42.01 sec so far
Iteration 108: max relative diff=0.005344, 47.26 sec so far
Iteration 120: max relative diff=0.004508, 52.52 sec so far
Iteration 132: max relative diff=0.003846, 57.76 sec so far
Iteration 144: max relative diff=0.003311, 63.02 sec so far
Iteration 156: max relative diff=0.002875, 68.27 sec so far
Iteration 168: max relative diff=0.002512, 73.52 sec so far
Iteration 180: max relative diff=0.002210, 78.77 sec so far
Iteration 192: max relative diff=0.001955, 84.02 sec so far
Iteration 204: max relative diff=0.001739, 89.27 sec so far
Iteration 216: max relative diff=0.001554, 94.51 sec so far
Iteration 228: max relative diff=0.001394, 99.76 sec so far
Iteration 240: max relative diff=0.001256, 105.02 sec so far
Iteration 252: max relative diff=0.001136, 110.27 sec so far
Iteration 264: max relative diff=0.001031, 115.52 sec so far
Iteration 276: max relative diff=0.000938, 120.77 sec so far
Iteration 288: max relative diff=0.000857, 126.03 sec so far
Iteration 300: max relative diff=0.000785, 131.28 sec so far
Iteration 312: max relative diff=0.000721, 136.53 sec so far
Iteration 324: max relative diff=0.000663, 141.78 sec so far
Iteration 336: max relative diff=0.000612, 147.04 sec so far
Iteration 348: max relative diff=0.000566, 152.28 sec so far
Iteration 360: max relative diff=0.000525, 157.53 sec so far
Iteration 372: max relative diff=0.000487, 162.78 sec so far
Iteration 384: max relative diff=0.000453, 168.04 sec so far
Iteration 396: max relative diff=0.000422, 173.29 sec so far
Iteration 408: max relative diff=0.000394, 178.54 sec so far
Iteration 420: max relative diff=0.000368, 183.80 sec so far
Iteration 432: max relative diff=0.000345, 189.05 sec so far
Iteration 444: max relative diff=0.000323, 194.31 sec so far
Iteration 456: max relative diff=0.000303, 199.56 sec so far
Iteration 468: max relative diff=0.000285, 204.82 sec so far
Iteration 480: max relative diff=0.000268, 210.06 sec so far
Iteration 492: max relative diff=0.000252, 215.32 sec so far
Iteration 504: max relative diff=0.000237, 220.57 sec so far
Iteration 516: max relative diff=0.000224, 225.82 sec so far
Iteration 528: max relative diff=0.000211, 231.07 sec so far
Iteration 540: max relative diff=0.000199, 236.32 sec so far
Iteration 552: max relative diff=0.000188, 241.57 sec so far
Iteration 564: max relative diff=0.000178, 246.82 sec so far
Iteration 576: max relative diff=0.000168, 252.07 sec so far
Iteration 588: max relative diff=0.000159, 257.33 sec so far
Iteration 600: max relative diff=0.000151, 262.58 sec so far
Iteration 612: max relative diff=0.000143, 267.83 sec so far
Iteration 624: max relative diff=0.000135, 273.08 sec so far
Iteration 636: max relative diff=0.000128, 278.33 sec so far
Iteration 648: max relative diff=0.000122, 283.58 sec so far
Iteration 660: max relative diff=0.000116, 288.84 sec so far
Iteration 672: max relative diff=0.000110, 294.09 sec so far
Iteration 684: max relative diff=0.000104, 299.34 sec so far
Iteration 696: max relative diff=0.000099, 304.59 sec so far
Iteration 708: max relative diff=0.000094, 309.85 sec so far
Iteration 720: max relative diff=0.000090, 315.10 sec so far
Iteration 732: max relative diff=0.000085, 320.36 sec so far
Iteration 744: max relative diff=0.000081, 325.61 sec so far
Iteration 756: max relative diff=0.000077, 330.87 sec so far
Iteration 768: max relative diff=0.000073, 336.12 sec so far
Iteration 780: max relative diff=0.000070, 341.37 sec so far
Iteration 792: max relative diff=0.000066, 346.63 sec so far
Iteration 804: max relative diff=0.000063, 351.89 sec so far
Iteration 816: max relative diff=0.000060, 357.13 sec so far
Iteration 828: max relative diff=0.000057, 362.39 sec so far
Iteration 840: max relative diff=0.000055, 367.64 sec so far
Iteration 852: max relative diff=0.000052, 372.89 sec so far
Iteration 864: max relative diff=0.000050, 378.13 sec so far
Iteration 876: max relative diff=0.000047, 383.38 sec so far
Iteration 888: max relative diff=0.000045, 388.63 sec so far
Iteration 900: max relative diff=0.000043, 393.89 sec so far
Iteration 912: max relative diff=0.000041, 399.14 sec so far
Iteration 924: max relative diff=0.000039, 404.39 sec so far
Iteration 936: max relative diff=0.000037, 409.64 sec so far
Iteration 948: max relative diff=0.000036, 414.89 sec so far
Iteration 960: max relative diff=0.000034, 420.15 sec so far
Iteration 972: max relative diff=0.000032, 425.40 sec so far
Iteration 984: max relative diff=0.000031, 430.66 sec so far
Iteration 996: max relative diff=0.000029, 435.91 sec so far
Iteration 1008: max relative diff=0.000028, 441.16 sec so far
Iteration 1020: max relative diff=0.000027, 446.42 sec so far
Iteration 1032: max relative diff=0.000026, 451.67 sec so far
Iteration 1044: max relative diff=0.000024, 456.93 sec so far
Iteration 1056: max relative diff=0.000023, 462.18 sec so far
Iteration 1068: max relative diff=0.000022, 467.44 sec so far
Iteration 1080: max relative diff=0.000021, 472.68 sec so far
Iteration 1092: max relative diff=0.000020, 477.94 sec so far
Iteration 1104: max relative diff=0.000019, 483.19 sec so far
Iteration 1116: max relative diff=0.000019, 488.44 sec so far
Iteration 1128: max relative diff=0.000018, 493.69 sec so far
Iteration 1140: max relative diff=0.000017, 498.95 sec so far
Iteration 1152: max relative diff=0.000016, 504.20 sec so far
Iteration 1164: max relative diff=0.000015, 509.46 sec so far
Iteration 1176: max relative diff=0.000015, 514.71 sec so far
Iteration 1188: max relative diff=0.000014, 519.96 sec so far
Iteration 1200: max relative diff=0.000013, 525.21 sec so far
Iteration 1212: max relative diff=0.000013, 530.46 sec so far
Iteration 1224: max relative diff=0.000012, 535.71 sec so far
Iteration 1236: max relative diff=0.000012, 540.96 sec so far
Iteration 1248: max relative diff=0.000011, 546.21 sec so far
Iteration 1260: max relative diff=0.000011, 551.46 sec so far
Iteration 1272: max relative diff=0.000010, 556.71 sec so far
Iteration 1284: max relative diff=0.000010, 561.96 sec so far
Iteration 1296: max relative diff=0.000009, 567.21 sec so far
Iteration 1308: max relative diff=0.000009, 572.47 sec so far
Iteration 1320: max relative diff=0.000009, 577.71 sec so far
Iteration 1332: max relative diff=0.000008, 582.96 sec so far
Iteration 1344: max relative diff=0.000008, 588.21 sec so far
Iteration 1356: max relative diff=0.000007, 593.45 sec so far
Iteration 1368: max relative diff=0.000007, 598.70 sec so far
Iteration 1380: max relative diff=0.000007, 603.96 sec so far
Iteration 1392: max relative diff=0.000006, 609.21 sec so far
Iteration 1404: max relative diff=0.000006, 614.46 sec so far
Iteration 1416: max relative diff=0.000006, 619.72 sec so far
Iteration 1428: max relative diff=0.000006, 624.97 sec so far
Iteration 1440: max relative diff=0.000005, 630.22 sec so far
Iteration 1452: max relative diff=0.000005, 635.47 sec so far
Iteration 1464: max relative diff=0.000005, 640.72 sec so far
Iteration 1476: max relative diff=0.000005, 645.97 sec so far
Iteration 1488: max relative diff=0.000005, 651.22 sec so far
Iteration 1500: max relative diff=0.000004, 656.48 sec so far
Iteration 1512: max relative diff=0.000004, 661.73 sec so far
Iteration 1524: max relative diff=0.000004, 666.97 sec so far
Iteration 1536: max relative diff=0.000004, 672.23 sec so far
Iteration 1548: max relative diff=0.000004, 677.49 sec so far
Iteration 1560: max relative diff=0.000003, 682.73 sec so far
Iteration 1572: max relative diff=0.000003, 687.99 sec so far
Iteration 1584: max relative diff=0.000003, 693.24 sec so far
Iteration 1596: max relative diff=0.000003, 698.50 sec so far
Iteration 1608: max relative diff=0.000003, 703.75 sec so far
Iteration 1620: max relative diff=0.000003, 709.00 sec so far
Iteration 1632: max relative diff=0.000003, 714.24 sec so far
Iteration 1644: max relative diff=0.000003, 719.49 sec so far
Iteration 1656: max relative diff=0.000002, 724.73 sec so far
Iteration 1668: max relative diff=0.000002, 729.99 sec so far
Iteration 1680: max relative diff=0.000002, 735.24 sec so far
Iteration 1692: max relative diff=0.000002, 740.49 sec so far
Iteration 1704: max relative diff=0.000002, 745.73 sec so far
Iteration 1716: max relative diff=0.000002, 750.99 sec so far
Iteration 1728: max relative diff=0.000002, 756.23 sec so far
Iteration 1740: max relative diff=0.000002, 761.49 sec so far
Iteration 1752: max relative diff=0.000002, 766.73 sec so far
Iteration 1764: max relative diff=0.000002, 771.99 sec so far
Iteration 1776: max relative diff=0.000002, 777.24 sec so far
Iteration 1788: max relative diff=0.000001, 782.49 sec so far
Iteration 1800: max relative diff=0.000001, 787.74 sec so far
Iteration 1812: max relative diff=0.000001, 792.99 sec so far
Iteration 1824: max relative diff=0.000001, 798.24 sec so far
Iteration 1836: max relative diff=0.000001, 803.49 sec so far
Iteration 1848: max relative diff=0.000001, 808.75 sec so far
Iteration 1860: max relative diff=0.000001, 814.00 sec so far
Iteration 1872: max relative diff=0.000001, 819.25 sec so far
Iteration 1884: max relative diff=0.000001, 824.50 sec so far

Iterative method: 1891 iterations in 827.57 seconds (average 0.437636, setup 23.31)

Value in the initial state: 0.6450306924248247

Time for model checking: 851.898 seconds.

Result: 0.6450306924248247 (value in the initial state)

