PRISM
=====

Version: 4.4.dev
Date: Sun May 20 12:55:19 IRDT 2018
Hostname: sadegh-H81M-S2PH
Memory limits: cudd=1g, java(heap)=2.1g
Command line: prism dns32.nm dns.pctl -s -improvedmodpoliter2 -maxiters 90050 -epsilon 1e-8 -javamaxmem 2400m

Parsing model file "dns32.nm"...

Parsing properties file "dns.pctl"...

1 property:
(1) Pmax=? [ "pp" U "qq" ]

Type:        MDP
Modules:     m1 m2 m3 
Variables:   s1 s2 s3 

---------------------------------------------------------------------

Model checking: Pmax=? [ "pp" U "qq" ]

Building model...

Computing reachable states...

Reachability (BFS): 2 iterations in 0.00 seconds (average 0.000500, setup 0.00)

Time for model construction: 8.729 seconds.

Type:        MDP
States:      7200 (1 initial)
Transitions: 208638409
Choices:     36000

Transition matrix: 11470759 nodes (268720 terminal), 208638409 minterms, vars: 15r/15c/5nd

Prob0A: 2 iterations in 0.00 seconds (average 0.001500, setup 0.00)

Prob1E: 4 iterations in 0.00 seconds (average 0.000250, setup 0.00)

yes = 10, no = 21, maybe = 7169

Computing remaining probabilities...
Engine: Sparse

Building sparse matrix (FOR POLICY ITERASION)... [n=7200, nc=35845, nnz=207749605, k=5] [2.3 GB]
Creating vector for yes...[56.2 KB]
Allocating iteration vectors... [2 x 56.2 KB]
TOTAL: [2.3 GB]

Starting iterations...
Iteration 303: max relative diff=0.004193, 7.01 sec so far
Iteration 606: max relative diff=0.000498, 14.00 sec so far
Iteration 909: max relative diff=0.000040, 20.98 sec so far
Iteration 1212: max relative diff=0.000004, 27.94 sec so far
Iteration 1515: max relative diff=0.000000, 34.90 sec so far
Iteration 1818: max relative diff=0.000000, 41.84 sec so far
Iteration 2091: max relative diff=0.000000, 48.19 sec so far

Iterative method: 2091 iterations in 48.19 seconds (average 0.023044, setup 11.46)


Number of scallar multiplications: 49518M 

Value in the initial state: 0.46265326607008495

Time for model checking: 61.127 seconds.

Result: 0.46265326607008495 (value in the initial state)

