PRISM
=====

Version: 4.4.dev
Date: Mon May 21 00:39:00 IRDT 2018
Hostname: sadegh-H81M-S2PH
Memory limits: cudd=1g, java(heap)=2.1g
Command line: prism dns139.nm dns.pctl -s -improvedmodpoliter2 -maxiters 90050 -epsilon 1e-8 -javamaxmem 2400m

Parsing model file "dns139.nm"...

Parsing properties file "dns.pctl"...

1 property:
(1) Pmax=? [ "pp" U "qq" ]

Type:        MDP
Modules:     m1 m2 m3 
Variables:   s1 s2 s3 

---------------------------------------------------------------------

Model checking: Pmax=? [ "pp" U "qq" ]

Building model...

Computing reachable states...

Reachability (BFS): 3 iterations in 0.01 seconds (average 0.001667, setup 0.00)

Time for model construction: 15.102 seconds.

Type:        MDP
States:      8400 (1 initial)
Transitions: 93311258
Choices:     33600

Transition matrix: 16374693 nodes (363131 terminal), 93311258 minterms, vars: 15r/15c/4nd

Prob0A: 2 iterations in 0.01 seconds (average 0.005500, setup 0.00)

Prob1E: 4 iterations in 0.00 seconds (average 0.000750, setup 0.00)

yes = 10, no = 36, maybe = 8354

Computing remaining probabilities...
Engine: Sparse

Building sparse matrix (FOR POLICY ITERASION)... [n=8400, nc=33416, nnz=92832572, k=4] [1.0 GB]
Creating vector for yes...[65.6 KB]
Allocating iteration vectors... [2 x 65.6 KB]
TOTAL: [1.0 GB]

Starting iterations...
Iteration 404: max relative diff=0.002387, 5.17 sec so far
Iteration 808: max relative diff=0.000073, 10.43 sec so far
Iteration 1212: max relative diff=0.000003, 15.68 sec so far
Iteration 1616: max relative diff=0.000000, 20.91 sec so far
Iteration 2008: max relative diff=0.000000, 26.03 sec so far

Iterative method: 2008 iterations in 26.03 seconds (average 0.012963, setup 9.72)


Number of scallar multiplications: 26737M 

Value in the initial state: 0.4035688811016028

Time for model checking: 36.478 seconds.

Result: 0.4035688811016028 (value in the initial state)

