PRISM
=====

Version: 4.4.dev
Date: Tue Jun 19 12:24:54 IRDT 2018
Hostname: sadegh-H81M-S2PH
Memory limits: cudd=1g, java(heap)=2.1g
Command line: prism dns159.nm dns.pctl -s -gs -maxiters 90050 -epsilon 1e-6 -javamaxmem 2400m

Parsing model file "dns159.nm"...

Parsing properties file "dns.pctl"...

1 property:
(1) Pmax=? [ "pp" U "qq" ]

Type:        MDP
Modules:     m1 m2 m3 
Variables:   s1 s2 s3 

---------------------------------------------------------------------

Model checking: Pmax=? [ "pp" U "qq" ]

Building model...

Computing reachable states...

Reachability (BFS): 3 iterations in 0.01 seconds (average 0.001667, setup 0.00)

Time for model construction: 20.964 seconds.

Type:        MDP
States:      10000 (1 initial)
Transitions: 71448642
Choices:     30000

Transition matrix: 18109328 nodes (318681 terminal), 71448642 minterms, vars: 15r/15c/3nd

Prob0A: 3 iterations in 0.01 seconds (average 0.002333, setup 0.00)

Prob1E: 4 iterations in 0.00 seconds (average 0.000500, setup 0.00)

yes = 10, no = 66, maybe = 9924

Computing remaining probabilities...
Engine: Sparse

Building sparse matrix(FOR GS)... [n=10000, nc=29772, nnz=70904441, k=3] [811.6 MB]
Creating vector for yes...[78.1 KB]
Allocating iteration vectors... [2 x 78.1 KB]
TOTAL: [811.8 MB]

Starting iterations...
Iteration 43: max relative diff=0.014764, 5.12 sec so far
Iteration 86: max relative diff=0.004425, 10.23 sec so far
Iteration 129: max relative diff=0.001789, 15.35 sec so far
Iteration 172: max relative diff=0.000803, 20.47 sec so far
Iteration 215: max relative diff=0.000376, 25.58 sec so far
Iteration 258: max relative diff=0.000180, 30.69 sec so far
Iteration 301: max relative diff=0.000087, 35.81 sec so far
Iteration 344: max relative diff=0.000042, 40.92 sec so far
Iteration 387: max relative diff=0.000021, 46.03 sec so far
Iteration 430: max relative diff=0.000010, 51.15 sec so far
Iteration 473: max relative diff=0.000005, 56.26 sec so far
Iteration 516: max relative diff=0.000002, 61.37 sec so far
Iteration 559: max relative diff=0.000001, 66.49 sec so far

Iterative method: 568 iterations in 67.56 seconds (average 0.118945, setup 12.75)

Value in the initial state: 0.22514498848751738

Time for model checking: 80.704 seconds.

Result: 0.22514498848751738 (value in the initial state)

