PRISM
=====

Version: 4.4.dev
Date: Mon May 21 00:36:10 IRDT 2018
Hostname: sadegh-H81M-S2PH
Memory limits: cudd=1g, java(heap)=2.1g
Command line: prism dns138.nm dns.pctl -s -improvedmodpoliter2 -maxiters 90050 -epsilon 1e-8 -javamaxmem 2400m

Parsing model file "dns138.nm"...

Parsing properties file "dns.pctl"...

1 property:
(1) Pmax=? [ "pp" U "qq" ]

Type:        MDP
Modules:     m1 m2 m3 
Variables:   s1 s2 s3 

---------------------------------------------------------------------

Model checking: Pmax=? [ "pp" U "qq" ]

Building model...

Computing reachable states...

Reachability (BFS): 3 iterations in 0.00 seconds (average 0.000333, setup 0.00)

Time for model construction: 3.722 seconds.

Type:        MDP
States:      6400 (1 initial)
Transitions: 25937726
Choices:     12800

Transition matrix: 4982151 nodes (363742 terminal), 25937726 minterms, vars: 14r/14c/2nd

Prob0A: 3 iterations in 0.00 seconds (average 0.000667, setup 0.00)

Prob1E: 4 iterations in 0.01 seconds (average 0.001250, setup 0.00)

yes = 10, no = 28, maybe = 6362

Computing remaining probabilities...
Engine: Sparse

Building sparse matrix (FOR POLICY ITERASION)... [n=6400, nc=12724, nnz=25776611, k=2] [295.1 MB]
Creating vector for yes...[50.0 KB]
Allocating iteration vectors... [2 x 50.0 KB]
TOTAL: [295.2 MB]

Starting iterations...
Iteration 909: max relative diff=0.000097, 5.31 sec so far
Iteration 1818: max relative diff=0.000000, 10.83 sec so far

Iterative method: 2323 iterations in 14.14 seconds (average 0.006086, setup 2.07)


Number of scallar multiplications: 14291M 

Value in the initial state: 0.32146437317642734

Time for model checking: 16.305 seconds.

Result: 0.32146437317642734 (value in the initial state)

