PRISM
=====

Version: 4.4.dev
Date: Tue Jun 19 14:19:11 IRDT 2018
Hostname: sadegh-H81M-S2PH
Memory limits: cudd=1g, java(heap)=2.1g
Command line: prism dns166.nm dns.pctl -s -bucketvaliter2 -maxiters 90050 -javamaxmem 2400m

Parsing model file "dns166.nm"...

Parsing properties file "dns.pctl"...

1 property:
(1) Pmax=? [ "pp" U "qq" ]

Type:        MDP
Modules:     m1 m2 m3 
Variables:   s1 s2 s3 

---------------------------------------------------------------------

Model checking: Pmax=? [ "pp" U "qq" ]

Building model...

Computing reachable states...

Reachability (BFS): 3 iterations in 0.00 seconds (average 0.000333, setup 0.00)

Time for model construction: 3.18 seconds.

Type:        MDP
States:      6400 (1 initial)
Transitions: 8498967
Choices:     12800

Transition matrix: 4081508 nodes (524148 terminal), 8498967 minterms, vars: 14r/14c/2nd

Prob0A: 3 iterations in 0.01 seconds (average 0.003000, setup 0.00)

Prob1E: 4 iterations in 0.00 seconds (average 0.000250, setup 0.00)

yes = 10, no = 45, maybe = 6345

Computing remaining probabilities...
Engine: Sparse

Building sparse matrix(FOR GS)... [n=6400, nc=12690, nnz=8430108, k=2] [96.5 MB]
Creating vector for yes...[50.0 KB]
Allocating iteration vectors... [2 x 50.0 KB]
TOTAL: [96.7 MB]

Starting iterations...

Iterative method: 4014583 iterations in 45.34 seconds (average 0.000011, setup 1.60)

Value in the initial state: 0.4414292942565356

Time for model checking: 51.214 seconds.

Result: 0.4414292942565356 (value in the initial state)

