PRISM
=====

Version: 4.4.dev
Date: Sun May 20 15:26:16 IRDT 2018
Hostname: sadegh-H81M-S2PH
Memory limits: cudd=1g, java(heap)=2.1g
Command line: prism dns55.nm dns.pctl -s -improvedmodpoliter2 -maxiters 90050 -epsilon 1e-8 -javamaxmem 2400m

Parsing model file "dns55.nm"...

Parsing properties file "dns.pctl"...

1 property:
(1) Pmax=? [ "pp" U "qq" ]

Type:        MDP
Modules:     m1 m2 m3 
Variables:   s1 s2 s3 

---------------------------------------------------------------------

Model checking: Pmax=? [ "pp" U "qq" ]

Building model...

Computing reachable states...

Reachability (BFS): 3 iterations in 0.00 seconds (average 0.000667, setup 0.00)

Time for model construction: 12.73 seconds.

Type:        MDP
States:      8000 (1 initial)
Transitions: 263773204
Choices:     48000

Transition matrix: 15976063 nodes (249020 terminal), 263773204 minterms, vars: 15r/15c/6nd

Prob0A: 2 iterations in 0.00 seconds (average 0.002000, setup 0.00)

Prob1E: 4 iterations in 0.00 seconds (average 0.000500, setup 0.00)

yes = 10, no = 10, maybe = 7980

Computing remaining probabilities...
Engine: Sparse

Building sparse matrix (FOR POLICY ITERASION)... [n=8000, nc=47880, nnz=263106553, k=6] [2.9 GB]
Creating vector for yes...[62.5 KB]
Allocating iteration vectors... [2 x 62.5 KB]
TOTAL: [2.9 GB]

Starting iterations...
Iteration 202: max relative diff=0.008926, 5.09 sec so far
Iteration 404: max relative diff=0.002314, 10.10 sec so far
Iteration 606: max relative diff=0.000938, 15.14 sec so far
Iteration 808: max relative diff=0.000481, 20.17 sec so far
Iteration 1010: max relative diff=0.000242, 25.24 sec so far
Iteration 1212: max relative diff=0.000113, 30.29 sec so far
Iteration 1414: max relative diff=0.000068, 35.34 sec so far
Iteration 1616: max relative diff=0.000043, 40.44 sec so far
Iteration 1818: max relative diff=0.000020, 45.69 sec so far
Iteration 2020: max relative diff=0.000016, 50.98 sec so far
Iteration 2222: max relative diff=0.000007, 56.11 sec so far
Iteration 2424: max relative diff=0.000004, 61.38 sec so far
Iteration 2626: max relative diff=0.000002, 66.68 sec so far
Iteration 2828: max relative diff=0.000001, 71.82 sec so far
Iteration 3030: max relative diff=0.000001, 77.11 sec so far
Iteration 3232: max relative diff=0.000000, 82.15 sec so far
Iteration 3434: max relative diff=0.000000, 87.21 sec so far
Iteration 3636: max relative diff=0.000000, 92.49 sec so far
Iteration 3838: max relative diff=0.000000, 97.77 sec so far
Iteration 4040: max relative diff=0.000000, 102.89 sec so far
Iteration 4242: max relative diff=0.000000, 108.18 sec so far
Iteration 4444: max relative diff=0.000000, 113.43 sec so far
Iteration 4646: max relative diff=0.000000, 118.56 sec so far

Iterative method: 4747 iterations in 121.09 seconds (average 0.025508, setup 14.78)


Number of scallar multiplications: 122927M 

Value in the initial state: 0.6452004792014511

Time for model checking: 138.668 seconds.

Result: 0.6452004792014511 (value in the initial state)

