PRISM
=====

Version: 4.4.dev
Date: Sun Jun 17 11:23:29 IRDT 2018
Hostname: sadegh-H81M-S2PH
Memory limits: cudd=1g, java(heap)=2.1g
Command line: prism dns48.nm dns.pctl -s -backwardvaliter -maxiters 90050 -epsilon 1e-6 -javamaxmem 2400m

Parsing model file "dns48.nm"...

Parsing properties file "dns.pctl"...

1 property:
(1) Pmax=? [ "pp" U "qq" ]

Type:        MDP
Modules:     m1 m2 m3 
Variables:   s1 s2 s3 

---------------------------------------------------------------------

Model checking: Pmax=? [ "pp" U "qq" ]

Building model...

Computing reachable states...

Reachability (BFS): 3 iterations in 0.00 seconds (average 0.001333, setup 0.00)

Time for model construction: 24.888 seconds.

Type:        MDP
States:      8400 (1 initial)
Transitions: 250908948
Choices:     42000

Transition matrix: 19784904 nodes (432863 terminal), 250908948 minterms, vars: 15r/15c/5nd

Prob0A: 2 iterations in 0.02 seconds (average 0.012000, setup 0.00)

Prob1E: 4 iterations in 0.01 seconds (average 0.001250, setup 0.00)

yes = 10, no = 105, maybe = 8285

Computing remaining probabilities...
Engine: Sparse

Building sparse matrix(FOR GS)... [n=8400, nc=41425, nnz=247434551, k=5] [2.8 GB]
Creating vector for yes...[65.6 KB]
Allocating iteration vectors... [2 x 65.6 KB]
TOTAL: [2.8 GB]

Starting iterations...
Iteration 6: max relative diff=0.186255, 5.12 sec so far
Iteration 19: max relative diff=0.039968, 10.47 sec so far
Iteration 32: max relative diff=0.017924, 15.82 sec so far
Iteration 45: max relative diff=0.009703, 21.16 sec so far
Iteration 58: max relative diff=0.005742, 26.51 sec so far
Iteration 71: max relative diff=0.003566, 31.86 sec so far
Iteration 84: max relative diff=0.002281, 37.20 sec so far
Iteration 97: max relative diff=0.001484, 42.55 sec so far
Iteration 110: max relative diff=0.000976, 47.90 sec so far
Iteration 123: max relative diff=0.000647, 53.24 sec so far
Iteration 136: max relative diff=0.000431, 58.59 sec so far
Iteration 149: max relative diff=0.000288, 63.93 sec so far
Iteration 162: max relative diff=0.000193, 69.28 sec so far
Iteration 175: max relative diff=0.000129, 74.63 sec so far
Iteration 188: max relative diff=0.000087, 79.98 sec so far
Iteration 201: max relative diff=0.000058, 85.32 sec so far
Iteration 214: max relative diff=0.000039, 90.67 sec so far
Iteration 227: max relative diff=0.000026, 96.01 sec so far
Iteration 240: max relative diff=0.000018, 101.35 sec so far
Iteration 253: max relative diff=0.000012, 106.70 sec so far
Iteration 266: max relative diff=0.000008, 112.04 sec so far
Iteration 279: max relative diff=0.000005, 117.39 sec so far
Iteration 292: max relative diff=0.000004, 122.75 sec so far
Iteration 305: max relative diff=0.000002, 128.10 sec so far
Iteration 318: max relative diff=0.000002, 133.44 sec so far
Iteration 331: max relative diff=0.000001, 138.79 sec so far

Iterative method: 335 iterations in 140.44 seconds (average 0.419209, setup 29.63)

Value in the initial state: 0.2304566012141317

Time for model checking: 171.365 seconds.

Result: 0.2304566012141317 (value in the initial state)

Warning: CUDD reports 22348627 non-zero references.

