PRISM
=====

Version: 4.4.dev
Date: Sat Jun 16 21:01:09 IRDT 2018
Hostname: sadegh-H81M-S2PH
Memory limits: cudd=1g, java(heap)=2.1g
Command line: prism dns24.nm dns.pctl -s -gs -maxiters 90050 -epsilon 1e-6 -javamaxmem 2400m

Parsing model file "dns24.nm"...

Parsing properties file "dns.pctl"...

1 property:
(1) Pmax=? [ "pp" U "qq" ]

Type:        MDP
Modules:     m1 m2 m3 
Variables:   s1 s2 s3 

---------------------------------------------------------------------

Model checking: Pmax=? [ "pp" U "qq" ]

Building model...

Computing reachable states...

Reachability (BFS): 3 iterations in 0.00 seconds (average 0.000667, setup 0.00)

Time for model construction: 10.85 seconds.

Type:        MDP
States:      8400 (1 initial)
Transitions: 165412176
Choices:     25200

Transition matrix: 10319443 nodes (274533 terminal), 165412176 minterms, vars: 15r/15c/3nd

Prob0A: 2 iterations in 0.01 seconds (average 0.004000, setup 0.00)

Prob1E: 4 iterations in 0.00 seconds (average 0.000750, setup 0.00)

yes = 10, no = 78, maybe = 8312

Computing remaining probabilities...
Engine: Sparse

Building sparse matrix(FOR GS)... [n=8400, nc=24936, nnz=163652036, k=3] [1.8 GB]
Creating vector for yes...[65.6 KB]
Allocating iteration vectors... [2 x 65.6 KB]
TOTAL: [1.8 GB]

Starting iterations...
Iteration 19: max relative diff=0.044867, 5.17 sec so far
Iteration 38: max relative diff=0.016949, 10.34 sec so far
Iteration 57: max relative diff=0.008681, 15.51 sec so far
Iteration 76: max relative diff=0.004988, 20.68 sec so far
Iteration 95: max relative diff=0.003039, 25.84 sec so far
Iteration 114: max relative diff=0.001914, 31.00 sec so far
Iteration 133: max relative diff=0.001231, 36.17 sec so far
Iteration 152: max relative diff=0.000802, 41.34 sec so far
Iteration 171: max relative diff=0.000526, 46.51 sec so far
Iteration 190: max relative diff=0.000347, 51.68 sec so far
Iteration 209: max relative diff=0.000230, 56.85 sec so far
Iteration 228: max relative diff=0.000152, 62.02 sec so far
Iteration 247: max relative diff=0.000101, 67.19 sec so far
Iteration 266: max relative diff=0.000067, 72.36 sec so far
Iteration 285: max relative diff=0.000045, 77.53 sec so far
Iteration 304: max relative diff=0.000030, 82.70 sec so far
Iteration 323: max relative diff=0.000020, 87.86 sec so far
Iteration 342: max relative diff=0.000013, 93.03 sec so far
Iteration 361: max relative diff=0.000009, 98.19 sec so far
Iteration 380: max relative diff=0.000006, 103.36 sec so far
Iteration 399: max relative diff=0.000004, 108.53 sec so far
Iteration 418: max relative diff=0.000003, 113.70 sec so far
Iteration 437: max relative diff=0.000002, 118.87 sec so far
Iteration 456: max relative diff=0.000001, 124.04 sec so far

Iterative method: 463 iterations in 125.94 seconds (average 0.272019, setup 16.39)

Value in the initial state: 0.18660986254796966

Time for model checking: 143.198 seconds.

Result: 0.18660986254796966 (value in the initial state)

