PRISM
=====

Version: 4.4.dev
Date: Sun Jun 17 20:36:38 IRDT 2018
Hostname: sadegh-H81M-S2PH
Memory limits: cudd=1g, java(heap)=2.1g
Command line: prism dns76.nm dns.pctl -s -bucketvaliter2 -maxiters 90050 -javamaxmem 2400m

Parsing model file "dns76.nm"...

Parsing properties file "dns.pctl"...

1 property:
(1) Pmax=? [ "pp" U "qq" ]

Type:        MDP
Modules:     m1 m2 m3 
Variables:   s1 s2 s3 

---------------------------------------------------------------------

Model checking: Pmax=? [ "pp" U "qq" ]

Building model...

Computing reachable states...

Reachability (BFS): 3 iterations in 0.00 seconds (average 0.000667, setup 0.00)

Time for model construction: 8.633 seconds.

Type:        MDP
States:      6800 (1 initial)
Transitions: 82300894
Choices:     20400

Transition matrix: 7317623 nodes (247020 terminal), 82300894 minterms, vars: 15r/15c/3nd

Prob0A: 2 iterations in 0.01 seconds (average 0.002500, setup 0.00)

Prob1E: 4 iterations in 0.00 seconds (average 0.000750, setup 0.00)

yes = 10, no = 78, maybe = 6712

Computing remaining probabilities...
Engine: Sparse

Building sparse matrix(FOR GS)... [n=6800, nc=20136, nnz=81228649, k=3] [929.7 MB]
Creating vector for yes...[53.1 KB]
Allocating iteration vectors... [2 x 53.1 KB]
TOTAL: [929.8 MB]

Starting iterations...

Iterative method: 1679313 iterations in 203.28 seconds (average 0.000121, setup 10.36)

Value in the initial state: 0.18229971063453512

Time for model checking: 216.919 seconds.

Result: 0.18229971063453512 (value in the initial state)

