PRISM
=====

Version: 4.4.dev
Date: Sun Jun 17 19:57:35 IRDT 2018
Hostname: sadegh-H81M-S2PH
Memory limits: cudd=1g, java(heap)=2.1g
Command line: prism dns74.nm dns.pctl -s -gs -maxiters 90050 -epsilon 1e-6 -javamaxmem 2400m

Parsing model file "dns74.nm"...

Parsing properties file "dns.pctl"...

1 property:
(1) Pmax=? [ "pp" U "qq" ]

Type:        MDP
Modules:     m1 m2 m3 
Variables:   s1 s2 s3 

---------------------------------------------------------------------

Model checking: Pmax=? [ "pp" U "qq" ]

Building model...

Computing reachable states...

Reachability (BFS): 3 iterations in 0.00 seconds (average 0.001000, setup 0.00)

Time for model construction: 9.223 seconds.

Type:        MDP
States:      9600 (1 initial)
Transitions: 107172906
Choices:     19200

Transition matrix: 8141336 nodes (187386 terminal), 107172906 minterms, vars: 15r/15c/2nd

Prob0A: 2 iterations in 0.01 seconds (average 0.002500, setup 0.00)

Prob1E: 4 iterations in 0.00 seconds (average 0.000750, setup 0.00)

yes = 10, no = 28, maybe = 9562

Computing remaining probabilities...
Engine: Sparse

Building sparse matrix(FOR GS)... [n=9600, nc=19124, nnz=106759556, k=2] [1.2 GB]
Creating vector for yes...[75.0 KB]
Allocating iteration vectors... [2 x 75.0 KB]
TOTAL: [1.2 GB]

Starting iterations...
Iteration 28: max relative diff=0.032315, 5.00 sec so far
Iteration 56: max relative diff=0.013655, 10.00 sec so far
Iteration 84: max relative diff=0.007789, 15.01 sec so far
Iteration 113: max relative diff=0.004928, 20.18 sec so far
Iteration 142: max relative diff=0.003334, 25.36 sec so far
Iteration 170: max relative diff=0.002378, 30.36 sec so far
Iteration 198: max relative diff=0.001739, 35.36 sec so far
Iteration 226: max relative diff=0.001294, 40.37 sec so far
Iteration 255: max relative diff=0.000965, 45.55 sec so far
Iteration 283: max relative diff=0.000734, 50.55 sec so far
Iteration 312: max relative diff=0.000557, 55.72 sec so far
Iteration 340: max relative diff=0.000429, 60.72 sec so far
Iteration 368: max relative diff=0.000332, 65.73 sec so far
Iteration 397: max relative diff=0.000255, 70.90 sec so far
Iteration 426: max relative diff=0.000196, 76.07 sec so far
Iteration 455: max relative diff=0.000151, 81.23 sec so far
Iteration 483: max relative diff=0.000118, 86.25 sec so far
Iteration 511: max relative diff=0.000092, 91.28 sec so far
Iteration 540: max relative diff=0.000071, 96.46 sec so far
Iteration 569: max relative diff=0.000055, 101.64 sec so far
Iteration 598: max relative diff=0.000043, 106.81 sec so far
Iteration 627: max relative diff=0.000033, 111.99 sec so far
Iteration 655: max relative diff=0.000026, 117.00 sec so far
Iteration 684: max relative diff=0.000020, 122.17 sec so far
Iteration 712: max relative diff=0.000016, 127.17 sec so far
Iteration 741: max relative diff=0.000012, 132.35 sec so far
Iteration 769: max relative diff=0.000010, 137.35 sec so far
Iteration 797: max relative diff=0.000008, 142.35 sec so far
Iteration 825: max relative diff=0.000006, 147.35 sec so far
Iteration 854: max relative diff=0.000005, 152.53 sec so far
Iteration 882: max relative diff=0.000004, 157.53 sec so far
Iteration 910: max relative diff=0.000003, 162.53 sec so far
Iteration 938: max relative diff=0.000002, 167.53 sec so far
Iteration 966: max relative diff=0.000002, 172.53 sec so far
Iteration 994: max relative diff=0.000001, 177.54 sec so far
Iteration 1023: max relative diff=0.000001, 182.71 sec so far

Iterative method: 1029 iterations in 183.79 seconds (average 0.178608, setup 10.51)

Value in the initial state: 0.32946181277961506

Time for model checking: 194.83 seconds.

Result: 0.32946181277961506 (value in the initial state)

