PRISM
=====

Version: 4.4.dev
Date: Sun May 20 12:18:03 IRDT 2018
Hostname: sadegh-H81M-S2PH
Memory limits: cudd=1g, java(heap)=2.1g
Command line: prism dns24.nm dns.pctl -s -improvedmodpoliter2 -maxiters 90050 -epsilon 1e-8 -javamaxmem 2400m

Parsing model file "dns24.nm"...

Parsing properties file "dns.pctl"...

1 property:
(1) Pmax=? [ "pp" U "qq" ]

Type:        MDP
Modules:     m1 m2 m3 
Variables:   s1 s2 s3 

---------------------------------------------------------------------

Model checking: Pmax=? [ "pp" U "qq" ]

Building model...

Computing reachable states...

Reachability (BFS): 3 iterations in 0.00 seconds (average 0.000667, setup 0.00)

Time for model construction: 8.095 seconds.

Type:        MDP
States:      8400 (1 initial)
Transitions: 165412176
Choices:     25200

Transition matrix: 10319443 nodes (274533 terminal), 165412176 minterms, vars: 15r/15c/3nd

Prob0A: 2 iterations in 0.00 seconds (average 0.001500, setup 0.00)

Prob1E: 4 iterations in 0.00 seconds (average 0.000250, setup 0.00)

yes = 10, no = 78, maybe = 8312

Computing remaining probabilities...
Engine: Sparse

Building sparse matrix (FOR POLICY ITERASION)... [n=8400, nc=24936, nnz=163652036, k=3] [1.8 GB]
Creating vector for yes...[65.6 KB]
Allocating iteration vectors... [2 x 65.6 KB]
TOTAL: [1.8 GB]

Starting iterations...
Iteration 202: max relative diff=0.011612, 5.21 sec so far
Iteration 404: max relative diff=0.000765, 10.32 sec so far
Iteration 606: max relative diff=0.000047, 15.45 sec so far
Iteration 808: max relative diff=0.000004, 20.56 sec so far
Iteration 1010: max relative diff=0.000000, 26.22 sec so far
Iteration 1212: max relative diff=0.000000, 32.00 sec so far

Iterative method: 1212 iterations in 32.00 seconds (average 0.026406, setup 10.51)


Number of scallar multiplications: 32699M 

Value in the initial state: 0.18661803535330213

Time for model checking: 43.614 seconds.

Result: 0.18661803535330213 (value in the initial state)

