PRISM
=====

Version: 4.4.dev
Date: Sun May 20 20:20:43 IRDT 2018
Hostname: sadegh-H81M-S2PH
Memory limits: cudd=1g, java(heap)=2.1g
Command line: prism dns92.nm dns.pctl -s -modpoliter -maxiters 90050 -epsilon 1e-8 -javamaxmem 2400m

Parsing model file "dns92.nm"...

Parsing properties file "dns.pctl"...

1 property:
(1) Pmax=? [ "pp" U "qq" ]

Type:        MDP
Modules:     m1 m2 m3 
Variables:   s1 s2 s3 

---------------------------------------------------------------------

Model checking: Pmax=? [ "pp" U "qq" ]

Building model...

Computing reachable states...

Reachability (BFS): 3 iterations in 0.00 seconds (average 0.000333, setup 0.00)

Time for model construction: 7.492 seconds.

Type:        MDP
States:      8800 (1 initial)
Transitions: 75933080
Choices:     17600

Transition matrix: 9007816 nodes (317778 terminal), 75933080 minterms, vars: 15r/15c/2nd

Prob0A: 2 iterations in 0.00 seconds (average 0.001500, setup 0.00)

Prob1E: 4 iterations in 0.00 seconds (average 0.000750, setup 0.00)

yes = 10, no = 91, maybe = 8699

Computing remaining probabilities...
Engine: Sparse

Building sparse matrix (FOR POLICY ITERASION)... [n=8800, nc=17398, nnz=75099577, k=2] [859.5 MB]
Creating vector for yes...[68.8 KB]
Allocating iteration vectors... [2 x 68.8 KB]
TOTAL: [859.7 MB]

Starting iterations...
Iteration 202: max relative diff=0.008224, 8.04 sec so far
Iteration 404: max relative diff=0.000018, 16.01 sec so far
Iteration 598: max relative diff=0.000000, 23.68 sec so far

Iterative method: 598 iterations in 23.68 seconds (average 0.039590, setup 6.05)

Value in the initial state: 0.1562690473563841

Time for model checking: 30.024 seconds.

Result: 0.1562690473563841 (value in the initial state)

