PRISM
=====

Version: 4.4.dev
Date: Sun May 20 14:13:57 IRDT 2018
Hostname: sadegh-H81M-S2PH
Memory limits: cudd=1g, java(heap)=2.1g
Command line: prism dns42.nm dns.pctl -s -improvedmodpoliter2 -maxiters 90050 -epsilon 1e-8 -javamaxmem 2400m

Parsing model file "dns42.nm"...

Parsing properties file "dns.pctl"...

1 property:
(1) Pmax=? [ "pp" U "qq" ]

Type:        MDP
Modules:     m1 m2 m3 
Variables:   s1 s2 s3 

---------------------------------------------------------------------

Model checking: Pmax=? [ "pp" U "qq" ]

Building model...

Computing reachable states...

Reachability (BFS): 3 iterations in 0.00 seconds (average 0.000333, setup 0.00)

Time for model construction: 7.001 seconds.

Type:        MDP
States:      9600 (1 initial)
Transitions: 133985021
Choices:     19200

Transition matrix: 9030783 nodes (328168 terminal), 133985021 minterms, vars: 15r/15c/2nd

Prob0A: 2 iterations in 0.00 seconds (average 0.000500, setup 0.00)

Prob1E: 4 iterations in 0.00 seconds (average 0.000000, setup 0.00)

yes = 10, no = 10, maybe = 9580

Computing remaining probabilities...
Engine: Sparse

Building sparse matrix (FOR POLICY ITERASION)... [n=9600, nc=19160, nnz=133711965, k=2] [1.5 GB]
Creating vector for yes...[75.0 KB]
Allocating iteration vectors... [2 x 75.0 KB]
TOTAL: [1.5 GB]

Starting iterations...
Iteration 303: max relative diff=0.007411, 6.51 sec so far
Iteration 606: max relative diff=0.002705, 13.07 sec so far
Iteration 909: max relative diff=0.001042, 19.69 sec so far
Iteration 1212: max relative diff=0.000408, 26.38 sec so far
Iteration 1515: max relative diff=0.000159, 33.09 sec so far
Iteration 1818: max relative diff=0.000121, 40.14 sec so far
Iteration 2121: max relative diff=0.000050, 47.30 sec so far
Iteration 2424: max relative diff=0.000024, 54.45 sec so far
Iteration 2727: max relative diff=0.000014, 61.86 sec so far
Iteration 3030: max relative diff=0.000008, 69.07 sec so far
Iteration 3333: max relative diff=0.000004, 75.85 sec so far
Iteration 3636: max relative diff=0.000002, 83.21 sec so far
Iteration 3939: max relative diff=0.000001, 90.60 sec so far
Iteration 4242: max relative diff=0.000001, 98.00 sec so far
Iteration 4545: max relative diff=0.000000, 105.40 sec so far
Iteration 4848: max relative diff=0.000000, 112.82 sec so far
Iteration 5151: max relative diff=0.000000, 120.19 sec so far
Iteration 5454: max relative diff=0.000000, 127.54 sec so far
Iteration 5757: max relative diff=0.000000, 134.75 sec so far
Iteration 6060: max relative diff=0.000000, 142.01 sec so far

Iterative method: 6233 iterations in 146.37 seconds (average 0.023483, setup 6.66)


Number of scallar multiplications: 138806M 

Value in the initial state: 0.6173216884177538

Time for model checking: 155.746 seconds.

Result: 0.6173216884177538 (value in the initial state)

