PRISM
=====

Version: 4.4.dev
Date: Tue Jun 19 15:55:54 IRDT 2018
Hostname: sadegh-H81M-S2PH
Memory limits: cudd=1g, java(heap)=2.1g
Command line: prism dns171.nm dns.pctl -s -bucketvaliter2 -maxiters 90050 -javamaxmem 2400m

Parsing model file "dns171.nm"...

Parsing properties file "dns.pctl"...

1 property:
(1) Pmax=? [ "pp" U "qq" ]

Type:        MDP
Modules:     m1 m2 m3 
Variables:   s1 s2 s3 

---------------------------------------------------------------------

Model checking: Pmax=? [ "pp" U "qq" ]

Building model...

Computing reachable states...

Reachability (BFS): 3 iterations in 0.02 seconds (average 0.005333, setup 0.00)

Time for model construction: 21.111 seconds.

Type:        MDP
States:      9600 (1 initial)
Transitions: 38815680
Choices:     38400

Transition matrix: 19762741 nodes (672733 terminal), 38815680 minterms, vars: 15r/15c/4nd

Prob0A: 3 iterations in 0.02 seconds (average 0.006667, setup 0.00)

Prob1E: 4 iterations in 0.00 seconds (average 0.001000, setup 0.00)

yes = 10, no = 66, maybe = 9524

Computing remaining probabilities...
Engine: Sparse

Building sparse matrix(FOR GS)... [n=9600, nc=38096, nnz=38507193, k=4] [440.9 MB]
Creating vector for yes...[75.0 KB]
Allocating iteration vectors... [2 x 75.0 KB]
TOTAL: [441.1 MB]

Starting iterations...

Iterative method: 4919190 iterations in 277.09 seconds (average 0.000056, setup 8.22)

Value in the initial state: 0.45200074972926146

Time for model checking: 292.83 seconds.

Result: 0.45200074972926146 (value in the initial state)

