PRISM
=====

Version: 4.4.dev
Date: Sun Jun 17 20:41:47 IRDT 2018
Hostname: sadegh-H81M-S2PH
Memory limits: cudd=1g, java(heap)=2.1g
Command line: prism dns77.nm dns.pctl -s -gs -maxiters 90050 -epsilon 1e-6 -javamaxmem 2400m

Parsing model file "dns77.nm"...

Parsing properties file "dns.pctl"...

1 property:
(1) Pmax=? [ "pp" U "qq" ]

Type:        MDP
Modules:     m1 m2 m3 
Variables:   s1 s2 s3 

---------------------------------------------------------------------

Model checking: Pmax=? [ "pp" U "qq" ]

Building model...

Computing reachable states...

Reachability (BFS): 3 iterations in 0.01 seconds (average 0.001667, setup 0.00)

Time for model construction: 10.575 seconds.

Type:        MDP
States:      8000 (1 initial)
Transitions: 115011792
Choices:     24000

Transition matrix: 9982226 nodes (289249 terminal), 115011792 minterms, vars: 15r/15c/3nd

Prob0A: 2 iterations in 0.00 seconds (average 0.001500, setup 0.00)

Prob1E: 4 iterations in 0.00 seconds (average 0.000500, setup 0.00)

yes = 10, no = 28, maybe = 7962

Computing remaining probabilities...
Engine: Sparse

Building sparse matrix(FOR GS)... [n=8000, nc=23886, nnz=114504712, k=3] [1.3 GB]
Creating vector for yes...[62.5 KB]
Allocating iteration vectors... [2 x 62.5 KB]
TOTAL: [1.3 GB]

Starting iterations...
Iteration 27: max relative diff=0.032763, 5.14 sec so far
Iteration 54: max relative diff=0.013290, 10.29 sec so far
Iteration 81: max relative diff=0.007303, 15.44 sec so far
Iteration 108: max relative diff=0.004549, 20.58 sec so far
Iteration 135: max relative diff=0.003032, 25.73 sec so far
Iteration 162: max relative diff=0.002109, 30.87 sec so far
Iteration 189: max relative diff=0.001508, 36.01 sec so far
Iteration 216: max relative diff=0.001100, 41.16 sec so far
Iteration 243: max relative diff=0.000815, 46.30 sec so far
Iteration 270: max relative diff=0.000610, 51.44 sec so far
Iteration 297: max relative diff=0.000460, 56.59 sec so far
Iteration 324: max relative diff=0.000349, 61.74 sec so far
Iteration 351: max relative diff=0.000266, 66.89 sec so far
Iteration 378: max relative diff=0.000203, 72.03 sec so far
Iteration 405: max relative diff=0.000156, 77.18 sec so far
Iteration 432: max relative diff=0.000119, 82.33 sec so far
Iteration 459: max relative diff=0.000092, 87.47 sec so far
Iteration 486: max relative diff=0.000071, 92.62 sec so far
Iteration 513: max relative diff=0.000055, 97.77 sec so far
Iteration 540: max relative diff=0.000042, 102.91 sec so far
Iteration 567: max relative diff=0.000032, 108.06 sec so far
Iteration 594: max relative diff=0.000025, 113.20 sec so far
Iteration 621: max relative diff=0.000019, 118.35 sec so far
Iteration 648: max relative diff=0.000015, 123.49 sec so far
Iteration 675: max relative diff=0.000012, 128.64 sec so far
Iteration 702: max relative diff=0.000009, 133.79 sec so far
Iteration 729: max relative diff=0.000007, 138.93 sec so far
Iteration 756: max relative diff=0.000005, 144.08 sec so far
Iteration 783: max relative diff=0.000004, 149.22 sec so far
Iteration 810: max relative diff=0.000003, 154.36 sec so far
Iteration 837: max relative diff=0.000002, 159.50 sec so far
Iteration 864: max relative diff=0.000002, 164.65 sec so far
Iteration 891: max relative diff=0.000001, 169.80 sec so far
Iteration 918: max relative diff=0.000001, 174.95 sec so far

Iterative method: 932 iterations in 177.62 seconds (average 0.190575, setup 10.96)

Value in the initial state: 0.3785779682814912

Time for model checking: 189.135 seconds.

Result: 0.3785779682814912 (value in the initial state)

