PRISM
=====

Version: 4.4.dev
Date: Sun May 20 23:38:59 IRDT 2018
Hostname: sadegh-H81M-S2PH
Memory limits: cudd=1g, java(heap)=2.1g
Command line: prism dns123.nm dns.pctl -s -modpoliter -maxiters 90050 -epsilon 1e-8 -javamaxmem 2400m

Parsing model file "dns123.nm"...

Parsing properties file "dns.pctl"...

1 property:
(1) Pmax=? [ "pp" U "qq" ]

Type:        MDP
Modules:     m1 m2 m3 
Variables:   s1 s2 s3 

---------------------------------------------------------------------

Model checking: Pmax=? [ "pp" U "qq" ]

Building model...

Computing reachable states...

Reachability (BFS): 3 iterations in 0.00 seconds (average 0.000667, setup 0.00)

Time for model construction: 4.338 seconds.

Type:        MDP
States:      7200 (1 initial)
Transitions: 32825738
Choices:     14400

Transition matrix: 5862851 nodes (448152 terminal), 32825738 minterms, vars: 15r/15c/2nd

Prob0A: 3 iterations in 0.01 seconds (average 0.004000, setup 0.00)

Prob1E: 4 iterations in 0.00 seconds (average 0.000250, setup 0.00)

yes = 10, no = 36, maybe = 7154

Computing remaining probabilities...
Engine: Sparse

Building sparse matrix (FOR POLICY ITERASION)... [n=7200, nc=14308, nnz=32618955, k=2] [373.4 MB]
Creating vector for yes...[56.2 KB]
Allocating iteration vectors... [2 x 56.2 KB]
TOTAL: [373.5 MB]

Starting iterations...
Iteration 303: max relative diff=0.005176, 5.08 sec so far
Iteration 606: max relative diff=0.000540, 10.30 sec so far
Iteration 909: max relative diff=0.000275, 15.52 sec so far
Iteration 1212: max relative diff=0.000038, 20.75 sec so far
Iteration 1515: max relative diff=0.000003, 25.96 sec so far
Iteration 1818: max relative diff=0.000001, 31.19 sec so far
Iteration 2121: max relative diff=0.000000, 36.42 sec so far
Iteration 2424: max relative diff=0.000000, 41.62 sec so far

Iterative method: 2667 iterations in 45.78 seconds (average 0.017166, setup 2.44)

Value in the initial state: 0.25567030028321985

Time for model checking: 48.312 seconds.

Result: 0.25567030028321985 (value in the initial state)

