PRISM
=====

Version: 4.4.dev
Date: Sun May 20 14:33:41 IRDT 2018
Hostname: sadegh-H81M-S2PH
Memory limits: cudd=1g, java(heap)=2.1g
Command line: prism dns45.nm dns.pctl -s -improvedmodpoliter -maxiters 90050 -epsilon 1e-8 -javamaxmem 2400m

Parsing model file "dns45.nm"...

Parsing properties file "dns.pctl"...

1 property:
(1) Pmax=? [ "pp" U "qq" ]

Type:        MDP
Modules:     m1 m2 m3 
Variables:   s1 s2 s3 

---------------------------------------------------------------------

Model checking: Pmax=? [ "pp" U "qq" ]

Building model...

Computing reachable states...

Reachability (BFS): 3 iterations in 0.00 seconds (average 0.000333, setup 0.00)

Time for model construction: 5.379 seconds.

Type:        MDP
States:      8000 (1 initial)
Transitions: 88694580
Choices:     16000

Transition matrix: 6748453 nodes (282094 terminal), 88694580 minterms, vars: 15r/15c/2nd

Prob0A: 2 iterations in 0.00 seconds (average 0.000500, setup 0.00)

Prob1E: 4 iterations in 0.00 seconds (average 0.000250, setup 0.00)

yes = 10, no = 28, maybe = 7962

Computing remaining probabilities...
Engine: Sparse

Building sparse matrix (FOR POLICY ITERASION)... [n=8000, nc=15924, nnz=88247774, k=2] [1010.0 MB]
Creating vector for yes...[62.5 KB]
Allocating iteration vectors... [2 x 62.5 KB]
TOTAL: [1010.2 MB]

Starting iterations...
Iteration 204: max relative diff=0.008656, 8.27 sec so far
Iteration 408: max relative diff=0.000948, 16.59 sec so far
Iteration 612: max relative diff=0.000137, 24.88 sec so far
Iteration 816: max relative diff=0.000018, 33.37 sec so far
Iteration 1020: max relative diff=0.000002, 41.97 sec so far
Iteration 1224: max relative diff=0.000000, 50.60 sec so far
Iteration 1428: max relative diff=0.000000, 59.20 sec so far
Iteration 1632: max relative diff=0.000000, 67.76 sec so far

Iterative method: 1734 iterations in 71.97 seconds (average 0.041503, setup 5.12)

Value in the initial state: 0.3346789227948746

Time for model checking: 77.575 seconds.

Result: 0.3346789227948746 (value in the initial state)

