PRISM
=====

Version: 4.4.dev
Date: Sun May 20 18:44:11 IRDT 2018
Hostname: sadegh-H81M-S2PH
Memory limits: cudd=1g, java(heap)=2.1g
Command line: prism dns77.nm dns.pctl -s -improvedmodpoliter -maxiters 90050 -epsilon 1e-8 -javamaxmem 2400m

Parsing model file "dns77.nm"...

Parsing properties file "dns.pctl"...

1 property:
(1) Pmax=? [ "pp" U "qq" ]

Type:        MDP
Modules:     m1 m2 m3 
Variables:   s1 s2 s3 

---------------------------------------------------------------------

Model checking: Pmax=? [ "pp" U "qq" ]

Building model...

Computing reachable states...

Reachability (BFS): 3 iterations in 0.00 seconds (average 0.001333, setup 0.00)

Time for model construction: 7.907 seconds.

Type:        MDP
States:      8000 (1 initial)
Transitions: 115011792
Choices:     24000

Transition matrix: 9982226 nodes (289249 terminal), 115011792 minterms, vars: 15r/15c/3nd

Prob0A: 2 iterations in 0.01 seconds (average 0.003500, setup 0.00)

Prob1E: 4 iterations in 0.00 seconds (average 0.000750, setup 0.00)

yes = 10, no = 28, maybe = 7962

Computing remaining probabilities...
Engine: Sparse

Building sparse matrix (FOR POLICY ITERASION)... [n=8000, nc=23886, nnz=114504712, k=3] [1.3 GB]
Creating vector for yes...[62.5 KB]
Allocating iteration vectors... [2 x 62.5 KB]
TOTAL: [1.3 GB]

Starting iterations...
Iteration 204: max relative diff=0.007478, 7.32 sec so far
Iteration 408: max relative diff=0.000771, 14.75 sec so far
Iteration 612: max relative diff=0.000127, 22.14 sec so far
Iteration 816: max relative diff=0.000009, 29.52 sec so far
Iteration 1020: max relative diff=0.000001, 37.18 sec so far
Iteration 1224: max relative diff=0.000000, 44.84 sec so far
Iteration 1428: max relative diff=0.000000, 52.49 sec so far

Iterative method: 1530 iterations in 56.27 seconds (average 0.036777, setup 7.00)

Value in the initial state: 0.37861698315873427

Time for model checking: 63.764 seconds.

Result: 0.37861698315873427 (value in the initial state)

