PRISM
=====

Version: 4.4.dev
Date: Sun Jun 17 10:45:49 IRDT 2018
Hostname: sadegh-H81M-S2PH
Memory limits: cudd=1g, java(heap)=2.1g
Command line: prism dns46.nm dns.pctl -s -bucketvaliter2 -maxiters 90050 -javamaxmem 2400m

Parsing model file "dns46.nm"...

Parsing properties file "dns.pctl"...

1 property:
(1) Pmax=? [ "pp" U "qq" ]

Type:        MDP
Modules:     m1 m2 m3 
Variables:   s1 s2 s3 

---------------------------------------------------------------------

Model checking: Pmax=? [ "pp" U "qq" ]

Building model...

Computing reachable states...

Reachability (BFS): 3 iterations in 0.01 seconds (average 0.002333, setup 0.00)

Time for model construction: 10.675 seconds.

Type:        MDP
States:      6400 (1 initial)
Transitions: 141001533
Choices:     32000

Transition matrix: 10420671 nodes (439249 terminal), 141001533 minterms, vars: 14r/14c/5nd

Prob0A: 2 iterations in 0.02 seconds (average 0.008000, setup 0.00)

Prob1E: 4 iterations in 0.01 seconds (average 0.001250, setup 0.00)

yes = 10, no = 120, maybe = 6270

Computing remaining probabilities...
Engine: Sparse

Building sparse matrix(FOR GS)... [n=6400, nc=31350, nnz=138169892, k=5] [1.5 GB]
Creating vector for yes...[50.0 KB]
Allocating iteration vectors... [2 x 50.0 KB]
TOTAL: [1.5 GB]

Starting iterations...

Iterative method: 546110 iterations in 192.46 seconds (average 0.000352, setup 14.95)

Value in the initial state: 0.17649948591722314

Time for model checking: 209.565 seconds.

Result: 0.17649948591722314 (value in the initial state)

