PRISM
=====

Version: 4.4.dev
Date: Mon Jun 18 00:55:33 IRDT 2018
Hostname: sadegh-H81M-S2PH
Memory limits: cudd=1g, java(heap)=2.1g
Command line: prism dns91.nm dns.pctl -s -bucketvaliter2 -maxiters 90050 -javamaxmem 2400m

Parsing model file "dns91.nm"...

Parsing properties file "dns.pctl"...

1 property:
(1) Pmax=? [ "pp" U "qq" ]

Type:        MDP
Modules:     m1 m2 m3 
Variables:   s1 s2 s3 

---------------------------------------------------------------------

Model checking: Pmax=? [ "pp" U "qq" ]

Building model...

Computing reachable states...

Reachability (BFS): 3 iterations in 0.01 seconds (average 0.002000, setup 0.00)

Time for model construction: 20.538 seconds.

Type:        MDP
States:      9600 (1 initial)
Transitions: 183488240
Choices:     38400

Transition matrix: 19847663 nodes (370058 terminal), 183488240 minterms, vars: 15r/15c/4nd

Prob0A: 2 iterations in 0.01 seconds (average 0.002500, setup 0.00)

Prob1E: 4 iterations in 2.40 seconds (average 0.600250, setup 0.00)

yes = 10, no = 36, maybe = 9554

Computing remaining probabilities...
Engine: Sparse

Building sparse matrix(FOR GS)... [n=9600, nc=38216, nnz=182645243, k=4] [2.0 GB]
Creating vector for yes...[75.0 KB]
Allocating iteration vectors... [2 x 75.0 KB]
TOTAL: [2.0 GB]

Starting iterations...
Iterative method did not converge within after 1000 seconds.
Iterative method: 4118934 iterations in 1000.00 seconds (average 0.000243, setup 19.70)

Error: Iterative method did not converge within 4118934 iterations.
Consider using a different numerical method or increasing the maximum number of iterations.

