PRISM
=====

Version: 4.4.dev
Date: Sun May 20 14:42:51 IRDT 2018
Hostname: sadegh-H81M-S2PH
Memory limits: cudd=1g, java(heap)=2.1g
Command line: prism dns48.nm dns.pctl -s -modpoliter -maxiters 90050 -epsilon 1e-8 -javamaxmem 2400m

Parsing model file "dns48.nm"...

Parsing properties file "dns.pctl"...

1 property:
(1) Pmax=? [ "pp" U "qq" ]

Type:        MDP
Modules:     m1 m2 m3 
Variables:   s1 s2 s3 

---------------------------------------------------------------------

Model checking: Pmax=? [ "pp" U "qq" ]

Building model...

Computing reachable states...

Reachability (BFS): 3 iterations in 0.00 seconds (average 0.000667, setup 0.00)

Time for model construction: 16.694 seconds.

Type:        MDP
States:      8400 (1 initial)
Transitions: 250908948
Choices:     42000

Transition matrix: 19784904 nodes (432863 terminal), 250908948 minterms, vars: 15r/15c/5nd

Prob0A: 2 iterations in 0.04 seconds (average 0.019000, setup 0.00)

Prob1E: 4 iterations in 0.00 seconds (average 0.000750, setup 0.00)

yes = 10, no = 105, maybe = 8285

Computing remaining probabilities...
Engine: Sparse

Building sparse matrix (FOR POLICY ITERASION)... [n=8400, nc=41425, nnz=247434551, k=5] [2.8 GB]
Creating vector for yes...[65.6 KB]
Allocating iteration vectors... [2 x 65.6 KB]
TOTAL: [2.8 GB]

Starting iterations...
Iteration 101: max relative diff=0.242497, 5.52 sec so far
Iteration 202: max relative diff=0.016992, 10.94 sec so far
Iteration 303: max relative diff=0.002031, 16.34 sec so far
Iteration 404: max relative diff=0.000071, 21.75 sec so far
Iteration 505: max relative diff=0.000001, 27.16 sec so far
Iteration 606: max relative diff=0.000000, 32.56 sec so far

Iterative method: 618 iterations in 33.35 seconds (average 0.053963, setup 19.52)

Value in the initial state: 0.23046355491739037

Time for model checking: 53.732 seconds.

Result: 0.23046355491739037 (value in the initial state)

