PRISM
=====

Version: 4.4.dev
Date: Mon Jun 18 10:10:03 IRDT 2018
Hostname: sadegh-H81M-S2PH
Memory limits: cudd=1g, java(heap)=2.1g
Command line: prism dns124.nm dns.pctl -s -backwardvaliter -maxiters 90050 -epsilon 1e-6 -javamaxmem 2400m

Parsing model file "dns124.nm"...

Parsing properties file "dns.pctl"...

1 property:
(1) Pmax=? [ "pp" U "qq" ]

Type:        MDP
Modules:     m1 m2 m3 
Variables:   s1 s2 s3 

---------------------------------------------------------------------

Model checking: Pmax=? [ "pp" U "qq" ]

Building model...

Computing reachable states...

Reachability (BFS): 3 iterations in 0.00 seconds (average 0.000667, setup 0.00)

Time for model construction: 9.779 seconds.

Type:        MDP
States:      8400 (1 initial)
Transitions: 42480062
Choices:     16800

Transition matrix: 8892559 nodes (375557 terminal), 42480062 minterms, vars: 15r/15c/2nd

Prob0A: 3 iterations in 0.00 seconds (average 0.001000, setup 0.00)

Prob1E: 8 iterations in 0.00 seconds (average 0.000500, setup 0.00)

yes = 10, no = 10, maybe = 8380

Computing remaining probabilities...
Engine: Sparse

Building sparse matrix(FOR GS)... [n=8400, nc=16760, nnz=42394991, k=2] [485.3 MB]
Creating vector for yes...[65.6 KB]
Allocating iteration vectors... [2 x 65.6 KB]
TOTAL: [485.5 MB]

Starting iterations...
Iteration 68: max relative diff=0.009759, 5.05 sec so far
Iteration 139: max relative diff=0.003060, 10.09 sec so far
Iteration 210: max relative diff=0.001397, 15.13 sec so far
Iteration 281: max relative diff=0.000763, 20.17 sec so far
Iteration 352: max relative diff=0.000465, 25.21 sec so far
Iteration 423: max relative diff=0.000304, 30.25 sec so far
Iteration 494: max relative diff=0.000209, 35.29 sec so far
Iteration 565: max relative diff=0.000147, 40.33 sec so far
Iteration 636: max relative diff=0.000107, 45.37 sec so far
Iteration 707: max relative diff=0.000079, 50.41 sec so far
Iteration 778: max relative diff=0.000059, 55.45 sec so far
Iteration 849: max relative diff=0.000044, 60.49 sec so far
Iteration 920: max relative diff=0.000034, 65.53 sec so far
Iteration 991: max relative diff=0.000026, 70.57 sec so far
Iteration 1062: max relative diff=0.000020, 75.60 sec so far
Iteration 1133: max relative diff=0.000015, 80.63 sec so far
Iteration 1204: max relative diff=0.000012, 85.67 sec so far
Iteration 1275: max relative diff=0.000009, 90.70 sec so far
Iteration 1346: max relative diff=0.000007, 95.75 sec so far
Iteration 1417: max relative diff=0.000005, 100.78 sec so far
Iteration 1488: max relative diff=0.000004, 105.82 sec so far
Iteration 1559: max relative diff=0.000003, 110.86 sec so far
Iteration 1630: max relative diff=0.000002, 115.90 sec so far
Iteration 1701: max relative diff=0.000002, 120.93 sec so far
Iteration 1772: max relative diff=0.000001, 125.97 sec so far
Iteration 1843: max relative diff=0.000001, 131.01 sec so far

Iterative method: 1866 iterations in 132.65 seconds (average 0.071085, setup 5.87)

Value in the initial state: 0.6607027818447858

Time for model checking: 138.674 seconds.

Result: 0.6607027818447858 (value in the initial state)

Warning: CUDD reports 8918119 non-zero references.

