PRISM
=====

Version: 4.4.dev
Date: Sun May 20 12:45:11 IRDT 2018
Hostname: sadegh-H81M-S2PH
Memory limits: cudd=1g, java(heap)=2.1g
Command line: prism dns31.nm dns.pctl -s -modpoliter -maxiters 90050 -epsilon 1e-8 -javamaxmem 2400m

Parsing model file "dns31.nm"...

Parsing properties file "dns.pctl"...

1 property:
(1) Pmax=? [ "pp" U "qq" ]

Type:        MDP
Modules:     m1 m2 m3 
Variables:   s1 s2 s3 

---------------------------------------------------------------------

Model checking: Pmax=? [ "pp" U "qq" ]

Building model...

Computing reachable states...

Reachability (BFS): 3 iterations in 0.00 seconds (average 0.000333, setup 0.00)

Time for model construction: 10.809 seconds.

Type:        MDP
States:      8000 (1 initial)
Transitions: 260531507
Choices:     40000

Transition matrix: 13783342 nodes (265614 terminal), 260531507 minterms, vars: 15r/15c/5nd

Prob0A: 2 iterations in 0.00 seconds (average 0.001500, setup 0.00)

Prob1E: 4 iterations in 0.00 seconds (average 0.000500, setup 0.00)

yes = 10, no = 21, maybe = 7969

Computing remaining probabilities...
Engine: Sparse

Building sparse matrix (FOR POLICY ITERASION)... [n=8000, nc=39845, nnz=259510847, k=5] [2.9 GB]
Creating vector for yes...[62.5 KB]
Allocating iteration vectors... [2 x 62.5 KB]
TOTAL: [2.9 GB]

Starting iterations...
Iteration 101: max relative diff=0.055963, 5.49 sec so far
Iteration 202: max relative diff=0.007108, 11.13 sec so far
Iteration 303: max relative diff=0.002970, 16.77 sec so far
Iteration 404: max relative diff=0.000884, 22.37 sec so far
Iteration 505: max relative diff=0.000345, 27.96 sec so far
Iteration 606: max relative diff=0.000162, 33.55 sec so far
Iteration 707: max relative diff=0.000073, 39.15 sec so far
Iteration 808: max relative diff=0.000019, 44.78 sec so far
Iteration 909: max relative diff=0.000007, 50.47 sec so far
Iteration 1010: max relative diff=0.000002, 56.11 sec so far
Iteration 1111: max relative diff=0.000002, 61.80 sec so far
Iteration 1212: max relative diff=0.000000, 67.39 sec so far
Iteration 1313: max relative diff=0.000000, 72.97 sec so far
Iteration 1414: max relative diff=0.000000, 78.57 sec so far
Iteration 1515: max relative diff=0.000000, 84.19 sec so far
Iteration 1616: max relative diff=0.000000, 89.84 sec so far

Iterative method: 1628 iterations in 90.66 seconds (average 0.055688, setup 14.13)

Value in the initial state: 0.4582220432435394

Time for model checking: 105.468 seconds.

Result: 0.4582220432435394 (value in the initial state)

