PRISM
=====

Version: 4.4.dev
Date: Mon May 21 04:15:40 IRDT 2018
Hostname: sadegh-H81M-S2PH
Memory limits: cudd=1g, java(heap)=2.1g
Command line: prism dns199.nm dns.pctl -s -improvedmodpoliter2 -maxiters 90050 -epsilon 1e-8 -javamaxmem 2400m

Parsing model file "dns199.nm"...

Parsing properties file "dns.pctl"...

1 property:
(1) Pmax=? [ "pp" U "qq" ]

Type:        MDP
Modules:     m1 m2 m3 
Variables:   s1 s2 s3 

---------------------------------------------------------------------

Model checking: Pmax=? [ "pp" U "qq" ]

Building model...

Computing reachable states...

Reachability (BFS): 5 iterations in 0.00 seconds (average 0.000600, setup 0.00)

Time for model construction: 5.713 seconds.

Type:        MDP
States:      12800 (1 initial)
Transitions: 9619689
Choices:     38400

Transition matrix: 8941635 nodes (364978 terminal), 9619689 minterms, vars: 15r/15c/3nd

Prob0A: 4 iterations in 0.00 seconds (average 0.000750, setup 0.00)

Prob1E: 45 iterations in 0.02 seconds (average 0.000467, setup 0.00)

yes = 10, no = 21, maybe = 12769

Computing remaining probabilities...
Engine: Sparse

Building sparse matrix (FOR POLICY ITERASION)... [n=12800, nc=38307, nnz=9596832, k=3] [110.0 MB]
Creating vector for yes...[100.0 KB]
Allocating iteration vectors... [2 x 100.0 KB]
TOTAL: [110.3 MB]

Starting iterations...
Iteration 2626: max relative diff=0.000104, 5.07 sec so far
Iteration 5353: max relative diff=0.000031, 10.13 sec so far
Iteration 8080: max relative diff=0.000016, 15.14 sec so far
Iteration 10807: max relative diff=0.000009, 20.15 sec so far
Iteration 13534: max relative diff=0.000007, 25.15 sec so far
Iteration 16362: max relative diff=0.000005, 30.28 sec so far
Iteration 19190: max relative diff=0.000004, 35.36 sec so far
Iteration 22018: max relative diff=0.000003, 40.44 sec so far
Iteration 24846: max relative diff=0.000002, 45.53 sec so far
Iteration 27573: max relative diff=0.000002, 50.70 sec so far
Iteration 30199: max relative diff=0.000002, 55.80 sec so far
Iteration 32623: max relative diff=0.000001, 60.93 sec so far
Iteration 34946: max relative diff=0.000001, 66.11 sec so far
Iteration 37370: max relative diff=0.000001, 71.25 sec so far
Iteration 39794: max relative diff=0.000001, 76.40 sec so far
Iteration 42117: max relative diff=0.000001, 81.60 sec so far
Iteration 44541: max relative diff=0.000001, 86.82 sec so far
Iteration 46864: max relative diff=0.000000, 91.96 sec so far
Iteration 49288: max relative diff=0.000000, 97.10 sec so far
Iteration 51712: max relative diff=0.000000, 102.28 sec so far
Iteration 54035: max relative diff=0.000000, 107.44 sec so far
Iteration 56358: max relative diff=0.000000, 112.56 sec so far
Iteration 58782: max relative diff=0.000000, 117.75 sec so far
Iteration 61105: max relative diff=0.000000, 122.89 sec so far
Iteration 63428: max relative diff=0.000000, 127.98 sec so far
Iteration 65751: max relative diff=0.000000, 133.00 sec so far
Iteration 68074: max relative diff=0.000000, 138.20 sec so far
Iteration 70397: max relative diff=0.000000, 143.23 sec so far
Iteration 72720: max relative diff=0.000000, 148.28 sec so far
Iteration 75043: max relative diff=0.000000, 153.45 sec so far
Iteration 77467: max relative diff=0.000000, 158.66 sec so far
Iteration 79790: max relative diff=0.000000, 163.75 sec so far
Iteration 82113: max relative diff=0.000000, 168.94 sec so far
Iteration 84436: max relative diff=0.000000, 173.97 sec so far
Iteration 86557: max relative diff=0.000000, 178.98 sec so far
Iteration 88880: max relative diff=0.000000, 184.20 sec so far

Out of Max iter. Can not converge to the solution after this number of iterations. 
Iterative method: 90092 iterations in 186.80 seconds (average 0.002073, setup 1.91)


Number of scallar multiplications: 176869M 

Value in the initial state: 0.9652652554070242

Time for model checking: 190.243 seconds.

Result: 0.9652652554070242 (value in the initial state)

