PRISM
=====

Version: 4.4.dev
Date: Sun May 20 20:48:02 IRDT 2018
Hostname: sadegh-H81M-S2PH
Memory limits: cudd=1g, java(heap)=2.1g
Command line: prism dns98.nm dns.pctl -s -modpoliter -maxiters 90050 -epsilon 1e-8 -javamaxmem 2400m

Parsing model file "dns98.nm"...

Parsing properties file "dns.pctl"...

1 property:
(1) Pmax=? [ "pp" U "qq" ]

Type:        MDP
Modules:     m1 m2 m3 
Variables:   s1 s2 s3 

---------------------------------------------------------------------

Model checking: Pmax=? [ "pp" U "qq" ]

Building model...

Computing reachable states...

Reachability (BFS): 3 iterations in 0.01 seconds (average 0.002333, setup 0.00)

Time for model construction: 15.867 seconds.

Type:        MDP
States:      8000 (1 initial)
Transitions: 160982256
Choices:     40000

Transition matrix: 18016471 nodes (425689 terminal), 160982256 minterms, vars: 15r/15c/5nd

Prob0A: 2 iterations in 0.03 seconds (average 0.013500, setup 0.00)

Prob1E: 4 iterations in 0.00 seconds (average 0.001000, setup 0.00)

yes = 10, no = 105, maybe = 7885

Computing remaining probabilities...
Engine: Sparse

Building sparse matrix (FOR POLICY ITERASION)... [n=8000, nc=39425, nnz=158656272, k=5] [1.8 GB]
Creating vector for yes...[62.5 KB]
Allocating iteration vectors... [2 x 62.5 KB]
TOTAL: [1.8 GB]

Starting iterations...
Iteration 202: max relative diff=0.016242, 7.05 sec so far
Iteration 404: max relative diff=0.000040, 14.08 sec so far
Iteration 580: max relative diff=0.000000, 20.24 sec so far

Iterative method: 580 iterations in 20.24 seconds (average 0.034895, setup 13.75)

Value in the initial state: 0.2078025148095

Time for model checking: 34.592 seconds.

Result: 0.2078025148095 (value in the initial state)

