PRISM
=====

Version: 4.4.dev
Date: Sun May 20 20:24:09 IRDT 2018
Hostname: sadegh-H81M-S2PH
Memory limits: cudd=1g, java(heap)=2.1g
Command line: prism dns93.nm dns.pctl -s -explicitmodpoliter -maxiters 90050 -epsilon 1e-8 -javamaxmem 2400m

Parsing model file "dns93.nm"...

Parsing properties file "dns.pctl"...

1 property:
(1) Pmax=? [ "pp" U "qq" ]

Type:        MDP
Modules:     m1 m2 m3 
Variables:   s1 s2 s3 

---------------------------------------------------------------------

Model checking: Pmax=? [ "pp" U "qq" ]

Building model...

Computing reachable states...

Reachability (BFS): 3 iterations in 0.00 seconds (average 0.001000, setup 0.00)

Time for model construction: 11.272 seconds.

Type:        MDP
States:      8000 (1 initial)
Transitions: 127456972
Choices:     32000

Transition matrix: 14448673 nodes (388700 terminal), 127456972 minterms, vars: 15r/15c/4nd

Prob0A: 2 iterations in 0.01 seconds (average 0.004000, setup 0.00)

Prob1E: 4 iterations in 0.01 seconds (average 0.001250, setup 0.00)

yes = 10, no = 66, maybe = 7924

Computing remaining probabilities...
Engine: Sparse

Building sparse matrix (FOR POLICY ITERASION)... [n=8000, nc=31696, nnz=126276130, k=4] [1.4 GB]
Creating vector for yes...[62.5 KB]
Allocating iteration vectors... [2 x 62.5 KB]
TOTAL: [1.4 GB]

Starting iterations...
Iteration 202: max relative diff=0.012362, 5.98 sec so far
Iteration 404: max relative diff=0.000478, 11.83 sec so far
Iteration 606: max relative diff=0.000005, 17.67 sec so far
Iteration 808: max relative diff=0.000000, 23.51 sec so far

Iterative method: 901 iterations in 26.21 seconds (average 0.029092, setup 10.04)

Value in the initial state: 0.253268196852679

Time for model checking: 36.798 seconds.

Result: 0.253268196852679 (value in the initial state)

