PRISM
=====

Version: 4.4.dev
Date: Mon Jun 18 08:14:46 IRDT 2018
Hostname: sadegh-H81M-S2PH
Memory limits: cudd=1g, java(heap)=2.1g
Command line: prism dns120.nm dns.pctl -s -gs -maxiters 90050 -epsilon 1e-6 -javamaxmem 2400m

Parsing model file "dns120.nm"...

Parsing properties file "dns.pctl"...

1 property:
(1) Pmax=? [ "pp" U "qq" ]

Type:        MDP
Modules:     m1 m2 m3 
Variables:   s1 s2 s3 

---------------------------------------------------------------------

Model checking: Pmax=? [ "pp" U "qq" ]

Building model...

Computing reachable states...

Reachability (BFS): 3 iterations in 0.01 seconds (average 0.002333, setup 0.00)

Time for model construction: 20.275 seconds.

Type:        MDP
States:      10000 (1 initial)
Transitions: 121658134
Choices:     30000

Transition matrix: 16895975 nodes (253653 terminal), 121658134 minterms, vars: 15r/15c/3nd

Prob0A: 3 iterations in 0.00 seconds (average 0.001333, setup 0.00)

Prob1E: 9 iterations in 0.01 seconds (average 0.000556, setup 0.00)

yes = 10, no = 15, maybe = 9975

Computing remaining probabilities...
Engine: Sparse

Building sparse matrix(FOR GS)... [n=10000, nc=29925, nnz=121352044, k=3] [1.4 GB]
Creating vector for yes...[78.1 KB]
Allocating iteration vectors... [2 x 78.1 KB]
TOTAL: [1.4 GB]

Starting iterations...
Iteration 25: max relative diff=0.037426, 5.06 sec so far
Iteration 50: max relative diff=0.016034, 10.12 sec so far
Iteration 75: max relative diff=0.009325, 15.19 sec so far
Iteration 100: max relative diff=0.006142, 20.25 sec so far
Iteration 125: max relative diff=0.004339, 25.31 sec so far
Iteration 150: max relative diff=0.003209, 30.38 sec so far
Iteration 175: max relative diff=0.002451, 35.44 sec so far
Iteration 200: max relative diff=0.001918, 40.50 sec so far
Iteration 225: max relative diff=0.001530, 45.57 sec so far
Iteration 250: max relative diff=0.001238, 50.64 sec so far
Iteration 275: max relative diff=0.001015, 55.70 sec so far
Iteration 300: max relative diff=0.000841, 60.76 sec so far
Iteration 325: max relative diff=0.000702, 65.82 sec so far
Iteration 350: max relative diff=0.000590, 70.88 sec so far
Iteration 375: max relative diff=0.000499, 75.95 sec so far
Iteration 400: max relative diff=0.000423, 81.01 sec so far
Iteration 425: max relative diff=0.000360, 86.07 sec so far
Iteration 450: max relative diff=0.000308, 91.14 sec so far
Iteration 475: max relative diff=0.000264, 96.25 sec so far
Iteration 500: max relative diff=0.000227, 101.31 sec so far
Iteration 525: max relative diff=0.000195, 106.38 sec so far
Iteration 550: max relative diff=0.000169, 111.45 sec so far
Iteration 575: max relative diff=0.000146, 116.52 sec so far
Iteration 600: max relative diff=0.000126, 121.58 sec so far
Iteration 625: max relative diff=0.000109, 126.65 sec so far
Iteration 650: max relative diff=0.000095, 131.72 sec so far
Iteration 675: max relative diff=0.000082, 136.78 sec so far
Iteration 700: max relative diff=0.000071, 141.84 sec so far
Iteration 725: max relative diff=0.000062, 146.91 sec so far
Iteration 750: max relative diff=0.000054, 151.97 sec so far
Iteration 775: max relative diff=0.000047, 157.03 sec so far
Iteration 800: max relative diff=0.000041, 162.10 sec so far
Iteration 825: max relative diff=0.000036, 167.16 sec so far
Iteration 850: max relative diff=0.000031, 172.22 sec so far
Iteration 875: max relative diff=0.000027, 177.29 sec so far
Iteration 900: max relative diff=0.000024, 182.35 sec so far
Iteration 925: max relative diff=0.000021, 187.41 sec so far
Iteration 950: max relative diff=0.000018, 192.47 sec so far
Iteration 975: max relative diff=0.000016, 197.53 sec so far
Iteration 1000: max relative diff=0.000014, 202.59 sec so far
Iteration 1025: max relative diff=0.000012, 207.65 sec so far
Iteration 1050: max relative diff=0.000010, 212.72 sec so far
Iteration 1075: max relative diff=0.000009, 217.78 sec so far
Iteration 1100: max relative diff=0.000008, 222.84 sec so far
Iteration 1125: max relative diff=0.000007, 227.90 sec so far
Iteration 1150: max relative diff=0.000006, 232.96 sec so far
Iteration 1175: max relative diff=0.000005, 238.03 sec so far
Iteration 1200: max relative diff=0.000005, 243.10 sec so far
Iteration 1225: max relative diff=0.000004, 248.16 sec so far
Iteration 1250: max relative diff=0.000003, 253.23 sec so far
Iteration 1275: max relative diff=0.000003, 258.30 sec so far
Iteration 1300: max relative diff=0.000003, 263.36 sec so far
Iteration 1325: max relative diff=0.000002, 268.42 sec so far
Iteration 1350: max relative diff=0.000002, 273.49 sec so far
Iteration 1375: max relative diff=0.000002, 278.55 sec so far
Iteration 1400: max relative diff=0.000002, 283.68 sec so far
Iteration 1425: max relative diff=0.000001, 288.74 sec so far
Iteration 1450: max relative diff=0.000001, 293.80 sec so far
Iteration 1475: max relative diff=0.000001, 298.87 sec so far

Iterative method: 1479 iterations in 299.68 seconds (average 0.202621, setup 15.47)

Value in the initial state: 0.5486295395116223

Time for model checking: 315.768 seconds.

Result: 0.5486295395116223 (value in the initial state)

