PRISM
=====

Version: 4.4.dev
Date: Sun Jun 17 13:00:57 IRDT 2018
Hostname: sadegh-H81M-S2PH
Memory limits: cudd=1g, java(heap)=2.1g
Command line: prism dns53.nm dns.pctl -s -gs -maxiters 90050 -epsilon 1e-6 -javamaxmem 2400m

Parsing model file "dns53.nm"...

Parsing properties file "dns.pctl"...

1 property:
(1) Pmax=? [ "pp" U "qq" ]

Type:        MDP
Modules:     m1 m2 m3 
Variables:   s1 s2 s3 

---------------------------------------------------------------------

Model checking: Pmax=? [ "pp" U "qq" ]

Building model...

Computing reachable states...

Reachability (BFS): 3 iterations in 0.00 seconds (average 0.000333, setup 0.00)

Time for model construction: 7.185 seconds.

Type:        MDP
States:      7600 (1 initial)
Transitions: 78060392
Choices:     15200

Transition matrix: 6336516 nodes (241810 terminal), 78060392 minterms, vars: 15r/15c/2nd

Prob0A: 2 iterations in 0.00 seconds (average 0.001500, setup 0.00)

Prob1E: 4 iterations in 0.00 seconds (average 0.000250, setup 0.00)

yes = 10, no = 66, maybe = 7524

Computing remaining probabilities...
Engine: Sparse

Building sparse matrix(FOR GS)... [n=7600, nc=15048, nnz=77307645, k=2] [884.8 MB]
Creating vector for yes...[59.4 KB]
Allocating iteration vectors... [2 x 59.4 KB]
TOTAL: [885.0 MB]

Starting iterations...
Iteration 39: max relative diff=0.016882, 5.01 sec so far
Iteration 78: max relative diff=0.005146, 10.02 sec so far
Iteration 117: max relative diff=0.002066, 15.03 sec so far
Iteration 156: max relative diff=0.000912, 20.03 sec so far
Iteration 195: max relative diff=0.000418, 25.03 sec so far
Iteration 234: max relative diff=0.000194, 30.05 sec so far
Iteration 273: max relative diff=0.000091, 35.05 sec so far
Iteration 312: max relative diff=0.000043, 40.06 sec so far
Iteration 351: max relative diff=0.000020, 45.07 sec so far
Iteration 390: max relative diff=0.000010, 50.08 sec so far
Iteration 429: max relative diff=0.000005, 55.09 sec so far
Iteration 468: max relative diff=0.000002, 60.09 sec so far
Iteration 508: max relative diff=0.000001, 65.22 sec so far

Iterative method: 508 iterations in 65.22 seconds (average 0.128380, setup 8.40)

Value in the initial state: 0.17730252466651816

Time for model checking: 74.023 seconds.

Result: 0.17730252466651816 (value in the initial state)

