PRISM
=====

Version: 4.4.dev
Date: Tue Jun 19 10:44:55 IRDT 2018
Hostname: sadegh-H81M-S2PH
Memory limits: cudd=1g, java(heap)=2.1g
Command line: prism dns148.nm dns.pctl -s -gs -maxiters 90050 -epsilon 1e-6 -javamaxmem 2400m

Parsing model file "dns148.nm"...

Parsing properties file "dns.pctl"...

1 property:
(1) Pmax=? [ "pp" U "qq" ]

Type:        MDP
Modules:     m1 m2 m3 
Variables:   s1 s2 s3 

---------------------------------------------------------------------

Model checking: Pmax=? [ "pp" U "qq" ]

Building model...

Computing reachable states...

Reachability (BFS): 3 iterations in 0.01 seconds (average 0.004667, setup 0.00)

Time for model construction: 21.302 seconds.

Type:        MDP
States:      8400 (1 initial)
Transitions: 59792239
Choices:     33600

Transition matrix: 17958262 nodes (705889 terminal), 59792239 minterms, vars: 15r/15c/4nd

Prob0A: 3 iterations in 0.01 seconds (average 0.002333, setup 0.00)

Prob1E: 4 iterations in 0.00 seconds (average 0.000750, setup 0.00)

yes = 10, no = 36, maybe = 8354

Computing remaining probabilities...
Engine: Sparse

Building sparse matrix(FOR GS)... [n=8400, nc=33416, nnz=59476190, k=4] [680.8 MB]
Creating vector for yes...[65.6 KB]
Allocating iteration vectors... [2 x 65.6 KB]
TOTAL: [681.0 MB]

Starting iterations...
Iteration 51: max relative diff=0.011274, 5.08 sec so far
Iteration 102: max relative diff=0.003398, 10.17 sec so far
Iteration 153: max relative diff=0.001535, 15.26 sec so far
Iteration 204: max relative diff=0.000836, 20.35 sec so far
Iteration 255: max relative diff=0.000503, 25.44 sec so far
Iteration 306: max relative diff=0.000322, 30.53 sec so far
Iteration 357: max relative diff=0.000213, 35.62 sec so far
Iteration 407: max relative diff=0.000146, 40.69 sec so far
Iteration 458: max relative diff=0.000100, 45.78 sec so far
Iteration 509: max relative diff=0.000070, 50.87 sec so far
Iteration 560: max relative diff=0.000049, 55.96 sec so far
Iteration 611: max relative diff=0.000035, 61.05 sec so far
Iteration 662: max relative diff=0.000025, 66.14 sec so far
Iteration 713: max relative diff=0.000017, 71.23 sec so far
Iteration 763: max relative diff=0.000012, 76.27 sec so far
Iteration 814: max relative diff=0.000009, 81.35 sec so far
Iteration 864: max relative diff=0.000006, 86.36 sec so far
Iteration 915: max relative diff=0.000005, 91.45 sec so far
Iteration 966: max relative diff=0.000003, 96.56 sec so far
Iteration 1016: max relative diff=0.000002, 101.61 sec so far
Iteration 1067: max relative diff=0.000002, 106.69 sec so far
Iteration 1118: max relative diff=0.000001, 111.78 sec so far

Iterative method: 1144 iterations in 114.38 seconds (average 0.099981, setup 10.58)

Value in the initial state: 0.6018421646452489

Time for model checking: 125.267 seconds.

Result: 0.6018421646452489 (value in the initial state)

