PRISM
=====

Version: 4.4.dev
Date: Tue Jun 19 14:38:02 IRDT 2018
Hostname: sadegh-H81M-S2PH
Memory limits: cudd=1g, java(heap)=2.1g
Command line: prism dns167.nm dns.pctl -s -backwardvaliter -maxiters 90050 -epsilon 1e-6 -javamaxmem 2400m

Parsing model file "dns167.nm"...

Parsing properties file "dns.pctl"...

1 property:
(1) Pmax=? [ "pp" U "qq" ]

Type:        MDP
Modules:     m1 m2 m3 
Variables:   s1 s2 s3 

---------------------------------------------------------------------

Model checking: Pmax=? [ "pp" U "qq" ]

Building model...

Computing reachable states...

Reachability (BFS): 3 iterations in 0.02 seconds (average 0.007000, setup 0.00)

Time for model construction: 23.86 seconds.

Type:        MDP
States:      10000 (1 initial)
Transitions: 42862648
Choices:     40000

Transition matrix: 21350783 nodes (574755 terminal), 42862648 minterms, vars: 15r/15c/4nd

Prob0A: 3 iterations in 0.01 seconds (average 0.003667, setup 0.00)

Prob1E: 9 iterations in 0.03 seconds (average 0.002889, setup 0.00)

yes = 10, no = 28, maybe = 9962

Computing remaining probabilities...
Engine: Sparse

Building sparse matrix(FOR GS)... [n=10000, nc=39848, nnz=42703468, k=4] [488.9 MB]
Creating vector for yes...[78.1 KB]
Allocating iteration vectors... [2 x 78.1 KB]
TOTAL: [489.1 MB]

Starting iterations...
Iteration 65: max relative diff=0.009833, 5.05 sec so far
Iteration 135: max relative diff=0.003098, 10.12 sec so far
Iteration 205: max relative diff=0.001470, 15.20 sec so far
Iteration 274: max relative diff=0.000843, 20.20 sec so far
Iteration 343: max relative diff=0.000537, 25.20 sec so far
Iteration 412: max relative diff=0.000368, 30.20 sec so far
Iteration 481: max relative diff=0.000264, 35.21 sec so far
Iteration 551: max relative diff=0.000194, 40.28 sec so far
Iteration 621: max relative diff=0.000146, 45.34 sec so far
Iteration 690: max relative diff=0.000112, 50.35 sec so far
Iteration 760: max relative diff=0.000086, 55.41 sec so far
Iteration 830: max relative diff=0.000067, 60.48 sec so far
Iteration 900: max relative diff=0.000053, 65.56 sec so far
Iteration 970: max relative diff=0.000042, 70.63 sec so far
Iteration 1040: max relative diff=0.000033, 75.70 sec so far
Iteration 1110: max relative diff=0.000026, 80.77 sec so far
Iteration 1180: max relative diff=0.000021, 85.84 sec so far
Iteration 1249: max relative diff=0.000017, 90.85 sec so far
Iteration 1319: max relative diff=0.000013, 95.91 sec so far
Iteration 1389: max relative diff=0.000011, 100.97 sec so far
Iteration 1459: max relative diff=0.000008, 106.04 sec so far
Iteration 1529: max relative diff=0.000007, 111.10 sec so far
Iteration 1599: max relative diff=0.000005, 116.17 sec so far
Iteration 1669: max relative diff=0.000004, 121.24 sec so far
Iteration 1739: max relative diff=0.000003, 126.30 sec so far
Iteration 1809: max relative diff=0.000003, 131.37 sec so far
Iteration 1879: max relative diff=0.000002, 136.44 sec so far
Iteration 1949: max relative diff=0.000002, 141.50 sec so far
Iteration 2018: max relative diff=0.000001, 146.50 sec so far
Iteration 2088: max relative diff=0.000001, 151.57 sec so far

Iterative method: 2140 iterations in 155.33 seconds (average 0.072586, setup 9.36)

Value in the initial state: 0.6831222734355386

Time for model checking: 164.963 seconds.

Result: 0.6831222734355386 (value in the initial state)

Warning: CUDD reports 21416263 non-zero references.

