PRISM
=====

Version: 4.4.dev
Date: Mon Jun 18 03:20:23 IRDT 2018
Hostname: sadegh-H81M-S2PH
Memory limits: cudd=1g, java(heap)=2.1g
Command line: prism dns101.nm dns.pctl -s -gs -maxiters 90050 -epsilon 1e-6 -javamaxmem 2400m

Parsing model file "dns101.nm"...

Parsing properties file "dns.pctl"...

1 property:
(1) Pmax=? [ "pp" U "qq" ]

Type:        MDP
Modules:     m1 m2 m3 
Variables:   s1 s2 s3 

---------------------------------------------------------------------

Model checking: Pmax=? [ "pp" U "qq" ]

Building model...

Computing reachable states...

Reachability (BFS): 3 iterations in 0.00 seconds (average 0.000667, setup 0.00)

Time for model construction: 6.113 seconds.

Type:        MDP
States:      8000 (1 initial)
Transitions: 52343826
Choices:     16000

Transition matrix: 6466738 nodes (410510 terminal), 52343826 minterms, vars: 15r/15c/2nd

Prob0A: 3 iterations in 0.01 seconds (average 0.001667, setup 0.00)

Prob1E: 4 iterations in 0.00 seconds (average 0.000500, setup 0.00)

yes = 10, no = 78, maybe = 7912

Computing remaining probabilities...
Engine: Sparse

Building sparse matrix(FOR GS)... [n=8000, nc=15824, nnz=51801945, k=2] [592.9 MB]
Creating vector for yes...[62.5 KB]
Allocating iteration vectors... [2 x 62.5 KB]
TOTAL: [593.1 MB]

Starting iterations...
Iteration 58: max relative diff=0.008641, 5.01 sec so far
Iteration 116: max relative diff=0.002299, 10.02 sec so far
Iteration 174: max relative diff=0.000815, 15.03 sec so far
Iteration 232: max relative diff=0.000316, 20.04 sec so far
Iteration 290: max relative diff=0.000126, 25.05 sec so far
Iteration 348: max relative diff=0.000051, 30.06 sec so far
Iteration 406: max relative diff=0.000021, 35.06 sec so far
Iteration 464: max relative diff=0.000008, 40.08 sec so far
Iteration 522: max relative diff=0.000003, 45.08 sec so far
Iteration 580: max relative diff=0.000001, 50.08 sec so far

Iterative method: 601 iterations in 51.90 seconds (average 0.086348, setup 5.22)

Value in the initial state: 0.23542024525210503

Time for model checking: 57.434 seconds.

Result: 0.23542024525210503 (value in the initial state)

