PRISM
=====

Version: 4.4.dev
Date: Sat Jun 16 20:20:29 IRDT 2018
Hostname: sadegh-H81M-S2PH
Memory limits: cudd=1g, java(heap)=2.1g
Command line: prism dns22.nm dns.pctl -s -gs -maxiters 90050 -epsilon 1e-6 -javamaxmem 2400m

Parsing model file "dns22.nm"...

Parsing properties file "dns.pctl"...

1 property:
(1) Pmax=? [ "pp" U "qq" ]

Type:        MDP
Modules:     m1 m2 m3 
Variables:   s1 s2 s3 

---------------------------------------------------------------------

Model checking: Pmax=? [ "pp" U "qq" ]

Building model...

Computing reachable states...

Reachability (BFS): 2 iterations in 0.00 seconds (average 0.000500, setup 0.00)

Time for model construction: 9.428 seconds.

Type:        MDP
States:      6400 (1 initial)
Transitions: 172105980
Choices:     32000

Transition matrix: 9537715 nodes (698456 terminal), 172105980 minterms, vars: 14r/14c/5nd

Prob0A: 2 iterations in 0.00 seconds (average 0.001500, setup 0.00)

Prob1E: 4 iterations in 0.01 seconds (average 0.001500, setup 0.00)

yes = 10, no = 10, maybe = 6380

Computing remaining probabilities...
Engine: Sparse

Building sparse matrix(FOR GS)... [n=6400, nc=31900, nnz=171551232, k=5] [1.9 GB]
Creating vector for yes...[50.0 KB]
Allocating iteration vectors... [2 x 50.0 KB]
TOTAL: [1.9 GB]

Starting iterations...
Iteration 18: max relative diff=0.048992, 5.15 sec so far
Iteration 36: max relative diff=0.018997, 10.29 sec so far
Iteration 54: max relative diff=0.010111, 15.44 sec so far
Iteration 72: max relative diff=0.006204, 20.59 sec so far
Iteration 90: max relative diff=0.004098, 25.74 sec so far
Iteration 108: max relative diff=0.002868, 30.89 sec so far
Iteration 126: max relative diff=0.002099, 36.04 sec so far
Iteration 144: max relative diff=0.001596, 41.19 sec so far
Iteration 162: max relative diff=0.001251, 46.34 sec so far
Iteration 180: max relative diff=0.001007, 51.49 sec so far
Iteration 198: max relative diff=0.000827, 56.64 sec so far
Iteration 216: max relative diff=0.000690, 61.79 sec so far
Iteration 234: max relative diff=0.000582, 66.94 sec so far
Iteration 252: max relative diff=0.000495, 72.10 sec so far
Iteration 270: max relative diff=0.000426, 77.24 sec so far
Iteration 288: max relative diff=0.000369, 82.39 sec so far
Iteration 306: max relative diff=0.000322, 87.54 sec so far
Iteration 324: max relative diff=0.000284, 92.69 sec so far
Iteration 342: max relative diff=0.000250, 97.83 sec so far
Iteration 360: max relative diff=0.000222, 102.98 sec so far
Iteration 378: max relative diff=0.000197, 108.13 sec so far
Iteration 396: max relative diff=0.000176, 113.28 sec so far
Iteration 414: max relative diff=0.000158, 118.42 sec so far
Iteration 432: max relative diff=0.000142, 123.57 sec so far
Iteration 450: max relative diff=0.000127, 128.72 sec so far
Iteration 468: max relative diff=0.000115, 133.86 sec so far
Iteration 486: max relative diff=0.000104, 139.01 sec so far
Iteration 504: max relative diff=0.000094, 144.16 sec so far
Iteration 522: max relative diff=0.000085, 149.31 sec so far
Iteration 540: max relative diff=0.000078, 154.45 sec so far
Iteration 558: max relative diff=0.000071, 159.60 sec so far
Iteration 576: max relative diff=0.000065, 164.76 sec so far
Iteration 594: max relative diff=0.000060, 169.90 sec so far
Iteration 612: max relative diff=0.000055, 175.05 sec so far
Iteration 630: max relative diff=0.000050, 180.19 sec so far
Iteration 648: max relative diff=0.000046, 185.34 sec so far
Iteration 666: max relative diff=0.000043, 190.49 sec so far
Iteration 684: max relative diff=0.000039, 195.64 sec so far
Iteration 702: max relative diff=0.000036, 200.80 sec so far
Iteration 720: max relative diff=0.000033, 205.95 sec so far
Iteration 738: max relative diff=0.000031, 211.10 sec so far
Iteration 756: max relative diff=0.000028, 216.25 sec so far
Iteration 774: max relative diff=0.000026, 221.40 sec so far
Iteration 792: max relative diff=0.000024, 226.54 sec so far
Iteration 810: max relative diff=0.000022, 231.69 sec so far
Iteration 828: max relative diff=0.000021, 236.84 sec so far
Iteration 846: max relative diff=0.000019, 241.98 sec so far
Iteration 864: max relative diff=0.000018, 247.13 sec so far
Iteration 882: max relative diff=0.000016, 252.28 sec so far
Iteration 900: max relative diff=0.000015, 257.43 sec so far
Iteration 918: max relative diff=0.000014, 262.57 sec so far
Iteration 936: max relative diff=0.000013, 267.72 sec so far
Iteration 954: max relative diff=0.000012, 272.87 sec so far
Iteration 972: max relative diff=0.000011, 278.02 sec so far
Iteration 990: max relative diff=0.000010, 283.17 sec so far
Iteration 1008: max relative diff=0.000009, 288.32 sec so far
Iteration 1026: max relative diff=0.000009, 293.46 sec so far
Iteration 1044: max relative diff=0.000008, 298.61 sec so far
Iteration 1062: max relative diff=0.000007, 303.76 sec so far
Iteration 1080: max relative diff=0.000007, 308.91 sec so far
Iteration 1098: max relative diff=0.000006, 314.06 sec so far
Iteration 1116: max relative diff=0.000006, 319.21 sec so far
Iteration 1134: max relative diff=0.000005, 324.36 sec so far
Iteration 1152: max relative diff=0.000005, 329.50 sec so far
Iteration 1170: max relative diff=0.000005, 334.65 sec so far
Iteration 1188: max relative diff=0.000004, 339.81 sec so far
Iteration 1206: max relative diff=0.000004, 344.95 sec so far
Iteration 1224: max relative diff=0.000004, 350.10 sec so far
Iteration 1242: max relative diff=0.000003, 355.25 sec so far
Iteration 1260: max relative diff=0.000003, 360.40 sec so far
Iteration 1278: max relative diff=0.000003, 365.55 sec so far
Iteration 1296: max relative diff=0.000003, 370.70 sec so far
Iteration 1314: max relative diff=0.000003, 375.85 sec so far
Iteration 1332: max relative diff=0.000002, 381.00 sec so far
Iteration 1350: max relative diff=0.000002, 386.15 sec so far
Iteration 1368: max relative diff=0.000002, 391.29 sec so far
Iteration 1386: max relative diff=0.000002, 396.43 sec so far
Iteration 1404: max relative diff=0.000002, 401.58 sec so far
Iteration 1422: max relative diff=0.000002, 406.72 sec so far
Iteration 1440: max relative diff=0.000002, 411.88 sec so far
Iteration 1458: max relative diff=0.000001, 417.03 sec so far
Iteration 1476: max relative diff=0.000001, 422.18 sec so far
Iteration 1494: max relative diff=0.000001, 427.34 sec so far
Iteration 1512: max relative diff=0.000001, 432.49 sec so far
Iteration 1530: max relative diff=0.000001, 437.64 sec so far

Iterative method: 1540 iterations in 440.51 seconds (average 0.286047, setup 12.69)

Value in the initial state: 0.7479266499427869

Time for model checking: 453.967 seconds.

Result: 0.7479266499427869 (value in the initial state)

