PRISM
=====

Version: 4.4.dev
Date: Mon Jun 18 12:14:28 IRDT 2018
Hostname: sadegh-H81M-S2PH
Memory limits: cudd=1g, java(heap)=2.1g
Command line: prism dns133.nm dns.pctl -s -backwardvaliter -maxiters 90050 -epsilon 1e-6 -javamaxmem 2400m

Parsing model file "dns133.nm"...

Parsing properties file "dns.pctl"...

1 property:
(1) Pmax=? [ "pp" U "qq" ]

Type:        MDP
Modules:     m1 m2 m3 
Variables:   s1 s2 s3 

---------------------------------------------------------------------

Model checking: Pmax=? [ "pp" U "qq" ]

Building model...

Computing reachable states...

Reachability (BFS): 3 iterations in 0.01 seconds (average 0.002667, setup 0.00)

Time for model construction: 11.555 seconds.

Type:        MDP
States:      6000 (1 initial)
Transitions: 44006404
Choices:     24000

Transition matrix: 9991583 nodes (624710 terminal), 44006404 minterms, vars: 14r/14c/4nd

Prob0A: 3 iterations in 0.01 seconds (average 0.004000, setup 0.00)

Prob1E: 4 iterations in 0.01 seconds (average 0.001250, setup 0.00)

yes = 10, no = 120, maybe = 5870

Computing remaining probabilities...
Engine: Sparse

Building sparse matrix(FOR GS)... [n=6000, nc=23480, nnz=43068878, k=4] [493.0 MB]
Creating vector for yes...[46.9 KB]
Allocating iteration vectors... [2 x 46.9 KB]
TOTAL: [493.1 MB]

Starting iterations...
Iteration 65: max relative diff=0.002789, 5.04 sec so far
Iteration 135: max relative diff=0.000148, 10.11 sec so far
Iteration 205: max relative diff=0.000008, 15.18 sec so far

Iterative method: 258 iterations in 19.01 seconds (average 0.073690, setup 7.80)

Value in the initial state: 0.18147082804195422

Time for model checking: 27.004 seconds.

Result: 0.18147082804195422 (value in the initial state)

Warning: CUDD reports 10906580 non-zero references.

