PRISM
=====

Version: 4.4.dev
Date: Sun May 20 22:28:35 IRDT 2018
Hostname: sadegh-H81M-S2PH
Memory limits: cudd=1g, java(heap)=2.1g
Command line: prism dns109.nm dns.pctl -s -explicitmodpoliter -maxiters 90050 -epsilon 1e-8 -javamaxmem 2400m

Parsing model file "dns109.nm"...

Parsing properties file "dns.pctl"...

1 property:
(1) Pmax=? [ "pp" U "qq" ]

Type:        MDP
Modules:     m1 m2 m3 
Variables:   s1 s2 s3 

---------------------------------------------------------------------

Model checking: Pmax=? [ "pp" U "qq" ]

Building model...

Computing reachable states...

Reachability (BFS): 3 iterations in 0.01 seconds (average 0.002333, setup 0.00)

Time for model construction: 17.796 seconds.

Type:        MDP
States:      9600 (1 initial)
Transitions: 149964662
Choices:     38400

Transition matrix: 21195801 nodes (527453 terminal), 149964662 minterms, vars: 15r/15c/4nd

Prob0A: 2 iterations in 0.00 seconds (average 0.001500, setup 0.00)

Prob1E: 4 iterations in 0.00 seconds (average 0.000500, setup 0.00)

yes = 10, no = 28, maybe = 9562

Computing remaining probabilities...
Engine: Sparse

Building sparse matrix (FOR POLICY ITERASION)... [n=9600, nc=38248, nnz=149378982, k=4] [1.7 GB]
Creating vector for yes...[75.0 KB]
Allocating iteration vectors... [2 x 75.0 KB]
TOTAL: [1.7 GB]

Starting iterations...
Iteration 202: max relative diff=0.018331, 7.17 sec so far
Iteration 404: max relative diff=0.003769, 14.12 sec so far
Iteration 606: max relative diff=0.000917, 21.11 sec so far
Iteration 808: max relative diff=0.000229, 28.06 sec so far
Iteration 1010: max relative diff=0.000132, 35.01 sec so far
Iteration 1212: max relative diff=0.000024, 41.97 sec so far
Iteration 1414: max relative diff=0.000008, 48.92 sec so far
Iteration 1616: max relative diff=0.000006, 55.88 sec so far
Iteration 1818: max relative diff=0.000001, 63.12 sec so far
Iteration 2020: max relative diff=0.000000, 70.35 sec so far
Iteration 2222: max relative diff=0.000000, 77.30 sec so far
Iteration 2424: max relative diff=0.000000, 84.23 sec so far
Iteration 2626: max relative diff=0.000000, 91.33 sec so far
Iteration 2828: max relative diff=0.000000, 98.42 sec so far

Iterative method: 2880 iterations in 100.29 seconds (average 0.034823, setup 11.48)

Value in the initial state: 0.5607998176771994

Time for model checking: 112.34 seconds.

Result: 0.5607998176771994 (value in the initial state)

