PRISM
=====

Version: 4.4.dev
Date: Sat Jun 16 22:51:54 IRDT 2018
Hostname: sadegh-H81M-S2PH
Memory limits: cudd=1g, java(heap)=2.1g
Command line: prism dns30.nm dns.pctl -s -backwardvaliter -maxiters 90050 -epsilon 1e-6 -javamaxmem 2400m

Parsing model file "dns30.nm"...

Parsing properties file "dns.pctl"...

1 property:
(1) Pmax=? [ "pp" U "qq" ]

Type:        MDP
Modules:     m1 m2 m3 
Variables:   s1 s2 s3 

---------------------------------------------------------------------

Model checking: Pmax=? [ "pp" U "qq" ]

Building model...

Computing reachable states...

Reachability (BFS): 2 iterations in 0.00 seconds (average 0.001000, setup 0.00)

Time for model construction: 10.227 seconds.

Type:        MDP
States:      6000 (1 initial)
Transitions: 115090530
Choices:     24000

Transition matrix: 8809768 nodes (621841 terminal), 115090530 minterms, vars: 14r/14c/4nd

Prob0A: 2 iterations in 0.01 seconds (average 0.002500, setup 0.00)

Prob1E: 4 iterations in 0.00 seconds (average 0.000500, setup 0.00)

yes = 10, no = 66, maybe = 5924

Computing remaining probabilities...
Engine: Sparse

Building sparse matrix(FOR GS)... [n=6000, nc=23696, nnz=113609622, k=4] [1.3 GB]
Creating vector for yes...[46.9 KB]
Allocating iteration vectors... [2 x 46.9 KB]
TOTAL: [1.3 GB]

Starting iterations...
Iteration 22: max relative diff=0.033573, 5.02 sec so far
Iteration 49: max relative diff=0.009517, 10.14 sec so far
Iteration 76: max relative diff=0.004093, 15.28 sec so far
Iteration 103: max relative diff=0.002026, 20.42 sec so far
Iteration 130: max relative diff=0.001070, 25.56 sec so far
Iteration 157: max relative diff=0.000586, 30.69 sec so far
Iteration 184: max relative diff=0.000327, 35.84 sec so far
Iteration 211: max relative diff=0.000184, 40.98 sec so far
Iteration 238: max relative diff=0.000105, 46.12 sec so far
Iteration 265: max relative diff=0.000060, 51.25 sec so far
Iteration 292: max relative diff=0.000034, 56.38 sec so far
Iteration 319: max relative diff=0.000019, 61.53 sec so far
Iteration 346: max relative diff=0.000011, 66.66 sec so far
Iteration 373: max relative diff=0.000006, 71.80 sec so far
Iteration 400: max relative diff=0.000004, 76.94 sec so far
Iteration 427: max relative diff=0.000002, 82.08 sec so far
Iteration 454: max relative diff=0.000001, 87.21 sec so far

Iterative method: 463 iterations in 88.92 seconds (average 0.192041, setup 11.89)

Value in the initial state: 0.2524269133160005

Time for model checking: 101.395 seconds.

Result: 0.2524269133160005 (value in the initial state)

Warning: CUDD reports 9659191 non-zero references.

