PRISM
=====

Version: 4.4.dev
Date: Mon Jun 18 11:37:52 IRDT 2018
Hostname: sadegh-H81M-S2PH
Memory limits: cudd=1g, java(heap)=2.1g
Command line: prism dns130.nm dns.pctl -s -gs -maxiters 90050 -epsilon 1e-6 -javamaxmem 2400m

Parsing model file "dns130.nm"...

Parsing properties file "dns.pctl"...

1 property:
(1) Pmax=? [ "pp" U "qq" ]

Type:        MDP
Modules:     m1 m2 m3 
Variables:   s1 s2 s3 

---------------------------------------------------------------------

Model checking: Pmax=? [ "pp" U "qq" ]

Building model...

Computing reachable states...

Reachability (BFS): 3 iterations in 0.01 seconds (average 0.003000, setup 0.00)

Time for model construction: 10.075 seconds.

Type:        MDP
States:      6400 (1 initial)
Transitions: 50091836
Choices:     25600

Transition matrix: 9972213 nodes (704213 terminal), 50091836 minterms, vars: 14r/14c/4nd

Prob0A: 3 iterations in 0.00 seconds (average 0.001333, setup 0.00)

Prob1E: 4 iterations in 0.00 seconds (average 0.001000, setup 0.00)

yes = 10, no = 28, maybe = 6362

Computing remaining probabilities...
Engine: Sparse

Building sparse matrix(FOR GS)... [n=6400, nc=25448, nnz=49797940, k=4] [570.0 MB]
Creating vector for yes...[50.0 KB]
Allocating iteration vectors... [2 x 50.0 KB]
TOTAL: [570.2 MB]

Starting iterations...
Iteration 61: max relative diff=0.008739, 5.07 sec so far
Iteration 122: max relative diff=0.002773, 10.15 sec so far
Iteration 183: max relative diff=0.001346, 15.22 sec so far
Iteration 244: max relative diff=0.000772, 20.29 sec so far
Iteration 305: max relative diff=0.000479, 25.36 sec so far
Iteration 364: max relative diff=0.000318, 30.37 sec so far
Iteration 425: max relative diff=0.000214, 35.44 sec so far
Iteration 486: max relative diff=0.000148, 40.51 sec so far
Iteration 547: max relative diff=0.000103, 45.58 sec so far
Iteration 607: max relative diff=0.000073, 50.64 sec so far
Iteration 668: max relative diff=0.000052, 55.71 sec so far
Iteration 729: max relative diff=0.000037, 60.78 sec so far
Iteration 790: max relative diff=0.000026, 65.85 sec so far
Iteration 851: max relative diff=0.000019, 70.93 sec so far
Iteration 912: max relative diff=0.000014, 76.00 sec so far
Iteration 973: max relative diff=0.000010, 81.07 sec so far
Iteration 1034: max relative diff=0.000007, 86.14 sec so far
Iteration 1095: max relative diff=0.000005, 91.20 sec so far
Iteration 1155: max relative diff=0.000004, 96.27 sec so far
Iteration 1216: max relative diff=0.000003, 101.34 sec so far
Iteration 1277: max relative diff=0.000002, 106.41 sec so far
Iteration 1338: max relative diff=0.000001, 111.48 sec so far
Iteration 1399: max relative diff=0.000001, 116.56 sec so far

Iterative method: 1400 iterations in 116.64 seconds (average 0.083314, setup 6.24)

Value in the initial state: 0.5774533434990281

Time for model checking: 123.106 seconds.

Result: 0.5774533434990281 (value in the initial state)

