PRISM
=====

Version: 4.4.dev
Date: Sun May 20 20:55:04 IRDT 2018
Hostname: sadegh-H81M-S2PH
Memory limits: cudd=1g, java(heap)=2.1g
Command line: prism dns100.nm dns.pctl -s -improvedmodpoliter2 -maxiters 90050 -epsilon 1e-8 -javamaxmem 2400m

Parsing model file "dns100.nm"...

Parsing properties file "dns.pctl"...

1 property:
(1) Pmax=? [ "pp" U "qq" ]

Type:        MDP
Modules:     m1 m2 m3 
Variables:   s1 s2 s3 

---------------------------------------------------------------------

Model checking: Pmax=? [ "pp" U "qq" ]

Building model...

Computing reachable states...

Reachability (BFS): 3 iterations in 0.00 seconds (average 0.001000, setup 0.00)

Time for model construction: 10.807 seconds.

Type:        MDP
States:      8000 (1 initial)
Transitions: 130456992
Choices:     32000

Transition matrix: 13627500 nodes (302969 terminal), 130456992 minterms, vars: 15r/15c/4nd

Prob0A: 2 iterations in 0.00 seconds (average 0.001500, setup 0.00)

Prob1E: 4 iterations in 0.00 seconds (average 0.000500, setup 0.00)

yes = 10, no = 45, maybe = 7945

Computing remaining probabilities...
Engine: Sparse

Building sparse matrix (FOR POLICY ITERASION)... [n=8000, nc=31780, nnz=129561099, k=4] [1.4 GB]
Creating vector for yes...[62.5 KB]
Allocating iteration vectors... [2 x 62.5 KB]
TOTAL: [1.4 GB]

Starting iterations...
Iteration 303: max relative diff=0.004109, 5.04 sec so far
Iteration 707: max relative diff=0.000072, 11.46 sec so far
Iteration 1111: max relative diff=0.000001, 18.04 sec so far
Iteration 1414: max relative diff=0.000000, 23.35 sec so far

Iterative method: 1512 iterations in 25.11 seconds (average 0.016606, setup 9.80)


Number of scallar multiplications: 25680M 

Value in the initial state: 0.304683715274822

Time for model checking: 35.892 seconds.

Result: 0.304683715274822 (value in the initial state)

