PRISM
=====

Version: 4.4.dev
Date: Tue Jun 19 17:14:48 IRDT 2018
Hostname: sadegh-H81M-S2PH
Memory limits: cudd=1g, java(heap)=2.1g
Command line: prism dns180.nm dns.pctl -s -bucketvaliter2 -maxiters 90050 -javamaxmem 2400m

Parsing model file "dns180.nm"...

Parsing properties file "dns.pctl"...

1 property:
(1) Pmax=? [ "pp" U "qq" ]

Type:        MDP
Modules:     m1 m2 m3 
Variables:   s1 s2 s3 

---------------------------------------------------------------------

Model checking: Pmax=? [ "pp" U "qq" ]

Building model...

Computing reachable states...

Reachability (BFS): 3 iterations in 0.01 seconds (average 0.003000, setup 0.00)

Time for model construction: 23.121 seconds.

Type:        MDP
States:      9600 (1 initial)
Transitions: 39817360
Choices:     38400

Transition matrix: 19656616 nodes (519544 terminal), 39817360 minterms, vars: 15r/15c/4nd

Prob0A: 3 iterations in 0.01 seconds (average 0.003000, setup 0.00)

Prob1E: 4 iterations in 0.00 seconds (average 0.000750, setup 0.00)

yes = 10, no = 55, maybe = 9535

Computing remaining probabilities...
Engine: Sparse

Building sparse matrix(FOR GS)... [n=9600, nc=38140, nnz=39547950, k=4] [452.8 MB]
Creating vector for yes...[75.0 KB]
Allocating iteration vectors... [2 x 75.0 KB]
TOTAL: [453.0 MB]

Starting iterations...

Iterative method: 4671026 iterations in 286.46 seconds (average 0.000061, setup 8.40)

Value in the initial state: 0.3164764380871033

Time for model checking: 302.389 seconds.

Result: 0.3164764380871033 (value in the initial state)

