PRISM
=====

Version: 4.4.dev
Date: Mon Jun 18 12:59:30 IRDT 2018
Hostname: sadegh-H81M-S2PH
Memory limits: cudd=1g, java(heap)=2.1g
Command line: prism dns139.nm dns.pctl -s -gs -maxiters 90050 -epsilon 1e-6 -javamaxmem 2400m

Parsing model file "dns139.nm"...

Parsing properties file "dns.pctl"...

1 property:
(1) Pmax=? [ "pp" U "qq" ]

Type:        MDP
Modules:     m1 m2 m3 
Variables:   s1 s2 s3 

---------------------------------------------------------------------

Model checking: Pmax=? [ "pp" U "qq" ]

Building model...

Computing reachable states...

Reachability (BFS): 3 iterations in 0.01 seconds (average 0.002333, setup 0.00)

Time for model construction: 20.119 seconds.

Type:        MDP
States:      8400 (1 initial)
Transitions: 93311258
Choices:     33600

Transition matrix: 16374693 nodes (363131 terminal), 93311258 minterms, vars: 15r/15c/4nd

Prob0A: 2 iterations in 0.00 seconds (average 0.002000, setup 0.00)

Prob1E: 4 iterations in 0.00 seconds (average 0.000750, setup 0.00)

yes = 10, no = 36, maybe = 8354

Computing remaining probabilities...
Engine: Sparse

Building sparse matrix(FOR GS)... [n=8400, nc=33416, nnz=92832572, k=4] [1.0 GB]
Creating vector for yes...[65.6 KB]
Allocating iteration vectors... [2 x 65.6 KB]
TOTAL: [1.0 GB]

Starting iterations...
Iteration 33: max relative diff=0.022633, 5.13 sec so far
Iteration 66: max relative diff=0.007976, 10.26 sec so far
Iteration 98: max relative diff=0.004016, 15.31 sec so far
Iteration 130: max relative diff=0.002314, 20.33 sec so far
Iteration 163: max relative diff=0.001414, 25.46 sec so far
Iteration 196: max relative diff=0.000905, 30.59 sec so far
Iteration 229: max relative diff=0.000596, 35.72 sec so far
Iteration 262: max relative diff=0.000400, 40.85 sec so far
Iteration 295: max relative diff=0.000272, 45.98 sec so far
Iteration 328: max relative diff=0.000186, 51.10 sec so far
Iteration 361: max relative diff=0.000128, 56.23 sec so far
Iteration 394: max relative diff=0.000089, 61.36 sec so far
Iteration 427: max relative diff=0.000062, 66.50 sec so far
Iteration 460: max relative diff=0.000043, 71.63 sec so far
Iteration 493: max relative diff=0.000030, 76.76 sec so far
Iteration 526: max relative diff=0.000021, 81.89 sec so far
Iteration 559: max relative diff=0.000015, 87.02 sec so far
Iteration 592: max relative diff=0.000010, 92.15 sec so far
Iteration 625: max relative diff=0.000007, 97.28 sec so far
Iteration 658: max relative diff=0.000005, 102.41 sec so far
Iteration 691: max relative diff=0.000003, 107.54 sec so far
Iteration 724: max relative diff=0.000002, 112.67 sec so far
Iteration 757: max relative diff=0.000002, 117.79 sec so far
Iteration 790: max relative diff=0.000001, 122.92 sec so far

Iterative method: 806 iterations in 125.42 seconds (average 0.155602, setup 14.04)

Value in the initial state: 0.4035327151794595

Time for model checking: 139.948 seconds.

Result: 0.4035327151794595 (value in the initial state)

