PRISM
=====

Version: 4.4.dev
Date: Tue Jun 19 17:02:59 IRDT 2018
Hostname: sadegh-H81M-S2PH
Memory limits: cudd=1g, java(heap)=2.1g
Command line: prism dns177.nm dns.pctl -s -backwardvaliter -maxiters 90050 -epsilon 1e-6 -javamaxmem 2400m

Parsing model file "dns177.nm"...

Parsing properties file "dns.pctl"...

1 property:
(1) Pmax=? [ "pp" U "qq" ]

Type:        MDP
Modules:     m1 m2 m3 
Variables:   s1 s2 s3 

---------------------------------------------------------------------

Model checking: Pmax=? [ "pp" U "qq" ]

Building model...

Computing reachable states...

Reachability (BFS): 3 iterations in 0.01 seconds (average 0.002667, setup 0.00)

Time for model construction: 23.179 seconds.

Type:        MDP
States:      9600 (1 initial)
Transitions: 40188955
Choices:     38400

Transition matrix: 20714270 nodes (517215 terminal), 40188955 minterms, vars: 15r/15c/4nd

Prob0A: 3 iterations in 0.01 seconds (average 0.001667, setup 0.00)

Prob1E: 4 iterations in 0.00 seconds (average 0.000000, setup 0.00)

yes = 10, no = 45, maybe = 9545

Computing remaining probabilities...
Engine: Sparse

Building sparse matrix(FOR GS)... [n=9600, nc=38180, nnz=39964088, k=4] [457.5 MB]
Creating vector for yes...[75.0 KB]
Allocating iteration vectors... [2 x 75.0 KB]
TOTAL: [457.8 MB]

Starting iterations...
Iteration 68: max relative diff=0.007393, 5.00 sec so far
Iteration 142: max relative diff=0.001876, 10.04 sec so far
Iteration 216: max relative diff=0.000698, 15.06 sec so far
Iteration 290: max relative diff=0.000294, 20.09 sec so far
Iteration 364: max relative diff=0.000130, 25.13 sec so far
Iteration 438: max relative diff=0.000059, 30.17 sec so far
Iteration 512: max relative diff=0.000027, 35.20 sec so far
Iteration 586: max relative diff=0.000012, 40.23 sec so far
Iteration 660: max relative diff=0.000006, 45.26 sec so far
Iteration 734: max relative diff=0.000003, 50.29 sec so far
Iteration 808: max relative diff=0.000001, 55.32 sec so far

Iterative method: 826 iterations in 56.54 seconds (average 0.068455, setup 8.40)

Value in the initial state: 0.4205346221659051

Time for model checking: 65.194 seconds.

Result: 0.4205346221659051 (value in the initial state)

Warning: CUDD reports 20897014 non-zero references.

