PRISM
=====

Version: 4.4.dev
Date: Mon May 21 01:38:50 IRDT 2018
Hostname: sadegh-H81M-S2PH
Memory limits: cudd=1g, java(heap)=2.1g
Command line: prism dns157.nm dns.pctl -s -modpoliter -maxiters 90050 -epsilon 1e-8 -javamaxmem 2400m

Parsing model file "dns157.nm"...

Parsing properties file "dns.pctl"...

1 property:
(1) Pmax=? [ "pp" U "qq" ]

Type:        MDP
Modules:     m1 m2 m3 
Variables:   s1 s2 s3 

---------------------------------------------------------------------

Model checking: Pmax=? [ "pp" U "qq" ]

Building model...

Computing reachable states...

Reachability (BFS): 3 iterations in 0.01 seconds (average 0.002000, setup 0.00)

Time for model construction: 18.716 seconds.

Type:        MDP
States:      8800 (1 initial)
Transitions: 68207500
Choices:     35200

Transition matrix: 19969721 nodes (481460 terminal), 68207500 minterms, vars: 15r/15c/4nd

Prob0A: 3 iterations in 0.00 seconds (average 0.001333, setup 0.00)

Prob1E: 4 iterations in 0.00 seconds (average 0.000500, setup 0.00)

yes = 10, no = 91, maybe = 8699

Computing remaining probabilities...
Engine: Sparse

Building sparse matrix (FOR POLICY ITERASION)... [n=8800, nc=34796, nnz=67424739, k=4] [771.8 MB]
Creating vector for yes...[68.8 KB]
Allocating iteration vectors... [2 x 68.8 KB]
TOTAL: [772.0 MB]

Starting iterations...
Iteration 303: max relative diff=0.002094, 5.67 sec so far
Iteration 606: max relative diff=0.000001, 11.41 sec so far

Iterative method: 779 iterations in 14.70 seconds (average 0.018872, setup 8.44)

Value in the initial state: 0.21600352081446866

Time for model checking: 23.345 seconds.

Result: 0.21600352081446866 (value in the initial state)

