PRISM
=====

Version: 4.4.dev
Date: Sun May 20 11:33:09 IRDT 2018
Hostname: sadegh-H81M-S2PH
Memory limits: cudd=1g, java(heap)=2.1g
Command line: prism dns14.nm dns.pctl -s -improvedmodpoliter -maxiters 90050 -epsilon 1e-8 -javamaxmem 2400m

Parsing model file "dns14.nm"...

Parsing properties file "dns.pctl"...

1 property:
(1) Pmax=? [ "pp" U "qq" ]

Type:        MDP
Modules:     m1 m2 m3 
Variables:   s1 s2 s3 

---------------------------------------------------------------------

Model checking: Pmax=? [ "pp" U "qq" ]

Building model...

Computing reachable states...

Reachability (BFS): 2 iterations in 0.00 seconds (average 0.000000, setup 0.00)

Time for model construction: 2.409 seconds.

Type:        MDP
States:      4000 (1 initial)
Transitions: 61625943
Choices:     16000

Transition matrix: 3203970 nodes (341378 terminal), 61625943 minterms, vars: 14r/14c/4nd

Prob0A: 2 iterations in 0.00 seconds (average 0.000500, setup 0.00)

Prob1E: 4 iterations in 0.00 seconds (average 0.000250, setup 0.00)

yes = 10, no = 15, maybe = 3975

Computing remaining probabilities...
Engine: Sparse

Building sparse matrix (FOR POLICY ITERASION)... [n=4000, nc=15900, nnz=61242043, k=4] [700.9 MB]
Creating vector for yes...[31.2 KB]
Allocating iteration vectors... [2 x 31.2 KB]
TOTAL: [701.0 MB]

Starting iterations...
Iteration 408: max relative diff=0.000467, 5.87 sec so far
Iteration 816: max relative diff=0.000000, 11.77 sec so far

Iterative method: 1122 iterations in 16.20 seconds (average 0.014435, setup 3.34)

Value in the initial state: 0.5070958982068224

Time for model checking: 19.818 seconds.

Result: 0.5070958982068224 (value in the initial state)

