PRISM
=====

Version: 4.4.dev
Date: Mon Jun 18 01:13:12 IRDT 2018
Hostname: sadegh-H81M-S2PH
Memory limits: cudd=1g, java(heap)=2.1g
Command line: prism dns91.nm dns.pctl -s -backwardvaliter -maxiters 90050 -epsilon 1e-6 -javamaxmem 2400m

Parsing model file "dns91.nm"...

Parsing properties file "dns.pctl"...

1 property:
(1) Pmax=? [ "pp" U "qq" ]

Type:        MDP
Modules:     m1 m2 m3 
Variables:   s1 s2 s3 

---------------------------------------------------------------------

Model checking: Pmax=? [ "pp" U "qq" ]

Building model...

Computing reachable states...

Reachability (BFS): 3 iterations in 0.01 seconds (average 0.002000, setup 0.00)

Time for model construction: 20.292 seconds.

Type:        MDP
States:      9600 (1 initial)
Transitions: 183488240
Choices:     38400

Transition matrix: 19847663 nodes (370058 terminal), 183488240 minterms, vars: 15r/15c/4nd

Prob0A: 2 iterations in 0.01 seconds (average 0.005500, setup 0.00)

Prob1E: 4 iterations in 2.42 seconds (average 0.604250, setup 0.00)

yes = 10, no = 36, maybe = 9554

Computing remaining probabilities...
Engine: Sparse

Building sparse matrix(FOR GS)... [n=9600, nc=38216, nnz=182645243, k=4] [2.0 GB]
Creating vector for yes...[75.0 KB]
Allocating iteration vectors... [2 x 75.0 KB]
TOTAL: [2.0 GB]

Starting iterations...
Iteration 10: max relative diff=0.105370, 5.16 sec so far
Iteration 27: max relative diff=0.032020, 10.34 sec so far
Iteration 44: max relative diff=0.017082, 15.51 sec so far
Iteration 61: max relative diff=0.010839, 20.67 sec so far
Iteration 78: max relative diff=0.007484, 25.84 sec so far
Iteration 95: max relative diff=0.005446, 31.01 sec so far
Iteration 112: max relative diff=0.004107, 36.17 sec so far
Iteration 129: max relative diff=0.003174, 41.34 sec so far
Iteration 146: max relative diff=0.002499, 46.51 sec so far
Iteration 163: max relative diff=0.001998, 51.68 sec so far
Iteration 180: max relative diff=0.001615, 56.85 sec so far
Iteration 197: max relative diff=0.001317, 62.01 sec so far
Iteration 214: max relative diff=0.001082, 67.18 sec so far
Iteration 231: max relative diff=0.000894, 72.34 sec so far
Iteration 248: max relative diff=0.000743, 77.50 sec so far
Iteration 265: max relative diff=0.000619, 82.67 sec so far
Iteration 282: max relative diff=0.000518, 87.83 sec so far
Iteration 299: max relative diff=0.000434, 93.00 sec so far
Iteration 316: max relative diff=0.000365, 98.17 sec so far
Iteration 333: max relative diff=0.000308, 103.33 sec so far
Iteration 350: max relative diff=0.000260, 108.50 sec so far
Iteration 367: max relative diff=0.000220, 113.66 sec so far
Iteration 384: max relative diff=0.000186, 118.83 sec so far
Iteration 401: max relative diff=0.000157, 124.00 sec so far
Iteration 418: max relative diff=0.000134, 129.17 sec so far
Iteration 435: max relative diff=0.000113, 134.33 sec so far
Iteration 452: max relative diff=0.000096, 139.50 sec so far
Iteration 469: max relative diff=0.000082, 144.67 sec so far
Iteration 486: max relative diff=0.000069, 149.83 sec so far
Iteration 503: max relative diff=0.000059, 155.00 sec so far
Iteration 520: max relative diff=0.000050, 160.16 sec so far
Iteration 537: max relative diff=0.000043, 165.33 sec so far
Iteration 554: max relative diff=0.000036, 170.49 sec so far
Iteration 571: max relative diff=0.000031, 175.66 sec so far
Iteration 588: max relative diff=0.000026, 180.82 sec so far
Iteration 605: max relative diff=0.000022, 186.00 sec so far
Iteration 622: max relative diff=0.000019, 191.17 sec so far
Iteration 639: max relative diff=0.000016, 196.34 sec so far
Iteration 656: max relative diff=0.000014, 201.51 sec so far
Iteration 673: max relative diff=0.000012, 206.69 sec so far
Iteration 690: max relative diff=0.000010, 211.85 sec so far
Iteration 707: max relative diff=0.000009, 217.02 sec so far
Iteration 724: max relative diff=0.000007, 222.19 sec so far
Iteration 741: max relative diff=0.000006, 227.36 sec so far
Iteration 758: max relative diff=0.000005, 232.52 sec so far
Iteration 775: max relative diff=0.000004, 237.67 sec so far
Iteration 792: max relative diff=0.000004, 242.84 sec so far
Iteration 809: max relative diff=0.000003, 248.00 sec so far
Iteration 826: max relative diff=0.000003, 253.17 sec so far
Iteration 843: max relative diff=0.000002, 258.34 sec so far
Iteration 860: max relative diff=0.000002, 263.51 sec so far
Iteration 877: max relative diff=0.000002, 268.67 sec so far
Iteration 894: max relative diff=0.000001, 273.83 sec so far
Iteration 911: max relative diff=0.000001, 278.99 sec so far
Iteration 928: max relative diff=0.000001, 284.15 sec so far

Iterative method: 934 iterations in 285.98 seconds (average 0.306183, setup 19.51)

Value in the initial state: 0.3898250110951989

Time for model checking: 308.759 seconds.

Result: 0.3898250110951989 (value in the initial state)

Warning: CUDD reports 20687988 non-zero references.

