PRISM
=====

Version: 4.4.dev
Date: Tue Jun 19 12:19:48 IRDT 2018
Hostname: sadegh-H81M-S2PH
Memory limits: cudd=1g, java(heap)=2.1g
Command line: prism dns158.nm dns.pctl -s -gs -maxiters 90050 -epsilon 1e-6 -javamaxmem 2400m

Parsing model file "dns158.nm"...

Parsing properties file "dns.pctl"...

1 property:
(1) Pmax=? [ "pp" U "qq" ]

Type:        MDP
Modules:     m1 m2 m3 
Variables:   s1 s2 s3 

---------------------------------------------------------------------

Model checking: Pmax=? [ "pp" U "qq" ]

Building model...

Computing reachable states...

Reachability (BFS): 3 iterations in 0.00 seconds (average 0.001333, setup 0.00)

Time for model construction: 11.41 seconds.

Type:        MDP
States:      7200 (1 initial)
Transitions: 35092311
Choices:     21600

Transition matrix: 10847663 nodes (499737 terminal), 35092311 minterms, vars: 15r/15c/3nd

Prob0A: 3 iterations in 0.01 seconds (average 0.002000, setup 0.00)

Prob1E: 4 iterations in 0.00 seconds (average 0.000500, setup 0.00)

yes = 10, no = 55, maybe = 7135

Computing remaining probabilities...
Engine: Sparse

Building sparse matrix(FOR GS)... [n=7200, nc=21405, nnz=34769314, k=3] [398.0 MB]
Creating vector for yes...[56.2 KB]
Allocating iteration vectors... [2 x 56.2 KB]
TOTAL: [398.2 MB]

Starting iterations...
Iteration 86: max relative diff=0.004296, 5.02 sec so far
Iteration 172: max relative diff=0.000809, 10.04 sec so far
Iteration 258: max relative diff=0.000194, 15.06 sec so far
Iteration 344: max relative diff=0.000050, 20.08 sec so far
Iteration 430: max relative diff=0.000013, 25.11 sec so far
Iteration 516: max relative diff=0.000003, 30.13 sec so far

Iterative method: 594 iterations in 34.69 seconds (average 0.058394, setup 5.91)

Value in the initial state: 0.30479477219396794

Time for model checking: 40.796 seconds.

Result: 0.30479477219396794 (value in the initial state)

