PRISM
=====

Version: 4.4.dev
Date: Tue Jun 19 09:50:37 IRDT 2018
Hostname: sadegh-H81M-S2PH
Memory limits: cudd=1g, java(heap)=2.1g
Command line: prism dns141.nm dns.pctl -s -backwardvaliter -maxiters 90050 -epsilon 1e-6 -javamaxmem 2400m

Parsing model file "dns141.nm"...

Parsing properties file "dns.pctl"...

1 property:
(1) Pmax=? [ "pp" U "qq" ]

Type:        MDP
Modules:     m1 m2 m3 
Variables:   s1 s2 s3 

---------------------------------------------------------------------

Model checking: Pmax=? [ "pp" U "qq" ]

Building model...

Computing reachable states...

Reachability (BFS): 3 iterations in 0.03 seconds (average 0.009333, setup 0.00)

Time for model construction: 15.839 seconds.

Type:        MDP
States:      8000 (1 initial)
Transitions: 72831512
Choices:     48000

Transition matrix: 16917203 nodes (863067 terminal), 72831512 minterms, vars: 15r/15c/6nd

Prob0A: 3 iterations in 0.02 seconds (average 0.006333, setup 0.00)

Prob1E: 4 iterations in 0.01 seconds (average 0.001750, setup 0.00)

yes = 10, no = 91, maybe = 7899

Computing remaining probabilities...
Engine: Sparse

Building sparse matrix(FOR GS)... [n=8000, nc=47394, nnz=71881511, k=6] [822.8 MB]
Creating vector for yes...[62.5 KB]
Allocating iteration vectors... [2 x 62.5 KB]
TOTAL: [823.0 MB]

Starting iterations...
Iteration 39: max relative diff=0.014507, 5.06 sec so far
Iteration 81: max relative diff=0.004102, 10.14 sec so far
Iteration 123: max relative diff=0.001828, 15.22 sec so far
Iteration 165: max relative diff=0.000987, 20.30 sec so far
Iteration 207: max relative diff=0.000584, 25.39 sec so far
Iteration 249: max relative diff=0.000362, 30.47 sec so far
Iteration 291: max relative diff=0.000231, 35.56 sec so far
Iteration 333: max relative diff=0.000151, 40.65 sec so far
Iteration 375: max relative diff=0.000100, 45.73 sec so far
Iteration 417: max relative diff=0.000066, 50.81 sec so far
Iteration 459: max relative diff=0.000045, 55.90 sec so far
Iteration 501: max relative diff=0.000030, 60.98 sec so far
Iteration 543: max relative diff=0.000020, 66.06 sec so far
Iteration 585: max relative diff=0.000014, 71.15 sec so far
Iteration 627: max relative diff=0.000009, 76.23 sec so far
Iteration 669: max relative diff=0.000006, 81.32 sec so far
Iteration 711: max relative diff=0.000004, 86.40 sec so far
Iteration 753: max relative diff=0.000003, 91.49 sec so far
Iteration 795: max relative diff=0.000002, 96.57 sec so far
Iteration 837: max relative diff=0.000001, 101.66 sec so far

Iterative method: 864 iterations in 104.93 seconds (average 0.121443, setup 11.89)

Value in the initial state: 0.528483082326852

Time for model checking: 117.167 seconds.

Result: 0.528483082326852 (value in the initial state)

Warning: CUDD reports 17792236 non-zero references.

