PRISM
=====

Version: 4.4.dev
Date: Sun May 20 15:38:26 IRDT 2018
Hostname: sadegh-H81M-S2PH
Memory limits: cudd=1g, java(heap)=2.1g
Command line: prism dns57.nm dns.pctl -s -improvedmodpoliter2 -maxiters 90050 -epsilon 1e-8 -javamaxmem 2400m

Parsing model file "dns57.nm"...

Parsing properties file "dns.pctl"...

1 property:
(1) Pmax=? [ "pp" U "qq" ]

Type:        MDP
Modules:     m1 m2 m3 
Variables:   s1 s2 s3 

---------------------------------------------------------------------

Model checking: Pmax=? [ "pp" U "qq" ]

Building model...

Computing reachable states...

Reachability (BFS): 3 iterations in 0.00 seconds (average 0.000333, setup 0.00)

Time for model construction: 10.547 seconds.

Type:        MDP
States:      9200 (1 initial)
Transitions: 174999574
Choices:     27600

Transition matrix: 13233803 nodes (267061 terminal), 174999574 minterms, vars: 15r/15c/3nd

Prob0A: 2 iterations in 0.00 seconds (average 0.002000, setup 0.00)

Prob1E: 4 iterations in 0.01 seconds (average 0.001500, setup 0.00)

yes = 10, no = 55, maybe = 9135

Computing remaining probabilities...
Engine: Sparse

Building sparse matrix (FOR POLICY ITERASION)... [n=9200, nc=27405, nnz=173746306, k=3] [1.9 GB]
Creating vector for yes...[71.9 KB]
Allocating iteration vectors... [2 x 71.9 KB]
TOTAL: [1.9 GB]

Starting iterations...
Iteration 202: max relative diff=0.014808, 5.39 sec so far
Iteration 404: max relative diff=0.001919, 10.72 sec so far
Iteration 606: max relative diff=0.000360, 16.05 sec so far
Iteration 808: max relative diff=0.000068, 21.39 sec so far
Iteration 1010: max relative diff=0.000014, 26.71 sec so far
Iteration 1212: max relative diff=0.000003, 32.10 sec so far
Iteration 1414: max relative diff=0.000000, 38.09 sec so far
Iteration 1616: max relative diff=0.000000, 44.07 sec so far
Iteration 1818: max relative diff=0.000000, 50.22 sec so far

Iterative method: 1818 iterations in 50.22 seconds (average 0.027624, setup 12.11)


Number of scallar multiplications: 50991M 

Value in the initial state: 0.23436533618989172

Time for model checking: 63.77 seconds.

Result: 0.23436533618989172 (value in the initial state)

