PRISM
=====

Version: 4.4.dev
Date: Mon Jun 18 06:39:14 IRDT 2018
Hostname: sadegh-H81M-S2PH
Memory limits: cudd=1g, java(heap)=2.1g
Command line: prism dns112.nm dns.pctl -s -backwardvaliter -maxiters 90050 -epsilon 1e-6 -javamaxmem 2400m

Parsing model file "dns112.nm"...

Parsing properties file "dns.pctl"...

1 property:
(1) Pmax=? [ "pp" U "qq" ]

Type:        MDP
Modules:     m1 m2 m3 
Variables:   s1 s2 s3 

---------------------------------------------------------------------

Model checking: Pmax=? [ "pp" U "qq" ]

Building model...

Computing reachable states...

Reachability (BFS): 3 iterations in 0.01 seconds (average 0.001667, setup 0.00)

Time for model construction: 17.522 seconds.

Type:        MDP
States:      9200 (1 initial)
Transitions: 104231736
Choices:     27600

Transition matrix: 15310652 nodes (412599 terminal), 104231736 minterms, vars: 15r/15c/3nd

Prob0A: 2 iterations in 0.02 seconds (average 0.008000, setup 0.00)

Prob1E: 4 iterations in 0.01 seconds (average 0.002500, setup 0.00)

yes = 10, no = 120, maybe = 9070

Computing remaining probabilities...
Engine: Sparse

Building sparse matrix(FOR GS)... [n=9200, nc=27210, nnz=102728729, k=3] [1.1 GB]
Creating vector for yes...[71.9 KB]
Allocating iteration vectors... [2 x 71.9 KB]
TOTAL: [1.1 GB]

Starting iterations...
Iteration 24: max relative diff=0.029422, 5.09 sec so far
Iteration 54: max relative diff=0.007120, 10.24 sec so far
Iteration 84: max relative diff=0.002447, 15.39 sec so far
Iteration 114: max relative diff=0.000929, 20.54 sec so far
Iteration 144: max relative diff=0.000366, 25.69 sec so far
Iteration 174: max relative diff=0.000146, 30.84 sec so far
Iteration 204: max relative diff=0.000058, 35.98 sec so far
Iteration 234: max relative diff=0.000024, 41.13 sec so far
Iteration 264: max relative diff=0.000009, 46.28 sec so far
Iteration 294: max relative diff=0.000004, 51.43 sec so far
Iteration 324: max relative diff=0.000002, 56.58 sec so far

Iterative method: 339 iterations in 59.15 seconds (average 0.174478, setup 15.86)

Value in the initial state: 0.1513600418906998

Time for model checking: 75.617 seconds.

Result: 0.1513600418906998 (value in the initial state)

Warning: CUDD reports 16746196 non-zero references.

