PRISM
=====

Version: 4.4.dev
Date: Sun May 20 12:17:03 IRDT 2018
Hostname: sadegh-H81M-S2PH
Memory limits: cudd=1g, java(heap)=2.1g
Command line: prism dns24.nm dns.pctl -s -explicitmodpoliter -maxiters 90050 -epsilon 1e-8 -javamaxmem 2400m

Parsing model file "dns24.nm"...

Parsing properties file "dns.pctl"...

1 property:
(1) Pmax=? [ "pp" U "qq" ]

Type:        MDP
Modules:     m1 m2 m3 
Variables:   s1 s2 s3 

---------------------------------------------------------------------

Model checking: Pmax=? [ "pp" U "qq" ]

Building model...

Computing reachable states...

Reachability (BFS): 3 iterations in 0.00 seconds (average 0.000333, setup 0.00)

Time for model construction: 8.062 seconds.

Type:        MDP
States:      8400 (1 initial)
Transitions: 165412176
Choices:     25200

Transition matrix: 10319443 nodes (274533 terminal), 165412176 minterms, vars: 15r/15c/3nd

Prob0A: 2 iterations in 0.00 seconds (average 0.002000, setup 0.00)

Prob1E: 4 iterations in 0.00 seconds (average 0.000250, setup 0.00)

yes = 10, no = 78, maybe = 8312

Computing remaining probabilities...
Engine: Sparse

Building sparse matrix (FOR POLICY ITERASION)... [n=8400, nc=24936, nnz=163652036, k=3] [1.8 GB]
Creating vector for yes...[65.6 KB]
Allocating iteration vectors... [2 x 65.6 KB]
TOTAL: [1.8 GB]

Starting iterations...
Iteration 202: max relative diff=0.008322, 9.92 sec so far
Iteration 303: max relative diff=0.000912, 15.04 sec so far
Iteration 404: max relative diff=0.000103, 20.17 sec so far
Iteration 505: max relative diff=0.000004, 25.30 sec so far
Iteration 606: max relative diff=0.000001, 30.42 sec so far
Iteration 707: max relative diff=0.000000, 35.55 sec so far

Iterative method: 759 iterations in 38.28 seconds (average 0.050436, setup 10.22)

Value in the initial state: 0.18661803005351207

Time for model checking: 49.23 seconds.

Result: 0.18661803005351207 (value in the initial state)

