PRISM
=====

Version: 4.4.dev
Date: Sun May 20 18:05:25 IRDT 2018
Hostname: sadegh-H81M-S2PH
Memory limits: cudd=1g, java(heap)=2.1g
Command line: prism dns71.nm dns.pctl -s -modpoliter -maxiters 90050 -epsilon 1e-8 -javamaxmem 2400m

Parsing model file "dns71.nm"...

Parsing properties file "dns.pctl"...

1 property:
(1) Pmax=? [ "pp" U "qq" ]

Type:        MDP
Modules:     m1 m2 m3 
Variables:   s1 s2 s3 

---------------------------------------------------------------------

Model checking: Pmax=? [ "pp" U "qq" ]

Building model...

Computing reachable states...

Reachability (BFS): 3 iterations in 0.00 seconds (average 0.001333, setup 0.00)

Time for model construction: 10.649 seconds.

Type:        MDP
States:      9600 (1 initial)
Transitions: 163804640
Choices:     28800

Transition matrix: 13539008 nodes (267916 terminal), 163804640 minterms, vars: 15r/15c/3nd

Prob0A: 2 iterations in 0.00 seconds (average 0.001500, setup 0.00)

Prob1E: 4 iterations in 0.00 seconds (average 0.000750, setup 0.00)

yes = 10, no = 45, maybe = 9545

Computing remaining probabilities...
Engine: Sparse

Building sparse matrix (FOR POLICY ITERASION)... [n=9600, nc=28635, nnz=162857814, k=3] [1.8 GB]
Creating vector for yes...[75.0 KB]
Allocating iteration vectors... [2 x 75.0 KB]
TOTAL: [1.8 GB]

Starting iterations...
Iteration 101: max relative diff=0.098348, 5.91 sec so far
Iteration 202: max relative diff=0.008073, 11.81 sec so far
Iteration 303: max relative diff=0.002016, 17.67 sec so far
Iteration 404: max relative diff=0.000604, 23.49 sec so far
Iteration 505: max relative diff=0.000166, 29.32 sec so far
Iteration 606: max relative diff=0.000046, 35.15 sec so far
Iteration 707: max relative diff=0.000011, 40.98 sec so far
Iteration 808: max relative diff=0.000001, 46.81 sec so far
Iteration 909: max relative diff=0.000000, 52.63 sec so far
Iteration 1010: max relative diff=0.000000, 58.46 sec so far
Iteration 1111: max relative diff=0.000000, 64.29 sec so far
Iteration 1211: max relative diff=0.000000, 70.05 sec so far

Iterative method: 1211 iterations in 70.05 seconds (average 0.057848, setup 10.83)

Value in the initial state: 0.29761883009664336

Time for model checking: 81.336 seconds.

Result: 0.29761883009664336 (value in the initial state)

