PRISM
=====

Version: 4.4.dev
Date: Sun Jun 17 14:43:34 IRDT 2018
Hostname: sadegh-H81M-S2PH
Memory limits: cudd=1g, java(heap)=2.1g
Command line: prism dns57.nm dns.pctl -s -gs -maxiters 90050 -epsilon 1e-6 -javamaxmem 2400m

Parsing model file "dns57.nm"...

Parsing properties file "dns.pctl"...

1 property:
(1) Pmax=? [ "pp" U "qq" ]

Type:        MDP
Modules:     m1 m2 m3 
Variables:   s1 s2 s3 

---------------------------------------------------------------------

Model checking: Pmax=? [ "pp" U "qq" ]

Building model...

Computing reachable states...

Reachability (BFS): 3 iterations in 0.00 seconds (average 0.000667, setup 0.00)

Time for model construction: 15.417 seconds.

Type:        MDP
States:      9200 (1 initial)
Transitions: 174999574
Choices:     27600

Transition matrix: 13233803 nodes (267061 terminal), 174999574 minterms, vars: 15r/15c/3nd

Prob0A: 2 iterations in 0.00 seconds (average 0.002000, setup 0.00)

Prob1E: 4 iterations in 0.00 seconds (average 0.000500, setup 0.00)

yes = 10, no = 55, maybe = 9135

Computing remaining probabilities...
Engine: Sparse

Building sparse matrix(FOR GS)... [n=9200, nc=27405, nnz=173746306, k=3] [1.9 GB]
Creating vector for yes...[71.9 KB]
Allocating iteration vectors... [2 x 71.9 KB]
TOTAL: [1.9 GB]

Starting iterations...
Iteration 18: max relative diff=0.050892, 5.20 sec so far
Iteration 36: max relative diff=0.021084, 10.40 sec so far
Iteration 54: max relative diff=0.011901, 15.61 sec so far
Iteration 72: max relative diff=0.007603, 20.81 sec so far
Iteration 90: max relative diff=0.005192, 26.01 sec so far
Iteration 108: max relative diff=0.003698, 31.21 sec so far
Iteration 126: max relative diff=0.002709, 36.41 sec so far
Iteration 144: max relative diff=0.002024, 41.62 sec so far
Iteration 162: max relative diff=0.001532, 46.81 sec so far
Iteration 180: max relative diff=0.001172, 52.01 sec so far
Iteration 198: max relative diff=0.000904, 57.22 sec so far
Iteration 216: max relative diff=0.000701, 62.42 sec so far
Iteration 234: max relative diff=0.000546, 67.62 sec so far
Iteration 252: max relative diff=0.000427, 72.82 sec so far
Iteration 270: max relative diff=0.000334, 78.02 sec so far
Iteration 288: max relative diff=0.000263, 83.22 sec so far
Iteration 306: max relative diff=0.000207, 88.42 sec so far
Iteration 324: max relative diff=0.000163, 93.62 sec so far
Iteration 342: max relative diff=0.000129, 98.82 sec so far
Iteration 360: max relative diff=0.000102, 104.02 sec so far
Iteration 378: max relative diff=0.000080, 109.23 sec so far
Iteration 396: max relative diff=0.000063, 114.43 sec so far
Iteration 414: max relative diff=0.000050, 119.62 sec so far
Iteration 432: max relative diff=0.000040, 124.82 sec so far
Iteration 450: max relative diff=0.000031, 130.02 sec so far
Iteration 468: max relative diff=0.000025, 135.22 sec so far
Iteration 486: max relative diff=0.000020, 140.42 sec so far
Iteration 504: max relative diff=0.000016, 145.62 sec so far
Iteration 522: max relative diff=0.000012, 150.83 sec so far
Iteration 540: max relative diff=0.000010, 156.04 sec so far
Iteration 558: max relative diff=0.000008, 161.23 sec so far
Iteration 576: max relative diff=0.000006, 166.43 sec so far
Iteration 594: max relative diff=0.000005, 171.63 sec so far
Iteration 612: max relative diff=0.000004, 176.83 sec so far
Iteration 630: max relative diff=0.000003, 182.03 sec so far
Iteration 648: max relative diff=0.000002, 187.23 sec so far
Iteration 666: max relative diff=0.000002, 192.43 sec so far
Iteration 684: max relative diff=0.000002, 197.63 sec so far
Iteration 702: max relative diff=0.000001, 202.84 sec so far

Iterative method: 716 iterations in 206.88 seconds (average 0.288934, setup 18.24)

Value in the initial state: 0.23434810032444883

Time for model checking: 226.065 seconds.

Result: 0.23434810032444883 (value in the initial state)

