PRISM
=====

Version: 4.4.dev
Date: Mon Jun 18 04:20:40 IRDT 2018
Hostname: sadegh-H81M-S2PH
Memory limits: cudd=1g, java(heap)=2.1g
Command line: prism dns103.nm dns.pctl -s -bucketvaliter2 -maxiters 90050 -javamaxmem 2400m

Parsing model file "dns103.nm"...

Parsing properties file "dns.pctl"...

1 property:
(1) Pmax=? [ "pp" U "qq" ]

Type:        MDP
Modules:     m1 m2 m3 
Variables:   s1 s2 s3 

---------------------------------------------------------------------

Model checking: Pmax=? [ "pp" U "qq" ]

Building model...

Computing reachable states...

Reachability (BFS): 3 iterations in 0.00 seconds (average 0.000333, setup 0.00)

Time for model construction: 12.88 seconds.

Type:        MDP
States:      9600 (1 initial)
Transitions: 113799584
Choices:     28800

Transition matrix: 13308848 nodes (477257 terminal), 113799584 minterms, vars: 15r/15c/3nd

Prob0A: 3 iterations in 0.01 seconds (average 0.002000, setup 0.00)

Prob1E: 4 iterations in 0.00 seconds (average 0.000750, setup 0.00)

yes = 10, no = 55, maybe = 9535

Computing remaining probabilities...
Engine: Sparse

Building sparse matrix(FOR GS)... [n=9600, nc=28605, nnz=113040852, k=3] [1.3 GB]
Creating vector for yes...[75.0 KB]
Allocating iteration vectors... [2 x 75.0 KB]
TOTAL: [1.3 GB]

Starting iterations...

Iterative method: 7646593 iterations in 987.66 seconds (average 0.000129, setup 11.80)

Value in the initial state: 0.3972919843640919

Time for model checking: 1013.828 seconds.

Result: 0.3972919843640919 (value in the initial state)

