PRISM
=====

Version: 4.4.dev
Date: Sun Jun 17 23:05:42 IRDT 2018
Hostname: sadegh-H81M-S2PH
Memory limits: cudd=1g, java(heap)=2.1g
Command line: prism dns84.nm dns.pctl -s -bucketvaliter2 -maxiters 90050 -javamaxmem 2400m

Parsing model file "dns84.nm"...

Parsing properties file "dns.pctl"...

1 property:
(1) Pmax=? [ "pp" U "qq" ]

Type:        MDP
Modules:     m1 m2 m3 
Variables:   s1 s2 s3 

---------------------------------------------------------------------

Model checking: Pmax=? [ "pp" U "qq" ]

Building model...

Computing reachable states...

Reachability (BFS): 3 iterations in 0.01 seconds (average 0.001667, setup 0.00)

Time for model construction: 17.422 seconds.

Type:        MDP
States:      10400 (1 initial)
Transitions: 155426131
Choices:     31200

Transition matrix: 17097767 nodes (330486 terminal), 155426131 minterms, vars: 15r/15c/3nd

Prob0A: 2 iterations in 0.01 seconds (average 0.004000, setup 0.00)

Prob1E: 4 iterations in 0.01 seconds (average 0.001500, setup 0.00)

yes = 10, no = 28, maybe = 10362

Computing remaining probabilities...
Engine: Sparse

Building sparse matrix(FOR GS)... [n=10400, nc=31086, nnz=154881310, k=3] [1.7 GB]
Creating vector for yes...[81.2 KB]
Allocating iteration vectors... [2 x 81.2 KB]
TOTAL: [1.7 GB]

Starting iterations...
Iterative method did not converge within after 1000 seconds.
Iterative method: 6096323 iterations in 1000.00 seconds (average 0.000164, setup 17.26)

Error: Iterative method did not converge within 6096323 iterations.
Consider using a different numerical method or increasing the maximum number of iterations.

