PRISM
=====

Version: 4.4.dev
Date: Sun May 20 22:47:48 IRDT 2018
Hostname: sadegh-H81M-S2PH
Memory limits: cudd=1g, java(heap)=2.1g
Command line: prism dns114.nm dns.pctl -s -modpoliter -maxiters 90050 -epsilon 1e-8 -javamaxmem 2400m

Parsing model file "dns114.nm"...

Parsing properties file "dns.pctl"...

1 property:
(1) Pmax=? [ "pp" U "qq" ]

Type:        MDP
Modules:     m1 m2 m3 
Variables:   s1 s2 s3 

---------------------------------------------------------------------

Model checking: Pmax=? [ "pp" U "qq" ]

Building model...

Computing reachable states...

Reachability (BFS): 3 iterations in 0.00 seconds (average 0.001000, setup 0.00)

Time for model construction: 15.246 seconds.

Type:        MDP
States:      10000 (1 initial)
Transitions: 123910600
Choices:     30000

Transition matrix: 17618754 nodes (296745 terminal), 123910600 minterms, vars: 15r/15c/3nd

Prob0A: 2 iterations in 0.00 seconds (average 0.001500, setup 0.00)

Prob1E: 4 iterations in 0.00 seconds (average 0.000250, setup 0.00)

yes = 10, no = 21, maybe = 9969

Computing remaining probabilities...
Engine: Sparse

Building sparse matrix (FOR POLICY ITERASION)... [n=10000, nc=29907, nnz=123534742, k=3] [1.4 GB]
Creating vector for yes...[78.1 KB]
Allocating iteration vectors... [2 x 78.1 KB]
TOTAL: [1.4 GB]

Starting iterations...
Iteration 202: max relative diff=0.010111, 8.78 sec so far
Iteration 404: max relative diff=0.002218, 17.50 sec so far
Iteration 606: max relative diff=0.000481, 26.23 sec so far
Iteration 808: max relative diff=0.000142, 34.98 sec so far
Iteration 1010: max relative diff=0.000031, 43.74 sec so far
Iteration 1212: max relative diff=0.000010, 52.49 sec so far
Iteration 1414: max relative diff=0.000003, 61.26 sec so far
Iteration 1616: max relative diff=0.000001, 70.01 sec so far
Iteration 1818: max relative diff=0.000000, 78.78 sec so far
Iteration 2020: max relative diff=0.000000, 87.55 sec so far
Iteration 2222: max relative diff=0.000000, 96.32 sec so far
Iteration 2369: max relative diff=0.000000, 102.72 sec so far

Iterative method: 2369 iterations in 102.72 seconds (average 0.043360, setup 10.87)

Value in the initial state: 0.4288585739333084

Time for model checking: 113.936 seconds.

Result: 0.4288585739333084 (value in the initial state)

