PRISM
=====

Version: 4.4.dev
Date: Sun May 20 16:30:00 IRDT 2018
Hostname: sadegh-H81M-S2PH
Memory limits: cudd=1g, java(heap)=2.1g
Command line: prism dns68.nm dns.pctl -s -improvedmodpoliter2 -maxiters 90050 -epsilon 1e-8 -javamaxmem 2400m

Parsing model file "dns68.nm"...

Parsing properties file "dns.pctl"...

1 property:
(1) Pmax=? [ "pp" U "qq" ]

Type:        MDP
Modules:     m1 m2 m3 
Variables:   s1 s2 s3 

---------------------------------------------------------------------

Model checking: Pmax=? [ "pp" U "qq" ]

Building model...

Computing reachable states...

Reachability (BFS): 3 iterations in 0.00 seconds (average 0.000667, setup 0.00)

Time for model construction: 8.198 seconds.

Type:        MDP
States:      8000 (1 initial)
Transitions: 117956055
Choices:     24000

Transition matrix: 10933106 nodes (451220 terminal), 117956055 minterms, vars: 15r/15c/3nd

Prob0A: 2 iterations in 0.00 seconds (average 0.002000, setup 0.00)

Prob1E: 4 iterations in 0.00 seconds (average 0.000000, setup 0.00)

yes = 10, no = 10, maybe = 7980

Computing remaining probabilities...
Engine: Sparse

Building sparse matrix (FOR POLICY ITERASION)... [n=8000, nc=23940, nnz=117639560, k=3] [1.3 GB]
Creating vector for yes...[62.5 KB]
Allocating iteration vectors... [2 x 62.5 KB]
TOTAL: [1.3 GB]

Starting iterations...
Iteration 404: max relative diff=0.004802, 6.07 sec so far
Iteration 808: max relative diff=0.001100, 12.14 sec so far
Iteration 1212: max relative diff=0.000335, 18.22 sec so far
Iteration 1616: max relative diff=0.000136, 24.29 sec so far
Iteration 2020: max relative diff=0.000080, 30.33 sec so far
Iteration 2424: max relative diff=0.000027, 36.38 sec so far
Iteration 2828: max relative diff=0.000012, 42.43 sec so far
Iteration 3232: max relative diff=0.000006, 48.48 sec so far
Iteration 3636: max relative diff=0.000002, 54.82 sec so far
Iteration 4040: max relative diff=0.000001, 61.46 sec so far
Iteration 4343: max relative diff=0.000001, 66.69 sec so far
Iteration 4646: max relative diff=0.000000, 71.83 sec so far
Iteration 4949: max relative diff=0.000000, 76.89 sec so far
Iteration 5353: max relative diff=0.000000, 83.50 sec so far
Iteration 5656: max relative diff=0.000000, 88.75 sec so far
Iteration 5959: max relative diff=0.000000, 93.79 sec so far

Iterative method: 6142 iterations in 97.07 seconds (average 0.015805, setup 6.88)


Number of scallar multiplications: 95951M 

Value in the initial state: 0.6790527676640808

Time for model checking: 105.282 seconds.

Result: 0.6790527676640808 (value in the initial state)

