PRISM
=====

Version: 4.4.dev
Date: Mon May 21 03:25:21 IRDT 2018
Hostname: sadegh-H81M-S2PH
Memory limits: cudd=1g, java(heap)=2.1g
Command line: prism dns183.nm dns.pctl -s -improvedmodpoliter2 -maxiters 90050 -epsilon 1e-8 -javamaxmem 2400m

Parsing model file "dns183.nm"...

Parsing properties file "dns.pctl"...

1 property:
(1) Pmax=? [ "pp" U "qq" ]

Type:        MDP
Modules:     m1 m2 m3 
Variables:   s1 s2 s3 

---------------------------------------------------------------------

Model checking: Pmax=? [ "pp" U "qq" ]

Building model...

Computing reachable states...

Reachability (BFS): 3 iterations in 0.01 seconds (average 0.002667, setup 0.00)

Time for model construction: 16.105 seconds.

Type:        MDP
States:      9600 (1 initial)
Transitions: 30720717
Choices:     48000

Transition matrix: 19199376 nodes (754836 terminal), 30720717 minterms, vars: 15r/15c/5nd

Prob0A: 3 iterations in 0.01 seconds (average 0.002000, setup 0.00)

Prob1E: 4 iterations in 0.00 seconds (average 0.000750, setup 0.00)

yes = 10, no = 91, maybe = 9499

Computing remaining probabilities...
Engine: Sparse

Building sparse matrix (FOR POLICY ITERASION)... [n=9600, nc=47495, nnz=30390280, k=5] [348.0 MB]
Creating vector for yes...[75.0 KB]
Allocating iteration vectors... [2 x 75.0 KB]
TOTAL: [348.2 MB]

Starting iterations...
Iteration 1919: max relative diff=0.000000, 5.05 sec so far

Iterative method: 2560 iterations in 6.86 seconds (average 0.002679, setup 5.49)


Number of scallar multiplications: 6554M 

Value in the initial state: 0.48795426390202806

Time for model checking: 12.495 seconds.

Result: 0.48795426390202806 (value in the initial state)

