PRISM
=====

Version: 4.4.dev
Date: Sat Jun 16 18:39:21 IRDT 2018
Hostname: sadegh-H81M-S2PH
Memory limits: cudd=1g, java(heap)=2.1g
Command line: prism dns17.nm dns.pctl -s -backwardvaliter -maxiters 90050 -epsilon 1e-6 -javamaxmem 2400m

Parsing model file "dns17.nm"...

Parsing properties file "dns.pctl"...

1 property:
(1) Pmax=? [ "pp" U "qq" ]

Type:        MDP
Modules:     m1 m2 m3 
Variables:   s1 s2 s3 

---------------------------------------------------------------------

Model checking: Pmax=? [ "pp" U "qq" ]

Building model...

Computing reachable states...

Reachability (BFS): 2 iterations in 0.00 seconds (average 0.000000, setup 0.00)

Time for model construction: 7.045 seconds.

Type:        MDP
States:      4800 (1 initial)
Transitions: 133462529
Choices:     28800

Transition matrix: 6953775 nodes (676434 terminal), 133462529 minterms, vars: 14r/14c/6nd

Prob0A: 2 iterations in 0.01 seconds (average 0.002500, setup 0.00)

Prob1E: 4 iterations in 0.00 seconds (average 0.000250, setup 0.00)

yes = 10, no = 10, maybe = 4780

Computing remaining probabilities...
Engine: Sparse

Building sparse matrix(FOR GS)... [n=4800, nc=28680, nnz=132903158, k=6] [1.5 GB]
Creating vector for yes...[37.5 KB]
Allocating iteration vectors... [2 x 37.5 KB]
TOTAL: [1.5 GB]

Starting iterations...
Iteration 19: max relative diff=0.044478, 5.20 sec so far
Iteration 42: max relative diff=0.014171, 10.28 sec so far
Iteration 65: max relative diff=0.006714, 15.36 sec so far
Iteration 88: max relative diff=0.003748, 20.44 sec so far
Iteration 111: max relative diff=0.002322, 25.52 sec so far
Iteration 134: max relative diff=0.001538, 30.61 sec so far
Iteration 157: max relative diff=0.001073, 35.68 sec so far
Iteration 180: max relative diff=0.000781, 40.76 sec so far
Iteration 203: max relative diff=0.000585, 45.84 sec so far
Iteration 226: max relative diff=0.000449, 50.91 sec so far
Iteration 249: max relative diff=0.000350, 56.00 sec so far
Iteration 272: max relative diff=0.000277, 61.08 sec so far
Iteration 295: max relative diff=0.000221, 66.17 sec so far
Iteration 318: max relative diff=0.000178, 71.25 sec so far
Iteration 341: max relative diff=0.000144, 76.33 sec so far
Iteration 364: max relative diff=0.000117, 81.41 sec so far
Iteration 387: max relative diff=0.000095, 86.49 sec so far
Iteration 410: max relative diff=0.000078, 91.57 sec so far
Iteration 433: max relative diff=0.000064, 96.65 sec so far
Iteration 456: max relative diff=0.000053, 101.72 sec so far
Iteration 479: max relative diff=0.000043, 106.80 sec so far
Iteration 502: max relative diff=0.000036, 111.90 sec so far
Iteration 525: max relative diff=0.000030, 116.98 sec so far
Iteration 548: max relative diff=0.000025, 122.05 sec so far
Iteration 571: max relative diff=0.000020, 127.13 sec so far
Iteration 594: max relative diff=0.000017, 132.22 sec so far
Iteration 617: max relative diff=0.000014, 137.30 sec so far
Iteration 640: max relative diff=0.000012, 142.38 sec so far
Iteration 663: max relative diff=0.000010, 147.46 sec so far
Iteration 686: max relative diff=0.000008, 152.54 sec so far
Iteration 709: max relative diff=0.000007, 157.62 sec so far
Iteration 732: max relative diff=0.000005, 162.71 sec so far
Iteration 755: max relative diff=0.000005, 167.79 sec so far
Iteration 778: max relative diff=0.000004, 172.87 sec so far
Iteration 801: max relative diff=0.000003, 177.95 sec so far
Iteration 824: max relative diff=0.000003, 183.03 sec so far
Iteration 847: max relative diff=0.000002, 188.12 sec so far
Iteration 870: max relative diff=0.000002, 193.20 sec so far
Iteration 893: max relative diff=0.000001, 198.28 sec so far
Iteration 916: max relative diff=0.000001, 203.37 sec so far
Iteration 939: max relative diff=0.000001, 208.45 sec so far

Iterative method: 943 iterations in 209.33 seconds (average 0.221985, setup 10.48)

Value in the initial state: 0.6932863169716563

Time for model checking: 220.385 seconds.

Result: 0.6932863169716563 (value in the initial state)

Warning: CUDD reports 7132939 non-zero references.

