PRISM
=====

Version: 4.4.dev
Date: Sun Jun 17 21:13:41 IRDT 2018
Hostname: sadegh-H81M-S2PH
Memory limits: cudd=1g, java(heap)=2.1g
Command line: prism dns78.nm dns.pctl -s -bucketvaliter2 -maxiters 90050 -javamaxmem 2400m

Parsing model file "dns78.nm"...

Parsing properties file "dns.pctl"...

1 property:
(1) Pmax=? [ "pp" U "qq" ]

Type:        MDP
Modules:     m1 m2 m3 
Variables:   s1 s2 s3 

---------------------------------------------------------------------

Model checking: Pmax=? [ "pp" U "qq" ]

Building model...

Computing reachable states...

Reachability (BFS): 2 iterations in 0.01 seconds (average 0.002500, setup 0.00)

Time for model construction: 19.763 seconds.

Type:        MDP
States:      7200 (1 initial)
Transitions: 186088852
Choices:     43200

Transition matrix: 18120310 nodes (430126 terminal), 186088852 minterms, vars: 15r/15c/6nd

Prob0A: 2 iterations in 0.01 seconds (average 0.002500, setup 0.00)

Prob1E: 4 iterations in 0.00 seconds (average 0.000750, setup 0.00)

yes = 10, no = 10, maybe = 7180

Computing remaining probabilities...
Engine: Sparse

Building sparse matrix(FOR GS)... [n=7200, nc=43080, nnz=185579651, k=6] [2.1 GB]
Creating vector for yes...[56.2 KB]
Allocating iteration vectors... [2 x 56.2 KB]
TOTAL: [2.1 GB]

Starting iterations...
Iterative method did not converge within after 1000 seconds.
Iterative method: 1765081 iterations in 1000.00 seconds (average 0.000567, setup 19.60)

Error: Iterative method did not converge within 1765081 iterations.
Consider using a different numerical method or increasing the maximum number of iterations.

