PRISM
=====

Version: 4.4.dev
Date: Tue Jun 19 19:03:40 IRDT 2018
Hostname: sadegh-H81M-S2PH
Memory limits: cudd=1g, java(heap)=2.1g
Command line: prism dns197.nm dns.pctl -s -gs -maxiters 90050 -epsilon 1e-6 -javamaxmem 2400m

Parsing model file "dns197.nm"...

Parsing properties file "dns.pctl"...

1 property:
(1) Pmax=? [ "pp" U "qq" ]

Type:        MDP
Modules:     m1 m2 m3 
Variables:   s1 s2 s3 

---------------------------------------------------------------------

Model checking: Pmax=? [ "pp" U "qq" ]

Building model...

Computing reachable states...

Reachability (BFS): 4 iterations in 0.01 seconds (average 0.002250, setup 0.00)

Time for model construction: 11.929 seconds.

Type:        MDP
States:      12000 (1 initial)
Transitions: 14514574
Choices:     60000

Transition matrix: 13544753 nodes (564808 terminal), 14514574 minterms, vars: 15r/15c/5nd

Prob0A: 3 iterations in 0.01 seconds (average 0.004667, setup 0.00)

Prob1E: 4 iterations in 0.00 seconds (average 0.001000, setup 0.00)

yes = 10, no = 105, maybe = 11885

Computing remaining probabilities...
Engine: Sparse

Building sparse matrix(FOR GS)... [n=12000, nc=59425, nnz=14378584, k=5] [164.8 MB]
Creating vector for yes...[93.8 KB]
Allocating iteration vectors... [2 x 93.8 KB]
TOTAL: [165.1 MB]

Starting iterations...
Iteration 202: max relative diff=0.001319, 5.01 sec so far
Iteration 404: max relative diff=0.000386, 10.02 sec so far
Iteration 606: max relative diff=0.000175, 15.04 sec so far
Iteration 808: max relative diff=0.000095, 20.05 sec so far
Iteration 1010: max relative diff=0.000056, 25.06 sec so far
Iteration 1212: max relative diff=0.000035, 30.08 sec so far
Iteration 1414: max relative diff=0.000022, 35.09 sec so far
Iteration 1616: max relative diff=0.000014, 40.11 sec so far
Iteration 1818: max relative diff=0.000009, 45.13 sec so far
Iteration 2020: max relative diff=0.000006, 50.14 sec so far
Iteration 2222: max relative diff=0.000004, 55.15 sec so far
Iteration 2424: max relative diff=0.000003, 60.17 sec so far
Iteration 2626: max relative diff=0.000002, 65.19 sec so far
Iteration 2828: max relative diff=0.000001, 70.19 sec so far

Iterative method: 2947 iterations in 73.15 seconds (average 0.024822, setup 4.46)

Value in the initial state: 0.7172887769603358

Time for model checking: 77.727 seconds.

Result: 0.7172887769603358 (value in the initial state)

