PRISM
=====

Version: 4.4.dev
Date: Sat Jun 16 18:16:54 IRDT 2018
Hostname: sadegh-H81M-S2PH
Memory limits: cudd=1g, java(heap)=2.1g
Command line: prism dns16.nm dns.pctl -s -backwardvaliter -maxiters 90050 -epsilon 1e-6 -javamaxmem 2400m

Parsing model file "dns16.nm"...

Parsing properties file "dns.pctl"...

1 property:
(1) Pmax=? [ "pp" U "qq" ]

Type:        MDP
Modules:     m1 m2 m3 
Variables:   s1 s2 s3 

---------------------------------------------------------------------

Model checking: Pmax=? [ "pp" U "qq" ]

Building model...

Computing reachable states...

Reachability (BFS): 2 iterations in 0.00 seconds (average 0.000000, setup 0.00)

Time for model construction: 13.518 seconds.

Type:        MDP
States:      6800 (1 initial)
Transitions: 222926294
Choices:     34000

Transition matrix: 10149223 nodes (310612 terminal), 222926294 minterms, vars: 15r/15c/5nd

Prob0A: 2 iterations in 0.00 seconds (average 0.002000, setup 0.00)

Prob1E: 4 iterations in 0.00 seconds (average 0.000500, setup 0.00)

yes = 10, no = 78, maybe = 6712

Computing remaining probabilities...
Engine: Sparse

Building sparse matrix(FOR GS)... [n=6800, nc=33560, nnz=220040891, k=5] [2.5 GB]
Creating vector for yes...[53.1 KB]
Allocating iteration vectors... [2 x 53.1 KB]
TOTAL: [2.5 GB]

Starting iterations...
Iteration 6: max relative diff=0.188867, 5.03 sec so far
Iteration 20: max relative diff=0.038514, 10.18 sec so far
Iteration 34: max relative diff=0.017085, 15.29 sec so far
Iteration 48: max relative diff=0.009226, 20.39 sec so far
Iteration 62: max relative diff=0.005461, 25.50 sec so far
Iteration 76: max relative diff=0.003379, 30.62 sec so far
Iteration 90: max relative diff=0.002153, 35.73 sec so far
Iteration 104: max relative diff=0.001397, 40.85 sec so far
Iteration 118: max relative diff=0.000917, 45.96 sec so far
Iteration 132: max relative diff=0.000607, 51.08 sec so far
Iteration 146: max relative diff=0.000404, 56.19 sec so far
Iteration 160: max relative diff=0.000269, 61.30 sec so far
Iteration 174: max relative diff=0.000180, 66.42 sec so far
Iteration 188: max relative diff=0.000121, 71.53 sec so far
Iteration 202: max relative diff=0.000081, 76.65 sec so far
Iteration 216: max relative diff=0.000054, 81.77 sec so far
Iteration 230: max relative diff=0.000036, 86.88 sec so far
Iteration 244: max relative diff=0.000024, 92.00 sec so far
Iteration 258: max relative diff=0.000016, 97.10 sec so far
Iteration 272: max relative diff=0.000011, 102.21 sec so far
Iteration 286: max relative diff=0.000007, 107.32 sec so far
Iteration 300: max relative diff=0.000005, 112.43 sec so far
Iteration 314: max relative diff=0.000003, 117.55 sec so far
Iteration 328: max relative diff=0.000002, 122.65 sec so far
Iteration 342: max relative diff=0.000002, 127.76 sec so far
Iteration 356: max relative diff=0.000001, 132.87 sec so far

Iterative method: 357 iterations in 133.24 seconds (average 0.373213, setup 22.43)

Value in the initial state: 0.20984371518942424

Time for model checking: 156.944 seconds.

Result: 0.20984371518942424 (value in the initial state)

Warning: CUDD reports 12217042 non-zero references.

