PRISM
=====

Version: 4.4.dev
Date: Tue Jun 19 18:42:11 IRDT 2018
Hostname: sadegh-H81M-S2PH
Memory limits: cudd=1g, java(heap)=2.1g
Command line: prism dns194.nm dns.pctl -s -gs -maxiters 90050 -epsilon 1e-6 -javamaxmem 2400m

Parsing model file "dns194.nm"...

Parsing properties file "dns.pctl"...

1 property:
(1) Pmax=? [ "pp" U "qq" ]

Type:        MDP
Modules:     m1 m2 m3 
Variables:   s1 s2 s3 

---------------------------------------------------------------------

Model checking: Pmax=? [ "pp" U "qq" ]

Building model...

Computing reachable states...

Reachability (BFS): 5 iterations in 0.02 seconds (average 0.004000, setup 0.00)

Time for model construction: 5.157 seconds.

Type:        MDP
States:      12500 (1 initial)
Transitions: 5946883
Choices:     62500

Transition matrix: 6465088 nodes (851568 terminal), 5946883 minterms, vars: 15r/15c/5nd

Prob0A: 3 iterations in 0.02 seconds (average 0.005333, setup 0.00)

Prob1E: 30 iterations in 0.07 seconds (average 0.002233, setup 0.00)

yes = 11631, no = 120, maybe = 749

Computing remaining probabilities...
Engine: Sparse

Building sparse matrix(FOR GS)... [n=12500, nc=3745, nnz=363234, k=5] [4.2 MB]
Creating vector for yes...[97.7 KB]
Allocating iteration vectors... [2 x 97.7 KB]
TOTAL: [4.5 MB]

Starting iterations...

Iterative method: 5 iterations in 0.00 seconds (average 0.000800, setup 0.13)

Value in the initial state: 1.0

Time for model checking: 0.226 seconds.

Result: 1.0 (value in the initial state)

