PRISM
=====

Version: 4.4.dev
Date: Sun May 20 23:07:54 IRDT 2018
Hostname: sadegh-H81M-S2PH
Memory limits: cudd=1g, java(heap)=2.1g
Command line: prism dns118.nm dns.pctl -s -improvedmodpoliter2 -maxiters 90050 -epsilon 1e-8 -javamaxmem 2400m

Parsing model file "dns118.nm"...

Parsing properties file "dns.pctl"...

1 property:
(1) Pmax=? [ "pp" U "qq" ]

Type:        MDP
Modules:     m1 m2 m3 
Variables:   s1 s2 s3 

---------------------------------------------------------------------

Model checking: Pmax=? [ "pp" U "qq" ]

Building model...

Computing reachable states...

Reachability (BFS): 3 iterations in 0.00 seconds (average 0.000333, setup 0.00)

Time for model construction: 8.368 seconds.

Type:        MDP
States:      8400 (1 initial)
Transitions: 56476140
Choices:     16800

Transition matrix: 9459588 nodes (360188 terminal), 56476140 minterms, vars: 15r/15c/2nd

Prob0A: 3 iterations in 0.01 seconds (average 0.001667, setup 0.00)

Prob1E: 4 iterations in 0.00 seconds (average 0.000500, setup 0.00)

yes = 10, no = 120, maybe = 8270

Computing remaining probabilities...
Engine: Sparse

Building sparse matrix (FOR POLICY ITERASION)... [n=8400, nc=16540, nnz=55584442, k=2] [636.2 MB]
Creating vector for yes...[65.6 KB]
Allocating iteration vectors... [2 x 65.6 KB]
TOTAL: [636.4 MB]

Starting iterations...
Iteration 404: max relative diff=0.000308, 5.00 sec so far
Iteration 808: max relative diff=0.000000, 10.29 sec so far

Iterative method: 909 iterations in 11.72 seconds (average 0.012897, setup 6.19)


Number of scallar multiplications: 11814M 

Value in the initial state: 0.1253452871555804

Time for model checking: 18.287 seconds.

Result: 0.1253452871555804 (value in the initial state)

