PRISM
=====

Version: 4.4.dev
Date: Mon May 21 01:05:43 IRDT 2018
Hostname: sadegh-H81M-S2PH
Memory limits: cudd=1g, java(heap)=2.1g
Command line: prism dns148.nm dns.pctl -s -improvedmodpoliter2 -maxiters 90050 -epsilon 1e-8 -javamaxmem 2400m

Parsing model file "dns148.nm"...

Parsing properties file "dns.pctl"...

1 property:
(1) Pmax=? [ "pp" U "qq" ]

Type:        MDP
Modules:     m1 m2 m3 
Variables:   s1 s2 s3 

---------------------------------------------------------------------

Model checking: Pmax=? [ "pp" U "qq" ]

Building model...

Computing reachable states...

Reachability (BFS): 3 iterations in 0.01 seconds (average 0.004000, setup 0.00)

Time for model construction: 14.682 seconds.

Type:        MDP
States:      8400 (1 initial)
Transitions: 59792239
Choices:     33600

Transition matrix: 17958262 nodes (705889 terminal), 59792239 minterms, vars: 15r/15c/4nd

Prob0A: 3 iterations in 0.01 seconds (average 0.001667, setup 0.00)

Prob1E: 4 iterations in 0.00 seconds (average 0.000500, setup 0.00)

yes = 10, no = 36, maybe = 8354

Computing remaining probabilities...
Engine: Sparse

Building sparse matrix (FOR POLICY ITERASION)... [n=8400, nc=33416, nnz=59476190, k=4] [680.8 MB]
Creating vector for yes...[65.6 KB]
Allocating iteration vectors... [2 x 65.6 KB]
TOTAL: [681.0 MB]

Starting iterations...
Iteration 1010: max relative diff=0.000282, 5.43 sec so far
Iteration 2020: max relative diff=0.000003, 10.76 sec so far
Iteration 2929: max relative diff=0.000000, 15.97 sec so far

Iterative method: 3325 iterations in 18.25 seconds (average 0.005489, setup 7.38)


Number of scallar multiplications: 17821M 

Value in the initial state: 0.6019314277828058

Time for model checking: 25.894 seconds.

Result: 0.6019314277828058 (value in the initial state)

