PRISM
=====

Version: 4.4.dev
Date: Sun May 20 15:05:45 IRDT 2018
Hostname: sadegh-H81M-S2PH
Memory limits: cudd=1g, java(heap)=2.1g
Command line: prism dns52.nm dns.pctl -s -explicitmodpoliter -maxiters 90050 -epsilon 1e-8 -javamaxmem 2400m

Parsing model file "dns52.nm"...

Parsing properties file "dns.pctl"...

1 property:
(1) Pmax=? [ "pp" U "qq" ]

Type:        MDP
Modules:     m1 m2 m3 
Variables:   s1 s2 s3 

---------------------------------------------------------------------

Model checking: Pmax=? [ "pp" U "qq" ]

Building model...

Computing reachable states...

Reachability (BFS): 3 iterations in 0.00 seconds (average 0.000333, setup 0.00)

Time for model construction: 8.073 seconds.

Type:        MDP
States:      7200 (1 initial)
Transitions: 144217611
Choices:     28800

Transition matrix: 10862359 nodes (305610 terminal), 144217611 minterms, vars: 15r/15c/4nd

Prob0A: 2 iterations in 0.00 seconds (average 0.001000, setup 0.00)

Prob1E: 4 iterations in 0.00 seconds (average 0.000250, setup 0.00)

yes = 10, no = 15, maybe = 7175

Computing remaining probabilities...
Engine: Sparse

Building sparse matrix (FOR POLICY ITERASION)... [n=7200, nc=28700, nnz=143696842, k=4] [1.6 GB]
Creating vector for yes...[56.2 KB]
Allocating iteration vectors... [2 x 56.2 KB]
TOTAL: [1.6 GB]

Starting iterations...
Iteration 202: max relative diff=0.006581, 6.80 sec so far
Iteration 404: max relative diff=0.001187, 13.56 sec so far
Iteration 606: max relative diff=0.000198, 20.29 sec so far
Iteration 808: max relative diff=0.000043, 27.00 sec so far
Iteration 1010: max relative diff=0.000009, 33.72 sec so far
Iteration 1212: max relative diff=0.000001, 40.60 sec so far
Iteration 1414: max relative diff=0.000000, 47.51 sec so far
Iteration 1616: max relative diff=0.000000, 54.43 sec so far
Iteration 1818: max relative diff=0.000000, 61.42 sec so far

Iterative method: 1931 iterations in 65.58 seconds (average 0.033961, setup 8.42)

Value in the initial state: 0.5383392261289456

Time for model checking: 74.524 seconds.

Result: 0.5383392261289456 (value in the initial state)

