PRISM
=====

Version: 4.4.dev
Date: Mon Jun 18 02:30:20 IRDT 2018
Hostname: sadegh-H81M-S2PH
Memory limits: cudd=1g, java(heap)=2.1g
Command line: prism dns96.nm dns.pctl -s -backwardvaliter -maxiters 90050 -epsilon 1e-6 -javamaxmem 2400m

Parsing model file "dns96.nm"...

Parsing properties file "dns.pctl"...

1 property:
(1) Pmax=? [ "pp" U "qq" ]

Type:        MDP
Modules:     m1 m2 m3 
Variables:   s1 s2 s3 

---------------------------------------------------------------------

Model checking: Pmax=? [ "pp" U "qq" ]

Building model...

Computing reachable states...

Reachability (BFS): 3 iterations in 0.00 seconds (average 0.000667, setup 0.00)

Time for model construction: 7.559 seconds.

Type:        MDP
States:      8000 (1 initial)
Transitions: 63521370
Choices:     16000

Transition matrix: 7334266 nodes (288292 terminal), 63521370 minterms, vars: 15r/15c/2nd

Prob0A: 3 iterations in 0.01 seconds (average 0.001667, setup 0.00)

Prob1E: 4 iterations in 0.00 seconds (average 0.000750, setup 0.00)

yes = 10, no = 55, maybe = 7935

Computing remaining probabilities...
Engine: Sparse

Building sparse matrix(FOR GS)... [n=8000, nc=15870, nnz=63000045, k=2] [721.1 MB]
Creating vector for yes...[62.5 KB]
Allocating iteration vectors... [2 x 62.5 KB]
TOTAL: [721.3 MB]

Starting iterations...
Iteration 42: max relative diff=0.015325, 5.06 sec so far
Iteration 90: max relative diff=0.003873, 10.10 sec so far
Iteration 138: max relative diff=0.001318, 15.14 sec so far
Iteration 186: max relative diff=0.000489, 20.20 sec so far
Iteration 234: max relative diff=0.000187, 25.25 sec so far
Iteration 282: max relative diff=0.000072, 30.30 sec so far
Iteration 330: max relative diff=0.000028, 35.35 sec so far
Iteration 378: max relative diff=0.000011, 40.40 sec so far
Iteration 426: max relative diff=0.000004, 45.45 sec so far
Iteration 474: max relative diff=0.000002, 50.51 sec so far

Iterative method: 501 iterations in 53.35 seconds (average 0.106483, setup 6.62)

Value in the initial state: 0.2503400832170702

Time for model checking: 60.311 seconds.

Result: 0.2503400832170702 (value in the initial state)

Warning: CUDD reports 7918761 non-zero references.

