PRISM
=====

Version: 4.4.dev
Date: Sun Jun 17 20:35:18 IRDT 2018
Hostname: sadegh-H81M-S2PH
Memory limits: cudd=1g, java(heap)=2.1g
Command line: prism dns76.nm dns.pctl -s -gs -maxiters 90050 -epsilon 1e-6 -javamaxmem 2400m

Parsing model file "dns76.nm"...

Parsing properties file "dns.pctl"...

1 property:
(1) Pmax=? [ "pp" U "qq" ]

Type:        MDP
Modules:     m1 m2 m3 
Variables:   s1 s2 s3 

---------------------------------------------------------------------

Model checking: Pmax=? [ "pp" U "qq" ]

Building model...

Computing reachable states...

Reachability (BFS): 3 iterations in 0.00 seconds (average 0.001000, setup 0.00)

Time for model construction: 8.615 seconds.

Type:        MDP
States:      6800 (1 initial)
Transitions: 82300894
Choices:     20400

Transition matrix: 7317623 nodes (247020 terminal), 82300894 minterms, vars: 15r/15c/3nd

Prob0A: 2 iterations in 0.01 seconds (average 0.002500, setup 0.00)

Prob1E: 4 iterations in 0.00 seconds (average 0.000750, setup 0.00)

yes = 10, no = 78, maybe = 6712

Computing remaining probabilities...
Engine: Sparse

Building sparse matrix(FOR GS)... [n=6800, nc=20136, nnz=81228649, k=3] [929.7 MB]
Creating vector for yes...[53.1 KB]
Allocating iteration vectors... [2 x 53.1 KB]
TOTAL: [929.8 MB]

Starting iterations...
Iteration 37: max relative diff=0.016184, 5.02 sec so far
Iteration 74: max relative diff=0.004422, 10.04 sec so far
Iteration 111: max relative diff=0.001595, 15.06 sec so far
Iteration 148: max relative diff=0.000627, 20.08 sec so far
Iteration 185: max relative diff=0.000255, 25.11 sec so far
Iteration 222: max relative diff=0.000105, 30.13 sec so far
Iteration 259: max relative diff=0.000043, 35.16 sec so far
Iteration 296: max relative diff=0.000018, 40.18 sec so far
Iteration 333: max relative diff=0.000007, 45.21 sec so far
Iteration 370: max relative diff=0.000003, 50.23 sec so far
Iteration 407: max relative diff=0.000001, 55.26 sec so far

Iterative method: 418 iterations in 56.76 seconds (average 0.135778, setup 10.36)

Value in the initial state: 0.18229940734331085

Time for model checking: 67.615 seconds.

Result: 0.18229940734331085 (value in the initial state)

