PRISM
=====

Version: 4.4.dev
Date: Sun May 20 15:48:54 IRDT 2018
Hostname: sadegh-H81M-S2PH
Memory limits: cudd=1g, java(heap)=2.1g
Command line: prism dns59.nm dns.pctl -s -explicitmodpoliter -maxiters 90050 -epsilon 1e-8 -javamaxmem 2400m

Parsing model file "dns59.nm"...

Parsing properties file "dns.pctl"...

1 property:
(1) Pmax=? [ "pp" U "qq" ]

Type:        MDP
Modules:     m1 m2 m3 
Variables:   s1 s2 s3 

---------------------------------------------------------------------

Model checking: Pmax=? [ "pp" U "qq" ]

Building model...

Computing reachable states...

Reachability (BFS): 3 iterations in 0.00 seconds (average 0.000333, setup 0.00)

Time for model construction: 7.796 seconds.

Type:        MDP
States:      8800 (1 initial)
Transitions: 162322494
Choices:     26400

Transition matrix: 10357675 nodes (211449 terminal), 162322494 minterms, vars: 15r/15c/3nd

Prob0A: 2 iterations in 0.00 seconds (average 0.001500, setup 0.00)

Prob1E: 4 iterations in 0.00 seconds (average 0.000250, setup 0.00)

yes = 10, no = 55, maybe = 8735

Computing remaining probabilities...
Engine: Sparse

Building sparse matrix (FOR POLICY ITERASION)... [n=8800, nc=26205, nnz=161112563, k=3] [1.8 GB]
Creating vector for yes...[68.8 KB]
Allocating iteration vectors... [2 x 68.8 KB]
TOTAL: [1.8 GB]

Starting iterations...
Iteration 101: max relative diff=0.058059, 5.10 sec so far
Iteration 202: max relative diff=0.010079, 10.20 sec so far
Iteration 303: max relative diff=0.001443, 15.26 sec so far
Iteration 404: max relative diff=0.000277, 20.31 sec so far
Iteration 505: max relative diff=0.000068, 25.36 sec so far
Iteration 606: max relative diff=0.000007, 30.40 sec so far
Iteration 707: max relative diff=0.000002, 35.45 sec so far
Iteration 808: max relative diff=0.000000, 40.50 sec so far
Iteration 909: max relative diff=0.000000, 45.55 sec so far

Iterative method: 992 iterations in 49.73 seconds (average 0.050131, setup 9.72)

Value in the initial state: 0.23164485021011286

Time for model checking: 60.157 seconds.

Result: 0.23164485021011286 (value in the initial state)

