PRISM
=====

Version: 4.4.dev
Date: Mon Jun 18 12:58:37 IRDT 2018
Hostname: sadegh-H81M-S2PH
Memory limits: cudd=1g, java(heap)=2.1g
Command line: prism dns138.nm dns.pctl -s -backwardvaliter -maxiters 90050 -epsilon 1e-6 -javamaxmem 2400m

Parsing model file "dns138.nm"...

Parsing properties file "dns.pctl"...

1 property:
(1) Pmax=? [ "pp" U "qq" ]

Type:        MDP
Modules:     m1 m2 m3 
Variables:   s1 s2 s3 

---------------------------------------------------------------------

Model checking: Pmax=? [ "pp" U "qq" ]

Building model...

Computing reachable states...

Reachability (BFS): 3 iterations in 0.00 seconds (average 0.000667, setup 0.00)

Time for model construction: 4.898 seconds.

Type:        MDP
States:      6400 (1 initial)
Transitions: 25937726
Choices:     12800

Transition matrix: 4982151 nodes (363742 terminal), 25937726 minterms, vars: 14r/14c/2nd

Prob0A: 3 iterations in 0.00 seconds (average 0.001000, setup 0.00)

Prob1E: 4 iterations in 0.00 seconds (average 0.000250, setup 0.00)

yes = 10, no = 28, maybe = 6362

Computing remaining probabilities...
Engine: Sparse

Building sparse matrix(FOR GS)... [n=6400, nc=12724, nnz=25776611, k=2] [295.1 MB]
Creating vector for yes...[50.0 KB]
Allocating iteration vectors... [2 x 50.0 KB]
TOTAL: [295.2 MB]

Starting iterations...
Iteration 112: max relative diff=0.004318, 5.01 sec so far
Iteration 228: max relative diff=0.001012, 10.03 sec so far
Iteration 344: max relative diff=0.000312, 15.05 sec so far
Iteration 460: max relative diff=0.000104, 20.05 sec so far
Iteration 576: max relative diff=0.000036, 25.07 sec so far
Iteration 692: max relative diff=0.000012, 30.08 sec so far
Iteration 808: max relative diff=0.000004, 35.09 sec so far
Iteration 924: max relative diff=0.000001, 40.10 sec so far

Iterative method: 965 iterations in 41.87 seconds (average 0.043388, setup 3.06)

Value in the initial state: 0.32143002337651805

Time for model checking: 45.066 seconds.

Result: 0.32143002337651805 (value in the initial state)

Warning: CUDD reports 5126597 non-zero references.

