PRISM
=====

Version: 4.4.dev
Date: Sun May 20 16:21:15 IRDT 2018
Hostname: sadegh-H81M-S2PH
Memory limits: cudd=1g, java(heap)=2.1g
Command line: prism dns67.nm dns.pctl -s -improvedmodpoliter -maxiters 90050 -epsilon 1e-8 -javamaxmem 2400m

Parsing model file "dns67.nm"...

Parsing properties file "dns.pctl"...

1 property:
(1) Pmax=? [ "pp" U "qq" ]

Type:        MDP
Modules:     m1 m2 m3 
Variables:   s1 s2 s3 

---------------------------------------------------------------------

Model checking: Pmax=? [ "pp" U "qq" ]

Building model...

Computing reachable states...

Reachability (BFS): 3 iterations in 0.00 seconds (average 0.000333, setup 0.00)

Time for model construction: 8.218 seconds.

Type:        MDP
States:      9200 (1 initial)
Transitions: 103178757
Choices:     18400

Transition matrix: 10098360 nodes (342384 terminal), 103178757 minterms, vars: 15r/15c/2nd

Prob0A: 2 iterations in 0.01 seconds (average 0.005500, setup 0.00)

Prob1E: 4 iterations in 0.01 seconds (average 0.001500, setup 0.00)

yes = 10, no = 55, maybe = 9135

Computing remaining probabilities...
Engine: Sparse

Building sparse matrix (FOR POLICY ITERASION)... [n=9200, nc=18270, nnz=102433971, k=2] [1.1 GB]
Creating vector for yes...[71.9 KB]
Allocating iteration vectors... [2 x 71.9 KB]
TOTAL: [1.1 GB]

Starting iterations...
Iteration 204: max relative diff=0.010818, 9.46 sec so far
Iteration 408: max relative diff=0.000358, 19.02 sec so far
Iteration 612: max relative diff=0.000019, 28.59 sec so far
Iteration 816: max relative diff=0.000000, 38.44 sec so far
Iteration 1020: max relative diff=0.000000, 48.28 sec so far

Iterative method: 1100 iterations in 52.24 seconds (average 0.047494, setup 6.72)

Value in the initial state: 0.2299993369235115

Time for model checking: 59.572 seconds.

Result: 0.2299993369235115 (value in the initial state)

