PRISM
=====

Version: 4.4.dev
Date: Sun May 20 13:30:59 IRDT 2018
Hostname: sadegh-H81M-S2PH
Memory limits: cudd=1g, java(heap)=2.1g
Command line: prism dns41.nm dns.pctl -s -modpoliter -maxiters 90050 -epsilon 1e-8 -javamaxmem 2400m

Parsing model file "dns41.nm"...

Parsing properties file "dns.pctl"...

1 property:
(1) Pmax=? [ "pp" U "qq" ]

Type:        MDP
Modules:     m1 m2 m3 
Variables:   s1 s2 s3 

---------------------------------------------------------------------

Model checking: Pmax=? [ "pp" U "qq" ]

Building model...

Computing reachable states...

Reachability (BFS): 3 iterations in 0.00 seconds (average 0.000333, setup 0.00)

Time for model construction: 4.288 seconds.

Type:        MDP
States:      7200 (1 initial)
Transitions: 73773846
Choices:     14400

Transition matrix: 5806017 nodes (383400 terminal), 73773846 minterms, vars: 15r/15c/2nd

Prob0A: 2 iterations in 0.00 seconds (average 0.000500, setup 0.00)

Prob1E: 4 iterations in 0.00 seconds (average 0.000250, setup 0.00)

yes = 10, no = 10, maybe = 7180

Computing remaining probabilities...
Engine: Sparse

Building sparse matrix (FOR POLICY ITERASION)... [n=7200, nc=14360, nnz=73572681, k=2] [842.1 MB]
Creating vector for yes...[56.2 KB]
Allocating iteration vectors... [2 x 56.2 KB]
TOTAL: [842.2 MB]

Starting iterations...
Iteration 202: max relative diff=0.007946, 7.68 sec so far
Iteration 404: max relative diff=0.002980, 15.44 sec so far
Iteration 606: max relative diff=0.001105, 23.19 sec so far
Iteration 808: max relative diff=0.000083, 30.95 sec so far
Iteration 1010: max relative diff=0.000021, 38.70 sec so far
Iteration 1212: max relative diff=0.000012, 46.43 sec so far
Iteration 1414: max relative diff=0.000002, 54.16 sec so far
Iteration 1616: max relative diff=0.000000, 61.89 sec so far
Iteration 1818: max relative diff=0.000000, 69.63 sec so far
Iteration 2020: max relative diff=0.000000, 77.36 sec so far
Iteration 2222: max relative diff=0.000000, 85.10 sec so far

Iterative method: 2337 iterations in 89.67 seconds (average 0.038370, setup 3.86)

Value in the initial state: 0.6143809818431247

Time for model checking: 93.732 seconds.

Result: 0.6143809818431247 (value in the initial state)

