PRISM
=====

Version: 4.4.dev
Date: Mon May 21 01:43:31 IRDT 2018
Hostname: sadegh-H81M-S2PH
Memory limits: cudd=1g, java(heap)=2.1g
Command line: prism dns159.nm dns.pctl -s -modpoliter -maxiters 90050 -epsilon 1e-8 -javamaxmem 2400m

Parsing model file "dns159.nm"...

Parsing properties file "dns.pctl"...

1 property:
(1) Pmax=? [ "pp" U "qq" ]

Type:        MDP
Modules:     m1 m2 m3 
Variables:   s1 s2 s3 

---------------------------------------------------------------------

Model checking: Pmax=? [ "pp" U "qq" ]

Building model...

Computing reachable states...

Reachability (BFS): 3 iterations in 0.00 seconds (average 0.001333, setup 0.00)

Time for model construction: 15.665 seconds.

Type:        MDP
States:      10000 (1 initial)
Transitions: 71448642
Choices:     30000

Transition matrix: 18109328 nodes (318681 terminal), 71448642 minterms, vars: 15r/15c/3nd

Prob0A: 3 iterations in 0.01 seconds (average 0.002000, setup 0.00)

Prob1E: 4 iterations in 0.00 seconds (average 0.000500, setup 0.00)

yes = 10, no = 66, maybe = 9924

Computing remaining probabilities...
Engine: Sparse

Building sparse matrix (FOR POLICY ITERASION)... [n=10000, nc=29772, nnz=70904441, k=3] [811.6 MB]
Creating vector for yes...[78.1 KB]
Allocating iteration vectors... [2 x 78.1 KB]
TOTAL: [811.8 MB]

Starting iterations...
Iteration 202: max relative diff=0.011458, 5.08 sec so far
Iteration 404: max relative diff=0.000435, 10.30 sec so far
Iteration 606: max relative diff=0.000004, 15.50 sec so far
Iteration 808: max relative diff=0.000000, 20.71 sec so far

Iterative method: 935 iterations in 24.01 seconds (average 0.025683, setup 9.18)

Value in the initial state: 0.22515776691802708

Time for model checking: 33.454 seconds.

Result: 0.22515776691802708 (value in the initial state)

