PRISM
=====

Version: 4.4.dev
Date: Tue Jun 19 16:54:20 IRDT 2018
Hostname: sadegh-H81M-S2PH
Memory limits: cudd=1g, java(heap)=2.1g
Command line: prism dns176.nm dns.pctl -s -bucketvaliter2 -maxiters 90050 -javamaxmem 2400m

Parsing model file "dns176.nm"...

Parsing properties file "dns.pctl"...

1 property:
(1) Pmax=? [ "pp" U "qq" ]

Type:        MDP
Modules:     m1 m2 m3 
Variables:   s1 s2 s3 

---------------------------------------------------------------------

Model checking: Pmax=? [ "pp" U "qq" ]

Building model...

Computing reachable states...

Reachability (BFS): 3 iterations in 0.00 seconds (average 0.001000, setup 0.00)

Time for model construction: 6.875 seconds.

Type:        MDP
States:      6400 (1 initial)
Transitions: 13781625
Choices:     19200

Transition matrix: 7601787 nodes (596627 terminal), 13781625 minterms, vars: 14r/14c/3nd

Prob0A: 3 iterations in 0.00 seconds (average 0.001333, setup 0.00)

Prob1E: 4 iterations in 0.00 seconds (average 0.000500, setup 0.00)

yes = 10, no = 36, maybe = 6354

Computing remaining probabilities...
Engine: Sparse

Building sparse matrix(FOR GS)... [n=6400, nc=19062, nnz=13682854, k=3] [156.7 MB]
Creating vector for yes...[50.0 KB]
Allocating iteration vectors... [2 x 50.0 KB]
TOTAL: [156.8 MB]

Starting iterations...

Iterative method: 3654004 iterations in 78.33 seconds (average 0.000021, setup 2.95)

Value in the initial state: 0.4491705655645548

Time for model checking: 86.239 seconds.

Result: 0.4491705655645548 (value in the initial state)

