PRISM
=====

Version: 4.4.dev
Date: Sun May 20 11:42:46 IRDT 2018
Hostname: sadegh-H81M-S2PH
Memory limits: cudd=1g, java(heap)=2.1g
Command line: prism dns18.nm dns.pctl -s -modpoliter -maxiters 90050 -epsilon 1e-8 -javamaxmem 2400m

Parsing model file "dns18.nm"...

Parsing properties file "dns.pctl"...

1 property:
(1) Pmax=? [ "pp" U "qq" ]

Type:        MDP
Modules:     m1 m2 m3 
Variables:   s1 s2 s3 

---------------------------------------------------------------------

Model checking: Pmax=? [ "pp" U "qq" ]

Building model...

Computing reachable states...

Reachability (BFS): 2 iterations in 0.00 seconds (average 0.000000, setup 0.00)

Time for model construction: 8.635 seconds.

Type:        MDP
States:      6000 (1 initial)
Transitions: 210497305
Choices:     36000

Transition matrix: 10632765 nodes (677797 terminal), 210497305 minterms, vars: 14r/14c/6nd

Prob0A: 2 iterations in 0.01 seconds (average 0.004500, setup 0.00)

Prob1E: 4 iterations in 0.00 seconds (average 0.000250, setup 0.00)

yes = 10, no = 105, maybe = 5885

Computing remaining probabilities...
Engine: Sparse

Building sparse matrix (FOR POLICY ITERASION)... [n=6000, nc=35310, nnz=206466325, k=6] [2.3 GB]
Creating vector for yes...[46.9 KB]
Allocating iteration vectors... [2 x 46.9 KB]
TOTAL: [2.3 GB]

Starting iterations...
Iteration 202: max relative diff=0.023853, 7.51 sec so far
Iteration 404: max relative diff=0.000023, 15.04 sec so far

Iterative method: 517 iterations in 19.41 seconds (average 0.037536, setup 12.59)

Value in the initial state: 0.2802084408543231

Time for model checking: 32.722 seconds.

Result: 0.2802084408543231 (value in the initial state)

