PRISM
=====

Version: 4.4.dev
Date: Tue Jun 19 16:06:24 IRDT 2018
Hostname: sadegh-H81M-S2PH
Memory limits: cudd=1g, java(heap)=2.1g
Command line: prism dns172.nm dns.pctl -s -backwardvaliter -maxiters 90050 -epsilon 1e-6 -javamaxmem 2400m

Parsing model file "dns172.nm"...

Parsing properties file "dns.pctl"...

1 property:
(1) Pmax=? [ "pp" U "qq" ]

Type:        MDP
Modules:     m1 m2 m3 
Variables:   s1 s2 s3 

---------------------------------------------------------------------

Model checking: Pmax=? [ "pp" U "qq" ]

Building model...

Computing reachable states...

Reachability (BFS): 3 iterations in 0.01 seconds (average 0.001667, setup 0.00)

Time for model construction: 12.521 seconds.

Type:        MDP
States:      8400 (1 initial)
Transitions: 23050718
Choices:     25200

Transition matrix: 12278622 nodes (573276 terminal), 23050718 minterms, vars: 15r/15c/3nd

Prob0A: 3 iterations in 0.01 seconds (average 0.003667, setup 0.00)

Prob1E: 4 iterations in 0.00 seconds (average 0.000750, setup 0.00)

yes = 10, no = 66, maybe = 8324

Computing remaining probabilities...
Engine: Sparse

Building sparse matrix(FOR GS)... [n=8400, nc=24972, nnz=22848428, k=3] [261.6 MB]
Creating vector for yes...[65.6 KB]
Allocating iteration vectors... [2 x 65.6 KB]
TOTAL: [261.8 MB]

Starting iterations...
Iteration 124: max relative diff=0.002502, 5.02 sec so far
Iteration 252: max relative diff=0.000384, 10.04 sec so far
Iteration 380: max relative diff=0.000072, 15.06 sec so far
Iteration 508: max relative diff=0.000014, 20.09 sec so far
Iteration 636: max relative diff=0.000003, 25.10 sec so far

Iterative method: 716 iterations in 28.24 seconds (average 0.039441, setup 5.15)

Value in the initial state: 0.3336145647805144

Time for model checking: 33.525 seconds.

Result: 0.3336145647805144 (value in the initial state)

Warning: CUDD reports 12426339 non-zero references.

