PRISM
=====

Version: 4.4.dev
Date: Sun May 20 12:41:13 IRDT 2018
Hostname: sadegh-H81M-S2PH
Memory limits: cudd=1g, java(heap)=2.1g
Command line: prism dns29.nm dns.pctl -s -improvedmodpoliter -maxiters 90050 -epsilon 1e-8 -javamaxmem 2400m

Parsing model file "dns29.nm"...

Parsing properties file "dns.pctl"...

1 property:
(1) Pmax=? [ "pp" U "qq" ]

Type:        MDP
Modules:     m1 m2 m3 
Variables:   s1 s2 s3 

---------------------------------------------------------------------

Model checking: Pmax=? [ "pp" U "qq" ]

Building model...

Computing reachable states...

Reachability (BFS): 2 iterations in 0.00 seconds (average 0.000000, setup 0.00)

Time for model construction: 13.04 seconds.

Type:        MDP
States:      8800 (1 initial)
Transitions: 256892362
Choices:     35200

Transition matrix: 17269331 nodes (484773 terminal), 256892362 minterms, vars: 15r/15c/4nd

Prob0A: 2 iterations in 0.01 seconds (average 0.002500, setup 0.00)

Prob1E: 4 iterations in 0.00 seconds (average 0.000750, setup 0.00)

yes = 10, no = 120, maybe = 8670

Computing remaining probabilities...
Engine: Sparse

Building sparse matrix (FOR POLICY ITERASION)... [n=8800, nc=34680, nnz=253141775, k=4] [2.8 GB]
Creating vector for yes...[68.8 KB]
Allocating iteration vectors... [2 x 68.8 KB]
TOTAL: [2.8 GB]

Starting iterations...
Iteration 102: max relative diff=0.183032, 5.70 sec so far
Iteration 204: max relative diff=0.018554, 11.71 sec so far
Iteration 306: max relative diff=0.001366, 17.80 sec so far
Iteration 408: max relative diff=0.000046, 23.88 sec so far
Iteration 510: max relative diff=0.000001, 29.96 sec so far
Iteration 612: max relative diff=0.000000, 36.04 sec so far

Iterative method: 692 iterations in 40.91 seconds (average 0.059113, setup 16.10)

Value in the initial state: 0.13726722285783627

Time for model checking: 58.137 seconds.

Result: 0.13726722285783627 (value in the initial state)

