PRISM
=====

Version: 4.4.dev
Date: Mon May 21 00:54:17 IRDT 2018
Hostname: sadegh-H81M-S2PH
Memory limits: cudd=1g, java(heap)=2.1g
Command line: prism dns144.nm dns.pctl -s -explicitmodpoliter -maxiters 90050 -epsilon 1e-8 -javamaxmem 2400m

Parsing model file "dns144.nm"...

Parsing properties file "dns.pctl"...

1 property:
(1) Pmax=? [ "pp" U "qq" ]

Type:        MDP
Modules:     m1 m2 m3 
Variables:   s1 s2 s3 

---------------------------------------------------------------------

Model checking: Pmax=? [ "pp" U "qq" ]

Building model...

Computing reachable states...

Reachability (BFS): 3 iterations in 0.00 seconds (average 0.000667, setup 0.00)

Time for model construction: 7.349 seconds.

Type:        MDP
States:      9600 (1 initial)
Transitions: 36358638
Choices:     19200

Transition matrix: 10280260 nodes (434813 terminal), 36358638 minterms, vars: 15r/15c/2nd

Prob0A: 3 iterations in 0.01 seconds (average 0.001667, setup 0.00)

Prob1E: 9 iterations in 0.01 seconds (average 0.000556, setup 0.00)

yes = 10, no = 15, maybe = 9575

Computing remaining probabilities...
Engine: Sparse

Building sparse matrix (FOR POLICY ITERASION)... [n=9600, nc=19150, nnz=36267072, k=2] [415.2 MB]
Creating vector for yes...[75.0 KB]
Allocating iteration vectors... [2 x 75.0 KB]
TOTAL: [415.4 MB]

Starting iterations...
Iteration 303: max relative diff=0.007067, 5.09 sec so far
Iteration 606: max relative diff=0.001306, 10.13 sec so far
Iteration 909: max relative diff=0.000186, 15.16 sec so far
Iteration 1212: max relative diff=0.000050, 20.18 sec so far
Iteration 1515: max relative diff=0.000006, 25.20 sec so far
Iteration 1818: max relative diff=0.000001, 30.22 sec so far
Iteration 2121: max relative diff=0.000000, 35.23 sec so far
Iteration 2424: max relative diff=0.000000, 40.24 sec so far
Iteration 2727: max relative diff=0.000000, 45.26 sec so far

Iterative method: 2915 iterations in 48.38 seconds (average 0.016597, setup 3.64)

Value in the initial state: 0.6377838576879656

Time for model checking: 52.151 seconds.

Result: 0.6377838576879656 (value in the initial state)

