PRISM
=====

Version: 4.4.dev
Date: Mon May 21 00:58:26 IRDT 2018
Hostname: sadegh-H81M-S2PH
Memory limits: cudd=1g, java(heap)=2.1g
Command line: prism dns145.nm dns.pctl -s -improvedmodpoliter2 -maxiters 90050 -epsilon 1e-8 -javamaxmem 2400m

Parsing model file "dns145.nm"...

Parsing properties file "dns.pctl"...

1 property:
(1) Pmax=? [ "pp" U "qq" ]

Type:        MDP
Modules:     m1 m2 m3 
Variables:   s1 s2 s3 

---------------------------------------------------------------------

Model checking: Pmax=? [ "pp" U "qq" ]

Building model...

Computing reachable states...

Reachability (BFS): 3 iterations in 0.01 seconds (average 0.003333, setup 0.00)

Time for model construction: 10.249 seconds.

Type:        MDP
States:      8000 (1 initial)
Transitions: 54452509
Choices:     32000

Transition matrix: 14806324 nodes (676856 terminal), 54452509 minterms, vars: 15r/15c/4nd

Prob0A: 3 iterations in 0.01 seconds (average 0.001667, setup 0.00)

Prob1E: 4 iterations in 0.00 seconds (average 0.000500, setup 0.00)

yes = 10, no = 66, maybe = 7924

Computing remaining probabilities...
Engine: Sparse

Building sparse matrix (FOR POLICY ITERASION)... [n=8000, nc=31696, nnz=53942087, k=4] [617.5 MB]
Creating vector for yes...[62.5 KB]
Allocating iteration vectors... [2 x 62.5 KB]
TOTAL: [617.7 MB]

Starting iterations...
Iteration 1111: max relative diff=0.000036, 5.47 sec so far
Iteration 2121: max relative diff=0.000000, 10.55 sec so far

Iterative method: 2400 iterations in 12.01 seconds (average 0.005004, setup 5.91)


Number of scallar multiplications: 11543M 

Value in the initial state: 0.3586847648370999

Time for model checking: 18.134 seconds.

Result: 0.3586847648370999 (value in the initial state)

