PRISM
=====

Version: 4.4.dev
Date: Sun May 20 21:29:50 IRDT 2018
Hostname: sadegh-H81M-S2PH
Memory limits: cudd=1g, java(heap)=2.1g
Command line: prism dns105.nm dns.pctl -s -modpoliter -maxiters 90050 -epsilon 1e-8 -javamaxmem 2400m

Parsing model file "dns105.nm"...

Parsing properties file "dns.pctl"...

1 property:
(1) Pmax=? [ "pp" U "qq" ]

Type:        MDP
Modules:     m1 m2 m3 
Variables:   s1 s2 s3 

---------------------------------------------------------------------

Model checking: Pmax=? [ "pp" U "qq" ]

Building model...

Computing reachable states...

Reachability (BFS): 3 iterations in 0.00 seconds (average 0.001000, setup 0.00)

Time for model construction: 10.449 seconds.

Type:        MDP
States:      8800 (1 initial)
Transitions: 95750421
Choices:     26400

Transition matrix: 13341301 nodes (431300 terminal), 95750421 minterms, vars: 15r/15c/3nd

Prob0A: 3 iterations in 0.01 seconds (average 0.003667, setup 0.00)

Prob1E: 4 iterations in 0.01 seconds (average 0.001500, setup 0.00)

yes = 10, no = 36, maybe = 8754

Computing remaining probabilities...
Engine: Sparse

Building sparse matrix (FOR POLICY ITERASION)... [n=8800, nc=26262, nnz=95261726, k=3] [1.1 GB]
Creating vector for yes...[68.8 KB]
Allocating iteration vectors... [2 x 68.8 KB]
TOTAL: [1.1 GB]

Starting iterations...
Iteration 202: max relative diff=0.012646, 7.03 sec so far
Iteration 404: max relative diff=0.001543, 13.84 sec so far
Iteration 606: max relative diff=0.000273, 20.64 sec so far
Iteration 808: max relative diff=0.000054, 27.44 sec so far
Iteration 1010: max relative diff=0.000006, 34.23 sec so far
Iteration 1212: max relative diff=0.000001, 41.03 sec so far
Iteration 1414: max relative diff=0.000000, 47.81 sec so far
Iteration 1616: max relative diff=0.000000, 54.60 sec so far

Iterative method: 1757 iterations in 59.37 seconds (average 0.033792, setup 7.82)

Value in the initial state: 0.4017871371155771

Time for model checking: 67.503 seconds.

Result: 0.4017871371155771 (value in the initial state)

