PRISM
=====

Version: 4.4.dev
Date: Mon May 21 00:03:39 IRDT 2018
Hostname: sadegh-H81M-S2PH
Memory limits: cudd=1g, java(heap)=2.1g
Command line: prism dns128.nm dns.pctl -s -improvedmodpoliter2 -maxiters 90050 -epsilon 1e-8 -javamaxmem 2400m

Parsing model file "dns128.nm"...

Parsing properties file "dns.pctl"...

1 property:
(1) Pmax=? [ "pp" U "qq" ]

Type:        MDP
Modules:     m1 m2 m3 
Variables:   s1 s2 s3 

---------------------------------------------------------------------

Model checking: Pmax=? [ "pp" U "qq" ]

Building model...

Computing reachable states...

Reachability (BFS): 3 iterations in 0.00 seconds (average 0.001000, setup 0.00)

Time for model construction: 9.016 seconds.

Type:        MDP
States:      8000 (1 initial)
Transitions: 61676876
Choices:     24000

Transition matrix: 12311647 nodes (583247 terminal), 61676876 minterms, vars: 15r/15c/3nd

Prob0A: 3 iterations in 0.01 seconds (average 0.002000, setup 0.00)

Prob1E: 4 iterations in 0.00 seconds (average 0.000500, setup 0.00)

yes = 10, no = 120, maybe = 7870

Computing remaining probabilities...
Engine: Sparse

Building sparse matrix (FOR POLICY ITERASION)... [n=8000, nc=23610, nnz=60640903, k=3] [694.1 MB]
Creating vector for yes...[62.5 KB]
Allocating iteration vectors... [2 x 62.5 KB]
TOTAL: [694.3 MB]

Starting iterations...
Iteration 707: max relative diff=0.000001, 5.18 sec so far

Iterative method: 946 iterations in 7.10 seconds (average 0.007505, setup 6.11)


Number of scallar multiplications: 6921M 

Value in the initial state: 0.24387585489959854

Time for model checking: 13.438 seconds.

Result: 0.24387585489959854 (value in the initial state)

