PRISM
=====

Version: 4.4.dev
Date: Sun May 20 16:24:47 IRDT 2018
Hostname: sadegh-H81M-S2PH
Memory limits: cudd=1g, java(heap)=2.1g
Command line: prism dns68.nm dns.pctl -s -modpoliter -maxiters 90050 -epsilon 1e-8 -javamaxmem 2400m

Parsing model file "dns68.nm"...

Parsing properties file "dns.pctl"...

1 property:
(1) Pmax=? [ "pp" U "qq" ]

Type:        MDP
Modules:     m1 m2 m3 
Variables:   s1 s2 s3 

---------------------------------------------------------------------

Model checking: Pmax=? [ "pp" U "qq" ]

Building model...

Computing reachable states...

Reachability (BFS): 3 iterations in 0.00 seconds (average 0.000667, setup 0.00)

Time for model construction: 8.442 seconds.

Type:        MDP
States:      8000 (1 initial)
Transitions: 117956055
Choices:     24000

Transition matrix: 10933106 nodes (451220 terminal), 117956055 minterms, vars: 15r/15c/3nd

Prob0A: 2 iterations in 0.01 seconds (average 0.003000, setup 0.00)

Prob1E: 4 iterations in 0.00 seconds (average 0.000250, setup 0.00)

yes = 10, no = 10, maybe = 7980

Computing remaining probabilities...
Engine: Sparse

Building sparse matrix (FOR POLICY ITERASION)... [n=8000, nc=23940, nnz=117639560, k=3] [1.3 GB]
Creating vector for yes...[62.5 KB]
Allocating iteration vectors... [2 x 62.5 KB]
TOTAL: [1.3 GB]

Starting iterations...
Iteration 202: max relative diff=0.010220, 8.40 sec so far
Iteration 404: max relative diff=0.002815, 16.84 sec so far
Iteration 606: max relative diff=0.000851, 25.16 sec so far
Iteration 808: max relative diff=0.000301, 33.48 sec so far
Iteration 1010: max relative diff=0.000147, 41.81 sec so far
Iteration 1212: max relative diff=0.000068, 50.13 sec so far
Iteration 1414: max relative diff=0.000024, 58.45 sec so far
Iteration 1616: max relative diff=0.000011, 66.79 sec so far
Iteration 1818: max relative diff=0.000005, 75.12 sec so far
Iteration 2020: max relative diff=0.000003, 83.47 sec so far
Iteration 2222: max relative diff=0.000001, 91.83 sec so far
Iteration 2424: max relative diff=0.000000, 100.19 sec so far
Iteration 2626: max relative diff=0.000000, 108.56 sec so far
Iteration 2828: max relative diff=0.000000, 116.92 sec so far
Iteration 3030: max relative diff=0.000000, 125.29 sec so far
Iteration 3232: max relative diff=0.000000, 133.65 sec so far
Iteration 3434: max relative diff=0.000000, 142.27 sec so far

Iterative method: 3504 iterations in 145.19 seconds (average 0.041435, setup 6.92)

Value in the initial state: 0.6790519202582324

Time for model checking: 152.407 seconds.

Result: 0.6790519202582324 (value in the initial state)

