PRISM
=====

Version: 4.4.dev
Date: Sun May 20 22:57:30 IRDT 2018
Hostname: sadegh-H81M-S2PH
Memory limits: cudd=1g, java(heap)=2.1g
Command line: prism dns115.nm dns.pctl -s -explicitmodpoliter -maxiters 90050 -epsilon 1e-8 -javamaxmem 2400m

Parsing model file "dns115.nm"...

Parsing properties file "dns.pctl"...

1 property:
(1) Pmax=? [ "pp" U "qq" ]

Type:        MDP
Modules:     m1 m2 m3 
Variables:   s1 s2 s3 

---------------------------------------------------------------------

Model checking: Pmax=? [ "pp" U "qq" ]

Building model...

Computing reachable states...

Reachability (BFS): 3 iterations in 0.00 seconds (average 0.001000, setup 0.00)

Time for model construction: 8.702 seconds.

Type:        MDP
States:      8000 (1 initial)
Transitions: 79877781
Choices:     24000

Transition matrix: 11042896 nodes (321372 terminal), 79877781 minterms, vars: 15r/15c/3nd

Prob0A: 3 iterations in 0.00 seconds (average 0.000667, setup 0.00)

Prob1E: 4 iterations in 0.00 seconds (average 0.000250, setup 0.00)

yes = 10, no = 10, maybe = 7980

Computing remaining probabilities...
Engine: Sparse

Building sparse matrix (FOR POLICY ITERASION)... [n=8000, nc=23940, nnz=79664975, k=3] [911.8 MB]
Creating vector for yes...[62.5 KB]
Allocating iteration vectors... [2 x 62.5 KB]
TOTAL: [912.0 MB]

Starting iterations...
Iteration 303: max relative diff=0.005045, 7.32 sec so far
Iteration 606: max relative diff=0.000435, 14.75 sec so far
Iteration 909: max relative diff=0.000077, 22.19 sec so far
Iteration 1212: max relative diff=0.000013, 29.62 sec so far
Iteration 1515: max relative diff=0.000001, 37.06 sec so far
Iteration 1818: max relative diff=0.000000, 44.49 sec so far
Iteration 2020: max relative diff=0.000000, 49.75 sec so far
Iteration 2222: max relative diff=0.000000, 54.84 sec so far
Iteration 2424: max relative diff=0.000000, 59.95 sec so far

Iterative method: 2441 iterations in 60.45 seconds (average 0.024764, setup 5.41)

Value in the initial state: 0.6573405977930217

Time for model checking: 66.214 seconds.

Result: 0.6573405977930217 (value in the initial state)

