PRISM
=====

Version: 4.4.dev
Date: Mon Jun 18 09:38:54 IRDT 2018
Hostname: sadegh-H81M-S2PH
Memory limits: cudd=1g, java(heap)=2.1g
Command line: prism dns122.nm dns.pctl -s -backwardvaliter -maxiters 90050 -epsilon 1e-6 -javamaxmem 2400m

Parsing model file "dns122.nm"...

Parsing properties file "dns.pctl"...

1 property:
(1) Pmax=? [ "pp" U "qq" ]

Type:        MDP
Modules:     m1 m2 m3 
Variables:   s1 s2 s3 

---------------------------------------------------------------------

Model checking: Pmax=? [ "pp" U "qq" ]

Building model...

Computing reachable states...

Reachability (BFS): 3 iterations in 0.00 seconds (average 0.001000, setup 0.00)

Time for model construction: 8.852 seconds.

Type:        MDP
States:      8000 (1 initial)
Transitions: 60551854
Choices:     24000

Transition matrix: 8977381 nodes (498037 terminal), 60551854 minterms, vars: 15r/15c/3nd

Prob0A: 3 iterations in 0.01 seconds (average 0.002333, setup 0.00)

Prob1E: 9 iterations in 0.01 seconds (average 0.001000, setup 0.00)

yes = 10, no = 10, maybe = 7980

Computing remaining probabilities...
Engine: Sparse

Building sparse matrix(FOR GS)... [n=8000, nc=23940, nnz=60414537, k=3] [691.5 MB]
Creating vector for yes...[62.5 KB]
Allocating iteration vectors... [2 x 62.5 KB]
TOTAL: [691.7 MB]

Starting iterations...
Iteration 47: max relative diff=0.015794, 5.07 sec so far
Iteration 97: max relative diff=0.005385, 10.12 sec so far
Iteration 147: max relative diff=0.002688, 15.18 sec so far
Iteration 197: max relative diff=0.001597, 20.24 sec so far
Iteration 247: max relative diff=0.001044, 25.31 sec so far
Iteration 297: max relative diff=0.000730, 30.37 sec so far
Iteration 347: max relative diff=0.000534, 35.43 sec so far
Iteration 397: max relative diff=0.000404, 40.49 sec so far
Iteration 447: max relative diff=0.000318, 45.55 sec so far
Iteration 497: max relative diff=0.000259, 50.62 sec so far
Iteration 547: max relative diff=0.000215, 55.69 sec so far
Iteration 597: max relative diff=0.000181, 60.75 sec so far
Iteration 647: max relative diff=0.000155, 65.82 sec so far
Iteration 697: max relative diff=0.000133, 70.87 sec so far
Iteration 747: max relative diff=0.000115, 75.94 sec so far
Iteration 797: max relative diff=0.000100, 81.00 sec so far
Iteration 847: max relative diff=0.000088, 86.06 sec so far
Iteration 897: max relative diff=0.000078, 91.12 sec so far
Iteration 947: max relative diff=0.000069, 96.19 sec so far
Iteration 997: max relative diff=0.000061, 101.25 sec so far
Iteration 1047: max relative diff=0.000054, 106.30 sec so far
Iteration 1097: max relative diff=0.000049, 111.37 sec so far
Iteration 1147: max relative diff=0.000043, 116.44 sec so far
Iteration 1197: max relative diff=0.000039, 121.50 sec so far
Iteration 1247: max relative diff=0.000035, 126.57 sec so far
Iteration 1297: max relative diff=0.000031, 131.63 sec so far
Iteration 1347: max relative diff=0.000028, 136.70 sec so far
Iteration 1397: max relative diff=0.000025, 141.77 sec so far
Iteration 1447: max relative diff=0.000023, 146.84 sec so far
Iteration 1497: max relative diff=0.000020, 151.91 sec so far
Iteration 1547: max relative diff=0.000018, 156.97 sec so far
Iteration 1597: max relative diff=0.000017, 162.03 sec so far
Iteration 1647: max relative diff=0.000015, 167.09 sec so far
Iteration 1697: max relative diff=0.000014, 172.16 sec so far
Iteration 1747: max relative diff=0.000012, 177.23 sec so far
Iteration 1797: max relative diff=0.000011, 182.28 sec so far
Iteration 1847: max relative diff=0.000010, 187.35 sec so far
Iteration 1897: max relative diff=0.000009, 192.41 sec so far
Iteration 1947: max relative diff=0.000008, 197.48 sec so far
Iteration 1997: max relative diff=0.000008, 202.55 sec so far
Iteration 2047: max relative diff=0.000007, 207.61 sec so far
Iteration 2097: max relative diff=0.000006, 212.67 sec so far
Iteration 2147: max relative diff=0.000006, 217.74 sec so far
Iteration 2197: max relative diff=0.000005, 222.81 sec so far
Iteration 2247: max relative diff=0.000005, 227.87 sec so far
Iteration 2297: max relative diff=0.000004, 232.94 sec so far
Iteration 2347: max relative diff=0.000004, 238.00 sec so far
Iteration 2397: max relative diff=0.000004, 243.07 sec so far
Iteration 2447: max relative diff=0.000003, 248.14 sec so far
Iteration 2497: max relative diff=0.000003, 253.20 sec so far
Iteration 2547: max relative diff=0.000003, 258.28 sec so far
Iteration 2597: max relative diff=0.000002, 263.34 sec so far
Iteration 2647: max relative diff=0.000002, 268.41 sec so far
Iteration 2697: max relative diff=0.000002, 273.47 sec so far
Iteration 2747: max relative diff=0.000002, 278.54 sec so far
Iteration 2797: max relative diff=0.000002, 283.61 sec so far
Iteration 2847: max relative diff=0.000002, 288.67 sec so far
Iteration 2897: max relative diff=0.000001, 293.74 sec so far
Iteration 2947: max relative diff=0.000001, 298.80 sec so far
Iteration 2997: max relative diff=0.000001, 303.86 sec so far
Iteration 3047: max relative diff=0.000001, 308.93 sec so far

Iterative method: 3076 iterations in 311.87 seconds (average 0.101388, setup 6.79)

Value in the initial state: 0.8047917317517491

Time for model checking: 318.944 seconds.

Result: 0.8047917317517491 (value in the initial state)

Warning: CUDD reports 9036610 non-zero references.

