PRISM
=====

Version: 4.4.dev
Date: Tue Jun 19 11:07:36 IRDT 2018
Hostname: sadegh-H81M-S2PH
Memory limits: cudd=1g, java(heap)=2.1g
Command line: prism dns149.nm dns.pctl -s -backwardvaliter -maxiters 90050 -epsilon 1e-6 -javamaxmem 2400m

Parsing model file "dns149.nm"...

Parsing properties file "dns.pctl"...

1 property:
(1) Pmax=? [ "pp" U "qq" ]

Type:        MDP
Modules:     m1 m2 m3 
Variables:   s1 s2 s3 

---------------------------------------------------------------------

Model checking: Pmax=? [ "pp" U "qq" ]

Building model...

Computing reachable states...

Reachability (BFS): 3 iterations in 0.02 seconds (average 0.005333, setup 0.00)

Time for model construction: 17.678 seconds.

Type:        MDP
States:      6800 (1 initial)
Transitions: 49906191
Choices:     34000

Transition matrix: 15801116 nodes (839523 terminal), 49906191 minterms, vars: 15r/15c/5nd

Prob0A: 3 iterations in 0.01 seconds (average 0.002000, setup 0.00)

Prob1E: 4 iterations in 0.00 seconds (average 0.000750, setup 0.00)

yes = 10, no = 28, maybe = 6762

Computing remaining probabilities...
Engine: Sparse

Building sparse matrix(FOR GS)... [n=6800, nc=33810, nnz=49614013, k=5] [567.9 MB]
Creating vector for yes...[53.1 KB]
Allocating iteration vectors... [2 x 53.1 KB]
TOTAL: [568.1 MB]

Starting iterations...
Iteration 57: max relative diff=0.008429, 5.07 sec so far
Iteration 118: max relative diff=0.002313, 10.15 sec so far
Iteration 179: max relative diff=0.001028, 15.23 sec so far
Iteration 240: max relative diff=0.000558, 20.31 sec so far
Iteration 301: max relative diff=0.000337, 25.39 sec so far
Iteration 362: max relative diff=0.000215, 30.48 sec so far
Iteration 423: max relative diff=0.000142, 35.56 sec so far
Iteration 484: max relative diff=0.000096, 40.64 sec so far
Iteration 544: max relative diff=0.000066, 45.64 sec so far
Iteration 604: max relative diff=0.000046, 50.65 sec so far
Iteration 664: max relative diff=0.000032, 55.65 sec so far
Iteration 724: max relative diff=0.000023, 60.65 sec so far
Iteration 784: max relative diff=0.000016, 65.66 sec so far
Iteration 844: max relative diff=0.000011, 70.66 sec so far
Iteration 905: max relative diff=0.000008, 75.74 sec so far
Iteration 966: max relative diff=0.000006, 80.81 sec so far
Iteration 1027: max relative diff=0.000004, 85.89 sec so far
Iteration 1087: max relative diff=0.000003, 90.90 sec so far
Iteration 1148: max relative diff=0.000002, 95.97 sec so far
Iteration 1209: max relative diff=0.000001, 101.05 sec so far

Iterative method: 1262 iterations in 105.47 seconds (average 0.083571, setup 8.94)

Value in the initial state: 0.671767624863814

Time for model checking: 114.696 seconds.

Result: 0.671767624863814 (value in the initial state)

Warning: CUDD reports 15995748 non-zero references.

