PRISM
=====

Version: 4.4.dev
Date: Tue Jun 19 09:52:55 IRDT 2018
Hostname: sadegh-H81M-S2PH
Memory limits: cudd=1g, java(heap)=2.1g
Command line: prism dns142.nm dns.pctl -s -gs -maxiters 90050 -epsilon 1e-6 -javamaxmem 2400m

Parsing model file "dns142.nm"...

Parsing properties file "dns.pctl"...

1 property:
(1) Pmax=? [ "pp" U "qq" ]

Type:        MDP
Modules:     m1 m2 m3 
Variables:   s1 s2 s3 

---------------------------------------------------------------------

Model checking: Pmax=? [ "pp" U "qq" ]

Building model...

Computing reachable states...

Reachability (BFS): 3 iterations in 0.00 seconds (average 0.000667, setup 0.00)

Time for model construction: 7.808 seconds.

Type:        MDP
States:      9600 (1 initial)
Transitions: 37427562
Choices:     19200

Transition matrix: 8566377 nodes (410722 terminal), 37427562 minterms, vars: 15r/15c/2nd

Prob0A: 3 iterations in 0.01 seconds (average 0.003667, setup 0.00)

Prob1E: 4 iterations in 0.00 seconds (average 0.000500, setup 0.00)

yes = 10, no = 36, maybe = 9554

Computing remaining probabilities...
Engine: Sparse

Building sparse matrix(FOR GS)... [n=9600, nc=19108, nnz=37246583, k=2] [426.4 MB]
Creating vector for yes...[75.0 KB]
Allocating iteration vectors... [2 x 75.0 KB]
TOTAL: [426.6 MB]

Starting iterations...
Iteration 80: max relative diff=0.007646, 5.01 sec so far
Iteration 160: max relative diff=0.002510, 10.02 sec so far
Iteration 240: max relative diff=0.001156, 15.03 sec so far
Iteration 320: max relative diff=0.000603, 20.03 sec so far
Iteration 400: max relative diff=0.000334, 25.04 sec so far
Iteration 480: max relative diff=0.000191, 30.04 sec so far
Iteration 560: max relative diff=0.000111, 35.05 sec so far
Iteration 640: max relative diff=0.000065, 40.06 sec so far
Iteration 720: max relative diff=0.000039, 45.10 sec so far
Iteration 800: max relative diff=0.000023, 50.11 sec so far
Iteration 880: max relative diff=0.000014, 55.12 sec so far
Iteration 960: max relative diff=0.000008, 60.13 sec so far
Iteration 1040: max relative diff=0.000005, 65.14 sec so far
Iteration 1120: max relative diff=0.000003, 70.16 sec so far
Iteration 1200: max relative diff=0.000002, 75.16 sec so far
Iteration 1280: max relative diff=0.000001, 80.17 sec so far

Iterative method: 1284 iterations in 80.42 seconds (average 0.062632, setup 5.48)

Value in the initial state: 0.4246966680236866

Time for model checking: 86.068 seconds.

Result: 0.4246966680236866 (value in the initial state)

