PRISM
=====

Version: 4.4.dev
Date: Sun May 20 19:53:45 IRDT 2018
Hostname: sadegh-H81M-S2PH
Memory limits: cudd=1g, java(heap)=2.1g
Command line: prism dns85.nm dns.pctl -s -improvedmodpoliter2 -maxiters 90050 -epsilon 1e-8 -javamaxmem 2400m

Parsing model file "dns85.nm"...

Parsing properties file "dns.pctl"...

1 property:
(1) Pmax=? [ "pp" U "qq" ]

Type:        MDP
Modules:     m1 m2 m3 
Variables:   s1 s2 s3 

---------------------------------------------------------------------

Model checking: Pmax=? [ "pp" U "qq" ]

Building model...

Computing reachable states...

Reachability (BFS): 3 iterations in 0.00 seconds (average 0.000667, setup 0.00)

Time for model construction: 8.55 seconds.

Type:        MDP
States:      9200 (1 initial)
Transitions: 83807756
Choices:     18400

Transition matrix: 9360497 nodes (292100 terminal), 83807756 minterms, vars: 15r/15c/2nd

Prob0A: 2 iterations in 0.00 seconds (average 0.001000, setup 0.00)

Prob1E: 4 iterations in 0.00 seconds (average 0.000500, setup 0.00)

yes = 10, no = 78, maybe = 9112

Computing remaining probabilities...
Engine: Sparse

Building sparse matrix (FOR POLICY ITERASION)... [n=9200, nc=18224, nnz=83002372, k=2] [950.0 MB]
Creating vector for yes...[71.9 KB]
Allocating iteration vectors... [2 x 71.9 KB]
TOTAL: [950.2 MB]

Starting iterations...
Iteration 303: max relative diff=0.005744, 5.47 sec so far
Iteration 606: max relative diff=0.000155, 10.98 sec so far
Iteration 909: max relative diff=0.000002, 16.48 sec so far
Iteration 1212: max relative diff=0.000000, 22.74 sec so far

Iterative method: 1313 iterations in 24.82 seconds (average 0.018906, setup 6.72)


Number of scallar multiplications: 24978M 

Value in the initial state: 0.22642548940285626

Time for model checking: 32.314 seconds.

Result: 0.22642548940285626 (value in the initial state)

