PRISM
=====

Version: 4.4.dev
Date: Sun May 20 20:05:31 IRDT 2018
Hostname: sadegh-H81M-S2PH
Memory limits: cudd=1g, java(heap)=2.1g
Command line: prism dns88.nm dns.pctl -s -improvedmodpoliter2 -maxiters 90050 -epsilon 1e-8 -javamaxmem 2400m

Parsing model file "dns88.nm"...

Parsing properties file "dns.pctl"...

1 property:
(1) Pmax=? [ "pp" U "qq" ]

Type:        MDP
Modules:     m1 m2 m3 
Variables:   s1 s2 s3 

---------------------------------------------------------------------

Model checking: Pmax=? [ "pp" U "qq" ]

Building model...

Computing reachable states...

Reachability (BFS): 3 iterations in 0.00 seconds (average 0.001000, setup 0.00)

Time for model construction: 11.863 seconds.

Type:        MDP
States:      8000 (1 initial)
Transitions: 127066763
Choices:     32000

Transition matrix: 15428827 nodes (517835 terminal), 127066763 minterms, vars: 15r/15c/4nd

Prob0A: 2 iterations in 0.00 seconds (average 0.001500, setup 0.00)

Prob1E: 4 iterations in 0.00 seconds (average 0.000500, setup 0.00)

yes = 10, no = 45, maybe = 7945

Computing remaining probabilities...
Engine: Sparse

Building sparse matrix (FOR POLICY ITERASION)... [n=8000, nc=31780, nnz=126177088, k=4] [1.4 GB]
Creating vector for yes...[62.5 KB]
Allocating iteration vectors... [2 x 62.5 KB]
TOTAL: [1.4 GB]

Starting iterations...
Iteration 505: max relative diff=0.001525, 6.18 sec so far
Iteration 1010: max relative diff=0.000016, 12.34 sec so far
Iteration 1414: max relative diff=0.000000, 17.56 sec so far
Iteration 1818: max relative diff=0.000000, 22.93 sec so far

Iterative method: 1852 iterations in 23.56 seconds (average 0.012720, setup 9.12)


Number of scallar multiplications: 23485M 

Value in the initial state: 0.377120449683872

Time for model checking: 33.394 seconds.

Result: 0.377120449683872 (value in the initial state)

