PRISM
=====

Version: 4.4.dev
Date: Tue Jun 19 12:34:04 IRDT 2018
Hostname: sadegh-H81M-S2PH
Memory limits: cudd=1g, java(heap)=2.1g
Command line: prism dns160.nm dns.pctl -s -gs -maxiters 90050 -epsilon 1e-6 -javamaxmem 2400m

Parsing model file "dns160.nm"...

Parsing properties file "dns.pctl"...

1 property:
(1) Pmax=? [ "pp" U "qq" ]

Type:        MDP
Modules:     m1 m2 m3 
Variables:   s1 s2 s3 

---------------------------------------------------------------------

Model checking: Pmax=? [ "pp" U "qq" ]

Building model...

Computing reachable states...

Reachability (BFS): 3 iterations in 0.01 seconds (average 0.001667, setup 0.00)

Time for model construction: 11.745 seconds.

Type:        MDP
States:      8000 (1 initial)
Transitions: 43512210
Choices:     24000

Transition matrix: 11803692 nodes (395493 terminal), 43512210 minterms, vars: 15r/15c/3nd

Prob0A: 3 iterations in 0.01 seconds (average 0.002000, setup 0.00)

Prob1E: 4 iterations in 0.00 seconds (average 0.000750, setup 0.00)

yes = 10, no = 78, maybe = 7912

Computing remaining probabilities...
Engine: Sparse

Building sparse matrix(FOR GS)... [n=8000, nc=23736, nnz=43031139, k=3] [492.6 MB]
Creating vector for yes...[62.5 KB]
Allocating iteration vectors... [2 x 62.5 KB]
TOTAL: [492.8 MB]

Starting iterations...
Iteration 70: max relative diff=0.005069, 5.06 sec so far
Iteration 140: max relative diff=0.000820, 10.12 sec so far
Iteration 210: max relative diff=0.000160, 15.18 sec so far
Iteration 280: max relative diff=0.000032, 20.23 sec so far
Iteration 350: max relative diff=0.000007, 25.29 sec so far
Iteration 420: max relative diff=0.000001, 30.36 sec so far

Iterative method: 433 iterations in 31.30 seconds (average 0.072275, setup 7.06)

Value in the initial state: 0.2328686285697687

Time for model checking: 38.613 seconds.

Result: 0.2328686285697687 (value in the initial state)

