PRISM
=====

Version: 4.4.dev
Date: Mon Jun 18 11:40:09 IRDT 2018
Hostname: sadegh-H81M-S2PH
Memory limits: cudd=1g, java(heap)=2.1g
Command line: prism dns130.nm dns.pctl -s -bucketvaliter2 -maxiters 90050 -javamaxmem 2400m

Parsing model file "dns130.nm"...

Parsing properties file "dns.pctl"...

1 property:
(1) Pmax=? [ "pp" U "qq" ]

Type:        MDP
Modules:     m1 m2 m3 
Variables:   s1 s2 s3 

---------------------------------------------------------------------

Model checking: Pmax=? [ "pp" U "qq" ]

Building model...

Computing reachable states...

Reachability (BFS): 3 iterations in 0.02 seconds (average 0.005333, setup 0.00)

Time for model construction: 9.813 seconds.

Type:        MDP
States:      6400 (1 initial)
Transitions: 50091836
Choices:     25600

Transition matrix: 9972213 nodes (704213 terminal), 50091836 minterms, vars: 14r/14c/4nd

Prob0A: 3 iterations in 0.01 seconds (average 0.001667, setup 0.00)

Prob1E: 4 iterations in 0.00 seconds (average 0.001000, setup 0.00)

yes = 10, no = 28, maybe = 6362

Computing remaining probabilities...
Engine: Sparse

Building sparse matrix(FOR GS)... [n=6400, nc=25448, nnz=49797940, k=4] [570.0 MB]
Creating vector for yes...[50.0 KB]
Allocating iteration vectors... [2 x 50.0 KB]
TOTAL: [570.2 MB]

Starting iterations...

Iterative method: 3902259 iterations in 446.18 seconds (average 0.000114, setup 6.05)

Value in the initial state: 0.5774730171328869

Time for model checking: 459.392 seconds.

Result: 0.5774730171328869 (value in the initial state)

