PRISM
=====

Version: 4.4.dev
Date: Sun May 20 18:45:26 IRDT 2018
Hostname: sadegh-H81M-S2PH
Memory limits: cudd=1g, java(heap)=2.1g
Command line: prism dns79.nm dns.pctl -s -modpoliter -maxiters 90050 -epsilon 1e-8 -javamaxmem 2400m

Parsing model file "dns79.nm"...

Parsing properties file "dns.pctl"...

1 property:
(1) Pmax=? [ "pp" U "qq" ]

Type:        MDP
Modules:     m1 m2 m3 
Variables:   s1 s2 s3 

---------------------------------------------------------------------

Model checking: Pmax=? [ "pp" U "qq" ]

Building model...

Computing reachable states...

Reachability (BFS): 3 iterations in 0.00 seconds (average 0.000667, setup 0.00)

Time for model construction: 11.41 seconds.

Type:        MDP
States:      8800 (1 initial)
Transitions: 185230488
Choices:     35200

Transition matrix: 14459907 nodes (257429 terminal), 185230488 minterms, vars: 15r/15c/4nd

Prob0A: 2 iterations in 0.00 seconds (average 0.001500, setup 0.00)

Prob1E: 4 iterations in 0.00 seconds (average 0.000250, setup 0.00)

yes = 10, no = 28, maybe = 8762

Computing remaining probabilities...
Engine: Sparse

Building sparse matrix (FOR POLICY ITERASION)... [n=8800, nc=35048, nnz=184415353, k=4] [2.1 GB]
Creating vector for yes...[68.8 KB]
Allocating iteration vectors... [2 x 68.8 KB]
TOTAL: [2.1 GB]

Starting iterations...
Iteration 101: max relative diff=0.079208, 5.13 sec so far
Iteration 303: max relative diff=0.003711, 15.07 sec so far
Iteration 505: max relative diff=0.000339, 25.04 sec so far
Iteration 707: max relative diff=0.000071, 35.04 sec so far
Iteration 909: max relative diff=0.000003, 45.03 sec so far
Iteration 1111: max relative diff=0.000000, 55.03 sec so far
Iteration 1313: max relative diff=0.000000, 65.02 sec so far
Iteration 1515: max relative diff=0.000000, 75.01 sec so far

Iterative method: 1532 iterations in 75.95 seconds (average 0.049574, setup 11.86)

Value in the initial state: 0.41459717337447055

Time for model checking: 88.4 seconds.

Result: 0.41459717337447055 (value in the initial state)

