PRISM
=====

Version: 4.4.dev
Date: Sun May 20 11:16:58 IRDT 2018
Hostname: sadegh-H81M-S2PH
Memory limits: cudd=1g, java(heap)=2.1g
Command line: prism dns9.nm dns.pctl -s -explicitmodpoliter -maxiters 90050 -epsilon 1e-8 -javamaxmem 2400m

Parsing model file "dns9.nm"...

Parsing properties file "dns.pctl"...

1 property:
(1) Pmax=? [ "pp" U "qq" ]

Type:        MDP
Modules:     m1 m2 m3 
Variables:   s1 s2 s3 

---------------------------------------------------------------------

Model checking: Pmax=? [ "pp" U "qq" ]

Building model...

Computing reachable states...

Reachability (BFS): 2 iterations in 0.00 seconds (average 0.000000, setup 0.00)

Time for model construction: 3.408 seconds.

Type:        MDP
States:      6400 (1 initial)
Transitions: 159042326
Choices:     25600

Transition matrix: 4537762 nodes (126234 terminal), 159042326 minterms, vars: 14r/14c/4nd

Prob0A: 2 iterations in 0.00 seconds (average 0.000500, setup 0.00)

Prob1E: 4 iterations in 0.00 seconds (average 0.000500, setup 0.00)

yes = 10, no = 45, maybe = 6345

Computing remaining probabilities...
Engine: Sparse

Building sparse matrix (FOR POLICY ITERASION)... [n=6400, nc=25380, nnz=157664502, k=4] [1.8 GB]
Creating vector for yes...[50.0 KB]
Allocating iteration vectors... [2 x 50.0 KB]
TOTAL: [1.8 GB]

Starting iterations...
Iteration 202: max relative diff=0.003969, 7.45 sec so far
Iteration 404: max relative diff=0.000085, 14.89 sec so far
Iteration 606: max relative diff=0.000001, 22.32 sec so far
Iteration 808: max relative diff=0.000000, 29.74 sec so far

Iterative method: 820 iterations in 30.34 seconds (average 0.037001, setup 7.40)

Value in the initial state: 0.25677526047290034

Time for model checking: 38.296 seconds.

Result: 0.25677526047290034 (value in the initial state)

