PRISM
=====

Version: 4.4.dev
Date: Tue Jun 19 11:34:08 IRDT 2018
Hostname: sadegh-H81M-S2PH
Memory limits: cudd=1g, java(heap)=2.1g
Command line: prism dns154.nm dns.pctl -s -gs -maxiters 90050 -epsilon 1e-6 -javamaxmem 2400m

Parsing model file "dns154.nm"...

Parsing properties file "dns.pctl"...

1 property:
(1) Pmax=? [ "pp" U "qq" ]

Type:        MDP
Modules:     m1 m2 m3 
Variables:   s1 s2 s3 

---------------------------------------------------------------------

Model checking: Pmax=? [ "pp" U "qq" ]

Building model...

Computing reachable states...

Reachability (BFS): 3 iterations in 0.01 seconds (average 0.001667, setup 0.00)

Time for model construction: 15.468 seconds.

Type:        MDP
States:      9600 (1 initial)
Transitions: 64304024
Choices:     28800

Transition matrix: 15844991 nodes (390129 terminal), 64304024 minterms, vars: 15r/15c/3nd

Prob0A: 3 iterations in 0.01 seconds (average 0.002000, setup 0.00)

Prob1E: 4 iterations in 0.00 seconds (average 0.000750, setup 0.00)

yes = 10, no = 66, maybe = 9524

Computing remaining probabilities...
Engine: Sparse

Building sparse matrix(FOR GS)... [n=9600, nc=28572, nnz=63797720, k=3] [730.3 MB]
Creating vector for yes...[75.0 KB]
Allocating iteration vectors... [2 x 75.0 KB]
TOTAL: [730.5 MB]

Starting iterations...
Iteration 47: max relative diff=0.011481, 5.02 sec so far
Iteration 94: max relative diff=0.002979, 10.03 sec so far
Iteration 141: max relative diff=0.001025, 15.05 sec so far
Iteration 188: max relative diff=0.000386, 20.07 sec so far
Iteration 235: max relative diff=0.000150, 25.09 sec so far
Iteration 282: max relative diff=0.000059, 30.11 sec so far
Iteration 329: max relative diff=0.000023, 35.14 sec so far
Iteration 376: max relative diff=0.000009, 40.15 sec so far
Iteration 423: max relative diff=0.000004, 45.18 sec so far
Iteration 470: max relative diff=0.000001, 50.20 sec so far

Iterative method: 489 iterations in 52.22 seconds (average 0.106796, setup 11.33)

Value in the initial state: 0.2978452710753041

Time for model checking: 63.911 seconds.

Result: 0.2978452710753041 (value in the initial state)

