PRISM
=====

Version: 4.4.dev
Date: Sat Jun 16 16:37:21 IRDT 2018
Hostname: sadegh-H81M-S2PH
Memory limits: cudd=1g, java(heap)=2.1g
Command line: prism dns7.nm dns.pctl -s -gs -maxiters 90050 -epsilon 1e-6 -javamaxmem 2400m

Parsing model file "dns7.nm"...

Parsing properties file "dns.pctl"...

1 property:
(1) Pmax=? [ "pp" U "qq" ]

Type:        MDP
Modules:     m1 m2 m3 
Variables:   s1 s2 s3 

---------------------------------------------------------------------

Model checking: Pmax=? [ "pp" U "qq" ]

Building model...

Computing reachable states...

Reachability (BFS): 2 iterations in 0.00 seconds (average 0.000000, setup 0.00)

Time for model construction: 12.441 seconds.

Type:        MDP
States:      7200 (1 initial)
Transitions: 250200795
Choices:     36000

Transition matrix: 11209497 nodes (237336 terminal), 250200795 minterms, vars: 15r/15c/5nd

Prob0A: 2 iterations in 0.00 seconds (average 0.002000, setup 0.00)

Prob1E: 4 iterations in 0.00 seconds (average 0.000500, setup 0.00)

yes = 10, no = 78, maybe = 7112

Computing remaining probabilities...
Engine: Sparse

Building sparse matrix(FOR GS)... [n=7200, nc=35560, nnz=247148410, k=5] [2.8 GB]
Creating vector for yes...[56.2 KB]
Allocating iteration vectors... [2 x 56.2 KB]
TOTAL: [2.8 GB]

Starting iterations...
Iteration 13: max relative diff=0.069472, 5.35 sec so far
Iteration 26: max relative diff=0.026933, 10.70 sec so far
Iteration 39: max relative diff=0.014250, 16.05 sec so far
Iteration 52: max relative diff=0.008521, 21.40 sec so far
Iteration 65: max relative diff=0.005416, 26.80 sec so far
Iteration 78: max relative diff=0.003578, 32.15 sec so far
Iteration 91: max relative diff=0.002421, 37.50 sec so far
Iteration 104: max relative diff=0.001664, 42.85 sec so far
Iteration 117: max relative diff=0.001156, 48.21 sec so far
Iteration 130: max relative diff=0.000810, 53.56 sec so far
Iteration 143: max relative diff=0.000570, 58.91 sec so far
Iteration 156: max relative diff=0.000403, 64.27 sec so far
Iteration 169: max relative diff=0.000285, 69.61 sec so far
Iteration 182: max relative diff=0.000202, 74.96 sec so far
Iteration 195: max relative diff=0.000144, 80.31 sec so far
Iteration 208: max relative diff=0.000102, 85.65 sec so far
Iteration 221: max relative diff=0.000073, 91.00 sec so far
Iteration 234: max relative diff=0.000052, 96.35 sec so far
Iteration 247: max relative diff=0.000037, 101.70 sec so far
Iteration 260: max relative diff=0.000026, 107.05 sec so far
Iteration 273: max relative diff=0.000019, 112.40 sec so far
Iteration 286: max relative diff=0.000013, 117.75 sec so far
Iteration 299: max relative diff=0.000009, 123.10 sec so far
Iteration 312: max relative diff=0.000007, 128.45 sec so far
Iteration 325: max relative diff=0.000005, 133.80 sec so far
Iteration 338: max relative diff=0.000003, 139.16 sec so far
Iteration 351: max relative diff=0.000002, 144.50 sec so far
Iteration 364: max relative diff=0.000002, 149.85 sec so far
Iteration 377: max relative diff=0.000001, 155.20 sec so far

Iterative method: 386 iterations in 158.90 seconds (average 0.411663, setup 23.31)

Value in the initial state: 0.1945191587963633

Time for model checking: 183.626 seconds.

Result: 0.1945191587963633 (value in the initial state)

