PRISM
=====

Version: 4.4.dev
Date: Tue Jun 19 12:08:40 IRDT 2018
Hostname: sadegh-H81M-S2PH
Memory limits: cudd=1g, java(heap)=2.1g
Command line: prism dns156.nm dns.pctl -s -bucketvaliter2 -maxiters 90050 -javamaxmem 2400m

Parsing model file "dns156.nm"...

Parsing properties file "dns.pctl"...

1 property:
(1) Pmax=? [ "pp" U "qq" ]

Type:        MDP
Modules:     m1 m2 m3 
Variables:   s1 s2 s3 

---------------------------------------------------------------------

Model checking: Pmax=? [ "pp" U "qq" ]

Building model...

Computing reachable states...

Reachability (BFS): 3 iterations in 0.01 seconds (average 0.002667, setup 0.00)

Time for model construction: 9.989 seconds.

Type:        MDP
States:      6400 (1 initial)
Transitions: 36857664
Choices:     25600

Transition matrix: 10014258 nodes (545075 terminal), 36857664 minterms, vars: 14r/14c/4nd

Prob0A: 3 iterations in 0.01 seconds (average 0.002667, setup 0.00)

Prob1E: 4 iterations in 0.00 seconds (average 0.000750, setup 0.00)

yes = 10, no = 55, maybe = 6335

Computing remaining probabilities...
Engine: Sparse

Building sparse matrix(FOR GS)... [n=6400, nc=25340, nnz=36486026, k=4] [417.7 MB]
Creating vector for yes...[50.0 KB]
Allocating iteration vectors... [2 x 50.0 KB]
TOTAL: [417.8 MB]

Starting iterations...

Iterative method: 2048495 iterations in 178.87 seconds (average 0.000087, setup 5.71)

Value in the initial state: 0.32232543640133793

Time for model checking: 188.023 seconds.

Result: 0.32232543640133793 (value in the initial state)

