PRISM
=====

Version: 4.4.dev
Date: Sun May 20 20:18:58 IRDT 2018
Hostname: sadegh-H81M-S2PH
Memory limits: cudd=1g, java(heap)=2.1g
Command line: prism dns91.nm dns.pctl -s -improvedmodpoliter -maxiters 90050 -epsilon 1e-8 -javamaxmem 2400m

Parsing model file "dns91.nm"...

Parsing properties file "dns.pctl"...

1 property:
(1) Pmax=? [ "pp" U "qq" ]

Type:        MDP
Modules:     m1 m2 m3 
Variables:   s1 s2 s3 

---------------------------------------------------------------------

Model checking: Pmax=? [ "pp" U "qq" ]

Building model...

Computing reachable states...

Reachability (BFS): 3 iterations in 0.01 seconds (average 0.001667, setup 0.00)

Time for model construction: 15.676 seconds.

Type:        MDP
States:      9600 (1 initial)
Transitions: 183488240
Choices:     38400

Transition matrix: 19847663 nodes (370058 terminal), 183488240 minterms, vars: 15r/15c/4nd

Prob0A: 2 iterations in 0.00 seconds (average 0.002000, setup 0.00)

Prob1E: 4 iterations in 1.80 seconds (average 0.450750, setup 0.00)

yes = 10, no = 36, maybe = 9554

Computing remaining probabilities...
Engine: Sparse

Building sparse matrix (FOR POLICY ITERASION)... [n=9600, nc=38216, nnz=182645243, k=4] [2.0 GB]
Creating vector for yes...[75.0 KB]
Allocating iteration vectors... [2 x 75.0 KB]
TOTAL: [2.0 GB]

Starting iterations...
Iteration 204: max relative diff=0.009712, 8.53 sec so far
Iteration 408: max relative diff=0.001469, 17.24 sec so far
Iteration 612: max relative diff=0.000126, 25.88 sec so far
Iteration 816: max relative diff=0.000023, 34.50 sec so far
Iteration 1020: max relative diff=0.000002, 43.13 sec so far
Iteration 1224: max relative diff=0.000000, 52.04 sec so far
Iteration 1428: max relative diff=0.000000, 60.94 sec so far
Iteration 1618: max relative diff=0.000000, 69.30 sec so far

Iterative method: 1618 iterations in 69.30 seconds (average 0.042833, setup 13.20)

Value in the initial state: 0.38986542374572875

Time for model checking: 85.085 seconds.

Result: 0.38986542374572875 (value in the initial state)

