PRISM
=====

Version: 4.4.dev
Date: Sun May 20 11:56:38 IRDT 2018
Hostname: sadegh-H81M-S2PH
Memory limits: cudd=1g, java(heap)=2.1g
Command line: prism dns20.nm dns.pctl -s -improvedmodpoliter2 -maxiters 90050 -epsilon 1e-8 -javamaxmem 2400m

Parsing model file "dns20.nm"...

Parsing properties file "dns.pctl"...

1 property:
(1) Pmax=? [ "pp" U "qq" ]

Type:        MDP
Modules:     m1 m2 m3 
Variables:   s1 s2 s3 

---------------------------------------------------------------------

Model checking: Pmax=? [ "pp" U "qq" ]

Building model...

Computing reachable states...

Reachability (BFS): 3 iterations in 0.00 seconds (average 0.000333, setup 0.00)

Time for model construction: 6.551 seconds.

Type:        MDP
States:      8000 (1 initial)
Transitions: 186452652
Choices:     24000

Transition matrix: 8917711 nodes (421243 terminal), 186452652 minterms, vars: 15r/15c/3nd

Prob0A: 2 iterations in 0.00 seconds (average 0.000500, setup 0.00)

Prob1E: 4 iterations in 0.00 seconds (average 0.000250, setup 0.00)

yes = 10, no = 36, maybe = 7954

Computing remaining probabilities...
Engine: Sparse

Building sparse matrix (FOR POLICY ITERASION)... [n=8000, nc=23862, nnz=185398637, k=3] [2.1 GB]
Creating vector for yes...[62.5 KB]
Allocating iteration vectors... [2 x 62.5 KB]
TOTAL: [2.1 GB]

Starting iterations...
Iteration 303: max relative diff=0.012101, 6.93 sec so far
Iteration 606: max relative diff=0.001206, 13.86 sec so far
Iteration 909: max relative diff=0.000184, 20.78 sec so far
Iteration 1212: max relative diff=0.000035, 27.68 sec so far
Iteration 1515: max relative diff=0.000008, 34.61 sec so far
Iteration 1818: max relative diff=0.000001, 41.95 sec so far
Iteration 2020: max relative diff=0.000000, 47.02 sec so far
Iteration 2222: max relative diff=0.000000, 52.08 sec so far
Iteration 2424: max relative diff=0.000000, 57.15 sec so far
Iteration 2626: max relative diff=0.000000, 62.26 sec so far

Iterative method: 2664 iterations in 63.58 seconds (average 0.023867, setup 9.30)


Number of scallar multiplications: 63250M 

Value in the initial state: 0.35097835679005657

Time for model checking: 74.411 seconds.

Result: 0.35097835679005657 (value in the initial state)

