PRISM
=====

Version: 4.4.dev
Date: Sun May 20 15:12:47 IRDT 2018
Hostname: sadegh-H81M-S2PH
Memory limits: cudd=1g, java(heap)=2.1g
Command line: prism dns54.nm dns.pctl -s -modpoliter -maxiters 90050 -epsilon 1e-8 -javamaxmem 2400m

Parsing model file "dns54.nm"...

Parsing properties file "dns.pctl"...

1 property:
(1) Pmax=? [ "pp" U "qq" ]

Type:        MDP
Modules:     m1 m2 m3 
Variables:   s1 s2 s3 

---------------------------------------------------------------------

Model checking: Pmax=? [ "pp" U "qq" ]

Building model...

Computing reachable states...

Reachability (BFS): 3 iterations in 0.00 seconds (average 0.000667, setup 0.00)

Time for model construction: 8.89 seconds.

Type:        MDP
States:      9600 (1 initial)
Transitions: 189897261
Choices:     28800

Transition matrix: 12145669 nodes (213495 terminal), 189897261 minterms, vars: 15r/15c/3nd

Prob0A: 2 iterations in 0.00 seconds (average 0.001000, setup 0.00)

Prob1E: 4 iterations in 0.00 seconds (average 0.000500, setup 0.00)

yes = 10, no = 28, maybe = 9562

Computing remaining probabilities...
Engine: Sparse

Building sparse matrix (FOR POLICY ITERASION)... [n=9600, nc=28686, nnz=189148781, k=3] [2.1 GB]
Creating vector for yes...[75.0 KB]
Allocating iteration vectors... [2 x 75.0 KB]
TOTAL: [2.1 GB]

Starting iterations...
Iteration 101: max relative diff=0.051758, 6.78 sec so far
Iteration 202: max relative diff=0.008429, 13.44 sec so far
Iteration 303: max relative diff=0.002091, 20.06 sec so far
Iteration 404: max relative diff=0.000758, 26.67 sec so far
Iteration 505: max relative diff=0.000327, 33.26 sec so far
Iteration 606: max relative diff=0.000086, 39.86 sec so far
Iteration 707: max relative diff=0.000030, 46.46 sec so far
Iteration 808: max relative diff=0.000011, 53.06 sec so far
Iteration 909: max relative diff=0.000004, 59.66 sec so far
Iteration 1010: max relative diff=0.000002, 66.25 sec so far
Iteration 1111: max relative diff=0.000000, 72.84 sec so far
Iteration 1212: max relative diff=0.000000, 79.43 sec so far
Iteration 1313: max relative diff=0.000000, 86.22 sec so far
Iteration 1414: max relative diff=0.000000, 92.83 sec so far
Iteration 1515: max relative diff=0.000000, 99.41 sec so far

Iterative method: 1527 iterations in 100.28 seconds (average 0.065675, setup 10.87)

Value in the initial state: 0.40030462929942867

Time for model checking: 111.678 seconds.

Result: 0.40030462929942867 (value in the initial state)

