PRISM
=====

Version: 4.4.dev
Date: Tue Jun 19 14:43:44 IRDT 2018
Hostname: sadegh-H81M-S2PH
Memory limits: cudd=1g, java(heap)=2.1g
Command line: prism dns168.nm dns.pctl -s -bucketvaliter2 -maxiters 90050 -javamaxmem 2400m

Parsing model file "dns168.nm"...

Parsing properties file "dns.pctl"...

1 property:
(1) Pmax=? [ "pp" U "qq" ]

Type:        MDP
Modules:     m1 m2 m3 
Variables:   s1 s2 s3 

---------------------------------------------------------------------

Model checking: Pmax=? [ "pp" U "qq" ]

Building model...

Computing reachable states...

Reachability (BFS): 3 iterations in 0.01 seconds (average 0.001667, setup 0.00)

Time for model construction: 9.693 seconds.

Type:        MDP
States:      9200 (1 initial)
Transitions: 17811030
Choices:     18400

Transition matrix: 9859398 nodes (487246 terminal), 17811030 minterms, vars: 15r/15c/2nd

Prob0A: 3 iterations in 0.01 seconds (average 0.002333, setup 0.00)

Prob1E: 9 iterations in 0.02 seconds (average 0.002667, setup 0.00)

yes = 10, no = 10, maybe = 9180

Computing remaining probabilities...
Engine: Sparse

Building sparse matrix(FOR GS)... [n=9200, nc=18360, nnz=17773461, k=2] [203.5 MB]
Creating vector for yes...[71.9 KB]
Allocating iteration vectors... [2 x 71.9 KB]
TOTAL: [203.7 MB]

Starting iterations...

Iterative method: 39686179 iterations in 587.40 seconds (average 0.000015, setup 3.67)

Value in the initial state: 0.7498039769016466

Time for model checking: 634.239 seconds.

Result: 0.7498039769016466 (value in the initial state)

