PRISM
=====

Version: 4.4.dev
Date: Mon May 21 03:33:23 IRDT 2018
Hostname: sadegh-H81M-S2PH
Memory limits: cudd=1g, java(heap)=2.1g
Command line: prism dns190.nm dns.pctl -s -improvedmodpoliter2 -maxiters 90050 -epsilon 1e-8 -javamaxmem 2400m

Parsing model file "dns190.nm"...

Parsing properties file "dns.pctl"...

1 property:
(1) Pmax=? [ "pp" U "qq" ]

Type:        MDP
Modules:     m1 m2 m3 
Variables:   s1 s2 s3 

---------------------------------------------------------------------

Model checking: Pmax=? [ "pp" U "qq" ]

Building model...

Computing reachable states...

Reachability (BFS): 3 iterations in 0.01 seconds (average 0.001667, setup 0.00)

Time for model construction: 7.0 seconds.

Type:        MDP
States:      8000 (1 initial)
Transitions: 12790260
Choices:     32000

Transition matrix: 9886024 nodes (749214 terminal), 12790260 minterms, vars: 15r/15c/4nd

Prob0A: 3 iterations in 0.01 seconds (average 0.002000, setup 0.00)

Prob1E: 4 iterations in 0.00 seconds (average 0.000500, setup 0.00)

yes = 10, no = 45, maybe = 7945

Computing remaining probabilities...
Engine: Sparse

Building sparse matrix (FOR POLICY ITERASION)... [n=8000, nc=31780, nnz=12706048, k=4] [145.6 MB]
Creating vector for yes...[62.5 KB]
Allocating iteration vectors... [2 x 62.5 KB]
TOTAL: [145.7 MB]

Starting iterations...
Iteration 3131: max relative diff=0.000000, 5.04 sec so far

Iterative method: 4308 iterations in 7.15 seconds (average 0.001660, setup 2.45)


Number of scallar multiplications: 6649M 

Value in the initial state: 0.7216804747338728

Time for model checking: 9.649 seconds.

Result: 0.7216804747338728 (value in the initial state)

