PRISM
=====

Version: 4.4.dev
Date: Sun May 20 23:33:36 IRDT 2018
Hostname: sadegh-H81M-S2PH
Memory limits: cudd=1g, java(heap)=2.1g
Command line: prism dns122.nm dns.pctl -s -explicitmodpoliter -maxiters 90050 -epsilon 1e-8 -javamaxmem 2400m

Parsing model file "dns122.nm"...

Parsing properties file "dns.pctl"...

1 property:
(1) Pmax=? [ "pp" U "qq" ]

Type:        MDP
Modules:     m1 m2 m3 
Variables:   s1 s2 s3 

---------------------------------------------------------------------

Model checking: Pmax=? [ "pp" U "qq" ]

Building model...

Computing reachable states...

Reachability (BFS): 3 iterations in 0.00 seconds (average 0.000667, setup 0.00)

Time for model construction: 6.616 seconds.

Type:        MDP
States:      8000 (1 initial)
Transitions: 60551854
Choices:     24000

Transition matrix: 8977381 nodes (498037 terminal), 60551854 minterms, vars: 15r/15c/3nd

Prob0A: 3 iterations in 0.00 seconds (average 0.000667, setup 0.00)

Prob1E: 9 iterations in 0.01 seconds (average 0.000556, setup 0.00)

yes = 10, no = 10, maybe = 7980

Computing remaining probabilities...
Engine: Sparse

Building sparse matrix (FOR POLICY ITERASION)... [n=8000, nc=23940, nnz=60414537, k=3] [691.5 MB]
Creating vector for yes...[62.5 KB]
Allocating iteration vectors... [2 x 62.5 KB]
TOTAL: [691.7 MB]

Starting iterations...
Iteration 303: max relative diff=0.010895, 5.49 sec so far
Iteration 606: max relative diff=0.001821, 11.01 sec so far
Iteration 909: max relative diff=0.000354, 16.56 sec so far
Iteration 1212: max relative diff=0.000119, 22.11 sec so far
Iteration 1515: max relative diff=0.000053, 27.66 sec so far
Iteration 1818: max relative diff=0.000055, 33.30 sec so far
Iteration 2121: max relative diff=0.000036, 39.05 sec so far
Iteration 2424: max relative diff=0.000004, 44.90 sec so far
Iteration 2727: max relative diff=0.000002, 50.63 sec so far
Iteration 3030: max relative diff=0.000001, 56.31 sec so far
Iteration 3333: max relative diff=0.000001, 62.14 sec so far
Iteration 3636: max relative diff=0.000000, 67.97 sec so far
Iteration 3939: max relative diff=0.000000, 73.53 sec so far
Iteration 4242: max relative diff=0.000000, 79.08 sec so far
Iteration 4545: max relative diff=0.000000, 84.93 sec so far
Iteration 4848: max relative diff=0.000000, 90.67 sec so far
Iteration 5151: max relative diff=0.000000, 96.34 sec so far
Iteration 5454: max relative diff=0.000000, 102.19 sec so far

Iterative method: 5698 iterations in 106.91 seconds (average 0.018762, setup 4.40)

Value in the initial state: 0.8052185019697996

Time for model checking: 111.54 seconds.

Result: 0.8052185019697996 (value in the initial state)

