PRISM
=====

Version: 4.4.dev
Date: Sun May 20 11:13:32 IRDT 2018
Hostname: sadegh-H81M-S2PH
Memory limits: cudd=1g, java(heap)=2.1g
Command line: prism dns8.nm dns.pctl -s -explicitmodpoliter -maxiters 90050 -epsilon 1e-8 -javamaxmem 2400m

Parsing model file "dns8.nm"...

Parsing properties file "dns.pctl"...

1 property:
(1) Pmax=? [ "pp" U "qq" ]

Type:        MDP
Modules:     m1 m2 m3 
Variables:   s1 s2 s3 

---------------------------------------------------------------------

Model checking: Pmax=? [ "pp" U "qq" ]

Building model...

Computing reachable states...

Reachability (BFS): 2 iterations in 0.00 seconds (average 0.000000, setup 0.00)

Time for model construction: 2.701 seconds.

Type:        MDP
States:      8000 (1 initial)
Transitions: 124820770
Choices:     16000

Transition matrix: 3642166 nodes (104549 terminal), 124820770 minterms, vars: 15r/15c/2nd

Prob0A: 2 iterations in 0.00 seconds (average 0.000500, setup 0.00)

Prob1E: 4 iterations in 0.00 seconds (average 0.000000, setup 0.00)

yes = 10, no = 78, maybe = 7912

Computing remaining probabilities...
Engine: Sparse

Building sparse matrix (FOR POLICY ITERASION)... [n=8000, nc=15824, nnz=123463190, k=2] [1.4 GB]
Creating vector for yes...[62.5 KB]
Allocating iteration vectors... [2 x 62.5 KB]
TOTAL: [1.4 GB]

Starting iterations...
Iteration 101: max relative diff=0.052299, 5.75 sec so far
Iteration 202: max relative diff=0.004044, 11.55 sec so far
Iteration 303: max relative diff=0.000413, 17.37 sec so far
Iteration 404: max relative diff=0.000033, 23.20 sec so far
Iteration 505: max relative diff=0.000003, 29.01 sec so far
Iteration 606: max relative diff=0.000000, 34.83 sec so far
Iteration 707: max relative diff=0.000000, 40.88 sec so far

Iterative method: 719 iterations in 41.75 seconds (average 0.058063, setup 6.26)

Value in the initial state: 0.13619423113377294

Time for model checking: 48.579 seconds.

Result: 0.13619423113377294 (value in the initial state)

