PRISM
=====

Version: 4.4.dev
Date: Sun May 20 15:50:05 IRDT 2018
Hostname: sadegh-H81M-S2PH
Memory limits: cudd=1g, java(heap)=2.1g
Command line: prism dns59.nm dns.pctl -s -improvedmodpoliter2 -maxiters 90050 -epsilon 1e-8 -javamaxmem 2400m

Parsing model file "dns59.nm"...

Parsing properties file "dns.pctl"...

1 property:
(1) Pmax=? [ "pp" U "qq" ]

Type:        MDP
Modules:     m1 m2 m3 
Variables:   s1 s2 s3 

---------------------------------------------------------------------

Model checking: Pmax=? [ "pp" U "qq" ]

Building model...

Computing reachable states...

Reachability (BFS): 3 iterations in 0.00 seconds (average 0.000333, setup 0.00)

Time for model construction: 7.896 seconds.

Type:        MDP
States:      8800 (1 initial)
Transitions: 162322494
Choices:     26400

Transition matrix: 10357675 nodes (211449 terminal), 162322494 minterms, vars: 15r/15c/3nd

Prob0A: 2 iterations in 0.01 seconds (average 0.002500, setup 0.00)

Prob1E: 4 iterations in 0.00 seconds (average 0.000500, setup 0.00)

yes = 10, no = 55, maybe = 8735

Computing remaining probabilities...
Engine: Sparse

Building sparse matrix (FOR POLICY ITERASION)... [n=8800, nc=26205, nnz=161112563, k=3] [1.8 GB]
Creating vector for yes...[68.8 KB]
Allocating iteration vectors... [2 x 68.8 KB]
TOTAL: [1.8 GB]

Starting iterations...
Iteration 202: max relative diff=0.011349, 5.64 sec so far
Iteration 404: max relative diff=0.001020, 11.66 sec so far
Iteration 606: max relative diff=0.000099, 17.59 sec so far
Iteration 808: max relative diff=0.000006, 23.52 sec so far
Iteration 1010: max relative diff=0.000001, 29.44 sec so far
Iteration 1212: max relative diff=0.000000, 35.33 sec so far
Iteration 1414: max relative diff=0.000000, 41.25 sec so far

Iterative method: 1414 iterations in 41.25 seconds (average 0.029170, setup 9.33)


Number of scallar multiplications: 42483M 

Value in the initial state: 0.2316448658713666

Time for model checking: 51.886 seconds.

Result: 0.2316448658713666 (value in the initial state)

