PRISM
=====

Version: 4.4.dev
Date: Mon May 21 00:08:27 IRDT 2018
Hostname: sadegh-H81M-S2PH
Memory limits: cudd=1g, java(heap)=2.1g
Command line: prism dns129.nm dns.pctl -s -improvedmodpoliter2 -maxiters 90050 -epsilon 1e-8 -javamaxmem 2400m

Parsing model file "dns129.nm"...

Parsing properties file "dns.pctl"...

1 property:
(1) Pmax=? [ "pp" U "qq" ]

Type:        MDP
Modules:     m1 m2 m3 
Variables:   s1 s2 s3 

---------------------------------------------------------------------

Model checking: Pmax=? [ "pp" U "qq" ]

Building model...

Computing reachable states...

Reachability (BFS): 3 iterations in 0.01 seconds (average 0.004000, setup 0.00)

Time for model construction: 10.04 seconds.

Type:        MDP
States:      7200 (1 initial)
Transitions: 64473068
Choices:     28800

Transition matrix: 13190569 nodes (699305 terminal), 64473068 minterms, vars: 15r/15c/4nd

Prob0A: 2 iterations in 0.00 seconds (average 0.001000, setup 0.00)

Prob1E: 9 iterations in 0.01 seconds (average 0.001222, setup 0.00)

yes = 10, no = 10, maybe = 7180

Computing remaining probabilities...
Engine: Sparse

Building sparse matrix (FOR POLICY ITERASION)... [n=7200, nc=28720, nnz=64310330, k=4] [736.1 MB]
Creating vector for yes...[56.2 KB]
Allocating iteration vectors... [2 x 56.2 KB]
TOTAL: [736.3 MB]

Starting iterations...
Iteration 909: max relative diff=0.000907, 5.20 sec so far
Iteration 1818: max relative diff=0.000186, 10.38 sec so far
Iteration 2727: max relative diff=0.000040, 15.55 sec so far
Iteration 3636: max relative diff=0.000016, 20.71 sec so far
Iteration 4545: max relative diff=0.000006, 25.87 sec so far
Iteration 5454: max relative diff=0.000003, 31.17 sec so far
Iteration 6363: max relative diff=0.000001, 36.63 sec so far
Iteration 7272: max relative diff=0.000000, 42.08 sec so far
Iteration 8181: max relative diff=0.000000, 47.53 sec so far
Iteration 9090: max relative diff=0.000000, 52.98 sec so far
Iteration 9999: max relative diff=0.000000, 58.43 sec so far

Iterative method: 10807 iterations in 63.28 seconds (average 0.005856, setup 5.22)


Number of scallar multiplications: 62130M 

Value in the initial state: 0.8166353363948579

Time for model checking: 68.783 seconds.

Result: 0.8166353363948579 (value in the initial state)

