PRISM
=====

Version: 4.4.dev
Date: Sun May 20 15:56:28 IRDT 2018
Hostname: sadegh-H81M-S2PH
Memory limits: cudd=1g, java(heap)=2.1g
Command line: prism dns60.nm dns.pctl -s -improvedmodpoliter -maxiters 90050 -epsilon 1e-8 -javamaxmem 2400m

Parsing model file "dns60.nm"...

Parsing properties file "dns.pctl"...

1 property:
(1) Pmax=? [ "pp" U "qq" ]

Type:        MDP
Modules:     m1 m2 m3 
Variables:   s1 s2 s3 

---------------------------------------------------------------------

Model checking: Pmax=? [ "pp" U "qq" ]

Building model...

Computing reachable states...

Reachability (BFS): 3 iterations in 0.00 seconds (average 0.000667, setup 0.00)

Time for model construction: 9.818 seconds.

Type:        MDP
States:      7200 (1 initial)
Transitions: 183698563
Choices:     36000

Transition matrix: 12238527 nodes (274413 terminal), 183698563 minterms, vars: 15r/15c/5nd

Prob0A: 2 iterations in 0.01 seconds (average 0.004000, setup 0.00)

Prob1E: 4 iterations in 0.00 seconds (average 0.000250, setup 0.00)

yes = 10, no = 15, maybe = 7175

Computing remaining probabilities...
Engine: Sparse

Building sparse matrix (FOR POLICY ITERASION)... [n=7200, nc=35875, nnz=183084085, k=5] [2.0 GB]
Creating vector for yes...[56.2 KB]
Allocating iteration vectors... [2 x 56.2 KB]
TOTAL: [2.0 GB]

Starting iterations...
Iteration 204: max relative diff=0.006528, 7.10 sec so far
Iteration 408: max relative diff=0.000995, 14.21 sec so far
Iteration 612: max relative diff=0.000131, 21.31 sec so far
Iteration 816: max relative diff=0.000020, 28.41 sec so far
Iteration 1020: max relative diff=0.000003, 35.50 sec so far
Iteration 1224: max relative diff=0.000000, 42.90 sec so far
Iteration 1428: max relative diff=0.000000, 50.31 sec so far
Iteration 1632: max relative diff=0.000000, 57.64 sec so far

Iterative method: 1734 iterations in 61.22 seconds (average 0.035303, setup 10.48)

Value in the initial state: 0.564877568809596

Time for model checking: 72.421 seconds.

Result: 0.564877568809596 (value in the initial state)

