PRISM
=====

Version: 4.4.dev
Date: Tue Jun 19 19:37:24 IRDT 2018
Hostname: sadegh-H81M-S2PH
Memory limits: cudd=1g, java(heap)=2.1g
Command line: prism dns199.nm dns.pctl -s -backwardvaliter -maxiters 90050 -epsilon 1e-6 -javamaxmem 2400m

Parsing model file "dns199.nm"...

Parsing properties file "dns.pctl"...

1 property:
(1) Pmax=? [ "pp" U "qq" ]

Type:        MDP
Modules:     m1 m2 m3 
Variables:   s1 s2 s3 

---------------------------------------------------------------------

Model checking: Pmax=? [ "pp" U "qq" ]

Building model...

Computing reachable states...

Reachability (BFS): 5 iterations in 0.00 seconds (average 0.000800, setup 0.00)

Time for model construction: 7.466 seconds.

Type:        MDP
States:      12800 (1 initial)
Transitions: 9619689
Choices:     38400

Transition matrix: 8941635 nodes (364978 terminal), 9619689 minterms, vars: 15r/15c/3nd

Prob0A: 4 iterations in 0.00 seconds (average 0.001000, setup 0.00)

Prob1E: 45 iterations in 0.03 seconds (average 0.000733, setup 0.00)

yes = 10, no = 21, maybe = 12769

Computing remaining probabilities...
Engine: Sparse

Building sparse matrix(FOR GS)... [n=12800, nc=38307, nnz=9596832, k=3] [110.0 MB]
Creating vector for yes...[100.0 KB]
Allocating iteration vectors... [2 x 100.0 KB]
TOTAL: [110.3 MB]

Starting iterations...
Iteration 288: max relative diff=0.001323, 5.02 sec so far
Iteration 579: max relative diff=0.000404, 10.03 sec so far
Iteration 870: max relative diff=0.000203, 15.05 sec so far
Iteration 1161: max relative diff=0.000128, 20.05 sec so far
Iteration 1452: max relative diff=0.000089, 25.07 sec so far
Iteration 1743: max relative diff=0.000066, 30.09 sec so far
Iteration 2034: max relative diff=0.000051, 35.10 sec so far
Iteration 2325: max relative diff=0.000039, 40.11 sec so far
Iteration 2617: max relative diff=0.000032, 45.12 sec so far
Iteration 2908: max relative diff=0.000027, 50.13 sec so far
Iteration 3199: max relative diff=0.000023, 55.15 sec so far
Iteration 3490: max relative diff=0.000020, 60.16 sec so far
Iteration 3781: max relative diff=0.000018, 65.17 sec so far
Iteration 4072: max relative diff=0.000016, 70.18 sec so far
Iteration 4363: max relative diff=0.000014, 75.19 sec so far
Iteration 4654: max relative diff=0.000013, 80.20 sec so far
Iteration 4945: max relative diff=0.000011, 85.21 sec so far
Iteration 5236: max relative diff=0.000010, 90.23 sec so far
Iteration 5527: max relative diff=0.000009, 95.23 sec so far
Iteration 5818: max relative diff=0.000009, 100.24 sec so far
Iteration 6109: max relative diff=0.000008, 105.25 sec so far
Iteration 6400: max relative diff=0.000007, 110.25 sec so far
Iteration 6691: max relative diff=0.000007, 115.27 sec so far
Iteration 6982: max relative diff=0.000006, 120.28 sec so far
Iteration 7273: max relative diff=0.000006, 125.28 sec so far
Iteration 7564: max relative diff=0.000005, 130.30 sec so far
Iteration 7855: max relative diff=0.000005, 135.31 sec so far
Iteration 8146: max relative diff=0.000005, 140.32 sec so far
Iteration 8437: max relative diff=0.000004, 145.34 sec so far
Iteration 8727: max relative diff=0.000004, 150.34 sec so far
Iteration 9018: max relative diff=0.000004, 155.35 sec so far
Iteration 9309: max relative diff=0.000004, 160.36 sec so far
Iteration 9600: max relative diff=0.000004, 165.37 sec so far
Iteration 9891: max relative diff=0.000004, 170.38 sec so far
Iteration 10182: max relative diff=0.000003, 175.38 sec so far
Iteration 10473: max relative diff=0.000003, 180.39 sec so far
Iteration 10764: max relative diff=0.000003, 185.40 sec so far
Iteration 11055: max relative diff=0.000003, 190.41 sec so far
Iteration 11346: max relative diff=0.000003, 195.42 sec so far
Iteration 11637: max relative diff=0.000003, 200.43 sec so far
Iteration 11928: max relative diff=0.000003, 205.44 sec so far
Iteration 12219: max relative diff=0.000003, 210.46 sec so far
Iteration 12508: max relative diff=0.000003, 215.46 sec so far
Iteration 12799: max relative diff=0.000002, 220.47 sec so far
Iteration 13090: max relative diff=0.000002, 225.48 sec so far
Iteration 13381: max relative diff=0.000002, 230.48 sec so far
Iteration 13672: max relative diff=0.000002, 235.49 sec so far
Iteration 13963: max relative diff=0.000002, 240.50 sec so far
Iteration 14254: max relative diff=0.000002, 245.51 sec so far
Iteration 14545: max relative diff=0.000002, 250.52 sec so far
Iteration 14836: max relative diff=0.000002, 255.54 sec so far
Iteration 15127: max relative diff=0.000002, 260.55 sec so far
Iteration 15418: max relative diff=0.000002, 265.57 sec so far
Iteration 15709: max relative diff=0.000002, 270.58 sec so far
Iteration 16000: max relative diff=0.000002, 275.60 sec so far
Iteration 16291: max relative diff=0.000002, 280.61 sec so far
Iteration 16582: max relative diff=0.000002, 285.62 sec so far
Iteration 16873: max relative diff=0.000002, 290.63 sec so far
Iteration 17164: max relative diff=0.000001, 295.64 sec so far
Iteration 17455: max relative diff=0.000001, 300.65 sec so far
Iteration 17746: max relative diff=0.000001, 305.66 sec so far
Iteration 18037: max relative diff=0.000001, 310.67 sec so far
Iteration 18327: max relative diff=0.000001, 315.67 sec so far
Iteration 18617: max relative diff=0.000001, 320.67 sec so far
Iteration 18908: max relative diff=0.000001, 325.68 sec so far
Iteration 19197: max relative diff=0.000001, 330.68 sec so far
Iteration 19488: max relative diff=0.000001, 335.70 sec so far
Iteration 19779: max relative diff=0.000001, 340.71 sec so far
Iteration 20070: max relative diff=0.000001, 345.73 sec so far
Iteration 20361: max relative diff=0.000001, 350.74 sec so far

Iterative method: 20373 iterations in 350.95 seconds (average 0.017226, setup 2.65)

Value in the initial state: 0.9514221363511226

Time for model checking: 353.806 seconds.

Result: 0.9514221363511226 (value in the initial state)

Warning: CUDD reports 8933912 non-zero references.

