PRISM
=====

Version: 4.4.dev
Date: Sun Jun 17 10:55:02 IRDT 2018
Hostname: sadegh-H81M-S2PH
Memory limits: cudd=1g, java(heap)=2.1g
Command line: prism dns47.nm dns.pctl -s -bucketvaliter2 -maxiters 90050 -javamaxmem 2400m

Parsing model file "dns47.nm"...

Parsing properties file "dns.pctl"...

1 property:
(1) Pmax=? [ "pp" U "qq" ]

Type:        MDP
Modules:     m1 m2 m3 
Variables:   s1 s2 s3 

---------------------------------------------------------------------

Model checking: Pmax=? [ "pp" U "qq" ]

Building model...

Computing reachable states...

Reachability (BFS): 2 iterations in 0.01 seconds (average 0.003500, setup 0.00)

Time for model construction: 19.226 seconds.

Type:        MDP
States:      9600 (1 initial)
Transitions: 258634988
Choices:     38400

Transition matrix: 18759738 nodes (400024 terminal), 258634988 minterms, vars: 15r/15c/4nd

Prob0A: 2 iterations in 0.01 seconds (average 0.005000, setup 0.00)

Prob1E: 4 iterations in 0.00 seconds (average 0.001000, setup 0.00)

yes = 10, no = 91, maybe = 9499

Computing remaining probabilities...
Engine: Sparse

Building sparse matrix(FOR GS)... [n=9600, nc=37996, nnz=255873535, k=4] [2.9 GB]
Creating vector for yes...[75.0 KB]
Allocating iteration vectors... [2 x 75.0 KB]
TOTAL: [2.9 GB]

Starting iterations...

Iterative method: 1757179 iterations in 618.44 seconds (average 0.000352, setup 27.23)

Value in the initial state: 0.1964295795596784

Time for model checking: 651.887 seconds.

Result: 0.1964295795596784 (value in the initial state)

