PRISM
=====

Version: 4.4.dev
Date: Sun May 20 16:13:30 IRDT 2018
Hostname: sadegh-H81M-S2PH
Memory limits: cudd=1g, java(heap)=2.1g
Command line: prism dns64.nm dns.pctl -s -improvedmodpoliter2 -maxiters 90050 -epsilon 1e-8 -javamaxmem 2400m

Parsing model file "dns64.nm"...

Parsing properties file "dns.pctl"...

1 property:
(1) Pmax=? [ "pp" U "qq" ]

Type:        MDP
Modules:     m1 m2 m3 
Variables:   s1 s2 s3 

---------------------------------------------------------------------

Model checking: Pmax=? [ "pp" U "qq" ]

Building model...

Computing reachable states...

Reachability (BFS): 3 iterations in 0.00 seconds (average 0.000333, setup 0.00)

Time for model construction: 5.529 seconds.

Type:        MDP
States:      8000 (1 initial)
Transitions: 78151416
Choices:     16000

Transition matrix: 7143551 nodes (317278 terminal), 78151416 minterms, vars: 15r/15c/2nd

Prob0A: 2 iterations in 0.01 seconds (average 0.003500, setup 0.00)

Prob1E: 4 iterations in 0.00 seconds (average 0.000250, setup 0.00)

yes = 10, no = 120, maybe = 7870

Computing remaining probabilities...
Engine: Sparse

Building sparse matrix (FOR POLICY ITERASION)... [n=8000, nc=15740, nnz=76893082, k=2] [880.1 MB]
Creating vector for yes...[62.5 KB]
Allocating iteration vectors... [2 x 62.5 KB]
TOTAL: [880.2 MB]

Starting iterations...
Iteration 303: max relative diff=0.001519, 5.18 sec so far
Iteration 606: max relative diff=0.000001, 10.36 sec so far

Iterative method: 808 iterations in 14.18 seconds (average 0.017552, setup 5.91)


Number of scallar multiplications: 14480M 

Value in the initial state: 0.13608658709632468

Time for model checking: 20.717 seconds.

Result: 0.13608658709632468 (value in the initial state)

