PRISM
=====

Version: 4.4.dev
Date: Tue Jun 19 12:20:44 IRDT 2018
Hostname: sadegh-H81M-S2PH
Memory limits: cudd=1g, java(heap)=2.1g
Command line: prism dns158.nm dns.pctl -s -bucketvaliter2 -maxiters 90050 -javamaxmem 2400m

Parsing model file "dns158.nm"...

Parsing properties file "dns.pctl"...

1 property:
(1) Pmax=? [ "pp" U "qq" ]

Type:        MDP
Modules:     m1 m2 m3 
Variables:   s1 s2 s3 

---------------------------------------------------------------------

Model checking: Pmax=? [ "pp" U "qq" ]

Building model...

Computing reachable states...

Reachability (BFS): 3 iterations in 0.00 seconds (average 0.001333, setup 0.00)

Time for model construction: 11.3 seconds.

Type:        MDP
States:      7200 (1 initial)
Transitions: 35092311
Choices:     21600

Transition matrix: 10847663 nodes (499737 terminal), 35092311 minterms, vars: 15r/15c/3nd

Prob0A: 3 iterations in 0.01 seconds (average 0.004333, setup 0.00)

Prob1E: 4 iterations in 0.00 seconds (average 0.000750, setup 0.00)

yes = 10, no = 55, maybe = 7135

Computing remaining probabilities...
Engine: Sparse

Building sparse matrix(FOR GS)... [n=7200, nc=21405, nnz=34769314, k=3] [398.0 MB]
Creating vector for yes...[56.2 KB]
Allocating iteration vectors... [2 x 56.2 KB]
TOTAL: [398.2 MB]

Starting iterations...

Iterative method: 3215160 iterations in 167.70 seconds (average 0.000052, setup 5.61)

Value in the initial state: 0.30479501494972716

Time for model checking: 178.117 seconds.

Result: 0.30479501494972716 (value in the initial state)

