PRISM
=====

Version: 4.4.dev
Date: Sun May 20 16:37:01 IRDT 2018
Hostname: sadegh-H81M-S2PH
Memory limits: cudd=1g, java(heap)=2.1g
Command line: prism dns70.nm dns.pctl -s -improvedmodpoliter2 -maxiters 90050 -epsilon 1e-8 -javamaxmem 2400m

Parsing model file "dns70.nm"...

Parsing properties file "dns.pctl"...

1 property:
(1) Pmax=? [ "pp" U "qq" ]

Type:        MDP
Modules:     m1 m2 m3 
Variables:   s1 s2 s3 

---------------------------------------------------------------------

Model checking: Pmax=? [ "pp" U "qq" ]

Building model...

Computing reachable states...

Reachability (BFS): 3 iterations in 0.00 seconds (average 0.000333, setup 0.00)

Time for model construction: 3.812 seconds.

Type:        MDP
States:      6000 (1 initial)
Transitions: 44194484
Choices:     12000

Transition matrix: 4411494 nodes (400101 terminal), 44194484 minterms, vars: 14r/14c/2nd

Prob0A: 2 iterations in 0.00 seconds (average 0.001000, setup 0.00)

Prob1E: 4 iterations in 0.00 seconds (average 0.000500, setup 0.00)

yes = 10, no = 105, maybe = 5885

Computing remaining probabilities...
Engine: Sparse

Building sparse matrix (FOR POLICY ITERASION)... [n=6000, nc=11770, nnz=43334246, k=2] [496.0 MB]
Creating vector for yes...[46.9 KB]
Allocating iteration vectors... [2 x 46.9 KB]
TOTAL: [496.1 MB]

Starting iterations...
Iteration 606: max relative diff=0.000000, 5.49 sec so far

Iterative method: 729 iterations in 6.70 seconds (average 0.009189, setup 3.64)


Number of scallar multiplications: 6714M 

Value in the initial state: 0.11356564624280617

Time for model checking: 10.619 seconds.

Result: 0.11356564624280617 (value in the initial state)

