PRISM
=====

Version: 4.4.dev
Date: Mon May 21 01:47:47 IRDT 2018
Hostname: sadegh-H81M-S2PH
Memory limits: cudd=1g, java(heap)=2.1g
Command line: prism dns160.nm dns.pctl -s -improvedmodpoliter2 -maxiters 90050 -epsilon 1e-8 -javamaxmem 2400m

Parsing model file "dns160.nm"...

Parsing properties file "dns.pctl"...

1 property:
(1) Pmax=? [ "pp" U "qq" ]

Type:        MDP
Modules:     m1 m2 m3 
Variables:   s1 s2 s3 

---------------------------------------------------------------------

Model checking: Pmax=? [ "pp" U "qq" ]

Building model...

Computing reachable states...

Reachability (BFS): 3 iterations in 0.00 seconds (average 0.001333, setup 0.00)

Time for model construction: 9.047 seconds.

Type:        MDP
States:      8000 (1 initial)
Transitions: 43512210
Choices:     24000

Transition matrix: 11803692 nodes (395493 terminal), 43512210 minterms, vars: 15r/15c/3nd

Prob0A: 3 iterations in 0.01 seconds (average 0.001667, setup 0.00)

Prob1E: 4 iterations in 0.00 seconds (average 0.000500, setup 0.00)

yes = 10, no = 78, maybe = 7912

Computing remaining probabilities...
Engine: Sparse

Building sparse matrix (FOR POLICY ITERASION)... [n=8000, nc=23736, nnz=43031139, k=3] [492.6 MB]
Creating vector for yes...[62.5 KB]
Allocating iteration vectors... [2 x 62.5 KB]
TOTAL: [492.8 MB]

Starting iterations...
Iteration 707: max relative diff=0.000003, 5.62 sec so far

Iterative method: 1032 iterations in 8.70 seconds (average 0.008425, setup 5.10)


Number of scallar multiplications: 8870M 

Value in the initial state: 0.23287829052725154

Time for model checking: 14.068 seconds.

Result: 0.23287829052725154 (value in the initial state)

