PRISM
=====

Version: 4.4.dev
Date: Sun May 20 21:33:29 IRDT 2018
Hostname: sadegh-H81M-S2PH
Memory limits: cudd=1g, java(heap)=2.1g
Command line: prism dns105.nm dns.pctl -s -improvedmodpoliter -maxiters 90050 -epsilon 1e-8 -javamaxmem 2400m

Parsing model file "dns105.nm"...

Parsing properties file "dns.pctl"...

1 property:
(1) Pmax=? [ "pp" U "qq" ]

Type:        MDP
Modules:     m1 m2 m3 
Variables:   s1 s2 s3 

---------------------------------------------------------------------

Model checking: Pmax=? [ "pp" U "qq" ]

Building model...

Computing reachable states...

Reachability (BFS): 3 iterations in 0.00 seconds (average 0.001333, setup 0.00)

Time for model construction: 9.796 seconds.

Type:        MDP
States:      8800 (1 initial)
Transitions: 95750421
Choices:     26400

Transition matrix: 13341301 nodes (431300 terminal), 95750421 minterms, vars: 15r/15c/3nd

Prob0A: 3 iterations in 0.01 seconds (average 0.003333, setup 0.00)

Prob1E: 4 iterations in 0.00 seconds (average 0.000500, setup 0.00)

yes = 10, no = 36, maybe = 8754

Computing remaining probabilities...
Engine: Sparse

Building sparse matrix (FOR POLICY ITERASION)... [n=8800, nc=26262, nnz=95261726, k=3] [1.1 GB]
Creating vector for yes...[68.8 KB]
Allocating iteration vectors... [2 x 68.8 KB]
TOTAL: [1.1 GB]

Starting iterations...
Iteration 204: max relative diff=0.012540, 6.00 sec so far
Iteration 408: max relative diff=0.001808, 11.85 sec so far
Iteration 612: max relative diff=0.000260, 17.65 sec so far
Iteration 816: max relative diff=0.000051, 23.44 sec so far
Iteration 1020: max relative diff=0.000008, 29.23 sec so far
Iteration 1224: max relative diff=0.000001, 35.16 sec so far
Iteration 1428: max relative diff=0.000000, 41.08 sec so far
Iteration 1632: max relative diff=0.000000, 47.28 sec so far
Iteration 1836: max relative diff=0.000000, 53.37 sec so far

Iterative method: 1922 iterations in 55.86 seconds (average 0.029066, setup 7.70)

Value in the initial state: 0.40178737966608186

Time for model checking: 64.027 seconds.

Result: 0.40178737966608186 (value in the initial state)

