PRISM
=====

Version: 4.4.dev
Date: Sun Jun 17 23:35:38 IRDT 2018
Hostname: sadegh-H81M-S2PH
Memory limits: cudd=1g, java(heap)=2.1g
Command line: prism dns85.nm dns.pctl -s -backwardvaliter -maxiters 90050 -epsilon 1e-6 -javamaxmem 2400m

Parsing model file "dns85.nm"...

Parsing properties file "dns.pctl"...

1 property:
(1) Pmax=? [ "pp" U "qq" ]

Type:        MDP
Modules:     m1 m2 m3 
Variables:   s1 s2 s3 

---------------------------------------------------------------------

Model checking: Pmax=? [ "pp" U "qq" ]

Building model...

Computing reachable states...

Reachability (BFS): 3 iterations in 0.00 seconds (average 0.001000, setup 0.00)

Time for model construction: 10.681 seconds.

Type:        MDP
States:      9200 (1 initial)
Transitions: 83807756
Choices:     18400

Transition matrix: 9360497 nodes (292100 terminal), 83807756 minterms, vars: 15r/15c/2nd

Prob0A: 2 iterations in 0.00 seconds (average 0.002000, setup 0.00)

Prob1E: 4 iterations in 0.01 seconds (average 0.001500, setup 0.00)

yes = 10, no = 78, maybe = 9112

Computing remaining probabilities...
Engine: Sparse

Building sparse matrix(FOR GS)... [n=9200, nc=18224, nnz=83002372, k=2] [950.0 MB]
Creating vector for yes...[71.9 KB]
Allocating iteration vectors... [2 x 71.9 KB]
TOTAL: [950.2 MB]

Starting iterations...
Iteration 31: max relative diff=0.023349, 5.07 sec so far
Iteration 68: max relative diff=0.006664, 10.20 sec so far
Iteration 105: max relative diff=0.002732, 15.32 sec so far
Iteration 142: max relative diff=0.001259, 20.45 sec so far
Iteration 179: max relative diff=0.000610, 25.57 sec so far
Iteration 216: max relative diff=0.000302, 30.70 sec so far
Iteration 253: max relative diff=0.000152, 35.82 sec so far
Iteration 290: max relative diff=0.000076, 40.95 sec so far
Iteration 327: max relative diff=0.000039, 46.07 sec so far
Iteration 364: max relative diff=0.000020, 51.19 sec so far
Iteration 401: max relative diff=0.000010, 56.31 sec so far
Iteration 438: max relative diff=0.000005, 61.44 sec so far
Iteration 475: max relative diff=0.000003, 66.56 sec so far
Iteration 512: max relative diff=0.000001, 71.68 sec so far

Iterative method: 526 iterations in 73.62 seconds (average 0.139970, setup 10.00)

Value in the initial state: 0.22641352843605697

Time for model checking: 84.039 seconds.

Result: 0.22641352843605697 (value in the initial state)

Warning: CUDD reports 10107177 non-zero references.

