PRISM
=====

Version: 4.4.dev
Date: Sat Jun 16 15:00:20 IRDT 2018
Hostname: sadegh-H81M-S2PH
Memory limits: cudd=1g, java(heap)=2.1g
Command line: prism dns4.nm dns.pctl -s -bucketvaliter2 -maxiters 90050 -javamaxmem 2400m

Parsing model file "dns4.nm"...

Parsing properties file "dns.pctl"...

1 property:
(1) Pmax=? [ "pp" U "qq" ]

Type:        MDP
Modules:     m1 m2 m3 
Variables:   s1 s2 s3 

---------------------------------------------------------------------

Model checking: Pmax=? [ "pp" U "qq" ]

Building model...

Computing reachable states...

Reachability (BFS): 2 iterations in 0.00 seconds (average 0.000000, setup 0.00)

Time for model construction: 5.44 seconds.

Type:        MDP
States:      4000 (1 initial)
Transitions: 93378300
Choices:     24000

Transition matrix: 4742718 nodes (338165 terminal), 93378300 minterms, vars: 14r/14c/6nd

Prob0A: 2 iterations in 0.00 seconds (average 0.001000, setup 0.00)

Prob1E: 4 iterations in 0.00 seconds (average 0.000000, setup 0.00)

yes = 10, no = 10, maybe = 3980

Computing remaining probabilities...
Engine: Sparse

Building sparse matrix(FOR GS)... [n=4000, nc=23880, nnz=92905060, k=6] [1.0 GB]
Creating vector for yes...[31.2 KB]
Allocating iteration vectors... [2 x 31.2 KB]
TOTAL: [1.0 GB]

Starting iterations...

Iterative method: 1014310 iterations in 492.52 seconds (average 0.000486, setup 8.07)

Value in the initial state: 0.6055417162573455

Time for model checking: 504.371 seconds.

Result: 0.6055417162573455 (value in the initial state)

