PRISM
=====

Version: 4.4.dev
Date: Sun Jun 17 00:44:58 IRDT 2018
Hostname: sadegh-H81M-S2PH
Memory limits: cudd=1g, java(heap)=2.1g
Command line: prism dns37.nm dns.pctl -s -gs -maxiters 90050 -epsilon 1e-6 -javamaxmem 2400m

Parsing model file "dns37.nm"...

Parsing properties file "dns.pctl"...

1 property:
(1) Pmax=? [ "pp" U "qq" ]

Type:        MDP
Modules:     m1 m2 m3 
Variables:   s1 s2 s3 

---------------------------------------------------------------------

Model checking: Pmax=? [ "pp" U "qq" ]

Building model...

Computing reachable states...

Reachability (BFS): 3 iterations in 0.00 seconds (average 0.000333, setup 0.00)

Time for model construction: 15.537 seconds.

Type:        MDP
States:      8000 (1 initial)
Transitions: 260109040
Choices:     40000

Transition matrix: 14624219 nodes (277218 terminal), 260109040 minterms, vars: 15r/15c/5nd

Prob0A: 2 iterations in 0.00 seconds (average 0.002000, setup 0.00)

Prob1E: 4 iterations in 0.00 seconds (average 0.000500, setup 0.00)

yes = 10, no = 21, maybe = 7969

Computing remaining probabilities...
Engine: Sparse

Building sparse matrix(FOR GS)... [n=8000, nc=39845, nnz=259108603, k=5] [2.9 GB]
Creating vector for yes...[62.5 KB]
Allocating iteration vectors... [2 x 62.5 KB]
TOTAL: [2.9 GB]

Starting iterations...
Iteration 12: max relative diff=0.084982, 5.22 sec so far
Iteration 24: max relative diff=0.036833, 10.38 sec so far
Iteration 36: max relative diff=0.021999, 15.54 sec so far
Iteration 48: max relative diff=0.014929, 20.70 sec so far
Iteration 60: max relative diff=0.010832, 25.86 sec so far
Iteration 72: max relative diff=0.008212, 31.02 sec so far
Iteration 84: max relative diff=0.006417, 36.18 sec so far
Iteration 96: max relative diff=0.005127, 41.34 sec so far
Iteration 108: max relative diff=0.004170, 46.50 sec so far
Iteration 120: max relative diff=0.003440, 51.66 sec so far
Iteration 132: max relative diff=0.002872, 56.82 sec so far
Iteration 144: max relative diff=0.002425, 61.98 sec so far
Iteration 156: max relative diff=0.002062, 67.15 sec so far
Iteration 168: max relative diff=0.001766, 72.31 sec so far
Iteration 180: max relative diff=0.001522, 77.47 sec so far
Iteration 192: max relative diff=0.001320, 82.63 sec so far
Iteration 204: max relative diff=0.001149, 87.79 sec so far
Iteration 216: max relative diff=0.001005, 92.96 sec so far
Iteration 228: max relative diff=0.000883, 98.11 sec so far
Iteration 240: max relative diff=0.000778, 103.28 sec so far
Iteration 252: max relative diff=0.000687, 108.44 sec so far
Iteration 264: max relative diff=0.000608, 113.60 sec so far
Iteration 276: max relative diff=0.000540, 118.75 sec so far
Iteration 288: max relative diff=0.000480, 123.92 sec so far
Iteration 300: max relative diff=0.000427, 129.08 sec so far
Iteration 312: max relative diff=0.000381, 134.24 sec so far
Iteration 324: max relative diff=0.000341, 139.40 sec so far
Iteration 336: max relative diff=0.000305, 144.57 sec so far
Iteration 348: max relative diff=0.000273, 149.73 sec so far
Iteration 360: max relative diff=0.000245, 154.89 sec so far
Iteration 372: max relative diff=0.000220, 160.06 sec so far
Iteration 384: max relative diff=0.000197, 165.22 sec so far
Iteration 396: max relative diff=0.000177, 170.38 sec so far
Iteration 408: max relative diff=0.000159, 175.54 sec so far
Iteration 420: max relative diff=0.000143, 180.70 sec so far
Iteration 432: max relative diff=0.000129, 185.86 sec so far
Iteration 444: max relative diff=0.000116, 191.02 sec so far
Iteration 456: max relative diff=0.000105, 196.18 sec so far
Iteration 468: max relative diff=0.000094, 201.34 sec so far
Iteration 480: max relative diff=0.000085, 206.50 sec so far
Iteration 492: max relative diff=0.000077, 211.66 sec so far
Iteration 504: max relative diff=0.000069, 216.82 sec so far
Iteration 516: max relative diff=0.000062, 221.98 sec so far
Iteration 528: max relative diff=0.000056, 227.14 sec so far
Iteration 540: max relative diff=0.000051, 232.30 sec so far
Iteration 552: max relative diff=0.000046, 237.46 sec so far
Iteration 564: max relative diff=0.000042, 242.63 sec so far
Iteration 576: max relative diff=0.000037, 247.79 sec so far
Iteration 588: max relative diff=0.000034, 252.96 sec so far
Iteration 600: max relative diff=0.000031, 258.13 sec so far
Iteration 612: max relative diff=0.000028, 263.29 sec so far
Iteration 624: max relative diff=0.000025, 268.45 sec so far
Iteration 636: max relative diff=0.000023, 273.61 sec so far
Iteration 648: max relative diff=0.000020, 278.76 sec so far
Iteration 660: max relative diff=0.000018, 283.92 sec so far
Iteration 672: max relative diff=0.000017, 289.08 sec so far
Iteration 684: max relative diff=0.000015, 294.24 sec so far
Iteration 696: max relative diff=0.000014, 299.40 sec so far
Iteration 708: max relative diff=0.000012, 304.56 sec so far
Iteration 720: max relative diff=0.000011, 309.73 sec so far
Iteration 732: max relative diff=0.000010, 314.89 sec so far
Iteration 744: max relative diff=0.000009, 320.05 sec so far
Iteration 756: max relative diff=0.000008, 325.21 sec so far
Iteration 768: max relative diff=0.000007, 330.36 sec so far
Iteration 780: max relative diff=0.000007, 335.52 sec so far
Iteration 792: max relative diff=0.000006, 340.69 sec so far
Iteration 804: max relative diff=0.000005, 345.84 sec so far
Iteration 816: max relative diff=0.000005, 351.01 sec so far
Iteration 828: max relative diff=0.000004, 356.17 sec so far
Iteration 840: max relative diff=0.000004, 361.33 sec so far
Iteration 852: max relative diff=0.000004, 366.49 sec so far
Iteration 864: max relative diff=0.000003, 371.64 sec so far
Iteration 876: max relative diff=0.000003, 376.81 sec so far
Iteration 888: max relative diff=0.000003, 381.97 sec so far
Iteration 900: max relative diff=0.000002, 387.13 sec so far
Iteration 912: max relative diff=0.000002, 392.29 sec so far
Iteration 924: max relative diff=0.000002, 397.45 sec so far
Iteration 936: max relative diff=0.000002, 402.61 sec so far
Iteration 948: max relative diff=0.000002, 407.77 sec so far
Iteration 960: max relative diff=0.000001, 412.93 sec so far
Iteration 972: max relative diff=0.000001, 418.09 sec so far
Iteration 984: max relative diff=0.000001, 423.25 sec so far
Iteration 996: max relative diff=0.000001, 428.41 sec so far
Iteration 1008: max relative diff=0.000001, 433.57 sec so far

Iterative method: 1008 iterations in 433.57 seconds (average 0.430126, setup 22.09)

Value in the initial state: 0.4487494783108299

Time for model checking: 457.006 seconds.

Result: 0.4487494783108299 (value in the initial state)

