PRISM
=====

Version: 4.4.dev
Date: Sun May 20 20:53:12 IRDT 2018
Hostname: sadegh-H81M-S2PH
Memory limits: cudd=1g, java(heap)=2.1g
Command line: prism dns100.nm dns.pctl -s -modpoliter -maxiters 90050 -epsilon 1e-8 -javamaxmem 2400m

Parsing model file "dns100.nm"...

Parsing properties file "dns.pctl"...

1 property:
(1) Pmax=? [ "pp" U "qq" ]

Type:        MDP
Modules:     m1 m2 m3 
Variables:   s1 s2 s3 

---------------------------------------------------------------------

Model checking: Pmax=? [ "pp" U "qq" ]

Building model...

Computing reachable states...

Reachability (BFS): 3 iterations in 0.00 seconds (average 0.001000, setup 0.00)

Time for model construction: 10.785 seconds.

Type:        MDP
States:      8000 (1 initial)
Transitions: 130456992
Choices:     32000

Transition matrix: 13627500 nodes (302969 terminal), 130456992 minterms, vars: 15r/15c/4nd

Prob0A: 2 iterations in 0.01 seconds (average 0.003500, setup 0.00)

Prob1E: 4 iterations in 0.00 seconds (average 0.000500, setup 0.00)

yes = 10, no = 45, maybe = 7945

Computing remaining probabilities...
Engine: Sparse

Building sparse matrix (FOR POLICY ITERASION)... [n=8000, nc=31780, nnz=129561099, k=4] [1.4 GB]
Creating vector for yes...[62.5 KB]
Allocating iteration vectors... [2 x 62.5 KB]
TOTAL: [1.4 GB]

Starting iterations...
Iteration 202: max relative diff=0.012211, 7.17 sec so far
Iteration 404: max relative diff=0.000398, 14.18 sec so far
Iteration 606: max relative diff=0.000005, 21.15 sec so far
Iteration 808: max relative diff=0.000000, 28.13 sec so far
Iteration 981: max relative diff=0.000000, 34.12 sec so far

Iterative method: 981 iterations in 34.12 seconds (average 0.034780, setup 9.52)

Value in the initial state: 0.3046836490585243

Time for model checking: 44.056 seconds.

Result: 0.3046836490585243 (value in the initial state)

