PRISM
=====

Version: 4.4.dev
Date: Sun May 20 11:05:22 IRDT 2018
Hostname: sadegh-H81M-S2PH
Memory limits: cudd=1g, java(heap)=2.1g
Command line: prism dns6.nm dns.pctl -s -explicitmodpoliter -maxiters 90050 -epsilon 1e-8 -javamaxmem 2400m

Parsing model file "dns6.nm"...

Parsing properties file "dns.pctl"...

1 property:
(1) Pmax=? [ "pp" U "qq" ]

Type:        MDP
Modules:     m1 m2 m3 
Variables:   s1 s2 s3 

---------------------------------------------------------------------

Model checking: Pmax=? [ "pp" U "qq" ]

Building model...

Computing reachable states...

Reachability (BFS): 2 iterations in 0.00 seconds (average 0.000000, setup 0.00)

Time for model construction: 6.145 seconds.

Type:        MDP
States:      6400 (1 initial)
Transitions: 198165950
Choices:     32000

Transition matrix: 8274124 nodes (259011 terminal), 198165950 minterms, vars: 14r/14c/5nd

Prob0A: 2 iterations in 0.00 seconds (average 0.000500, setup 0.00)

Prob1E: 4 iterations in 0.00 seconds (average 0.000000, setup 0.00)

yes = 10, no = 21, maybe = 6369

Computing remaining probabilities...
Engine: Sparse

Building sparse matrix (FOR POLICY ITERASION)... [n=6400, nc=31845, nnz=197207696, k=5] [2.2 GB]
Creating vector for yes...[50.0 KB]
Allocating iteration vectors... [2 x 50.0 KB]
TOTAL: [2.2 GB]

Starting iterations...
Iteration 202: max relative diff=0.007909, 7.49 sec so far
Iteration 404: max relative diff=0.000727, 14.99 sec so far
Iteration 606: max relative diff=0.000031, 22.48 sec so far
Iteration 808: max relative diff=0.000003, 29.96 sec so far
Iteration 1010: max relative diff=0.000000, 37.45 sec so far
Iteration 1187: max relative diff=0.000000, 44.35 sec so far

Iterative method: 1187 iterations in 44.35 seconds (average 0.037362, setup 9.64)

Value in the initial state: 0.471441929403955

Time for model checking: 54.633 seconds.

Result: 0.471441929403955 (value in the initial state)

