PRISM
=====

Version: 4.4.dev
Date: Sun May 20 22:22:00 IRDT 2018
Hostname: sadegh-H81M-S2PH
Memory limits: cudd=1g, java(heap)=2.1g
Command line: prism dns107.nm dns.pctl -s -improvedmodpoliter2 -maxiters 90050 -epsilon 1e-8 -javamaxmem 2400m

Parsing model file "dns107.nm"...

Parsing properties file "dns.pctl"...

1 property:
(1) Pmax=? [ "pp" U "qq" ]

Type:        MDP
Modules:     m1 m2 m3 
Variables:   s1 s2 s3 

---------------------------------------------------------------------

Model checking: Pmax=? [ "pp" U "qq" ]

Building model...

Computing reachable states...

Reachability (BFS): 3 iterations in 0.00 seconds (average 0.000667, setup 0.00)

Time for model construction: 11.352 seconds.

Type:        MDP
States:      12000 (1 initial)
Transitions: 118540056
Choices:     24000

Transition matrix: 15253948 nodes (288410 terminal), 118540056 minterms, vars: 15r/15c/2nd

Prob0A: 3 iterations in 0.01 seconds (average 0.003000, setup 0.00)

Prob1E: 4 iterations in 0.00 seconds (average 0.000250, setup 0.00)

yes = 10, no = 91, maybe = 11899

Computing remaining probabilities...
Engine: Sparse

Building sparse matrix (FOR POLICY ITERASION)... [n=12000, nc=23798, nnz=117499569, k=2] [1.3 GB]
Creating vector for yes...[93.8 KB]
Allocating iteration vectors... [2 x 93.8 KB]
TOTAL: [1.3 GB]

Starting iterations...
Iteration 303: max relative diff=0.008298, 6.09 sec so far
Iteration 606: max relative diff=0.000619, 12.19 sec so far
Iteration 909: max relative diff=0.000064, 18.27 sec so far
Iteration 1212: max relative diff=0.000008, 24.34 sec so far
Iteration 1515: max relative diff=0.000001, 30.68 sec so far
Iteration 1818: max relative diff=0.000000, 37.15 sec so far
Iteration 2117: max relative diff=0.000000, 43.55 sec so far

Iterative method: 2117 iterations in 43.55 seconds (average 0.020573, setup 9.74)


Number of scallar multiplications: 42956M 

Value in the initial state: 0.1350016942876679

Time for model checking: 54.514 seconds.

Result: 0.1350016942876679 (value in the initial state)

