PRISM
=====

Version: 4.4.dev
Date: Mon Jun 18 02:10:15 IRDT 2018
Hostname: sadegh-H81M-S2PH
Memory limits: cudd=1g, java(heap)=2.1g
Command line: prism dns95.nm dns.pctl -s -bucketvaliter2 -maxiters 90050 -javamaxmem 2400m

Parsing model file "dns95.nm"...

Parsing properties file "dns.pctl"...

1 property:
(1) Pmax=? [ "pp" U "qq" ]

Type:        MDP
Modules:     m1 m2 m3 
Variables:   s1 s2 s3 

---------------------------------------------------------------------

Model checking: Pmax=? [ "pp" U "qq" ]

Building model...

Computing reachable states...

Reachability (BFS): 3 iterations in 0.00 seconds (average 0.000333, setup 0.00)

Time for model construction: 9.309 seconds.

Type:        MDP
States:      8800 (1 initial)
Transitions: 78520320
Choices:     17600

Transition matrix: 8439219 nodes (257664 terminal), 78520320 minterms, vars: 15r/15c/2nd

Prob0A: 3 iterations in 0.00 seconds (average 0.001000, setup 0.00)

Prob1E: 4 iterations in 0.00 seconds (average 0.000500, setup 0.00)

yes = 10, no = 28, maybe = 8762

Computing remaining probabilities...
Engine: Sparse

Building sparse matrix(FOR GS)... [n=8800, nc=17524, nnz=78206308, k=2] [895.1 MB]
Creating vector for yes...[68.8 KB]
Allocating iteration vectors... [2 x 68.8 KB]
TOTAL: [895.3 MB]

Starting iterations...

Iterative method: 10497704 iterations in 663.99 seconds (average 0.000063, setup 8.52)

Value in the initial state: 0.3323638184412505

Time for model checking: 687.655 seconds.

Result: 0.3323638184412505 (value in the initial state)

