PRISM
=====

Version: 4.4.dev
Date: Sat Jun 16 21:57:32 IRDT 2018
Hostname: sadegh-H81M-S2PH
Memory limits: cudd=1g, java(heap)=2.1g
Command line: prism dns28.nm dns.pctl -s -bucketvaliter2 -maxiters 90050 -javamaxmem 2400m

Parsing model file "dns28.nm"...

Parsing properties file "dns.pctl"...

1 property:
(1) Pmax=? [ "pp" U "qq" ]

Type:        MDP
Modules:     m1 m2 m3 
Variables:   s1 s2 s3 

---------------------------------------------------------------------

Model checking: Pmax=? [ "pp" U "qq" ]

Building model...

Computing reachable states...

Reachability (BFS): 2 iterations in 0.00 seconds (average 0.000000, setup 0.00)

Time for model construction: 21.102 seconds.

Type:        MDP
States:      7200 (1 initial)
Transitions: 256107756
Choices:     43200

Transition matrix: 17628445 nodes (602126 terminal), 256107756 minterms, vars: 15r/15c/6nd

Prob0A: 2 iterations in 0.01 seconds (average 0.003000, setup 0.00)

Prob1E: 4 iterations in 0.00 seconds (average 0.000500, setup 0.00)

yes = 10, no = 15, maybe = 7175

Computing remaining probabilities...
Engine: Sparse

Building sparse matrix(FOR GS)... [n=7200, nc=43050, nnz=255227773, k=6] [2.9 GB]
Creating vector for yes...[56.2 KB]
Allocating iteration vectors... [2 x 56.2 KB]
TOTAL: [2.9 GB]

Starting iterations...
Iterative method did not converge within after 1000 seconds.
Iterative method: 1263085 iterations in 1000.00 seconds (average 0.000792, setup 23.53)

Error: Iterative method did not converge within 1263085 iterations.
Consider using a different numerical method or increasing the maximum number of iterations.

