PRISM
=====

Version: 4.4.dev
Date: Sun May 20 20:39:59 IRDT 2018
Hostname: sadegh-H81M-S2PH
Memory limits: cudd=1g, java(heap)=2.1g
Command line: prism dns95.nm dns.pctl -s -improvedmodpoliter -maxiters 90050 -epsilon 1e-8 -javamaxmem 2400m

Parsing model file "dns95.nm"...

Parsing properties file "dns.pctl"...

1 property:
(1) Pmax=? [ "pp" U "qq" ]

Type:        MDP
Modules:     m1 m2 m3 
Variables:   s1 s2 s3 

---------------------------------------------------------------------

Model checking: Pmax=? [ "pp" U "qq" ]

Building model...

Computing reachable states...

Reachability (BFS): 3 iterations in 0.00 seconds (average 0.000333, setup 0.00)

Time for model construction: 6.999 seconds.

Type:        MDP
States:      8800 (1 initial)
Transitions: 78520320
Choices:     17600

Transition matrix: 8439219 nodes (257664 terminal), 78520320 minterms, vars: 15r/15c/2nd

Prob0A: 3 iterations in 0.00 seconds (average 0.000667, setup 0.00)

Prob1E: 4 iterations in 0.00 seconds (average 0.000250, setup 0.00)

yes = 10, no = 28, maybe = 8762

Computing remaining probabilities...
Engine: Sparse

Building sparse matrix (FOR POLICY ITERASION)... [n=8800, nc=17524, nnz=78206308, k=2] [895.1 MB]
Creating vector for yes...[68.8 KB]
Allocating iteration vectors... [2 x 68.8 KB]
TOTAL: [895.3 MB]

Starting iterations...
Iteration 204: max relative diff=0.007151, 7.25 sec so far
Iteration 408: max relative diff=0.000968, 14.78 sec so far
Iteration 612: max relative diff=0.000181, 22.29 sec so far
Iteration 816: max relative diff=0.000029, 29.86 sec so far
Iteration 1020: max relative diff=0.000006, 37.62 sec so far
Iteration 1224: max relative diff=0.000001, 45.38 sec so far
Iteration 1428: max relative diff=0.000000, 53.14 sec so far
Iteration 1632: max relative diff=0.000000, 60.88 sec so far
Iteration 1836: max relative diff=0.000000, 68.65 sec so far

Iterative method: 1836 iterations in 68.65 seconds (average 0.037391, setup 5.57)

Value in the initial state: 0.33241231596318954

Time for model checking: 74.639 seconds.

Result: 0.33241231596318954 (value in the initial state)

