PRISM
=====

Version: 4.4.dev
Date: Tue Jun 19 17:29:36 IRDT 2018
Hostname: sadegh-H81M-S2PH
Memory limits: cudd=1g, java(heap)=2.1g
Command line: prism dns182.nm dns.pctl -s -gs -maxiters 90050 -epsilon 1e-6 -javamaxmem 2400m

Parsing model file "dns182.nm"...

Parsing properties file "dns.pctl"...

1 property:
(1) Pmax=? [ "pp" U "qq" ]

Type:        MDP
Modules:     m1 m2 m3 
Variables:   s1 s2 s3 

---------------------------------------------------------------------

Model checking: Pmax=? [ "pp" U "qq" ]

Building model...

Computing reachable states...

Reachability (BFS): 4 iterations in 0.00 seconds (average 0.000500, setup 0.00)

Time for model construction: 9.082 seconds.

Type:        MDP
States:      10800 (1 initial)
Transitions: 15034290
Choices:     21600

Transition matrix: 9829734 nodes (394938 terminal), 15034290 minterms, vars: 15r/15c/2nd

Prob0A: 3 iterations in 0.01 seconds (average 0.002333, setup 0.00)

Prob1E: 4 iterations in 0.00 seconds (average 0.000500, setup 0.00)

yes = 10, no = 45, maybe = 10745

Computing remaining probabilities...
Engine: Sparse

Building sparse matrix(FOR GS)... [n=10800, nc=21490, nnz=14960732, k=2] [171.3 MB]
Creating vector for yes...[84.4 KB]
Allocating iteration vectors... [2 x 84.4 KB]
TOTAL: [171.6 MB]

Starting iterations...
Iteration 198: max relative diff=0.001739, 5.01 sec so far
Iteration 396: max relative diff=0.000427, 10.03 sec so far
Iteration 594: max relative diff=0.000148, 15.03 sec so far
Iteration 792: max relative diff=0.000057, 20.05 sec so far
Iteration 990: max relative diff=0.000023, 25.05 sec so far
Iteration 1188: max relative diff=0.000009, 30.07 sec so far
Iteration 1386: max relative diff=0.000004, 35.09 sec so far
Iteration 1584: max relative diff=0.000002, 40.10 sec so far

Iterative method: 1677 iterations in 42.46 seconds (average 0.025320, setup 3.51)

Value in the initial state: 0.5013070493547362

Time for model checking: 46.052 seconds.

Result: 0.5013070493547362 (value in the initial state)

