PRISM
=====

Version: 4.4.dev
Date: Sun May 20 11:06:25 IRDT 2018
Hostname: sadegh-H81M-S2PH
Memory limits: cudd=1g, java(heap)=2.1g
Command line: prism dns6.nm dns.pctl -s -improvedmodpoliter2 -maxiters 90050 -epsilon 1e-8 -javamaxmem 2400m

Parsing model file "dns6.nm"...

Parsing properties file "dns.pctl"...

1 property:
(1) Pmax=? [ "pp" U "qq" ]

Type:        MDP
Modules:     m1 m2 m3 
Variables:   s1 s2 s3 

---------------------------------------------------------------------

Model checking: Pmax=? [ "pp" U "qq" ]

Building model...

Computing reachable states...

Reachability (BFS): 2 iterations in 0.00 seconds (average 0.000000, setup 0.00)

Time for model construction: 6.233 seconds.

Type:        MDP
States:      6400 (1 initial)
Transitions: 198165950
Choices:     32000

Transition matrix: 8274124 nodes (259011 terminal), 198165950 minterms, vars: 14r/14c/5nd

Prob0A: 2 iterations in 0.00 seconds (average 0.001000, setup 0.00)

Prob1E: 4 iterations in 0.00 seconds (average 0.000000, setup 0.00)

yes = 10, no = 21, maybe = 6369

Computing remaining probabilities...
Engine: Sparse

Building sparse matrix (FOR POLICY ITERASION)... [n=6400, nc=31845, nnz=197207696, k=5] [2.2 GB]
Creating vector for yes...[50.0 KB]
Allocating iteration vectors... [2 x 50.0 KB]
TOTAL: [2.2 GB]

Starting iterations...
Iteration 303: max relative diff=0.004565, 6.51 sec so far
Iteration 606: max relative diff=0.000219, 13.12 sec so far
Iteration 909: max relative diff=0.000012, 19.70 sec so far
Iteration 1212: max relative diff=0.000001, 26.23 sec so far
Iteration 1515: max relative diff=0.000000, 32.77 sec so far
Iteration 1788: max relative diff=0.000000, 39.05 sec so far

Iterative method: 1788 iterations in 39.05 seconds (average 0.021843, setup 9.96)


Number of scallar multiplications: 39893M 

Value in the initial state: 0.4714420591029028

Time for model checking: 50.278 seconds.

Result: 0.4714420591029028 (value in the initial state)

