PRISM
=====

Version: 4.4.dev
Date: Mon May 21 03:58:37 IRDT 2018
Hostname: sadegh-H81M-S2PH
Memory limits: cudd=1g, java(heap)=2.1g
Command line: prism dns196.nm dns.pctl -s -explicitmodpoliter -maxiters 90050 -epsilon 1e-8 -javamaxmem 2400m

Parsing model file "dns196.nm"...

Parsing properties file "dns.pctl"...

1 property:
(1) Pmax=? [ "pp" U "qq" ]

Type:        MDP
Modules:     m1 m2 m3 
Variables:   s1 s2 s3 

---------------------------------------------------------------------

Model checking: Pmax=? [ "pp" U "qq" ]

Building model...

Computing reachable states...

Reachability (BFS): 4 iterations in 0.01 seconds (average 0.001250, setup 0.00)

Time for model construction: 13.722 seconds.

Type:        MDP
States:      14000 (1 initial)
Transitions: 19191517
Choices:     70000

Transition matrix: 17411894 nodes (493087 terminal), 19191517 minterms, vars: 16r/16c/5nd

Prob0A: 3 iterations in 0.02 seconds (average 0.007333, setup 0.00)

Prob1E: 18 iterations in 0.04 seconds (average 0.002111, setup 0.00)

yes = 10, no = 66, maybe = 13924

Computing remaining probabilities...
Engine: Sparse

Building sparse matrix (FOR POLICY ITERASION)... [n=14000, nc=69620, nnz=19090592, k=5] [218.8 MB]
Creating vector for yes...[109.4 KB]
Allocating iteration vectors... [2 x 109.4 KB]
TOTAL: [219.1 MB]

Starting iterations...
Iteration 1414: max relative diff=0.000197, 5.19 sec so far
Iteration 2828: max relative diff=0.000011, 10.31 sec so far
Iteration 4242: max relative diff=0.000002, 15.40 sec so far
Iteration 5656: max relative diff=0.000000, 20.47 sec so far
Iteration 7070: max relative diff=0.000000, 25.53 sec so far
Iteration 8484: max relative diff=0.000000, 30.59 sec so far

Iterative method: 8868 iterations in 31.98 seconds (average 0.003606, setup 4.76)

Value in the initial state: 0.8256924031305608

Time for model checking: 36.857 seconds.

Result: 0.8256924031305608 (value in the initial state)

