PRISM
=====

Version: 4.4.dev
Date: Mon May 21 03:21:28 IRDT 2018
Hostname: sadegh-H81M-S2PH
Memory limits: cudd=1g, java(heap)=2.1g
Command line: prism dns181.nm dns.pctl -s -improvedmodpoliter -maxiters 90050 -epsilon 1e-8 -javamaxmem 2400m

Parsing model file "dns181.nm"...

Parsing properties file "dns.pctl"...

1 property:
(1) Pmax=? [ "pp" U "qq" ]

Type:        MDP
Modules:     m1 m2 m3 
Variables:   s1 s2 s3 

---------------------------------------------------------------------

Model checking: Pmax=? [ "pp" U "qq" ]

Building model...

Computing reachable states...

Reachability (BFS): 4 iterations in 0.00 seconds (average 0.000500, setup 0.00)

Time for model construction: 7.882 seconds.

Type:        MDP
States:      12000 (1 initial)
Transitions: 18804240
Choices:     24000

Transition matrix: 11445599 nodes (359321 terminal), 18804240 minterms, vars: 15r/15c/2nd

Prob0A: 3 iterations in 0.01 seconds (average 0.001667, setup 0.00)

Prob1E: 11 iterations in 0.01 seconds (average 0.000636, setup 0.00)

yes = 10, no = 45, maybe = 11945

Computing remaining probabilities...
Engine: Sparse

Building sparse matrix (FOR POLICY ITERASION)... [n=12000, nc=23890, nnz=18723690, k=2] [214.4 MB]
Creating vector for yes...[93.8 KB]
Allocating iteration vectors... [2 x 93.8 KB]
TOTAL: [214.7 MB]

Starting iterations...
Iteration 714: max relative diff=0.000753, 5.10 sec so far
Iteration 1428: max relative diff=0.000016, 10.27 sec so far
Iteration 2142: max relative diff=0.000001, 15.43 sec so far
Iteration 2856: max relative diff=0.000000, 20.59 sec so far

Iterative method: 3202 iterations in 23.13 seconds (average 0.007224, setup 3.24)

Value in the initial state: 0.3561084873225474

Time for model checking: 26.47 seconds.

Result: 0.3561084873225474 (value in the initial state)

