PRISM
=====

Version: 4.4.dev
Date: Sat Jun 16 15:34:24 IRDT 2018
Hostname: sadegh-H81M-S2PH
Memory limits: cudd=1g, java(heap)=2.1g
Command line: prism dns6.nm dns.pctl -s -backwardvaliter -maxiters 90050 -epsilon 1e-6 -javamaxmem 2400m

Parsing model file "dns6.nm"...

Parsing properties file "dns.pctl"...

1 property:
(1) Pmax=? [ "pp" U "qq" ]

Type:        MDP
Modules:     m1 m2 m3 
Variables:   s1 s2 s3 

---------------------------------------------------------------------

Model checking: Pmax=? [ "pp" U "qq" ]

Building model...

Computing reachable states...

Reachability (BFS): 2 iterations in 0.00 seconds (average 0.000000, setup 0.00)

Time for model construction: 8.533 seconds.

Type:        MDP
States:      6400 (1 initial)
Transitions: 198165950
Choices:     32000

Transition matrix: 8274124 nodes (259011 terminal), 198165950 minterms, vars: 14r/14c/5nd

Prob0A: 2 iterations in 0.00 seconds (average 0.001000, setup 0.00)

Prob1E: 4 iterations in 0.00 seconds (average 0.000750, setup 0.00)

yes = 10, no = 21, maybe = 6369

Computing remaining probabilities...
Engine: Sparse

Building sparse matrix(FOR GS)... [n=6400, nc=31845, nnz=197207696, k=5] [2.2 GB]
Creating vector for yes...[50.0 KB]
Allocating iteration vectors... [2 x 50.0 KB]
TOTAL: [2.2 GB]

Starting iterations...
Iteration 8: max relative diff=0.134868, 5.24 sec so far
Iteration 24: max relative diff=0.035166, 10.51 sec so far
Iteration 40: max relative diff=0.017701, 15.77 sec so far
Iteration 56: max relative diff=0.010716, 21.03 sec so far
Iteration 72: max relative diff=0.007102, 26.29 sec so far
Iteration 88: max relative diff=0.004965, 31.55 sec so far
Iteration 104: max relative diff=0.003596, 36.81 sec so far
Iteration 120: max relative diff=0.002677, 42.08 sec so far
Iteration 136: max relative diff=0.002036, 47.34 sec so far
Iteration 152: max relative diff=0.001572, 52.59 sec so far
Iteration 168: max relative diff=0.001230, 57.86 sec so far
Iteration 184: max relative diff=0.000972, 63.12 sec so far
Iteration 200: max relative diff=0.000776, 68.39 sec so far
Iteration 216: max relative diff=0.000622, 73.65 sec so far
Iteration 232: max relative diff=0.000501, 78.91 sec so far
Iteration 248: max relative diff=0.000406, 84.17 sec so far
Iteration 264: max relative diff=0.000330, 89.44 sec so far
Iteration 280: max relative diff=0.000268, 94.69 sec so far
Iteration 296: max relative diff=0.000219, 99.95 sec so far
Iteration 312: max relative diff=0.000179, 105.21 sec so far
Iteration 328: max relative diff=0.000147, 110.47 sec so far
Iteration 344: max relative diff=0.000120, 115.73 sec so far
Iteration 360: max relative diff=0.000099, 121.00 sec so far
Iteration 376: max relative diff=0.000081, 126.26 sec so far
Iteration 392: max relative diff=0.000066, 131.52 sec so far
Iteration 408: max relative diff=0.000055, 136.79 sec so far
Iteration 424: max relative diff=0.000045, 142.04 sec so far
Iteration 440: max relative diff=0.000037, 147.30 sec so far
Iteration 456: max relative diff=0.000030, 152.56 sec so far
Iteration 472: max relative diff=0.000025, 157.82 sec so far
Iteration 488: max relative diff=0.000021, 163.09 sec so far
Iteration 504: max relative diff=0.000017, 168.35 sec so far
Iteration 520: max relative diff=0.000014, 173.62 sec so far
Iteration 536: max relative diff=0.000012, 178.88 sec so far
Iteration 552: max relative diff=0.000010, 184.14 sec so far
Iteration 568: max relative diff=0.000008, 189.41 sec so far
Iteration 584: max relative diff=0.000006, 194.67 sec so far
Iteration 600: max relative diff=0.000005, 199.93 sec so far
Iteration 616: max relative diff=0.000004, 205.19 sec so far
Iteration 632: max relative diff=0.000004, 210.46 sec so far
Iteration 648: max relative diff=0.000003, 215.72 sec so far
Iteration 664: max relative diff=0.000002, 220.98 sec so far
Iteration 680: max relative diff=0.000002, 226.24 sec so far
Iteration 696: max relative diff=0.000002, 231.51 sec so far
Iteration 712: max relative diff=0.000001, 236.76 sec so far
Iteration 728: max relative diff=0.000001, 242.03 sec so far

Iterative method: 739 iterations in 245.65 seconds (average 0.332411, setup 15.77)

Value in the initial state: 0.4714042656643948

Time for model checking: 262.402 seconds.

Result: 0.4714042656643948 (value in the initial state)

Warning: CUDD reports 8911078 non-zero references.

