PRISM
=====

Version: 4.4.dev
Date: Mon Jun 18 06:27:04 IRDT 2018
Hostname: sadegh-H81M-S2PH
Memory limits: cudd=1g, java(heap)=2.1g
Command line: prism dns110.nm dns.pctl -s -backwardvaliter -maxiters 90050 -epsilon 1e-6 -javamaxmem 2400m

Parsing model file "dns110.nm"...

Parsing properties file "dns.pctl"...

1 property:
(1) Pmax=? [ "pp" U "qq" ]

Type:        MDP
Modules:     m1 m2 m3 
Variables:   s1 s2 s3 

---------------------------------------------------------------------

Model checking: Pmax=? [ "pp" U "qq" ]

Building model...

Computing reachable states...

Reachability (BFS): 3 iterations in 0.01 seconds (average 0.003000, setup 0.00)

Time for model construction: 22.303 seconds.

Type:        MDP
States:      8000 (1 initial)
Transitions: 128056042
Choices:     40000

Transition matrix: 19188487 nodes (672649 terminal), 128056042 minterms, vars: 15r/15c/5nd

Prob0A: 2 iterations in 0.00 seconds (average 0.002000, setup 0.00)

Prob1E: 4 iterations in 0.00 seconds (average 0.000500, setup 0.00)

yes = 10, no = 28, maybe = 7962

Computing remaining probabilities...
Engine: Sparse

Building sparse matrix(FOR GS)... [n=8000, nc=39810, nnz=127406289, k=5] [1.4 GB]
Creating vector for yes...[62.5 KB]
Allocating iteration vectors... [2 x 62.5 KB]
TOTAL: [1.4 GB]

Starting iterations...
Iteration 20: max relative diff=0.042333, 5.20 sec so far
Iteration 44: max relative diff=0.013908, 10.30 sec so far
Iteration 68: max relative diff=0.006889, 15.40 sec so far
Iteration 92: max relative diff=0.004037, 20.50 sec so far
Iteration 116: max relative diff=0.002618, 25.60 sec so far
Iteration 140: max relative diff=0.001817, 30.70 sec so far
Iteration 164: max relative diff=0.001321, 35.80 sec so far
Iteration 188: max relative diff=0.000991, 40.90 sec so far
Iteration 212: max relative diff=0.000762, 46.00 sec so far
Iteration 236: max relative diff=0.000600, 51.10 sec so far
Iteration 260: max relative diff=0.000479, 56.19 sec so far
Iteration 284: max relative diff=0.000387, 61.29 sec so far
Iteration 308: max relative diff=0.000315, 66.39 sec so far
Iteration 332: max relative diff=0.000259, 71.49 sec so far
Iteration 356: max relative diff=0.000214, 76.60 sec so far
Iteration 380: max relative diff=0.000177, 81.69 sec so far
Iteration 404: max relative diff=0.000148, 86.79 sec so far
Iteration 428: max relative diff=0.000124, 91.89 sec so far
Iteration 452: max relative diff=0.000104, 96.99 sec so far
Iteration 476: max relative diff=0.000087, 102.09 sec so far
Iteration 500: max relative diff=0.000074, 107.19 sec so far
Iteration 524: max relative diff=0.000062, 112.29 sec so far
Iteration 548: max relative diff=0.000053, 117.39 sec so far
Iteration 572: max relative diff=0.000045, 122.50 sec so far
Iteration 596: max relative diff=0.000038, 127.60 sec so far
Iteration 620: max relative diff=0.000032, 132.70 sec so far
Iteration 644: max relative diff=0.000027, 137.80 sec so far
Iteration 668: max relative diff=0.000023, 142.90 sec so far
Iteration 692: max relative diff=0.000019, 147.99 sec so far
Iteration 716: max relative diff=0.000017, 153.09 sec so far
Iteration 740: max relative diff=0.000014, 158.19 sec so far
Iteration 764: max relative diff=0.000012, 163.29 sec so far
Iteration 788: max relative diff=0.000010, 168.39 sec so far
Iteration 812: max relative diff=0.000009, 173.49 sec so far
Iteration 836: max relative diff=0.000007, 178.59 sec so far
Iteration 860: max relative diff=0.000006, 183.69 sec so far
Iteration 884: max relative diff=0.000005, 188.80 sec so far
Iteration 908: max relative diff=0.000004, 193.90 sec so far
Iteration 932: max relative diff=0.000004, 199.01 sec so far
Iteration 956: max relative diff=0.000003, 204.12 sec so far
Iteration 980: max relative diff=0.000003, 209.22 sec so far
Iteration 1004: max relative diff=0.000002, 214.32 sec so far
Iteration 1028: max relative diff=0.000002, 219.43 sec so far
Iteration 1052: max relative diff=0.000002, 224.53 sec so far
Iteration 1076: max relative diff=0.000001, 229.64 sec so far
Iteration 1100: max relative diff=0.000001, 234.74 sec so far
Iteration 1124: max relative diff=0.000001, 239.84 sec so far

Iterative method: 1131 iterations in 241.33 seconds (average 0.213375, setup 13.90)

Value in the initial state: 0.5827140124707559

Time for model checking: 255.906 seconds.

Result: 0.5827140124707559 (value in the initial state)

Warning: CUDD reports 19772521 non-zero references.

