PRISM
=====

Version: 4.4.dev
Date: Sun May 20 16:03:40 IRDT 2018
Hostname: sadegh-H81M-S2PH
Memory limits: cudd=1g, java(heap)=2.1g
Command line: prism dns62.nm dns.pctl -s -explicitmodpoliter -maxiters 90050 -epsilon 1e-8 -javamaxmem 2400m

Parsing model file "dns62.nm"...

Parsing properties file "dns.pctl"...

1 property:
(1) Pmax=? [ "pp" U "qq" ]

Type:        MDP
Modules:     m1 m2 m3 
Variables:   s1 s2 s3 

---------------------------------------------------------------------

Model checking: Pmax=? [ "pp" U "qq" ]

Building model...

Computing reachable states...

Reachability (BFS): 3 iterations in 0.00 seconds (average 0.000333, setup 0.00)

Time for model construction: 6.356 seconds.

Type:        MDP
States:      8400 (1 initial)
Transitions: 84653754
Choices:     16800

Transition matrix: 7484909 nodes (374190 terminal), 84653754 minterms, vars: 15r/15c/2nd

Prob0A: 2 iterations in 0.00 seconds (average 0.001000, setup 0.00)

Prob1E: 4 iterations in 0.00 seconds (average 0.000250, setup 0.00)

yes = 10, no = 78, maybe = 8312

Computing remaining probabilities...
Engine: Sparse

Building sparse matrix (FOR POLICY ITERASION)... [n=8400, nc=16624, nnz=83757159, k=2] [958.6 MB]
Creating vector for yes...[65.6 KB]
Allocating iteration vectors... [2 x 65.6 KB]
TOTAL: [958.8 MB]

Starting iterations...
Iteration 202: max relative diff=0.017516, 7.69 sec so far
Iteration 404: max relative diff=0.000007, 15.47 sec so far
Iteration 606: max relative diff=0.000000, 23.23 sec so far

Iterative method: 626 iterations in 24.09 seconds (average 0.038478, setup 5.79)

Value in the initial state: 0.2172643985347246

Time for model checking: 30.224 seconds.

Result: 0.2172643985347246 (value in the initial state)

