PRISM
=====

Version: 4.4.dev
Date: Sun May 20 21:05:27 IRDT 2018
Hostname: sadegh-H81M-S2PH
Memory limits: cudd=1g, java(heap)=2.1g
Command line: prism dns102.nm dns.pctl -s -explicitmodpoliter -maxiters 90050 -epsilon 1e-8 -javamaxmem 2400m

Parsing model file "dns102.nm"...

Parsing properties file "dns.pctl"...

1 property:
(1) Pmax=? [ "pp" U "qq" ]

Type:        MDP
Modules:     m1 m2 m3 
Variables:   s1 s2 s3 

---------------------------------------------------------------------

Model checking: Pmax=? [ "pp" U "qq" ]

Building model...

Computing reachable states...

Reachability (BFS): 3 iterations in 0.00 seconds (average 0.000667, setup 0.00)

Time for model construction: 14.037 seconds.

Type:        MDP
States:      11200 (1 initial)
Transitions: 151005297
Choices:     33600

Transition matrix: 17881964 nodes (434359 terminal), 151005297 minterms, vars: 15r/15c/3nd

Prob0A: 2 iterations in 0.00 seconds (average 0.000500, setup 0.00)

Prob1E: 4 iterations in 0.00 seconds (average 0.000250, setup 0.00)

yes = 10, no = 10, maybe = 11180

Computing remaining probabilities...
Engine: Sparse

Building sparse matrix (FOR POLICY ITERASION)... [n=11200, nc=33540, nnz=150715614, k=3] [1.7 GB]
Creating vector for yes...[87.5 KB]
Allocating iteration vectors... [2 x 87.5 KB]
TOTAL: [1.7 GB]

Starting iterations...
Iteration 202: max relative diff=0.012708, 9.34 sec so far
Iteration 404: max relative diff=0.004414, 18.66 sec so far
Iteration 606: max relative diff=0.001371, 27.87 sec so far
Iteration 808: max relative diff=0.000629, 37.00 sec so far
Iteration 1010: max relative diff=0.000326, 46.40 sec so far
Iteration 1212: max relative diff=0.000231, 55.85 sec so far
Iteration 1414: max relative diff=0.000147, 65.31 sec so far
Iteration 1616: max relative diff=0.000214, 74.40 sec so far
Iteration 1818: max relative diff=0.000071, 83.74 sec so far
Iteration 2020: max relative diff=0.000036, 93.07 sec so far
Iteration 2222: max relative diff=0.000020, 102.44 sec so far
Iteration 2424: max relative diff=0.000010, 111.87 sec so far
Iteration 2626: max relative diff=0.000012, 121.31 sec so far
Iteration 2828: max relative diff=0.000009, 130.40 sec so far
Iteration 3030: max relative diff=0.000003, 139.74 sec so far
Iteration 3232: max relative diff=0.000002, 149.07 sec so far
Iteration 3434: max relative diff=0.000002, 158.45 sec so far
Iteration 3636: max relative diff=0.000002, 167.93 sec so far
Iteration 3838: max relative diff=0.000001, 177.36 sec so far
Iteration 4040: max relative diff=0.000001, 186.46 sec so far
Iteration 4242: max relative diff=0.000000, 195.80 sec so far
Iteration 4444: max relative diff=0.000001, 205.16 sec so far
Iteration 4646: max relative diff=0.000000, 214.53 sec so far
Iteration 4848: max relative diff=0.000000, 223.96 sec so far
Iteration 5050: max relative diff=0.000000, 233.40 sec so far
Iteration 5252: max relative diff=0.000000, 242.50 sec so far
Iteration 5454: max relative diff=0.000000, 251.84 sec so far
Iteration 5656: max relative diff=0.000000, 261.17 sec so far
Iteration 5858: max relative diff=0.000000, 270.54 sec so far
Iteration 6060: max relative diff=0.000000, 279.98 sec so far
Iteration 6262: max relative diff=0.000000, 289.42 sec so far
Iteration 6464: max relative diff=0.000000, 298.80 sec so far
Iteration 6666: max relative diff=0.000000, 308.12 sec so far
Iteration 6823: max relative diff=0.000000, 315.50 sec so far

Iterative method: 6823 iterations in 315.50 seconds (average 0.046241, setup 10.51)

Value in the initial state: 0.7277641101001588

Time for model checking: 326.532 seconds.

Result: 0.7277641101001588 (value in the initial state)

