PRISM
=====

Version: 4.4.dev
Date: Mon May 21 03:01:28 IRDT 2018
Hostname: sadegh-H81M-S2PH
Memory limits: cudd=1g, java(heap)=2.1g
Command line: prism dns174.nm dns.pctl -s -explicitmodpoliter -maxiters 90050 -epsilon 1e-8 -javamaxmem 2400m

Parsing model file "dns174.nm"...

Parsing properties file "dns.pctl"...

1 property:
(1) Pmax=? [ "pp" U "qq" ]

Type:        MDP
Modules:     m1 m2 m3 
Variables:   s1 s2 s3 

---------------------------------------------------------------------

Model checking: Pmax=? [ "pp" U "qq" ]

Building model...

Computing reachable states...

Reachability (BFS): 3 iterations in 0.01 seconds (average 0.002000, setup 0.00)

Time for model construction: 19.086 seconds.

Type:        MDP
States:      9200 (1 initial)
Transitions: 37527286
Choices:     36800

Transition matrix: 19799046 nodes (568720 terminal), 37527286 minterms, vars: 15r/15c/4nd

Prob0A: 3 iterations in 0.00 seconds (average 0.001333, setup 0.00)

Prob1E: 4 iterations in 0.00 seconds (average 0.000500, setup 0.00)

yes = 10, no = 78, maybe = 9112

Computing remaining probabilities...
Engine: Sparse

Building sparse matrix (FOR POLICY ITERASION)... [n=9200, nc=36448, nnz=37161094, k=4] [425.4 MB]
Creating vector for yes...[71.9 KB]
Allocating iteration vectors... [2 x 71.9 KB]
TOTAL: [425.7 MB]

Starting iterations...
Iteration 606: max relative diff=0.000014, 5.18 sec so far

Iterative method: 941 iterations in 8.10 seconds (average 0.008612, setup 6.40)

Value in the initial state: 0.3034595868615398

Time for model checking: 14.643 seconds.

Result: 0.3034595868615398 (value in the initial state)

