PRISM
=====

Version: 4.4.dev
Date: Sun May 20 13:03:32 IRDT 2018
Hostname: sadegh-H81M-S2PH
Memory limits: cudd=1g, java(heap)=2.1g
Command line: prism dns34.nm dns.pctl -s -improvedmodpoliter -maxiters 90050 -epsilon 1e-8 -javamaxmem 2400m

Parsing model file "dns34.nm"...

Parsing properties file "dns.pctl"...

1 property:
(1) Pmax=? [ "pp" U "qq" ]

Type:        MDP
Modules:     m1 m2 m3 
Variables:   s1 s2 s3 

---------------------------------------------------------------------

Model checking: Pmax=? [ "pp" U "qq" ]

Building model...

Computing reachable states...

Reachability (BFS): 3 iterations in 0.00 seconds (average 0.000333, setup 0.00)

Time for model construction: 9.449 seconds.

Type:        MDP
States:      8400 (1 initial)
Transitions: 174026234
Choices:     25200

Transition matrix: 12175673 nodes (455778 terminal), 174026234 minterms, vars: 15r/15c/3nd

Prob0A: 2 iterations in 0.00 seconds (average 0.001500, setup 0.00)

Prob1E: 4 iterations in 0.00 seconds (average 0.000250, setup 0.00)

yes = 10, no = 78, maybe = 8312

Computing remaining probabilities...
Engine: Sparse

Building sparse matrix (FOR POLICY ITERASION)... [n=8400, nc=24936, nnz=172181171, k=3] [1.9 GB]
Creating vector for yes...[65.6 KB]
Allocating iteration vectors... [2 x 65.6 KB]
TOTAL: [1.9 GB]

Starting iterations...
Iteration 102: max relative diff=0.164690, 5.05 sec so far
Iteration 204: max relative diff=0.012338, 10.31 sec so far
Iteration 306: max relative diff=0.002100, 15.60 sec so far
Iteration 408: max relative diff=0.000339, 20.89 sec so far
Iteration 510: max relative diff=0.000025, 26.20 sec so far
Iteration 612: max relative diff=0.000001, 31.51 sec so far
Iteration 714: max relative diff=0.000000, 36.74 sec so far
Iteration 816: max relative diff=0.000000, 41.98 sec so far

Iterative method: 884 iterations in 45.59 seconds (average 0.051575, setup 10.89)

Value in the initial state: 0.23035450849311573

Time for model checking: 57.334 seconds.

Result: 0.23035450849311573 (value in the initial state)

