PRISM
=====

Version: 4.4.dev
Date: Tue Jun 19 11:20:47 IRDT 2018
Hostname: sadegh-H81M-S2PH
Memory limits: cudd=1g, java(heap)=2.1g
Command line: prism dns152.nm dns.pctl -s -bucketvaliter2 -maxiters 90050 -javamaxmem 2400m

Parsing model file "dns152.nm"...

Parsing properties file "dns.pctl"...

1 property:
(1) Pmax=? [ "pp" U "qq" ]

Type:        MDP
Modules:     m1 m2 m3 
Variables:   s1 s2 s3 

---------------------------------------------------------------------

Model checking: Pmax=? [ "pp" U "qq" ]

Building model...

Computing reachable states...

Reachability (BFS): 3 iterations in 0.00 seconds (average 0.000667, setup 0.00)

Time for model construction: 7.688 seconds.

Type:        MDP
States:      8000 (1 initial)
Transitions: 27428234
Choices:     16000

Transition matrix: 8664988 nodes (502270 terminal), 27428234 minterms, vars: 15r/15c/2nd

Prob0A: 3 iterations in 0.01 seconds (average 0.002000, setup 0.00)

Prob1E: 4 iterations in 0.00 seconds (average 0.000250, setup 0.00)

yes = 10, no = 45, maybe = 7945

Computing remaining probabilities...
Engine: Sparse

Building sparse matrix(FOR GS)... [n=8000, nc=15890, nnz=27215179, k=2] [311.5 MB]
Creating vector for yes...[62.5 KB]
Allocating iteration vectors... [2 x 62.5 KB]
TOTAL: [311.7 MB]

Starting iterations...

Iterative method: 6903590 iterations in 164.16 seconds (average 0.000024, setup 4.29)

Value in the initial state: 0.30948933785554233

Time for model checking: 176.636 seconds.

Result: 0.30948933785554233 (value in the initial state)

