PRISM
=====

Version: 4.4.dev
Date: Sun May 20 14:41:23 IRDT 2018
Hostname: sadegh-H81M-S2PH
Memory limits: cudd=1g, java(heap)=2.1g
Command line: prism dns47.nm dns.pctl -s -improvedmodpoliter -maxiters 90050 -epsilon 1e-8 -javamaxmem 2400m

Parsing model file "dns47.nm"...

Parsing properties file "dns.pctl"...

1 property:
(1) Pmax=? [ "pp" U "qq" ]

Type:        MDP
Modules:     m1 m2 m3 
Variables:   s1 s2 s3 

---------------------------------------------------------------------

Model checking: Pmax=? [ "pp" U "qq" ]

Building model...

Computing reachable states...

Reachability (BFS): 2 iterations in 0.00 seconds (average 0.000500, setup 0.00)

Time for model construction: 14.419 seconds.

Type:        MDP
States:      9600 (1 initial)
Transitions: 258634988
Choices:     38400

Transition matrix: 18759738 nodes (400024 terminal), 258634988 minterms, vars: 15r/15c/4nd

Prob0A: 2 iterations in 0.01 seconds (average 0.002500, setup 0.00)

Prob1E: 4 iterations in 0.00 seconds (average 0.000750, setup 0.00)

yes = 10, no = 91, maybe = 9499

Computing remaining probabilities...
Engine: Sparse

Building sparse matrix (FOR POLICY ITERASION)... [n=9600, nc=37996, nnz=255873535, k=4] [2.9 GB]
Creating vector for yes...[75.0 KB]
Allocating iteration vectors... [2 x 75.0 KB]
TOTAL: [2.9 GB]

Starting iterations...
Iteration 102: max relative diff=0.140656, 5.89 sec so far
Iteration 204: max relative diff=0.011452, 12.21 sec so far
Iteration 306: max relative diff=0.001850, 18.61 sec so far
Iteration 408: max relative diff=0.000157, 24.70 sec so far
Iteration 510: max relative diff=0.000012, 30.80 sec so far
Iteration 612: max relative diff=0.000000, 36.90 sec so far
Iteration 714: max relative diff=0.000000, 43.13 sec so far
Iteration 808: max relative diff=0.000000, 48.92 sec so far

Iterative method: 808 iterations in 48.92 seconds (average 0.060547, setup 17.91)

Value in the initial state: 0.1964372106501045

Time for model checking: 67.984 seconds.

Result: 0.1964372106501045 (value in the initial state)

