PRISM
=====

Version: 4.4.dev
Date: Mon May 21 00:59:57 IRDT 2018
Hostname: sadegh-H81M-S2PH
Memory limits: cudd=1g, java(heap)=2.1g
Command line: prism dns146.nm dns.pctl -s -explicitmodpoliter -maxiters 90050 -epsilon 1e-8 -javamaxmem 2400m

Parsing model file "dns146.nm"...

Parsing properties file "dns.pctl"...

1 property:
(1) Pmax=? [ "pp" U "qq" ]

Type:        MDP
Modules:     m1 m2 m3 
Variables:   s1 s2 s3 

---------------------------------------------------------------------

Model checking: Pmax=? [ "pp" U "qq" ]

Building model...

Computing reachable states...

Reachability (BFS): 3 iterations in 0.00 seconds (average 0.001000, setup 0.00)

Time for model construction: 7.913 seconds.

Type:        MDP
States:      6800 (1 initial)
Transitions: 28759609
Choices:     20400

Transition matrix: 9112318 nodes (596154 terminal), 28759609 minterms, vars: 15r/15c/3nd

Prob0A: 3 iterations in 0.01 seconds (average 0.002000, setup 0.00)

Prob1E: 4 iterations in 0.00 seconds (average 0.000500, setup 0.00)

yes = 10, no = 105, maybe = 6685

Computing remaining probabilities...
Engine: Sparse

Building sparse matrix (FOR POLICY ITERASION)... [n=6800, nc=20055, nnz=28262169, k=3] [323.5 MB]
Creating vector for yes...[53.1 KB]
Allocating iteration vectors... [2 x 53.1 KB]
TOTAL: [323.7 MB]

Starting iterations...
Iteration 598: max relative diff=0.000000, 5.18 sec so far

Iterative method: 598 iterations in 5.18 seconds (average 0.008657, setup 4.39)

Value in the initial state: 0.24893984426158255

Time for model checking: 9.671 seconds.

Result: 0.24893984426158255 (value in the initial state)

