PRISM
=====

Version: 4.4.dev
Date: Sun May 20 22:53:55 IRDT 2018
Hostname: sadegh-H81M-S2PH
Memory limits: cudd=1g, java(heap)=2.1g
Command line: prism dns114.nm dns.pctl -s -improvedmodpoliter -maxiters 90050 -epsilon 1e-8 -javamaxmem 2400m

Parsing model file "dns114.nm"...

Parsing properties file "dns.pctl"...

1 property:
(1) Pmax=? [ "pp" U "qq" ]

Type:        MDP
Modules:     m1 m2 m3 
Variables:   s1 s2 s3 

---------------------------------------------------------------------

Model checking: Pmax=? [ "pp" U "qq" ]

Building model...

Computing reachable states...

Reachability (BFS): 3 iterations in 0.00 seconds (average 0.001000, setup 0.00)

Time for model construction: 16.572 seconds.

Type:        MDP
States:      10000 (1 initial)
Transitions: 123910600
Choices:     30000

Transition matrix: 17618754 nodes (296745 terminal), 123910600 minterms, vars: 15r/15c/3nd

Prob0A: 2 iterations in 0.00 seconds (average 0.002000, setup 0.00)

Prob1E: 4 iterations in 0.00 seconds (average 0.000250, setup 0.00)

yes = 10, no = 21, maybe = 9969

Computing remaining probabilities...
Engine: Sparse

Building sparse matrix (FOR POLICY ITERASION)... [n=10000, nc=29907, nnz=123534742, k=3] [1.4 GB]
Creating vector for yes...[78.1 KB]
Allocating iteration vectors... [2 x 78.1 KB]
TOTAL: [1.4 GB]

Starting iterations...
Iteration 204: max relative diff=0.010108, 7.75 sec so far
Iteration 408: max relative diff=0.002129, 15.55 sec so far
Iteration 612: max relative diff=0.000487, 23.40 sec so far
Iteration 816: max relative diff=0.000147, 31.25 sec so far
Iteration 1020: max relative diff=0.000029, 39.10 sec so far
Iteration 1224: max relative diff=0.000010, 46.96 sec so far
Iteration 1428: max relative diff=0.000003, 55.09 sec so far
Iteration 1632: max relative diff=0.000001, 63.23 sec so far
Iteration 1836: max relative diff=0.000000, 71.36 sec so far
Iteration 2040: max relative diff=0.000000, 79.50 sec so far
Iteration 2244: max relative diff=0.000000, 87.36 sec so far
Iteration 2448: max relative diff=0.000000, 95.52 sec so far

Iterative method: 2448 iterations in 95.52 seconds (average 0.039021, setup 11.07)

Value in the initial state: 0.4288588336599083

Time for model checking: 107.16 seconds.

Result: 0.4288588336599083 (value in the initial state)

