PRISM
=====

Version: 4.4.dev
Date: Sun Jun 17 17:43:26 IRDT 2018
Hostname: sadegh-H81M-S2PH
Memory limits: cudd=1g, java(heap)=2.1g
Command line: prism dns66.nm dns.pctl -s -bucketvaliter2 -maxiters 90050 -javamaxmem 2400m

Parsing model file "dns66.nm"...

Parsing properties file "dns.pctl"...

1 property:
(1) Pmax=? [ "pp" U "qq" ]

Type:        MDP
Modules:     m1 m2 m3 
Variables:   s1 s2 s3 

---------------------------------------------------------------------

Model checking: Pmax=? [ "pp" U "qq" ]

Building model...

Computing reachable states...

Reachability (BFS): 3 iterations in 0.00 seconds (average 0.000333, setup 0.00)

Time for model construction: 6.486 seconds.

Type:        MDP
States:      6400 (1 initial)
Transitions: 74622744
Choices:     19200

Transition matrix: 6628159 nodes (410768 terminal), 74622744 minterms, vars: 14r/14c/3nd

Prob0A: 2 iterations in 0.00 seconds (average 0.001000, setup 0.00)

Prob1E: 4 iterations in 0.00 seconds (average 0.000500, setup 0.00)

yes = 10, no = 28, maybe = 6362

Computing remaining probabilities...
Engine: Sparse

Building sparse matrix(FOR GS)... [n=6400, nc=19086, nnz=74182185, k=3] [849.0 MB]
Creating vector for yes...[50.0 KB]
Allocating iteration vectors... [2 x 50.0 KB]
TOTAL: [849.2 MB]

Starting iterations...

Iterative method: 2318908 iterations in 319.80 seconds (average 0.000138, setup 6.97)

Value in the initial state: 0.402713958349988

Time for model checking: 331.392 seconds.

Result: 0.402713958349988 (value in the initial state)

