PRISM
=====

Version: 4.4.dev
Date: Mon Jun 18 08:02:26 IRDT 2018
Hostname: sadegh-H81M-S2PH
Memory limits: cudd=1g, java(heap)=2.1g
Command line: prism dns118.nm dns.pctl -s -bucketvaliter2 -maxiters 90050 -javamaxmem 2400m

Parsing model file "dns118.nm"...

Parsing properties file "dns.pctl"...

1 property:
(1) Pmax=? [ "pp" U "qq" ]

Type:        MDP
Modules:     m1 m2 m3 
Variables:   s1 s2 s3 

---------------------------------------------------------------------

Model checking: Pmax=? [ "pp" U "qq" ]

Building model...

Computing reachable states...

Reachability (BFS): 3 iterations in 0.00 seconds (average 0.000667, setup 0.00)

Time for model construction: 12.164 seconds.

Type:        MDP
States:      8400 (1 initial)
Transitions: 56476140
Choices:     16800

Transition matrix: 9459588 nodes (360188 terminal), 56476140 minterms, vars: 15r/15c/2nd

Prob0A: 3 iterations in 0.01 seconds (average 0.002333, setup 0.00)

Prob1E: 4 iterations in 0.00 seconds (average 0.000750, setup 0.00)

yes = 10, no = 120, maybe = 8270

Computing remaining probabilities...
Engine: Sparse

Building sparse matrix(FOR GS)... [n=8400, nc=16540, nnz=55584442, k=2] [636.2 MB]
Creating vector for yes...[65.6 KB]
Allocating iteration vectors... [2 x 65.6 KB]
TOTAL: [636.4 MB]

Starting iterations...

Iterative method: 3140372 iterations in 146.12 seconds (average 0.000047, setup 9.13)

Value in the initial state: 0.1253405851234207

Time for model checking: 159.779 seconds.

Result: 0.1253405851234207 (value in the initial state)

