PRISM
=====

Version: 4.4.dev
Date: Tue Jun 19 11:00:57 IRDT 2018
Hostname: sadegh-H81M-S2PH
Memory limits: cudd=1g, java(heap)=2.1g
Command line: prism dns149.nm dns.pctl -s -bucketvaliter2 -maxiters 90050 -javamaxmem 2400m

Parsing model file "dns149.nm"...

Parsing properties file "dns.pctl"...

1 property:
(1) Pmax=? [ "pp" U "qq" ]

Type:        MDP
Modules:     m1 m2 m3 
Variables:   s1 s2 s3 

---------------------------------------------------------------------

Model checking: Pmax=? [ "pp" U "qq" ]

Building model...

Computing reachable states...

Reachability (BFS): 3 iterations in 0.02 seconds (average 0.005667, setup 0.00)

Time for model construction: 18.725 seconds.

Type:        MDP
States:      6800 (1 initial)
Transitions: 49906191
Choices:     34000

Transition matrix: 15801116 nodes (839523 terminal), 49906191 minterms, vars: 15r/15c/5nd

Prob0A: 3 iterations in 0.01 seconds (average 0.002000, setup 0.00)

Prob1E: 4 iterations in 0.00 seconds (average 0.000750, setup 0.00)

yes = 10, no = 28, maybe = 6762

Computing remaining probabilities...
Engine: Sparse

Building sparse matrix(FOR GS)... [n=6800, nc=33810, nnz=49614013, k=5] [567.9 MB]
Creating vector for yes...[53.1 KB]
Allocating iteration vectors... [2 x 53.1 KB]
TOTAL: [568.1 MB]

Starting iterations...

Iterative method: 2695565 iterations in 360.83 seconds (average 0.000134, setup 9.38)

Value in the initial state: 0.6717935331207883

Time for model checking: 375.357 seconds.

Result: 0.6717935331207883 (value in the initial state)

