PRISM
=====

Version: 4.4.dev
Date: Sun May 20 23:42:06 IRDT 2018
Hostname: sadegh-H81M-S2PH
Memory limits: cudd=1g, java(heap)=2.1g
Command line: prism dns124.nm dns.pctl -s -modpoliter -maxiters 90050 -epsilon 1e-8 -javamaxmem 2400m

Parsing model file "dns124.nm"...

Parsing properties file "dns.pctl"...

1 property:
(1) Pmax=? [ "pp" U "qq" ]

Type:        MDP
Modules:     m1 m2 m3 
Variables:   s1 s2 s3 

---------------------------------------------------------------------

Model checking: Pmax=? [ "pp" U "qq" ]

Building model...

Computing reachable states...

Reachability (BFS): 3 iterations in 0.00 seconds (average 0.000667, setup 0.00)

Time for model construction: 7.495 seconds.

Type:        MDP
States:      8400 (1 initial)
Transitions: 42480062
Choices:     16800

Transition matrix: 8892559 nodes (375557 terminal), 42480062 minterms, vars: 15r/15c/2nd

Prob0A: 3 iterations in 0.00 seconds (average 0.000667, setup 0.00)

Prob1E: 8 iterations in 0.00 seconds (average 0.000375, setup 0.00)

yes = 10, no = 10, maybe = 8380

Computing remaining probabilities...
Engine: Sparse

Building sparse matrix (FOR POLICY ITERASION)... [n=8400, nc=16760, nnz=42394991, k=2] [485.3 MB]
Creating vector for yes...[65.6 KB]
Allocating iteration vectors... [2 x 65.6 KB]
TOTAL: [485.5 MB]

Starting iterations...
Iteration 303: max relative diff=0.006765, 6.86 sec so far
Iteration 606: max relative diff=0.000844, 13.67 sec so far
Iteration 909: max relative diff=0.000373, 20.45 sec so far
Iteration 1212: max relative diff=0.000029, 27.23 sec so far
Iteration 1515: max relative diff=0.000004, 34.01 sec so far
Iteration 1818: max relative diff=0.000001, 40.80 sec so far
Iteration 2121: max relative diff=0.000000, 47.60 sec so far
Iteration 2424: max relative diff=0.000000, 54.38 sec so far
Iteration 2727: max relative diff=0.000000, 61.17 sec so far
Iteration 3030: max relative diff=0.000000, 67.96 sec so far

Iterative method: 3042 iterations in 68.25 seconds (average 0.022435, setup 3.94)

Value in the initial state: 0.6608799588968055

Time for model checking: 72.267 seconds.

Result: 0.6608799588968055 (value in the initial state)

