PRISM
=====

Version: 4.4.dev
Date: Sat Jun 16 18:08:17 IRDT 2018
Hostname: sadegh-H81M-S2PH
Memory limits: cudd=1g, java(heap)=2.1g
Command line: prism dns16.nm dns.pctl -s -bucketvaliter2 -maxiters 90050 -javamaxmem 2400m

Parsing model file "dns16.nm"...

Parsing properties file "dns.pctl"...

1 property:
(1) Pmax=? [ "pp" U "qq" ]

Type:        MDP
Modules:     m1 m2 m3 
Variables:   s1 s2 s3 

---------------------------------------------------------------------

Model checking: Pmax=? [ "pp" U "qq" ]

Building model...

Computing reachable states...

Reachability (BFS): 2 iterations in 0.00 seconds (average 0.000000, setup 0.00)

Time for model construction: 11.679 seconds.

Type:        MDP
States:      6800 (1 initial)
Transitions: 222926294
Choices:     34000

Transition matrix: 10149223 nodes (310612 terminal), 222926294 minterms, vars: 15r/15c/5nd

Prob0A: 2 iterations in 0.01 seconds (average 0.004000, setup 0.00)

Prob1E: 4 iterations in 0.00 seconds (average 0.000500, setup 0.00)

yes = 10, no = 78, maybe = 6712

Computing remaining probabilities...
Engine: Sparse

Building sparse matrix(FOR GS)... [n=6800, nc=33560, nnz=220040891, k=5] [2.5 GB]
Creating vector for yes...[53.1 KB]
Allocating iteration vectors... [2 x 53.1 KB]
TOTAL: [2.5 GB]

Starting iterations...

Iterative method: 904037 iterations in 473.82 seconds (average 0.000524, setup 22.43)

Value in the initial state: 0.20984508751363706

Time for model checking: 500.617 seconds.

Result: 0.20984508751363706 (value in the initial state)

