PRISM
=====

Version: 4.4.dev
Date: Sun Jun 17 17:39:07 IRDT 2018
Hostname: sadegh-H81M-S2PH
Memory limits: cudd=1g, java(heap)=2.1g
Command line: prism dns65.nm dns.pctl -s -backwardvaliter -maxiters 90050 -epsilon 1e-6 -javamaxmem 2400m

Parsing model file "dns65.nm"...

Parsing properties file "dns.pctl"...

1 property:
(1) Pmax=? [ "pp" U "qq" ]

Type:        MDP
Modules:     m1 m2 m3 
Variables:   s1 s2 s3 

---------------------------------------------------------------------

Model checking: Pmax=? [ "pp" U "qq" ]

Building model...

Computing reachable states...

Reachability (BFS): 2 iterations in 0.00 seconds (average 0.001500, setup 0.00)

Time for model construction: 16.073 seconds.

Type:        MDP
States:      7200 (1 initial)
Transitions: 153713817
Choices:     36000

Transition matrix: 14606188 nodes (447855 terminal), 153713817 minterms, vars: 15r/15c/5nd

Prob0A: 2 iterations in 0.01 seconds (average 0.005000, setup 0.00)

Prob1E: 4 iterations in 0.01 seconds (average 0.002000, setup 0.00)

yes = 10, no = 55, maybe = 7135

Computing remaining probabilities...
Engine: Sparse

Building sparse matrix(FOR GS)... [n=7200, nc=35675, nnz=152330057, k=5] [1.7 GB]
Creating vector for yes...[56.2 KB]
Allocating iteration vectors... [2 x 56.2 KB]
TOTAL: [1.7 GB]

Starting iterations...
Iteration 14: max relative diff=0.064972, 5.13 sec so far
Iteration 34: max relative diff=0.018574, 10.19 sec so far
Iteration 54: max relative diff=0.008582, 15.26 sec so far
Iteration 74: max relative diff=0.004693, 20.34 sec so far
Iteration 94: max relative diff=0.002795, 25.41 sec so far
Iteration 114: max relative diff=0.001742, 30.48 sec so far
Iteration 134: max relative diff=0.001119, 35.55 sec so far
Iteration 154: max relative diff=0.000732, 40.62 sec so far
Iteration 174: max relative diff=0.000485, 45.69 sec so far
Iteration 194: max relative diff=0.000324, 50.76 sec so far
Iteration 214: max relative diff=0.000217, 55.83 sec so far
Iteration 234: max relative diff=0.000146, 60.90 sec so far
Iteration 254: max relative diff=0.000099, 65.97 sec so far
Iteration 274: max relative diff=0.000067, 71.04 sec so far
Iteration 294: max relative diff=0.000045, 76.11 sec so far
Iteration 314: max relative diff=0.000031, 81.19 sec so far
Iteration 334: max relative diff=0.000021, 86.25 sec so far
Iteration 354: max relative diff=0.000014, 91.33 sec so far
Iteration 374: max relative diff=0.000010, 96.40 sec so far
Iteration 394: max relative diff=0.000006, 101.46 sec so far
Iteration 414: max relative diff=0.000004, 106.53 sec so far
Iteration 434: max relative diff=0.000003, 111.61 sec so far
Iteration 454: max relative diff=0.000002, 116.68 sec so far
Iteration 474: max relative diff=0.000001, 121.75 sec so far

Iterative method: 491 iterations in 126.05 seconds (average 0.256729, setup 16.83)

Value in the initial state: 0.31726403899083594

Time for model checking: 143.604 seconds.

Result: 0.31726403899083594 (value in the initial state)

Warning: CUDD reports 16038414 non-zero references.

