PRISM
=====

Version: 4.4.dev
Date: Sat Jun 16 22:25:51 IRDT 2018
Hostname: sadegh-H81M-S2PH
Memory limits: cudd=1g, java(heap)=2.1g
Command line: prism dns29.nm dns.pctl -s -gs -maxiters 90050 -epsilon 1e-6 -javamaxmem 2400m

Parsing model file "dns29.nm"...

Parsing properties file "dns.pctl"...

1 property:
(1) Pmax=? [ "pp" U "qq" ]

Type:        MDP
Modules:     m1 m2 m3 
Variables:   s1 s2 s3 

---------------------------------------------------------------------

Model checking: Pmax=? [ "pp" U "qq" ]

Building model...

Computing reachable states...

Reachability (BFS): 2 iterations in 0.00 seconds (average 0.000500, setup 0.00)

Time for model construction: 18.481 seconds.

Type:        MDP
States:      8800 (1 initial)
Transitions: 256892362
Choices:     35200

Transition matrix: 17269331 nodes (484773 terminal), 256892362 minterms, vars: 15r/15c/4nd

Prob0A: 2 iterations in 0.01 seconds (average 0.003000, setup 0.00)

Prob1E: 4 iterations in 0.00 seconds (average 0.000750, setup 0.00)

yes = 10, no = 120, maybe = 8670

Computing remaining probabilities...
Engine: Sparse

Building sparse matrix(FOR GS)... [n=8800, nc=34680, nnz=253141775, k=4] [2.8 GB]
Creating vector for yes...[68.8 KB]
Allocating iteration vectors... [2 x 68.8 KB]
TOTAL: [2.8 GB]

Starting iterations...
Iteration 12: max relative diff=0.075308, 5.08 sec so far
Iteration 24: max relative diff=0.029185, 10.17 sec so far
Iteration 36: max relative diff=0.015575, 15.26 sec so far
Iteration 48: max relative diff=0.009420, 20.37 sec so far
Iteration 60: max relative diff=0.006073, 25.46 sec so far
Iteration 72: max relative diff=0.004067, 30.55 sec so far
Iteration 84: max relative diff=0.002789, 35.63 sec so far
Iteration 96: max relative diff=0.001951, 40.72 sec so far
Iteration 108: max relative diff=0.001375, 45.80 sec so far
Iteration 120: max relative diff=0.000977, 50.88 sec so far
Iteration 132: max relative diff=0.000697, 56.01 sec so far
Iteration 144: max relative diff=0.000500, 61.10 sec so far
Iteration 156: max relative diff=0.000359, 66.19 sec so far
Iteration 168: max relative diff=0.000258, 71.28 sec so far
Iteration 180: max relative diff=0.000186, 76.36 sec so far
Iteration 192: max relative diff=0.000134, 81.46 sec so far
Iteration 204: max relative diff=0.000097, 86.54 sec so far
Iteration 216: max relative diff=0.000070, 91.63 sec so far
Iteration 228: max relative diff=0.000051, 96.71 sec so far
Iteration 240: max relative diff=0.000037, 101.79 sec so far
Iteration 252: max relative diff=0.000026, 106.88 sec so far
Iteration 264: max relative diff=0.000019, 111.96 sec so far
Iteration 276: max relative diff=0.000014, 117.05 sec so far
Iteration 288: max relative diff=0.000010, 122.13 sec so far
Iteration 300: max relative diff=0.000007, 127.22 sec so far
Iteration 312: max relative diff=0.000005, 132.31 sec so far
Iteration 324: max relative diff=0.000004, 137.41 sec so far
Iteration 336: max relative diff=0.000003, 142.51 sec so far
Iteration 348: max relative diff=0.000002, 147.60 sec so far
Iteration 360: max relative diff=0.000001, 152.70 sec so far
Iteration 372: max relative diff=0.000001, 157.79 sec so far

Iterative method: 374 iterations in 158.63 seconds (average 0.424155, setup 25.71)

Value in the initial state: 0.13726236100053438

Time for model checking: 185.695 seconds.

Result: 0.13726236100053438 (value in the initial state)

