PRISM
=====

Version: 4.4.dev
Date: Mon May 21 01:33:57 IRDT 2018
Hostname: sadegh-H81M-S2PH
Memory limits: cudd=1g, java(heap)=2.1g
Command line: prism dns155.nm dns.pctl -s -improvedmodpoliter2 -maxiters 90050 -epsilon 1e-8 -javamaxmem 2400m

Parsing model file "dns155.nm"...

Parsing properties file "dns.pctl"...

1 property:
(1) Pmax=? [ "pp" U "qq" ]

Type:        MDP
Modules:     m1 m2 m3 
Variables:   s1 s2 s3 

---------------------------------------------------------------------

Model checking: Pmax=? [ "pp" U "qq" ]

Building model...

Computing reachable states...

Reachability (BFS): 3 iterations in 0.00 seconds (average 0.001333, setup 0.00)

Time for model construction: 9.236 seconds.

Type:        MDP
States:      8000 (1 initial)
Transitions: 43444446
Choices:     24000

Transition matrix: 12508130 nodes (452657 terminal), 43444446 minterms, vars: 15r/15c/3nd

Prob0A: 3 iterations in 0.00 seconds (average 0.000667, setup 0.00)

Prob1E: 4 iterations in 0.00 seconds (average 0.000250, setup 0.00)

yes = 10, no = 10, maybe = 7980

Computing remaining probabilities...
Engine: Sparse

Building sparse matrix (FOR POLICY ITERASION)... [n=8000, nc=23940, nnz=43329885, k=3] [496.0 MB]
Creating vector for yes...[62.5 KB]
Allocating iteration vectors... [2 x 62.5 KB]
TOTAL: [496.2 MB]

Starting iterations...
Iteration 707: max relative diff=0.001542, 5.05 sec so far
Iteration 1414: max relative diff=0.000338, 10.08 sec so far
Iteration 2121: max relative diff=0.000127, 15.10 sec so far
Iteration 2929: max relative diff=0.000049, 20.82 sec so far
Iteration 3737: max relative diff=0.000020, 26.52 sec so far
Iteration 4545: max relative diff=0.000008, 32.22 sec so far
Iteration 5252: max relative diff=0.000004, 37.23 sec so far
Iteration 5959: max relative diff=0.000001, 42.74 sec so far
Iteration 6666: max relative diff=0.000000, 48.30 sec so far
Iteration 7373: max relative diff=0.000000, 53.85 sec so far
Iteration 8080: max relative diff=0.000000, 59.40 sec so far
Iteration 8686: max relative diff=0.000000, 64.43 sec so far
Iteration 9393: max relative diff=0.000000, 70.18 sec so far

Iterative method: 9494 iterations in 71.03 seconds (average 0.007482, setup 4.51)


Number of scallar multiplications: 70492M 

Value in the initial state: 0.7019204891359739

Time for model checking: 75.785 seconds.

Result: 0.7019204891359739 (value in the initial state)

