PRISM
=====

Version: 4.4.dev
Date: Tue Jun 19 11:09:54 IRDT 2018
Hostname: sadegh-H81M-S2PH
Memory limits: cudd=1g, java(heap)=2.1g
Command line: prism dns150.nm dns.pctl -s -gs -maxiters 90050 -epsilon 1e-6 -javamaxmem 2400m

Parsing model file "dns150.nm"...

Parsing properties file "dns.pctl"...

1 property:
(1) Pmax=? [ "pp" U "qq" ]

Type:        MDP
Modules:     m1 m2 m3 
Variables:   s1 s2 s3 

---------------------------------------------------------------------

Model checking: Pmax=? [ "pp" U "qq" ]

Building model...

Computing reachable states...

Reachability (BFS): 3 iterations in 0.02 seconds (average 0.006000, setup 0.00)

Time for model construction: 12.912 seconds.

Type:        MDP
States:      6000 (1 initial)
Transitions: 38782164
Choices:     30000

Transition matrix: 11610751 nodes (897357 terminal), 38782164 minterms, vars: 14r/14c/5nd

Prob0A: 3 iterations in 0.01 seconds (average 0.003333, setup 0.00)

Prob1E: 4 iterations in 0.00 seconds (average 0.001000, setup 0.00)

yes = 10, no = 66, maybe = 5924

Computing remaining probabilities...
Engine: Sparse

Building sparse matrix(FOR GS)... [n=6000, nc=29620, nnz=38300680, k=5] [438.5 MB]
Creating vector for yes...[46.9 KB]
Allocating iteration vectors... [2 x 46.9 KB]
TOTAL: [438.6 MB]

Starting iterations...
Iteration 78: max relative diff=0.003400, 5.02 sec so far
Iteration 156: max relative diff=0.000608, 10.05 sec so far
Iteration 234: max relative diff=0.000141, 15.07 sec so far
Iteration 312: max relative diff=0.000034, 20.10 sec so far
Iteration 390: max relative diff=0.000008, 25.14 sec so far
Iteration 468: max relative diff=0.000002, 30.16 sec so far

Iterative method: 510 iterations in 32.87 seconds (average 0.064451, setup 6.84)

Value in the initial state: 0.4373441676007443

Time for model checking: 39.969 seconds.

Result: 0.4373441676007443 (value in the initial state)

