PRISM
=====

Version: 4.4.dev
Date: Sat Jun 16 19:59:44 IRDT 2018
Hostname: sadegh-H81M-S2PH
Memory limits: cudd=1g, java(heap)=2.1g
Command line: prism dns21.nm dns.pctl -s -bucketvaliter2 -maxiters 90050 -javamaxmem 2400m

Parsing model file "dns21.nm"...

Parsing properties file "dns.pctl"...

1 property:
(1) Pmax=? [ "pp" U "qq" ]

Type:        MDP
Modules:     m1 m2 m3 
Variables:   s1 s2 s3 

---------------------------------------------------------------------

Model checking: Pmax=? [ "pp" U "qq" ]

Building model...

Computing reachable states...

Reachability (BFS): 3 iterations in 0.00 seconds (average 0.000667, setup 0.00)

Time for model construction: 6.193 seconds.

Type:        MDP
States:      8000 (1 initial)
Transitions: 110629696
Choices:     16000

Transition matrix: 6451364 nodes (410897 terminal), 110629696 minterms, vars: 15r/15c/2nd

Prob0A: 2 iterations in 0.00 seconds (average 0.000500, setup 0.00)

Prob1E: 4 iterations in 0.00 seconds (average 0.000250, setup 0.00)

yes = 10, no = 15, maybe = 7975

Computing remaining probabilities...
Engine: Sparse

Building sparse matrix(FOR GS)... [n=8000, nc=15950, nnz=110275233, k=2] [1.2 GB]
Creating vector for yes...[62.5 KB]
Allocating iteration vectors... [2 x 62.5 KB]
TOTAL: [1.2 GB]

Starting iterations...

Iterative method: 9713480 iterations in 984.76 seconds (average 0.000101, setup 8.12)

Value in the initial state: 0.5682972798556399

Time for model checking: 1008.204 seconds.

Result: 0.5682972798556399 (value in the initial state)

