PRISM
=====

Version: 4.4.dev
Date: Mon Jun 18 00:21:58 IRDT 2018
Hostname: sadegh-H81M-S2PH
Memory limits: cudd=1g, java(heap)=2.1g
Command line: prism dns88.nm dns.pctl -s -backwardvaliter -maxiters 90050 -epsilon 1e-6 -javamaxmem 2400m

Parsing model file "dns88.nm"...

Parsing properties file "dns.pctl"...

1 property:
(1) Pmax=? [ "pp" U "qq" ]

Type:        MDP
Modules:     m1 m2 m3 
Variables:   s1 s2 s3 

---------------------------------------------------------------------

Model checking: Pmax=? [ "pp" U "qq" ]

Building model...

Computing reachable states...

Reachability (BFS): 3 iterations in 0.00 seconds (average 0.001333, setup 0.00)

Time for model construction: 15.671 seconds.

Type:        MDP
States:      8000 (1 initial)
Transitions: 127066763
Choices:     32000

Transition matrix: 15428827 nodes (517835 terminal), 127066763 minterms, vars: 15r/15c/4nd

Prob0A: 2 iterations in 0.01 seconds (average 0.007500, setup 0.00)

Prob1E: 4 iterations in 0.01 seconds (average 0.003000, setup 0.00)

yes = 10, no = 45, maybe = 7945

Computing remaining probabilities...
Engine: Sparse

Building sparse matrix(FOR GS)... [n=8000, nc=31780, nnz=126177088, k=4] [1.4 GB]
Creating vector for yes...[62.5 KB]
Allocating iteration vectors... [2 x 62.5 KB]
TOTAL: [1.4 GB]

Starting iterations...
Iteration 20: max relative diff=0.042828, 5.09 sec so far
Iteration 44: max relative diff=0.014408, 10.13 sec so far
Iteration 68: max relative diff=0.007192, 15.17 sec so far
Iteration 92: max relative diff=0.004180, 20.21 sec so far
Iteration 116: max relative diff=0.002627, 25.25 sec so far
Iteration 140: max relative diff=0.001734, 30.30 sec so far
Iteration 164: max relative diff=0.001180, 35.34 sec so far
Iteration 188: max relative diff=0.000818, 40.38 sec so far
Iteration 212: max relative diff=0.000575, 45.43 sec so far
Iteration 236: max relative diff=0.000408, 50.47 sec so far
Iteration 260: max relative diff=0.000292, 55.52 sec so far
Iteration 284: max relative diff=0.000209, 60.57 sec so far
Iteration 308: max relative diff=0.000151, 65.61 sec so far
Iteration 332: max relative diff=0.000109, 70.65 sec so far
Iteration 356: max relative diff=0.000079, 75.69 sec so far
Iteration 380: max relative diff=0.000057, 80.74 sec so far
Iteration 404: max relative diff=0.000041, 85.78 sec so far
Iteration 428: max relative diff=0.000030, 90.82 sec so far
Iteration 452: max relative diff=0.000022, 95.87 sec so far
Iteration 476: max relative diff=0.000016, 100.95 sec so far
Iteration 500: max relative diff=0.000011, 105.99 sec so far
Iteration 524: max relative diff=0.000008, 111.04 sec so far
Iteration 548: max relative diff=0.000006, 116.08 sec so far
Iteration 572: max relative diff=0.000004, 121.13 sec so far
Iteration 596: max relative diff=0.000003, 126.18 sec so far
Iteration 620: max relative diff=0.000002, 131.22 sec so far
Iteration 644: max relative diff=0.000002, 136.27 sec so far
Iteration 668: max relative diff=0.000001, 141.31 sec so far

Iterative method: 684 iterations in 144.67 seconds (average 0.211506, setup 13.97)

Value in the initial state: 0.3770930573543637

Time for model checking: 159.168 seconds.

Result: 0.3770930573543637 (value in the initial state)

Warning: CUDD reports 16282993 non-zero references.

