PRISM
=====

Version: 4.4.dev
Date: Mon Jun 18 11:14:20 IRDT 2018
Hostname: sadegh-H81M-S2PH
Memory limits: cudd=1g, java(heap)=2.1g
Command line: prism dns129.nm dns.pctl -s -bucketvaliter2 -maxiters 90050 -javamaxmem 2400m

Parsing model file "dns129.nm"...

Parsing properties file "dns.pctl"...

1 property:
(1) Pmax=? [ "pp" U "qq" ]

Type:        MDP
Modules:     m1 m2 m3 
Variables:   s1 s2 s3 

---------------------------------------------------------------------

Model checking: Pmax=? [ "pp" U "qq" ]

Building model...

Computing reachable states...

Reachability (BFS): 3 iterations in 0.02 seconds (average 0.005667, setup 0.00)

Time for model construction: 13.243 seconds.

Type:        MDP
States:      7200 (1 initial)
Transitions: 64473068
Choices:     28800

Transition matrix: 13190569 nodes (699305 terminal), 64473068 minterms, vars: 15r/15c/4nd

Prob0A: 2 iterations in 0.01 seconds (average 0.004000, setup 0.00)

Prob1E: 9 iterations in 0.01 seconds (average 0.001667, setup 0.00)

yes = 10, no = 10, maybe = 7180

Computing remaining probabilities...
Engine: Sparse

Building sparse matrix(FOR GS)... [n=7200, nc=28720, nnz=64310330, k=4] [736.1 MB]
Creating vector for yes...[56.2 KB]
Allocating iteration vectors... [2 x 56.2 KB]
TOTAL: [736.3 MB]

Starting iterations...
Iterative method did not converge within after 1000 seconds.
Iterative method: 6765978 iterations in 1000.00 seconds (average 0.000148, setup 7.92)

Error: Iterative method did not converge within 6765978 iterations.
Consider using a different numerical method or increasing the maximum number of iterations.

