PRISM
=====

Version: 4.4.dev
Date: Sun May 20 22:18:19 IRDT 2018
Hostname: sadegh-H81M-S2PH
Memory limits: cudd=1g, java(heap)=2.1g
Command line: prism dns106.nm dns.pctl -s -improvedmodpoliter -maxiters 90050 -epsilon 1e-8 -javamaxmem 2400m

Parsing model file "dns106.nm"...

Parsing properties file "dns.pctl"...

1 property:
(1) Pmax=? [ "pp" U "qq" ]

Type:        MDP
Modules:     m1 m2 m3 
Variables:   s1 s2 s3 

---------------------------------------------------------------------

Model checking: Pmax=? [ "pp" U "qq" ]

Building model...

Computing reachable states...

Reachability (BFS): 3 iterations in 0.00 seconds (average 0.000333, setup 0.00)

Time for model construction: 5.297 seconds.

Type:        MDP
States:      8000 (1 initial)
Transitions: 50400670
Choices:     16000

Transition matrix: 7359725 nodes (342257 terminal), 50400670 minterms, vars: 15r/15c/2nd

Prob0A: 2 iterations in 0.00 seconds (average 0.001500, setup 0.00)

Prob1E: 4 iterations in 0.00 seconds (average 0.000750, setup 0.00)

yes = 10, no = 91, maybe = 7899

Computing remaining probabilities...
Engine: Sparse

Building sparse matrix (FOR POLICY ITERASION)... [n=8000, nc=15798, nnz=49750716, k=2] [569.4 MB]
Creating vector for yes...[62.5 KB]
Allocating iteration vectors... [2 x 62.5 KB]
TOTAL: [569.6 MB]

Starting iterations...
Iteration 306: max relative diff=0.001150, 6.27 sec so far
Iteration 612: max relative diff=0.000000, 12.71 sec so far

Iterative method: 710 iterations in 14.77 seconds (average 0.020806, setup 4.37)

Value in the initial state: 0.19650907805267187

Time for model checking: 19.419 seconds.

Result: 0.19650907805267187 (value in the initial state)

