PRISM
=====

Version: 4.4.dev
Date: Sun May 20 23:26:44 IRDT 2018
Hostname: sadegh-H81M-S2PH
Memory limits: cudd=1g, java(heap)=2.1g
Command line: prism dns121.nm dns.pctl -s -improvedmodpoliter2 -maxiters 90050 -epsilon 1e-8 -javamaxmem 2400m

Parsing model file "dns121.nm"...

Parsing properties file "dns.pctl"...

1 property:
(1) Pmax=? [ "pp" U "qq" ]

Type:        MDP
Modules:     m1 m2 m3 
Variables:   s1 s2 s3 

---------------------------------------------------------------------

Model checking: Pmax=? [ "pp" U "qq" ]

Building model...

Computing reachable states...

Reachability (BFS): 3 iterations in 0.00 seconds (average 0.001000, setup 0.00)

Time for model construction: 10.76 seconds.

Type:        MDP
States:      10000 (1 initial)
Transitions: 91585208
Choices:     30000

Transition matrix: 15047611 nodes (456141 terminal), 91585208 minterms, vars: 15r/15c/3nd

Prob0A: 3 iterations in 0.00 seconds (average 0.001000, setup 0.00)

Prob1E: 4 iterations in 0.00 seconds (average 0.000500, setup 0.00)

yes = 10, no = 15, maybe = 9975

Computing remaining probabilities...
Engine: Sparse

Building sparse matrix (FOR POLICY ITERASION)... [n=10000, nc=29925, nnz=91367415, k=3] [1.0 GB]
Creating vector for yes...[78.1 KB]
Allocating iteration vectors... [2 x 78.1 KB]
TOTAL: [1.0 GB]

Starting iterations...
Iteration 606: max relative diff=0.004202, 5.73 sec so far
Iteration 1212: max relative diff=0.000676, 11.52 sec so far
Iteration 1818: max relative diff=0.000155, 17.22 sec so far
Iteration 2424: max relative diff=0.000064, 22.65 sec so far
Iteration 3030: max relative diff=0.000031, 28.12 sec so far
Iteration 3636: max relative diff=0.000015, 33.57 sec so far
Iteration 4242: max relative diff=0.000007, 39.00 sec so far
Iteration 4848: max relative diff=0.000003, 44.73 sec so far
Iteration 5353: max relative diff=0.000001, 49.74 sec so far
Iteration 5858: max relative diff=0.000001, 54.75 sec so far
Iteration 6363: max relative diff=0.000000, 59.78 sec so far
Iteration 6868: max relative diff=0.000000, 64.78 sec so far
Iteration 7373: max relative diff=0.000000, 69.80 sec so far
Iteration 7979: max relative diff=0.000000, 75.79 sec so far
Iteration 8484: max relative diff=0.000000, 80.79 sec so far
Iteration 8989: max relative diff=0.000000, 85.83 sec so far

Iterative method: 9090 iterations in 86.82 seconds (average 0.009551, setup 7.64)


Number of scallar multiplications: 83224M 

Value in the initial state: 0.6876990488887833

Time for model checking: 95.455 seconds.

Result: 0.6876990488887833 (value in the initial state)

