PRISM
=====

Version: 4.4.dev
Date: Sun Jun 17 21:48:02 IRDT 2018
Hostname: sadegh-H81M-S2PH
Memory limits: cudd=1g, java(heap)=2.1g
Command line: prism dns79.nm dns.pctl -s -bucketvaliter2 -maxiters 90050 -javamaxmem 2400m

Parsing model file "dns79.nm"...

Parsing properties file "dns.pctl"...

1 property:
(1) Pmax=? [ "pp" U "qq" ]

Type:        MDP
Modules:     m1 m2 m3 
Variables:   s1 s2 s3 

---------------------------------------------------------------------

Model checking: Pmax=? [ "pp" U "qq" ]

Building model...

Computing reachable states...

Reachability (BFS): 3 iterations in 0.00 seconds (average 0.001000, setup 0.00)

Time for model construction: 15.193 seconds.

Type:        MDP
States:      8800 (1 initial)
Transitions: 185230488
Choices:     35200

Transition matrix: 14459907 nodes (257429 terminal), 185230488 minterms, vars: 15r/15c/4nd

Prob0A: 2 iterations in 0.01 seconds (average 0.003000, setup 0.00)

Prob1E: 4 iterations in 0.01 seconds (average 0.001750, setup 0.00)

yes = 10, no = 28, maybe = 8762

Computing remaining probabilities...
Engine: Sparse

Building sparse matrix(FOR GS)... [n=8800, nc=35048, nnz=184415353, k=4] [2.1 GB]
Creating vector for yes...[68.8 KB]
Allocating iteration vectors... [2 x 68.8 KB]
TOTAL: [2.1 GB]

Starting iterations...
Iterative method did not converge within after 1000 seconds.
Iterative method: 3396887 iterations in 1000.00 seconds (average 0.000294, setup 18.31)

Error: Iterative method did not converge within 3396887 iterations.
Consider using a different numerical method or increasing the maximum number of iterations.

