PRISM
=====

Version: 4.4.dev
Date: Mon May 21 00:32:45 IRDT 2018
Hostname: sadegh-H81M-S2PH
Memory limits: cudd=1g, java(heap)=2.1g
Command line: prism dns136.nm dns.pctl -s -improvedmodpoliter -maxiters 90050 -epsilon 1e-8 -javamaxmem 2400m

Parsing model file "dns136.nm"...

Parsing properties file "dns.pctl"...

1 property:
(1) Pmax=? [ "pp" U "qq" ]

Type:        MDP
Modules:     m1 m2 m3 
Variables:   s1 s2 s3 

---------------------------------------------------------------------

Model checking: Pmax=? [ "pp" U "qq" ]

Building model...

Computing reachable states...

Reachability (BFS): 3 iterations in 0.02 seconds (average 0.005667, setup 0.00)

Time for model construction: 11.752 seconds.

Type:        MDP
States:      6400 (1 initial)
Transitions: 78097556
Choices:     38400

Transition matrix: 14850358 nodes (541969 terminal), 78097556 minterms, vars: 14r/14c/6nd

Prob0A: 2 iterations in 0.04 seconds (average 0.018000, setup 0.00)

Prob1E: 4 iterations in 0.01 seconds (average 0.002500, setup 0.00)

yes = 10, no = 105, maybe = 6285

Computing remaining probabilities...
Engine: Sparse

Building sparse matrix (FOR POLICY ITERASION)... [n=6400, nc=37710, nnz=76660238, k=6] [877.5 MB]
Creating vector for yes...[50.0 KB]
Allocating iteration vectors... [2 x 50.0 KB]
TOTAL: [877.6 MB]

Starting iterations...
Iteration 510: max relative diff=0.000000, 6.17 sec so far

Iterative method: 510 iterations in 6.17 seconds (average 0.012102, setup 8.41)

Value in the initial state: 0.2382732541932491

Time for model checking: 15.009 seconds.

Result: 0.2382732541932491 (value in the initial state)

