PRISM
=====

Version: 4.4.dev
Date: Tue Jun 19 14:20:25 IRDT 2018
Hostname: sadegh-H81M-S2PH
Memory limits: cudd=1g, java(heap)=2.1g
Command line: prism dns167.nm dns.pctl -s -gs -maxiters 90050 -epsilon 1e-6 -javamaxmem 2400m

Parsing model file "dns167.nm"...

Parsing properties file "dns.pctl"...

1 property:
(1) Pmax=? [ "pp" U "qq" ]

Type:        MDP
Modules:     m1 m2 m3 
Variables:   s1 s2 s3 

---------------------------------------------------------------------

Model checking: Pmax=? [ "pp" U "qq" ]

Building model...

Computing reachable states...

Reachability (BFS): 3 iterations in 0.01 seconds (average 0.002667, setup 0.00)

Time for model construction: 24.624 seconds.

Type:        MDP
States:      10000 (1 initial)
Transitions: 42862648
Choices:     40000

Transition matrix: 21350783 nodes (574755 terminal), 42862648 minterms, vars: 15r/15c/4nd

Prob0A: 3 iterations in 0.01 seconds (average 0.004667, setup 0.00)

Prob1E: 9 iterations in 0.03 seconds (average 0.002778, setup 0.00)

yes = 10, no = 28, maybe = 9962

Computing remaining probabilities...
Engine: Sparse

Building sparse matrix(FOR GS)... [n=10000, nc=39848, nnz=42703468, k=4] [488.9 MB]
Creating vector for yes...[78.1 KB]
Allocating iteration vectors... [2 x 78.1 KB]
TOTAL: [489.1 MB]

Starting iterations...
Iteration 70: max relative diff=0.008471, 5.03 sec so far
Iteration 140: max relative diff=0.002739, 10.05 sec so far
Iteration 210: max relative diff=0.001313, 15.07 sec so far
Iteration 280: max relative diff=0.000755, 20.09 sec so far
Iteration 350: max relative diff=0.000483, 25.12 sec so far
Iteration 420: max relative diff=0.000332, 30.15 sec so far
Iteration 490: max relative diff=0.000238, 35.17 sec so far
Iteration 560: max relative diff=0.000175, 40.20 sec so far
Iteration 630: max relative diff=0.000132, 45.23 sec so far
Iteration 700: max relative diff=0.000101, 50.26 sec so far
Iteration 770: max relative diff=0.000078, 55.28 sec so far
Iteration 840: max relative diff=0.000061, 60.31 sec so far
Iteration 910: max relative diff=0.000048, 65.33 sec so far
Iteration 980: max relative diff=0.000038, 70.36 sec so far
Iteration 1050: max relative diff=0.000030, 75.39 sec so far
Iteration 1120: max relative diff=0.000024, 80.41 sec so far
Iteration 1190: max relative diff=0.000019, 85.44 sec so far
Iteration 1260: max relative diff=0.000015, 90.47 sec so far
Iteration 1330: max relative diff=0.000012, 95.50 sec so far
Iteration 1400: max relative diff=0.000010, 100.52 sec so far
Iteration 1470: max relative diff=0.000008, 105.55 sec so far
Iteration 1540: max relative diff=0.000006, 110.57 sec so far
Iteration 1610: max relative diff=0.000005, 115.59 sec so far
Iteration 1680: max relative diff=0.000004, 120.62 sec so far
Iteration 1750: max relative diff=0.000003, 125.64 sec so far
Iteration 1820: max relative diff=0.000003, 130.66 sec so far
Iteration 1890: max relative diff=0.000002, 135.69 sec so far
Iteration 1960: max relative diff=0.000002, 140.71 sec so far
Iteration 2030: max relative diff=0.000001, 145.74 sec so far
Iteration 2100: max relative diff=0.000001, 150.76 sec so far

Iterative method: 2124 iterations in 152.49 seconds (average 0.071793, setup 10.01)

Value in the initial state: 0.6831215634813605

Time for model checking: 162.732 seconds.

Result: 0.6831215634813605 (value in the initial state)

