PRISM
=====

Version: 4.4.dev
Date: Sun Jun 17 00:42:17 IRDT 2018
Hostname: sadegh-H81M-S2PH
Memory limits: cudd=1g, java(heap)=2.1g
Command line: prism dns36.nm dns.pctl -s -backwardvaliter -maxiters 90050 -epsilon 1e-6 -javamaxmem 2400m

Parsing model file "dns36.nm"...

Parsing properties file "dns.pctl"...

1 property:
(1) Pmax=? [ "pp" U "qq" ]

Type:        MDP
Modules:     m1 m2 m3 
Variables:   s1 s2 s3 

---------------------------------------------------------------------

Model checking: Pmax=? [ "pp" U "qq" ]

Building model...

Computing reachable states...

Reachability (BFS): 3 iterations in 0.00 seconds (average 0.001000, setup 0.00)

Time for model construction: 6.413 seconds.

Type:        MDP
States:      6800 (1 initial)
Transitions: 74694256
Choices:     13600

Transition matrix: 6227781 nodes (438261 terminal), 74694256 minterms, vars: 15r/15c/2nd

Prob0A: 2 iterations in 0.00 seconds (average 0.000500, setup 0.00)

Prob1E: 4 iterations in 0.00 seconds (average 0.000250, setup 0.00)

yes = 10, no = 21, maybe = 6769

Computing remaining probabilities...
Engine: Sparse

Building sparse matrix(FOR GS)... [n=6800, nc=13538, nnz=74345955, k=2] [850.9 MB]
Creating vector for yes...[53.1 KB]
Allocating iteration vectors... [2 x 53.1 KB]
TOTAL: [851.1 MB]

Starting iterations...
Iteration 37: max relative diff=0.022290, 5.07 sec so far
Iteration 78: max relative diff=0.008139, 10.14 sec so far
Iteration 119: max relative diff=0.004215, 15.21 sec so far
Iteration 160: max relative diff=0.002501, 20.28 sec so far
Iteration 201: max relative diff=0.001598, 25.35 sec so far
Iteration 242: max relative diff=0.001070, 30.41 sec so far
Iteration 283: max relative diff=0.000737, 35.48 sec so far
Iteration 324: max relative diff=0.000519, 40.55 sec so far
Iteration 365: max relative diff=0.000370, 45.62 sec so far
Iteration 406: max relative diff=0.000267, 50.68 sec so far
Iteration 447: max relative diff=0.000194, 55.75 sec so far
Iteration 488: max relative diff=0.000141, 60.82 sec so far
Iteration 529: max relative diff=0.000104, 65.89 sec so far
Iteration 570: max relative diff=0.000076, 70.95 sec so far
Iteration 611: max relative diff=0.000056, 76.02 sec so far
Iteration 652: max relative diff=0.000041, 81.09 sec so far
Iteration 693: max relative diff=0.000031, 86.16 sec so far
Iteration 734: max relative diff=0.000023, 91.23 sec so far
Iteration 775: max relative diff=0.000017, 96.30 sec so far
Iteration 816: max relative diff=0.000012, 101.37 sec so far
Iteration 857: max relative diff=0.000009, 106.44 sec so far
Iteration 898: max relative diff=0.000007, 111.51 sec so far
Iteration 939: max relative diff=0.000005, 116.60 sec so far
Iteration 980: max relative diff=0.000004, 121.67 sec so far
Iteration 1021: max relative diff=0.000003, 126.73 sec so far
Iteration 1062: max relative diff=0.000002, 131.79 sec so far
Iteration 1103: max relative diff=0.000002, 136.86 sec so far
Iteration 1144: max relative diff=0.000001, 141.93 sec so far

Iterative method: 1160 iterations in 143.91 seconds (average 0.124056, setup 7.16)

Value in the initial state: 0.38234293602013936

Time for model checking: 151.386 seconds.

Result: 0.38234293602013936 (value in the initial state)

Warning: CUDD reports 6416912 non-zero references.

