PRISM
=====

Version: 4.4.dev
Date: Mon May 21 01:48:41 IRDT 2018
Hostname: sadegh-H81M-S2PH
Memory limits: cudd=1g, java(heap)=2.1g
Command line: prism dns161.nm dns.pctl -s -modpoliter -maxiters 90050 -epsilon 1e-8 -javamaxmem 2400m

Parsing model file "dns161.nm"...

Parsing properties file "dns.pctl"...

1 property:
(1) Pmax=? [ "pp" U "qq" ]

Type:        MDP
Modules:     m1 m2 m3 
Variables:   s1 s2 s3 

---------------------------------------------------------------------

Model checking: Pmax=? [ "pp" U "qq" ]

Building model...

Computing reachable states...

Reachability (BFS): 3 iterations in 0.01 seconds (average 0.002667, setup 0.00)

Time for model construction: 14.533 seconds.

Type:        MDP
States:      10000 (1 initial)
Transitions: 46301470
Choices:     40000

Transition matrix: 17092721 nodes (593137 terminal), 46301470 minterms, vars: 15r/15c/4nd

Prob0A: 3 iterations in 0.01 seconds (average 0.003000, setup 0.00)

Prob1E: 4 iterations in 0.00 seconds (average 0.001000, setup 0.00)

yes = 10, no = 105, maybe = 9885

Computing remaining probabilities...
Engine: Sparse

Building sparse matrix (FOR POLICY ITERASION)... [n=10000, nc=39540, nnz=45797622, k=4] [524.3 MB]
Creating vector for yes...[78.1 KB]
Allocating iteration vectors... [2 x 78.1 KB]
TOTAL: [524.5 MB]

Starting iterations...
Iteration 404: max relative diff=0.008462, 5.13 sec so far
Iteration 808: max relative diff=0.000055, 10.16 sec so far
Iteration 1212: max relative diff=0.000000, 15.17 sec so far
Iteration 1616: max relative diff=0.000000, 20.18 sec so far

Iterative method: 1637 iterations in 20.47 seconds (average 0.012502, setup 6.48)

Value in the initial state: 0.44372393445973385

Time for model checking: 27.083 seconds.

Result: 0.44372393445973385 (value in the initial state)

