PRISM
=====

Version: 4.4.dev
Date: Mon Jun 18 03:42:36 IRDT 2018
Hostname: sadegh-H81M-S2PH
Memory limits: cudd=1g, java(heap)=2.1g
Command line: prism dns102.nm dns.pctl -s -bucketvaliter2 -maxiters 90050 -javamaxmem 2400m

Parsing model file "dns102.nm"...

Parsing properties file "dns.pctl"...

1 property:
(1) Pmax=? [ "pp" U "qq" ]

Type:        MDP
Modules:     m1 m2 m3 
Variables:   s1 s2 s3 

---------------------------------------------------------------------

Model checking: Pmax=? [ "pp" U "qq" ]

Building model...

Computing reachable states...

Reachability (BFS): 3 iterations in 0.00 seconds (average 0.001333, setup 0.00)

Time for model construction: 18.362 seconds.

Type:        MDP
States:      11200 (1 initial)
Transitions: 151005297
Choices:     33600

Transition matrix: 17881964 nodes (434359 terminal), 151005297 minterms, vars: 15r/15c/3nd

Prob0A: 2 iterations in 0.00 seconds (average 0.001000, setup 0.00)

Prob1E: 4 iterations in 0.00 seconds (average 0.000250, setup 0.00)

yes = 10, no = 10, maybe = 11180

Computing remaining probabilities...
Engine: Sparse

Building sparse matrix(FOR GS)... [n=11200, nc=33540, nnz=150715614, k=3] [1.7 GB]
Creating vector for yes...[87.5 KB]
Allocating iteration vectors... [2 x 87.5 KB]
TOTAL: [1.7 GB]

Starting iterations...
Iterative method did not converge within after 1000 seconds.
Iterative method: 6998626 iterations in 1000.00 seconds (average 0.000143, setup 15.66)

Error: Iterative method did not converge within 6998626 iterations.
Consider using a different numerical method or increasing the maximum number of iterations.

