PRISM
=====

Version: 4.4.dev
Date: Sat Jun 16 22:53:50 IRDT 2018
Hostname: sadegh-H81M-S2PH
Memory limits: cudd=1g, java(heap)=2.1g
Command line: prism dns31.nm dns.pctl -s -gs -maxiters 90050 -epsilon 1e-6 -javamaxmem 2400m

Parsing model file "dns31.nm"...

Parsing properties file "dns.pctl"...

1 property:
(1) Pmax=? [ "pp" U "qq" ]

Type:        MDP
Modules:     m1 m2 m3 
Variables:   s1 s2 s3 

---------------------------------------------------------------------

Model checking: Pmax=? [ "pp" U "qq" ]

Building model...

Computing reachable states...

Reachability (BFS): 3 iterations in 0.00 seconds (average 0.000333, setup 0.00)

Time for model construction: 14.502 seconds.

Type:        MDP
States:      8000 (1 initial)
Transitions: 260531507
Choices:     40000

Transition matrix: 13783342 nodes (265614 terminal), 260531507 minterms, vars: 15r/15c/5nd

Prob0A: 2 iterations in 0.01 seconds (average 0.003000, setup 0.00)

Prob1E: 4 iterations in 0.00 seconds (average 0.000500, setup 0.00)

yes = 10, no = 21, maybe = 7969

Computing remaining probabilities...
Engine: Sparse

Building sparse matrix(FOR GS)... [n=8000, nc=39845, nnz=259510847, k=5] [2.9 GB]
Creating vector for yes...[62.5 KB]
Allocating iteration vectors... [2 x 62.5 KB]
TOTAL: [2.9 GB]

Starting iterations...
Iteration 12: max relative diff=0.085881, 5.22 sec so far
Iteration 24: max relative diff=0.037759, 10.44 sec so far
Iteration 36: max relative diff=0.022867, 15.66 sec so far
Iteration 48: max relative diff=0.015699, 20.88 sec so far
Iteration 60: max relative diff=0.011544, 26.09 sec so far
Iteration 72: max relative diff=0.008846, 31.31 sec so far
Iteration 84: max relative diff=0.006980, 36.53 sec so far
Iteration 96: max relative diff=0.005627, 41.74 sec so far
Iteration 108: max relative diff=0.004614, 46.98 sec so far
Iteration 120: max relative diff=0.003835, 52.20 sec so far
Iteration 132: max relative diff=0.003222, 57.42 sec so far
Iteration 144: max relative diff=0.002730, 62.67 sec so far
Iteration 156: max relative diff=0.002332, 67.88 sec so far
Iteration 168: max relative diff=0.002006, 73.09 sec so far
Iteration 180: max relative diff=0.001735, 78.30 sec so far
Iteration 192: max relative diff=0.001508, 83.53 sec so far
Iteration 204: max relative diff=0.001316, 88.75 sec so far
Iteration 216: max relative diff=0.001153, 93.97 sec so far
Iteration 228: max relative diff=0.001014, 99.19 sec so far
Iteration 240: max relative diff=0.000894, 104.41 sec so far
Iteration 252: max relative diff=0.000790, 109.63 sec so far
Iteration 264: max relative diff=0.000699, 114.85 sec so far
Iteration 276: max relative diff=0.000621, 120.07 sec so far
Iteration 288: max relative diff=0.000552, 125.30 sec so far
Iteration 300: max relative diff=0.000492, 130.51 sec so far
Iteration 312: max relative diff=0.000438, 135.73 sec so far
Iteration 324: max relative diff=0.000392, 140.94 sec so far
Iteration 336: max relative diff=0.000350, 146.16 sec so far
Iteration 348: max relative diff=0.000313, 151.38 sec so far
Iteration 360: max relative diff=0.000281, 156.60 sec so far
Iteration 372: max relative diff=0.000252, 161.82 sec so far
Iteration 384: max relative diff=0.000226, 167.04 sec so far
Iteration 396: max relative diff=0.000203, 172.26 sec so far
Iteration 408: max relative diff=0.000182, 177.49 sec so far
Iteration 420: max relative diff=0.000164, 182.70 sec so far
Iteration 432: max relative diff=0.000147, 187.91 sec so far
Iteration 444: max relative diff=0.000132, 193.12 sec so far
Iteration 456: max relative diff=0.000119, 198.33 sec so far
Iteration 468: max relative diff=0.000107, 203.54 sec so far
Iteration 480: max relative diff=0.000097, 208.75 sec so far
Iteration 492: max relative diff=0.000087, 213.96 sec so far
Iteration 504: max relative diff=0.000078, 219.17 sec so far
Iteration 516: max relative diff=0.000071, 224.39 sec so far
Iteration 528: max relative diff=0.000064, 229.60 sec so far
Iteration 540: max relative diff=0.000057, 234.81 sec so far
Iteration 552: max relative diff=0.000052, 240.02 sec so far
Iteration 564: max relative diff=0.000047, 245.24 sec so far
Iteration 576: max relative diff=0.000042, 250.44 sec so far
Iteration 588: max relative diff=0.000038, 255.64 sec so far
Iteration 600: max relative diff=0.000034, 260.85 sec so far
Iteration 612: max relative diff=0.000031, 266.06 sec so far
Iteration 624: max relative diff=0.000028, 271.27 sec so far
Iteration 636: max relative diff=0.000025, 276.49 sec so far
Iteration 648: max relative diff=0.000023, 281.70 sec so far
Iteration 660: max relative diff=0.000021, 286.91 sec so far
Iteration 672: max relative diff=0.000019, 292.12 sec so far
Iteration 684: max relative diff=0.000017, 297.33 sec so far
Iteration 696: max relative diff=0.000015, 302.54 sec so far
Iteration 708: max relative diff=0.000014, 307.75 sec so far
Iteration 720: max relative diff=0.000012, 312.95 sec so far
Iteration 732: max relative diff=0.000011, 318.16 sec so far
Iteration 744: max relative diff=0.000010, 323.37 sec so far
Iteration 756: max relative diff=0.000009, 328.58 sec so far
Iteration 768: max relative diff=0.000008, 333.81 sec so far
Iteration 780: max relative diff=0.000007, 339.02 sec so far
Iteration 792: max relative diff=0.000007, 344.23 sec so far
Iteration 804: max relative diff=0.000006, 349.43 sec so far
Iteration 816: max relative diff=0.000005, 354.64 sec so far
Iteration 828: max relative diff=0.000005, 359.85 sec so far
Iteration 840: max relative diff=0.000004, 365.06 sec so far
Iteration 852: max relative diff=0.000004, 370.26 sec so far
Iteration 864: max relative diff=0.000004, 375.46 sec so far
Iteration 876: max relative diff=0.000003, 380.67 sec so far
Iteration 888: max relative diff=0.000003, 385.88 sec so far
Iteration 900: max relative diff=0.000003, 391.10 sec so far
Iteration 912: max relative diff=0.000002, 396.31 sec so far
Iteration 924: max relative diff=0.000002, 401.52 sec so far
Iteration 936: max relative diff=0.000002, 406.73 sec so far
Iteration 948: max relative diff=0.000002, 411.95 sec so far
Iteration 960: max relative diff=0.000002, 417.16 sec so far
Iteration 972: max relative diff=0.000001, 422.37 sec so far
Iteration 984: max relative diff=0.000001, 427.58 sec so far
Iteration 996: max relative diff=0.000001, 432.79 sec so far
Iteration 1008: max relative diff=0.000001, 438.01 sec so far

Iterative method: 1015 iterations in 441.05 seconds (average 0.434527, setup 22.17)

Value in the initial state: 0.4581691905281503

Time for model checking: 464.442 seconds.

Result: 0.4581691905281503 (value in the initial state)

