PRISM
=====

Version: 4.4.dev
Date: Mon Jun 18 02:07:24 IRDT 2018
Hostname: sadegh-H81M-S2PH
Memory limits: cudd=1g, java(heap)=2.1g
Command line: prism dns95.nm dns.pctl -s -gs -maxiters 90050 -epsilon 1e-6 -javamaxmem 2400m

Parsing model file "dns95.nm"...

Parsing properties file "dns.pctl"...

1 property:
(1) Pmax=? [ "pp" U "qq" ]

Type:        MDP
Modules:     m1 m2 m3 
Variables:   s1 s2 s3 

---------------------------------------------------------------------

Model checking: Pmax=? [ "pp" U "qq" ]

Building model...

Computing reachable states...

Reachability (BFS): 3 iterations in 0.00 seconds (average 0.000667, setup 0.00)

Time for model construction: 10.205 seconds.

Type:        MDP
States:      8800 (1 initial)
Transitions: 78520320
Choices:     17600

Transition matrix: 8439219 nodes (257664 terminal), 78520320 minterms, vars: 15r/15c/2nd

Prob0A: 3 iterations in 0.00 seconds (average 0.001000, setup 0.00)

Prob1E: 4 iterations in 0.00 seconds (average 0.000500, setup 0.00)

yes = 10, no = 28, maybe = 8762

Computing remaining probabilities...
Engine: Sparse

Building sparse matrix(FOR GS)... [n=8800, nc=17524, nnz=78206308, k=2] [895.1 MB]
Creating vector for yes...[68.8 KB]
Allocating iteration vectors... [2 x 68.8 KB]
TOTAL: [895.3 MB]

Starting iterations...
Iteration 39: max relative diff=0.021683, 5.08 sec so far
Iteration 78: max relative diff=0.008658, 10.16 sec so far
Iteration 117: max relative diff=0.004661, 15.25 sec so far
Iteration 156: max relative diff=0.002837, 20.34 sec so far
Iteration 195: max relative diff=0.001843, 25.42 sec so far
Iteration 234: max relative diff=0.001247, 30.50 sec so far
Iteration 273: max relative diff=0.000868, 35.59 sec so far
Iteration 312: max relative diff=0.000615, 40.68 sec so far
Iteration 351: max relative diff=0.000441, 45.76 sec so far
Iteration 390: max relative diff=0.000319, 50.85 sec so far
Iteration 429: max relative diff=0.000233, 55.93 sec so far
Iteration 468: max relative diff=0.000170, 61.02 sec so far
Iteration 507: max relative diff=0.000125, 66.10 sec so far
Iteration 546: max relative diff=0.000092, 71.19 sec so far
Iteration 585: max relative diff=0.000068, 76.28 sec so far
Iteration 624: max relative diff=0.000050, 81.37 sec so far
Iteration 663: max relative diff=0.000037, 86.45 sec so far
Iteration 702: max relative diff=0.000027, 91.54 sec so far
Iteration 741: max relative diff=0.000020, 96.63 sec so far
Iteration 780: max relative diff=0.000015, 101.72 sec so far
Iteration 819: max relative diff=0.000011, 106.81 sec so far
Iteration 858: max relative diff=0.000008, 111.89 sec so far
Iteration 897: max relative diff=0.000006, 116.98 sec so far
Iteration 936: max relative diff=0.000005, 122.06 sec so far
Iteration 975: max relative diff=0.000003, 127.15 sec so far
Iteration 1014: max relative diff=0.000002, 132.23 sec so far
Iteration 1053: max relative diff=0.000002, 137.31 sec so far
Iteration 1092: max relative diff=0.000001, 142.40 sec so far
Iteration 1131: max relative diff=0.000001, 147.49 sec so far

Iterative method: 1134 iterations in 147.88 seconds (average 0.130403, setup 8.67)

Value in the initial state: 0.3323697979540446

Time for model checking: 156.925 seconds.

Result: 0.3323697979540446 (value in the initial state)

