PRISM
=====

Version: 4.4.dev
Date: Tue Jun 19 12:34:59 IRDT 2018
Hostname: sadegh-H81M-S2PH
Memory limits: cudd=1g, java(heap)=2.1g
Command line: prism dns160.nm dns.pctl -s -bucketvaliter2 -maxiters 90050 -javamaxmem 2400m

Parsing model file "dns160.nm"...

Parsing properties file "dns.pctl"...

1 property:
(1) Pmax=? [ "pp" U "qq" ]

Type:        MDP
Modules:     m1 m2 m3 
Variables:   s1 s2 s3 

---------------------------------------------------------------------

Model checking: Pmax=? [ "pp" U "qq" ]

Building model...

Computing reachable states...

Reachability (BFS): 3 iterations in 0.01 seconds (average 0.001667, setup 0.00)

Time for model construction: 11.718 seconds.

Type:        MDP
States:      8000 (1 initial)
Transitions: 43512210
Choices:     24000

Transition matrix: 11803692 nodes (395493 terminal), 43512210 minterms, vars: 15r/15c/3nd

Prob0A: 3 iterations in 0.01 seconds (average 0.002333, setup 0.00)

Prob1E: 4 iterations in 0.00 seconds (average 0.000750, setup 0.00)

yes = 10, no = 78, maybe = 7912

Computing remaining probabilities...
Engine: Sparse

Building sparse matrix(FOR GS)... [n=8000, nc=23736, nnz=43031139, k=3] [492.6 MB]
Creating vector for yes...[62.5 KB]
Allocating iteration vectors... [2 x 62.5 KB]
TOTAL: [492.8 MB]

Starting iterations...

Iterative method: 2432980 iterations in 136.10 seconds (average 0.000056, setup 6.64)

Value in the initial state: 0.23286855512001825

Time for model checking: 146.648 seconds.

Result: 0.23286855512001825 (value in the initial state)

