PRISM
=====

Version: 4.4.dev
Date: Tue Jun 19 14:59:07 IRDT 2018
Hostname: sadegh-H81M-S2PH
Memory limits: cudd=1g, java(heap)=2.1g
Command line: prism dns169.nm dns.pctl -s -bucketvaliter2 -maxiters 90050 -javamaxmem 2400m

Parsing model file "dns169.nm"...

Parsing properties file "dns.pctl"...

1 property:
(1) Pmax=? [ "pp" U "qq" ]

Type:        MDP
Modules:     m1 m2 m3 
Variables:   s1 s2 s3 

---------------------------------------------------------------------

Model checking: Pmax=? [ "pp" U "qq" ]

Building model...

Computing reachable states...

Reachability (BFS): 3 iterations in 0.01 seconds (average 0.002667, setup 0.00)

Time for model construction: 13.926 seconds.

Type:        MDP
States:      8000 (1 initial)
Transitions: 27468306
Choices:     32000

Transition matrix: 14202384 nodes (686225 terminal), 27468306 minterms, vars: 15r/15c/4nd

Prob0A: 3 iterations in 0.01 seconds (average 0.003667, setup 0.00)

Prob1E: 4 iterations in 0.00 seconds (average 0.000750, setup 0.00)

yes = 10, no = 28, maybe = 7962

Computing remaining probabilities...
Engine: Sparse

Building sparse matrix(FOR GS)... [n=8000, nc=31848, nnz=27330366, k=4] [312.9 MB]
Creating vector for yes...[62.5 KB]
Allocating iteration vectors... [2 x 62.5 KB]
TOTAL: [313.1 MB]

Starting iterations...

Iterative method: 6877382 iterations in 418.94 seconds (average 0.000061, setup 5.82)

Value in the initial state: 0.652108908555757

Time for model checking: 435.42 seconds.

Result: 0.652108908555757 (value in the initial state)

