PRISM
=====

Version: 4.4.dev
Date: Sun Jun 17 20:20:15 IRDT 2018
Hostname: sadegh-H81M-S2PH
Memory limits: cudd=1g, java(heap)=2.1g
Command line: prism dns75.nm dns.pctl -s -gs -maxiters 90050 -epsilon 1e-6 -javamaxmem 2400m

Parsing model file "dns75.nm"...

Parsing properties file "dns.pctl"...

1 property:
(1) Pmax=? [ "pp" U "qq" ]

Type:        MDP
Modules:     m1 m2 m3 
Variables:   s1 s2 s3 

---------------------------------------------------------------------

Model checking: Pmax=? [ "pp" U "qq" ]

Building model...

Computing reachable states...

Reachability (BFS): 3 iterations in 0.00 seconds (average 0.001000, setup 0.00)

Time for model construction: 12.819 seconds.

Type:        MDP
States:      8000 (1 initial)
Transitions: 151868040
Choices:     32000

Transition matrix: 12211168 nodes (258984 terminal), 151868040 minterms, vars: 15r/15c/4nd

Prob0A: 2 iterations in 0.01 seconds (average 0.002500, setup 0.00)

Prob1E: 4 iterations in 0.00 seconds (average 0.000750, setup 0.00)

yes = 10, no = 55, maybe = 7935

Computing remaining probabilities...
Engine: Sparse

Building sparse matrix(FOR GS)... [n=8000, nc=31740, nnz=150669683, k=4] [1.7 GB]
Creating vector for yes...[62.5 KB]
Allocating iteration vectors... [2 x 62.5 KB]
TOTAL: [1.7 GB]

Starting iterations...
Iteration 20: max relative diff=0.041837, 5.03 sec so far
Iteration 40: max relative diff=0.015548, 10.05 sec so far
Iteration 60: max relative diff=0.007932, 15.08 sec so far
Iteration 80: max relative diff=0.004631, 20.11 sec so far
Iteration 100: max relative diff=0.002904, 25.23 sec so far
Iteration 120: max relative diff=0.001898, 30.30 sec so far
Iteration 140: max relative diff=0.001274, 35.33 sec so far
Iteration 160: max relative diff=0.000871, 40.42 sec so far
Iteration 180: max relative diff=0.000601, 45.55 sec so far
Iteration 200: max relative diff=0.000418, 50.58 sec so far
Iteration 220: max relative diff=0.000293, 55.61 sec so far
Iteration 240: max relative diff=0.000205, 60.63 sec so far
Iteration 260: max relative diff=0.000145, 65.67 sec so far
Iteration 280: max relative diff=0.000102, 70.69 sec so far
Iteration 300: max relative diff=0.000072, 75.73 sec so far
Iteration 320: max relative diff=0.000051, 80.76 sec so far
Iteration 340: max relative diff=0.000036, 85.87 sec so far
Iteration 360: max relative diff=0.000025, 90.98 sec so far
Iteration 380: max relative diff=0.000018, 96.02 sec so far
Iteration 400: max relative diff=0.000013, 101.05 sec so far
Iteration 420: max relative diff=0.000009, 106.07 sec so far
Iteration 440: max relative diff=0.000006, 111.10 sec so far
Iteration 460: max relative diff=0.000005, 116.24 sec so far
Iteration 480: max relative diff=0.000003, 121.27 sec so far
Iteration 500: max relative diff=0.000002, 126.37 sec so far
Iteration 520: max relative diff=0.000002, 131.41 sec so far
Iteration 540: max relative diff=0.000001, 136.44 sec so far

Iterative method: 548 iterations in 138.45 seconds (average 0.252641, setup 15.24)

Value in the initial state: 0.276134556765012

Time for model checking: 154.525 seconds.

Result: 0.276134556765012 (value in the initial state)

