PRISM
=====

Version: 4.4.dev
Date: Mon Jun 18 13:13:27 IRDT 2018
Hostname: sadegh-H81M-S2PH
Memory limits: cudd=1g, java(heap)=2.1g
Command line: prism dns140.nm dns.pctl -s -gs -maxiters 90050 -epsilon 1e-6 -javamaxmem 2400m

Parsing model file "dns140.nm"...

Parsing properties file "dns.pctl"...

1 property:
(1) Pmax=? [ "pp" U "qq" ]

Type:        MDP
Modules:     m1 m2 m3 
Variables:   s1 s2 s3 

---------------------------------------------------------------------

Model checking: Pmax=? [ "pp" U "qq" ]

Building model...

Computing reachable states...

Reachability (BFS): 3 iterations in 0.00 seconds (average 0.001333, setup 0.00)

Time for model construction: 10.529 seconds.

Type:        MDP
States:      7200 (1 initial)
Transitions: 51622008
Choices:     21600

Transition matrix: 9705957 nodes (356528 terminal), 51622008 minterms, vars: 15r/15c/3nd

Prob0A: 3 iterations in 0.01 seconds (average 0.002333, setup 0.00)

Prob1E: 9 iterations in 0.01 seconds (average 0.001667, setup 0.00)

yes = 10, no = 15, maybe = 7175

Computing remaining probabilities...
Engine: Sparse

Building sparse matrix(FOR GS)... [n=7200, nc=21525, nnz=51438835, k=3] [588.8 MB]
Creating vector for yes...[56.2 KB]
Allocating iteration vectors... [2 x 56.2 KB]
TOTAL: [588.9 MB]

Starting iterations...
Iteration 59: max relative diff=0.012502, 5.06 sec so far
Iteration 118: max relative diff=0.004413, 10.13 sec so far
Iteration 177: max relative diff=0.002158, 15.20 sec so far
Iteration 236: max relative diff=0.001238, 20.27 sec so far
Iteration 295: max relative diff=0.000783, 25.32 sec so far
Iteration 354: max relative diff=0.000526, 30.39 sec so far
Iteration 413: max relative diff=0.000368, 35.45 sec so far
Iteration 472: max relative diff=0.000264, 40.51 sec so far
Iteration 531: max relative diff=0.000193, 45.59 sec so far
Iteration 590: max relative diff=0.000143, 50.65 sec so far
Iteration 649: max relative diff=0.000108, 55.71 sec so far
Iteration 708: max relative diff=0.000081, 60.78 sec so far
Iteration 767: max relative diff=0.000062, 65.85 sec so far
Iteration 826: max relative diff=0.000047, 70.92 sec so far
Iteration 885: max relative diff=0.000036, 75.99 sec so far
Iteration 944: max relative diff=0.000027, 81.06 sec so far
Iteration 1003: max relative diff=0.000021, 86.13 sec so far
Iteration 1062: max relative diff=0.000016, 91.20 sec so far
Iteration 1121: max relative diff=0.000012, 96.26 sec so far
Iteration 1180: max relative diff=0.000010, 101.32 sec so far
Iteration 1239: max relative diff=0.000007, 106.39 sec so far
Iteration 1298: max relative diff=0.000006, 111.46 sec so far
Iteration 1357: max relative diff=0.000004, 116.52 sec so far
Iteration 1416: max relative diff=0.000003, 121.60 sec so far
Iteration 1475: max relative diff=0.000003, 126.67 sec so far
Iteration 1534: max relative diff=0.000002, 131.74 sec so far
Iteration 1593: max relative diff=0.000002, 136.80 sec so far
Iteration 1652: max relative diff=0.000001, 141.86 sec so far

Iterative method: 1696 iterations in 145.64 seconds (average 0.085874, setup 6.42)

Value in the initial state: 0.5585956028972396

Time for model checking: 152.345 seconds.

Result: 0.5585956028972396 (value in the initial state)

