PRISM
=====

Version: 4.4.dev
Date: Mon Jun 18 06:59:43 IRDT 2018
Hostname: sadegh-H81M-S2PH
Memory limits: cudd=1g, java(heap)=2.1g
Command line: prism dns114.nm dns.pctl -s -bucketvaliter2 -maxiters 90050 -javamaxmem 2400m

Parsing model file "dns114.nm"...

Parsing properties file "dns.pctl"...

1 property:
(1) Pmax=? [ "pp" U "qq" ]

Type:        MDP
Modules:     m1 m2 m3 
Variables:   s1 s2 s3 

---------------------------------------------------------------------

Model checking: Pmax=? [ "pp" U "qq" ]

Building model...

Computing reachable states...

Reachability (BFS): 3 iterations in 0.00 seconds (average 0.001333, setup 0.00)

Time for model construction: 20.705 seconds.

Type:        MDP
States:      10000 (1 initial)
Transitions: 123910600
Choices:     30000

Transition matrix: 17618754 nodes (296745 terminal), 123910600 minterms, vars: 15r/15c/3nd

Prob0A: 2 iterations in 0.00 seconds (average 0.002000, setup 0.00)

Prob1E: 4 iterations in 0.00 seconds (average 0.000500, setup 0.00)

yes = 10, no = 21, maybe = 9969

Computing remaining probabilities...
Engine: Sparse

Building sparse matrix(FOR GS)... [n=10000, nc=29907, nnz=123534742, k=3] [1.4 GB]
Creating vector for yes...[78.1 KB]
Allocating iteration vectors... [2 x 78.1 KB]
TOTAL: [1.4 GB]

Starting iterations...
Iterative method did not converge within after 1000 seconds.
Iterative method: 7501067 iterations in 1000.00 seconds (average 0.000133, setup 16.08)

Error: Iterative method did not converge within 7501067 iterations.
Consider using a different numerical method or increasing the maximum number of iterations.

