PRISM
=====

Version: 4.4.dev
Date: Mon May 21 01:29:08 IRDT 2018
Hostname: sadegh-H81M-S2PH
Memory limits: cudd=1g, java(heap)=2.1g
Command line: prism dns154.nm dns.pctl -s -improvedmodpoliter2 -maxiters 90050 -epsilon 1e-8 -javamaxmem 2400m

Parsing model file "dns154.nm"...

Parsing properties file "dns.pctl"...

1 property:
(1) Pmax=? [ "pp" U "qq" ]

Type:        MDP
Modules:     m1 m2 m3 
Variables:   s1 s2 s3 

---------------------------------------------------------------------

Model checking: Pmax=? [ "pp" U "qq" ]

Building model...

Computing reachable states...

Reachability (BFS): 3 iterations in 0.00 seconds (average 0.001000, setup 0.00)

Time for model construction: 12.044 seconds.

Type:        MDP
States:      9600 (1 initial)
Transitions: 64304024
Choices:     28800

Transition matrix: 15844991 nodes (390129 terminal), 64304024 minterms, vars: 15r/15c/3nd

Prob0A: 3 iterations in 0.01 seconds (average 0.002333, setup 0.00)

Prob1E: 4 iterations in 0.01 seconds (average 0.001750, setup 0.00)

yes = 10, no = 66, maybe = 9524

Computing remaining probabilities...
Engine: Sparse

Building sparse matrix (FOR POLICY ITERASION)... [n=9600, nc=28572, nnz=63797720, k=3] [730.3 MB]
Creating vector for yes...[75.0 KB]
Allocating iteration vectors... [2 x 75.0 KB]
TOTAL: [730.5 MB]

Starting iterations...
Iteration 505: max relative diff=0.000329, 5.16 sec so far
Iteration 1010: max relative diff=0.000000, 10.46 sec so far

Iterative method: 1212 iterations in 12.75 seconds (average 0.010518, setup 8.26)


Number of scallar multiplications: 12819M 

Value in the initial state: 0.2978598844032338

Time for model checking: 21.453 seconds.

Result: 0.2978598844032338 (value in the initial state)

