PRISM
=====

Version: 4.4.dev
Date: Sun May 20 19:00:29 IRDT 2018
Hostname: sadegh-H81M-S2PH
Memory limits: cudd=1g, java(heap)=2.1g
Command line: prism dns82.nm dns.pctl -s -explicitmodpoliter -maxiters 90050 -epsilon 1e-8 -javamaxmem 2400m

Parsing model file "dns82.nm"...

Parsing properties file "dns.pctl"...

1 property:
(1) Pmax=? [ "pp" U "qq" ]

Type:        MDP
Modules:     m1 m2 m3 
Variables:   s1 s2 s3 

---------------------------------------------------------------------

Model checking: Pmax=? [ "pp" U "qq" ]

Building model...

Computing reachable states...

Reachability (BFS): 3 iterations in 0.01 seconds (average 0.002667, setup 0.00)

Time for model construction: 8.577 seconds.

Type:        MDP
States:      8000 (1 initial)
Transitions: 121752973
Choices:     32000

Transition matrix: 12584162 nodes (596016 terminal), 121752973 minterms, vars: 15r/15c/4nd

Prob0A: 2 iterations in 0.01 seconds (average 0.002500, setup 0.00)

Prob1E: 4 iterations in 0.00 seconds (average 0.000750, setup 0.00)

yes = 10, no = 105, maybe = 7885

Computing remaining probabilities...
Engine: Sparse

Building sparse matrix (FOR POLICY ITERASION)... [n=8000, nc=31540, nnz=119955007, k=4] [1.3 GB]
Creating vector for yes...[62.5 KB]
Allocating iteration vectors... [2 x 62.5 KB]
TOTAL: [1.3 GB]

Starting iterations...
Iteration 202: max relative diff=0.047249, 5.72 sec so far
Iteration 404: max relative diff=0.000803, 11.41 sec so far
Iteration 606: max relative diff=0.000000, 17.09 sec so far

Iterative method: 655 iterations in 18.54 seconds (average 0.028307, setup 8.48)

Value in the initial state: 0.3348393203153443

Time for model checking: 27.526 seconds.

Result: 0.3348393203153443 (value in the initial state)

