PRISM
=====

Version: 4.4.dev
Date: Mon May 21 02:05:36 IRDT 2018
Hostname: sadegh-H81M-S2PH
Memory limits: cudd=1g, java(heap)=2.1g
Command line: prism dns163.nm dns.pctl -s -improvedmodpoliter2 -maxiters 90050 -epsilon 1e-8 -javamaxmem 2400m

Parsing model file "dns163.nm"...

Parsing properties file "dns.pctl"...

1 property:
(1) Pmax=? [ "pp" U "qq" ]

Type:        MDP
Modules:     m1 m2 m3 
Variables:   s1 s2 s3 

---------------------------------------------------------------------

Model checking: Pmax=? [ "pp" U "qq" ]

Building model...

Computing reachable states...

Reachability (BFS): 3 iterations in 0.00 seconds (average 0.000333, setup 0.00)

Time for model construction: 3.597 seconds.

Type:        MDP
States:      7200 (1 initial)
Transitions: 10889455
Choices:     14400

Transition matrix: 5275347 nodes (476428 terminal), 10889455 minterms, vars: 15r/15c/2nd

Prob0A: 3 iterations in 0.01 seconds (average 0.002000, setup 0.00)

Prob1E: 4 iterations in 0.00 seconds (average 0.000750, setup 0.00)

yes = 10, no = 21, maybe = 7169

Computing remaining probabilities...
Engine: Sparse

Building sparse matrix (FOR POLICY ITERASION)... [n=7200, nc=14338, nnz=10837365, k=2] [124.1 MB]
Creating vector for yes...[56.2 KB]
Allocating iteration vectors... [2 x 56.2 KB]
TOTAL: [124.3 MB]

Starting iterations...
Iteration 2727: max relative diff=0.000000, 5.06 sec so far

Iterative method: 3434 iterations in 6.44 seconds (average 0.001876, setup 1.38)


Number of scallar multiplications: 5821M 

Value in the initial state: 0.6351997130614089

Time for model checking: 7.891 seconds.

Result: 0.6351997130614089 (value in the initial state)

