PRISM
=====

Version: 4.4.dev
Date: Sun May 20 23:43:28 IRDT 2018
Hostname: sadegh-H81M-S2PH
Memory limits: cudd=1g, java(heap)=2.1g
Command line: prism dns124.nm dns.pctl -s -explicitmodpoliter -maxiters 90050 -epsilon 1e-8 -javamaxmem 2400m

Parsing model file "dns124.nm"...

Parsing properties file "dns.pctl"...

1 property:
(1) Pmax=? [ "pp" U "qq" ]

Type:        MDP
Modules:     m1 m2 m3 
Variables:   s1 s2 s3 

---------------------------------------------------------------------

Model checking: Pmax=? [ "pp" U "qq" ]

Building model...

Computing reachable states...

Reachability (BFS): 3 iterations in 0.00 seconds (average 0.000667, setup 0.00)

Time for model construction: 7.394 seconds.

Type:        MDP
States:      8400 (1 initial)
Transitions: 42480062
Choices:     16800

Transition matrix: 8892559 nodes (375557 terminal), 42480062 minterms, vars: 15r/15c/2nd

Prob0A: 3 iterations in 0.01 seconds (average 0.002000, setup 0.00)

Prob1E: 8 iterations in 0.01 seconds (average 0.000750, setup 0.00)

yes = 10, no = 10, maybe = 8380

Computing remaining probabilities...
Engine: Sparse

Building sparse matrix (FOR POLICY ITERASION)... [n=8400, nc=16760, nnz=42394991, k=2] [485.3 MB]
Creating vector for yes...[65.6 KB]
Allocating iteration vectors... [2 x 65.6 KB]
TOTAL: [485.5 MB]

Starting iterations...
Iteration 303: max relative diff=0.006765, 5.88 sec so far
Iteration 606: max relative diff=0.000844, 11.74 sec so far
Iteration 909: max relative diff=0.000373, 17.58 sec so far
Iteration 1212: max relative diff=0.000029, 23.43 sec so far
Iteration 1515: max relative diff=0.000004, 29.27 sec so far
Iteration 1818: max relative diff=0.000001, 35.10 sec so far
Iteration 2121: max relative diff=0.000000, 40.94 sec so far
Iteration 2424: max relative diff=0.000000, 47.04 sec so far
Iteration 2727: max relative diff=0.000000, 53.16 sec so far
Iteration 3030: max relative diff=0.000000, 59.16 sec so far

Iterative method: 3042 iterations in 59.47 seconds (average 0.019548, setup 4.03)

Value in the initial state: 0.6608799588968055

Time for model checking: 63.71 seconds.

Result: 0.6608799588968055 (value in the initial state)

