PRISM
=====

Version: 4.4.dev
Date: Mon Jun 18 01:23:43 IRDT 2018
Hostname: sadegh-H81M-S2PH
Memory limits: cudd=1g, java(heap)=2.1g
Command line: prism dns92.nm dns.pctl -s -backwardvaliter -maxiters 90050 -epsilon 1e-6 -javamaxmem 2400m

Parsing model file "dns92.nm"...

Parsing properties file "dns.pctl"...

1 property:
(1) Pmax=? [ "pp" U "qq" ]

Type:        MDP
Modules:     m1 m2 m3 
Variables:   s1 s2 s3 

---------------------------------------------------------------------

Model checking: Pmax=? [ "pp" U "qq" ]

Building model...

Computing reachable states...

Reachability (BFS): 3 iterations in 0.00 seconds (average 0.000333, setup 0.00)

Time for model construction: 11.04 seconds.

Type:        MDP
States:      8800 (1 initial)
Transitions: 75933080
Choices:     17600

Transition matrix: 9007816 nodes (317778 terminal), 75933080 minterms, vars: 15r/15c/2nd

Prob0A: 2 iterations in 0.00 seconds (average 0.002000, setup 0.00)

Prob1E: 4 iterations in 0.00 seconds (average 0.001000, setup 0.00)

yes = 10, no = 91, maybe = 8699

Computing remaining probabilities...
Engine: Sparse

Building sparse matrix(FOR GS)... [n=8800, nc=17398, nnz=75099577, k=2] [859.5 MB]
Creating vector for yes...[68.8 KB]
Allocating iteration vectors... [2 x 68.8 KB]
TOTAL: [859.7 MB]

Starting iterations...
Iteration 35: max relative diff=0.016790, 5.01 sec so far
Iteration 75: max relative diff=0.003676, 10.02 sec so far
Iteration 115: max relative diff=0.001074, 15.03 sec so far
Iteration 155: max relative diff=0.000337, 20.04 sec so far
Iteration 195: max relative diff=0.000108, 25.06 sec so far
Iteration 235: max relative diff=0.000035, 30.07 sec so far
Iteration 275: max relative diff=0.000011, 35.09 sec so far
Iteration 315: max relative diff=0.000004, 40.10 sec so far
Iteration 355: max relative diff=0.000001, 45.11 sec so far

Iterative method: 362 iterations in 45.99 seconds (average 0.127047, setup 9.25)

Value in the initial state: 0.15626383004166075

Time for model checking: 55.722 seconds.

Result: 0.15626383004166075 (value in the initial state)

Warning: CUDD reports 9922123 non-zero references.

