PRISM
=====

Version: 4.4.dev
Date: Sun May 20 23:58:41 IRDT 2018
Hostname: sadegh-H81M-S2PH
Memory limits: cudd=1g, java(heap)=2.1g
Command line: prism dns126.nm dns.pctl -s -improvedmodpoliter -maxiters 90050 -epsilon 1e-8 -javamaxmem 2400m

Parsing model file "dns126.nm"...

Parsing properties file "dns.pctl"...

1 property:
(1) Pmax=? [ "pp" U "qq" ]

Type:        MDP
Modules:     m1 m2 m3 
Variables:   s1 s2 s3 

---------------------------------------------------------------------

Model checking: Pmax=? [ "pp" U "qq" ]

Building model...

Computing reachable states...

Reachability (BFS): 3 iterations in 0.01 seconds (average 0.002000, setup 0.00)

Time for model construction: 19.255 seconds.

Type:        MDP
States:      8400 (1 initial)
Transitions: 108159636
Choices:     42000

Transition matrix: 20998635 nodes (602741 terminal), 108159636 minterms, vars: 15r/15c/5nd

Prob0A: 2 iterations in 0.01 seconds (average 0.004500, setup 0.00)

Prob1E: 4 iterations in 0.01 seconds (average 0.002000, setup 0.00)

yes = 10, no = 91, maybe = 8299

Computing remaining probabilities...
Engine: Sparse

Building sparse matrix (FOR POLICY ITERASION)... [n=8400, nc=41495, nnz=106891810, k=5] [1.2 GB]
Creating vector for yes...[65.6 KB]
Allocating iteration vectors... [2 x 65.6 KB]
TOTAL: [1.2 GB]

Starting iterations...
Iteration 306: max relative diff=0.010254, 5.85 sec so far
Iteration 612: max relative diff=0.000039, 11.51 sec so far
Iteration 918: max relative diff=0.000000, 17.11 sec so far

Iterative method: 966 iterations in 18.08 seconds (average 0.018718, setup 13.34)

Value in the initial state: 0.35402268166317724

Time for model checking: 31.886 seconds.

Result: 0.35402268166317724 (value in the initial state)

