PRISM
=====

Version: 4.4.dev
Date: Sun May 20 14:20:30 IRDT 2018
Hostname: sadegh-H81M-S2PH
Memory limits: cudd=1g, java(heap)=2.1g
Command line: prism dns43.nm dns.pctl -s -modpoliter -maxiters 90050 -epsilon 1e-8 -javamaxmem 2400m

Parsing model file "dns43.nm"...

Parsing properties file "dns.pctl"...

1 property:
(1) Pmax=? [ "pp" U "qq" ]

Type:        MDP
Modules:     m1 m2 m3 
Variables:   s1 s2 s3 

---------------------------------------------------------------------

Model checking: Pmax=? [ "pp" U "qq" ]

Building model...

Computing reachable states...

Reachability (BFS): 3 iterations in 0.00 seconds (average 0.000667, setup 0.00)

Time for model construction: 10.034 seconds.

Type:        MDP
States:      7600 (1 initial)
Transitions: 165257334
Choices:     30400

Transition matrix: 12521027 nodes (573202 terminal), 165257334 minterms, vars: 15r/15c/4nd

Prob0A: 2 iterations in 0.01 seconds (average 0.002500, setup 0.00)

Prob1E: 4 iterations in 0.00 seconds (average 0.000500, setup 0.00)

yes = 10, no = 105, maybe = 7485

Computing remaining probabilities...
Engine: Sparse

Building sparse matrix (FOR POLICY ITERASION)... [n=7600, nc=29940, nnz=162731877, k=4] [1.8 GB]
Creating vector for yes...[59.4 KB]
Allocating iteration vectors... [2 x 59.4 KB]
TOTAL: [1.8 GB]

Starting iterations...
Iteration 202: max relative diff=0.022907, 8.67 sec so far
Iteration 404: max relative diff=0.000134, 17.30 sec so far
Iteration 606: max relative diff=0.000000, 25.94 sec so far

Iterative method: 692 iterations in 29.64 seconds (average 0.042832, setup 11.32)

Value in the initial state: 0.20216408107179973

Time for model checking: 41.577 seconds.

Result: 0.20216408107179973 (value in the initial state)

