PRISM
=====

Version: 4.4.dev
Date: Sun Jun 17 20:01:02 IRDT 2018
Hostname: sadegh-H81M-S2PH
Memory limits: cudd=1g, java(heap)=2.1g
Command line: prism dns74.nm dns.pctl -s -bucketvaliter2 -maxiters 90050 -javamaxmem 2400m

Parsing model file "dns74.nm"...

Parsing properties file "dns.pctl"...

1 property:
(1) Pmax=? [ "pp" U "qq" ]

Type:        MDP
Modules:     m1 m2 m3 
Variables:   s1 s2 s3 

---------------------------------------------------------------------

Model checking: Pmax=? [ "pp" U "qq" ]

Building model...

Computing reachable states...

Reachability (BFS): 3 iterations in 0.00 seconds (average 0.001000, setup 0.00)

Time for model construction: 8.603 seconds.

Type:        MDP
States:      9600 (1 initial)
Transitions: 107172906
Choices:     19200

Transition matrix: 8141336 nodes (187386 terminal), 107172906 minterms, vars: 15r/15c/2nd

Prob0A: 2 iterations in 0.00 seconds (average 0.001500, setup 0.00)

Prob1E: 4 iterations in 0.00 seconds (average 0.000250, setup 0.00)

yes = 10, no = 28, maybe = 9562

Computing remaining probabilities...
Engine: Sparse

Building sparse matrix(FOR GS)... [n=9600, nc=19124, nnz=106759556, k=2] [1.2 GB]
Creating vector for yes...[75.0 KB]
Allocating iteration vectors... [2 x 75.0 KB]
TOTAL: [1.2 GB]

Starting iterations...

Iterative method: 11349849 iterations in 903.04 seconds (average 0.000080, setup 10.44)

Value in the initial state: 0.3294567673901116

Time for model checking: 930.41 seconds.

Result: 0.3294567673901116 (value in the initial state)

