PRISM
=====

Version: 4.4.dev
Date: Mon May 21 02:53:06 IRDT 2018
Hostname: sadegh-H81M-S2PH
Memory limits: cudd=1g, java(heap)=2.1g
Command line: prism dns171.nm dns.pctl -s -modpoliter -maxiters 90050 -epsilon 1e-8 -javamaxmem 2400m

Parsing model file "dns171.nm"...

Parsing properties file "dns.pctl"...

1 property:
(1) Pmax=? [ "pp" U "qq" ]

Type:        MDP
Modules:     m1 m2 m3 
Variables:   s1 s2 s3 

---------------------------------------------------------------------

Model checking: Pmax=? [ "pp" U "qq" ]

Building model...

Computing reachable states...

Reachability (BFS): 3 iterations in 0.01 seconds (average 0.002000, setup 0.00)

Time for model construction: 16.55 seconds.

Type:        MDP
States:      9600 (1 initial)
Transitions: 38815680
Choices:     38400

Transition matrix: 19762741 nodes (672733 terminal), 38815680 minterms, vars: 15r/15c/4nd

Prob0A: 3 iterations in 0.01 seconds (average 0.001667, setup 0.00)

Prob1E: 4 iterations in 0.00 seconds (average 0.000500, setup 0.00)

yes = 10, no = 66, maybe = 9524

Computing remaining probabilities...
Engine: Sparse

Building sparse matrix (FOR POLICY ITERASION)... [n=9600, nc=38096, nnz=38507193, k=4] [440.9 MB]
Creating vector for yes...[75.0 KB]
Allocating iteration vectors... [2 x 75.0 KB]
TOTAL: [441.1 MB]

Starting iterations...
Iteration 505: max relative diff=0.002034, 5.59 sec so far
Iteration 1010: max relative diff=0.000009, 11.12 sec so far
Iteration 1515: max relative diff=0.000000, 16.66 sec so far

Iterative method: 1754 iterations in 19.30 seconds (average 0.011002, setup 5.93)

Value in the initial state: 0.45204570062709354

Time for model checking: 25.348 seconds.

Result: 0.45204570062709354 (value in the initial state)

