PRISM
=====

Version: 4.4.dev
Date: Sun May 20 15:55:11 IRDT 2018
Hostname: sadegh-H81M-S2PH
Memory limits: cudd=1g, java(heap)=2.1g
Command line: prism dns60.nm dns.pctl -s -improvedmodpoliter2 -maxiters 90050 -epsilon 1e-8 -javamaxmem 2400m

Parsing model file "dns60.nm"...

Parsing properties file "dns.pctl"...

1 property:
(1) Pmax=? [ "pp" U "qq" ]

Type:        MDP
Modules:     m1 m2 m3 
Variables:   s1 s2 s3 

---------------------------------------------------------------------

Model checking: Pmax=? [ "pp" U "qq" ]

Building model...

Computing reachable states...

Reachability (BFS): 3 iterations in 0.00 seconds (average 0.000333, setup 0.00)

Time for model construction: 9.522 seconds.

Type:        MDP
States:      7200 (1 initial)
Transitions: 183698563
Choices:     36000

Transition matrix: 12238527 nodes (274413 terminal), 183698563 minterms, vars: 15r/15c/5nd

Prob0A: 2 iterations in 0.01 seconds (average 0.002500, setup 0.00)

Prob1E: 4 iterations in 0.00 seconds (average 0.000500, setup 0.00)

yes = 10, no = 15, maybe = 7175

Computing remaining probabilities...
Engine: Sparse

Building sparse matrix (FOR POLICY ITERASION)... [n=7200, nc=35875, nnz=183084085, k=5] [2.0 GB]
Creating vector for yes...[56.2 KB]
Allocating iteration vectors... [2 x 56.2 KB]
TOTAL: [2.0 GB]

Starting iterations...
Iteration 303: max relative diff=0.003933, 6.09 sec so far
Iteration 606: max relative diff=0.000567, 11.89 sec so far
Iteration 909: max relative diff=0.000089, 17.45 sec so far
Iteration 1212: max relative diff=0.000019, 23.01 sec so far
Iteration 1515: max relative diff=0.000003, 28.57 sec so far
Iteration 1818: max relative diff=0.000001, 34.73 sec so far
Iteration 2121: max relative diff=0.000000, 41.08 sec so far
Iteration 2424: max relative diff=0.000000, 47.37 sec so far

Iterative method: 2608 iterations in 51.38 seconds (average 0.019699, setup 10.73)


Number of scallar multiplications: 51838M 

Value in the initial state: 0.5648774978421431

Time for model checking: 63.555 seconds.

Result: 0.5648774978421431 (value in the initial state)

