PRISM
=====

Version: 4.4.dev
Date: Sun May 20 21:24:10 IRDT 2018
Hostname: sadegh-H81M-S2PH
Memory limits: cudd=1g, java(heap)=2.1g
Command line: prism dns103.nm dns.pctl -s -improvedmodpoliter2 -maxiters 90050 -epsilon 1e-8 -javamaxmem 2400m

Parsing model file "dns103.nm"...

Parsing properties file "dns.pctl"...

1 property:
(1) Pmax=? [ "pp" U "qq" ]

Type:        MDP
Modules:     m1 m2 m3 
Variables:   s1 s2 s3 

---------------------------------------------------------------------

Model checking: Pmax=? [ "pp" U "qq" ]

Building model...

Computing reachable states...

Reachability (BFS): 3 iterations in 0.00 seconds (average 0.001000, setup 0.00)

Time for model construction: 9.482 seconds.

Type:        MDP
States:      9600 (1 initial)
Transitions: 113799584
Choices:     28800

Transition matrix: 13308848 nodes (477257 terminal), 113799584 minterms, vars: 15r/15c/3nd

Prob0A: 3 iterations in 0.01 seconds (average 0.002667, setup 0.00)

Prob1E: 4 iterations in 0.00 seconds (average 0.000500, setup 0.00)

yes = 10, no = 55, maybe = 9535

Computing remaining probabilities...
Engine: Sparse

Building sparse matrix (FOR POLICY ITERASION)... [n=9600, nc=28605, nnz=113040852, k=3] [1.3 GB]
Creating vector for yes...[75.0 KB]
Allocating iteration vectors... [2 x 75.0 KB]
TOTAL: [1.3 GB]

Starting iterations...
Iteration 505: max relative diff=0.003974, 5.78 sec so far
Iteration 1010: max relative diff=0.000365, 11.60 sec so far
Iteration 1515: max relative diff=0.000040, 17.41 sec so far
Iteration 2020: max relative diff=0.000005, 23.24 sec so far
Iteration 2525: max relative diff=0.000001, 29.29 sec so far
Iteration 3030: max relative diff=0.000000, 35.40 sec so far
Iteration 3535: max relative diff=0.000000, 41.50 sec so far

Iterative method: 3636 iterations in 42.73 seconds (average 0.011752, setup 7.90)


Number of scallar multiplications: 41385M 

Value in the initial state: 0.39733964179204395

Time for model checking: 51.467 seconds.

Result: 0.39733964179204395 (value in the initial state)

