PRISM
=====

Version: 4.4.dev
Date: Sun May 20 18:20:56 IRDT 2018
Hostname: sadegh-H81M-S2PH
Memory limits: cudd=1g, java(heap)=2.1g
Command line: prism dns74.nm dns.pctl -s -explicitmodpoliter -maxiters 90050 -epsilon 1e-8 -javamaxmem 2400m

Parsing model file "dns74.nm"...

Parsing properties file "dns.pctl"...

1 property:
(1) Pmax=? [ "pp" U "qq" ]

Type:        MDP
Modules:     m1 m2 m3 
Variables:   s1 s2 s3 

---------------------------------------------------------------------

Model checking: Pmax=? [ "pp" U "qq" ]

Building model...

Computing reachable states...

Reachability (BFS): 3 iterations in 0.00 seconds (average 0.000667, setup 0.00)

Time for model construction: 6.489 seconds.

Type:        MDP
States:      9600 (1 initial)
Transitions: 107172906
Choices:     19200

Transition matrix: 8141336 nodes (187386 terminal), 107172906 minterms, vars: 15r/15c/2nd

Prob0A: 2 iterations in 0.01 seconds (average 0.003500, setup 0.00)

Prob1E: 4 iterations in 0.00 seconds (average 0.000250, setup 0.00)

yes = 10, no = 28, maybe = 9562

Computing remaining probabilities...
Engine: Sparse

Building sparse matrix (FOR POLICY ITERASION)... [n=9600, nc=19124, nnz=106759556, k=2] [1.2 GB]
Creating vector for yes...[75.0 KB]
Allocating iteration vectors... [2 x 75.0 KB]
TOTAL: [1.2 GB]

Starting iterations...
Iteration 202: max relative diff=0.006690, 9.66 sec so far
Iteration 303: max relative diff=0.002218, 14.68 sec so far
Iteration 404: max relative diff=0.000827, 19.70 sec so far
Iteration 505: max relative diff=0.000270, 24.70 sec so far
Iteration 707: max relative diff=0.000052, 34.70 sec so far
Iteration 808: max relative diff=0.000014, 39.77 sec so far
Iteration 909: max relative diff=0.000005, 44.98 sec so far
Iteration 1010: max relative diff=0.000002, 50.23 sec so far
Iteration 1111: max relative diff=0.000001, 55.30 sec so far
Iteration 1212: max relative diff=0.000000, 60.55 sec so far
Iteration 1313: max relative diff=0.000000, 65.75 sec so far
Iteration 1414: max relative diff=0.000000, 70.83 sec so far
Iteration 1599: max relative diff=0.000000, 80.09 sec so far

Iterative method: 1599 iterations in 80.09 seconds (average 0.050089, setup 6.94)

Value in the initial state: 0.3294985208502106

Time for model checking: 87.48 seconds.

Result: 0.3294985208502106 (value in the initial state)

