PRISM
=====

Version: 4.4.dev
Date: Sun May 20 18:28:29 IRDT 2018
Hostname: sadegh-H81M-S2PH
Memory limits: cudd=1g, java(heap)=2.1g
Command line: prism dns75.nm dns.pctl -s -improvedmodpoliter -maxiters 90050 -epsilon 1e-8 -javamaxmem 2400m

Parsing model file "dns75.nm"...

Parsing properties file "dns.pctl"...

1 property:
(1) Pmax=? [ "pp" U "qq" ]

Type:        MDP
Modules:     m1 m2 m3 
Variables:   s1 s2 s3 

---------------------------------------------------------------------

Model checking: Pmax=? [ "pp" U "qq" ]

Building model...

Computing reachable states...

Reachability (BFS): 3 iterations in 0.00 seconds (average 0.000667, setup 0.00)

Time for model construction: 9.477 seconds.

Type:        MDP
States:      8000 (1 initial)
Transitions: 151868040
Choices:     32000

Transition matrix: 12211168 nodes (258984 terminal), 151868040 minterms, vars: 15r/15c/4nd

Prob0A: 2 iterations in 0.00 seconds (average 0.002000, setup 0.00)

Prob1E: 4 iterations in 0.00 seconds (average 0.000500, setup 0.00)

yes = 10, no = 55, maybe = 7935

Computing remaining probabilities...
Engine: Sparse

Building sparse matrix (FOR POLICY ITERASION)... [n=8000, nc=31740, nnz=150669683, k=4] [1.7 GB]
Creating vector for yes...[62.5 KB]
Allocating iteration vectors... [2 x 62.5 KB]
TOTAL: [1.7 GB]

Starting iterations...
Iteration 204: max relative diff=0.012667, 7.23 sec so far
Iteration 408: max relative diff=0.000295, 14.38 sec so far
Iteration 612: max relative diff=0.000004, 21.52 sec so far
Iteration 816: max relative diff=0.000000, 28.65 sec so far

Iterative method: 918 iterations in 32.21 seconds (average 0.035090, setup 10.01)

Value in the initial state: 0.2761501575953855

Time for model checking: 42.872 seconds.

Result: 0.2761501575953855 (value in the initial state)

