PRISM
=====

Version: 4.4.dev
Date: Sun May 20 18:55:59 IRDT 2018
Hostname: sadegh-H81M-S2PH
Memory limits: cudd=1g, java(heap)=2.1g
Command line: prism dns81.nm dns.pctl -s -explicitmodpoliter -maxiters 90050 -epsilon 1e-8 -javamaxmem 2400m

Parsing model file "dns81.nm"...

Parsing properties file "dns.pctl"...

1 property:
(1) Pmax=? [ "pp" U "qq" ]

Type:        MDP
Modules:     m1 m2 m3 
Variables:   s1 s2 s3 

---------------------------------------------------------------------

Model checking: Pmax=? [ "pp" U "qq" ]

Building model...

Computing reachable states...

Reachability (BFS): 3 iterations in 0.00 seconds (average 0.001000, setup 0.00)

Time for model construction: 12.106 seconds.

Type:        MDP
States:      10000 (1 initial)
Transitions: 154331895
Choices:     30000

Transition matrix: 15372268 nodes (450921 terminal), 154331895 minterms, vars: 15r/15c/3nd

Prob0A: 2 iterations in 0.00 seconds (average 0.002000, setup 0.00)

Prob1E: 4 iterations in 0.00 seconds (average 0.000500, setup 0.00)

yes = 10, no = 66, maybe = 9924

Computing remaining probabilities...
Engine: Sparse

Building sparse matrix (FOR POLICY ITERASION)... [n=10000, nc=29772, nnz=153165539, k=3] [1.7 GB]
Creating vector for yes...[78.1 KB]
Allocating iteration vectors... [2 x 78.1 KB]
TOTAL: [1.7 GB]

Starting iterations...
Iteration 202: max relative diff=0.037070, 9.22 sec so far
Iteration 404: max relative diff=0.003498, 18.48 sec so far
Iteration 606: max relative diff=0.000065, 27.77 sec so far
Iteration 808: max relative diff=0.000001, 37.06 sec so far
Iteration 1010: max relative diff=0.000000, 46.35 sec so far
Iteration 1160: max relative diff=0.000000, 53.63 sec so far

Iterative method: 1160 iterations in 53.63 seconds (average 0.046233, setup 11.32)

Value in the initial state: 0.3996177190161866

Time for model checking: 65.542 seconds.

Result: 0.3996177190161866 (value in the initial state)

