PRISM
=====

Version: 4.4.dev
Date: Sun May 20 19:50:10 IRDT 2018
Hostname: sadegh-H81M-S2PH
Memory limits: cudd=1g, java(heap)=2.1g
Command line: prism dns84.nm dns.pctl -s -improvedmodpoliter -maxiters 90050 -epsilon 1e-8 -javamaxmem 2400m

Parsing model file "dns84.nm"...

Parsing properties file "dns.pctl"...

1 property:
(1) Pmax=? [ "pp" U "qq" ]

Type:        MDP
Modules:     m1 m2 m3 
Variables:   s1 s2 s3 

---------------------------------------------------------------------

Model checking: Pmax=? [ "pp" U "qq" ]

Building model...

Computing reachable states...

Reachability (BFS): 3 iterations in 0.00 seconds (average 0.001000, setup 0.00)

Time for model construction: 13.644 seconds.

Type:        MDP
States:      10400 (1 initial)
Transitions: 155426131
Choices:     31200

Transition matrix: 17097767 nodes (330486 terminal), 155426131 minterms, vars: 15r/15c/3nd

Prob0A: 2 iterations in 0.00 seconds (average 0.001000, setup 0.00)

Prob1E: 4 iterations in 0.00 seconds (average 0.000250, setup 0.00)

yes = 10, no = 28, maybe = 10362

Computing remaining probabilities...
Engine: Sparse

Building sparse matrix (FOR POLICY ITERASION)... [n=10400, nc=31086, nnz=154881310, k=3] [1.7 GB]
Creating vector for yes...[81.2 KB]
Allocating iteration vectors... [2 x 81.2 KB]
TOTAL: [1.7 GB]

Starting iterations...
Iteration 204: max relative diff=0.013260, 9.19 sec so far
Iteration 408: max relative diff=0.001685, 18.73 sec so far
Iteration 612: max relative diff=0.000179, 28.41 sec so far
Iteration 816: max relative diff=0.000037, 38.10 sec so far
Iteration 1020: max relative diff=0.000002, 47.83 sec so far
Iteration 1224: max relative diff=0.000000, 57.82 sec so far
Iteration 1428: max relative diff=0.000000, 67.81 sec so far
Iteration 1530: max relative diff=0.000000, 72.92 sec so far

Iterative method: 1632 iterations in 77.83 seconds (average 0.047688, setup 11.55)

Value in the initial state: 0.46197412720614794

Time for model checking: 90.122 seconds.

Result: 0.46197412720614794 (value in the initial state)

