PRISM
=====

Version: 4.4.dev
Date: Mon Jun 18 02:43:24 IRDT 2018
Hostname: sadegh-H81M-S2PH
Memory limits: cudd=1g, java(heap)=2.1g
Command line: prism dns98.nm dns.pctl -s -gs -maxiters 90050 -epsilon 1e-6 -javamaxmem 2400m

Parsing model file "dns98.nm"...

Parsing properties file "dns.pctl"...

1 property:
(1) Pmax=? [ "pp" U "qq" ]

Type:        MDP
Modules:     m1 m2 m3 
Variables:   s1 s2 s3 

---------------------------------------------------------------------

Model checking: Pmax=? [ "pp" U "qq" ]

Building model...

Computing reachable states...

Reachability (BFS): 3 iterations in 0.01 seconds (average 0.003333, setup 0.00)

Time for model construction: 19.323 seconds.

Type:        MDP
States:      8000 (1 initial)
Transitions: 160982256
Choices:     40000

Transition matrix: 18016471 nodes (425689 terminal), 160982256 minterms, vars: 15r/15c/5nd

Prob0A: 2 iterations in 0.01 seconds (average 0.005500, setup 0.00)

Prob1E: 4 iterations in 0.01 seconds (average 0.001250, setup 0.00)

yes = 10, no = 105, maybe = 7885

Computing remaining probabilities...
Engine: Sparse

Building sparse matrix(FOR GS)... [n=8000, nc=39425, nnz=158656272, k=5] [1.8 GB]
Creating vector for yes...[62.5 KB]
Allocating iteration vectors... [2 x 62.5 KB]
TOTAL: [1.8 GB]

Starting iterations...
Iteration 19: max relative diff=0.038191, 5.02 sec so far
Iteration 38: max relative diff=0.012185, 10.05 sec so far
Iteration 57: max relative diff=0.005243, 15.07 sec so far
Iteration 76: max relative diff=0.002514, 20.10 sec so far
Iteration 95: max relative diff=0.001279, 25.12 sec so far
Iteration 114: max relative diff=0.000662, 30.14 sec so far
Iteration 133: max relative diff=0.000347, 35.16 sec so far
Iteration 152: max relative diff=0.000183, 40.19 sec so far
Iteration 171: max relative diff=0.000097, 45.20 sec so far
Iteration 190: max relative diff=0.000051, 50.23 sec so far
Iteration 209: max relative diff=0.000027, 55.25 sec so far
Iteration 228: max relative diff=0.000014, 60.28 sec so far
Iteration 247: max relative diff=0.000008, 65.30 sec so far
Iteration 266: max relative diff=0.000004, 70.33 sec so far
Iteration 285: max relative diff=0.000002, 75.35 sec so far
Iteration 304: max relative diff=0.000001, 80.37 sec so far

Iterative method: 309 iterations in 81.69 seconds (average 0.264382, setup 20.09)

Value in the initial state: 0.20779678073417152

Time for model checking: 102.73 seconds.

Result: 0.20779678073417152 (value in the initial state)

