PRISM
=====

Version: 4.4.dev
Date: Sun May 20 15:34:27 IRDT 2018
Hostname: sadegh-H81M-S2PH
Memory limits: cudd=1g, java(heap)=2.1g
Command line: prism dns56.nm dns.pctl -s -improvedmodpoliter -maxiters 90050 -epsilon 1e-8 -javamaxmem 2400m

Parsing model file "dns56.nm"...

Parsing properties file "dns.pctl"...

1 property:
(1) Pmax=? [ "pp" U "qq" ]

Type:        MDP
Modules:     m1 m2 m3 
Variables:   s1 s2 s3 

---------------------------------------------------------------------

Model checking: Pmax=? [ "pp" U "qq" ]

Building model...

Computing reachable states...

Reachability (BFS): 2 iterations in 0.00 seconds (average 0.000500, setup 0.00)

Time for model construction: 7.131 seconds.

Type:        MDP
States:      6400 (1 initial)
Transitions: 143790239
Choices:     32000

Transition matrix: 8922958 nodes (299626 terminal), 143790239 minterms, vars: 14r/14c/5nd

Prob0A: 2 iterations in 0.00 seconds (average 0.001000, setup 0.00)

Prob1E: 4 iterations in 0.00 seconds (average 0.000250, setup 0.00)

yes = 10, no = 21, maybe = 6369

Computing remaining probabilities...
Engine: Sparse

Building sparse matrix (FOR POLICY ITERASION)... [n=6400, nc=31845, nnz=143077762, k=5] [1.6 GB]
Creating vector for yes...[50.0 KB]
Allocating iteration vectors... [2 x 50.0 KB]
TOTAL: [1.6 GB]

Starting iterations...
Iteration 204: max relative diff=0.008455, 5.61 sec so far
Iteration 408: max relative diff=0.000968, 11.30 sec so far
Iteration 612: max relative diff=0.000093, 16.97 sec so far
Iteration 816: max relative diff=0.000003, 22.63 sec so far
Iteration 1020: max relative diff=0.000000, 28.30 sec so far
Iteration 1224: max relative diff=0.000000, 33.96 sec so far

Iterative method: 1326 iterations in 36.78 seconds (average 0.027738, setup 7.95)

Value in the initial state: 0.47286530404269705

Time for model checking: 45.326 seconds.

Result: 0.47286530404269705 (value in the initial state)

