PRISM
=====

Version: 4.4.dev
Date: Mon Jun 18 13:02:15 IRDT 2018
Hostname: sadegh-H81M-S2PH
Memory limits: cudd=1g, java(heap)=2.1g
Command line: prism dns139.nm dns.pctl -s -bucketvaliter2 -maxiters 90050 -javamaxmem 2400m

Parsing model file "dns139.nm"...

Parsing properties file "dns.pctl"...

1 property:
(1) Pmax=? [ "pp" U "qq" ]

Type:        MDP
Modules:     m1 m2 m3 
Variables:   s1 s2 s3 

---------------------------------------------------------------------

Model checking: Pmax=? [ "pp" U "qq" ]

Building model...

Computing reachable states...

Reachability (BFS): 3 iterations in 0.01 seconds (average 0.003000, setup 0.00)

Time for model construction: 18.595 seconds.

Type:        MDP
States:      8400 (1 initial)
Transitions: 93311258
Choices:     33600

Transition matrix: 16374693 nodes (363131 terminal), 93311258 minterms, vars: 15r/15c/4nd

Prob0A: 2 iterations in 0.01 seconds (average 0.003500, setup 0.00)

Prob1E: 4 iterations in 0.01 seconds (average 0.001750, setup 0.00)

yes = 10, no = 36, maybe = 8354

Computing remaining probabilities...
Engine: Sparse

Building sparse matrix(FOR GS)... [n=8400, nc=33416, nnz=92832572, k=4] [1.0 GB]
Creating vector for yes...[65.6 KB]
Allocating iteration vectors... [2 x 65.6 KB]
TOTAL: [1.0 GB]

Starting iterations...

Iterative method: 3219732 iterations in 462.18 seconds (average 0.000144, setup 13.75)

Value in the initial state: 0.40353800131608863

Time for model checking: 482.175 seconds.

Result: 0.40353800131608863 (value in the initial state)

