PRISM
=====

Version: 4.4.dev
Date: Mon May 21 00:01:12 IRDT 2018
Hostname: sadegh-H81M-S2PH
Memory limits: cudd=1g, java(heap)=2.1g
Command line: prism dns127.nm dns.pctl -s -improvedmodpoliter2 -maxiters 90050 -epsilon 1e-8 -javamaxmem 2400m

Parsing model file "dns127.nm"...

Parsing properties file "dns.pctl"...

1 property:
(1) Pmax=? [ "pp" U "qq" ]

Type:        MDP
Modules:     m1 m2 m3 
Variables:   s1 s2 s3 

---------------------------------------------------------------------

Model checking: Pmax=? [ "pp" U "qq" ]

Building model...

Computing reachable states...

Reachability (BFS): 3 iterations in 0.00 seconds (average 0.000667, setup 0.00)

Time for model construction: 10.324 seconds.

Type:        MDP
States:      8400 (1 initial)
Transitions: 63764592
Choices:     25200

Transition matrix: 13437279 nodes (570813 terminal), 63764592 minterms, vars: 15r/15c/3nd

Prob0A: 2 iterations in 0.00 seconds (average 0.001000, setup 0.00)

Prob1E: 4 iterations in 0.00 seconds (average 0.000250, setup 0.00)

yes = 10, no = 36, maybe = 8354

Computing remaining probabilities...
Engine: Sparse

Building sparse matrix (FOR POLICY ITERASION)... [n=8400, nc=25062, nnz=63407314, k=3] [725.8 MB]
Creating vector for yes...[65.6 KB]
Allocating iteration vectors... [2 x 65.6 KB]
TOTAL: [726.0 MB]

Starting iterations...
Iteration 707: max relative diff=0.000410, 5.42 sec so far
Iteration 1414: max relative diff=0.000002, 10.77 sec so far
Iteration 2121: max relative diff=0.000000, 16.42 sec so far

Iterative method: 2269 iterations in 17.69 seconds (average 0.007797, setup 6.36)


Number of scallar multiplications: 17321M 

Value in the initial state: 0.4420227574773966

Time for model checking: 24.294 seconds.

Result: 0.4420227574773966 (value in the initial state)

