PRISM
=====

Version: 4.4.dev
Date: Mon Jun 18 06:33:00 IRDT 2018
Hostname: sadegh-H81M-S2PH
Memory limits: cudd=1g, java(heap)=2.1g
Command line: prism dns112.nm dns.pctl -s -gs -maxiters 90050 -epsilon 1e-6 -javamaxmem 2400m

Parsing model file "dns112.nm"...

Parsing properties file "dns.pctl"...

1 property:
(1) Pmax=? [ "pp" U "qq" ]

Type:        MDP
Modules:     m1 m2 m3 
Variables:   s1 s2 s3 

---------------------------------------------------------------------

Model checking: Pmax=? [ "pp" U "qq" ]

Building model...

Computing reachable states...

Reachability (BFS): 3 iterations in 0.01 seconds (average 0.001667, setup 0.00)

Time for model construction: 16.862 seconds.

Type:        MDP
States:      9200 (1 initial)
Transitions: 104231736
Choices:     27600

Transition matrix: 15310652 nodes (412599 terminal), 104231736 minterms, vars: 15r/15c/3nd

Prob0A: 2 iterations in 0.01 seconds (average 0.003000, setup 0.00)

Prob1E: 4 iterations in 0.00 seconds (average 0.001000, setup 0.00)

yes = 10, no = 120, maybe = 9070

Computing remaining probabilities...
Engine: Sparse

Building sparse matrix(FOR GS)... [n=9200, nc=27210, nnz=102728729, k=3] [1.1 GB]
Creating vector for yes...[71.9 KB]
Allocating iteration vectors... [2 x 71.9 KB]
TOTAL: [1.1 GB]

Starting iterations...
Iteration 29: max relative diff=0.021764, 5.01 sec so far
Iteration 59: max relative diff=0.005765, 10.16 sec so far
Iteration 89: max relative diff=0.002013, 15.30 sec so far
Iteration 119: max relative diff=0.000765, 20.45 sec so far
Iteration 149: max relative diff=0.000299, 25.60 sec so far
Iteration 179: max relative diff=0.000119, 30.74 sec so far
Iteration 209: max relative diff=0.000047, 35.89 sec so far
Iteration 239: max relative diff=0.000019, 41.04 sec so far
Iteration 269: max relative diff=0.000008, 46.19 sec so far
Iteration 299: max relative diff=0.000003, 51.33 sec so far
Iteration 329: max relative diff=0.000001, 56.48 sec so far

Iterative method: 335 iterations in 57.51 seconds (average 0.171657, setup 15.50)

Value in the initial state: 0.15135999059029334

Time for model checking: 73.642 seconds.

Result: 0.15135999059029334 (value in the initial state)

