PRISM
=====

Version: 4.4.dev
Date: Sat Jun 16 21:12:23 IRDT 2018
Hostname: sadegh-H81M-S2PH
Memory limits: cudd=1g, java(heap)=2.1g
Command line: prism dns24.nm dns.pctl -s -backwardvaliter -maxiters 90050 -epsilon 1e-6 -javamaxmem 2400m

Parsing model file "dns24.nm"...

Parsing properties file "dns.pctl"...

1 property:
(1) Pmax=? [ "pp" U "qq" ]

Type:        MDP
Modules:     m1 m2 m3 
Variables:   s1 s2 s3 

---------------------------------------------------------------------

Model checking: Pmax=? [ "pp" U "qq" ]

Building model...

Computing reachable states...

Reachability (BFS): 3 iterations in 0.00 seconds (average 0.000667, setup 0.00)

Time for model construction: 10.994 seconds.

Type:        MDP
States:      8400 (1 initial)
Transitions: 165412176
Choices:     25200

Transition matrix: 10319443 nodes (274533 terminal), 165412176 minterms, vars: 15r/15c/3nd

Prob0A: 2 iterations in 0.00 seconds (average 0.002000, setup 0.00)

Prob1E: 4 iterations in 0.00 seconds (average 0.000500, setup 0.00)

yes = 10, no = 78, maybe = 8312

Computing remaining probabilities...
Engine: Sparse

Building sparse matrix(FOR GS)... [n=8400, nc=24936, nnz=163652036, k=3] [1.8 GB]
Creating vector for yes...[65.6 KB]
Allocating iteration vectors... [2 x 65.6 KB]
TOTAL: [1.8 GB]

Starting iterations...
Iteration 11: max relative diff=0.089338, 5.18 sec so far
Iteration 30: max relative diff=0.024056, 10.35 sec so far
Iteration 49: max relative diff=0.011333, 15.52 sec so far
Iteration 68: max relative diff=0.006271, 20.70 sec so far
Iteration 87: max relative diff=0.003748, 25.86 sec so far
Iteration 106: max relative diff=0.002335, 31.03 sec so far
Iteration 125: max relative diff=0.001490, 36.20 sec so far
Iteration 144: max relative diff=0.000967, 41.37 sec so far
Iteration 163: max relative diff=0.000633, 46.54 sec so far
Iteration 182: max relative diff=0.000417, 51.71 sec so far
Iteration 201: max relative diff=0.000276, 56.88 sec so far
Iteration 220: max relative diff=0.000183, 62.05 sec so far
Iteration 239: max relative diff=0.000122, 67.24 sec so far
Iteration 258: max relative diff=0.000081, 72.41 sec so far
Iteration 277: max relative diff=0.000054, 77.58 sec so far
Iteration 296: max relative diff=0.000036, 82.75 sec so far
Iteration 315: max relative diff=0.000024, 87.91 sec so far
Iteration 334: max relative diff=0.000016, 93.08 sec so far
Iteration 353: max relative diff=0.000011, 98.25 sec so far
Iteration 372: max relative diff=0.000007, 103.42 sec so far
Iteration 391: max relative diff=0.000005, 108.58 sec so far
Iteration 410: max relative diff=0.000003, 113.75 sec so far
Iteration 429: max relative diff=0.000002, 118.92 sec so far
Iteration 448: max relative diff=0.000001, 124.09 sec so far

Iterative method: 464 iterations in 128.45 seconds (average 0.276830, setup 16.33)

Value in the initial state: 0.18660990359886048

Time for model checking: 145.744 seconds.

Result: 0.18660990359886048 (value in the initial state)

Warning: CUDD reports 11731727 non-zero references.

