PRISM
=====

Version: 4.4.dev
Date: Tue Jun 19 11:24:46 IRDT 2018
Hostname: sadegh-H81M-S2PH
Memory limits: cudd=1g, java(heap)=2.1g
Command line: prism dns153.nm dns.pctl -s -gs -maxiters 90050 -epsilon 1e-6 -javamaxmem 2400m

Parsing model file "dns153.nm"...

Parsing properties file "dns.pctl"...

1 property:
(1) Pmax=? [ "pp" U "qq" ]

Type:        MDP
Modules:     m1 m2 m3 
Variables:   s1 s2 s3 

---------------------------------------------------------------------

Model checking: Pmax=? [ "pp" U "qq" ]

Building model...

Computing reachable states...

Reachability (BFS): 3 iterations in 0.01 seconds (average 0.003667, setup 0.00)

Time for model construction: 13.822 seconds.

Type:        MDP
States:      7200 (1 initial)
Transitions: 43854375
Choices:     28800

Transition matrix: 13690333 nodes (683897 terminal), 43854375 minterms, vars: 15r/15c/4nd

Prob0A: 3 iterations in 0.01 seconds (average 0.001667, setup 0.00)

Prob1E: 4 iterations in 0.00 seconds (average 0.000750, setup 0.00)

yes = 10, no = 36, maybe = 7154

Computing remaining probabilities...
Engine: Sparse

Building sparse matrix(FOR GS)... [n=7200, nc=28616, nnz=43560576, k=4] [498.6 MB]
Creating vector for yes...[56.2 KB]
Allocating iteration vectors... [2 x 56.2 KB]
TOTAL: [498.8 MB]

Starting iterations...
Iteration 69: max relative diff=0.006536, 5.06 sec so far
Iteration 138: max relative diff=0.001845, 10.12 sec so far
Iteration 207: max relative diff=0.000773, 15.17 sec so far
Iteration 276: max relative diff=0.000374, 20.23 sec so far
Iteration 344: max relative diff=0.000195, 25.23 sec so far
Iteration 413: max relative diff=0.000104, 30.29 sec so far
Iteration 481: max relative diff=0.000056, 35.31 sec so far
Iteration 550: max relative diff=0.000031, 40.37 sec so far
Iteration 619: max relative diff=0.000017, 45.43 sec so far
Iteration 688: max relative diff=0.000009, 50.49 sec so far
Iteration 757: max relative diff=0.000005, 55.54 sec so far
Iteration 826: max relative diff=0.000003, 60.59 sec so far
Iteration 895: max relative diff=0.000002, 65.65 sec so far

Iterative method: 946 iterations in 69.39 seconds (average 0.073349, setup 7.48)

Value in the initial state: 0.5139710452114418

Time for model checking: 77.116 seconds.

Result: 0.5139710452114418 (value in the initial state)

