PRISM
=====

Version: 4.4.dev
Date: Mon May 21 02:54:35 IRDT 2018
Hostname: sadegh-H81M-S2PH
Memory limits: cudd=1g, java(heap)=2.1g
Command line: prism dns171.nm dns.pctl -s -improvedmodpoliter2 -maxiters 90050 -epsilon 1e-8 -javamaxmem 2400m

Parsing model file "dns171.nm"...

Parsing properties file "dns.pctl"...

1 property:
(1) Pmax=? [ "pp" U "qq" ]

Type:        MDP
Modules:     m1 m2 m3 
Variables:   s1 s2 s3 

---------------------------------------------------------------------

Model checking: Pmax=? [ "pp" U "qq" ]

Building model...

Computing reachable states...

Reachability (BFS): 3 iterations in 0.01 seconds (average 0.001667, setup 0.00)

Time for model construction: 16.018 seconds.

Type:        MDP
States:      9600 (1 initial)
Transitions: 38815680
Choices:     38400

Transition matrix: 19762741 nodes (672733 terminal), 38815680 minterms, vars: 15r/15c/4nd

Prob0A: 3 iterations in 0.01 seconds (average 0.001667, setup 0.00)

Prob1E: 4 iterations in 0.00 seconds (average 0.000500, setup 0.00)

yes = 10, no = 66, maybe = 9524

Computing remaining probabilities...
Engine: Sparse

Building sparse matrix (FOR POLICY ITERASION)... [n=9600, nc=38096, nnz=38507193, k=4] [440.9 MB]
Creating vector for yes...[75.0 KB]
Allocating iteration vectors... [2 x 75.0 KB]
TOTAL: [441.1 MB]

Starting iterations...
Iteration 1212: max relative diff=0.000065, 5.11 sec so far
Iteration 2424: max relative diff=0.000000, 10.32 sec so far

Iterative method: 2785 iterations in 11.96 seconds (average 0.004294, setup 6.21)


Number of scallar multiplications: 11732M 

Value in the initial state: 0.452046035738022

Time for model checking: 18.309 seconds.

Result: 0.452046035738022 (value in the initial state)

