PRISM
=====

Version: 4.4.dev
Date: Tue Jun 19 14:56:59 IRDT 2018
Hostname: sadegh-H81M-S2PH
Memory limits: cudd=1g, java(heap)=2.1g
Command line: prism dns169.nm dns.pctl -s -gs -maxiters 90050 -epsilon 1e-6 -javamaxmem 2400m

Parsing model file "dns169.nm"...

Parsing properties file "dns.pctl"...

1 property:
(1) Pmax=? [ "pp" U "qq" ]

Type:        MDP
Modules:     m1 m2 m3 
Variables:   s1 s2 s3 

---------------------------------------------------------------------

Model checking: Pmax=? [ "pp" U "qq" ]

Building model...

Computing reachable states...

Reachability (BFS): 3 iterations in 0.01 seconds (average 0.002667, setup 0.00)

Time for model construction: 13.516 seconds.

Type:        MDP
States:      8000 (1 initial)
Transitions: 27468306
Choices:     32000

Transition matrix: 14202384 nodes (686225 terminal), 27468306 minterms, vars: 15r/15c/4nd

Prob0A: 3 iterations in 0.01 seconds (average 0.003667, setup 0.00)

Prob1E: 4 iterations in 0.00 seconds (average 0.000750, setup 0.00)

yes = 10, no = 28, maybe = 7962

Computing remaining probabilities...
Engine: Sparse

Building sparse matrix(FOR GS)... [n=8000, nc=31848, nnz=27330366, k=4] [312.9 MB]
Creating vector for yes...[62.5 KB]
Allocating iteration vectors... [2 x 62.5 KB]
TOTAL: [313.1 MB]

Starting iterations...
Iteration 105: max relative diff=0.003927, 5.04 sec so far
Iteration 213: max relative diff=0.001156, 10.05 sec so far
Iteration 321: max relative diff=0.000543, 15.06 sec so far
Iteration 429: max relative diff=0.000307, 20.07 sec so far
Iteration 537: max relative diff=0.000189, 25.08 sec so far
Iteration 645: max relative diff=0.000124, 30.08 sec so far
Iteration 753: max relative diff=0.000084, 35.09 sec so far
Iteration 861: max relative diff=0.000059, 40.10 sec so far
Iteration 969: max relative diff=0.000042, 45.10 sec so far
Iteration 1077: max relative diff=0.000030, 50.11 sec so far
Iteration 1185: max relative diff=0.000022, 55.12 sec so far
Iteration 1293: max relative diff=0.000016, 60.13 sec so far
Iteration 1401: max relative diff=0.000011, 65.14 sec so far
Iteration 1509: max relative diff=0.000008, 70.15 sec so far
Iteration 1617: max relative diff=0.000006, 75.16 sec so far
Iteration 1724: max relative diff=0.000004, 80.16 sec so far
Iteration 1832: max relative diff=0.000003, 85.17 sec so far
Iteration 1940: max relative diff=0.000002, 90.18 sec so far
Iteration 2048: max relative diff=0.000002, 95.19 sec so far
Iteration 2156: max relative diff=0.000001, 100.20 sec so far

Iterative method: 2240 iterations in 104.10 seconds (average 0.046472, setup 5.86)

Value in the initial state: 0.6520750723115235

Time for model checking: 110.099 seconds.

Result: 0.6520750723115235 (value in the initial state)

