PRISM
=====

Version: 4.4.dev
Date: Mon May 21 00:49:59 IRDT 2018
Hostname: sadegh-H81M-S2PH
Memory limits: cudd=1g, java(heap)=2.1g
Command line: prism dns142.nm dns.pctl -s -improvedmodpoliter -maxiters 90050 -epsilon 1e-8 -javamaxmem 2400m

Parsing model file "dns142.nm"...

Parsing properties file "dns.pctl"...

1 property:
(1) Pmax=? [ "pp" U "qq" ]

Type:        MDP
Modules:     m1 m2 m3 
Variables:   s1 s2 s3 

---------------------------------------------------------------------

Model checking: Pmax=? [ "pp" U "qq" ]

Building model...

Computing reachable states...

Reachability (BFS): 3 iterations in 0.00 seconds (average 0.000667, setup 0.00)

Time for model construction: 5.804 seconds.

Type:        MDP
States:      9600 (1 initial)
Transitions: 37427562
Choices:     19200

Transition matrix: 8566377 nodes (410722 terminal), 37427562 minterms, vars: 15r/15c/2nd

Prob0A: 3 iterations in 0.01 seconds (average 0.003000, setup 0.00)

Prob1E: 4 iterations in 0.00 seconds (average 0.000500, setup 0.00)

yes = 10, no = 36, maybe = 9554

Computing remaining probabilities...
Engine: Sparse

Building sparse matrix (FOR POLICY ITERASION)... [n=9600, nc=19108, nnz=37246583, k=2] [426.4 MB]
Creating vector for yes...[75.0 KB]
Allocating iteration vectors... [2 x 75.0 KB]
TOTAL: [426.6 MB]

Starting iterations...
Iteration 408: max relative diff=0.004471, 6.14 sec so far
Iteration 816: max relative diff=0.000176, 12.34 sec so far
Iteration 1224: max relative diff=0.000007, 18.54 sec so far
Iteration 1632: max relative diff=0.000001, 24.75 sec so far
Iteration 2040: max relative diff=0.000000, 30.94 sec so far

Iterative method: 2342 iterations in 35.53 seconds (average 0.015173, setup 3.79)

Value in the initial state: 0.4247611014041391

Time for model checking: 39.5 seconds.

Result: 0.4247611014041391 (value in the initial state)

