PRISM
=====

Version: 4.4.dev
Date: Sun May 20 15:16:44 IRDT 2018
Hostname: sadegh-H81M-S2PH
Memory limits: cudd=1g, java(heap)=2.1g
Command line: prism dns54.nm dns.pctl -s -improvedmodpoliter2 -maxiters 90050 -epsilon 1e-8 -javamaxmem 2400m

Parsing model file "dns54.nm"...

Parsing properties file "dns.pctl"...

1 property:
(1) Pmax=? [ "pp" U "qq" ]

Type:        MDP
Modules:     m1 m2 m3 
Variables:   s1 s2 s3 

---------------------------------------------------------------------

Model checking: Pmax=? [ "pp" U "qq" ]

Building model...

Computing reachable states...

Reachability (BFS): 3 iterations in 0.00 seconds (average 0.000667, setup 0.00)

Time for model construction: 8.523 seconds.

Type:        MDP
States:      9600 (1 initial)
Transitions: 189897261
Choices:     28800

Transition matrix: 12145669 nodes (213495 terminal), 189897261 minterms, vars: 15r/15c/3nd

Prob0A: 2 iterations in 0.00 seconds (average 0.002000, setup 0.00)

Prob1E: 4 iterations in 0.00 seconds (average 0.000250, setup 0.00)

yes = 10, no = 28, maybe = 9562

Computing remaining probabilities...
Engine: Sparse

Building sparse matrix (FOR POLICY ITERASION)... [n=9600, nc=28686, nnz=189148781, k=3] [2.1 GB]
Creating vector for yes...[75.0 KB]
Allocating iteration vectors... [2 x 75.0 KB]
TOTAL: [2.1 GB]

Starting iterations...
Iteration 202: max relative diff=0.009261, 6.92 sec so far
Iteration 404: max relative diff=0.001639, 13.77 sec so far
Iteration 606: max relative diff=0.000418, 20.60 sec so far
Iteration 808: max relative diff=0.000091, 27.43 sec so far
Iteration 1010: max relative diff=0.000024, 34.25 sec so far
Iteration 1212: max relative diff=0.000007, 41.10 sec so far
Iteration 1414: max relative diff=0.000002, 48.18 sec so far
Iteration 1616: max relative diff=0.000000, 55.21 sec so far
Iteration 1818: max relative diff=0.000000, 62.23 sec so far
Iteration 2020: max relative diff=0.000000, 69.23 sec so far
Iteration 2222: max relative diff=0.000000, 76.22 sec so far

Iterative method: 2299 iterations in 79.14 seconds (average 0.034425, setup 10.58)


Number of scallar multiplications: 80133M 

Value in the initial state: 0.40030476834050904

Time for model checking: 91.782 seconds.

Result: 0.40030476834050904 (value in the initial state)

