PRISM
=====

Version: 4.4.dev
Date: Tue Jun 19 16:50:00 IRDT 2018
Hostname: sadegh-H81M-S2PH
Memory limits: cudd=1g, java(heap)=2.1g
Command line: prism dns175.nm dns.pctl -s -backwardvaliter -maxiters 90050 -epsilon 1e-6 -javamaxmem 2400m

Parsing model file "dns175.nm"...

Parsing properties file "dns.pctl"...

1 property:
(1) Pmax=? [ "pp" U "qq" ]

Type:        MDP
Modules:     m1 m2 m3 
Variables:   s1 s2 s3 

---------------------------------------------------------------------

Model checking: Pmax=? [ "pp" U "qq" ]

Building model...

Computing reachable states...

Reachability (BFS): 3 iterations in 0.00 seconds (average 0.001333, setup 0.00)

Time for model construction: 10.984 seconds.

Type:        MDP
States:      8000 (1 initial)
Transitions: 20968992
Choices:     24000

Transition matrix: 11417583 nodes (531126 terminal), 20968992 minterms, vars: 15r/15c/3nd

Prob0A: 3 iterations in 0.01 seconds (average 0.002667, setup 0.00)

Prob1E: 15 iterations in 0.01 seconds (average 0.000933, setup 0.00)

yes = 10, no = 10, maybe = 7980

Computing remaining probabilities...
Engine: Sparse

Building sparse matrix(FOR GS)... [n=8000, nc=23940, nnz=20915020, k=3] [239.5 MB]
Creating vector for yes...[62.5 KB]
Allocating iteration vectors... [2 x 62.5 KB]
TOTAL: [239.7 MB]

Starting iterations...
Iteration 134: max relative diff=0.003627, 5.02 sec so far
Iteration 274: max relative diff=0.001092, 10.05 sec so far
Iteration 414: max relative diff=0.000547, 15.09 sec so far
Iteration 554: max relative diff=0.000335, 20.12 sec so far
Iteration 694: max relative diff=0.000227, 25.14 sec so far
Iteration 834: max relative diff=0.000165, 30.17 sec so far
Iteration 974: max relative diff=0.000127, 35.19 sec so far
Iteration 1114: max relative diff=0.000101, 40.22 sec so far
Iteration 1254: max relative diff=0.000082, 45.24 sec so far
Iteration 1394: max relative diff=0.000068, 50.26 sec so far
Iteration 1534: max relative diff=0.000057, 55.29 sec so far
Iteration 1674: max relative diff=0.000048, 60.31 sec so far
Iteration 1814: max relative diff=0.000041, 65.34 sec so far
Iteration 1954: max relative diff=0.000035, 70.36 sec so far
Iteration 2094: max relative diff=0.000030, 75.38 sec so far
Iteration 2234: max relative diff=0.000026, 80.41 sec so far
Iteration 2374: max relative diff=0.000022, 85.43 sec so far
Iteration 2514: max relative diff=0.000020, 90.46 sec so far
Iteration 2654: max relative diff=0.000017, 95.48 sec so far
Iteration 2794: max relative diff=0.000015, 100.51 sec so far
Iteration 2934: max relative diff=0.000013, 105.53 sec so far
Iteration 3074: max relative diff=0.000011, 110.55 sec so far
Iteration 3214: max relative diff=0.000010, 115.58 sec so far
Iteration 3354: max relative diff=0.000009, 120.60 sec so far
Iteration 3494: max relative diff=0.000008, 125.63 sec so far
Iteration 3634: max relative diff=0.000007, 130.65 sec so far
Iteration 3774: max relative diff=0.000006, 135.67 sec so far
Iteration 3914: max relative diff=0.000005, 140.70 sec so far
Iteration 4054: max relative diff=0.000005, 145.73 sec so far
Iteration 4194: max relative diff=0.000004, 150.76 sec so far
Iteration 4333: max relative diff=0.000004, 155.79 sec so far
Iteration 4473: max relative diff=0.000003, 160.81 sec so far
Iteration 4613: max relative diff=0.000003, 165.84 sec so far
Iteration 4753: max relative diff=0.000003, 170.87 sec so far
Iteration 4893: max relative diff=0.000002, 175.90 sec so far
Iteration 5033: max relative diff=0.000002, 180.93 sec so far
Iteration 5173: max relative diff=0.000002, 185.96 sec so far
Iteration 5313: max relative diff=0.000002, 190.99 sec so far
Iteration 5453: max relative diff=0.000001, 196.02 sec so far
Iteration 5593: max relative diff=0.000001, 201.04 sec so far
Iteration 5733: max relative diff=0.000001, 206.07 sec so far

Iterative method: 5823 iterations in 209.29 seconds (average 0.035943, setup 4.39)

Value in the initial state: 0.8015701877463204

Time for model checking: 213.8 seconds.

Result: 0.8015701877463204 (value in the initial state)

Warning: CUDD reports 11432437 non-zero references.

