PRISM
=====

Version: 4.4.dev
Date: Mon May 21 01:30:27 IRDT 2018
Hostname: sadegh-H81M-S2PH
Memory limits: cudd=1g, java(heap)=2.1g
Command line: prism dns155.nm dns.pctl -s -modpoliter -maxiters 90050 -epsilon 1e-8 -javamaxmem 2400m

Parsing model file "dns155.nm"...

Parsing properties file "dns.pctl"...

1 property:
(1) Pmax=? [ "pp" U "qq" ]

Type:        MDP
Modules:     m1 m2 m3 
Variables:   s1 s2 s3 

---------------------------------------------------------------------

Model checking: Pmax=? [ "pp" U "qq" ]

Building model...

Computing reachable states...

Reachability (BFS): 3 iterations in 0.00 seconds (average 0.001333, setup 0.00)

Time for model construction: 9.163 seconds.

Type:        MDP
States:      8000 (1 initial)
Transitions: 43444446
Choices:     24000

Transition matrix: 12508130 nodes (452657 terminal), 43444446 minterms, vars: 15r/15c/3nd

Prob0A: 3 iterations in 0.00 seconds (average 0.000667, setup 0.00)

Prob1E: 4 iterations in 0.00 seconds (average 0.001000, setup 0.00)

yes = 10, no = 10, maybe = 7980

Computing remaining probabilities...
Engine: Sparse

Building sparse matrix (FOR POLICY ITERASION)... [n=8000, nc=23940, nnz=43329885, k=3] [496.0 MB]
Creating vector for yes...[62.5 KB]
Allocating iteration vectors... [2 x 62.5 KB]
TOTAL: [496.2 MB]

Starting iterations...
Iteration 404: max relative diff=0.002662, 6.46 sec so far
Iteration 808: max relative diff=0.000463, 12.83 sec so far
Iteration 1212: max relative diff=0.000211, 19.18 sec so far
Iteration 1616: max relative diff=0.000060, 25.53 sec so far
Iteration 2020: max relative diff=0.000027, 31.86 sec so far
Iteration 2424: max relative diff=0.000008, 38.19 sec so far
Iteration 2828: max relative diff=0.000006, 44.51 sec so far
Iteration 3232: max relative diff=0.000002, 50.84 sec so far
Iteration 3636: max relative diff=0.000001, 57.16 sec so far
Iteration 4040: max relative diff=0.000000, 63.48 sec so far
Iteration 4444: max relative diff=0.000000, 69.81 sec so far
Iteration 4848: max relative diff=0.000000, 76.14 sec so far
Iteration 5252: max relative diff=0.000000, 82.47 sec so far
Iteration 5656: max relative diff=0.000000, 88.79 sec so far
Iteration 6058: max relative diff=0.000000, 95.08 sec so far

Iterative method: 6058 iterations in 95.08 seconds (average 0.015695, setup 4.55)

Value in the initial state: 0.7019195834205085

Time for model checking: 99.752 seconds.

Result: 0.7019195834205085 (value in the initial state)

