PRISM
=====

Version: 4.4.dev
Date: Sun Jun 17 22:48:38 IRDT 2018
Hostname: sadegh-H81M-S2PH
Memory limits: cudd=1g, java(heap)=2.1g
Command line: prism dns83.nm dns.pctl -s -gs -maxiters 90050 -epsilon 1e-6 -javamaxmem 2400m

Parsing model file "dns83.nm"...

Parsing properties file "dns.pctl"...

1 property:
(1) Pmax=? [ "pp" U "qq" ]

Type:        MDP
Modules:     m1 m2 m3 
Variables:   s1 s2 s3 

---------------------------------------------------------------------

Model checking: Pmax=? [ "pp" U "qq" ]

Building model...

Computing reachable states...

Reachability (BFS): 3 iterations in 0.00 seconds (average 0.001000, setup 0.00)

Time for model construction: 11.871 seconds.

Type:        MDP
States:      8800 (1 initial)
Transitions: 109491621
Choices:     26400

Transition matrix: 12017144 nodes (536105 terminal), 109491621 minterms, vars: 15r/15c/3nd

Prob0A: 2 iterations in 0.01 seconds (average 0.004000, setup 0.00)

Prob1E: 4 iterations in 0.00 seconds (average 0.000750, setup 0.00)

yes = 10, no = 78, maybe = 8712

Computing remaining probabilities...
Engine: Sparse

Building sparse matrix(FOR GS)... [n=8800, nc=26136, nnz=108413545, k=3] [1.2 GB]
Creating vector for yes...[68.8 KB]
Allocating iteration vectors... [2 x 68.8 KB]
TOTAL: [1.2 GB]

Starting iterations...
Iteration 28: max relative diff=0.024297, 5.05 sec so far
Iteration 56: max relative diff=0.007832, 10.10 sec so far
Iteration 84: max relative diff=0.003564, 15.16 sec so far
Iteration 112: max relative diff=0.001875, 20.24 sec so far
Iteration 140: max relative diff=0.001064, 25.30 sec so far
Iteration 168: max relative diff=0.000632, 30.35 sec so far
Iteration 196: max relative diff=0.000384, 35.44 sec so far
Iteration 224: max relative diff=0.000237, 40.49 sec so far
Iteration 252: max relative diff=0.000148, 45.55 sec so far
Iteration 280: max relative diff=0.000092, 50.60 sec so far
Iteration 308: max relative diff=0.000058, 55.66 sec so far
Iteration 336: max relative diff=0.000037, 60.72 sec so far
Iteration 364: max relative diff=0.000023, 65.78 sec so far
Iteration 392: max relative diff=0.000015, 70.83 sec so far
Iteration 420: max relative diff=0.000009, 75.89 sec so far
Iteration 448: max relative diff=0.000006, 80.94 sec so far
Iteration 476: max relative diff=0.000004, 85.99 sec so far
Iteration 504: max relative diff=0.000002, 91.05 sec so far
Iteration 532: max relative diff=0.000001, 96.10 sec so far

Iterative method: 556 iterations in 100.43 seconds (average 0.180628, setup 11.46)

Value in the initial state: 0.33904012240816833

Time for model checking: 112.499 seconds.

Result: 0.33904012240816833 (value in the initial state)

