PRISM
=====

Version: 4.4.dev
Date: Mon May 21 03:14:26 IRDT 2018
Hostname: sadegh-H81M-S2PH
Memory limits: cudd=1g, java(heap)=2.1g
Command line: prism dns179.nm dns.pctl -s -modpoliter -maxiters 90050 -epsilon 1e-8 -javamaxmem 2400m

Parsing model file "dns179.nm"...

Parsing properties file "dns.pctl"...

1 property:
(1) Pmax=? [ "pp" U "qq" ]

Type:        MDP
Modules:     m1 m2 m3 
Variables:   s1 s2 s3 

---------------------------------------------------------------------

Model checking: Pmax=? [ "pp" U "qq" ]

Building model...

Computing reachable states...

Reachability (BFS): 3 iterations in 0.00 seconds (average 0.001000, setup 0.00)

Time for model construction: 10.979 seconds.

Type:        MDP
States:      9600 (1 initial)
Transitions: 31113658
Choices:     28800

Transition matrix: 15600646 nodes (446160 terminal), 31113658 minterms, vars: 15r/15c/3nd

Prob0A: 3 iterations in 0.01 seconds (average 0.003333, setup 0.00)

Prob1E: 12 iterations in 0.01 seconds (average 0.001250, setup 0.00)

yes = 10, no = 55, maybe = 9535

Computing remaining probabilities...
Engine: Sparse

Building sparse matrix (FOR POLICY ITERASION)... [n=9600, nc=28605, nnz=30892173, k=3] [353.7 MB]
Creating vector for yes...[75.0 KB]
Allocating iteration vectors... [2 x 75.0 KB]
TOTAL: [353.9 MB]

Starting iterations...
Iteration 505: max relative diff=0.000509, 5.94 sec so far
Iteration 1010: max relative diff=0.000001, 11.82 sec so far

Iterative method: 1385 iterations in 16.19 seconds (average 0.011691, setup 5.19)

Value in the initial state: 0.35761515946375666

Time for model checking: 21.453 seconds.

Result: 0.35761515946375666 (value in the initial state)

