PRISM
=====

Version: 4.4.dev
Date: Sun May 20 20:25:01 IRDT 2018
Hostname: sadegh-H81M-S2PH
Memory limits: cudd=1g, java(heap)=2.1g
Command line: prism dns93.nm dns.pctl -s -improvedmodpoliter2 -maxiters 90050 -epsilon 1e-8 -javamaxmem 2400m

Parsing model file "dns93.nm"...

Parsing properties file "dns.pctl"...

1 property:
(1) Pmax=? [ "pp" U "qq" ]

Type:        MDP
Modules:     m1 m2 m3 
Variables:   s1 s2 s3 

---------------------------------------------------------------------

Model checking: Pmax=? [ "pp" U "qq" ]

Building model...

Computing reachable states...

Reachability (BFS): 3 iterations in 0.00 seconds (average 0.001000, setup 0.00)

Time for model construction: 11.269 seconds.

Type:        MDP
States:      8000 (1 initial)
Transitions: 127456972
Choices:     32000

Transition matrix: 14448673 nodes (388700 terminal), 127456972 minterms, vars: 15r/15c/4nd

Prob0A: 2 iterations in 0.01 seconds (average 0.005500, setup 0.00)

Prob1E: 4 iterations in 0.01 seconds (average 0.001250, setup 0.00)

yes = 10, no = 66, maybe = 7924

Computing remaining probabilities...
Engine: Sparse

Building sparse matrix (FOR POLICY ITERASION)... [n=8000, nc=31696, nnz=126276130, k=4] [1.4 GB]
Creating vector for yes...[62.5 KB]
Allocating iteration vectors... [2 x 62.5 KB]
TOTAL: [1.4 GB]

Starting iterations...
Iteration 404: max relative diff=0.001316, 6.14 sec so far
Iteration 808: max relative diff=0.000011, 12.20 sec so far
Iteration 1212: max relative diff=0.000000, 18.80 sec so far

Iterative method: 1384 iterations in 21.80 seconds (average 0.015751, setup 10.41)


Number of scallar multiplications: 22215M 

Value in the initial state: 0.25326825247615675

Time for model checking: 32.977 seconds.

Result: 0.25326825247615675 (value in the initial state)

