PRISM
=====

Version: 4.4.dev
Date: Sun May 20 18:31:05 IRDT 2018
Hostname: sadegh-H81M-S2PH
Memory limits: cudd=1g, java(heap)=2.1g
Command line: prism dns76.nm dns.pctl -s -improvedmodpoliter -maxiters 90050 -epsilon 1e-8 -javamaxmem 2400m

Parsing model file "dns76.nm"...

Parsing properties file "dns.pctl"...

1 property:
(1) Pmax=? [ "pp" U "qq" ]

Type:        MDP
Modules:     m1 m2 m3 
Variables:   s1 s2 s3 

---------------------------------------------------------------------

Model checking: Pmax=? [ "pp" U "qq" ]

Building model...

Computing reachable states...

Reachability (BFS): 3 iterations in 0.00 seconds (average 0.000333, setup 0.00)

Time for model construction: 6.959 seconds.

Type:        MDP
States:      6800 (1 initial)
Transitions: 82300894
Choices:     20400

Transition matrix: 7317623 nodes (247020 terminal), 82300894 minterms, vars: 15r/15c/3nd

Prob0A: 2 iterations in 0.00 seconds (average 0.002000, setup 0.00)

Prob1E: 4 iterations in 0.00 seconds (average 0.000500, setup 0.00)

yes = 10, no = 78, maybe = 6712

Computing remaining probabilities...
Engine: Sparse

Building sparse matrix (FOR POLICY ITERASION)... [n=6800, nc=20136, nnz=81228649, k=3] [929.7 MB]
Creating vector for yes...[53.1 KB]
Allocating iteration vectors... [2 x 53.1 KB]
TOTAL: [929.8 MB]

Starting iterations...
Iteration 204: max relative diff=0.007228, 5.23 sec so far
Iteration 408: max relative diff=0.000076, 10.41 sec so far
Iteration 612: max relative diff=0.000000, 15.58 sec so far

Iterative method: 714 iterations in 18.15 seconds (average 0.025424, setup 7.00)

Value in the initial state: 0.1823066897746529

Time for model checking: 25.551 seconds.

Result: 0.1823066897746529 (value in the initial state)

