PRISM
=====

Version: 4.4.dev
Date: Mon May 21 01:00:17 IRDT 2018
Hostname: sadegh-H81M-S2PH
Memory limits: cudd=1g, java(heap)=2.1g
Command line: prism dns146.nm dns.pctl -s -improvedmodpoliter2 -maxiters 90050 -epsilon 1e-8 -javamaxmem 2400m

Parsing model file "dns146.nm"...

Parsing properties file "dns.pctl"...

1 property:
(1) Pmax=? [ "pp" U "qq" ]

Type:        MDP
Modules:     m1 m2 m3 
Variables:   s1 s2 s3 

---------------------------------------------------------------------

Model checking: Pmax=? [ "pp" U "qq" ]

Building model...

Computing reachable states...

Reachability (BFS): 3 iterations in 0.00 seconds (average 0.001333, setup 0.00)

Time for model construction: 7.908 seconds.

Type:        MDP
States:      6800 (1 initial)
Transitions: 28759609
Choices:     20400

Transition matrix: 9112318 nodes (596154 terminal), 28759609 minterms, vars: 15r/15c/3nd

Prob0A: 3 iterations in 0.01 seconds (average 0.004000, setup 0.00)

Prob1E: 4 iterations in 0.00 seconds (average 0.000500, setup 0.00)

yes = 10, no = 105, maybe = 6685

Computing remaining probabilities...
Engine: Sparse

Building sparse matrix (FOR POLICY ITERASION)... [n=6800, nc=20055, nnz=28262169, k=3] [323.5 MB]
Creating vector for yes...[53.1 KB]
Allocating iteration vectors... [2 x 53.1 KB]
TOTAL: [323.7 MB]

Starting iterations...

Iterative method: 875 iterations in 3.11 seconds (average 0.003551, setup 4.40)


Number of scallar multiplications: 2972M 

Value in the initial state: 0.24893987828513803

Time for model checking: 7.651 seconds.

Result: 0.24893987828513803 (value in the initial state)

