PRISM
=====

Version: 4.4.dev
Date: Tue Jun 19 10:33:39 IRDT 2018
Hostname: sadegh-H81M-S2PH
Memory limits: cudd=1g, java(heap)=2.1g
Command line: prism dns146.nm dns.pctl -s -gs -maxiters 90050 -epsilon 1e-6 -javamaxmem 2400m

Parsing model file "dns146.nm"...

Parsing properties file "dns.pctl"...

1 property:
(1) Pmax=? [ "pp" U "qq" ]

Type:        MDP
Modules:     m1 m2 m3 
Variables:   s1 s2 s3 

---------------------------------------------------------------------

Model checking: Pmax=? [ "pp" U "qq" ]

Building model...

Computing reachable states...

Reachability (BFS): 3 iterations in 0.01 seconds (average 0.001667, setup 0.00)

Time for model construction: 9.598 seconds.

Type:        MDP
States:      6800 (1 initial)
Transitions: 28759609
Choices:     20400

Transition matrix: 9112318 nodes (596154 terminal), 28759609 minterms, vars: 15r/15c/3nd

Prob0A: 3 iterations in 0.01 seconds (average 0.005000, setup 0.00)

Prob1E: 4 iterations in 0.01 seconds (average 0.002000, setup 0.00)

yes = 10, no = 105, maybe = 6685

Computing remaining probabilities...
Engine: Sparse

Building sparse matrix(FOR GS)... [n=6800, nc=20055, nnz=28262169, k=3] [323.5 MB]
Creating vector for yes...[53.1 KB]
Allocating iteration vectors... [2 x 53.1 KB]
TOTAL: [323.7 MB]

Starting iterations...
Iteration 106: max relative diff=0.000533, 5.04 sec so far
Iteration 212: max relative diff=0.000010, 10.07 sec so far

Iterative method: 275 iterations in 13.06 seconds (average 0.047491, setup 6.03)

Value in the initial state: 0.24893358581152328

Time for model checking: 19.303 seconds.

Result: 0.24893358581152328 (value in the initial state)

