PRISM
=====

Version: 4.4.dev
Date: Sun Jun 17 10:50:58 IRDT 2018
Hostname: sadegh-H81M-S2PH
Memory limits: cudd=1g, java(heap)=2.1g
Command line: prism dns47.nm dns.pctl -s -gs -maxiters 90050 -epsilon 1e-6 -javamaxmem 2400m

Parsing model file "dns47.nm"...

Parsing properties file "dns.pctl"...

1 property:
(1) Pmax=? [ "pp" U "qq" ]

Type:        MDP
Modules:     m1 m2 m3 
Variables:   s1 s2 s3 

---------------------------------------------------------------------

Model checking: Pmax=? [ "pp" U "qq" ]

Building model...

Computing reachable states...

Reachability (BFS): 2 iterations in 0.01 seconds (average 0.003500, setup 0.00)

Time for model construction: 19.393 seconds.

Type:        MDP
States:      9600 (1 initial)
Transitions: 258634988
Choices:     38400

Transition matrix: 18759738 nodes (400024 terminal), 258634988 minterms, vars: 15r/15c/4nd

Prob0A: 2 iterations in 0.01 seconds (average 0.004500, setup 0.00)

Prob1E: 4 iterations in 0.01 seconds (average 0.001250, setup 0.00)

yes = 10, no = 91, maybe = 9499

Computing remaining probabilities...
Engine: Sparse

Building sparse matrix(FOR GS)... [n=9600, nc=37996, nnz=255873535, k=4] [2.9 GB]
Creating vector for yes...[75.0 KB]
Allocating iteration vectors... [2 x 75.0 KB]
TOTAL: [2.9 GB]

Starting iterations...
Iteration 12: max relative diff=0.078606, 5.11 sec so far
Iteration 24: max relative diff=0.030916, 10.22 sec so far
Iteration 36: max relative diff=0.016881, 15.34 sec so far
Iteration 48: max relative diff=0.010451, 20.45 sec so far
Iteration 60: max relative diff=0.006941, 25.56 sec so far
Iteration 72: max relative diff=0.004817, 30.67 sec so far
Iteration 84: max relative diff=0.003440, 35.78 sec so far
Iteration 96: max relative diff=0.002504, 40.88 sec so far
Iteration 108: max relative diff=0.001849, 45.99 sec so far
Iteration 120: max relative diff=0.001379, 51.09 sec so far
Iteration 132: max relative diff=0.001037, 56.20 sec so far
Iteration 144: max relative diff=0.000784, 61.31 sec so far
Iteration 156: max relative diff=0.000595, 66.41 sec so far
Iteration 168: max relative diff=0.000453, 71.51 sec so far
Iteration 180: max relative diff=0.000345, 76.62 sec so far
Iteration 192: max relative diff=0.000264, 81.73 sec so far
Iteration 204: max relative diff=0.000202, 86.84 sec so far
Iteration 216: max relative diff=0.000155, 91.95 sec so far
Iteration 228: max relative diff=0.000119, 97.06 sec so far
Iteration 240: max relative diff=0.000091, 102.17 sec so far
Iteration 252: max relative diff=0.000070, 107.28 sec so far
Iteration 264: max relative diff=0.000054, 112.39 sec so far
Iteration 276: max relative diff=0.000041, 117.50 sec so far
Iteration 288: max relative diff=0.000032, 122.61 sec so far
Iteration 300: max relative diff=0.000024, 127.72 sec so far
Iteration 312: max relative diff=0.000019, 132.83 sec so far
Iteration 324: max relative diff=0.000014, 137.93 sec so far
Iteration 336: max relative diff=0.000011, 143.04 sec so far
Iteration 348: max relative diff=0.000008, 148.15 sec so far
Iteration 360: max relative diff=0.000007, 153.25 sec so far
Iteration 372: max relative diff=0.000005, 158.36 sec so far
Iteration 384: max relative diff=0.000004, 163.51 sec so far
Iteration 396: max relative diff=0.000003, 168.62 sec so far
Iteration 408: max relative diff=0.000002, 173.72 sec so far
Iteration 420: max relative diff=0.000002, 178.83 sec so far
Iteration 432: max relative diff=0.000001, 183.94 sec so far
Iteration 444: max relative diff=0.000001, 189.05 sec so far

Iterative method: 446 iterations in 189.90 seconds (average 0.425783, setup 27.04)

Value in the initial state: 0.19642852697216545

Time for model checking: 218.362 seconds.

Result: 0.19642852697216545 (value in the initial state)

