PRISM
=====

Version: 4.4.dev
Date: Sun May 20 18:41:58 IRDT 2018
Hostname: sadegh-H81M-S2PH
Memory limits: cudd=1g, java(heap)=2.1g
Command line: prism dns77.nm dns.pctl -s -explicitmodpoliter -maxiters 90050 -epsilon 1e-8 -javamaxmem 2400m

Parsing model file "dns77.nm"...

Parsing properties file "dns.pctl"...

1 property:
(1) Pmax=? [ "pp" U "qq" ]

Type:        MDP
Modules:     m1 m2 m3 
Variables:   s1 s2 s3 

---------------------------------------------------------------------

Model checking: Pmax=? [ "pp" U "qq" ]

Building model...

Computing reachable states...

Reachability (BFS): 3 iterations in 0.00 seconds (average 0.001333, setup 0.00)

Time for model construction: 7.929 seconds.

Type:        MDP
States:      8000 (1 initial)
Transitions: 115011792
Choices:     24000

Transition matrix: 9982226 nodes (289249 terminal), 115011792 minterms, vars: 15r/15c/3nd

Prob0A: 2 iterations in 0.00 seconds (average 0.001000, setup 0.00)

Prob1E: 4 iterations in 0.00 seconds (average 0.000250, setup 0.00)

yes = 10, no = 28, maybe = 7962

Computing remaining probabilities...
Engine: Sparse

Building sparse matrix (FOR POLICY ITERASION)... [n=8000, nc=23886, nnz=114504712, k=3] [1.3 GB]
Creating vector for yes...[62.5 KB]
Allocating iteration vectors... [2 x 62.5 KB]
TOTAL: [1.3 GB]

Starting iterations...
Iteration 202: max relative diff=0.007489, 7.26 sec so far
Iteration 404: max relative diff=0.000767, 14.52 sec so far
Iteration 606: max relative diff=0.000128, 21.83 sec so far
Iteration 808: max relative diff=0.000009, 29.15 sec so far
Iteration 1010: max relative diff=0.000001, 36.48 sec so far
Iteration 1212: max relative diff=0.000000, 44.04 sec so far
Iteration 1414: max relative diff=0.000000, 51.59 sec so far

Iterative method: 1469 iterations in 53.70 seconds (average 0.036555, setup 6.83)

Value in the initial state: 0.3786168601609535

Time for model checking: 60.986 seconds.

Result: 0.3786168601609535 (value in the initial state)

