PRISM
=====

Version: 4.4.dev
Date: Mon Jun 18 11:03:54 IRDT 2018
Hostname: sadegh-H81M-S2PH
Memory limits: cudd=1g, java(heap)=2.1g
Command line: prism dns128.nm dns.pctl -s -gs -maxiters 90050 -epsilon 1e-6 -javamaxmem 2400m

Parsing model file "dns128.nm"...

Parsing properties file "dns.pctl"...

1 property:
(1) Pmax=? [ "pp" U "qq" ]

Type:        MDP
Modules:     m1 m2 m3 
Variables:   s1 s2 s3 

---------------------------------------------------------------------

Model checking: Pmax=? [ "pp" U "qq" ]

Building model...

Computing reachable states...

Reachability (BFS): 3 iterations in 0.00 seconds (average 0.001333, setup 0.00)

Time for model construction: 12.139 seconds.

Type:        MDP
States:      8000 (1 initial)
Transitions: 61676876
Choices:     24000

Transition matrix: 12311647 nodes (583247 terminal), 61676876 minterms, vars: 15r/15c/3nd

Prob0A: 3 iterations in 0.01 seconds (average 0.002667, setup 0.00)

Prob1E: 4 iterations in 0.00 seconds (average 0.000750, setup 0.00)

yes = 10, no = 120, maybe = 7870

Computing remaining probabilities...
Engine: Sparse

Building sparse matrix(FOR GS)... [n=8000, nc=23610, nnz=60640903, k=3] [694.1 MB]
Creating vector for yes...[62.5 KB]
Allocating iteration vectors... [2 x 62.5 KB]
TOTAL: [694.3 MB]

Starting iterations...
Iteration 50: max relative diff=0.006997, 5.05 sec so far
Iteration 100: max relative diff=0.001121, 10.12 sec so far
Iteration 150: max relative diff=0.000220, 15.18 sec so far
Iteration 200: max relative diff=0.000045, 20.25 sec so far
Iteration 250: max relative diff=0.000009, 25.32 sec so far
Iteration 300: max relative diff=0.000002, 30.38 sec so far

Iterative method: 320 iterations in 32.41 seconds (average 0.101275, setup 8.63)

Value in the initial state: 0.24386858861963567

Time for model checking: 41.399 seconds.

Result: 0.24386858861963567 (value in the initial state)

