PRISM
=====

Version: 4.4.dev
Date: Mon May 21 04:03:53 IRDT 2018
Hostname: sadegh-H81M-S2PH
Memory limits: cudd=1g, java(heap)=2.1g
Command line: prism dns198.nm dns.pctl -s -improvedmodpoliter -maxiters 90050 -epsilon 1e-8 -javamaxmem 2400m

Parsing model file "dns198.nm"...

Parsing properties file "dns.pctl"...

1 property:
(1) Pmax=? [ "pp" U "qq" ]

Type:        MDP
Modules:     m1 m2 m3 
Variables:   s1 s2 s3 

---------------------------------------------------------------------

Model checking: Pmax=? [ "pp" U "qq" ]

Building model...

Computing reachable states...

Reachability (BFS): 4 iterations in 0.00 seconds (average 0.000500, setup 0.00)

Time for model construction: 4.16 seconds.

Type:        MDP
States:      10000 (1 initial)
Transitions: 6307902
Choices:     30000

Transition matrix: 6697101 nodes (476927 terminal), 6307902 minterms, vars: 15r/15c/3nd

Prob0A: 3 iterations in 0.00 seconds (average 0.001000, setup 0.00)

Prob1E: 10 iterations in 0.01 seconds (average 0.000700, setup 0.00)

yes = 9936, no = 15, maybe = 49

Computing remaining probabilities...
Engine: Sparse

Building sparse matrix (FOR POLICY ITERASION)... [n=10000, nc=147, nnz=32904, k=3] [395.5 KB]
Creating vector for yes...[78.1 KB]
Allocating iteration vectors... [2 x 78.1 KB]
TOTAL: [629.9 KB]

Starting iterations...

Iterative method: 24 iterations in 0.00 seconds (average 0.000000, setup 0.01)

Value in the initial state: 1.0

Time for model checking: 0.023 seconds.

Result: 1.0 (value in the initial state)

