PRISM
=====

Version: 4.4.dev
Date: Mon Jun 18 09:46:10 IRDT 2018
Hostname: sadegh-H81M-S2PH
Memory limits: cudd=1g, java(heap)=2.1g
Command line: prism dns123.nm dns.pctl -s -bucketvaliter2 -maxiters 90050 -javamaxmem 2400m

Parsing model file "dns123.nm"...

Parsing properties file "dns.pctl"...

1 property:
(1) Pmax=? [ "pp" U "qq" ]

Type:        MDP
Modules:     m1 m2 m3 
Variables:   s1 s2 s3 

---------------------------------------------------------------------

Model checking: Pmax=? [ "pp" U "qq" ]

Building model...

Computing reachable states...

Reachability (BFS): 3 iterations in 0.01 seconds (average 0.002333, setup 0.00)

Time for model construction: 5.54 seconds.

Type:        MDP
States:      7200 (1 initial)
Transitions: 32825738
Choices:     14400

Transition matrix: 5862851 nodes (448152 terminal), 32825738 minterms, vars: 15r/15c/2nd

Prob0A: 3 iterations in 0.01 seconds (average 0.001667, setup 0.00)

Prob1E: 4 iterations in 0.00 seconds (average 0.000500, setup 0.00)

yes = 10, no = 36, maybe = 7154

Computing remaining probabilities...
Engine: Sparse

Building sparse matrix(FOR GS)... [n=7200, nc=14308, nnz=32618955, k=2] [373.4 MB]
Creating vector for yes...[56.2 KB]
Allocating iteration vectors... [2 x 56.2 KB]
TOTAL: [373.5 MB]

Starting iterations...

Iterative method: 13493595 iterations in 463.84 seconds (average 0.000034, setup 3.83)

Value in the initial state: 0.25560406174396727

Time for model checking: 485.222 seconds.

Result: 0.25560406174396727 (value in the initial state)

