PRISM
=====

Version: 4.4.dev
Date: Sun Jun 17 23:37:17 IRDT 2018
Hostname: sadegh-H81M-S2PH
Memory limits: cudd=1g, java(heap)=2.1g
Command line: prism dns86.nm dns.pctl -s -gs -maxiters 90050 -epsilon 1e-6 -javamaxmem 2400m

Parsing model file "dns86.nm"...

Parsing properties file "dns.pctl"...

1 property:
(1) Pmax=? [ "pp" U "qq" ]

Type:        MDP
Modules:     m1 m2 m3 
Variables:   s1 s2 s3 

---------------------------------------------------------------------

Model checking: Pmax=? [ "pp" U "qq" ]

Building model...

Computing reachable states...

Reachability (BFS): 3 iterations in 0.01 seconds (average 0.002000, setup 0.00)

Time for model construction: 25.887 seconds.

Type:        MDP
States:      7600 (1 initial)
Transitions: 168041377
Choices:     45600

Transition matrix: 20679060 nodes (603921 terminal), 168041377 minterms, vars: 15r/15c/6nd

Prob0A: 2 iterations in 0.01 seconds (average 0.002500, setup 0.00)

Prob1E: 4 iterations in 0.00 seconds (average 0.000750, setup 0.00)

yes = 10, no = 55, maybe = 7535

Computing remaining probabilities...
Engine: Sparse

Building sparse matrix(FOR GS)... [n=7600, nc=45210, nnz=166642416, k=6] [1.9 GB]
Creating vector for yes...[59.4 KB]
Allocating iteration vectors... [2 x 59.4 KB]
TOTAL: [1.9 GB]

Starting iterations...
Iteration 19: max relative diff=0.043672, 5.28 sec so far
Iteration 38: max relative diff=0.016268, 10.55 sec so far
Iteration 57: max relative diff=0.008430, 15.83 sec so far
Iteration 76: max relative diff=0.004969, 21.10 sec so far
Iteration 95: max relative diff=0.003165, 26.38 sec so far
Iteration 114: max relative diff=0.002110, 31.66 sec so far
Iteration 133: max relative diff=0.001451, 36.92 sec so far
Iteration 152: max relative diff=0.001020, 42.20 sec so far
Iteration 171: max relative diff=0.000728, 47.47 sec so far
Iteration 190: max relative diff=0.000525, 52.75 sec so far
Iteration 208: max relative diff=0.000388, 57.75 sec so far
Iteration 227: max relative diff=0.000284, 63.02 sec so far
Iteration 246: max relative diff=0.000208, 68.30 sec so far
Iteration 265: max relative diff=0.000153, 73.58 sec so far
Iteration 284: max relative diff=0.000113, 78.86 sec so far
Iteration 303: max relative diff=0.000084, 84.13 sec so far
Iteration 321: max relative diff=0.000063, 89.14 sec so far
Iteration 339: max relative diff=0.000047, 94.14 sec so far
Iteration 358: max relative diff=0.000035, 99.41 sec so far
Iteration 376: max relative diff=0.000026, 104.41 sec so far
Iteration 394: max relative diff=0.000020, 109.41 sec so far
Iteration 412: max relative diff=0.000015, 114.42 sec so far
Iteration 430: max relative diff=0.000011, 119.42 sec so far
Iteration 449: max relative diff=0.000008, 124.69 sec so far
Iteration 468: max relative diff=0.000006, 129.97 sec so far
Iteration 486: max relative diff=0.000005, 134.97 sec so far
Iteration 504: max relative diff=0.000004, 139.98 sec so far
Iteration 523: max relative diff=0.000003, 145.25 sec so far
Iteration 542: max relative diff=0.000002, 150.53 sec so far
Iteration 560: max relative diff=0.000001, 155.53 sec so far
Iteration 578: max relative diff=0.000001, 160.53 sec so far

Iterative method: 585 iterations in 162.48 seconds (average 0.277737, setup 20.59)

Value in the initial state: 0.3619635058916066

Time for model checking: 184.008 seconds.

Result: 0.3619635058916066 (value in the initial state)

