PRISM
=====

Version: 4.4.dev
Date: Sun May 20 18:24:03 IRDT 2018
Hostname: sadegh-H81M-S2PH
Memory limits: cudd=1g, java(heap)=2.1g
Command line: prism dns74.nm dns.pctl -s -improvedmodpoliter -maxiters 90050 -epsilon 1e-8 -javamaxmem 2400m

Parsing model file "dns74.nm"...

Parsing properties file "dns.pctl"...

1 property:
(1) Pmax=? [ "pp" U "qq" ]

Type:        MDP
Modules:     m1 m2 m3 
Variables:   s1 s2 s3 

---------------------------------------------------------------------

Model checking: Pmax=? [ "pp" U "qq" ]

Building model...

Computing reachable states...

Reachability (BFS): 3 iterations in 0.00 seconds (average 0.000667, setup 0.00)

Time for model construction: 6.218 seconds.

Type:        MDP
States:      9600 (1 initial)
Transitions: 107172906
Choices:     19200

Transition matrix: 8141336 nodes (187386 terminal), 107172906 minterms, vars: 15r/15c/2nd

Prob0A: 2 iterations in 0.00 seconds (average 0.002000, setup 0.00)

Prob1E: 4 iterations in 0.00 seconds (average 0.000250, setup 0.00)

yes = 10, no = 28, maybe = 9562

Computing remaining probabilities...
Engine: Sparse

Building sparse matrix (FOR POLICY ITERASION)... [n=9600, nc=19124, nnz=106759556, k=2] [1.2 GB]
Creating vector for yes...[75.0 KB]
Allocating iteration vectors... [2 x 75.0 KB]
TOTAL: [1.2 GB]

Starting iterations...
Iteration 204: max relative diff=0.006760, 9.99 sec so far
Iteration 306: max relative diff=0.002218, 15.21 sec so far
Iteration 408: max relative diff=0.000841, 20.43 sec so far
Iteration 510: max relative diff=0.000272, 25.63 sec so far
Iteration 612: max relative diff=0.000100, 30.84 sec so far
Iteration 714: max relative diff=0.000052, 36.04 sec so far
Iteration 816: max relative diff=0.000014, 41.25 sec so far
Iteration 918: max relative diff=0.000005, 46.45 sec so far
Iteration 1020: max relative diff=0.000002, 51.92 sec so far
Iteration 1122: max relative diff=0.000001, 57.20 sec so far
Iteration 1224: max relative diff=0.000000, 62.60 sec so far
Iteration 1326: max relative diff=0.000000, 68.08 sec so far
Iteration 1428: max relative diff=0.000000, 73.37 sec so far
Iteration 1530: max relative diff=0.000000, 78.76 sec so far
Iteration 1632: max relative diff=0.000000, 84.24 sec so far

Iterative method: 1632 iterations in 84.24 seconds (average 0.051620, setup 6.92)

Value in the initial state: 0.3294985756010762

Time for model checking: 91.79 seconds.

Result: 0.3294985756010762 (value in the initial state)

