PRISM
=====

Version: 4.4.dev
Date: Sun Jun 17 18:38:27 IRDT 2018
Hostname: sadegh-H81M-S2PH
Memory limits: cudd=1g, java(heap)=2.1g
Command line: prism dns69.nm dns.pctl -s -backwardvaliter -maxiters 90050 -epsilon 1e-6 -javamaxmem 2400m

Parsing model file "dns69.nm"...

Parsing properties file "dns.pctl"...

1 property:
(1) Pmax=? [ "pp" U "qq" ]

Type:        MDP
Modules:     m1 m2 m3 
Variables:   s1 s2 s3 

---------------------------------------------------------------------

Model checking: Pmax=? [ "pp" U "qq" ]

Building model...

Computing reachable states...

Reachability (BFS): 3 iterations in 0.00 seconds (average 0.000667, setup 0.00)

Time for model construction: 7.031 seconds.

Type:        MDP
States:      6800 (1 initial)
Transitions: 56531436
Choices:     13600

Transition matrix: 6399767 nodes (427941 terminal), 56531436 minterms, vars: 15r/15c/2nd

Prob0A: 2 iterations in 0.00 seconds (average 0.001500, setup 0.00)

Prob1E: 4 iterations in 0.00 seconds (average 0.000500, setup 0.00)

yes = 10, no = 78, maybe = 6712

Computing remaining probabilities...
Engine: Sparse

Building sparse matrix(FOR GS)... [n=6800, nc=13424, nnz=55751901, k=2] [638.1 MB]
Creating vector for yes...[53.1 KB]
Allocating iteration vectors... [2 x 53.1 KB]
TOTAL: [638.3 MB]

Starting iterations...
Iteration 49: max relative diff=0.008838, 5.05 sec so far
Iteration 103: max relative diff=0.001398, 10.07 sec so far
Iteration 157: max relative diff=0.000273, 15.09 sec so far
Iteration 211: max relative diff=0.000055, 20.11 sec so far
Iteration 265: max relative diff=0.000011, 25.13 sec so far
Iteration 319: max relative diff=0.000002, 30.16 sec so far

Iterative method: 348 iterations in 32.87 seconds (average 0.094443, setup 6.91)

Value in the initial state: 0.22450618858507823

Time for model checking: 40.016 seconds.

Result: 0.22450618858507823 (value in the initial state)

Warning: CUDD reports 7003246 non-zero references.

