PRISM
=====

Version: 4.4.dev
Date: Sun May 20 23:03:31 IRDT 2018
Hostname: sadegh-H81M-S2PH
Memory limits: cudd=1g, java(heap)=2.1g
Command line: prism dns116.nm dns.pctl -s -improvedmodpoliter2 -maxiters 90050 -epsilon 1e-8 -javamaxmem 2400m

Parsing model file "dns116.nm"...

Parsing properties file "dns.pctl"...

1 property:
(1) Pmax=? [ "pp" U "qq" ]

Type:        MDP
Modules:     m1 m2 m3 
Variables:   s1 s2 s3 

---------------------------------------------------------------------

Model checking: Pmax=? [ "pp" U "qq" ]

Building model...

Computing reachable states...

Reachability (BFS): 3 iterations in 0.00 seconds (average 0.000333, setup 0.00)

Time for model construction: 5.261 seconds.

Type:        MDP
States:      6800 (1 initial)
Transitions: 37371015
Choices:     13600

Transition matrix: 6224638 nodes (303868 terminal), 37371015 minterms, vars: 15r/15c/2nd

Prob0A: 3 iterations in 0.00 seconds (average 0.000333, setup 0.00)

Prob1E: 4 iterations in 0.00 seconds (average 0.000250, setup 0.00)

yes = 10, no = 10, maybe = 6780

Computing remaining probabilities...
Engine: Sparse

Building sparse matrix (FOR POLICY ITERASION)... [n=6800, nc=13560, nnz=37263295, k=2] [426.5 MB]
Creating vector for yes...[53.1 KB]
Allocating iteration vectors... [2 x 53.1 KB]
TOTAL: [426.7 MB]

Starting iterations...
Iteration 606: max relative diff=0.001766, 5.35 sec so far
Iteration 1212: max relative diff=0.000242, 10.74 sec so far
Iteration 1818: max relative diff=0.000049, 16.13 sec so far
Iteration 2424: max relative diff=0.000010, 21.53 sec so far
Iteration 3030: max relative diff=0.000001, 27.05 sec so far
Iteration 3636: max relative diff=0.000000, 33.05 sec so far
Iteration 4141: max relative diff=0.000000, 38.06 sec so far
Iteration 4747: max relative diff=0.000000, 44.06 sec so far

Iterative method: 4747 iterations in 44.06 seconds (average 0.009281, setup 3.03)


Number of scallar multiplications: 44618M 

Value in the initial state: 0.5886742498859358

Time for model checking: 47.689 seconds.

Result: 0.5886742498859358 (value in the initial state)

