PRISM
=====

Version: 4.4.dev
Date: Sun May 20 12:49:00 IRDT 2018
Hostname: sadegh-H81M-S2PH
Memory limits: cudd=1g, java(heap)=2.1g
Command line: prism dns31.nm dns.pctl -s -improvedmodpoliter2 -maxiters 90050 -epsilon 1e-8 -javamaxmem 2400m

Parsing model file "dns31.nm"...

Parsing properties file "dns.pctl"...

1 property:
(1) Pmax=? [ "pp" U "qq" ]

Type:        MDP
Modules:     m1 m2 m3 
Variables:   s1 s2 s3 

---------------------------------------------------------------------

Model checking: Pmax=? [ "pp" U "qq" ]

Building model...

Computing reachable states...

Reachability (BFS): 3 iterations in 0.00 seconds (average 0.000333, setup 0.00)

Time for model construction: 10.511 seconds.

Type:        MDP
States:      8000 (1 initial)
Transitions: 260531507
Choices:     40000

Transition matrix: 13783342 nodes (265614 terminal), 260531507 minterms, vars: 15r/15c/5nd

Prob0A: 2 iterations in 0.00 seconds (average 0.001500, setup 0.00)

Prob1E: 4 iterations in 0.00 seconds (average 0.000500, setup 0.00)

yes = 10, no = 21, maybe = 7969

Computing remaining probabilities...
Engine: Sparse

Building sparse matrix (FOR POLICY ITERASION)... [n=8000, nc=39845, nnz=259510847, k=5] [2.9 GB]
Creating vector for yes...[62.5 KB]
Allocating iteration vectors... [2 x 62.5 KB]
TOTAL: [2.9 GB]

Starting iterations...
Iteration 202: max relative diff=0.010648, 5.45 sec so far
Iteration 404: max relative diff=0.002119, 11.34 sec so far
Iteration 606: max relative diff=0.000504, 17.21 sec so far
Iteration 808: max relative diff=0.000153, 23.11 sec so far
Iteration 1010: max relative diff=0.000038, 28.98 sec so far
Iteration 1212: max relative diff=0.000012, 34.87 sec so far
Iteration 1414: max relative diff=0.000003, 40.78 sec so far
Iteration 1616: max relative diff=0.000001, 46.71 sec so far
Iteration 1818: max relative diff=0.000000, 52.55 sec so far
Iteration 2020: max relative diff=0.000000, 58.40 sec so far
Iteration 2222: max relative diff=0.000000, 64.25 sec so far
Iteration 2424: max relative diff=0.000000, 70.21 sec so far

Iterative method: 2424 iterations in 70.21 seconds (average 0.028965, setup 13.67)


Number of scallar multiplications: 72078M 

Value in the initial state: 0.45822212453063915

Time for model checking: 85.996 seconds.

Result: 0.45822212453063915 (value in the initial state)

