PRISM
=====

Version: 4.4.dev
Date: Mon May 21 03:11:10 IRDT 2018
Hostname: sadegh-H81M-S2PH
Memory limits: cudd=1g, java(heap)=2.1g
Command line: prism dns177.nm dns.pctl -s -explicitmodpoliter -maxiters 90050 -epsilon 1e-8 -javamaxmem 2400m

Parsing model file "dns177.nm"...

Parsing properties file "dns.pctl"...

1 property:
(1) Pmax=? [ "pp" U "qq" ]

Type:        MDP
Modules:     m1 m2 m3 
Variables:   s1 s2 s3 

---------------------------------------------------------------------

Model checking: Pmax=? [ "pp" U "qq" ]

Building model...

Computing reachable states...

Reachability (BFS): 3 iterations in 0.01 seconds (average 0.002000, setup 0.00)

Time for model construction: 17.086 seconds.

Type:        MDP
States:      9600 (1 initial)
Transitions: 40188955
Choices:     38400

Transition matrix: 20714270 nodes (517215 terminal), 40188955 minterms, vars: 15r/15c/4nd

Prob0A: 3 iterations in 0.00 seconds (average 0.001333, setup 0.00)

Prob1E: 4 iterations in 0.00 seconds (average 0.000500, setup 0.00)

yes = 10, no = 45, maybe = 9545

Computing remaining probabilities...
Engine: Sparse

Building sparse matrix (FOR POLICY ITERASION)... [n=9600, nc=38180, nnz=39964088, k=4] [457.5 MB]
Creating vector for yes...[75.0 KB]
Allocating iteration vectors... [2 x 75.0 KB]
TOTAL: [457.8 MB]

Starting iterations...
Iteration 606: max relative diff=0.000165, 5.57 sec so far
Iteration 1212: max relative diff=0.000000, 11.14 sec so far

Iterative method: 1370 iterations in 12.61 seconds (average 0.009205, setup 6.15)

Value in the initial state: 0.42057372578785873

Time for model checking: 18.95 seconds.

Result: 0.42057372578785873 (value in the initial state)

