PRISM
=====

Version: 4.4.dev
Date: Mon Jun 18 06:04:45 IRDT 2018
Hostname: sadegh-H81M-S2PH
Memory limits: cudd=1g, java(heap)=2.1g
Command line: prism dns110.nm dns.pctl -s -gs -maxiters 90050 -epsilon 1e-6 -javamaxmem 2400m

Parsing model file "dns110.nm"...

Parsing properties file "dns.pctl"...

1 property:
(1) Pmax=? [ "pp" U "qq" ]

Type:        MDP
Modules:     m1 m2 m3 
Variables:   s1 s2 s3 

---------------------------------------------------------------------

Model checking: Pmax=? [ "pp" U "qq" ]

Building model...

Computing reachable states...

Reachability (BFS): 3 iterations in 0.01 seconds (average 0.003000, setup 0.00)

Time for model construction: 22.533 seconds.

Type:        MDP
States:      8000 (1 initial)
Transitions: 128056042
Choices:     40000

Transition matrix: 19188487 nodes (672649 terminal), 128056042 minterms, vars: 15r/15c/5nd

Prob0A: 2 iterations in 0.00 seconds (average 0.001500, setup 0.00)

Prob1E: 4 iterations in 0.00 seconds (average 0.000750, setup 0.00)

yes = 10, no = 28, maybe = 7962

Computing remaining probabilities...
Engine: Sparse

Building sparse matrix(FOR GS)... [n=8000, nc=39810, nnz=127406289, k=5] [1.4 GB]
Creating vector for yes...[62.5 KB]
Allocating iteration vectors... [2 x 62.5 KB]
TOTAL: [1.4 GB]

Starting iterations...
Iteration 24: max relative diff=0.032752, 5.10 sec so far
Iteration 48: max relative diff=0.011888, 10.21 sec so far
Iteration 72: max relative diff=0.006095, 15.32 sec so far
Iteration 96: max relative diff=0.003639, 20.42 sec so far
Iteration 120: max relative diff=0.002392, 25.53 sec so far
Iteration 144: max relative diff=0.001679, 30.64 sec so far
Iteration 168: max relative diff=0.001231, 35.74 sec so far
Iteration 192: max relative diff=0.000930, 40.85 sec so far
Iteration 216: max relative diff=0.000720, 45.95 sec so far
Iteration 240: max relative diff=0.000570, 51.06 sec so far
Iteration 264: max relative diff=0.000457, 56.17 sec so far
Iteration 288: max relative diff=0.000371, 61.27 sec so far
Iteration 312: max relative diff=0.000304, 66.38 sec so far
Iteration 336: max relative diff=0.000251, 71.48 sec so far
Iteration 360: max relative diff=0.000207, 76.58 sec so far
Iteration 384: max relative diff=0.000173, 81.69 sec so far
Iteration 408: max relative diff=0.000144, 86.79 sec so far
Iteration 432: max relative diff=0.000121, 91.90 sec so far
Iteration 456: max relative diff=0.000102, 97.00 sec so far
Iteration 480: max relative diff=0.000086, 102.11 sec so far
Iteration 504: max relative diff=0.000073, 107.22 sec so far
Iteration 528: max relative diff=0.000062, 112.32 sec so far
Iteration 552: max relative diff=0.000053, 117.43 sec so far
Iteration 576: max relative diff=0.000045, 122.54 sec so far
Iteration 600: max relative diff=0.000038, 127.64 sec so far
Iteration 624: max relative diff=0.000032, 132.75 sec so far
Iteration 648: max relative diff=0.000027, 137.85 sec so far
Iteration 672: max relative diff=0.000023, 142.96 sec so far
Iteration 696: max relative diff=0.000020, 148.07 sec so far
Iteration 720: max relative diff=0.000017, 153.17 sec so far
Iteration 744: max relative diff=0.000014, 158.27 sec so far
Iteration 768: max relative diff=0.000012, 163.38 sec so far
Iteration 792: max relative diff=0.000010, 168.47 sec so far
Iteration 816: max relative diff=0.000009, 173.57 sec so far
Iteration 840: max relative diff=0.000008, 178.68 sec so far
Iteration 864: max relative diff=0.000006, 183.78 sec so far
Iteration 888: max relative diff=0.000006, 188.89 sec so far
Iteration 912: max relative diff=0.000005, 193.99 sec so far
Iteration 936: max relative diff=0.000004, 199.10 sec so far
Iteration 960: max relative diff=0.000003, 204.20 sec so far
Iteration 984: max relative diff=0.000003, 209.30 sec so far
Iteration 1008: max relative diff=0.000002, 214.41 sec so far
Iteration 1032: max relative diff=0.000002, 219.52 sec so far
Iteration 1056: max relative diff=0.000002, 224.62 sec so far
Iteration 1080: max relative diff=0.000002, 229.72 sec so far
Iteration 1104: max relative diff=0.000001, 234.83 sec so far
Iteration 1128: max relative diff=0.000001, 239.94 sec so far

Iterative method: 1147 iterations in 243.98 seconds (average 0.212711, setup 14.48)

Value in the initial state: 0.5827116682718178

Time for model checking: 259.099 seconds.

Result: 0.5827116682718178 (value in the initial state)

