PRISM
=====

Version: 4.4.dev
Date: Sat Jun 16 21:03:47 IRDT 2018
Hostname: sadegh-H81M-S2PH
Memory limits: cudd=1g, java(heap)=2.1g
Command line: prism dns24.nm dns.pctl -s -bucketvaliter2 -maxiters 90050 -javamaxmem 2400m

Parsing model file "dns24.nm"...

Parsing properties file "dns.pctl"...

1 property:
(1) Pmax=? [ "pp" U "qq" ]

Type:        MDP
Modules:     m1 m2 m3 
Variables:   s1 s2 s3 

---------------------------------------------------------------------

Model checking: Pmax=? [ "pp" U "qq" ]

Building model...

Computing reachable states...

Reachability (BFS): 3 iterations in 0.01 seconds (average 0.002000, setup 0.00)

Time for model construction: 11.087 seconds.

Type:        MDP
States:      8400 (1 initial)
Transitions: 165412176
Choices:     25200

Transition matrix: 10319443 nodes (274533 terminal), 165412176 minterms, vars: 15r/15c/3nd

Prob0A: 2 iterations in 0.00 seconds (average 0.002000, setup 0.00)

Prob1E: 4 iterations in 0.00 seconds (average 0.000500, setup 0.00)

yes = 10, no = 78, maybe = 8312

Computing remaining probabilities...
Engine: Sparse

Building sparse matrix(FOR GS)... [n=8400, nc=24936, nnz=163652036, k=3] [1.8 GB]
Creating vector for yes...[65.6 KB]
Allocating iteration vectors... [2 x 65.6 KB]
TOTAL: [1.8 GB]

Starting iterations...

Iterative method: 2113876 iterations in 478.76 seconds (average 0.000226, setup 16.22)

Value in the initial state: 0.186610156137479

Time for model checking: 500.425 seconds.

Result: 0.186610156137479 (value in the initial state)

