PRISM
=====

Version: 4.4.dev
Date: Sat Jun 16 15:42:19 IRDT 2018
Hostname: sadegh-H81M-S2PH
Memory limits: cudd=1g, java(heap)=2.1g
Command line: prism dns7.nm dns.pctl -s -bucketvaliter2 -maxiters 90050 -javamaxmem 2400m

Parsing model file "dns7.nm"...

Parsing properties file "dns.pctl"...

1 property:
(1) Pmax=? [ "pp" U "qq" ]

Type:        MDP
Modules:     m1 m2 m3 
Variables:   s1 s2 s3 

---------------------------------------------------------------------

Model checking: Pmax=? [ "pp" U "qq" ]

Building model...

Computing reachable states...

Reachability (BFS): 2 iterations in 0.00 seconds (average 0.000000, setup 0.00)

Time for model construction: 12.227 seconds.

Type:        MDP
States:      7200 (1 initial)
Transitions: 250200795
Choices:     36000

Transition matrix: 11209497 nodes (237336 terminal), 250200795 minterms, vars: 15r/15c/5nd

Prob0A: 2 iterations in 0.00 seconds (average 0.001500, setup 0.00)

Prob1E: 4 iterations in 0.00 seconds (average 0.000500, setup 0.00)

yes = 10, no = 78, maybe = 7112

Computing remaining probabilities...
Engine: Sparse

Building sparse matrix(FOR GS)... [n=7200, nc=35560, nnz=247148410, k=5] [2.8 GB]
Creating vector for yes...[56.2 KB]
Allocating iteration vectors... [2 x 56.2 KB]
TOTAL: [2.8 GB]

Starting iterations...

Iterative method: 816297 iterations in 499.79 seconds (average 0.000612, setup 23.36)

Value in the initial state: 0.19452055226737408

Time for model checking: 527.927 seconds.

Result: 0.19452055226737408 (value in the initial state)

