PRISM
=====

Version: 4.4.dev
Date: Sun May 20 22:46:10 IRDT 2018
Hostname: sadegh-H81M-S2PH
Memory limits: cudd=1g, java(heap)=2.1g
Command line: prism dns113.nm dns.pctl -s -improvedmodpoliter2 -maxiters 90050 -epsilon 1e-8 -javamaxmem 2400m

Parsing model file "dns113.nm"...

Parsing properties file "dns.pctl"...

1 property:
(1) Pmax=? [ "pp" U "qq" ]

Type:        MDP
Modules:     m1 m2 m3 
Variables:   s1 s2 s3 

---------------------------------------------------------------------

Model checking: Pmax=? [ "pp" U "qq" ]

Building model...

Computing reachable states...

Reachability (BFS): 3 iterations in 0.01 seconds (average 0.004000, setup 0.00)

Time for model construction: 12.451 seconds.

Type:        MDP
States:      8000 (1 initial)
Transitions: 103053090
Choices:     32000

Transition matrix: 15934000 nodes (464430 terminal), 103053090 minterms, vars: 15r/15c/4nd

Prob0A: 3 iterations in 0.01 seconds (average 0.001667, setup 0.00)

Prob1E: 4 iterations in 0.00 seconds (average 0.000500, setup 0.00)

yes = 10, no = 55, maybe = 7935

Computing remaining probabilities...
Engine: Sparse

Building sparse matrix (FOR POLICY ITERASION)... [n=8000, nc=31740, nnz=102202035, k=4] [1.1 GB]
Creating vector for yes...[62.5 KB]
Allocating iteration vectors... [2 x 62.5 KB]
TOTAL: [1.1 GB]

Starting iterations...
Iteration 505: max relative diff=0.000942, 6.05 sec so far
Iteration 1010: max relative diff=0.000006, 12.02 sec so far
Iteration 1414: max relative diff=0.000000, 17.33 sec so far

Iterative method: 1616 iterations in 20.03 seconds (average 0.012397, setup 8.98)


Number of scallar multiplications: 20301M 

Value in the initial state: 0.31100572224090983

Time for model checking: 29.583 seconds.

Result: 0.31100572224090983 (value in the initial state)

