PRISM
=====

Version: 4.4.dev
Date: Tue Jun 19 10:23:58 IRDT 2018
Hostname: sadegh-H81M-S2PH
Memory limits: cudd=1g, java(heap)=2.1g
Command line: prism dns145.nm dns.pctl -s -gs -maxiters 90050 -epsilon 1e-6 -javamaxmem 2400m

Parsing model file "dns145.nm"...

Parsing properties file "dns.pctl"...

1 property:
(1) Pmax=? [ "pp" U "qq" ]

Type:        MDP
Modules:     m1 m2 m3 
Variables:   s1 s2 s3 

---------------------------------------------------------------------

Model checking: Pmax=? [ "pp" U "qq" ]

Building model...

Computing reachable states...

Reachability (BFS): 3 iterations in 0.01 seconds (average 0.004333, setup 0.00)

Time for model construction: 14.422 seconds.

Type:        MDP
States:      8000 (1 initial)
Transitions: 54452509
Choices:     32000

Transition matrix: 14806324 nodes (676856 terminal), 54452509 minterms, vars: 15r/15c/4nd

Prob0A: 3 iterations in 0.01 seconds (average 0.003667, setup 0.00)

Prob1E: 4 iterations in 0.00 seconds (average 0.001000, setup 0.00)

yes = 10, no = 66, maybe = 7924

Computing remaining probabilities...
Engine: Sparse

Building sparse matrix(FOR GS)... [n=8000, nc=31696, nnz=53942087, k=4] [617.5 MB]
Creating vector for yes...[62.5 KB]
Allocating iteration vectors... [2 x 62.5 KB]
TOTAL: [617.7 MB]

Starting iterations...
Iteration 56: max relative diff=0.009411, 5.07 sec so far
Iteration 112: max relative diff=0.002851, 10.13 sec so far
Iteration 168: max relative diff=0.001243, 15.21 sec so far
Iteration 224: max relative diff=0.000618, 20.28 sec so far
Iteration 280: max relative diff=0.000326, 25.35 sec so far
Iteration 336: max relative diff=0.000176, 30.41 sec so far
Iteration 392: max relative diff=0.000097, 35.48 sec so far
Iteration 448: max relative diff=0.000054, 40.55 sec so far
Iteration 504: max relative diff=0.000030, 45.62 sec so far
Iteration 560: max relative diff=0.000017, 50.68 sec so far
Iteration 616: max relative diff=0.000009, 55.75 sec so far
Iteration 672: max relative diff=0.000005, 60.83 sec so far
Iteration 728: max relative diff=0.000003, 65.91 sec so far
Iteration 784: max relative diff=0.000002, 70.97 sec so far

Iterative method: 830 iterations in 75.12 seconds (average 0.090510, setup 8.56)

Value in the initial state: 0.35865103584340613

Time for model checking: 84.015 seconds.

Result: 0.35865103584340613 (value in the initial state)

