PRISM
=====

Version: 4.4.dev
Date: Sun May 20 13:30:02 IRDT 2018
Hostname: sadegh-H81M-S2PH
Memory limits: cudd=1g, java(heap)=2.1g
Command line: prism dns40.nm dns.pctl -s -improvedmodpoliter -maxiters 90050 -epsilon 1e-8 -javamaxmem 2400m

Parsing model file "dns40.nm"...

Parsing properties file "dns.pctl"...

1 property:
(1) Pmax=? [ "pp" U "qq" ]

Type:        MDP
Modules:     m1 m2 m3 
Variables:   s1 s2 s3 

---------------------------------------------------------------------

Model checking: Pmax=? [ "pp" U "qq" ]

Building model...

Computing reachable states...

Reachability (BFS): 2 iterations in 0.00 seconds (average 0.000000, setup 0.00)

Time for model construction: 6.063 seconds.

Type:        MDP
States:      6400 (1 initial)
Transitions: 165216584
Choices:     32000

Transition matrix: 8095181 nodes (216093 terminal), 165216584 minterms, vars: 14r/14c/5nd

Prob0A: 2 iterations in 0.00 seconds (average 0.001000, setup 0.00)

Prob1E: 4 iterations in 0.00 seconds (average 0.000500, setup 0.00)

yes = 10, no = 28, maybe = 6362

Computing remaining probabilities...
Engine: Sparse

Building sparse matrix (FOR POLICY ITERASION)... [n=6400, nc=31810, nnz=164258610, k=5] [1.8 GB]
Creating vector for yes...[50.0 KB]
Allocating iteration vectors... [2 x 50.0 KB]
TOTAL: [1.8 GB]

Starting iterations...
Iteration 204: max relative diff=0.007896, 6.47 sec so far
Iteration 408: max relative diff=0.000492, 13.00 sec so far
Iteration 612: max relative diff=0.000033, 19.49 sec so far
Iteration 816: max relative diff=0.000001, 25.93 sec so far
Iteration 1020: max relative diff=0.000000, 32.35 sec so far
Iteration 1222: max relative diff=0.000000, 38.84 sec so far

Iterative method: 1222 iterations in 38.84 seconds (average 0.031786, setup 8.86)

Value in the initial state: 0.3801928099331252

Time for model checking: 48.402 seconds.

Result: 0.3801928099331252 (value in the initial state)

