PRISM
=====

Version: 4.4.dev
Date: Sun Jun 17 23:52:23 IRDT 2018
Hostname: sadegh-H81M-S2PH
Memory limits: cudd=1g, java(heap)=2.1g
Command line: prism dns86.nm dns.pctl -s -backwardvaliter -maxiters 90050 -epsilon 1e-6 -javamaxmem 2400m

Parsing model file "dns86.nm"...

Parsing properties file "dns.pctl"...

1 property:
(1) Pmax=? [ "pp" U "qq" ]

Type:        MDP
Modules:     m1 m2 m3 
Variables:   s1 s2 s3 

---------------------------------------------------------------------

Model checking: Pmax=? [ "pp" U "qq" ]

Building model...

Computing reachable states...

Reachability (BFS): 3 iterations in 0.01 seconds (average 0.002333, setup 0.00)

Time for model construction: 25.715 seconds.

Type:        MDP
States:      7600 (1 initial)
Transitions: 168041377
Choices:     45600

Transition matrix: 20679060 nodes (603921 terminal), 168041377 minterms, vars: 15r/15c/6nd

Prob0A: 2 iterations in 0.01 seconds (average 0.005000, setup 0.00)

Prob1E: 4 iterations in 0.01 seconds (average 0.002000, setup 0.00)

yes = 10, no = 55, maybe = 7535

Computing remaining probabilities...
Engine: Sparse

Building sparse matrix(FOR GS)... [n=7600, nc=45210, nnz=166642416, k=6] [1.9 GB]
Creating vector for yes...[59.4 KB]
Allocating iteration vectors... [2 x 59.4 KB]
TOTAL: [1.9 GB]

Starting iterations...
Iteration 12: max relative diff=0.079832, 5.27 sec so far
Iteration 31: max relative diff=0.022255, 10.53 sec so far
Iteration 50: max relative diff=0.010632, 15.80 sec so far
Iteration 69: max relative diff=0.006041, 21.07 sec so far
Iteration 88: max relative diff=0.003762, 26.33 sec so far
Iteration 107: max relative diff=0.002475, 31.60 sec so far
Iteration 126: max relative diff=0.001687, 36.88 sec so far
Iteration 145: max relative diff=0.001178, 42.15 sec so far
Iteration 164: max relative diff=0.000836, 47.42 sec so far
Iteration 183: max relative diff=0.000600, 52.69 sec so far
Iteration 202: max relative diff=0.000435, 57.97 sec so far
Iteration 221: max relative diff=0.000317, 63.24 sec so far
Iteration 240: max relative diff=0.000232, 68.51 sec so far
Iteration 259: max relative diff=0.000171, 73.78 sec so far
Iteration 278: max relative diff=0.000126, 79.05 sec so far
Iteration 297: max relative diff=0.000093, 84.32 sec so far
Iteration 316: max relative diff=0.000069, 89.60 sec so far
Iteration 335: max relative diff=0.000051, 94.87 sec so far
Iteration 354: max relative diff=0.000038, 100.14 sec so far
Iteration 373: max relative diff=0.000028, 105.40 sec so far
Iteration 392: max relative diff=0.000021, 110.67 sec so far
Iteration 411: max relative diff=0.000015, 115.94 sec so far
Iteration 430: max relative diff=0.000011, 121.22 sec so far
Iteration 449: max relative diff=0.000008, 126.49 sec so far
Iteration 468: max relative diff=0.000006, 131.76 sec so far
Iteration 487: max relative diff=0.000005, 137.03 sec so far
Iteration 506: max relative diff=0.000003, 142.30 sec so far
Iteration 525: max relative diff=0.000003, 147.57 sec so far
Iteration 544: max relative diff=0.000002, 152.85 sec so far
Iteration 563: max relative diff=0.000001, 158.12 sec so far
Iteration 582: max relative diff=0.000001, 163.39 sec so far

Iterative method: 585 iterations in 164.22 seconds (average 0.280720, setup 20.84)

Value in the initial state: 0.3619638216517287

Time for model checking: 185.881 seconds.

Result: 0.3619638216517287 (value in the initial state)

Warning: CUDD reports 22104727 non-zero references.

