PRISM
=====

Version: 4.4.dev
Date: Tue Jun 19 12:47:28 IRDT 2018
Hostname: sadegh-H81M-S2PH
Memory limits: cudd=1g, java(heap)=2.1g
Command line: prism dns162.nm dns.pctl -s -gs -maxiters 90050 -epsilon 1e-6 -javamaxmem 2400m

Parsing model file "dns162.nm"...

Parsing properties file "dns.pctl"...

1 property:
(1) Pmax=? [ "pp" U "qq" ]

Type:        MDP
Modules:     m1 m2 m3 
Variables:   s1 s2 s3 

---------------------------------------------------------------------

Model checking: Pmax=? [ "pp" U "qq" ]

Building model...

Computing reachable states...

Reachability (BFS): 3 iterations in 0.00 seconds (average 0.001333, setup 0.00)

Time for model construction: 11.85 seconds.

Type:        MDP
States:      10000 (1 initial)
Transitions: 30116598
Choices:     30000

Transition matrix: 12742056 nodes (516703 terminal), 30116598 minterms, vars: 15r/15c/3nd

Prob0A: 3 iterations in 0.01 seconds (average 0.001667, setup 0.00)

Prob1E: 9 iterations in 0.01 seconds (average 0.001222, setup 0.00)

yes = 10, no = 15, maybe = 9975

Computing remaining probabilities...
Engine: Sparse

Building sparse matrix(FOR GS)... [n=10000, nc=29925, nnz=30040873, k=3] [343.9 MB]
Creating vector for yes...[78.1 KB]
Allocating iteration vectors... [2 x 78.1 KB]
TOTAL: [344.2 MB]

Starting iterations...
Iteration 99: max relative diff=0.005416, 5.01 sec so far
Iteration 198: max relative diff=0.001631, 10.03 sec so far
Iteration 297: max relative diff=0.000771, 15.04 sec so far
Iteration 396: max relative diff=0.000439, 20.06 sec so far
Iteration 495: max relative diff=0.000292, 25.07 sec so far
Iteration 594: max relative diff=0.000214, 30.09 sec so far
Iteration 693: max relative diff=0.000168, 35.11 sec so far
Iteration 792: max relative diff=0.000136, 40.13 sec so far
Iteration 891: max relative diff=0.000113, 45.15 sec so far
Iteration 990: max relative diff=0.000096, 50.17 sec so far
Iteration 1089: max relative diff=0.000082, 55.19 sec so far
Iteration 1188: max relative diff=0.000072, 60.21 sec so far
Iteration 1287: max relative diff=0.000065, 65.23 sec so far
Iteration 1386: max relative diff=0.000058, 70.25 sec so far
Iteration 1485: max relative diff=0.000052, 75.26 sec so far
Iteration 1584: max relative diff=0.000047, 80.28 sec so far
Iteration 1683: max relative diff=0.000043, 85.31 sec so far
Iteration 1782: max relative diff=0.000039, 90.33 sec so far
Iteration 1881: max relative diff=0.000036, 95.35 sec so far
Iteration 1980: max relative diff=0.000033, 100.36 sec so far
Iteration 2079: max relative diff=0.000030, 105.38 sec so far
Iteration 2178: max relative diff=0.000028, 110.39 sec so far
Iteration 2277: max relative diff=0.000026, 115.41 sec so far
Iteration 2376: max relative diff=0.000024, 120.42 sec so far
Iteration 2475: max relative diff=0.000022, 125.44 sec so far
Iteration 2574: max relative diff=0.000020, 130.45 sec so far
Iteration 2673: max relative diff=0.000019, 135.47 sec so far
Iteration 2772: max relative diff=0.000018, 140.49 sec so far
Iteration 2871: max relative diff=0.000017, 145.51 sec so far
Iteration 2970: max relative diff=0.000015, 150.51 sec so far
Iteration 3069: max relative diff=0.000014, 155.52 sec so far
Iteration 3168: max relative diff=0.000014, 160.53 sec so far
Iteration 3267: max relative diff=0.000013, 165.55 sec so far
Iteration 3366: max relative diff=0.000012, 170.55 sec so far
Iteration 3465: max relative diff=0.000011, 175.57 sec so far
Iteration 3564: max relative diff=0.000011, 180.58 sec so far
Iteration 3663: max relative diff=0.000010, 185.60 sec so far
Iteration 3762: max relative diff=0.000010, 190.61 sec so far
Iteration 3861: max relative diff=0.000009, 195.63 sec so far
Iteration 3960: max relative diff=0.000009, 200.65 sec so far
Iteration 4059: max relative diff=0.000008, 205.66 sec so far
Iteration 4158: max relative diff=0.000008, 210.68 sec so far
Iteration 4257: max relative diff=0.000007, 215.69 sec so far
Iteration 4356: max relative diff=0.000007, 220.70 sec so far
Iteration 4455: max relative diff=0.000007, 225.72 sec so far
Iteration 4554: max relative diff=0.000006, 230.73 sec so far
Iteration 4653: max relative diff=0.000006, 235.75 sec so far
Iteration 4752: max relative diff=0.000006, 240.76 sec so far
Iteration 4851: max relative diff=0.000005, 245.77 sec so far
Iteration 4950: max relative diff=0.000005, 250.79 sec so far
Iteration 5049: max relative diff=0.000005, 255.81 sec so far
Iteration 5148: max relative diff=0.000005, 260.83 sec so far
Iteration 5247: max relative diff=0.000004, 265.84 sec so far
Iteration 5346: max relative diff=0.000004, 270.85 sec so far
Iteration 5445: max relative diff=0.000004, 275.87 sec so far
Iteration 5544: max relative diff=0.000004, 280.88 sec so far
Iteration 5643: max relative diff=0.000004, 285.90 sec so far
Iteration 5742: max relative diff=0.000003, 290.92 sec so far
Iteration 5841: max relative diff=0.000003, 295.93 sec so far
Iteration 5940: max relative diff=0.000003, 300.95 sec so far
Iteration 6039: max relative diff=0.000003, 305.96 sec so far
Iteration 6138: max relative diff=0.000003, 310.98 sec so far
Iteration 6237: max relative diff=0.000003, 315.99 sec so far
Iteration 6336: max relative diff=0.000003, 321.00 sec so far
Iteration 6435: max relative diff=0.000003, 326.02 sec so far
Iteration 6534: max relative diff=0.000002, 331.03 sec so far
Iteration 6633: max relative diff=0.000002, 336.04 sec so far
Iteration 6732: max relative diff=0.000002, 341.06 sec so far
Iteration 6831: max relative diff=0.000002, 346.07 sec so far
Iteration 6930: max relative diff=0.000002, 351.08 sec so far
Iteration 7029: max relative diff=0.000002, 356.10 sec so far
Iteration 7128: max relative diff=0.000002, 361.11 sec so far
Iteration 7227: max relative diff=0.000002, 366.12 sec so far
Iteration 7326: max relative diff=0.000002, 371.13 sec so far
Iteration 7425: max relative diff=0.000002, 376.14 sec so far
Iteration 7524: max relative diff=0.000002, 381.16 sec so far
Iteration 7623: max relative diff=0.000001, 386.18 sec so far
Iteration 7722: max relative diff=0.000001, 391.18 sec so far
Iteration 7821: max relative diff=0.000001, 396.19 sec so far
Iteration 7920: max relative diff=0.000001, 401.21 sec so far
Iteration 8019: max relative diff=0.000001, 406.22 sec so far
Iteration 8118: max relative diff=0.000001, 411.23 sec so far
Iteration 8217: max relative diff=0.000001, 416.25 sec so far
Iteration 8316: max relative diff=0.000001, 421.26 sec so far
Iteration 8415: max relative diff=0.000001, 426.27 sec so far

Iterative method: 8497 iterations in 430.43 seconds (average 0.050656, setup 5.58)

Value in the initial state: 0.9038131871348517

Time for model checking: 436.118 seconds.

Result: 0.9038131871348517 (value in the initial state)

