PRISM
=====

Version: 4.4.dev
Date: Sun Jun 17 15:38:15 IRDT 2018
Hostname: sadegh-H81M-S2PH
Memory limits: cudd=1g, java(heap)=2.1g
Command line: prism dns59.nm dns.pctl -s -bucketvaliter2 -maxiters 90050 -javamaxmem 2400m

Parsing model file "dns59.nm"...

Parsing properties file "dns.pctl"...

1 property:
(1) Pmax=? [ "pp" U "qq" ]

Type:        MDP
Modules:     m1 m2 m3 
Variables:   s1 s2 s3 

---------------------------------------------------------------------

Model checking: Pmax=? [ "pp" U "qq" ]

Building model...

Computing reachable states...

Reachability (BFS): 3 iterations in 0.00 seconds (average 0.000333, setup 0.00)

Time for model construction: 10.405 seconds.

Type:        MDP
States:      8800 (1 initial)
Transitions: 162322494
Choices:     26400

Transition matrix: 10357675 nodes (211449 terminal), 162322494 minterms, vars: 15r/15c/3nd

Prob0A: 2 iterations in 0.00 seconds (average 0.001500, setup 0.00)

Prob1E: 4 iterations in 0.00 seconds (average 0.000750, setup 0.00)

yes = 10, no = 55, maybe = 8735

Computing remaining probabilities...
Engine: Sparse

Building sparse matrix(FOR GS)... [n=8800, nc=26205, nnz=161112563, k=3] [1.8 GB]
Creating vector for yes...[68.8 KB]
Allocating iteration vectors... [2 x 68.8 KB]
TOTAL: [1.8 GB]

Starting iterations...

Iterative method: 2980370 iterations in 619.57 seconds (average 0.000208, setup 15.03)

Value in the initial state: 0.2316312951080243

Time for model checking: 641.488 seconds.

Result: 0.2316312951080243 (value in the initial state)

