PRISM
=====

Version: 4.4.dev
Date: Mon May 21 03:45:52 IRDT 2018
Hostname: sadegh-H81M-S2PH
Memory limits: cudd=1g, java(heap)=2.1g
Command line: prism dns192.nm dns.pctl -s -improvedmodpoliter2 -maxiters 90050 -epsilon 1e-8 -javamaxmem 2400m

Parsing model file "dns192.nm"...

Parsing properties file "dns.pctl"...

1 property:
(1) Pmax=? [ "pp" U "qq" ]

Type:        MDP
Modules:     m1 m2 m3 
Variables:   s1 s2 s3 

---------------------------------------------------------------------

Model checking: Pmax=? [ "pp" U "qq" ]

Building model...

Computing reachable states...

Reachability (BFS): 4 iterations in 0.01 seconds (average 0.001750, setup 0.00)

Time for model construction: 13.048 seconds.

Type:        MDP
States:      11200 (1 initial)
Transitions: 20779457
Choices:     56000

Transition matrix: 18166291 nodes (667768 terminal), 20779457 minterms, vars: 15r/15c/5nd

Prob0A: 3 iterations in 0.01 seconds (average 0.002000, setup 0.00)

Prob1E: 23 iterations in 0.04 seconds (average 0.001609, setup 0.00)

yes = 10, no = 36, maybe = 11154

Computing remaining probabilities...
Engine: Sparse

Building sparse matrix (FOR POLICY ITERASION)... [n=11200, nc=55770, nnz=20692855, k=5] [237.1 MB]
Creating vector for yes...[87.5 KB]
Allocating iteration vectors... [2 x 87.5 KB]
TOTAL: [237.3 MB]

Starting iterations...
Iteration 2121: max relative diff=0.000271, 5.04 sec so far
Iteration 4343: max relative diff=0.000032, 10.21 sec so far
Iteration 6565: max relative diff=0.000015, 15.37 sec so far
Iteration 8787: max relative diff=0.000010, 20.53 sec so far
Iteration 11009: max relative diff=0.000007, 25.65 sec so far
Iteration 13231: max relative diff=0.000005, 30.75 sec so far
Iteration 15453: max relative diff=0.000004, 35.83 sec so far
Iteration 17675: max relative diff=0.000003, 40.95 sec so far
Iteration 19897: max relative diff=0.000003, 46.07 sec so far
Iteration 22018: max relative diff=0.000002, 51.21 sec so far
Iteration 24139: max relative diff=0.000002, 56.30 sec so far
Iteration 26361: max relative diff=0.000001, 61.51 sec so far
Iteration 28482: max relative diff=0.000001, 66.68 sec so far
Iteration 30603: max relative diff=0.000001, 71.84 sec so far
Iteration 32724: max relative diff=0.000001, 77.08 sec so far
Iteration 34744: max relative diff=0.000001, 82.09 sec so far
Iteration 36865: max relative diff=0.000001, 87.30 sec so far
Iteration 38986: max relative diff=0.000000, 92.51 sec so far
Iteration 41107: max relative diff=0.000000, 97.73 sec so far
Iteration 43127: max relative diff=0.000000, 102.97 sec so far
Iteration 45147: max relative diff=0.000000, 108.10 sec so far
Iteration 47167: max relative diff=0.000000, 113.17 sec so far
Iteration 49187: max relative diff=0.000000, 118.41 sec so far
Iteration 51308: max relative diff=0.000000, 123.61 sec so far
Iteration 53429: max relative diff=0.000000, 128.82 sec so far
Iteration 55449: max relative diff=0.000000, 134.06 sec so far
Iteration 57570: max relative diff=0.000000, 139.27 sec so far
Iteration 59691: max relative diff=0.000000, 144.48 sec so far
Iteration 61711: max relative diff=0.000000, 149.72 sec so far
Iteration 63832: max relative diff=0.000000, 154.92 sec so far
Iteration 65953: max relative diff=0.000000, 160.17 sec so far
Iteration 67872: max relative diff=0.000000, 165.19 sec so far
Iteration 69892: max relative diff=0.000000, 170.27 sec so far
Iteration 71811: max relative diff=0.000000, 175.28 sec so far
Iteration 73831: max relative diff=0.000000, 180.30 sec so far
Iteration 75851: max relative diff=0.000000, 185.33 sec so far
Iteration 77770: max relative diff=0.000000, 190.34 sec so far
Iteration 79790: max relative diff=0.000000, 195.41 sec so far
Iteration 81810: max relative diff=0.000000, 200.53 sec so far
Iteration 83830: max relative diff=0.000000, 205.77 sec so far

Iterative method: 85165 iterations in 209.08 seconds (average 0.002455, setup 4.63)


Number of scallar multiplications: 201715M 

Value in the initial state: 0.953796933987656

Time for model checking: 213.785 seconds.

Result: 0.953796933987656 (value in the initial state)

