PRISM
=====

Version: 4.4.dev
Date: Tue Jun 19 17:11:53 IRDT 2018
Hostname: sadegh-H81M-S2PH
Memory limits: cudd=1g, java(heap)=2.1g
Command line: prism dns179.nm dns.pctl -s -backwardvaliter -maxiters 90050 -epsilon 1e-6 -javamaxmem 2400m

Parsing model file "dns179.nm"...

Parsing properties file "dns.pctl"...

1 property:
(1) Pmax=? [ "pp" U "qq" ]

Type:        MDP
Modules:     m1 m2 m3 
Variables:   s1 s2 s3 

---------------------------------------------------------------------

Model checking: Pmax=? [ "pp" U "qq" ]

Building model...

Computing reachable states...

Reachability (BFS): 3 iterations in 0.01 seconds (average 0.001667, setup 0.00)

Time for model construction: 14.635 seconds.

Type:        MDP
States:      9600 (1 initial)
Transitions: 31113658
Choices:     28800

Transition matrix: 15600646 nodes (446160 terminal), 31113658 minterms, vars: 15r/15c/3nd

Prob0A: 3 iterations in 0.01 seconds (average 0.002333, setup 0.00)

Prob1E: 12 iterations in 0.01 seconds (average 0.000750, setup 0.00)

yes = 10, no = 55, maybe = 9535

Computing remaining probabilities...
Engine: Sparse

Building sparse matrix(FOR GS)... [n=9600, nc=28605, nnz=30892173, k=3] [353.7 MB]
Creating vector for yes...[75.0 KB]
Allocating iteration vectors... [2 x 75.0 KB]
TOTAL: [353.9 MB]

Starting iterations...
Iteration 89: max relative diff=0.004930, 5.01 sec so far
Iteration 184: max relative diff=0.001092, 10.01 sec so far
Iteration 280: max relative diff=0.000326, 15.06 sec so far
Iteration 375: max relative diff=0.000107, 20.06 sec so far
Iteration 471: max relative diff=0.000035, 25.11 sec so far
Iteration 566: max relative diff=0.000012, 30.11 sec so far
Iteration 661: max relative diff=0.000004, 35.11 sec so far
Iteration 756: max relative diff=0.000001, 40.11 sec so far

Iterative method: 786 iterations in 41.69 seconds (average 0.053037, setup 7.04)

Value in the initial state: 0.3575845364064581

Time for model checking: 48.918 seconds.

Result: 0.3575845364064581 (value in the initial state)

Warning: CUDD reports 15786953 non-zero references.

