PRISM
=====

Version: 4.4.dev
Date: Mon May 21 02:01:31 IRDT 2018
Hostname: sadegh-H81M-S2PH
Memory limits: cudd=1g, java(heap)=2.1g
Command line: prism dns162.nm dns.pctl -s -improvedmodpoliter -maxiters 90050 -epsilon 1e-8 -javamaxmem 2400m

Parsing model file "dns162.nm"...

Parsing properties file "dns.pctl"...

1 property:
(1) Pmax=? [ "pp" U "qq" ]

Type:        MDP
Modules:     m1 m2 m3 
Variables:   s1 s2 s3 

---------------------------------------------------------------------

Model checking: Pmax=? [ "pp" U "qq" ]

Building model...

Computing reachable states...

Reachability (BFS): 3 iterations in 0.00 seconds (average 0.000667, setup 0.00)

Time for model construction: 8.806 seconds.

Type:        MDP
States:      10000 (1 initial)
Transitions: 30116598
Choices:     30000

Transition matrix: 12742056 nodes (516703 terminal), 30116598 minterms, vars: 15r/15c/3nd

Prob0A: 3 iterations in 0.01 seconds (average 0.002333, setup 0.00)

Prob1E: 9 iterations in 0.02 seconds (average 0.001778, setup 0.00)

yes = 10, no = 15, maybe = 9975

Computing remaining probabilities...
Engine: Sparse

Building sparse matrix (FOR POLICY ITERASION)... [n=10000, nc=29925, nnz=30040873, k=3] [343.9 MB]
Creating vector for yes...[78.1 KB]
Allocating iteration vectors... [2 x 78.1 KB]
TOTAL: [344.2 MB]

Starting iterations...
Iteration 714: max relative diff=0.001805, 5.56 sec so far
Iteration 1428: max relative diff=0.000322, 10.98 sec so far
Iteration 2142: max relative diff=0.000081, 16.38 sec so far
Iteration 2856: max relative diff=0.000046, 21.77 sec so far
Iteration 3570: max relative diff=0.000028, 27.16 sec so far
Iteration 4284: max relative diff=0.000016, 32.55 sec so far
Iteration 4998: max relative diff=0.000011, 37.94 sec so far
Iteration 5712: max relative diff=0.000009, 43.35 sec so far
Iteration 6426: max relative diff=0.000007, 48.74 sec so far
Iteration 7140: max relative diff=0.000009, 54.13 sec so far
Iteration 7854: max relative diff=0.000003, 59.52 sec so far
Iteration 8568: max relative diff=0.000002, 64.92 sec so far
Iteration 9282: max relative diff=0.000002, 70.31 sec so far
Iteration 9996: max relative diff=0.000001, 75.71 sec so far
Iteration 10710: max relative diff=0.000001, 81.10 sec so far
Iteration 11424: max relative diff=0.000001, 86.79 sec so far
Iteration 12138: max relative diff=0.000001, 92.38 sec so far
Iteration 12852: max relative diff=0.000000, 97.88 sec so far
Iteration 13566: max relative diff=0.000000, 103.56 sec so far
Iteration 14280: max relative diff=0.000000, 108.96 sec so far
Iteration 14994: max relative diff=0.000000, 114.36 sec so far
Iteration 15708: max relative diff=0.000000, 119.75 sec so far
Iteration 16422: max relative diff=0.000000, 125.42 sec so far
Iteration 17136: max relative diff=0.000000, 130.92 sec so far
Iteration 17850: max relative diff=0.000000, 136.53 sec so far
Iteration 18564: max relative diff=0.000000, 141.92 sec so far
Iteration 19278: max relative diff=0.000000, 147.32 sec so far
Iteration 19992: max relative diff=0.000000, 152.73 sec so far
Iteration 20706: max relative diff=0.000000, 158.42 sec so far
Iteration 21420: max relative diff=0.000000, 163.97 sec so far
Iteration 22134: max relative diff=0.000000, 169.50 sec so far
Iteration 22848: max relative diff=0.000000, 175.18 sec so far
Iteration 23562: max relative diff=0.000000, 180.58 sec so far
Iteration 24276: max relative diff=0.000000, 185.99 sec so far
Iteration 24990: max relative diff=0.000000, 191.68 sec so far

Iterative method: 25092 iterations in 192.46 seconds (average 0.007670, setup 3.95)

Value in the initial state: 0.9061504286741692

Time for model checking: 196.527 seconds.

Result: 0.9061504286741692 (value in the initial state)

