PRISM
=====

Version: 4.4.dev
Date: Tue Jun 19 17:46:27 IRDT 2018
Hostname: sadegh-H81M-S2PH
Memory limits: cudd=1g, java(heap)=2.1g
Command line: prism dns184.nm dns.pctl -s -backwardvaliter -maxiters 90050 -epsilon 1e-6 -javamaxmem 2400m

Parsing model file "dns184.nm"...

Parsing properties file "dns.pctl"...

1 property:
(1) Pmax=? [ "pp" U "qq" ]

Type:        MDP
Modules:     m1 m2 m3 
Variables:   s1 s2 s3 

---------------------------------------------------------------------

Model checking: Pmax=? [ "pp" U "qq" ]

Building model...

Computing reachable states...

Reachability (BFS): 3 iterations in 0.00 seconds (average 0.001333, setup 0.00)

Time for model construction: 10.404 seconds.

Type:        MDP
States:      8400 (1 initial)
Transitions: 13771702
Choices:     25200

Transition matrix: 9684397 nodes (632039 terminal), 13771702 minterms, vars: 15r/15c/3nd

Prob0A: 3 iterations in 0.01 seconds (average 0.003667, setup 0.00)

Prob1E: 4 iterations in 0.01 seconds (average 0.001500, setup 0.00)

yes = 10, no = 28, maybe = 8362

Computing remaining probabilities...
Engine: Sparse

Building sparse matrix(FOR GS)... [n=8400, nc=25086, nnz=13714766, k=3] [157.1 MB]
Creating vector for yes...[65.6 KB]
Allocating iteration vectors... [2 x 65.6 KB]
TOTAL: [157.3 MB]

Starting iterations...
Iteration 209: max relative diff=0.000881, 5.02 sec so far
Iteration 421: max relative diff=0.000191, 10.04 sec so far
Iteration 633: max relative diff=0.000065, 15.07 sec so far
Iteration 844: max relative diff=0.000026, 20.07 sec so far
Iteration 1056: max relative diff=0.000011, 25.09 sec so far
Iteration 1268: max relative diff=0.000005, 30.12 sec so far
Iteration 1479: max relative diff=0.000002, 35.12 sec so far

Iterative method: 1664 iterations in 39.50 seconds (average 0.023737, setup 3.63)

Value in the initial state: 0.7160226794889963

Time for model checking: 43.195 seconds.

Result: 0.7160226794889963 (value in the initial state)

Warning: CUDD reports 9692255 non-zero references.

