PRISM
=====

Version: 4.4.dev
Date: Sun May 20 12:40:12 IRDT 2018
Hostname: sadegh-H81M-S2PH
Memory limits: cudd=1g, java(heap)=2.1g
Command line: prism dns29.nm dns.pctl -s -improvedmodpoliter2 -maxiters 90050 -epsilon 1e-8 -javamaxmem 2400m

Parsing model file "dns29.nm"...

Parsing properties file "dns.pctl"...

1 property:
(1) Pmax=? [ "pp" U "qq" ]

Type:        MDP
Modules:     m1 m2 m3 
Variables:   s1 s2 s3 

---------------------------------------------------------------------

Model checking: Pmax=? [ "pp" U "qq" ]

Building model...

Computing reachable states...

Reachability (BFS): 2 iterations in 0.00 seconds (average 0.000500, setup 0.00)

Time for model construction: 13.071 seconds.

Type:        MDP
States:      8800 (1 initial)
Transitions: 256892362
Choices:     35200

Transition matrix: 17269331 nodes (484773 terminal), 256892362 minterms, vars: 15r/15c/4nd

Prob0A: 2 iterations in 0.00 seconds (average 0.002000, setup 0.00)

Prob1E: 4 iterations in 0.00 seconds (average 0.000500, setup 0.00)

yes = 10, no = 120, maybe = 8670

Computing remaining probabilities...
Engine: Sparse

Building sparse matrix (FOR POLICY ITERASION)... [n=8800, nc=34680, nnz=253141775, k=4] [2.8 GB]
Creating vector for yes...[68.8 KB]
Allocating iteration vectors... [2 x 68.8 KB]
TOTAL: [2.8 GB]

Starting iterations...
Iteration 303: max relative diff=0.003411, 7.24 sec so far
Iteration 606: max relative diff=0.000020, 14.49 sec so far
Iteration 808: max relative diff=0.000001, 19.57 sec so far
Iteration 1010: max relative diff=0.000000, 24.91 sec so far

Iterative method: 1052 iterations in 26.31 seconds (average 0.025009, setup 16.17)


Number of scallar multiplications: 26307M 

Value in the initial state: 0.13726721768708014

Time for model checking: 43.855 seconds.

Result: 0.13726721768708014 (value in the initial state)

