PRISM
=====

Version: 4.4.dev
Date: Sun Jun 17 17:49:07 IRDT 2018
Hostname: sadegh-H81M-S2PH
Memory limits: cudd=1g, java(heap)=2.1g
Command line: prism dns66.nm dns.pctl -s -backwardvaliter -maxiters 90050 -epsilon 1e-6 -javamaxmem 2400m

Parsing model file "dns66.nm"...

Parsing properties file "dns.pctl"...

1 property:
(1) Pmax=? [ "pp" U "qq" ]

Type:        MDP
Modules:     m1 m2 m3 
Variables:   s1 s2 s3 

---------------------------------------------------------------------

Model checking: Pmax=? [ "pp" U "qq" ]

Building model...

Computing reachable states...

Reachability (BFS): 3 iterations in 0.00 seconds (average 0.000333, setup 0.00)

Time for model construction: 6.243 seconds.

Type:        MDP
States:      6400 (1 initial)
Transitions: 74622744
Choices:     19200

Transition matrix: 6628159 nodes (410768 terminal), 74622744 minterms, vars: 14r/14c/3nd

Prob0A: 2 iterations in 0.00 seconds (average 0.001000, setup 0.00)

Prob1E: 4 iterations in 0.00 seconds (average 0.000500, setup 0.00)

yes = 10, no = 28, maybe = 6362

Computing remaining probabilities...
Engine: Sparse

Building sparse matrix(FOR GS)... [n=6400, nc=19086, nnz=74182185, k=3] [849.0 MB]
Creating vector for yes...[50.0 KB]
Allocating iteration vectors... [2 x 50.0 KB]
TOTAL: [849.2 MB]

Starting iterations...
Iteration 34: max relative diff=0.021029, 5.10 sec so far
Iteration 75: max relative diff=0.005908, 10.18 sec so far
Iteration 116: max relative diff=0.002455, 15.26 sec so far
Iteration 157: max relative diff=0.001170, 20.33 sec so far
Iteration 198: max relative diff=0.000594, 25.40 sec so far
Iteration 239: max relative diff=0.000311, 30.48 sec so far
Iteration 280: max relative diff=0.000166, 35.56 sec so far
Iteration 321: max relative diff=0.000089, 40.64 sec so far
Iteration 362: max relative diff=0.000048, 45.71 sec so far
Iteration 403: max relative diff=0.000026, 50.78 sec so far
Iteration 444: max relative diff=0.000014, 55.86 sec so far
Iteration 485: max relative diff=0.000008, 60.93 sec so far
Iteration 526: max relative diff=0.000004, 66.00 sec so far
Iteration 567: max relative diff=0.000002, 71.08 sec so far
Iteration 608: max relative diff=0.000001, 76.16 sec so far

Iterative method: 622 iterations in 77.89 seconds (average 0.125227, setup 7.02)

Value in the initial state: 0.40271334967717826

Time for model checking: 85.277 seconds.

Result: 0.40271334967717826 (value in the initial state)

Warning: CUDD reports 7009400 non-zero references.

