PRISM
=====

Version: 4.4.dev
Date: Sun May 20 12:26:17 IRDT 2018
Hostname: sadegh-H81M-S2PH
Memory limits: cudd=1g, java(heap)=2.1g
Command line: prism dns27.nm dns.pctl -s -explicitmodpoliter -maxiters 90050 -epsilon 1e-8 -javamaxmem 2400m

Parsing model file "dns27.nm"...

Parsing properties file "dns.pctl"...

1 property:
(1) Pmax=? [ "pp" U "qq" ]

Type:        MDP
Modules:     m1 m2 m3 
Variables:   s1 s2 s3 

---------------------------------------------------------------------

Model checking: Pmax=? [ "pp" U "qq" ]

Building model...

Computing reachable states...

Reachability (BFS): 3 iterations in 0.00 seconds (average 0.000333, setup 0.00)

Time for model construction: 7.994 seconds.

Type:        MDP
States:      8000 (1 initial)
Transitions: 155635424
Choices:     24000

Transition matrix: 11013372 nodes (469585 terminal), 155635424 minterms, vars: 15r/15c/3nd

Prob0A: 2 iterations in 0.00 seconds (average 0.001500, setup 0.00)

Prob1E: 4 iterations in 0.00 seconds (average 0.000500, setup 0.00)

yes = 10, no = 78, maybe = 7912

Computing remaining probabilities...
Engine: Sparse

Building sparse matrix (FOR POLICY ITERASION)... [n=8000, nc=23736, nnz=153929219, k=3] [1.7 GB]
Creating vector for yes...[62.5 KB]
Allocating iteration vectors... [2 x 62.5 KB]
TOTAL: [1.7 GB]

Starting iterations...
Iteration 202: max relative diff=0.022920, 9.76 sec so far
Iteration 404: max relative diff=0.000396, 19.45 sec so far
Iteration 606: max relative diff=0.000001, 29.16 sec so far
Iteration 781: max relative diff=0.000000, 37.65 sec so far

Iterative method: 781 iterations in 37.65 seconds (average 0.048205, setup 9.06)

Value in the initial state: 0.1895399973374688

Time for model checking: 47.306 seconds.

Result: 0.1895399973374688 (value in the initial state)

