PRISM
=====

Version: 4.4.dev
Date: Mon May 21 02:39:31 IRDT 2018
Hostname: sadegh-H81M-S2PH
Memory limits: cudd=1g, java(heap)=2.1g
Command line: prism dns166.nm dns.pctl -s -improvedmodpoliter -maxiters 90050 -epsilon 1e-8 -javamaxmem 2400m

Parsing model file "dns166.nm"...

Parsing properties file "dns.pctl"...

1 property:
(1) Pmax=? [ "pp" U "qq" ]

Type:        MDP
Modules:     m1 m2 m3 
Variables:   s1 s2 s3 

---------------------------------------------------------------------

Model checking: Pmax=? [ "pp" U "qq" ]

Building model...

Computing reachable states...

Reachability (BFS): 3 iterations in 0.00 seconds (average 0.000333, setup 0.00)

Time for model construction: 2.335 seconds.

Type:        MDP
States:      6400 (1 initial)
Transitions: 8498967
Choices:     12800

Transition matrix: 4081508 nodes (524148 terminal), 8498967 minterms, vars: 14r/14c/2nd

Prob0A: 3 iterations in 0.01 seconds (average 0.003000, setup 0.00)

Prob1E: 4 iterations in 0.00 seconds (average 0.000750, setup 0.00)

yes = 10, no = 45, maybe = 6345

Computing remaining probabilities...
Engine: Sparse

Building sparse matrix (FOR POLICY ITERASION)... [n=6400, nc=12690, nnz=8430108, k=2] [96.5 MB]
Creating vector for yes...[50.0 KB]
Allocating iteration vectors... [2 x 50.0 KB]
TOTAL: [96.7 MB]

Starting iterations...

Iterative method: 1258 iterations in 4.23 seconds (average 0.003361, setup 1.11)

Value in the initial state: 0.4414703904592391

Time for model checking: 5.398 seconds.

Result: 0.4414703904592391 (value in the initial state)

