PRISM
=====

Version: 4.4.dev
Date: Sun May 20 11:51:02 IRDT 2018
Hostname: sadegh-H81M-S2PH
Memory limits: cudd=1g, java(heap)=2.1g
Command line: prism dns19.nm dns.pctl -s -improvedmodpoliter -maxiters 90050 -epsilon 1e-8 -javamaxmem 2400m

Parsing model file "dns19.nm"...

Parsing properties file "dns.pctl"...

1 property:
(1) Pmax=? [ "pp" U "qq" ]

Type:        MDP
Modules:     m1 m2 m3 
Variables:   s1 s2 s3 

---------------------------------------------------------------------

Model checking: Pmax=? [ "pp" U "qq" ]

Building model...

Computing reachable states...

Reachability (BFS): 2 iterations in 0.00 seconds (average 0.000500, setup 0.00)

Time for model construction: 11.593 seconds.

Type:        MDP
States:      7200 (1 initial)
Transitions: 300659328
Choices:     43200

Transition matrix: 14801318 nodes (618516 terminal), 300659328 minterms, vars: 15r/15c/6nd

Prob0A: 2 iterations in 0.00 seconds (average 0.001500, setup 0.00)

Prob1E: 4 iterations in 0.00 seconds (average 0.000250, setup 0.00)

yes = 10, no = 21, maybe = 7169

Computing remaining probabilities...
Engine: Sparse

Building sparse matrix (FOR POLICY ITERASION)... [n=7200, nc=43014, nnz=299385736, k=6] [3.3 GB]
Creating vector for yes...[56.2 KB]
Allocating iteration vectors... [2 x 56.2 KB]
TOTAL: [3.3 GB]

Starting iterations...
Iteration 204: max relative diff=0.023638, 9.62 sec so far
Iteration 408: max relative diff=0.002370, 19.08 sec so far
Iteration 612: max relative diff=0.000345, 28.50 sec so far
Iteration 816: max relative diff=0.000094, 37.94 sec so far
Iteration 1020: max relative diff=0.000006, 47.76 sec so far
Iteration 1224: max relative diff=0.000001, 57.57 sec so far
Iteration 1428: max relative diff=0.000000, 67.00 sec so far
Iteration 1632: max relative diff=0.000000, 76.68 sec so far
Iteration 1836: max relative diff=0.000000, 86.14 sec so far

Iterative method: 1836 iterations in 86.14 seconds (average 0.046916, setup 15.46)

Value in the initial state: 0.5477336209205039

Time for model checking: 102.773 seconds.

Result: 0.5477336209205039 (value in the initial state)

