PRISM
=====

Version: 4.4.dev
Date: Tue Jun 19 19:11:09 IRDT 2018
Hostname: sadegh-H81M-S2PH
Memory limits: cudd=1g, java(heap)=2.1g
Command line: prism dns197.nm dns.pctl -s -backwardvaliter -maxiters 90050 -epsilon 1e-6 -javamaxmem 2400m

Parsing model file "dns197.nm"...

Parsing properties file "dns.pctl"...

1 property:
(1) Pmax=? [ "pp" U "qq" ]

Type:        MDP
Modules:     m1 m2 m3 
Variables:   s1 s2 s3 

---------------------------------------------------------------------

Model checking: Pmax=? [ "pp" U "qq" ]

Building model...

Computing reachable states...

Reachability (BFS): 4 iterations in 0.01 seconds (average 0.002000, setup 0.00)

Time for model construction: 11.869 seconds.

Type:        MDP
States:      12000 (1 initial)
Transitions: 14514574
Choices:     60000

Transition matrix: 13544753 nodes (564808 terminal), 14514574 minterms, vars: 15r/15c/5nd

Prob0A: 3 iterations in 0.01 seconds (average 0.004667, setup 0.00)

Prob1E: 4 iterations in 0.00 seconds (average 0.001000, setup 0.00)

yes = 10, no = 105, maybe = 11885

Computing remaining probabilities...
Engine: Sparse

Building sparse matrix(FOR GS)... [n=12000, nc=59425, nnz=14378584, k=5] [164.8 MB]
Creating vector for yes...[93.8 KB]
Allocating iteration vectors... [2 x 93.8 KB]
TOTAL: [165.1 MB]

Starting iterations...
Iteration 191: max relative diff=0.001583, 5.02 sec so far
Iteration 385: max relative diff=0.000441, 10.04 sec so far
Iteration 579: max relative diff=0.000195, 15.04 sec so far
Iteration 773: max relative diff=0.000104, 20.05 sec so far
Iteration 967: max relative diff=0.000060, 25.05 sec so far
Iteration 1161: max relative diff=0.000037, 30.05 sec so far
Iteration 1355: max relative diff=0.000023, 35.06 sec so far
Iteration 1549: max relative diff=0.000014, 40.06 sec so far
Iteration 1743: max relative diff=0.000009, 45.07 sec so far
Iteration 1937: max relative diff=0.000006, 50.07 sec so far
Iteration 2131: max relative diff=0.000004, 55.07 sec so far
Iteration 2326: max relative diff=0.000003, 60.09 sec so far
Iteration 2520: max relative diff=0.000002, 65.09 sec so far
Iteration 2714: max relative diff=0.000001, 70.09 sec so far

Iterative method: 2806 iterations in 72.47 seconds (average 0.025826, setup 4.58)

Value in the initial state: 0.7173132860404202

Time for model checking: 77.142 seconds.

Result: 0.7173132860404202 (value in the initial state)

Warning: CUDD reports 13519464 non-zero references.

