PRISM
=====

Version: 4.4.dev
Date: Mon May 21 00:56:05 IRDT 2018
Hostname: sadegh-H81M-S2PH
Memory limits: cudd=1g, java(heap)=2.1g
Command line: prism dns144.nm dns.pctl -s -improvedmodpoliter -maxiters 90050 -epsilon 1e-8 -javamaxmem 2400m

Parsing model file "dns144.nm"...

Parsing properties file "dns.pctl"...

1 property:
(1) Pmax=? [ "pp" U "qq" ]

Type:        MDP
Modules:     m1 m2 m3 
Variables:   s1 s2 s3 

---------------------------------------------------------------------

Model checking: Pmax=? [ "pp" U "qq" ]

Building model...

Computing reachable states...

Reachability (BFS): 3 iterations in 0.00 seconds (average 0.000333, setup 0.00)

Time for model construction: 7.379 seconds.

Type:        MDP
States:      9600 (1 initial)
Transitions: 36358638
Choices:     19200

Transition matrix: 10280260 nodes (434813 terminal), 36358638 minterms, vars: 15r/15c/2nd

Prob0A: 3 iterations in 0.00 seconds (average 0.001000, setup 0.00)

Prob1E: 9 iterations in 0.00 seconds (average 0.000444, setup 0.00)

yes = 10, no = 15, maybe = 9575

Computing remaining probabilities...
Engine: Sparse

Building sparse matrix (FOR POLICY ITERASION)... [n=9600, nc=19150, nnz=36267072, k=2] [415.2 MB]
Creating vector for yes...[75.0 KB]
Allocating iteration vectors... [2 x 75.0 KB]
TOTAL: [415.4 MB]

Starting iterations...
Iteration 408: max relative diff=0.005051, 6.07 sec so far
Iteration 816: max relative diff=0.000358, 12.09 sec so far
Iteration 1224: max relative diff=0.000149, 18.09 sec so far
Iteration 1632: max relative diff=0.000006, 24.09 sec so far
Iteration 2040: max relative diff=0.000001, 30.08 sec so far
Iteration 2448: max relative diff=0.000000, 36.08 sec so far
Iteration 2856: max relative diff=0.000000, 42.07 sec so far
Iteration 3264: max relative diff=0.000000, 48.07 sec so far

Iterative method: 3264 iterations in 48.07 seconds (average 0.014726, setup 3.44)

Value in the initial state: 0.6377842212363308

Time for model checking: 51.718 seconds.

Result: 0.6377842212363308 (value in the initial state)

