PRISM
=====

Version: 4.4.dev
Date: Sun Jun 17 00:29:53 IRDT 2018
Hostname: sadegh-H81M-S2PH
Memory limits: cudd=1g, java(heap)=2.1g
Command line: prism dns36.nm dns.pctl -s -gs -maxiters 90050 -epsilon 1e-6 -javamaxmem 2400m

Parsing model file "dns36.nm"...

Parsing properties file "dns.pctl"...

1 property:
(1) Pmax=? [ "pp" U "qq" ]

Type:        MDP
Modules:     m1 m2 m3 
Variables:   s1 s2 s3 

---------------------------------------------------------------------

Model checking: Pmax=? [ "pp" U "qq" ]

Building model...

Computing reachable states...

Reachability (BFS): 3 iterations in 0.00 seconds (average 0.000333, setup 0.00)

Time for model construction: 6.612 seconds.

Type:        MDP
States:      6800 (1 initial)
Transitions: 74694256
Choices:     13600

Transition matrix: 6227781 nodes (438261 terminal), 74694256 minterms, vars: 15r/15c/2nd

Prob0A: 2 iterations in 0.00 seconds (average 0.000500, setup 0.00)

Prob1E: 4 iterations in 0.00 seconds (average 0.000000, setup 0.00)

yes = 10, no = 21, maybe = 6769

Computing remaining probabilities...
Engine: Sparse

Building sparse matrix(FOR GS)... [n=6800, nc=13538, nnz=74345955, k=2] [850.9 MB]
Creating vector for yes...[53.1 KB]
Allocating iteration vectors... [2 x 53.1 KB]
TOTAL: [851.1 MB]

Starting iterations...
Iteration 41: max relative diff=0.019859, 5.06 sec so far
Iteration 82: max relative diff=0.007698, 10.12 sec so far
Iteration 123: max relative diff=0.004085, 15.18 sec so far
Iteration 164: max relative diff=0.002461, 20.24 sec so far
Iteration 205: max relative diff=0.001589, 25.29 sec so far
Iteration 246: max relative diff=0.001073, 30.35 sec so far
Iteration 287: max relative diff=0.000746, 35.40 sec so far
Iteration 328: max relative diff=0.000529, 40.46 sec so far
Iteration 369: max relative diff=0.000381, 45.52 sec so far
Iteration 410: max relative diff=0.000277, 50.58 sec so far
Iteration 451: max relative diff=0.000203, 55.63 sec so far
Iteration 492: max relative diff=0.000149, 60.69 sec so far
Iteration 533: max relative diff=0.000110, 65.75 sec so far
Iteration 574: max relative diff=0.000082, 70.81 sec so far
Iteration 615: max relative diff=0.000061, 75.86 sec so far
Iteration 656: max relative diff=0.000045, 80.92 sec so far
Iteration 697: max relative diff=0.000034, 85.98 sec so far
Iteration 738: max relative diff=0.000025, 91.04 sec so far
Iteration 779: max relative diff=0.000019, 96.10 sec so far
Iteration 820: max relative diff=0.000014, 101.16 sec so far
Iteration 861: max relative diff=0.000010, 106.22 sec so far
Iteration 902: max relative diff=0.000008, 111.28 sec so far
Iteration 943: max relative diff=0.000006, 116.34 sec so far
Iteration 984: max relative diff=0.000004, 121.39 sec so far
Iteration 1025: max relative diff=0.000003, 126.45 sec so far
Iteration 1066: max relative diff=0.000002, 131.51 sec so far
Iteration 1107: max relative diff=0.000002, 136.56 sec so far
Iteration 1148: max relative diff=0.000001, 141.62 sec so far
Iteration 1189: max relative diff=0.000001, 146.68 sec so far

Iterative method: 1192 iterations in 147.05 seconds (average 0.123361, setup 7.12)

Value in the initial state: 0.382340809375468

Time for model checking: 154.513 seconds.

Result: 0.382340809375468 (value in the initial state)

