PRISM
=====

Version: 4.4.dev
Date: Sun May 20 18:27:38 IRDT 2018
Hostname: sadegh-H81M-S2PH
Memory limits: cudd=1g, java(heap)=2.1g
Command line: prism dns75.nm dns.pctl -s -improvedmodpoliter2 -maxiters 90050 -epsilon 1e-8 -javamaxmem 2400m

Parsing model file "dns75.nm"...

Parsing properties file "dns.pctl"...

1 property:
(1) Pmax=? [ "pp" U "qq" ]

Type:        MDP
Modules:     m1 m2 m3 
Variables:   s1 s2 s3 

---------------------------------------------------------------------

Model checking: Pmax=? [ "pp" U "qq" ]

Building model...

Computing reachable states...

Reachability (BFS): 3 iterations in 0.00 seconds (average 0.000667, setup 0.00)

Time for model construction: 9.66 seconds.

Type:        MDP
States:      8000 (1 initial)
Transitions: 151868040
Choices:     32000

Transition matrix: 12211168 nodes (258984 terminal), 151868040 minterms, vars: 15r/15c/4nd

Prob0A: 2 iterations in 0.01 seconds (average 0.002500, setup 0.00)

Prob1E: 4 iterations in 0.01 seconds (average 0.001750, setup 0.00)

yes = 10, no = 55, maybe = 7935

Computing remaining probabilities...
Engine: Sparse

Building sparse matrix (FOR POLICY ITERASION)... [n=8000, nc=31740, nnz=150669683, k=4] [1.7 GB]
Creating vector for yes...[62.5 KB]
Allocating iteration vectors... [2 x 62.5 KB]
TOTAL: [1.7 GB]

Starting iterations...
Iteration 303: max relative diff=0.004324, 6.25 sec so far
Iteration 606: max relative diff=0.000068, 12.53 sec so far
Iteration 909: max relative diff=0.000001, 18.79 sec so far
Iteration 1212: max relative diff=0.000000, 25.00 sec so far

Iterative method: 1313 iterations in 27.07 seconds (average 0.020616, setup 10.14)


Number of scallar multiplications: 27871M 

Value in the initial state: 0.27615021008027135

Time for model checking: 38.192 seconds.

Result: 0.27615021008027135 (value in the initial state)

