PRISM
=====

Version: 4.4.dev
Date: Mon Jun 18 10:53:29 IRDT 2018
Hostname: sadegh-H81M-S2PH
Memory limits: cudd=1g, java(heap)=2.1g
Command line: prism dns127.nm dns.pctl -s -gs -maxiters 90050 -epsilon 1e-6 -javamaxmem 2400m

Parsing model file "dns127.nm"...

Parsing properties file "dns.pctl"...

1 property:
(1) Pmax=? [ "pp" U "qq" ]

Type:        MDP
Modules:     m1 m2 m3 
Variables:   s1 s2 s3 

---------------------------------------------------------------------

Model checking: Pmax=? [ "pp" U "qq" ]

Building model...

Computing reachable states...

Reachability (BFS): 3 iterations in 0.00 seconds (average 0.001333, setup 0.00)

Time for model construction: 13.685 seconds.

Type:        MDP
States:      8400 (1 initial)
Transitions: 63764592
Choices:     25200

Transition matrix: 13437279 nodes (570813 terminal), 63764592 minterms, vars: 15r/15c/3nd

Prob0A: 2 iterations in 0.00 seconds (average 0.002000, setup 0.00)

Prob1E: 4 iterations in 0.00 seconds (average 0.000500, setup 0.00)

yes = 10, no = 36, maybe = 8354

Computing remaining probabilities...
Engine: Sparse

Building sparse matrix(FOR GS)... [n=8400, nc=25062, nnz=63407314, k=3] [725.8 MB]
Creating vector for yes...[65.6 KB]
Allocating iteration vectors... [2 x 65.6 KB]
TOTAL: [726.0 MB]

Starting iterations...
Iteration 48: max relative diff=0.013413, 5.10 sec so far
Iteration 96: max relative diff=0.004241, 10.20 sec so far
Iteration 144: max relative diff=0.001867, 15.30 sec so far
Iteration 192: max relative diff=0.000937, 20.41 sec so far
Iteration 240: max relative diff=0.000500, 25.50 sec so far
Iteration 288: max relative diff=0.000277, 30.60 sec so far
Iteration 336: max relative diff=0.000156, 35.70 sec so far
Iteration 384: max relative diff=0.000089, 40.79 sec so far
Iteration 432: max relative diff=0.000051, 45.89 sec so far
Iteration 480: max relative diff=0.000029, 50.99 sec so far
Iteration 528: max relative diff=0.000017, 56.09 sec so far
Iteration 576: max relative diff=0.000010, 61.19 sec so far
Iteration 624: max relative diff=0.000006, 66.29 sec so far
Iteration 672: max relative diff=0.000003, 71.39 sec so far
Iteration 720: max relative diff=0.000002, 76.49 sec so far
Iteration 768: max relative diff=0.000001, 81.59 sec so far

Iterative method: 775 iterations in 82.33 seconds (average 0.106237, setup 9.41)

Value in the initial state: 0.44198476722660607

Time for model checking: 92.008 seconds.

Result: 0.44198476722660607 (value in the initial state)

