PRISM
=====

Version: 4.4.dev
Date: Mon May 21 02:42:03 IRDT 2018
Hostname: sadegh-H81M-S2PH
Memory limits: cudd=1g, java(heap)=2.1g
Command line: prism dns167.nm dns.pctl -s -improvedmodpoliter2 -maxiters 90050 -epsilon 1e-8 -javamaxmem 2400m

Parsing model file "dns167.nm"...

Parsing properties file "dns.pctl"...

1 property:
(1) Pmax=? [ "pp" U "qq" ]

Type:        MDP
Modules:     m1 m2 m3 
Variables:   s1 s2 s3 

---------------------------------------------------------------------

Model checking: Pmax=? [ "pp" U "qq" ]

Building model...

Computing reachable states...

Reachability (BFS): 3 iterations in 0.01 seconds (average 0.002000, setup 0.00)

Time for model construction: 18.071 seconds.

Type:        MDP
States:      10000 (1 initial)
Transitions: 42862648
Choices:     40000

Transition matrix: 21350783 nodes (574755 terminal), 42862648 minterms, vars: 15r/15c/4nd

Prob0A: 3 iterations in 0.00 seconds (average 0.001333, setup 0.00)

Prob1E: 9 iterations in 0.01 seconds (average 0.000889, setup 0.00)

yes = 10, no = 28, maybe = 9962

Computing remaining probabilities...
Engine: Sparse

Building sparse matrix (FOR POLICY ITERASION)... [n=10000, nc=39848, nnz=42703468, k=4] [488.9 MB]
Creating vector for yes...[78.1 KB]
Allocating iteration vectors... [2 x 78.1 KB]
TOTAL: [489.1 MB]

Starting iterations...
Iteration 1010: max relative diff=0.000561, 5.04 sec so far
Iteration 2121: max relative diff=0.000047, 10.39 sec so far
Iteration 3232: max relative diff=0.000005, 15.59 sec so far
Iteration 4242: max relative diff=0.000001, 20.68 sec so far
Iteration 5252: max relative diff=0.000000, 25.78 sec so far

Iterative method: 6154 iterations in 30.34 seconds (average 0.004930, setup 7.06)


Number of scallar multiplications: 29901M 

Value in the initial state: 0.6833389455696004

Time for model checking: 37.582 seconds.

Result: 0.6833389455696004 (value in the initial state)

