PRISM
=====

Version: 4.4.dev
Date: Sun May 20 18:22:33 IRDT 2018
Hostname: sadegh-H81M-S2PH
Memory limits: cudd=1g, java(heap)=2.1g
Command line: prism dns74.nm dns.pctl -s -improvedmodpoliter2 -maxiters 90050 -epsilon 1e-8 -javamaxmem 2400m

Parsing model file "dns74.nm"...

Parsing properties file "dns.pctl"...

1 property:
(1) Pmax=? [ "pp" U "qq" ]

Type:        MDP
Modules:     m1 m2 m3 
Variables:   s1 s2 s3 

---------------------------------------------------------------------

Model checking: Pmax=? [ "pp" U "qq" ]

Building model...

Computing reachable states...

Reachability (BFS): 3 iterations in 0.00 seconds (average 0.000667, setup 0.00)

Time for model construction: 6.343 seconds.

Type:        MDP
States:      9600 (1 initial)
Transitions: 107172906
Choices:     19200

Transition matrix: 8141336 nodes (187386 terminal), 107172906 minterms, vars: 15r/15c/2nd

Prob0A: 2 iterations in 0.00 seconds (average 0.001500, setup 0.00)

Prob1E: 4 iterations in 0.01 seconds (average 0.002500, setup 0.00)

yes = 10, no = 28, maybe = 9562

Computing remaining probabilities...
Engine: Sparse

Building sparse matrix (FOR POLICY ITERASION)... [n=9600, nc=19124, nnz=106759556, k=2] [1.2 GB]
Creating vector for yes...[75.0 KB]
Allocating iteration vectors... [2 x 75.0 KB]
TOTAL: [1.2 GB]

Starting iterations...
Iteration 202: max relative diff=0.009168, 5.72 sec so far
Iteration 404: max relative diff=0.001698, 11.68 sec so far
Iteration 606: max relative diff=0.000575, 17.64 sec so far
Iteration 808: max relative diff=0.000155, 23.59 sec so far
Iteration 1010: max relative diff=0.000052, 29.56 sec so far
Iteration 1212: max relative diff=0.000008, 35.77 sec so far
Iteration 1414: max relative diff=0.000003, 41.98 sec so far
Iteration 1616: max relative diff=0.000001, 48.10 sec so far
Iteration 1818: max relative diff=0.000000, 54.17 sec so far
Iteration 2020: max relative diff=0.000000, 60.33 sec so far
Iteration 2222: max relative diff=0.000000, 66.57 sec so far
Iteration 2424: max relative diff=0.000000, 72.76 sec so far

Iterative method: 2424 iterations in 72.76 seconds (average 0.030016, setup 6.99)


Number of scallar multiplications: 73329M 

Value in the initial state: 0.329498644360351

Time for model checking: 81.418 seconds.

Result: 0.329498644360351 (value in the initial state)

