PRISM
=====

Version: 4.4.dev
Date: Sun May 20 19:55:21 IRDT 2018
Hostname: sadegh-H81M-S2PH
Memory limits: cudd=1g, java(heap)=2.1g
Command line: prism dns86.nm dns.pctl -s -modpoliter -maxiters 90050 -epsilon 1e-8 -javamaxmem 2400m

Parsing model file "dns86.nm"...

Parsing properties file "dns.pctl"...

1 property:
(1) Pmax=? [ "pp" U "qq" ]

Type:        MDP
Modules:     m1 m2 m3 
Variables:   s1 s2 s3 

---------------------------------------------------------------------

Model checking: Pmax=? [ "pp" U "qq" ]

Building model...

Computing reachable states...

Reachability (BFS): 3 iterations in 0.01 seconds (average 0.001667, setup 0.00)

Time for model construction: 19.612 seconds.

Type:        MDP
States:      7600 (1 initial)
Transitions: 168041377
Choices:     45600

Transition matrix: 20679060 nodes (603921 terminal), 168041377 minterms, vars: 15r/15c/6nd

Prob0A: 2 iterations in 0.00 seconds (average 0.002000, setup 0.00)

Prob1E: 4 iterations in 0.00 seconds (average 0.000500, setup 0.00)

yes = 10, no = 55, maybe = 7535

Computing remaining probabilities...
Engine: Sparse

Building sparse matrix (FOR POLICY ITERASION)... [n=7600, nc=45210, nnz=166642416, k=6] [1.9 GB]
Creating vector for yes...[59.4 KB]
Allocating iteration vectors... [2 x 59.4 KB]
TOTAL: [1.9 GB]

Starting iterations...
Iteration 202: max relative diff=0.019215, 6.08 sec so far
Iteration 404: max relative diff=0.000828, 12.32 sec so far
Iteration 606: max relative diff=0.000024, 18.50 sec so far
Iteration 808: max relative diff=0.000000, 24.69 sec so far
Iteration 1006: max relative diff=0.000000, 30.75 sec so far

Iterative method: 1006 iterations in 30.75 seconds (average 0.030568, setup 14.21)

Value in the initial state: 0.3619859362043312

Time for model checking: 45.513 seconds.

Result: 0.3619859362043312 (value in the initial state)

