PRISM
=====

Version: 4.4.dev
Date: Mon May 21 04:03:01 IRDT 2018
Hostname: sadegh-H81M-S2PH
Memory limits: cudd=1g, java(heap)=2.1g
Command line: prism dns197.nm dns.pctl -s -improvedmodpoliter -maxiters 90050 -epsilon 1e-8 -javamaxmem 2400m

Parsing model file "dns197.nm"...

Parsing properties file "dns.pctl"...

1 property:
(1) Pmax=? [ "pp" U "qq" ]

Type:        MDP
Modules:     m1 m2 m3 
Variables:   s1 s2 s3 

---------------------------------------------------------------------

Model checking: Pmax=? [ "pp" U "qq" ]

Building model...

Computing reachable states...

Reachability (BFS): 4 iterations in 0.01 seconds (average 0.001500, setup 0.00)

Time for model construction: 8.818 seconds.

Type:        MDP
States:      12000 (1 initial)
Transitions: 14514574
Choices:     60000

Transition matrix: 13544753 nodes (564808 terminal), 14514574 minterms, vars: 15r/15c/5nd

Prob0A: 3 iterations in 0.02 seconds (average 0.008000, setup 0.00)

Prob1E: 4 iterations in 0.01 seconds (average 0.001750, setup 0.00)

yes = 10, no = 105, maybe = 11885

Computing remaining probabilities...
Engine: Sparse

Building sparse matrix (FOR POLICY ITERASION)... [n=12000, nc=59425, nnz=14378584, k=5] [164.8 MB]
Creating vector for yes...[93.8 KB]
Allocating iteration vectors... [2 x 93.8 KB]
TOTAL: [165.1 MB]

Starting iterations...
Iteration 2244: max relative diff=0.000756, 5.07 sec so far
Iteration 4590: max relative diff=0.000009, 10.27 sec so far
Iteration 6478: max relative diff=0.000000, 15.29 sec so far

Iterative method: 7030 iterations in 17.62 seconds (average 0.002507, setup 3.31)

Value in the initial state: 0.7176546043328994

Time for model checking: 21.006 seconds.

Result: 0.7176546043328994 (value in the initial state)

