PRISM
=====

Version: 4.4.dev
Date: Mon Jun 18 09:44:26 IRDT 2018
Hostname: sadegh-H81M-S2PH
Memory limits: cudd=1g, java(heap)=2.1g
Command line: prism dns123.nm dns.pctl -s -gs -maxiters 90050 -epsilon 1e-6 -javamaxmem 2400m

Parsing model file "dns123.nm"...

Parsing properties file "dns.pctl"...

1 property:
(1) Pmax=? [ "pp" U "qq" ]

Type:        MDP
Modules:     m1 m2 m3 
Variables:   s1 s2 s3 

---------------------------------------------------------------------

Model checking: Pmax=? [ "pp" U "qq" ]

Building model...

Computing reachable states...

Reachability (BFS): 3 iterations in 0.00 seconds (average 0.001000, setup 0.00)

Time for model construction: 5.666 seconds.

Type:        MDP
States:      7200 (1 initial)
Transitions: 32825738
Choices:     14400

Transition matrix: 5862851 nodes (448152 terminal), 32825738 minterms, vars: 15r/15c/2nd

Prob0A: 3 iterations in 0.00 seconds (average 0.001333, setup 0.00)

Prob1E: 4 iterations in 0.00 seconds (average 0.000500, setup 0.00)

yes = 10, no = 36, maybe = 7154

Computing remaining probabilities...
Engine: Sparse

Building sparse matrix(FOR GS)... [n=7200, nc=14308, nnz=32618955, k=2] [373.4 MB]
Creating vector for yes...[56.2 KB]
Allocating iteration vectors... [2 x 56.2 KB]
TOTAL: [373.5 MB]

Starting iterations...
Iteration 86: max relative diff=0.008561, 5.02 sec so far
Iteration 175: max relative diff=0.003100, 10.07 sec so far
Iteration 267: max relative diff=0.001501, 15.08 sec so far
Iteration 359: max relative diff=0.000825, 20.09 sec so far
Iteration 451: max relative diff=0.000482, 25.09 sec so far
Iteration 543: max relative diff=0.000291, 30.09 sec so far
Iteration 635: max relative diff=0.000179, 35.10 sec so far
Iteration 726: max relative diff=0.000112, 40.13 sec so far
Iteration 818: max relative diff=0.000070, 45.15 sec so far
Iteration 910: max relative diff=0.000044, 50.15 sec so far
Iteration 1002: max relative diff=0.000028, 55.17 sec so far
Iteration 1094: max relative diff=0.000018, 60.18 sec so far
Iteration 1186: max relative diff=0.000011, 65.19 sec so far
Iteration 1278: max relative diff=0.000007, 70.23 sec so far
Iteration 1370: max relative diff=0.000004, 75.25 sec so far
Iteration 1462: max relative diff=0.000003, 80.25 sec so far
Iteration 1554: max relative diff=0.000002, 85.27 sec so far
Iteration 1646: max relative diff=0.000001, 90.28 sec so far

Iterative method: 1672 iterations in 91.70 seconds (average 0.054843, setup 3.87)

Value in the initial state: 0.2556196421939282

Time for model checking: 95.746 seconds.

Result: 0.2556196421939282 (value in the initial state)

