PRISM
=====

Version: 4.4.dev
Date: Sat Jun 16 16:25:35 IRDT 2018
Hostname: sadegh-H81M-S2PH
Memory limits: cudd=1g, java(heap)=2.1g
Command line: prism dns2.nm dns.pctl -s -gs -maxiters 90050 -epsilon 1e-6 -javamaxmem 2400m

Parsing model file "dns2.nm"...

Parsing properties file "dns.pctl"...

1 property:
(1) Pmax=? [ "pp" U "qq" ]

Type:        MDP
Modules:     m1 m2 m3 
Variables:   s1 s2 s3 

---------------------------------------------------------------------

Model checking: Pmax=? [ "pp" U "qq" ]

Building model...

Computing reachable states...

Reachability (BFS): 2 iterations in 0.00 seconds (average 0.000000, setup 0.00)

Time for model construction: 5.759 seconds.

Type:        MDP
States:      6400 (1 initial)
Transitions: 119266818
Choices:     19200

Transition matrix: 5896918 nodes (291840 terminal), 119266818 minterms, vars: 14r/14c/3nd

Prob0A: 2 iterations in 0.00 seconds (average 0.001000, setup 0.00)

Prob1E: 4 iterations in 0.00 seconds (average 0.000250, setup 0.00)

yes = 10, no = 78, maybe = 6312

Computing remaining probabilities...
Engine: Sparse

Building sparse matrix(FOR GS)... [n=6400, nc=18936, nnz=117608034, k=3] [1.3 GB]
Creating vector for yes...[50.0 KB]
Allocating iteration vectors... [2 x 50.0 KB]
TOTAL: [1.3 GB]

Starting iterations...
Iteration 26: max relative diff=0.025924, 5.09 sec so far
Iteration 52: max relative diff=0.007831, 10.18 sec so far
Iteration 78: max relative diff=0.003143, 15.26 sec so far
Iteration 104: max relative diff=0.001388, 20.34 sec so far
Iteration 130: max relative diff=0.000637, 25.43 sec so far
Iteration 156: max relative diff=0.000297, 30.51 sec so far
Iteration 182: max relative diff=0.000140, 35.59 sec so far
Iteration 208: max relative diff=0.000066, 40.68 sec so far
Iteration 234: max relative diff=0.000031, 45.76 sec so far
Iteration 260: max relative diff=0.000015, 50.85 sec so far
Iteration 286: max relative diff=0.000007, 55.93 sec so far
Iteration 312: max relative diff=0.000003, 61.02 sec so far
Iteration 338: max relative diff=0.000002, 66.10 sec so far

Iterative method: 354 iterations in 69.23 seconds (average 0.195573, setup 9.65)

Value in the initial state: 0.18392098811168525

Time for model checking: 79.552 seconds.

Result: 0.18392098811168525 (value in the initial state)

