PRISM
=====

Version: 4.4.dev
Date: Sun May 20 12:22:23 IRDT 2018
Hostname: sadegh-H81M-S2PH
Memory limits: cudd=1g, java(heap)=2.1g
Command line: prism dns25.nm dns.pctl -s -improvedmodpoliter -maxiters 90050 -epsilon 1e-8 -javamaxmem 2400m

Parsing model file "dns25.nm"...

Parsing properties file "dns.pctl"...

1 property:
(1) Pmax=? [ "pp" U "qq" ]

Type:        MDP
Modules:     m1 m2 m3 
Variables:   s1 s2 s3 

---------------------------------------------------------------------

Model checking: Pmax=? [ "pp" U "qq" ]

Building model...

Computing reachable states...

Reachability (BFS): 2 iterations in 0.00 seconds (average 0.000000, setup 0.00)

Time for model construction: 5.568 seconds.

Type:        MDP
States:      7200 (1 initial)
Transitions: 128088489
Choices:     21600

Transition matrix: 7534724 nodes (307318 terminal), 128088489 minterms, vars: 15r/15c/3nd

Prob0A: 2 iterations in 0.01 seconds (average 0.002500, setup 0.00)

Prob1E: 4 iterations in 0.00 seconds (average 0.000500, setup 0.00)

yes = 35, no = 21, maybe = 7144

Computing remaining probabilities...
Engine: Sparse

Building sparse matrix (FOR POLICY ITERASION)... [n=7200, nc=21432, nnz=127108950, k=3] [1.4 GB]
Creating vector for yes...[56.2 KB]
Allocating iteration vectors... [2 x 56.2 KB]
TOTAL: [1.4 GB]

Starting iterations...
Iteration 204: max relative diff=0.004827, 8.08 sec so far
Iteration 408: max relative diff=0.000109, 16.34 sec so far
Iteration 612: max relative diff=0.000001, 24.61 sec so far
Iteration 816: max relative diff=0.000000, 32.87 sec so far

Iterative method: 816 iterations in 32.87 seconds (average 0.040276, setup 6.67)

Value in the initial state: 0.707988466211698

Time for model checking: 40.117 seconds.

Result: 0.707988466211698 (value in the initial state)

