PRISM
=====

Version: 4.4.dev
Date: Sun May 20 13:25:29 IRDT 2018
Hostname: sadegh-H81M-S2PH
Memory limits: cudd=1g, java(heap)=2.1g
Command line: prism dns39.nm dns.pctl -s -improvedmodpoliter2 -maxiters 90050 -epsilon 1e-8 -javamaxmem 2400m

Parsing model file "dns39.nm"...

Parsing properties file "dns.pctl"...

1 property:
(1) Pmax=? [ "pp" U "qq" ]

Type:        MDP
Modules:     m1 m2 m3 
Variables:   s1 s2 s3 

---------------------------------------------------------------------

Model checking: Pmax=? [ "pp" U "qq" ]

Building model...

Computing reachable states...

Reachability (BFS): 2 iterations in 0.00 seconds (average 0.000500, setup 0.00)

Time for model construction: 7.662 seconds.

Type:        MDP
States:      8000 (1 initial)
Transitions: 208082158
Choices:     32000

Transition matrix: 10460463 nodes (210733 terminal), 208082158 minterms, vars: 15r/15c/4nd

Prob0A: 2 iterations in 0.01 seconds (average 0.004000, setup 0.00)

Prob1E: 4 iterations in 0.00 seconds (average 0.000500, setup 0.00)

yes = 10, no = 78, maybe = 7912

Computing remaining probabilities...
Engine: Sparse

Building sparse matrix (FOR POLICY ITERASION)... [n=8000, nc=31648, nnz=205806892, k=4] [2.3 GB]
Creating vector for yes...[62.5 KB]
Allocating iteration vectors... [2 x 62.5 KB]
TOTAL: [2.3 GB]

Starting iterations...
Iteration 202: max relative diff=0.009156, 5.75 sec so far
Iteration 404: max relative diff=0.000293, 11.52 sec so far
Iteration 606: max relative diff=0.000004, 17.26 sec so far
Iteration 808: max relative diff=0.000000, 23.03 sec so far

Iterative method: 953 iterations in 27.40 seconds (average 0.028754, setup 12.17)


Number of scallar multiplications: 28131M 

Value in the initial state: 0.17376352653098143

Time for model checking: 40.719 seconds.

Result: 0.17376352653098143 (value in the initial state)

