PRISM
=====

Version: 4.4.dev
Date: Sun Jun 17 18:41:53 IRDT 2018
Hostname: sadegh-H81M-S2PH
Memory limits: cudd=1g, java(heap)=2.1g
Command line: prism dns71.nm dns.pctl -s -gs -maxiters 90050 -epsilon 1e-6 -javamaxmem 2400m

Parsing model file "dns71.nm"...

Parsing properties file "dns.pctl"...

1 property:
(1) Pmax=? [ "pp" U "qq" ]

Type:        MDP
Modules:     m1 m2 m3 
Variables:   s1 s2 s3 

---------------------------------------------------------------------

Model checking: Pmax=? [ "pp" U "qq" ]

Building model...

Computing reachable states...

Reachability (BFS): 3 iterations in 0.01 seconds (average 0.001667, setup 0.00)

Time for model construction: 14.346 seconds.

Type:        MDP
States:      9600 (1 initial)
Transitions: 163804640
Choices:     28800

Transition matrix: 13539008 nodes (267916 terminal), 163804640 minterms, vars: 15r/15c/3nd

Prob0A: 2 iterations in 0.00 seconds (average 0.002000, setup 0.00)

Prob1E: 4 iterations in 0.00 seconds (average 0.001000, setup 0.00)

yes = 10, no = 45, maybe = 9545

Computing remaining probabilities...
Engine: Sparse

Building sparse matrix(FOR GS)... [n=9600, nc=28635, nnz=162857814, k=3] [1.8 GB]
Creating vector for yes...[75.0 KB]
Allocating iteration vectors... [2 x 75.0 KB]
TOTAL: [1.8 GB]

Starting iterations...
Iteration 19: max relative diff=0.048305, 5.16 sec so far
Iteration 38: max relative diff=0.019873, 10.30 sec so far
Iteration 57: max relative diff=0.011176, 15.46 sec so far
Iteration 76: max relative diff=0.007091, 20.61 sec so far
Iteration 95: max relative diff=0.004822, 25.77 sec so far
Iteration 114: max relative diff=0.003422, 30.92 sec so far
Iteration 133: max relative diff=0.002501, 36.07 sec so far
Iteration 152: max relative diff=0.001866, 41.22 sec so far
Iteration 171: max relative diff=0.001413, 46.37 sec so far
Iteration 190: max relative diff=0.001082, 51.52 sec so far
Iteration 209: max relative diff=0.000835, 56.68 sec so far
Iteration 228: max relative diff=0.000649, 61.83 sec so far
Iteration 247: max relative diff=0.000507, 66.98 sec so far
Iteration 266: max relative diff=0.000397, 72.13 sec so far
Iteration 285: max relative diff=0.000312, 77.28 sec so far
Iteration 304: max relative diff=0.000246, 82.42 sec so far
Iteration 323: max relative diff=0.000194, 87.57 sec so far
Iteration 342: max relative diff=0.000154, 92.72 sec so far
Iteration 361: max relative diff=0.000122, 97.87 sec so far
Iteration 380: max relative diff=0.000096, 103.02 sec so far
Iteration 399: max relative diff=0.000076, 108.17 sec so far
Iteration 418: max relative diff=0.000061, 113.32 sec so far
Iteration 437: max relative diff=0.000048, 118.47 sec so far
Iteration 456: max relative diff=0.000038, 123.61 sec so far
Iteration 475: max relative diff=0.000030, 128.76 sec so far
Iteration 494: max relative diff=0.000024, 133.92 sec so far
Iteration 513: max relative diff=0.000019, 139.07 sec so far
Iteration 532: max relative diff=0.000015, 144.22 sec so far
Iteration 551: max relative diff=0.000012, 149.38 sec so far
Iteration 570: max relative diff=0.000010, 154.53 sec so far
Iteration 589: max relative diff=0.000008, 159.69 sec so far
Iteration 608: max relative diff=0.000006, 164.84 sec so far
Iteration 627: max relative diff=0.000005, 170.00 sec so far
Iteration 646: max relative diff=0.000004, 175.15 sec so far
Iteration 665: max relative diff=0.000003, 180.30 sec so far
Iteration 684: max relative diff=0.000002, 185.46 sec so far
Iteration 703: max relative diff=0.000002, 190.60 sec so far
Iteration 722: max relative diff=0.000002, 195.75 sec so far
Iteration 741: max relative diff=0.000001, 200.90 sec so far

Iterative method: 758 iterations in 205.51 seconds (average 0.271125, setup 16.27)

Value in the initial state: 0.2975952123179128

Time for model checking: 222.548 seconds.

Result: 0.2975952123179128 (value in the initial state)

