PRISM
=====

Version: 4.4.dev
Date: Tue Jun 19 16:23:01 IRDT 2018
Hostname: sadegh-H81M-S2PH
Memory limits: cudd=1g, java(heap)=2.1g
Command line: prism dns174.nm dns.pctl -s -gs -maxiters 90050 -epsilon 1e-6 -javamaxmem 2400m

Parsing model file "dns174.nm"...

Parsing properties file "dns.pctl"...

1 property:
(1) Pmax=? [ "pp" U "qq" ]

Type:        MDP
Modules:     m1 m2 m3 
Variables:   s1 s2 s3 

---------------------------------------------------------------------

Model checking: Pmax=? [ "pp" U "qq" ]

Building model...

Computing reachable states...

Reachability (BFS): 3 iterations in 0.01 seconds (average 0.003000, setup 0.00)

Time for model construction: 24.924 seconds.

Type:        MDP
States:      9200 (1 initial)
Transitions: 37527286
Choices:     36800

Transition matrix: 19799046 nodes (568720 terminal), 37527286 minterms, vars: 15r/15c/4nd

Prob0A: 3 iterations in 0.01 seconds (average 0.002333, setup 0.00)

Prob1E: 4 iterations in 0.00 seconds (average 0.000750, setup 0.00)

yes = 10, no = 78, maybe = 9112

Computing remaining probabilities...
Engine: Sparse

Building sparse matrix(FOR GS)... [n=9200, nc=36448, nnz=37161094, k=4] [425.4 MB]
Creating vector for yes...[71.9 KB]
Allocating iteration vectors... [2 x 71.9 KB]
TOTAL: [425.7 MB]

Starting iterations...
Iteration 80: max relative diff=0.004226, 5.03 sec so far
Iteration 160: max relative diff=0.000794, 10.05 sec so far
Iteration 239: max relative diff=0.000194, 15.07 sec so far
Iteration 318: max relative diff=0.000050, 20.13 sec so far
Iteration 398: max relative diff=0.000013, 25.16 sec so far
Iteration 478: max relative diff=0.000003, 30.19 sec so far

Iterative method: 548 iterations in 34.59 seconds (average 0.063122, setup 9.02)

Value in the initial state: 0.30344256245195744

Time for model checking: 43.849 seconds.

Result: 0.30344256245195744 (value in the initial state)

