PRISM
=====

Version: 4.4.dev
Date: Sun Jun 17 12:08:43 IRDT 2018
Hostname: sadegh-H81M-S2PH
Memory limits: cudd=1g, java(heap)=2.1g
Command line: prism dns50.nm dns.pctl -s -gs -maxiters 90050 -epsilon 1e-6 -javamaxmem 2400m

Parsing model file "dns50.nm"...

Parsing properties file "dns.pctl"...

1 property:
(1) Pmax=? [ "pp" U "qq" ]

Type:        MDP
Modules:     m1 m2 m3 
Variables:   s1 s2 s3 

---------------------------------------------------------------------

Model checking: Pmax=? [ "pp" U "qq" ]

Building model...

Computing reachable states...

Reachability (BFS): 3 iterations in 0.00 seconds (average 0.001000, setup 0.00)

Time for model construction: 14.98 seconds.

Type:        MDP
States:      6000 (1 initial)
Transitions: 150254660
Choices:     36000

Transition matrix: 13254486 nodes (620397 terminal), 150254660 minterms, vars: 14r/14c/6nd

Prob0A: 2 iterations in 0.01 seconds (average 0.004000, setup 0.00)

Prob1E: 4 iterations in 0.00 seconds (average 0.001000, setup 0.00)

yes = 10, no = 55, maybe = 5935

Computing remaining probabilities...
Engine: Sparse

Building sparse matrix(FOR GS)... [n=6000, nc=35610, nnz=148627311, k=6] [1.7 GB]
Creating vector for yes...[46.9 KB]
Allocating iteration vectors... [2 x 46.9 KB]
TOTAL: [1.7 GB]

Starting iterations...
Iteration 21: max relative diff=0.033602, 5.19 sec so far
Iteration 42: max relative diff=0.011143, 10.39 sec so far
Iteration 63: max relative diff=0.005198, 15.58 sec so far
Iteration 84: max relative diff=0.002768, 20.77 sec so far
Iteration 105: max relative diff=0.001584, 25.96 sec so far
Iteration 126: max relative diff=0.000945, 31.14 sec so far
Iteration 147: max relative diff=0.000576, 36.33 sec so far
Iteration 168: max relative diff=0.000356, 41.52 sec so far
Iteration 189: max relative diff=0.000221, 46.72 sec so far
Iteration 210: max relative diff=0.000139, 51.91 sec so far
Iteration 231: max relative diff=0.000087, 57.10 sec so far
Iteration 252: max relative diff=0.000055, 62.29 sec so far
Iteration 273: max relative diff=0.000034, 67.48 sec so far
Iteration 294: max relative diff=0.000022, 72.67 sec so far
Iteration 315: max relative diff=0.000014, 77.86 sec so far
Iteration 336: max relative diff=0.000009, 83.05 sec so far
Iteration 357: max relative diff=0.000005, 88.24 sec so far
Iteration 378: max relative diff=0.000003, 93.43 sec so far
Iteration 399: max relative diff=0.000002, 98.62 sec so far
Iteration 420: max relative diff=0.000001, 103.82 sec so far

Iterative method: 434 iterations in 107.29 seconds (average 0.247214, setup 17.14)

Value in the initial state: 0.3614725008950633

Time for model checking: 125.223 seconds.

Result: 0.3614725008950633 (value in the initial state)

