PRISM
=====

Version: 4.4.dev
Date: Sun May 20 20:59:03 IRDT 2018
Hostname: sadegh-H81M-S2PH
Memory limits: cudd=1g, java(heap)=2.1g
Command line: prism dns102.nm dns.pctl -s -modpoliter -maxiters 90050 -epsilon 1e-8 -javamaxmem 2400m

Parsing model file "dns102.nm"...

Parsing properties file "dns.pctl"...

1 property:
(1) Pmax=? [ "pp" U "qq" ]

Type:        MDP
Modules:     m1 m2 m3 
Variables:   s1 s2 s3 

---------------------------------------------------------------------

Model checking: Pmax=? [ "pp" U "qq" ]

Building model...

Computing reachable states...

Reachability (BFS): 3 iterations in 0.00 seconds (average 0.001000, setup 0.00)

Time for model construction: 13.932 seconds.

Type:        MDP
States:      11200 (1 initial)
Transitions: 151005297
Choices:     33600

Transition matrix: 17881964 nodes (434359 terminal), 151005297 minterms, vars: 15r/15c/3nd

Prob0A: 2 iterations in 0.00 seconds (average 0.001000, setup 0.00)

Prob1E: 4 iterations in 0.00 seconds (average 0.000000, setup 0.00)

yes = 10, no = 10, maybe = 11180

Computing remaining probabilities...
Engine: Sparse

Building sparse matrix (FOR POLICY ITERASION)... [n=11200, nc=33540, nnz=150715614, k=3] [1.7 GB]
Creating vector for yes...[87.5 KB]
Allocating iteration vectors... [2 x 87.5 KB]
TOTAL: [1.7 GB]

Starting iterations...
Iteration 101: max relative diff=0.042416, 5.40 sec so far
Iteration 202: max relative diff=0.012708, 10.80 sec so far
Iteration 303: max relative diff=0.008013, 16.20 sec so far
Iteration 404: max relative diff=0.004414, 21.55 sec so far
Iteration 505: max relative diff=0.001441, 26.89 sec so far
Iteration 606: max relative diff=0.001371, 32.21 sec so far
Iteration 707: max relative diff=0.000685, 37.51 sec so far
Iteration 808: max relative diff=0.000629, 42.79 sec so far
Iteration 909: max relative diff=0.000627, 48.07 sec so far
Iteration 1010: max relative diff=0.000326, 53.37 sec so far
Iteration 1111: max relative diff=0.000258, 58.64 sec so far
Iteration 1212: max relative diff=0.000231, 63.91 sec so far
Iteration 1313: max relative diff=0.000352, 69.18 sec so far
Iteration 1414: max relative diff=0.000147, 74.44 sec so far
Iteration 1515: max relative diff=0.000077, 79.70 sec so far
Iteration 1616: max relative diff=0.000214, 84.96 sec so far
Iteration 1717: max relative diff=0.000076, 90.21 sec so far
Iteration 1818: max relative diff=0.000071, 95.46 sec so far
Iteration 1919: max relative diff=0.000104, 100.70 sec so far
Iteration 2020: max relative diff=0.000036, 105.95 sec so far
Iteration 2121: max relative diff=0.000023, 111.19 sec so far
Iteration 2222: max relative diff=0.000020, 116.44 sec so far
Iteration 2323: max relative diff=0.000012, 121.68 sec so far
Iteration 2424: max relative diff=0.000010, 126.93 sec so far
Iteration 2525: max relative diff=0.000013, 132.18 sec so far
Iteration 2626: max relative diff=0.000012, 137.42 sec so far
Iteration 2727: max relative diff=0.000007, 142.66 sec so far
Iteration 2828: max relative diff=0.000009, 147.90 sec so far
Iteration 2929: max relative diff=0.000007, 153.14 sec so far
Iteration 3030: max relative diff=0.000003, 158.38 sec so far
Iteration 3131: max relative diff=0.000004, 163.61 sec so far
Iteration 3232: max relative diff=0.000002, 168.85 sec so far
Iteration 3333: max relative diff=0.000002, 174.08 sec so far
Iteration 3434: max relative diff=0.000002, 179.31 sec so far
Iteration 3535: max relative diff=0.000002, 184.54 sec so far
Iteration 3636: max relative diff=0.000002, 189.77 sec so far
Iteration 3737: max relative diff=0.000001, 195.00 sec so far
Iteration 3838: max relative diff=0.000001, 200.24 sec so far
Iteration 3939: max relative diff=0.000001, 205.46 sec so far
Iteration 4040: max relative diff=0.000001, 210.69 sec so far
Iteration 4141: max relative diff=0.000001, 215.92 sec so far
Iteration 4242: max relative diff=0.000000, 221.15 sec so far
Iteration 4343: max relative diff=0.000001, 226.38 sec so far
Iteration 4444: max relative diff=0.000001, 231.62 sec so far
Iteration 4545: max relative diff=0.000000, 236.85 sec so far
Iteration 4646: max relative diff=0.000000, 242.08 sec so far
Iteration 4747: max relative diff=0.000000, 247.31 sec so far
Iteration 4848: max relative diff=0.000000, 252.54 sec so far
Iteration 4949: max relative diff=0.000000, 257.77 sec so far
Iteration 5050: max relative diff=0.000000, 263.00 sec so far
Iteration 5151: max relative diff=0.000000, 268.23 sec so far
Iteration 5252: max relative diff=0.000000, 273.45 sec so far
Iteration 5353: max relative diff=0.000000, 278.68 sec so far
Iteration 5454: max relative diff=0.000000, 283.90 sec so far
Iteration 5555: max relative diff=0.000000, 289.13 sec so far
Iteration 5656: max relative diff=0.000000, 294.37 sec so far
Iteration 5757: max relative diff=0.000000, 299.60 sec so far
Iteration 5858: max relative diff=0.000000, 304.83 sec so far
Iteration 5959: max relative diff=0.000000, 310.07 sec so far
Iteration 6060: max relative diff=0.000000, 315.30 sec so far
Iteration 6161: max relative diff=0.000000, 320.54 sec so far
Iteration 6262: max relative diff=0.000000, 325.76 sec so far
Iteration 6363: max relative diff=0.000000, 330.99 sec so far
Iteration 6464: max relative diff=0.000000, 336.21 sec so far
Iteration 6565: max relative diff=0.000000, 341.44 sec so far
Iteration 6666: max relative diff=0.000000, 346.67 sec so far
Iteration 6767: max relative diff=0.000000, 351.90 sec so far

Iterative method: 6823 iterations in 354.84 seconds (average 0.052007, setup 10.40)

Value in the initial state: 0.7277641101001588

Time for model checking: 365.615 seconds.

Result: 0.7277641101001588 (value in the initial state)

