PRISM
=====

Version: 4.4.dev
Date: Sun May 20 13:11:45 IRDT 2018
Hostname: sadegh-H81M-S2PH
Memory limits: cudd=1g, java(heap)=2.1g
Command line: prism dns36.nm dns.pctl -s -improvedmodpoliter -maxiters 90050 -epsilon 1e-8 -javamaxmem 2400m

Parsing model file "dns36.nm"...

Parsing properties file "dns.pctl"...

1 property:
(1) Pmax=? [ "pp" U "qq" ]

Type:        MDP
Modules:     m1 m2 m3 
Variables:   s1 s2 s3 

---------------------------------------------------------------------

Model checking: Pmax=? [ "pp" U "qq" ]

Building model...

Computing reachable states...

Reachability (BFS): 3 iterations in 0.00 seconds (average 0.000000, setup 0.00)

Time for model construction: 4.847 seconds.

Type:        MDP
States:      6800 (1 initial)
Transitions: 74694256
Choices:     13600

Transition matrix: 6227781 nodes (438261 terminal), 74694256 minterms, vars: 15r/15c/2nd

Prob0A: 2 iterations in 0.00 seconds (average 0.001000, setup 0.00)

Prob1E: 4 iterations in 0.00 seconds (average 0.000000, setup 0.00)

yes = 10, no = 21, maybe = 6769

Computing remaining probabilities...
Engine: Sparse

Building sparse matrix (FOR POLICY ITERASION)... [n=6800, nc=13538, nnz=74345955, k=2] [850.9 MB]
Creating vector for yes...[53.1 KB]
Allocating iteration vectors... [2 x 53.1 KB]
TOTAL: [851.1 MB]

Starting iterations...
Iteration 204: max relative diff=0.010271, 6.75 sec so far
Iteration 408: max relative diff=0.001907, 13.73 sec so far
Iteration 612: max relative diff=0.000353, 20.68 sec so far
Iteration 816: max relative diff=0.000086, 27.86 sec so far
Iteration 1020: max relative diff=0.000009, 35.07 sec so far
Iteration 1224: max relative diff=0.000002, 42.24 sec so far
Iteration 1428: max relative diff=0.000000, 49.39 sec so far
Iteration 1632: max relative diff=0.000000, 56.52 sec so far
Iteration 1836: max relative diff=0.000000, 63.65 sec so far
Iteration 2040: max relative diff=0.000000, 70.73 sec so far

Iterative method: 2040 iterations in 70.73 seconds (average 0.034671, setup 4.65)

Value in the initial state: 0.3823941293341094

Time for model checking: 75.683 seconds.

Result: 0.3823941293341094 (value in the initial state)

