PRISM
=====

Version: 4.4.dev
Date: Sat Jun 16 23:50:27 IRDT 2018
Hostname: sadegh-H81M-S2PH
Memory limits: cudd=1g, java(heap)=2.1g
Command line: prism dns32.nm dns.pctl -s -backwardvaliter -maxiters 90050 -epsilon 1e-6 -javamaxmem 2400m

Parsing model file "dns32.nm"...

Parsing properties file "dns.pctl"...

1 property:
(1) Pmax=? [ "pp" U "qq" ]

Type:        MDP
Modules:     m1 m2 m3 
Variables:   s1 s2 s3 

---------------------------------------------------------------------

Model checking: Pmax=? [ "pp" U "qq" ]

Building model...

Computing reachable states...

Reachability (BFS): 2 iterations in 0.00 seconds (average 0.000000, setup 0.00)

Time for model construction: 12.149 seconds.

Type:        MDP
States:      7200 (1 initial)
Transitions: 208638409
Choices:     36000

Transition matrix: 11470759 nodes (268720 terminal), 208638409 minterms, vars: 15r/15c/5nd

Prob0A: 2 iterations in 0.00 seconds (average 0.002000, setup 0.00)

Prob1E: 4 iterations in 0.00 seconds (average 0.000500, setup 0.00)

yes = 10, no = 21, maybe = 7169

Computing remaining probabilities...
Engine: Sparse

Building sparse matrix(FOR GS)... [n=7200, nc=35845, nnz=207749605, k=5] [2.3 GB]
Creating vector for yes...[56.2 KB]
Allocating iteration vectors... [2 x 56.2 KB]
TOTAL: [2.3 GB]

Starting iterations...
Iteration 7: max relative diff=0.162532, 5.28 sec so far
Iteration 22: max relative diff=0.040738, 10.46 sec so far
Iteration 37: max relative diff=0.021006, 15.63 sec so far
Iteration 52: max relative diff=0.013117, 20.80 sec so far
Iteration 67: max relative diff=0.008995, 25.98 sec so far
Iteration 82: max relative diff=0.006496, 31.15 sec so far
Iteration 97: max relative diff=0.004868, 36.33 sec so far
Iteration 112: max relative diff=0.003745, 41.51 sec so far
Iteration 127: max relative diff=0.002938, 46.68 sec so far
Iteration 142: max relative diff=0.002342, 51.85 sec so far
Iteration 157: max relative diff=0.001889, 57.03 sec so far
Iteration 172: max relative diff=0.001540, 62.20 sec so far
Iteration 187: max relative diff=0.001266, 67.38 sec so far
Iteration 202: max relative diff=0.001048, 72.54 sec so far
Iteration 217: max relative diff=0.000872, 77.72 sec so far
Iteration 232: max relative diff=0.000728, 82.89 sec so far
Iteration 247: max relative diff=0.000611, 88.07 sec so far
Iteration 262: max relative diff=0.000514, 93.25 sec so far
Iteration 277: max relative diff=0.000434, 98.43 sec so far
Iteration 292: max relative diff=0.000367, 103.60 sec so far
Iteration 307: max relative diff=0.000311, 108.78 sec so far
Iteration 322: max relative diff=0.000264, 113.96 sec so far
Iteration 337: max relative diff=0.000225, 119.13 sec so far
Iteration 352: max relative diff=0.000191, 124.31 sec so far
Iteration 367: max relative diff=0.000163, 129.49 sec so far
Iteration 382: max relative diff=0.000139, 134.66 sec so far
Iteration 397: max relative diff=0.000118, 139.83 sec so far
Iteration 412: max relative diff=0.000101, 145.01 sec so far
Iteration 427: max relative diff=0.000086, 150.19 sec so far
Iteration 442: max relative diff=0.000074, 155.36 sec so far
Iteration 457: max relative diff=0.000063, 160.54 sec so far
Iteration 472: max relative diff=0.000054, 165.72 sec so far
Iteration 487: max relative diff=0.000046, 170.89 sec so far
Iteration 502: max relative diff=0.000040, 176.06 sec so far
Iteration 517: max relative diff=0.000034, 181.24 sec so far
Iteration 532: max relative diff=0.000029, 186.42 sec so far
Iteration 547: max relative diff=0.000025, 191.60 sec so far
Iteration 562: max relative diff=0.000021, 196.77 sec so far
Iteration 577: max relative diff=0.000018, 201.94 sec so far
Iteration 592: max relative diff=0.000016, 207.12 sec so far
Iteration 607: max relative diff=0.000013, 212.29 sec so far
Iteration 622: max relative diff=0.000011, 217.47 sec so far
Iteration 637: max relative diff=0.000010, 222.64 sec so far
Iteration 652: max relative diff=0.000008, 227.82 sec so far
Iteration 667: max relative diff=0.000007, 232.99 sec so far
Iteration 682: max relative diff=0.000006, 238.17 sec so far
Iteration 697: max relative diff=0.000005, 243.34 sec so far
Iteration 712: max relative diff=0.000005, 248.52 sec so far
Iteration 727: max relative diff=0.000004, 253.69 sec so far
Iteration 742: max relative diff=0.000003, 258.87 sec so far
Iteration 757: max relative diff=0.000003, 264.04 sec so far
Iteration 772: max relative diff=0.000002, 269.21 sec so far
Iteration 787: max relative diff=0.000002, 274.39 sec so far
Iteration 802: max relative diff=0.000002, 279.58 sec so far
Iteration 817: max relative diff=0.000002, 284.75 sec so far
Iteration 832: max relative diff=0.000001, 289.93 sec so far
Iteration 847: max relative diff=0.000001, 295.11 sec so far

Iterative method: 859 iterations in 299.25 seconds (average 0.348369, setup 18.32)

Value in the initial state: 0.46260923697659856

Time for model checking: 318.488 seconds.

Result: 0.46260923697659856 (value in the initial state)

Warning: CUDD reports 12274072 non-zero references.

