PRISM
=====

Version: 4.4.dev
Date: Sun May 20 16:10:33 IRDT 2018
Hostname: sadegh-H81M-S2PH
Memory limits: cudd=1g, java(heap)=2.1g
Command line: prism dns63.nm dns.pctl -s -improvedmodpoliter -maxiters 90050 -epsilon 1e-8 -javamaxmem 2400m

Parsing model file "dns63.nm"...

Parsing properties file "dns.pctl"...

1 property:
(1) Pmax=? [ "pp" U "qq" ]

Type:        MDP
Modules:     m1 m2 m3 
Variables:   s1 s2 s3 

---------------------------------------------------------------------

Model checking: Pmax=? [ "pp" U "qq" ]

Building model...

Computing reachable states...

Reachability (BFS): 2 iterations in 0.00 seconds (average 0.001000, setup 0.00)

Time for model construction: 13.994 seconds.

Type:        MDP
States:      6800 (1 initial)
Transitions: 170394718
Choices:     40800

Transition matrix: 15726203 nodes (723484 terminal), 170394718 minterms, vars: 15r/15c/6nd

Prob0A: 2 iterations in 0.00 seconds (average 0.002000, setup 0.00)

Prob1E: 4 iterations in 0.00 seconds (average 0.000250, setup 0.00)

yes = 10, no = 15, maybe = 6775

Computing remaining probabilities...
Engine: Sparse

Building sparse matrix (FOR POLICY ITERASION)... [n=6800, nc=40650, nnz=169769934, k=6] [1.9 GB]
Creating vector for yes...[53.1 KB]
Allocating iteration vectors... [2 x 53.1 KB]
TOTAL: [1.9 GB]

Starting iterations...
Iteration 306: max relative diff=0.012063, 7.58 sec so far
Iteration 510: max relative diff=0.001533, 12.84 sec so far
Iteration 714: max relative diff=0.000562, 18.07 sec so far
Iteration 918: max relative diff=0.000158, 23.29 sec so far
Iteration 1122: max relative diff=0.000033, 28.53 sec so far
Iteration 1326: max relative diff=0.000021, 33.77 sec so far
Iteration 1530: max relative diff=0.000004, 39.00 sec so far
Iteration 1734: max relative diff=0.000002, 44.21 sec so far
Iteration 1938: max relative diff=0.000001, 49.44 sec so far
Iteration 2142: max relative diff=0.000000, 54.84 sec so far
Iteration 2346: max relative diff=0.000000, 60.18 sec so far
Iteration 2550: max relative diff=0.000000, 65.68 sec so far
Iteration 2754: max relative diff=0.000000, 71.08 sec so far
Iteration 2958: max relative diff=0.000000, 76.39 sec so far

Iterative method: 3060 iterations in 79.02 seconds (average 0.025823, setup 11.68)

Value in the initial state: 0.6624312096162877

Time for model checking: 91.294 seconds.

Result: 0.6624312096162877 (value in the initial state)

