PRISM
=====

Version: 4.4.dev
Date: Sun Jun 17 15:49:11 IRDT 2018
Hostname: sadegh-H81M-S2PH
Memory limits: cudd=1g, java(heap)=2.1g
Command line: prism dns59.nm dns.pctl -s -backwardvaliter -maxiters 90050 -epsilon 1e-6 -javamaxmem 2400m

Parsing model file "dns59.nm"...

Parsing properties file "dns.pctl"...

1 property:
(1) Pmax=? [ "pp" U "qq" ]

Type:        MDP
Modules:     m1 m2 m3 
Variables:   s1 s2 s3 

---------------------------------------------------------------------

Model checking: Pmax=? [ "pp" U "qq" ]

Building model...

Computing reachable states...

Reachability (BFS): 3 iterations in 0.00 seconds (average 0.000333, setup 0.00)

Time for model construction: 10.494 seconds.

Type:        MDP
States:      8800 (1 initial)
Transitions: 162322494
Choices:     26400

Transition matrix: 10357675 nodes (211449 terminal), 162322494 minterms, vars: 15r/15c/3nd

Prob0A: 2 iterations in 0.00 seconds (average 0.002000, setup 0.00)

Prob1E: 4 iterations in 0.00 seconds (average 0.000500, setup 0.00)

yes = 10, no = 55, maybe = 8735

Computing remaining probabilities...
Engine: Sparse

Building sparse matrix(FOR GS)... [n=8800, nc=26205, nnz=161112563, k=3] [1.8 GB]
Creating vector for yes...[68.8 KB]
Allocating iteration vectors... [2 x 68.8 KB]
TOTAL: [1.8 GB]

Starting iterations...
Iteration 12: max relative diff=0.082976, 5.23 sec so far
Iteration 31: max relative diff=0.024999, 10.31 sec so far
Iteration 50: max relative diff=0.012598, 15.41 sec so far
Iteration 69: max relative diff=0.007458, 20.49 sec so far
Iteration 88: max relative diff=0.004791, 25.58 sec so far
Iteration 107: max relative diff=0.003228, 30.67 sec so far
Iteration 126: max relative diff=0.002241, 35.76 sec so far
Iteration 145: max relative diff=0.001588, 40.85 sec so far
Iteration 164: max relative diff=0.001141, 45.95 sec so far
Iteration 183: max relative diff=0.000828, 51.04 sec so far
Iteration 202: max relative diff=0.000605, 56.14 sec so far
Iteration 221: max relative diff=0.000444, 61.23 sec so far
Iteration 240: max relative diff=0.000328, 66.32 sec so far
Iteration 259: max relative diff=0.000242, 71.41 sec so far
Iteration 278: max relative diff=0.000179, 76.50 sec so far
Iteration 297: max relative diff=0.000133, 81.59 sec so far
Iteration 316: max relative diff=0.000099, 86.68 sec so far
Iteration 335: max relative diff=0.000073, 91.77 sec so far
Iteration 354: max relative diff=0.000055, 96.86 sec so far
Iteration 373: max relative diff=0.000041, 101.95 sec so far
Iteration 392: max relative diff=0.000030, 107.03 sec so far
Iteration 411: max relative diff=0.000022, 112.12 sec so far
Iteration 430: max relative diff=0.000017, 117.21 sec so far
Iteration 449: max relative diff=0.000012, 122.30 sec so far
Iteration 468: max relative diff=0.000009, 127.40 sec so far
Iteration 487: max relative diff=0.000007, 132.49 sec so far
Iteration 506: max relative diff=0.000005, 137.58 sec so far
Iteration 525: max relative diff=0.000004, 142.67 sec so far
Iteration 544: max relative diff=0.000003, 147.78 sec so far
Iteration 563: max relative diff=0.000002, 152.87 sec so far
Iteration 582: max relative diff=0.000002, 157.95 sec so far
Iteration 601: max relative diff=0.000001, 163.04 sec so far

Iterative method: 612 iterations in 165.99 seconds (average 0.271229, setup 15.15)

Value in the initial state: 0.2316305444759804

Time for model checking: 181.941 seconds.

Result: 0.2316305444759804 (value in the initial state)

Warning: CUDD reports 11504673 non-zero references.

