PRISM
=====

Version: 4.4.dev
Date: Mon Jun 18 07:58:01 IRDT 2018
Hostname: sadegh-H81M-S2PH
Memory limits: cudd=1g, java(heap)=2.1g
Command line: prism dns116.nm dns.pctl -s -backwardvaliter -maxiters 90050 -epsilon 1e-6 -javamaxmem 2400m

Parsing model file "dns116.nm"...

Parsing properties file "dns.pctl"...

1 property:
(1) Pmax=? [ "pp" U "qq" ]

Type:        MDP
Modules:     m1 m2 m3 
Variables:   s1 s2 s3 

---------------------------------------------------------------------

Model checking: Pmax=? [ "pp" U "qq" ]

Building model...

Computing reachable states...

Reachability (BFS): 3 iterations in 0.00 seconds (average 0.000667, setup 0.00)

Time for model construction: 7.149 seconds.

Type:        MDP
States:      6800 (1 initial)
Transitions: 37371015
Choices:     13600

Transition matrix: 6224638 nodes (303868 terminal), 37371015 minterms, vars: 15r/15c/2nd

Prob0A: 3 iterations in 0.00 seconds (average 0.000667, setup 0.00)

Prob1E: 4 iterations in 0.00 seconds (average 0.000250, setup 0.00)

yes = 10, no = 10, maybe = 6780

Computing remaining probabilities...
Engine: Sparse

Building sparse matrix(FOR GS)... [n=6800, nc=13560, nnz=37263295, k=2] [426.5 MB]
Creating vector for yes...[53.1 KB]
Allocating iteration vectors... [2 x 53.1 KB]
TOTAL: [426.7 MB]

Starting iterations...
Iteration 74: max relative diff=0.010321, 5.04 sec so far
Iteration 155: max relative diff=0.003525, 10.10 sec so far
Iteration 235: max relative diff=0.001725, 15.10 sec so far
Iteration 316: max relative diff=0.000980, 20.16 sec so far
Iteration 397: max relative diff=0.000605, 25.22 sec so far
Iteration 478: max relative diff=0.000393, 30.28 sec so far
Iteration 559: max relative diff=0.000264, 35.34 sec so far
Iteration 640: max relative diff=0.000181, 40.39 sec so far
Iteration 721: max relative diff=0.000126, 45.45 sec so far
Iteration 802: max relative diff=0.000089, 50.51 sec so far
Iteration 883: max relative diff=0.000063, 55.57 sec so far
Iteration 964: max relative diff=0.000044, 60.62 sec so far
Iteration 1045: max relative diff=0.000032, 65.68 sec so far
Iteration 1126: max relative diff=0.000023, 70.74 sec so far
Iteration 1207: max relative diff=0.000016, 75.80 sec so far
Iteration 1288: max relative diff=0.000012, 80.85 sec so far
Iteration 1369: max relative diff=0.000008, 85.91 sec so far
Iteration 1450: max relative diff=0.000006, 90.96 sec so far
Iteration 1531: max relative diff=0.000004, 96.01 sec so far
Iteration 1612: max relative diff=0.000003, 101.07 sec so far
Iteration 1693: max relative diff=0.000002, 106.12 sec so far
Iteration 1774: max relative diff=0.000002, 111.18 sec so far
Iteration 1855: max relative diff=0.000001, 116.24 sec so far

Iterative method: 1888 iterations in 118.30 seconds (average 0.062659, setup 4.79)

Value in the initial state: 0.5885313867297959

Time for model checking: 123.264 seconds.

Result: 0.5885313867297959 (value in the initial state)

Warning: CUDD reports 6259863 non-zero references.

