PRISM
=====

Version: 4.4.dev
Date: Tue Jun 19 16:20:27 IRDT 2018
Hostname: sadegh-H81M-S2PH
Memory limits: cudd=1g, java(heap)=2.1g
Command line: prism dns173.nm dns.pctl -s -backwardvaliter -maxiters 90050 -epsilon 1e-6 -javamaxmem 2400m

Parsing model file "dns173.nm"...

Parsing properties file "dns.pctl"...

1 property:
(1) Pmax=? [ "pp" U "qq" ]

Type:        MDP
Modules:     m1 m2 m3 
Variables:   s1 s2 s3 

---------------------------------------------------------------------

Model checking: Pmax=? [ "pp" U "qq" ]

Building model...

Computing reachable states...

Reachability (BFS): 3 iterations in 0.01 seconds (average 0.002000, setup 0.00)

Time for model construction: 8.971 seconds.

Type:        MDP
States:      6400 (1 initial)
Transitions: 17594139
Choices:     25600

Transition matrix: 9294567 nodes (736006 terminal), 17594139 minterms, vars: 14r/14c/4nd

Prob0A: 3 iterations in 0.01 seconds (average 0.003000, setup 0.00)

Prob1E: 4 iterations in 0.00 seconds (average 0.000500, setup 0.00)

yes = 10, no = 21, maybe = 6369

Computing remaining probabilities...
Engine: Sparse

Building sparse matrix(FOR GS)... [n=6400, nc=25476, nnz=17509239, k=4] [200.5 MB]
Creating vector for yes...[50.0 KB]
Allocating iteration vectors... [2 x 50.0 KB]
TOTAL: [200.6 MB]

Starting iterations...
Iteration 163: max relative diff=0.001945, 5.02 sec so far
Iteration 330: max relative diff=0.000609, 10.04 sec so far
Iteration 497: max relative diff=0.000313, 15.06 sec so far
Iteration 664: max relative diff=0.000195, 20.08 sec so far
Iteration 831: max relative diff=0.000135, 25.10 sec so far
Iteration 998: max relative diff=0.000098, 30.12 sec so far
Iteration 1165: max relative diff=0.000073, 35.14 sec so far
Iteration 1332: max relative diff=0.000056, 40.16 sec so far
Iteration 1499: max relative diff=0.000044, 45.17 sec so far
Iteration 1666: max relative diff=0.000035, 50.19 sec so far
Iteration 1833: max relative diff=0.000027, 55.21 sec so far
Iteration 2000: max relative diff=0.000022, 60.23 sec so far
Iteration 2167: max relative diff=0.000018, 65.25 sec so far
Iteration 2334: max relative diff=0.000014, 70.27 sec so far
Iteration 2501: max relative diff=0.000012, 75.29 sec so far
Iteration 2668: max relative diff=0.000010, 80.30 sec so far
Iteration 2835: max relative diff=0.000008, 85.32 sec so far
Iteration 3002: max relative diff=0.000006, 90.33 sec so far
Iteration 3169: max relative diff=0.000005, 95.35 sec so far
Iteration 3336: max relative diff=0.000004, 100.37 sec so far
Iteration 3503: max relative diff=0.000004, 105.39 sec so far
Iteration 3670: max relative diff=0.000003, 110.41 sec so far
Iteration 3837: max relative diff=0.000002, 115.42 sec so far
Iteration 4004: max relative diff=0.000002, 120.43 sec so far
Iteration 4171: max relative diff=0.000002, 125.45 sec so far
Iteration 4338: max relative diff=0.000001, 130.46 sec so far
Iteration 4505: max relative diff=0.000001, 135.48 sec so far

Iterative method: 4577 iterations in 137.64 seconds (average 0.030071, setup 3.81)

Value in the initial state: 0.8192640028904559

Time for model checking: 141.527 seconds.

Result: 0.8192640028904559 (value in the initial state)

Warning: CUDD reports 9347390 non-zero references.

