PRISM
=====

Version: 4.4.dev
Date: Sun May 20 20:43:45 IRDT 2018
Hostname: sadegh-H81M-S2PH
Memory limits: cudd=1g, java(heap)=2.1g
Command line: prism dns97.nm dns.pctl -s -modpoliter -maxiters 90050 -epsilon 1e-8 -javamaxmem 2400m

Parsing model file "dns97.nm"...

Parsing properties file "dns.pctl"...

1 property:
(1) Pmax=? [ "pp" U "qq" ]

Type:        MDP
Modules:     m1 m2 m3 
Variables:   s1 s2 s3 

---------------------------------------------------------------------

Model checking: Pmax=? [ "pp" U "qq" ]

Building model...

Computing reachable states...

Reachability (BFS): 3 iterations in 0.01 seconds (average 0.002000, setup 0.00)

Time for model construction: 15.498 seconds.

Type:        MDP
States:      10000 (1 initial)
Transitions: 148991108
Choices:     30000

Transition matrix: 18259378 nodes (327022 terminal), 148991108 minterms, vars: 15r/15c/3nd

Prob0A: 2 iterations in 0.01 seconds (average 0.003000, setup 0.00)

Prob1E: 4 iterations in 0.00 seconds (average 0.000750, setup 0.00)

yes = 10, no = 120, maybe = 9870

Computing remaining probabilities...
Engine: Sparse

Building sparse matrix (FOR POLICY ITERASION)... [n=10000, nc=29610, nnz=147064749, k=3] [1.6 GB]
Creating vector for yes...[78.1 KB]
Allocating iteration vectors... [2 x 78.1 KB]
TOTAL: [1.6 GB]

Starting iterations...
Iteration 101: max relative diff=0.143536, 5.18 sec so far
Iteration 202: max relative diff=0.011700, 10.29 sec so far
Iteration 303: max relative diff=0.000954, 15.40 sec so far
Iteration 404: max relative diff=0.000041, 20.51 sec so far
Iteration 505: max relative diff=0.000001, 25.62 sec so far
Iteration 606: max relative diff=0.000000, 30.74 sec so far

Iterative method: 643 iterations in 32.66 seconds (average 0.050796, setup 13.51)

Value in the initial state: 0.1463667307964353

Time for model checking: 46.67 seconds.

Result: 0.1463667307964353 (value in the initial state)

