PRISM
=====

Version: 4.4.dev
Date: Sun May 20 18:58:22 IRDT 2018
Hostname: sadegh-H81M-S2PH
Memory limits: cudd=1g, java(heap)=2.1g
Command line: prism dns81.nm dns.pctl -s -improvedmodpoliter -maxiters 90050 -epsilon 1e-8 -javamaxmem 2400m

Parsing model file "dns81.nm"...

Parsing properties file "dns.pctl"...

1 property:
(1) Pmax=? [ "pp" U "qq" ]

Type:        MDP
Modules:     m1 m2 m3 
Variables:   s1 s2 s3 

---------------------------------------------------------------------

Model checking: Pmax=? [ "pp" U "qq" ]

Building model...

Computing reachable states...

Reachability (BFS): 3 iterations in 0.00 seconds (average 0.001000, setup 0.00)

Time for model construction: 12.943 seconds.

Type:        MDP
States:      10000 (1 initial)
Transitions: 154331895
Choices:     30000

Transition matrix: 15372268 nodes (450921 terminal), 154331895 minterms, vars: 15r/15c/3nd

Prob0A: 2 iterations in 0.00 seconds (average 0.002000, setup 0.00)

Prob1E: 4 iterations in 0.00 seconds (average 0.000250, setup 0.00)

yes = 10, no = 66, maybe = 9924

Computing remaining probabilities...
Engine: Sparse

Building sparse matrix (FOR POLICY ITERASION)... [n=10000, nc=29772, nnz=153165539, k=3] [1.7 GB]
Creating vector for yes...[78.1 KB]
Allocating iteration vectors... [2 x 78.1 KB]
TOTAL: [1.7 GB]

Starting iterations...
Iteration 204: max relative diff=0.037330, 8.63 sec so far
Iteration 408: max relative diff=0.003668, 17.26 sec so far
Iteration 612: max relative diff=0.000069, 25.86 sec so far
Iteration 816: max relative diff=0.000003, 34.45 sec so far
Iteration 1020: max relative diff=0.000000, 43.33 sec so far
Iteration 1224: max relative diff=0.000000, 52.25 sec so far

Iterative method: 1286 iterations in 55.18 seconds (average 0.042906, setup 11.64)

Value in the initial state: 0.39961785136216976

Time for model checking: 67.435 seconds.

Result: 0.39961785136216976 (value in the initial state)

