PRISM
=====

Version: 4.4.dev
Date: Tue Jun 19 12:18:11 IRDT 2018
Hostname: sadegh-H81M-S2PH
Memory limits: cudd=1g, java(heap)=2.1g
Command line: prism dns157.nm dns.pctl -s -backwardvaliter -maxiters 90050 -epsilon 1e-6 -javamaxmem 2400m

Parsing model file "dns157.nm"...

Parsing properties file "dns.pctl"...

1 property:
(1) Pmax=? [ "pp" U "qq" ]

Type:        MDP
Modules:     m1 m2 m3 
Variables:   s1 s2 s3 

---------------------------------------------------------------------

Model checking: Pmax=? [ "pp" U "qq" ]

Building model...

Computing reachable states...

Reachability (BFS): 3 iterations in 0.01 seconds (average 0.002667, setup 0.00)

Time for model construction: 24.275 seconds.

Type:        MDP
States:      8800 (1 initial)
Transitions: 68207500
Choices:     35200

Transition matrix: 19969721 nodes (481460 terminal), 68207500 minterms, vars: 15r/15c/4nd

Prob0A: 3 iterations in 0.01 seconds (average 0.002333, setup 0.00)

Prob1E: 4 iterations in 0.00 seconds (average 0.000750, setup 0.00)

yes = 10, no = 91, maybe = 8699

Computing remaining probabilities...
Engine: Sparse

Building sparse matrix(FOR GS)... [n=8800, nc=34796, nnz=67424739, k=4] [771.8 MB]
Creating vector for yes...[68.8 KB]
Allocating iteration vectors... [2 x 68.8 KB]
TOTAL: [772.0 MB]

Starting iterations...
Iteration 38: max relative diff=0.015621, 5.10 sec so far
Iteration 83: max relative diff=0.003741, 10.19 sec so far
Iteration 128: max relative diff=0.001262, 15.29 sec so far
Iteration 173: max relative diff=0.000470, 20.37 sec so far
Iteration 218: max relative diff=0.000181, 25.47 sec so far
Iteration 263: max relative diff=0.000071, 30.56 sec so far
Iteration 308: max relative diff=0.000028, 35.65 sec so far
Iteration 353: max relative diff=0.000011, 40.74 sec so far
Iteration 398: max relative diff=0.000004, 45.82 sec so far
Iteration 443: max relative diff=0.000002, 50.91 sec so far

Iterative method: 469 iterations in 53.85 seconds (average 0.114814, setup 11.97)

Value in the initial state: 0.21599372776131262

Time for model checking: 66.188 seconds.

Result: 0.21599372776131262 (value in the initial state)

Warning: CUDD reports 20896747 non-zero references.

