PRISM
=====

Version: 4.4.dev
Date: Sun May 20 21:27:36 IRDT 2018
Hostname: sadegh-H81M-S2PH
Memory limits: cudd=1g, java(heap)=2.1g
Command line: prism dns104.nm dns.pctl -s -explicitmodpoliter -maxiters 90050 -epsilon 1e-8 -javamaxmem 2400m

Parsing model file "dns104.nm"...

Parsing properties file "dns.pctl"...

1 property:
(1) Pmax=? [ "pp" U "qq" ]

Type:        MDP
Modules:     m1 m2 m3 
Variables:   s1 s2 s3 

---------------------------------------------------------------------

Model checking: Pmax=? [ "pp" U "qq" ]

Building model...

Computing reachable states...

Reachability (BFS): 3 iterations in 0.00 seconds (average 0.000333, setup 0.00)

Time for model construction: 9.596 seconds.

Type:        MDP
States:      10000 (1 initial)
Transitions: 79707918
Choices:     20000

Transition matrix: 12297749 nodes (345833 terminal), 79707918 minterms, vars: 15r/15c/2nd

Prob0A: 3 iterations in 0.01 seconds (average 0.002667, setup 0.00)

Prob1E: 4 iterations in 0.00 seconds (average 0.000500, setup 0.00)

yes = 10, no = 91, maybe = 9899

Computing remaining probabilities...
Engine: Sparse

Building sparse matrix (FOR POLICY ITERASION)... [n=10000, nc=19798, nnz=78944579, k=2] [903.6 MB]
Creating vector for yes...[78.1 KB]
Allocating iteration vectors... [2 x 78.1 KB]
TOTAL: [903.8 MB]

Starting iterations...
Iteration 202: max relative diff=0.026539, 7.16 sec so far
Iteration 404: max relative diff=0.000123, 14.41 sec so far
Iteration 606: max relative diff=0.000000, 21.66 sec so far

Iterative method: 731 iterations in 26.23 seconds (average 0.035878, setup 7.16)

Value in the initial state: 0.2131665478456818

Time for model checking: 33.766 seconds.

Result: 0.2131665478456818 (value in the initial state)

