PRISM
=====

Version: 4.4.dev
Date: Sun May 20 20:17:27 IRDT 2018
Hostname: sadegh-H81M-S2PH
Memory limits: cudd=1g, java(heap)=2.1g
Command line: prism dns91.nm dns.pctl -s -improvedmodpoliter2 -maxiters 90050 -epsilon 1e-8 -javamaxmem 2400m

Parsing model file "dns91.nm"...

Parsing properties file "dns.pctl"...

1 property:
(1) Pmax=? [ "pp" U "qq" ]

Type:        MDP
Modules:     m1 m2 m3 
Variables:   s1 s2 s3 

---------------------------------------------------------------------

Model checking: Pmax=? [ "pp" U "qq" ]

Building model...

Computing reachable states...

Reachability (BFS): 3 iterations in 0.01 seconds (average 0.001667, setup 0.00)

Time for model construction: 15.218 seconds.

Type:        MDP
States:      9600 (1 initial)
Transitions: 183488240
Choices:     38400

Transition matrix: 19847663 nodes (370058 terminal), 183488240 minterms, vars: 15r/15c/4nd

Prob0A: 2 iterations in 0.00 seconds (average 0.002000, setup 0.00)

Prob1E: 4 iterations in 1.82 seconds (average 0.455000, setup 0.00)

yes = 10, no = 36, maybe = 9554

Computing remaining probabilities...
Engine: Sparse

Building sparse matrix (FOR POLICY ITERASION)... [n=9600, nc=38216, nnz=182645243, k=4] [2.0 GB]
Creating vector for yes...[75.0 KB]
Allocating iteration vectors... [2 x 75.0 KB]
TOTAL: [2.0 GB]

Starting iterations...
Iteration 303: max relative diff=0.007783, 6.55 sec so far
Iteration 606: max relative diff=0.001002, 13.13 sec so far
Iteration 909: max relative diff=0.000122, 19.68 sec so far
Iteration 1212: max relative diff=0.000021, 26.23 sec so far
Iteration 1515: max relative diff=0.000004, 32.78 sec so far
Iteration 1818: max relative diff=0.000000, 40.00 sec so far
Iteration 2121: max relative diff=0.000000, 47.37 sec so far
Iteration 2397: max relative diff=0.000000, 54.16 sec so far

Iterative method: 2397 iterations in 54.16 seconds (average 0.022597, setup 13.36)


Number of scallar multiplications: 55352M 

Value in the initial state: 0.3898654027344596

Time for model checking: 70.844 seconds.

Result: 0.3898654027344596 (value in the initial state)

