PRISM
=====

Version: 4.4.dev
Date: Sun Jun 17 13:52:09 IRDT 2018
Hostname: sadegh-H81M-S2PH
Memory limits: cudd=1g, java(heap)=2.1g
Command line: prism dns55.nm dns.pctl -s -bucketvaliter2 -maxiters 90050 -javamaxmem 2400m

Parsing model file "dns55.nm"...

Parsing properties file "dns.pctl"...

1 property:
(1) Pmax=? [ "pp" U "qq" ]

Type:        MDP
Modules:     m1 m2 m3 
Variables:   s1 s2 s3 

---------------------------------------------------------------------

Model checking: Pmax=? [ "pp" U "qq" ]

Building model...

Computing reachable states...

Reachability (BFS): 3 iterations in 0.00 seconds (average 0.001333, setup 0.00)

Time for model construction: 18.798 seconds.

Type:        MDP
States:      8000 (1 initial)
Transitions: 263773204
Choices:     48000

Transition matrix: 15976063 nodes (249020 terminal), 263773204 minterms, vars: 15r/15c/6nd

Prob0A: 2 iterations in 0.00 seconds (average 0.002000, setup 0.00)

Prob1E: 4 iterations in 0.00 seconds (average 0.000500, setup 0.00)

yes = 10, no = 10, maybe = 7980

Computing remaining probabilities...
Engine: Sparse

Building sparse matrix(FOR GS)... [n=8000, nc=47880, nnz=263106553, k=6] [2.9 GB]
Creating vector for yes...[62.5 KB]
Allocating iteration vectors... [2 x 62.5 KB]
TOTAL: [2.9 GB]

Starting iterations...
Iterative method did not converge within after 1000 seconds.
Iterative method: 1466928 iterations in 1000.00 seconds (average 0.000682, setup 23.59)

Error: Iterative method did not converge within 1466928 iterations.
Consider using a different numerical method or increasing the maximum number of iterations.

