PRISM
=====

Version: 4.4.dev
Date: Mon Jun 18 04:53:11 IRDT 2018
Hostname: sadegh-H81M-S2PH
Memory limits: cudd=1g, java(heap)=2.1g
Command line: prism dns105.nm dns.pctl -s -bucketvaliter2 -maxiters 90050 -javamaxmem 2400m

Parsing model file "dns105.nm"...

Parsing properties file "dns.pctl"...

1 property:
(1) Pmax=? [ "pp" U "qq" ]

Type:        MDP
Modules:     m1 m2 m3 
Variables:   s1 s2 s3 

---------------------------------------------------------------------

Model checking: Pmax=? [ "pp" U "qq" ]

Building model...

Computing reachable states...

Reachability (BFS): 3 iterations in 0.01 seconds (average 0.001667, setup 0.00)

Time for model construction: 13.625 seconds.

Type:        MDP
States:      8800 (1 initial)
Transitions: 95750421
Choices:     26400

Transition matrix: 13341301 nodes (431300 terminal), 95750421 minterms, vars: 15r/15c/3nd

Prob0A: 3 iterations in 0.00 seconds (average 0.001333, setup 0.00)

Prob1E: 4 iterations in 0.00 seconds (average 0.000500, setup 0.00)

yes = 10, no = 36, maybe = 8754

Computing remaining probabilities...
Engine: Sparse

Building sparse matrix(FOR GS)... [n=8800, nc=26262, nnz=95261726, k=3] [1.1 GB]
Creating vector for yes...[68.8 KB]
Allocating iteration vectors... [2 x 68.8 KB]
TOTAL: [1.1 GB]

Starting iterations...

Iterative method: 5467824 iterations in 652.77 seconds (average 0.000119, setup 11.50)

Value in the initial state: 0.4017401744550814

Time for model checking: 673.695 seconds.

Result: 0.4017401744550814 (value in the initial state)

