PRISM
=====

Version: 4.4.dev
Date: Tue Jun 19 13:40:33 IRDT 2018
Hostname: sadegh-H81M-S2PH
Memory limits: cudd=1g, java(heap)=2.1g
Command line: prism dns164.nm dns.pctl -s -bucketvaliter2 -maxiters 90050 -javamaxmem 2400m

Parsing model file "dns164.nm"...

Parsing properties file "dns.pctl"...

1 property:
(1) Pmax=? [ "pp" U "qq" ]

Type:        MDP
Modules:     m1 m2 m3 
Variables:   s1 s2 s3 

---------------------------------------------------------------------

Model checking: Pmax=? [ "pp" U "qq" ]

Building model...

Computing reachable states...

Reachability (BFS): 3 iterations in 0.01 seconds (average 0.003000, setup 0.00)

Time for model construction: 20.604 seconds.

Type:        MDP
States:      9600 (1 initial)
Transitions: 47299803
Choices:     48000

Transition matrix: 19034501 nodes (670835 terminal), 47299803 minterms, vars: 15r/15c/5nd

Prob0A: 3 iterations in 0.03 seconds (average 0.008667, setup 0.00)

Prob1E: 15 iterations in 0.07 seconds (average 0.004600, setup 0.00)

yes = 10, no = 15, maybe = 9575

Computing remaining probabilities...
Engine: Sparse

Building sparse matrix(FOR GS)... [n=9600, nc=47875, nnz=47168116, k=5] [540.0 MB]
Creating vector for yes...[75.0 KB]
Allocating iteration vectors... [2 x 75.0 KB]
TOTAL: [540.2 MB]

Starting iterations...
Iterative method did not converge within after 1000 seconds.
Iterative method: 11900011 iterations in 1000.00 seconds (average 0.000084, setup 8.22)

Error: Iterative method did not converge within 11900011 iterations.
Consider using a different numerical method or increasing the maximum number of iterations.

