PRISM
=====

Version: 4.4.dev
Date: Sun May 20 23:04:26 IRDT 2018
Hostname: sadegh-H81M-S2PH
Memory limits: cudd=1g, java(heap)=2.1g
Command line: prism dns116.nm dns.pctl -s -improvedmodpoliter -maxiters 90050 -epsilon 1e-8 -javamaxmem 2400m

Parsing model file "dns116.nm"...

Parsing properties file "dns.pctl"...

1 property:
(1) Pmax=? [ "pp" U "qq" ]

Type:        MDP
Modules:     m1 m2 m3 
Variables:   s1 s2 s3 

---------------------------------------------------------------------

Model checking: Pmax=? [ "pp" U "qq" ]

Building model...

Computing reachable states...

Reachability (BFS): 3 iterations in 0.00 seconds (average 0.000333, setup 0.00)

Time for model construction: 5.36 seconds.

Type:        MDP
States:      6800 (1 initial)
Transitions: 37371015
Choices:     13600

Transition matrix: 6224638 nodes (303868 terminal), 37371015 minterms, vars: 15r/15c/2nd

Prob0A: 3 iterations in 0.00 seconds (average 0.000333, setup 0.00)

Prob1E: 4 iterations in 0.00 seconds (average 0.000000, setup 0.00)

yes = 10, no = 10, maybe = 6780

Computing remaining probabilities...
Engine: Sparse

Building sparse matrix (FOR POLICY ITERASION)... [n=6800, nc=13560, nnz=37263295, k=2] [426.5 MB]
Creating vector for yes...[53.1 KB]
Allocating iteration vectors... [2 x 53.1 KB]
TOTAL: [426.7 MB]

Starting iterations...
Iteration 306: max relative diff=0.003627, 5.18 sec so far
Iteration 612: max relative diff=0.000603, 10.44 sec so far
Iteration 918: max relative diff=0.000137, 15.68 sec so far
Iteration 1224: max relative diff=0.000037, 20.92 sec so far
Iteration 1530: max relative diff=0.000009, 26.16 sec so far
Iteration 1836: max relative diff=0.000002, 31.68 sec so far
Iteration 2142: max relative diff=0.000000, 37.03 sec so far
Iteration 2448: max relative diff=0.000000, 42.45 sec so far
Iteration 2754: max relative diff=0.000000, 47.98 sec so far
Iteration 3060: max relative diff=0.000000, 53.35 sec so far

Iterative method: 3162 iterations in 55.23 seconds (average 0.017466, setup 3.13)

Value in the initial state: 0.5886743063194357

Time for model checking: 58.584 seconds.

Result: 0.5886743063194357 (value in the initial state)

