PRISM
=====

Version: 4.4.dev
Date: Sun May 20 19:48:40 IRDT 2018
Hostname: sadegh-H81M-S2PH
Memory limits: cudd=1g, java(heap)=2.1g
Command line: prism dns84.nm dns.pctl -s -improvedmodpoliter2 -maxiters 90050 -epsilon 1e-8 -javamaxmem 2400m

Parsing model file "dns84.nm"...

Parsing properties file "dns.pctl"...

1 property:
(1) Pmax=? [ "pp" U "qq" ]

Type:        MDP
Modules:     m1 m2 m3 
Variables:   s1 s2 s3 

---------------------------------------------------------------------

Model checking: Pmax=? [ "pp" U "qq" ]

Building model...

Computing reachable states...

Reachability (BFS): 3 iterations in 0.00 seconds (average 0.001000, setup 0.00)

Time for model construction: 15.134 seconds.

Type:        MDP
States:      10400 (1 initial)
Transitions: 155426131
Choices:     31200

Transition matrix: 17097767 nodes (330486 terminal), 155426131 minterms, vars: 15r/15c/3nd

Prob0A: 2 iterations in 0.00 seconds (average 0.001000, setup 0.00)

Prob1E: 4 iterations in 0.00 seconds (average 0.000500, setup 0.00)

yes = 10, no = 28, maybe = 10362

Computing remaining probabilities...
Engine: Sparse

Building sparse matrix (FOR POLICY ITERASION)... [n=10400, nc=31086, nnz=154881310, k=3] [1.7 GB]
Creating vector for yes...[81.2 KB]
Allocating iteration vectors... [2 x 81.2 KB]
TOTAL: [1.7 GB]

Starting iterations...
Iteration 303: max relative diff=0.006812, 6.73 sec so far
Iteration 606: max relative diff=0.000765, 13.53 sec so far
Iteration 909: max relative diff=0.000118, 20.41 sec so far
Iteration 1212: max relative diff=0.000021, 27.32 sec so far
Iteration 1515: max relative diff=0.000004, 34.23 sec so far
Iteration 1717: max relative diff=0.000001, 39.26 sec so far
Iteration 1919: max relative diff=0.000000, 44.48 sec so far
Iteration 2121: max relative diff=0.000000, 49.78 sec so far
Iteration 2323: max relative diff=0.000000, 55.25 sec so far

Iterative method: 2424 iterations in 57.92 seconds (average 0.023893, setup 11.59)


Number of scallar multiplications: 58724M 

Value in the initial state: 0.46197405788423446

Time for model checking: 70.962 seconds.

Result: 0.46197405788423446 (value in the initial state)

