PRISM
=====

Version: 4.4.dev
Date: Sun Jun 17 09:23:42 IRDT 2018
Hostname: sadegh-H81M-S2PH
Memory limits: cudd=1g, java(heap)=2.1g
Command line: prism dns42.nm dns.pctl -s -bucketvaliter2 -maxiters 90050 -javamaxmem 2400m

Parsing model file "dns42.nm"...

Parsing properties file "dns.pctl"...

1 property:
(1) Pmax=? [ "pp" U "qq" ]

Type:        MDP
Modules:     m1 m2 m3 
Variables:   s1 s2 s3 

---------------------------------------------------------------------

Model checking: Pmax=? [ "pp" U "qq" ]

Building model...

Computing reachable states...

Reachability (BFS): 3 iterations in 0.00 seconds (average 0.000333, setup 0.00)

Time for model construction: 8.95 seconds.

Type:        MDP
States:      9600 (1 initial)
Transitions: 133985021
Choices:     19200

Transition matrix: 9030783 nodes (328168 terminal), 133985021 minterms, vars: 15r/15c/2nd

Prob0A: 2 iterations in 0.00 seconds (average 0.000500, setup 0.00)

Prob1E: 4 iterations in 0.00 seconds (average 0.000250, setup 0.00)

yes = 10, no = 10, maybe = 9580

Computing remaining probabilities...
Engine: Sparse

Building sparse matrix(FOR GS)... [n=9600, nc=19160, nnz=133711965, k=2] [1.5 GB]
Creating vector for yes...[75.0 KB]
Allocating iteration vectors... [2 x 75.0 KB]
TOTAL: [1.5 GB]

Starting iterations...
Iterative method did not converge within after 1000 seconds.
Iterative method: 10917010 iterations in 1000.00 seconds (average 0.000092, setup 10.82)

Error: Iterative method did not converge within 10917010 iterations.
Consider using a different numerical method or increasing the maximum number of iterations.

