PRISM
=====

Version: 4.4.dev
Date: Sun May 20 13:15:09 IRDT 2018
Hostname: sadegh-H81M-S2PH
Memory limits: cudd=1g, java(heap)=2.1g
Command line: prism dns37.nm dns.pctl -s -explicitmodpoliter -maxiters 90050 -epsilon 1e-8 -javamaxmem 2400m

Parsing model file "dns37.nm"...

Parsing properties file "dns.pctl"...

1 property:
(1) Pmax=? [ "pp" U "qq" ]

Type:        MDP
Modules:     m1 m2 m3 
Variables:   s1 s2 s3 

---------------------------------------------------------------------

Model checking: Pmax=? [ "pp" U "qq" ]

Building model...

Computing reachable states...

Reachability (BFS): 3 iterations in 0.00 seconds (average 0.000333, setup 0.00)

Time for model construction: 11.278 seconds.

Type:        MDP
States:      8000 (1 initial)
Transitions: 260109040
Choices:     40000

Transition matrix: 14624219 nodes (277218 terminal), 260109040 minterms, vars: 15r/15c/5nd

Prob0A: 2 iterations in 0.00 seconds (average 0.001500, setup 0.00)

Prob1E: 4 iterations in 0.00 seconds (average 0.000500, setup 0.00)

yes = 10, no = 21, maybe = 7969

Computing remaining probabilities...
Engine: Sparse

Building sparse matrix (FOR POLICY ITERASION)... [n=8000, nc=39845, nnz=259108603, k=5] [2.9 GB]
Creating vector for yes...[62.5 KB]
Allocating iteration vectors... [2 x 62.5 KB]
TOTAL: [2.9 GB]

Starting iterations...
Iteration 202: max relative diff=0.008653, 9.97 sec so far
Iteration 404: max relative diff=0.000963, 19.89 sec so far
Iteration 606: max relative diff=0.000156, 29.81 sec so far
Iteration 808: max relative diff=0.000023, 39.73 sec so far
Iteration 1010: max relative diff=0.000003, 49.65 sec so far
Iteration 1111: max relative diff=0.000001, 54.88 sec so far
Iteration 1212: max relative diff=0.000000, 59.98 sec so far
Iteration 1313: max relative diff=0.000000, 65.05 sec so far
Iteration 1414: max relative diff=0.000000, 70.29 sec so far
Iteration 1616: max relative diff=0.000000, 80.20 sec so far

Iterative method: 1633 iterations in 81.27 seconds (average 0.049766, setup 14.09)

Value in the initial state: 0.4488018770914454

Time for model checking: 96.323 seconds.

Result: 0.4488018770914454 (value in the initial state)

