PRISM
=====

Version: 4.4.dev
Date: Mon May 21 02:52:55 IRDT 2018
Hostname: sadegh-H81M-S2PH
Memory limits: cudd=1g, java(heap)=2.1g
Command line: prism dns170.nm dns.pctl -s -improvedmodpoliter -maxiters 90050 -epsilon 1e-8 -javamaxmem 2400m

Parsing model file "dns170.nm"...

Parsing properties file "dns.pctl"...

1 property:
(1) Pmax=? [ "pp" U "qq" ]

Type:        MDP
Modules:     m1 m2 m3 
Variables:   s1 s2 s3 

---------------------------------------------------------------------

Model checking: Pmax=? [ "pp" U "qq" ]

Building model...

Computing reachable states...

Reachability (BFS): 4 iterations in 0.00 seconds (average 0.000250, setup 0.00)

Time for model construction: 4.53 seconds.

Type:        MDP
States:      6800 (1 initial)
Transitions: 9464544
Choices:     13600

Transition matrix: 6204103 nodes (549799 terminal), 9464544 minterms, vars: 15r/15c/2nd

Prob0A: 3 iterations in 0.01 seconds (average 0.004000, setup 0.00)

Prob1E: 4 iterations in 0.00 seconds (average 0.000250, setup 0.00)

yes = 10, no = 105, maybe = 6685

Computing remaining probabilities...
Engine: Sparse

Building sparse matrix (FOR POLICY ITERASION)... [n=6800, nc=13370, nnz=9296823, k=2] [106.5 MB]
Creating vector for yes...[53.1 KB]
Allocating iteration vectors... [2 x 53.1 KB]
TOTAL: [106.6 MB]

Starting iterations...

Iterative method: 642 iterations in 2.53 seconds (average 0.003936, setup 1.71)

Value in the initial state: 0.14545200845059666

Time for model checking: 4.299 seconds.

Result: 0.14545200845059666 (value in the initial state)

