PRISM
=====

Version: 4.4.dev
Date: Sat Jun 16 21:32:34 IRDT 2018
Hostname: sadegh-H81M-S2PH
Memory limits: cudd=1g, java(heap)=2.1g
Command line: prism dns26.nm dns.pctl -s -backwardvaliter -maxiters 90050 -epsilon 1e-6 -javamaxmem 2400m

Parsing model file "dns26.nm"...

Parsing properties file "dns.pctl"...

1 property:
(1) Pmax=? [ "pp" U "qq" ]

Type:        MDP
Modules:     m1 m2 m3 
Variables:   s1 s2 s3 

---------------------------------------------------------------------

Model checking: Pmax=? [ "pp" U "qq" ]

Building model...

Computing reachable states...

Reachability (BFS): 3 iterations in 0.00 seconds (average 0.000333, setup 0.00)

Time for model construction: 5.74 seconds.

Type:        MDP
States:      6400 (1 initial)
Transitions: 102141785
Choices:     19200

Transition matrix: 5688927 nodes (312620 terminal), 102141785 minterms, vars: 14r/14c/3nd

Prob0A: 2 iterations in 0.00 seconds (average 0.001500, setup 0.00)

Prob1E: 4 iterations in 0.00 seconds (average 0.000500, setup 0.00)

yes = 10, no = 78, maybe = 6312

Computing remaining probabilities...
Engine: Sparse

Building sparse matrix(FOR GS)... [n=6400, nc=18936, nnz=100732331, k=3] [1.1 GB]
Creating vector for yes...[50.0 KB]
Allocating iteration vectors... [2 x 50.0 KB]
TOTAL: [1.1 GB]

Starting iterations...
Iteration 23: max relative diff=0.031006, 5.10 sec so far
Iteration 53: max relative diff=0.007349, 10.14 sec so far
Iteration 83: max relative diff=0.002495, 15.19 sec so far
Iteration 113: max relative diff=0.000937, 20.23 sec so far
Iteration 143: max relative diff=0.000365, 25.26 sec so far
Iteration 173: max relative diff=0.000144, 30.31 sec so far
Iteration 203: max relative diff=0.000057, 35.35 sec so far
Iteration 233: max relative diff=0.000023, 40.39 sec so far
Iteration 263: max relative diff=0.000009, 45.43 sec so far
Iteration 293: max relative diff=0.000004, 50.47 sec so far
Iteration 323: max relative diff=0.000001, 55.51 sec so far

Iterative method: 336 iterations in 57.70 seconds (average 0.171717, setup 8.96)

Value in the initial state: 0.2003817040745686

Time for model checking: 67.113 seconds.

Result: 0.2003817040745686 (value in the initial state)

Warning: CUDD reports 6753577 non-zero references.

