PRISM
=====

Version: 4.4.dev
Date: Sun Jun 17 00:04:11 IRDT 2018
Hostname: sadegh-H81M-S2PH
Memory limits: cudd=1g, java(heap)=2.1g
Command line: prism dns34.nm dns.pctl -s -gs -maxiters 90050 -epsilon 1e-6 -javamaxmem 2400m

Parsing model file "dns34.nm"...

Parsing properties file "dns.pctl"...

1 property:
(1) Pmax=? [ "pp" U "qq" ]

Type:        MDP
Modules:     m1 m2 m3 
Variables:   s1 s2 s3 

---------------------------------------------------------------------

Model checking: Pmax=? [ "pp" U "qq" ]

Building model...

Computing reachable states...

Reachability (BFS): 3 iterations in 0.01 seconds (average 0.001667, setup 0.00)

Time for model construction: 12.325 seconds.

Type:        MDP
States:      8400 (1 initial)
Transitions: 174026234
Choices:     25200

Transition matrix: 12175673 nodes (455778 terminal), 174026234 minterms, vars: 15r/15c/3nd

Prob0A: 2 iterations in 0.01 seconds (average 0.004500, setup 0.00)

Prob1E: 4 iterations in 0.00 seconds (average 0.000500, setup 0.00)

yes = 10, no = 78, maybe = 8312

Computing remaining probabilities...
Engine: Sparse

Building sparse matrix(FOR GS)... [n=8400, nc=24936, nnz=172181171, k=3] [1.9 GB]
Creating vector for yes...[65.6 KB]
Allocating iteration vectors... [2 x 65.6 KB]
TOTAL: [1.9 GB]

Starting iterations...
Iteration 18: max relative diff=0.047947, 5.14 sec so far
Iteration 36: max relative diff=0.017900, 10.29 sec so far
Iteration 54: max relative diff=0.009160, 15.45 sec so far
Iteration 72: max relative diff=0.005337, 20.60 sec so far
Iteration 90: max relative diff=0.003330, 25.75 sec so far
Iteration 108: max relative diff=0.002162, 30.89 sec so far
Iteration 126: max relative diff=0.001439, 36.04 sec so far
Iteration 144: max relative diff=0.000974, 41.19 sec so far
Iteration 162: max relative diff=0.000667, 46.34 sec so far
Iteration 180: max relative diff=0.000460, 51.48 sec so far
Iteration 198: max relative diff=0.000319, 56.63 sec so far
Iteration 216: max relative diff=0.000222, 61.78 sec so far
Iteration 234: max relative diff=0.000155, 66.93 sec so far
Iteration 252: max relative diff=0.000108, 72.08 sec so far
Iteration 270: max relative diff=0.000076, 77.22 sec so far
Iteration 288: max relative diff=0.000053, 82.38 sec so far
Iteration 306: max relative diff=0.000037, 87.53 sec so far
Iteration 324: max relative diff=0.000026, 92.67 sec so far
Iteration 342: max relative diff=0.000018, 97.82 sec so far
Iteration 360: max relative diff=0.000013, 102.97 sec so far
Iteration 378: max relative diff=0.000009, 108.11 sec so far
Iteration 396: max relative diff=0.000006, 113.26 sec so far
Iteration 414: max relative diff=0.000004, 118.41 sec so far
Iteration 432: max relative diff=0.000003, 123.56 sec so far
Iteration 450: max relative diff=0.000002, 128.71 sec so far
Iteration 468: max relative diff=0.000002, 133.85 sec so far
Iteration 486: max relative diff=0.000001, 139.00 sec so far

Iterative method: 490 iterations in 140.15 seconds (average 0.286010, setup 16.88)

Value in the initial state: 0.2303432113323112

Time for model checking: 157.901 seconds.

Result: 0.2303432113323112 (value in the initial state)

