PRISM
=====

Version: 4.4.dev
Date: Tue Jun 19 12:12:01 IRDT 2018
Hostname: sadegh-H81M-S2PH
Memory limits: cudd=1g, java(heap)=2.1g
Command line: prism dns156.nm dns.pctl -s -backwardvaliter -maxiters 90050 -epsilon 1e-6 -javamaxmem 2400m

Parsing model file "dns156.nm"...

Parsing properties file "dns.pctl"...

1 property:
(1) Pmax=? [ "pp" U "qq" ]

Type:        MDP
Modules:     m1 m2 m3 
Variables:   s1 s2 s3 

---------------------------------------------------------------------

Model checking: Pmax=? [ "pp" U "qq" ]

Building model...

Computing reachable states...

Reachability (BFS): 3 iterations in 0.01 seconds (average 0.002333, setup 0.00)

Time for model construction: 10.322 seconds.

Type:        MDP
States:      6400 (1 initial)
Transitions: 36857664
Choices:     25600

Transition matrix: 10014258 nodes (545075 terminal), 36857664 minterms, vars: 14r/14c/4nd

Prob0A: 3 iterations in 0.01 seconds (average 0.004000, setup 0.00)

Prob1E: 4 iterations in 0.00 seconds (average 0.000750, setup 0.00)

yes = 10, no = 55, maybe = 6335

Computing remaining probabilities...
Engine: Sparse

Building sparse matrix(FOR GS)... [n=6400, nc=25340, nnz=36486026, k=4] [417.7 MB]
Creating vector for yes...[50.0 KB]
Allocating iteration vectors... [2 x 50.0 KB]
TOTAL: [417.8 MB]

Starting iterations...
Iteration 76: max relative diff=0.005521, 5.02 sec so far
Iteration 158: max relative diff=0.001226, 10.05 sec so far
Iteration 240: max relative diff=0.000393, 15.09 sec so far
Iteration 322: max relative diff=0.000141, 20.13 sec so far
Iteration 404: max relative diff=0.000053, 25.17 sec so far
Iteration 486: max relative diff=0.000020, 30.21 sec so far
Iteration 568: max relative diff=0.000008, 35.25 sec so far
Iteration 650: max relative diff=0.000003, 40.29 sec so far
Iteration 732: max relative diff=0.000001, 45.32 sec so far

Iterative method: 742 iterations in 45.93 seconds (average 0.061903, setup 5.76)

Value in the initial state: 0.32232190217429607

Time for model checking: 51.905 seconds.

Result: 0.32232190217429607 (value in the initial state)

Warning: CUDD reports 10400654 non-zero references.

