PRISM
=====

Version: 4.4.dev
Date: Mon May 21 03:19:37 IRDT 2018
Hostname: sadegh-H81M-S2PH
Memory limits: cudd=1g, java(heap)=2.1g
Command line: prism dns181.nm dns.pctl -s -modpoliter -maxiters 90050 -epsilon 1e-8 -javamaxmem 2400m

Parsing model file "dns181.nm"...

Parsing properties file "dns.pctl"...

1 property:
(1) Pmax=? [ "pp" U "qq" ]

Type:        MDP
Modules:     m1 m2 m3 
Variables:   s1 s2 s3 

---------------------------------------------------------------------

Model checking: Pmax=? [ "pp" U "qq" ]

Building model...

Computing reachable states...

Reachability (BFS): 4 iterations in 0.00 seconds (average 0.000500, setup 0.00)

Time for model construction: 7.83 seconds.

Type:        MDP
States:      12000 (1 initial)
Transitions: 18804240
Choices:     24000

Transition matrix: 11445599 nodes (359321 terminal), 18804240 minterms, vars: 15r/15c/2nd

Prob0A: 3 iterations in 0.01 seconds (average 0.002000, setup 0.00)

Prob1E: 11 iterations in 0.01 seconds (average 0.000545, setup 0.00)

yes = 10, no = 45, maybe = 11945

Computing remaining probabilities...
Engine: Sparse

Building sparse matrix (FOR POLICY ITERASION)... [n=12000, nc=23890, nnz=18723690, k=2] [214.4 MB]
Creating vector for yes...[93.8 KB]
Allocating iteration vectors... [2 x 93.8 KB]
TOTAL: [214.7 MB]

Starting iterations...
Iteration 505: max relative diff=0.002034, 5.36 sec so far
Iteration 1010: max relative diff=0.000125, 10.67 sec so far
Iteration 1515: max relative diff=0.000005, 15.96 sec so far
Iteration 2020: max relative diff=0.000000, 21.26 sec so far
Iteration 2525: max relative diff=0.000000, 26.56 sec so far

Iterative method: 2799 iterations in 29.44 seconds (average 0.010517, setup 3.17)

Value in the initial state: 0.35610814346849645

Time for model checking: 32.687 seconds.

Result: 0.35610814346849645 (value in the initial state)

