PRISM
=====

Version: 4.4.dev
Date: Mon Jun 18 12:50:15 IRDT 2018
Hostname: sadegh-H81M-S2PH
Memory limits: cudd=1g, java(heap)=2.1g
Command line: prism dns137.nm dns.pctl -s -gs -maxiters 90050 -epsilon 1e-6 -javamaxmem 2400m

Parsing model file "dns137.nm"...

Parsing properties file "dns.pctl"...

1 property:
(1) Pmax=? [ "pp" U "qq" ]

Type:        MDP
Modules:     m1 m2 m3 
Variables:   s1 s2 s3 

---------------------------------------------------------------------

Model checking: Pmax=? [ "pp" U "qq" ]

Building model...

Computing reachable states...

Reachability (BFS): 3 iterations in 0.01 seconds (average 0.001667, setup 0.00)

Time for model construction: 12.701 seconds.

Type:        MDP
States:      8000 (1 initial)
Transitions: 60070727
Choices:     24000

Transition matrix: 12594242 nodes (423034 terminal), 60070727 minterms, vars: 15r/15c/3nd

Prob0A: 2 iterations in 0.01 seconds (average 0.003500, setup 0.00)

Prob1E: 4 iterations in 0.00 seconds (average 0.001000, setup 0.00)

yes = 10, no = 120, maybe = 7870

Computing remaining probabilities...
Engine: Sparse

Building sparse matrix(FOR GS)... [n=8000, nc=23610, nnz=59115285, k=3] [676.6 MB]
Creating vector for yes...[62.5 KB]
Allocating iteration vectors... [2 x 62.5 KB]
TOTAL: [676.8 MB]

Starting iterations...
Iteration 51: max relative diff=0.007134, 5.04 sec so far
Iteration 102: max relative diff=0.001145, 10.08 sec so far
Iteration 153: max relative diff=0.000221, 15.12 sec so far
Iteration 204: max relative diff=0.000044, 20.16 sec so far
Iteration 255: max relative diff=0.000009, 25.19 sec so far
Iteration 306: max relative diff=0.000002, 30.23 sec so far

Iterative method: 325 iterations in 32.12 seconds (average 0.098815, setup 9.65)

Value in the initial state: 0.14486757743996248

Time for model checking: 42.075 seconds.

Result: 0.14486757743996248 (value in the initial state)

