PRISM
=====

Version: 4.4.dev
Date: Tue Jun 19 12:02:56 IRDT 2018
Hostname: sadegh-H81M-S2PH
Memory limits: cudd=1g, java(heap)=2.1g
Command line: prism dns155.nm dns.pctl -s -backwardvaliter -maxiters 90050 -epsilon 1e-6 -javamaxmem 2400m

Parsing model file "dns155.nm"...

Parsing properties file "dns.pctl"...

1 property:
(1) Pmax=? [ "pp" U "qq" ]

Type:        MDP
Modules:     m1 m2 m3 
Variables:   s1 s2 s3 

---------------------------------------------------------------------

Model checking: Pmax=? [ "pp" U "qq" ]

Building model...

Computing reachable states...

Reachability (BFS): 3 iterations in 0.01 seconds (average 0.004000, setup 0.00)

Time for model construction: 12.271 seconds.

Type:        MDP
States:      8000 (1 initial)
Transitions: 43444446
Choices:     24000

Transition matrix: 12508130 nodes (452657 terminal), 43444446 minterms, vars: 15r/15c/3nd

Prob0A: 3 iterations in 0.00 seconds (average 0.001000, setup 0.00)

Prob1E: 4 iterations in 0.00 seconds (average 0.000250, setup 0.00)

yes = 10, no = 10, maybe = 7980

Computing remaining probabilities...
Engine: Sparse

Building sparse matrix(FOR GS)... [n=8000, nc=23940, nnz=43329885, k=3] [496.0 MB]
Creating vector for yes...[62.5 KB]
Allocating iteration vectors... [2 x 62.5 KB]
TOTAL: [496.2 MB]

Starting iterations...
Iteration 62: max relative diff=0.012467, 5.01 sec so far
Iteration 131: max relative diff=0.004301, 10.04 sec so far
Iteration 200: max relative diff=0.002144, 15.09 sec so far
Iteration 269: max relative diff=0.001272, 20.12 sec so far
Iteration 338: max relative diff=0.000840, 25.16 sec so far
Iteration 407: max relative diff=0.000596, 30.20 sec so far
Iteration 476: max relative diff=0.000444, 35.24 sec so far
Iteration 545: max relative diff=0.000341, 40.28 sec so far
Iteration 614: max relative diff=0.000269, 45.32 sec so far
Iteration 683: max relative diff=0.000216, 50.36 sec so far
Iteration 752: max relative diff=0.000177, 55.40 sec so far
Iteration 821: max relative diff=0.000146, 60.43 sec so far
Iteration 890: max relative diff=0.000122, 65.47 sec so far
Iteration 959: max relative diff=0.000104, 70.51 sec so far
Iteration 1028: max relative diff=0.000088, 75.55 sec so far
Iteration 1097: max relative diff=0.000076, 80.58 sec so far
Iteration 1166: max relative diff=0.000065, 85.62 sec so far
Iteration 1235: max relative diff=0.000057, 90.66 sec so far
Iteration 1304: max relative diff=0.000049, 95.69 sec so far
Iteration 1373: max relative diff=0.000043, 100.73 sec so far
Iteration 1442: max relative diff=0.000037, 105.77 sec so far
Iteration 1511: max relative diff=0.000033, 110.80 sec so far
Iteration 1580: max relative diff=0.000029, 115.84 sec so far
Iteration 1649: max relative diff=0.000025, 120.88 sec so far
Iteration 1718: max relative diff=0.000022, 125.92 sec so far
Iteration 1787: max relative diff=0.000020, 130.96 sec so far
Iteration 1856: max relative diff=0.000017, 136.01 sec so far
Iteration 1924: max relative diff=0.000015, 141.03 sec so far
Iteration 1993: max relative diff=0.000014, 146.07 sec so far
Iteration 2062: max relative diff=0.000012, 151.11 sec so far
Iteration 2131: max relative diff=0.000011, 156.15 sec so far
Iteration 2200: max relative diff=0.000009, 161.19 sec so far
Iteration 2269: max relative diff=0.000008, 166.23 sec so far
Iteration 2338: max relative diff=0.000007, 171.27 sec so far
Iteration 2407: max relative diff=0.000007, 176.30 sec so far
Iteration 2476: max relative diff=0.000006, 181.35 sec so far
Iteration 2545: max relative diff=0.000005, 186.38 sec so far
Iteration 2614: max relative diff=0.000005, 191.43 sec so far
Iteration 2683: max relative diff=0.000004, 196.47 sec so far
Iteration 2752: max relative diff=0.000004, 201.51 sec so far
Iteration 2821: max relative diff=0.000003, 206.55 sec so far
Iteration 2890: max relative diff=0.000003, 211.59 sec so far
Iteration 2959: max relative diff=0.000002, 216.62 sec so far
Iteration 3028: max relative diff=0.000002, 221.66 sec so far
Iteration 3097: max relative diff=0.000002, 226.70 sec so far
Iteration 3166: max relative diff=0.000002, 231.74 sec so far
Iteration 3235: max relative diff=0.000002, 236.78 sec so far
Iteration 3303: max relative diff=0.000001, 241.81 sec so far
Iteration 3372: max relative diff=0.000001, 246.84 sec so far
Iteration 3441: max relative diff=0.000001, 251.87 sec so far

Iterative method: 3492 iterations in 255.60 seconds (average 0.073196, setup 6.32)

Value in the initial state: 0.7015154896357252

Time for model checking: 262.098 seconds.

Result: 0.7015154896357252 (value in the initial state)

Warning: CUDD reports 12562698 non-zero references.

