PRISM
=====

Version: 4.4.dev
Date: Sun May 20 15:57:53 IRDT 2018
Hostname: sadegh-H81M-S2PH
Memory limits: cudd=1g, java(heap)=2.1g
Command line: prism dns61.nm dns.pctl -s -modpoliter -maxiters 90050 -epsilon 1e-8 -javamaxmem 2400m

Parsing model file "dns61.nm"...

Parsing properties file "dns.pctl"...

1 property:
(1) Pmax=? [ "pp" U "qq" ]

Type:        MDP
Modules:     m1 m2 m3 
Variables:   s1 s2 s3 

---------------------------------------------------------------------

Model checking: Pmax=? [ "pp" U "qq" ]

Building model...

Computing reachable states...

Reachability (BFS): 3 iterations in 0.01 seconds (average 0.002000, setup 0.00)

Time for model construction: 12.29 seconds.

Type:        MDP
States:      9600 (1 initial)
Transitions: 225987074
Choices:     38400

Transition matrix: 16515356 nodes (465433 terminal), 225987074 minterms, vars: 15r/15c/4nd

Prob0A: 2 iterations in 0.01 seconds (average 0.002500, setup 0.00)

Prob1E: 4 iterations in 0.00 seconds (average 0.000750, setup 0.00)

yes = 10, no = 105, maybe = 9485

Computing remaining probabilities...
Engine: Sparse

Building sparse matrix (FOR POLICY ITERASION)... [n=9600, nc=37940, nnz=223244476, k=4] [2.5 GB]
Creating vector for yes...[75.0 KB]
Allocating iteration vectors... [2 x 75.0 KB]
TOTAL: [2.5 GB]

Starting iterations...
Iteration 101: max relative diff=0.569253, 6.00 sec so far
Iteration 202: max relative diff=0.034518, 11.93 sec so far
Iteration 303: max relative diff=0.005877, 18.00 sec so far
Iteration 404: max relative diff=0.000917, 24.09 sec so far
Iteration 505: max relative diff=0.000050, 30.18 sec so far
Iteration 606: max relative diff=0.000009, 36.28 sec so far
Iteration 707: max relative diff=0.000000, 42.37 sec so far
Iteration 808: max relative diff=0.000000, 48.46 sec so far

Iterative method: 866 iterations in 52.02 seconds (average 0.060066, setup 15.13)

Value in the initial state: 0.25326628740790774

Time for model checking: 67.797 seconds.

Result: 0.25326628740790774 (value in the initial state)

