PRISM
=====

Version: 4.4.dev
Date: Sun May 20 11:47:36 IRDT 2018
Hostname: sadegh-H81M-S2PH
Memory limits: cudd=1g, java(heap)=2.1g
Command line: prism dns19.nm dns.pctl -s -explicitmodpoliter -maxiters 90050 -epsilon 1e-8 -javamaxmem 2400m

Parsing model file "dns19.nm"...

Parsing properties file "dns.pctl"...

1 property:
(1) Pmax=? [ "pp" U "qq" ]

Type:        MDP
Modules:     m1 m2 m3 
Variables:   s1 s2 s3 

---------------------------------------------------------------------

Model checking: Pmax=? [ "pp" U "qq" ]

Building model...

Computing reachable states...

Reachability (BFS): 2 iterations in 0.00 seconds (average 0.000000, setup 0.00)

Time for model construction: 11.478 seconds.

Type:        MDP
States:      7200 (1 initial)
Transitions: 300659328
Choices:     43200

Transition matrix: 14801318 nodes (618516 terminal), 300659328 minterms, vars: 15r/15c/6nd

Prob0A: 2 iterations in 0.01 seconds (average 0.004500, setup 0.00)

Prob1E: 4 iterations in 0.00 seconds (average 0.000250, setup 0.00)

yes = 10, no = 21, maybe = 7169

Computing remaining probabilities...
Engine: Sparse

Building sparse matrix (FOR POLICY ITERASION)... [n=7200, nc=43014, nnz=299385736, k=6] [3.3 GB]
Creating vector for yes...[56.2 KB]
Allocating iteration vectors... [2 x 56.2 KB]
TOTAL: [3.3 GB]

Starting iterations...
Iteration 202: max relative diff=0.023578, 9.58 sec so far
Iteration 404: max relative diff=0.002400, 19.14 sec so far
Iteration 606: max relative diff=0.000364, 28.71 sec so far
Iteration 808: max relative diff=0.000038, 38.28 sec so far
Iteration 1010: max relative diff=0.000006, 47.84 sec so far
Iteration 1212: max relative diff=0.000000, 57.41 sec so far
Iteration 1414: max relative diff=0.000000, 67.25 sec so far
Iteration 1515: max relative diff=0.000000, 72.28 sec so far
Iteration 1690: max relative diff=0.000000, 80.94 sec so far

Iterative method: 1690 iterations in 80.94 seconds (average 0.047895, setup 15.16)

Value in the initial state: 0.5477333199801705

Time for model checking: 97.118 seconds.

Result: 0.5477333199801705 (value in the initial state)

