PRISM
=====

Version: 4.4.dev
Date: Sun May 20 20:42:02 IRDT 2018
Hostname: sadegh-H81M-S2PH
Memory limits: cudd=1g, java(heap)=2.1g
Command line: prism dns96.nm dns.pctl -s -explicitmodpoliter -maxiters 90050 -epsilon 1e-8 -javamaxmem 2400m

Parsing model file "dns96.nm"...

Parsing properties file "dns.pctl"...

1 property:
(1) Pmax=? [ "pp" U "qq" ]

Type:        MDP
Modules:     m1 m2 m3 
Variables:   s1 s2 s3 

---------------------------------------------------------------------

Model checking: Pmax=? [ "pp" U "qq" ]

Building model...

Computing reachable states...

Reachability (BFS): 3 iterations in 0.00 seconds (average 0.000333, setup 0.00)

Time for model construction: 5.436 seconds.

Type:        MDP
States:      8000 (1 initial)
Transitions: 63521370
Choices:     16000

Transition matrix: 7334266 nodes (288292 terminal), 63521370 minterms, vars: 15r/15c/2nd

Prob0A: 3 iterations in 0.00 seconds (average 0.001333, setup 0.00)

Prob1E: 4 iterations in 0.00 seconds (average 0.000250, setup 0.00)

yes = 10, no = 55, maybe = 7935

Computing remaining probabilities...
Engine: Sparse

Building sparse matrix (FOR POLICY ITERASION)... [n=8000, nc=15870, nnz=63000045, k=2] [721.1 MB]
Creating vector for yes...[62.5 KB]
Allocating iteration vectors... [2 x 62.5 KB]
TOTAL: [721.3 MB]

Starting iterations...
Iteration 202: max relative diff=0.006706, 5.76 sec so far
Iteration 404: max relative diff=0.000106, 11.52 sec so far
Iteration 606: max relative diff=0.000000, 17.27 sec so far
Iteration 785: max relative diff=0.000000, 22.39 sec so far

Iterative method: 785 iterations in 22.39 seconds (average 0.028522, setup 4.59)

Value in the initial state: 0.25035219807453457

Time for model checking: 27.244 seconds.

Result: 0.25035219807453457 (value in the initial state)

