PRISM
=====

Version: 4.4.dev
Date: Tue Jun 19 10:00:51 IRDT 2018
Hostname: sadegh-H81M-S2PH
Memory limits: cudd=1g, java(heap)=2.1g
Command line: prism dns142.nm dns.pctl -s -backwardvaliter -maxiters 90050 -epsilon 1e-6 -javamaxmem 2400m

Parsing model file "dns142.nm"...

Parsing properties file "dns.pctl"...

1 property:
(1) Pmax=? [ "pp" U "qq" ]

Type:        MDP
Modules:     m1 m2 m3 
Variables:   s1 s2 s3 

---------------------------------------------------------------------

Model checking: Pmax=? [ "pp" U "qq" ]

Building model...

Computing reachable states...

Reachability (BFS): 3 iterations in 0.00 seconds (average 0.000667, setup 0.00)

Time for model construction: 7.6 seconds.

Type:        MDP
States:      9600 (1 initial)
Transitions: 37427562
Choices:     19200

Transition matrix: 8566377 nodes (410722 terminal), 37427562 minterms, vars: 15r/15c/2nd

Prob0A: 3 iterations in 0.00 seconds (average 0.001333, setup 0.00)

Prob1E: 4 iterations in 0.00 seconds (average 0.000500, setup 0.00)

yes = 10, no = 36, maybe = 9554

Computing remaining probabilities...
Engine: Sparse

Building sparse matrix(FOR GS)... [n=9600, nc=19108, nnz=37246583, k=2] [426.4 MB]
Creating vector for yes...[75.0 KB]
Allocating iteration vectors... [2 x 75.0 KB]
TOTAL: [426.6 MB]

Starting iterations...
Iteration 77: max relative diff=0.008203, 5.03 sec so far
Iteration 157: max relative diff=0.002593, 10.05 sec so far
Iteration 237: max relative diff=0.001174, 15.08 sec so far
Iteration 317: max relative diff=0.000604, 20.10 sec so far
Iteration 397: max relative diff=0.000331, 25.12 sec so far
Iteration 477: max relative diff=0.000187, 30.14 sec so far
Iteration 557: max relative diff=0.000107, 35.17 sec so far
Iteration 637: max relative diff=0.000062, 40.19 sec so far
Iteration 717: max relative diff=0.000036, 45.21 sec so far
Iteration 797: max relative diff=0.000021, 50.24 sec so far
Iteration 877: max relative diff=0.000012, 55.26 sec so far
Iteration 957: max relative diff=0.000007, 60.28 sec so far
Iteration 1037: max relative diff=0.000004, 65.30 sec so far
Iteration 1117: max relative diff=0.000003, 70.32 sec so far
Iteration 1197: max relative diff=0.000001, 75.34 sec so far

Iterative method: 1256 iterations in 79.04 seconds (average 0.062927, setup 5.38)

Value in the initial state: 0.42469871764828687

Time for model checking: 84.588 seconds.

Result: 0.42469871764828687 (value in the initial state)

Warning: CUDD reports 8722058 non-zero references.

