PRISM
=====

Version: 4.4.dev
Date: Sun May 20 21:32:26 IRDT 2018
Hostname: sadegh-H81M-S2PH
Memory limits: cudd=1g, java(heap)=2.1g
Command line: prism dns105.nm dns.pctl -s -improvedmodpoliter2 -maxiters 90050 -epsilon 1e-8 -javamaxmem 2400m

Parsing model file "dns105.nm"...

Parsing properties file "dns.pctl"...

1 property:
(1) Pmax=? [ "pp" U "qq" ]

Type:        MDP
Modules:     m1 m2 m3 
Variables:   s1 s2 s3 

---------------------------------------------------------------------

Model checking: Pmax=? [ "pp" U "qq" ]

Building model...

Computing reachable states...

Reachability (BFS): 3 iterations in 0.00 seconds (average 0.000333, setup 0.00)

Time for model construction: 10.192 seconds.

Type:        MDP
States:      8800 (1 initial)
Transitions: 95750421
Choices:     26400

Transition matrix: 13341301 nodes (431300 terminal), 95750421 minterms, vars: 15r/15c/3nd

Prob0A: 3 iterations in 0.00 seconds (average 0.001000, setup 0.00)

Prob1E: 4 iterations in 0.00 seconds (average 0.000500, setup 0.00)

yes = 10, no = 36, maybe = 8754

Computing remaining probabilities...
Engine: Sparse

Building sparse matrix (FOR POLICY ITERASION)... [n=8800, nc=26262, nnz=95261726, k=3] [1.1 GB]
Creating vector for yes...[68.8 KB]
Allocating iteration vectors... [2 x 68.8 KB]
TOTAL: [1.1 GB]

Starting iterations...
Iteration 404: max relative diff=0.004474, 5.53 sec so far
Iteration 808: max relative diff=0.000652, 10.68 sec so far
Iteration 1212: max relative diff=0.000064, 15.86 sec so far
Iteration 1616: max relative diff=0.000011, 20.99 sec so far
Iteration 2020: max relative diff=0.000002, 26.36 sec so far
Iteration 2424: max relative diff=0.000000, 31.95 sec so far
Iteration 2828: max relative diff=0.000000, 37.59 sec so far

Iterative method: 3052 iterations in 40.89 seconds (average 0.013398, setup 7.81)


Number of scallar multiplications: 40589M 

Value in the initial state: 0.4017873795522795

Time for model checking: 49.525 seconds.

Result: 0.4017873795522795 (value in the initial state)

