PRISM
=====

Version: 4.4.dev
Date: Tue Jun 19 10:31:54 IRDT 2018
Hostname: sadegh-H81M-S2PH
Memory limits: cudd=1g, java(heap)=2.1g
Command line: prism dns145.nm dns.pctl -s -backwardvaliter -maxiters 90050 -epsilon 1e-6 -javamaxmem 2400m

Parsing model file "dns145.nm"...

Parsing properties file "dns.pctl"...

1 property:
(1) Pmax=? [ "pp" U "qq" ]

Type:        MDP
Modules:     m1 m2 m3 
Variables:   s1 s2 s3 

---------------------------------------------------------------------

Model checking: Pmax=? [ "pp" U "qq" ]

Building model...

Computing reachable states...

Reachability (BFS): 3 iterations in 0.01 seconds (average 0.004333, setup 0.00)

Time for model construction: 14.508 seconds.

Type:        MDP
States:      8000 (1 initial)
Transitions: 54452509
Choices:     32000

Transition matrix: 14806324 nodes (676856 terminal), 54452509 minterms, vars: 15r/15c/4nd

Prob0A: 3 iterations in 0.01 seconds (average 0.004000, setup 0.00)

Prob1E: 4 iterations in 0.00 seconds (average 0.000750, setup 0.00)

yes = 10, no = 66, maybe = 7924

Computing remaining probabilities...
Engine: Sparse

Building sparse matrix(FOR GS)... [n=8000, nc=31696, nnz=53942087, k=4] [617.5 MB]
Creating vector for yes...[62.5 KB]
Allocating iteration vectors... [2 x 62.5 KB]
TOTAL: [617.7 MB]

Starting iterations...
Iteration 53: max relative diff=0.010343, 5.09 sec so far
Iteration 109: max relative diff=0.003062, 10.18 sec so far
Iteration 165: max relative diff=0.001330, 15.24 sec so far
Iteration 221: max relative diff=0.000662, 20.31 sec so far
Iteration 277: max relative diff=0.000350, 25.38 sec so far
Iteration 333: max relative diff=0.000190, 30.45 sec so far
Iteration 389: max relative diff=0.000105, 35.52 sec so far
Iteration 445: max relative diff=0.000058, 40.59 sec so far
Iteration 501: max relative diff=0.000032, 45.66 sec so far
Iteration 557: max relative diff=0.000018, 50.74 sec so far
Iteration 613: max relative diff=0.000010, 55.81 sec so far
Iteration 669: max relative diff=0.000006, 60.89 sec so far
Iteration 725: max relative diff=0.000003, 65.96 sec so far
Iteration 781: max relative diff=0.000002, 71.03 sec so far
Iteration 837: max relative diff=0.000001, 76.11 sec so far

Iterative method: 838 iterations in 76.20 seconds (average 0.090928, setup 8.73)

Value in the initial state: 0.3586507233274283

Time for model checking: 85.267 seconds.

Result: 0.3586507233274283 (value in the initial state)

Warning: CUDD reports 15316676 non-zero references.

