PRISM
=====

Version: 4.4.dev
Date: Sun May 20 18:19:10 IRDT 2018
Hostname: sadegh-H81M-S2PH
Memory limits: cudd=1g, java(heap)=2.1g
Command line: prism dns74.nm dns.pctl -s -modpoliter -maxiters 90050 -epsilon 1e-8 -javamaxmem 2400m

Parsing model file "dns74.nm"...

Parsing properties file "dns.pctl"...

1 property:
(1) Pmax=? [ "pp" U "qq" ]

Type:        MDP
Modules:     m1 m2 m3 
Variables:   s1 s2 s3 

---------------------------------------------------------------------

Model checking: Pmax=? [ "pp" U "qq" ]

Building model...

Computing reachable states...

Reachability (BFS): 3 iterations in 0.00 seconds (average 0.000667, setup 0.00)

Time for model construction: 6.37 seconds.

Type:        MDP
States:      9600 (1 initial)
Transitions: 107172906
Choices:     19200

Transition matrix: 8141336 nodes (187386 terminal), 107172906 minterms, vars: 15r/15c/2nd

Prob0A: 2 iterations in 0.00 seconds (average 0.001000, setup 0.00)

Prob1E: 4 iterations in 0.00 seconds (average 0.001000, setup 0.00)

yes = 10, no = 28, maybe = 9562

Computing remaining probabilities...
Engine: Sparse

Building sparse matrix (FOR POLICY ITERASION)... [n=9600, nc=19124, nnz=106759556, k=2] [1.2 GB]
Creating vector for yes...[75.0 KB]
Allocating iteration vectors... [2 x 75.0 KB]
TOTAL: [1.2 GB]

Starting iterations...
Iteration 101: max relative diff=0.038810, 5.29 sec so far
Iteration 202: max relative diff=0.006690, 11.05 sec so far
Iteration 303: max relative diff=0.002218, 16.80 sec so far
Iteration 404: max relative diff=0.000827, 22.52 sec so far
Iteration 505: max relative diff=0.000270, 28.23 sec so far
Iteration 606: max relative diff=0.000099, 33.94 sec so far
Iteration 707: max relative diff=0.000052, 39.65 sec so far
Iteration 808: max relative diff=0.000014, 45.36 sec so far
Iteration 909: max relative diff=0.000005, 51.07 sec so far
Iteration 1010: max relative diff=0.000002, 56.78 sec so far
Iteration 1111: max relative diff=0.000001, 62.49 sec so far
Iteration 1212: max relative diff=0.000000, 68.20 sec so far
Iteration 1313: max relative diff=0.000000, 73.90 sec so far
Iteration 1414: max relative diff=0.000000, 79.61 sec so far
Iteration 1515: max relative diff=0.000000, 85.32 sec so far

Iterative method: 1599 iterations in 90.07 seconds (average 0.056330, setup 6.71)

Value in the initial state: 0.3294985208502106

Time for model checking: 97.124 seconds.

Result: 0.3294985208502106 (value in the initial state)

