PRISM
=====

Version: 4.4.dev
Date: Mon Jun 18 10:51:08 IRDT 2018
Hostname: sadegh-H81M-S2PH
Memory limits: cudd=1g, java(heap)=2.1g
Command line: prism dns126.nm dns.pctl -s -backwardvaliter -maxiters 90050 -epsilon 1e-6 -javamaxmem 2400m

Parsing model file "dns126.nm"...

Parsing properties file "dns.pctl"...

1 property:
(1) Pmax=? [ "pp" U "qq" ]

Type:        MDP
Modules:     m1 m2 m3 
Variables:   s1 s2 s3 

---------------------------------------------------------------------

Model checking: Pmax=? [ "pp" U "qq" ]

Building model...

Computing reachable states...

Reachability (BFS): 3 iterations in 0.01 seconds (average 0.002667, setup 0.00)

Time for model construction: 25.312 seconds.

Type:        MDP
States:      8400 (1 initial)
Transitions: 108159636
Choices:     42000

Transition matrix: 20998635 nodes (602741 terminal), 108159636 minterms, vars: 15r/15c/5nd

Prob0A: 2 iterations in 0.01 seconds (average 0.003000, setup 0.00)

Prob1E: 4 iterations in 0.00 seconds (average 0.001000, setup 0.00)

yes = 10, no = 91, maybe = 8299

Computing remaining probabilities...
Engine: Sparse

Building sparse matrix(FOR GS)... [n=8400, nc=41495, nnz=106891810, k=5] [1.2 GB]
Creating vector for yes...[65.6 KB]
Allocating iteration vectors... [2 x 65.6 KB]
TOTAL: [1.2 GB]

Starting iterations...
Iteration 23: max relative diff=0.032607, 5.14 sec so far
Iteration 51: max relative diff=0.009449, 10.15 sec so far
Iteration 79: max relative diff=0.004145, 15.16 sec so far
Iteration 107: max relative diff=0.002083, 20.18 sec so far
Iteration 135: max relative diff=0.001121, 25.19 sec so far
Iteration 163: max relative diff=0.000624, 30.20 sec so far
Iteration 191: max relative diff=0.000354, 35.21 sec so far
Iteration 219: max relative diff=0.000203, 40.22 sec so far
Iteration 247: max relative diff=0.000117, 45.23 sec so far
Iteration 275: max relative diff=0.000068, 50.23 sec so far
Iteration 303: max relative diff=0.000039, 55.24 sec so far
Iteration 331: max relative diff=0.000023, 60.25 sec so far
Iteration 359: max relative diff=0.000013, 65.25 sec so far
Iteration 387: max relative diff=0.000008, 70.26 sec so far
Iteration 415: max relative diff=0.000005, 75.26 sec so far
Iteration 443: max relative diff=0.000003, 80.27 sec so far
Iteration 471: max relative diff=0.000002, 85.28 sec so far

Iterative method: 494 iterations in 89.39 seconds (average 0.180947, setup 19.03)

Value in the initial state: 0.35400527027539264

Time for model checking: 108.925 seconds.

Result: 0.35400527027539264 (value in the initial state)

Warning: CUDD reports 22238644 non-zero references.

