PRISM
=====

Version: 4.4.dev
Date: Sun May 20 15:08:29 IRDT 2018
Hostname: sadegh-H81M-S2PH
Memory limits: cudd=1g, java(heap)=2.1g
Command line: prism dns52.nm dns.pctl -s -improvedmodpoliter -maxiters 90050 -epsilon 1e-8 -javamaxmem 2400m

Parsing model file "dns52.nm"...

Parsing properties file "dns.pctl"...

1 property:
(1) Pmax=? [ "pp" U "qq" ]

Type:        MDP
Modules:     m1 m2 m3 
Variables:   s1 s2 s3 

---------------------------------------------------------------------

Model checking: Pmax=? [ "pp" U "qq" ]

Building model...

Computing reachable states...

Reachability (BFS): 3 iterations in 0.00 seconds (average 0.000667, setup 0.00)

Time for model construction: 8.498 seconds.

Type:        MDP
States:      7200 (1 initial)
Transitions: 144217611
Choices:     28800

Transition matrix: 10862359 nodes (305610 terminal), 144217611 minterms, vars: 15r/15c/4nd

Prob0A: 2 iterations in 0.00 seconds (average 0.001000, setup 0.00)

Prob1E: 4 iterations in 0.00 seconds (average 0.000250, setup 0.00)

yes = 10, no = 15, maybe = 7175

Computing remaining probabilities...
Engine: Sparse

Building sparse matrix (FOR POLICY ITERASION)... [n=7200, nc=28700, nnz=143696842, k=4] [1.6 GB]
Creating vector for yes...[56.2 KB]
Allocating iteration vectors... [2 x 56.2 KB]
TOTAL: [1.6 GB]

Starting iterations...
Iteration 204: max relative diff=0.006571, 6.96 sec so far
Iteration 408: max relative diff=0.001191, 13.95 sec so far
Iteration 612: max relative diff=0.000199, 20.90 sec so far
Iteration 816: max relative diff=0.000038, 27.83 sec so far
Iteration 1020: max relative diff=0.000009, 34.77 sec so far
Iteration 1224: max relative diff=0.000001, 41.71 sec so far
Iteration 1428: max relative diff=0.000000, 48.91 sec so far
Iteration 1632: max relative diff=0.000000, 56.12 sec so far
Iteration 1836: max relative diff=0.000000, 63.33 sec so far

Iterative method: 1938 iterations in 66.89 seconds (average 0.034512, setup 8.47)

Value in the initial state: 0.5383392102010601

Time for model checking: 75.914 seconds.

Result: 0.5383392102010601 (value in the initial state)

