PRISM
=====

Version: 4.4.beta
Date: Fri Jan 26 18:02:40 IRST 2018
Hostname: astek.hpc.vru.ac.ir
Memory limits: cudd=1g, java(heap)=65.1g
Command line: prism ../examples/consensus/coin6.nm ../examples/consensus/coin.pctl -prop 4 -const K=5 -s -topological -improvedmodpoliter -javamaxmem 75000m -maxiters 2500000

Parsing model file "../examples/consensus/coin6.nm"...

Parsing properties file "../examples/consensus/coin.pctl"...

8 properties:
(1) P>=1 [ F "finished" ]
(2) Pmin=? [ F "finished"&"all_coins_equal_0" ]
(3) Pmin=? [ F "finished"&"all_coins_equal_1" ]
(4) Pmax=? [ F "finished"&!"agree" ]
(5) Pmin=? [ F<=k "finished" ]
(6) Pmax=? [ F<=k "finished" ]
(7) R{"steps"}min=? [ F "finished" ]
(8) R{"steps"}max=? [ F "finished" ]

Type:        MDP
Modules:     process1 process2 process3 process4 process5 process6 
Variables:   counter pc1 coin1 pc2 coin2 pc3 coin3 pc4 coin4 pc5 coin5 pc6 coin6 

---------------------------------------------------------------------

Model checking: Pmax=? [ F "finished"&!"agree" ]
Model constants: K=5

Building model...
Model constants: K=5

Computing reachable states...

Reachability (BFS): 365 iterations in 0.15 seconds (average 0.000400, setup 0.00)

Time for model construction: 0.186 seconds.

Type:        MDP
States:      2935552 (1 initial)
Transitions: 14634816
Choices:     11726592

Transition matrix: 7081 nodes (3 terminal), 14634816 minterms, vars: 25r/25c/6nd

Prob0A: 277 iterations in 0.88 seconds (average 0.003181, setup 0.00)

Prob1E: 8774 iterations in 57.77 seconds (average 0.006584, setup 0.00)

yes = 1283796, no = 27270, maybe = 1624486

Computing remaining probabilities...
Engine: Sparse

Building sparse matrix... [n=2935552, nc=7512492, nnz=9400860, k=6] [117.5 MB]
Creating vector for yes... [22.4 MB]
Allocating iteration vectors... [2 x 22.4 MB]
TOTAL: [184.7 MB]

Starting iterations...

Iterative method: 495042 iterations in 24.17 seconds (average 0.000049, setup 1.72)


Number of scallar multiplications: 2738M 

Value in the initial state: 0.14997792641093438

Time for model checking: 84.708 seconds.

Result: 0.14997792641093438 (value in the initial state)

