PRISM
=====

Version: 4.4.beta
Date: Tue Jan 23 18:42:10 IRST 2018
Hostname: astek.hpc.vru.ac.ir
Memory limits: cudd=1g, java(heap)=65.1g
Command line: prism ../examples/consensus/coin4.nm ../examples/consensus/coin.pctl -prop 4 -const K=20 -ex -gs -javamaxmem 75000m -topological -maxiters 2500000

Parsing model file "../examples/consensus/coin4.nm"...

Parsing properties file "../examples/consensus/coin.pctl"...

8 properties:
(1) P>=1 [ F "finished" ]
(2) Pmin=? [ F "finished"&"all_coins_equal_0" ]
(3) Pmin=? [ F "finished"&"all_coins_equal_1" ]
(4) Pmax=? [ F "finished"&!"agree" ]
(5) Pmin=? [ F<=k "finished" ]
(6) Pmax=? [ F<=k "finished" ]
(7) R{"steps"}min=? [ F "finished" ]
(8) R{"steps"}max=? [ F "finished" ]

Type:        MDP
Modules:     process1 process2 process3 process4 
Variables:   counter pc1 coin1 pc2 coin2 pc3 coin3 pc4 coin4 

---------------------------------------------------------------------

Model checking: Pmax=? [ F "finished"&!"agree" ]
Model constants: K=20

Building model...
Model constants: K=20

Computing reachable states... 206976 states
Reachable states exploration and model construction done in 1.243 secs.
Sorting reachable states list...

Time for model construction: 1.741 seconds.

Type:        MDP
States:      206976 (1 initial)
Transitions: 697312
Choices:     558208
Max/avg:     4/2.70

Starting probabilistic reachability (max)...
Starting Prob0 (max)...
Prob0 (max) took 725 iterations and 3.117 seconds.
Starting Prob1 (max)...
Prob1 (max) took 51267 iterations and 245.524 seconds.
target=56, yes=47736, no=910, maybe=158330
Starting value iteration (max, topological, with Gauss-Seidel)...
Iteration 104103: Iteration 6049 in SCC 1 of 29, 5.00 sec so far
Iteration 161534: Iteration 4073 in SCC 1 of 29, 10.00 sec so far
Iteration 187285: Iteration 3103 in SCC 1 of 29, 15.00 sec so far
Iteration 199159: Iteration 3751 in SCC 1 of 29, 20.00 sec so far
Iteration 285463: Iteration 12995 in SCC 1 of 29, 25.00 sec so far
Iteration 330079: Iteration 16191 in SCC 1 of 29, 30.01 sec so far
Iteration 365469: Iteration 4157 in SCC 1 of 29, 35.01 sec so far
Iteration 388057: Iteration 389 in SCC 1 of 29, 40.01 sec so far
Iteration 403438: Iteration 4618 in SCC 1 of 29, 45.01 sec so far
Iteration 411613: Iteration 1377 in SCC 1 of 29, 50.01 sec so far
Iteration 414305: Iteration 4069 in SCC 1 of 29, 55.01 sec so far
Iteration 416996: Iteration 6760 in SCC 1 of 29, 60.01 sec so far
Value iteration (max, topological, with Gauss-Seidel, with 29 non-singleton SCCs) took 418664 iterations, 6438661308 MV-multiplications and 63.232 seconds.
Probabilistic reachability took 311.88 seconds.

Value in the initial state: 0.031161883249079477

Time for model checking: 311.901 seconds.

Result: 0.031161883249079477 (value in the initial state)

