PRISM
=====

Version: 4.4.beta
Date: Wed Jan 24 10:04:15 IRST 2018
Hostname: astek.hpc.vru.ac.ir
Memory limits: cudd=1g, java(heap)=65.1g
Command line: prism ../examples/consensus/coin5.nm ../examples/consensus/coin.pctl -prop 4 -const K=5 -ex -gs -javamaxmem 75000m -topological -maxiters 2500000

Parsing model file "../examples/consensus/coin5.nm"...

Parsing properties file "../examples/consensus/coin.pctl"...

8 properties:
(1) P>=1 [ F "finished" ]
(2) Pmin=? [ F "finished"&"all_coins_equal_0" ]
(3) Pmin=? [ F "finished"&"all_coins_equal_1" ]
(4) Pmax=? [ F "finished"&!"agree" ]
(5) Pmin=? [ F<=k "finished" ]
(6) Pmax=? [ F<=k "finished" ]
(7) R{"steps"}min=? [ F "finished" ]
(8) R{"steps"}max=? [ F "finished" ]

Type:        MDP
Modules:     process1 process2 process3 process4 process5 
Variables:   counter pc1 coin1 pc2 coin2 pc3 coin3 pc4 coin4 pc5 coin5 

---------------------------------------------------------------------

Model checking: Pmax=? [ F "finished"&!"agree" ]
Model constants: K=5

Building model...
Model constants: K=5

Computing reachable states... 405376 states
Reachable states exploration and model construction done in 2.777 secs.
Sorting reachable states list...

Time for model construction: 3.575 seconds.

Type:        MDP
States:      405376 (1 initial)
Transitions: 1687120
Choices:     1352320
Max/avg:     5/3.34

Starting probabilistic reachability (max)...
Starting Prob0 (max)...
Prob0 (max) took 231 iterations and 2.015 seconds.
Starting Prob1 (max)...
Prob1 (max) took 6143 iterations and 62.394 seconds.
target=150, yes=140590, no=5042, maybe=259744
Starting value iteration (max, topological, with Gauss-Seidel)...
Iteration 51820: Iteration 427 in SCC 1 of 61, 5.00 sec so far
Iteration 101683: Iteration 1034 in SCC 1 of 61, 10.00 sec so far
Iteration 109703: Iteration 433 in SCC 1 of 61, 15.01 sec so far
Value iteration (max, topological, with Gauss-Seidel, with 61 non-singleton SCCs) took 110406 iterations, 1631633408 MV-multiplications and 18.001 seconds.
Probabilistic reachability took 82.419 seconds.

Value in the initial state: 0.13994474108956684

Time for model checking: 82.443 seconds.

Result: 0.13994474108956684 (value in the initial state)

