PRISM
=====

Version: 4.4.beta
Date: Wed Jan 24 09:52:12 IRST 2018
Hostname: astek.hpc.vru.ac.ir
Memory limits: cudd=1g, java(heap)=65.1g
Command line: prism ../examples/consensus/coin5.nm ../examples/consensus/coin.pctl -prop 4 -const K=5 -s -modpoliter -javamaxmem 75000m -maxiters 2500000

Parsing model file "../examples/consensus/coin5.nm"...

Parsing properties file "../examples/consensus/coin.pctl"...

8 properties:
(1) P>=1 [ F "finished" ]
(2) Pmin=? [ F "finished"&"all_coins_equal_0" ]
(3) Pmin=? [ F "finished"&"all_coins_equal_1" ]
(4) Pmax=? [ F "finished"&!"agree" ]
(5) Pmin=? [ F<=k "finished" ]
(6) Pmax=? [ F<=k "finished" ]
(7) R{"steps"}min=? [ F "finished" ]
(8) R{"steps"}max=? [ F "finished" ]

Type:        MDP
Modules:     process1 process2 process3 process4 process5 
Variables:   counter pc1 coin1 pc2 coin2 pc3 coin3 pc4 coin4 pc5 coin5 

---------------------------------------------------------------------

Model checking: Pmax=? [ F "finished"&!"agree" ]
Model constants: K=5

Building model...
Model constants: K=5

Computing reachable states...

Reachability (BFS): 304 iterations in 0.07 seconds (average 0.000240, setup 0.00)

Time for model construction: 0.109 seconds.

Type:        MDP
States:      405376 (1 initial)
Transitions: 1687120
Choices:     1352320

Transition matrix: 4298 nodes (3 terminal), 1687120 minterms, vars: 21r/21c/5nd

Prob0A: 231 iterations in 0.36 seconds (average 0.001541, setup 0.00)

Prob1E: 5965 iterations in 15.53 seconds (average 0.002604, setup 0.00)

yes = 140590, no = 5042, maybe = 259744

Computing remaining probabilities...
Engine: Sparse

Building sparse matrix (FOR POLICY ITERASION)... [n=405376, nc=990110, nnz=1239200, k=5] [15.5 MB]
Creating vector for yes...[3.1 MB]
Allocating iteration vectors... [2 x 3.1 MB]
TOTAL: [24.8 MB]

Starting iterations...
Iteration 1414: max relative diff=0.004315, 5.03 sec so far
Iteration 2929: max relative diff=0.000531, 10.17 sec so far
Iteration 4545: max relative diff=0.000070, 15.40 sec so far
Iteration 6161: max relative diff=0.000009, 20.68 sec so far
Iteration 7777: max relative diff=0.000001, 25.93 sec so far

Iterative method: 7839 iterations in 26.14 seconds (average 0.003334, setup 0.23)


Number of scallar multiplications: 2788M 

Value in the initial state: 0.1399619965058815

Time for model checking: 42.247 seconds.

Result: 0.1399619965058815 (value in the initial state)

