PRISM
=====

Version: 4.4.beta
Date: Tue Jan 23 18:22:49 IRST 2018
Hostname: astek.hpc.vru.ac.ir
Memory limits: cudd=1g, java(heap)=65.1g
Command line: prism ../examples/consensus/coin4.nm ../examples/consensus/coin.pctl -prop 4 -const K=20 -ex -gs -javamaxmem 75000m -maxiters 2500000

Parsing model file "../examples/consensus/coin4.nm"...

Parsing properties file "../examples/consensus/coin.pctl"...

8 properties:
(1) P>=1 [ F "finished" ]
(2) Pmin=? [ F "finished"&"all_coins_equal_0" ]
(3) Pmin=? [ F "finished"&"all_coins_equal_1" ]
(4) Pmax=? [ F "finished"&!"agree" ]
(5) Pmin=? [ F<=k "finished" ]
(6) Pmax=? [ F<=k "finished" ]
(7) R{"steps"}min=? [ F "finished" ]
(8) R{"steps"}max=? [ F "finished" ]

Type:        MDP
Modules:     process1 process2 process3 process4 
Variables:   counter pc1 coin1 pc2 coin2 pc3 coin3 pc4 coin4 

---------------------------------------------------------------------

Model checking: Pmax=? [ F "finished"&!"agree" ]
Model constants: K=20

Building model...
Model constants: K=20

Computing reachable states... 206976 states
Reachable states exploration and model construction done in 1.135 secs.
Sorting reachable states list...

Time for model construction: 1.628 seconds.

Type:        MDP
States:      206976 (1 initial)
Transitions: 697312
Choices:     558208
Max/avg:     4/2.70

Starting probabilistic reachability (max)...
Starting Prob0 (max)...
Prob0 (max) took 725 iterations and 3.079 seconds.
Starting Prob1 (max)...
Prob1 (max) took 51267 iterations and 238.367 seconds.
target=56, yes=47736, no=910, maybe=158330
Starting value iteration (max, with Gauss-Seidel)...
Iteration 1905: 5.00 sec so far
Iteration 3815: 10.01 sec so far
Iteration 5728: 15.01 sec so far
Iteration 7643: 20.01 sec so far
Iteration 9561: 25.01 sec so far
Iteration 11478: 30.01 sec so far
Iteration 13397: 35.01 sec so far
Iteration 15309: 40.01 sec so far
Iteration 17229: 45.01 sec so far
Iteration 19143: 50.02 sec so far
Iteration 21062: 55.02 sec so far
Iteration 22979: 60.02 sec so far
Iteration 24898: 65.02 sec so far
Iteration 26814: 70.02 sec so far
Iteration 28734: 75.02 sec so far
Iteration 30655: 80.03 sec so far
Iteration 32575: 85.03 sec so far
Iteration 34495: 90.03 sec so far
Iteration 36418: 95.03 sec so far
Iteration 38334: 100.03 sec so far
Iteration 40251: 105.03 sec so far
Iteration 42168: 110.04 sec so far
Iteration 44089: 115.04 sec so far
Iteration 46007: 120.04 sec so far
Iteration 47930: 125.04 sec so far
Iteration 49850: 130.05 sec so far
Iteration 51772: 135.05 sec so far
Iteration 53695: 140.05 sec so far
Iteration 55620: 145.05 sec so far
Iteration 57537: 150.05 sec so far
Iteration 59459: 155.05 sec so far
Iteration 61378: 160.05 sec so far
Value iteration (max, with Gauss-Seidel) took 61872 iterations, 36772262016 MV-multiplications and 161.359 seconds.
Probabilistic reachability took 402.812 seconds.

Value in the initial state: 0.03107561213606045

Time for model checking: 402.832 seconds.

Result: 0.03107561213606045 (value in the initial state)

