PRISM
=====

Version: 4.4.beta
Date: Fri Jan 26 17:52:05 IRST 2018
Hostname: astek.hpc.vru.ac.ir
Memory limits: cudd=1g, java(heap)=65.1g
Command line: prism ../examples/consensus/coin5.nm ../examples/consensus/coin.pctl -prop 4 -const K=5 -s -topological -explicitmodpoliter -javamaxmem 75000m -maxiters 2500000

Parsing model file "../examples/consensus/coin5.nm"...

Parsing properties file "../examples/consensus/coin.pctl"...

8 properties:
(1) P>=1 [ F "finished" ]
(2) Pmin=? [ F "finished"&"all_coins_equal_0" ]
(3) Pmin=? [ F "finished"&"all_coins_equal_1" ]
(4) Pmax=? [ F "finished"&!"agree" ]
(5) Pmin=? [ F<=k "finished" ]
(6) Pmax=? [ F<=k "finished" ]
(7) R{"steps"}min=? [ F "finished" ]
(8) R{"steps"}max=? [ F "finished" ]

Type:        MDP
Modules:     process1 process2 process3 process4 process5 
Variables:   counter pc1 coin1 pc2 coin2 pc3 coin3 pc4 coin4 pc5 coin5 

---------------------------------------------------------------------

Model checking: Pmax=? [ F "finished"&!"agree" ]
Model constants: K=5

Building model...
Model constants: K=5

Computing reachable states...

Reachability (BFS): 304 iterations in 0.07 seconds (average 0.000243, setup 0.00)

Time for model construction: 0.108 seconds.

Type:        MDP
States:      405376 (1 initial)
Transitions: 1687120
Choices:     1352320

Transition matrix: 4298 nodes (3 terminal), 1687120 minterms, vars: 21r/21c/5nd

Prob0A: 231 iterations in 0.36 seconds (average 0.001550, setup 0.00)

Prob1E: 5965 iterations in 15.75 seconds (average 0.002641, setup 0.00)

yes = 140590, no = 5042, maybe = 259744

Computing remaining probabilities...
Engine: Sparse

Building sparse matrix... [n=405376, nc=990110, nnz=1239200, k=5] [15.5 MB]
Creating vector for yes... [3.1 MB]
Allocating iteration vectors... [2 x 3.1 MB]
TOTAL: [24.8 MB]

Starting iterations...
 148713 
Iterative method: 151284 iterations in 4.04 seconds (average 0.000027, setup 0.22)


Number of scallar multiplications: 808M 

Value in the initial state: 0.13994727024846104

Time for model checking: 20.398 seconds.

Result: 0.13994727024846104 (value in the initial state)

