PRISM
=====

Version: 4.4.beta
Date: Tue Jan 23 17:05:42 IRST 2018
Hostname: astek.hpc.vru.ac.ir
Memory limits: cudd=1g, java(heap)=65.1g
Command line: prism ../examples/consensus/coin4.nm ../examples/consensus/coin.pctl -prop 4 -const K=12 -s -modpoliter -javamaxmem 75000m -maxiters 2500000

Parsing model file "../examples/consensus/coin4.nm"...

Parsing properties file "../examples/consensus/coin.pctl"...

8 properties:
(1) P>=1 [ F "finished" ]
(2) Pmin=? [ F "finished"&"all_coins_equal_0" ]
(3) Pmin=? [ F "finished"&"all_coins_equal_1" ]
(4) Pmax=? [ F "finished"&!"agree" ]
(5) Pmin=? [ F<=k "finished" ]
(6) Pmax=? [ F<=k "finished" ]
(7) R{"steps"}min=? [ F "finished" ]
(8) R{"steps"}max=? [ F "finished" ]

Type:        MDP
Modules:     process1 process2 process3 process4 
Variables:   counter pc1 coin1 pc2 coin2 pc3 coin3 pc4 coin4 

---------------------------------------------------------------------

Model checking: Pmax=? [ F "finished"&!"agree" ]
Model constants: K=12

Building model...
Model constants: K=12

Computing reachable states...

Reachability (BFS): 579 iterations in 0.08 seconds (average 0.000133, setup 0.00)

Time for model construction: 0.114 seconds.

Type:        MDP
States:      125056 (1 initial)
Transitions: 420832
Choices:     337024

Transition matrix: 2388 nodes (3 terminal), 420832 minterms, vars: 19r/19c/4nd

Prob0A: 437 iterations in 0.27 seconds (average 0.000609, setup 0.00)

Prob1E: 18912 iterations in 16.51 seconds (average 0.000873, setup 0.00)

yes = 29304, no = 910, maybe = 94842

Computing remaining probabilities...
Engine: Sparse

Building sparse matrix (FOR POLICY ITERASION)... [n=125056, nc=284808, nnz=356248, k=4] [4.5 MB]
Creating vector for yes...[977.0 KB]
Allocating iteration vectors... [2 x 977.0 KB]
TOTAL: [7.3 MB]

Starting iterations...
Iteration 4141: max relative diff=0.001425, 5.01 sec so far
Iteration 7979: max relative diff=0.000253, 10.02 sec so far
Iteration 11918: max relative diff=0.000068, 15.13 sec so far
Iteration 15857: max relative diff=0.000019, 20.24 sec so far
Iteration 19796: max relative diff=0.000005, 25.37 sec so far
Iteration 23634: max relative diff=0.000002, 30.50 sec so far

Iterative method: 24959 iterations in 32.35 seconds (average 0.001296, setup 0.07)


Number of scallar multiplications: 3119M 

Value in the initial state: 0.05198266801238911

Time for model checking: 49.169 seconds.

Result: 0.05198266801238911 (value in the initial state)

