PRISM
=====

Version: 4.4.beta
Date: Wed Jan 24 09:58:51 IRST 2018
Hostname: astek.hpc.vru.ac.ir
Memory limits: cudd=1g, java(heap)=65.1g
Command line: prism ../examples/consensus/coin5.nm ../examples/consensus/coin.pctl -prop 4 -const K=5 -ex -gs -javamaxmem 75000m -maxiters 2500000

Parsing model file "../examples/consensus/coin5.nm"...

Parsing properties file "../examples/consensus/coin.pctl"...

8 properties:
(1) P>=1 [ F "finished" ]
(2) Pmin=? [ F "finished"&"all_coins_equal_0" ]
(3) Pmin=? [ F "finished"&"all_coins_equal_1" ]
(4) Pmax=? [ F "finished"&!"agree" ]
(5) Pmin=? [ F<=k "finished" ]
(6) Pmax=? [ F<=k "finished" ]
(7) R{"steps"}min=? [ F "finished" ]
(8) R{"steps"}max=? [ F "finished" ]

Type:        MDP
Modules:     process1 process2 process3 process4 process5 
Variables:   counter pc1 coin1 pc2 coin2 pc3 coin3 pc4 coin4 pc5 coin5 

---------------------------------------------------------------------

Model checking: Pmax=? [ F "finished"&!"agree" ]
Model constants: K=5

Building model...
Model constants: K=5

Computing reachable states... 405376 states
Reachable states exploration and model construction done in 2.864 secs.
Sorting reachable states list...

Time for model construction: 3.654 seconds.

Type:        MDP
States:      405376 (1 initial)
Transitions: 1687120
Choices:     1352320
Max/avg:     5/3.34

Starting probabilistic reachability (max)...
Starting Prob0 (max)...
Prob0 (max) took 231 iterations and 2.043 seconds.
Starting Prob1 (max)...
Prob1 (max) took 6143 iterations and 63.943 seconds.
target=150, yes=140590, no=5042, maybe=259744
Starting value iteration (max, with Gauss-Seidel)...
Iteration 896: 5.00 sec so far
Iteration 1800: 10.00 sec so far
Iteration 2703: 15.01 sec so far
Iteration 3599: 20.01 sec so far
Iteration 4504: 25.01 sec so far
Iteration 5411: 30.02 sec so far
Iteration 6318: 35.02 sec so far
Iteration 7228: 40.02 sec so far
Value iteration (max, with Gauss-Seidel) took 7838 iterations, 9712849600 MV-multiplications and 43.415 seconds.
Probabilistic reachability took 109.41 seconds.

Value in the initial state: 0.13996199650591745

Time for model checking: 109.437 seconds.

Result: 0.13996199650591745 (value in the initial state)

