PRISM
=====

Version: 4.4.beta
Date: Fri Jan 26 18:04:27 IRST 2018
Hostname: astek.hpc.vru.ac.ir
Memory limits: cudd=1g, java(heap)=65.1g
Command line: prism ../examples/consensus/coin4.nm ../examples/consensus/coin.pctl -prop 4 -const K=12 -s -topological -explicitmodpoliter -javamaxmem 75000m -maxiters 2500000

Parsing model file "../examples/consensus/coin4.nm"...

Parsing properties file "../examples/consensus/coin.pctl"...

8 properties:
(1) P>=1 [ F "finished" ]
(2) Pmin=? [ F "finished"&"all_coins_equal_0" ]
(3) Pmin=? [ F "finished"&"all_coins_equal_1" ]
(4) Pmax=? [ F "finished"&!"agree" ]
(5) Pmin=? [ F<=k "finished" ]
(6) Pmax=? [ F<=k "finished" ]
(7) R{"steps"}min=? [ F "finished" ]
(8) R{"steps"}max=? [ F "finished" ]

Type:        MDP
Modules:     process1 process2 process3 process4 
Variables:   counter pc1 coin1 pc2 coin2 pc3 coin3 pc4 coin4 

---------------------------------------------------------------------

Model checking: Pmax=? [ F "finished"&!"agree" ]
Model constants: K=12

Building model...
Model constants: K=12

Computing reachable states...

Reachability (BFS): 579 iterations in 0.08 seconds (average 0.000133, setup 0.00)

Time for model construction: 0.115 seconds.

Type:        MDP
States:      125056 (1 initial)
Transitions: 420832
Choices:     337024

Transition matrix: 2388 nodes (3 terminal), 420832 minterms, vars: 19r/19c/4nd

Prob0A: 437 iterations in 0.26 seconds (average 0.000588, setup 0.00)

Prob1E: 18912 iterations in 16.26 seconds (average 0.000860, setup 0.00)

yes = 29304, no = 910, maybe = 94842

Computing remaining probabilities...
Engine: Sparse

Building sparse matrix... [n=125056, nc=284808, nnz=356248, k=4] [4.5 MB]
Creating vector for yes... [977.0 KB]
Allocating iteration vectors... [2 x 977.0 KB]
TOTAL: [7.3 MB]

Starting iterations...
 30707 
Iterative method: 215079 iterations in 4.34 seconds (average 0.000020, setup 0.06)


Number of scallar multiplications: 930M 

Value in the initial state: 0.05200950035319238

Time for model checking: 20.931 seconds.

Result: 0.05200950035319238 (value in the initial state)

