PRISM
=====

Version: 4.4.beta
Date: Wed Jan 24 11:39:31 IRST 2018
Hostname: astek.hpc.vru.ac.ir
Memory limits: cudd=1g, java(heap)=65.1g
Command line: prism ../examples/consensus/coin5.nm ../examples/consensus/coin.pctl -prop 4 -const K=10 -ex -gs -javamaxmem 75000m -topological -maxiters 2500000

Parsing model file "../examples/consensus/coin5.nm"...

Parsing properties file "../examples/consensus/coin.pctl"...

8 properties:
(1) P>=1 [ F "finished" ]
(2) Pmin=? [ F "finished"&"all_coins_equal_0" ]
(3) Pmin=? [ F "finished"&"all_coins_equal_1" ]
(4) Pmax=? [ F "finished"&!"agree" ]
(5) Pmin=? [ F<=k "finished" ]
(6) Pmax=? [ F<=k "finished" ]
(7) R{"steps"}min=? [ F "finished" ]
(8) R{"steps"}max=? [ F "finished" ]

Type:        MDP
Modules:     process1 process2 process3 process4 process5 
Variables:   counter pc1 coin1 pc2 coin2 pc3 coin3 pc4 coin4 pc5 coin5 

---------------------------------------------------------------------

Model checking: Pmax=? [ F "finished"&!"agree" ]
Model constants: K=10

Building model...
Model constants: K=10

Computing reachable states... 410380 656889 792576 states
Reachable states exploration and model construction done in 8.624 secs.
Sorting reachable states list...

Time for model construction: 10.3 seconds.

Type:        MDP
States:      792576 (1 initial)
Transitions: 3307120
Choices:     2648320
Max/avg:     5/3.34

Starting probabilistic reachability (max)...
Starting Prob0 (max)...
Prob0 (max) took 456 iterations and 7.206 seconds.
Starting Prob1 (max)...
Prob1 (max) took 21618 iterations and 424.463 seconds.
target=150, yes=266590, no=5042, maybe=520944
Starting value iteration (max, topological, with Gauss-Seidel)...
Iteration 88313: Iteration 1325 in SCC 1 of 61, 5.00 sec so far
Iteration 95993: Iteration 3901 in SCC 1 of 61, 10.00 sec so far
Iteration 140111: Iteration 599 in SCC 1 of 61, 15.00 sec so far
Iteration 153034: Iteration 2516 in SCC 1 of 61, 20.00 sec so far
Iteration 163032: Iteration 2341 in SCC 1 of 61, 25.01 sec so far
Iteration 170550: Iteration 704 in SCC 1 of 61, 30.01 sec so far
Iteration 173518: Iteration 3672 in SCC 1 of 61, 35.01 sec so far
Iteration 177784: Iteration 3765 in SCC 1 of 61, 40.01 sec so far
Iteration 261369: Iteration 3233 in SCC 1 of 61, 45.01 sec so far
Iteration 271866: Iteration 2705 in SCC 1 of 61, 50.01 sec so far
Iteration 312184: Iteration 1404 in SCC 1 of 61, 55.01 sec so far
Iteration 319529: Iteration 3626 in SCC 1 of 61, 60.02 sec so far
Iteration 337897: Iteration 1440 in SCC 1 of 61, 65.02 sec so far
Iteration 345983: Iteration 354 in SCC 1 of 61, 70.02 sec so far
Iteration 349655: Iteration 4026 in SCC 1 of 61, 75.02 sec so far
Iteration 352665: Iteration 2857 in SCC 1 of 61, 80.02 sec so far
Iteration 355799: Iteration 381 in SCC 1 of 61, 85.02 sec so far
Iteration 356482: Iteration 1064 in SCC 1 of 61, 90.03 sec so far
Iteration 357165: Iteration 1747 in SCC 1 of 61, 95.03 sec so far
Iteration 357843: Iteration 2425 in SCC 1 of 61, 100.04 sec so far
Iteration 358521: Iteration 3103 in SCC 1 of 61, 105.04 sec so far
Value iteration (max, topological, with Gauss-Seidel, with 61 non-singleton SCCs) took 358556 iterations, 10221068826 MV-multiplications and 105.548 seconds.
Probabilistic reachability took 537.231 seconds.

Value in the initial state: 0.06993199574414255

Time for model checking: 537.267 seconds.

Result: 0.06993199574414255 (value in the initial state)

