PRISM
=====

Version: 4.4.beta
Date: Wed Jan 24 00:00:25 IRST 2018
Hostname: astek.hpc.vru.ac.ir
Memory limits: cudd=1g, java(heap)=65.1g
Command line: prism ../examples/consensus/coin6.nm ../examples/consensus/coin.pctl -prop 4 -const K=5 -ex -modpoliter -javamaxmem 75000m -maxiters 2500000

Parsing model file "../examples/consensus/coin6.nm"...

Parsing properties file "../examples/consensus/coin.pctl"...

8 properties:
(1) P>=1 [ F "finished" ]
(2) Pmin=? [ F "finished"&"all_coins_equal_0" ]
(3) Pmin=? [ F "finished"&"all_coins_equal_1" ]
(4) Pmax=? [ F "finished"&!"agree" ]
(5) Pmin=? [ F<=k "finished" ]
(6) Pmax=? [ F<=k "finished" ]
(7) R{"steps"}min=? [ F "finished" ]
(8) R{"steps"}max=? [ F "finished" ]

Type:        MDP
Modules:     process1 process2 process3 process4 process5 process6 
Variables:   counter pc1 coin1 pc2 coin2 pc3 coin3 pc4 coin4 pc5 coin5 pc6 coin6 

---------------------------------------------------------------------

Model checking: Pmax=? [ F "finished"&!"agree" ]
Model constants: K=5

Building model...
Model constants: K=5

Computing reachable states... 275116 482388 858169 1181556 1292912 1645643 2060748 2492977 2926698 2935552 states
Reachable states exploration and model construction done in 35.436 secs.
Sorting reachable states list...

Time for model construction: 41.416 seconds.

Type:        MDP
States:      2935552 (1 initial)
Transitions: 14634816
Choices:     11726592
Max/avg:     6/3.99

Starting probabilistic reachability (max)...
Starting Prob0 (max)...
Prob0 (max) took 277 iterations and 17.675 seconds.
Starting Prob1 (max)...
Prob1 (max) took 8987 iterations and 707.06 seconds.
target=372, yes=1283796, no=27270, maybe=1624486
Starting modified policy iteration (max)...
Modified policy iteration took 108 cycles (10169 iterations in total) and 310.559 seconds.
Probabilistic reachability took 1035.308 seconds.

Value in the initial state: 0.14987622238227982

Time for model checking: 1035.371 seconds.

Result: 0.14987622238227982 (value in the initial state)

