PRISM
=====

Version: 4.4.beta
Date: Tue Jan 23 17:58:37 IRST 2018
Hostname: astek.hpc.vru.ac.ir
Memory limits: cudd=1g, java(heap)=65.1g
Command line: prism ../examples/consensus/coin4.nm ../examples/consensus/coin.pctl -prop 4 -const K=20 -ex -gs -ii -epsilon 1e-8 -javamaxmem 75000m -maxiters 3505000

Parsing model file "../examples/consensus/coin4.nm"...

Parsing properties file "../examples/consensus/coin.pctl"...

8 properties:
(1) P>=1 [ F "finished" ]
(2) Pmin=? [ F "finished"&"all_coins_equal_0" ]
(3) Pmin=? [ F "finished"&"all_coins_equal_1" ]
(4) Pmax=? [ F "finished"&!"agree" ]
(5) Pmin=? [ F<=k "finished" ]
(6) Pmax=? [ F<=k "finished" ]
(7) R{"steps"}min=? [ F "finished" ]
(8) R{"steps"}max=? [ F "finished" ]

Type:        MDP
Modules:     process1 process2 process3 process4 
Variables:   counter pc1 coin1 pc2 coin2 pc3 coin3 pc4 coin4 

---------------------------------------------------------------------

Model checking: Pmax=? [ F "finished"&!"agree" ]
Model constants: K=20

Building model...
Model constants: K=20

Computing reachable states... 206976 states
Reachable states exploration and model construction done in 1.172 secs.
Sorting reachable states list...

Time for model construction: 1.697 seconds.

Type:        MDP
States:      206976 (1 initial)
Transitions: 697312
Choices:     558208
Max/avg:     4/2.70

Starting probabilistic reachability (max)...
Starting Prob0 (max)...
Prob0 (max) took 725 iterations and 3.104 seconds.
Starting Prob1 (max)...
Prob1 (max) took 51267 iterations and 241.817 seconds.
target=56, yes=47736, no=910, maybe=158330
Max-Quotient MDP: 158332 equivalence classes / non-trap states.
Starting interval iteration (max, with Gauss-Seidel)...
Iteration 852: max relative diff=1.42897039763e+22, 5.01 sec so far
Iteration 1711: max relative diff=106313699969, 10.01 sec so far
Iteration 2564: max relative diff=31938064.9891, 15.01 sec so far
Iteration 3425: max relative diff=542860.397397, 20.02 sec so far
Iteration 4284: max relative diff=46883.6550024, 25.02 sec so far
Iteration 5145: max relative diff=8989.75705951, 30.03 sec so far
Iteration 6004: max relative diff=2727.3837162, 35.03 sec so far
Iteration 6865: max relative diff=1092.77565733, 40.03 sec so far
Iteration 7718: max relative diff=531.161320687, 45.04 sec so far
Iteration 8580: max relative diff=291.814049176, 50.04 sec so far
Iteration 9441: max relative diff=176.289561877, 55.05 sec so far
Iteration 10302: max relative diff=114.230905789, 60.05 sec so far
Iteration 11163: max relative diff=78.110959862, 65.05 sec so far
Iteration 12024: max relative diff=55.7147307676, 70.05 sec so far
Iteration 12874: max relative diff=41.2459838958, 75.06 sec so far
Iteration 13735: max relative diff=31.2593703921, 80.06 sec so far
Iteration 14593: max relative diff=24.2501318421, 85.06 sec so far
Iteration 15454: max relative diff=19.149943268, 90.07 sec so far
Iteration 16313: max relative diff=15.3722671942, 95.07 sec so far
Iteration 17173: max relative diff=12.4969125426, 100.07 sec so far
Iteration 18027: max relative diff=10.2933846375, 105.07 sec so far
Iteration 18887: max relative diff=8.54741915071, 110.08 sec so far
Iteration 19740: max relative diff=7.16895065052, 115.08 sec so far
Iteration 20598: max relative diff=6.05056098635, 120.08 sec so far
Iteration 21454: max relative diff=5.14049219682, 125.08 sec so far
Iteration 22314: max relative diff=4.39088878421, 130.09 sec so far
Iteration 23172: max relative diff=3.77004205559, 135.09 sec so far
Iteration 24030: max relative diff=3.25143001018, 140.10 sec so far
Iteration 24887: max relative diff=2.81558640385, 145.10 sec so far
Iteration 25745: max relative diff=2.44653693589, 150.11 sec so far
Iteration 26603: max relative diff=2.13259412365, 155.11 sec so far
Iteration 27462: max relative diff=1.86403946706, 160.11 sec so far
Iteration 28320: max relative diff=1.63361383029, 165.12 sec so far
Iteration 29179: max relative diff=1.43444536803, 170.12 sec so far
Iteration 30037: max relative diff=1.26261402442, 175.12 sec so far
Iteration 30897: max relative diff=1.11333576697, 180.13 sec so far
Iteration 31756: max relative diff=0.983111091224, 185.13 sec so far
Iteration 32617: max relative diff=0.869368587711, 190.14 sec so far
Iteration 33475: max relative diff=0.770173917305, 195.14 sec so far
Iteration 34333: max relative diff=0.683145947649, 200.14 sec so far
Iteration 35189: max relative diff=0.606884023129, 205.15 sec so far
Iteration 36046: max relative diff=0.539463185397, 210.15 sec so far
Iteration 36904: max relative diff=0.479974952691, 215.16 sec so far
Iteration 37765: max relative diff=0.42723208184, 220.16 sec so far
Iteration 38623: max relative diff=0.380728902524, 225.16 sec so far
Iteration 39481: max relative diff=0.339521237964, 230.17 sec so far
Iteration 40338: max relative diff=0.303057775485, 235.17 sec so far
Iteration 41190: max relative diff=0.270792059824, 240.17 sec so far
Iteration 42047: max relative diff=0.241913644991, 245.17 sec so far
Iteration 42902: max relative diff=0.216282284764, 250.18 sec so far
Iteration 43755: max relative diff=0.193506715635, 255.18 sec so far
Iteration 44609: max relative diff=0.173156431499, 260.19 sec so far
Iteration 45463: max relative diff=0.154986311325, 265.19 sec so far
Iteration 46318: max relative diff=0.138765731701, 270.19 sec so far
Iteration 47172: max relative diff=0.12431463144, 275.20 sec so far
Iteration 48028: max relative diff=0.111330031362, 280.20 sec so far
Iteration 48882: max relative diff=0.0997836308604, 285.20 sec so far
Iteration 49738: max relative diff=0.0894001842043, 290.20 sec so far
Iteration 50590: max relative diff=0.0801664175271, 295.21 sec so far
Iteration 51444: max relative diff=0.0718915894749, 300.21 sec so far
Iteration 52297: max relative diff=0.0644675522563, 305.21 sec so far
Iteration 53151: max relative diff=0.0578292505204, 310.21 sec so far
Iteration 54003: max relative diff=0.0518854184987, 315.22 sec so far
Iteration 54858: max relative diff=0.0465396522048, 320.22 sec so far
Iteration 55717: max relative diff=0.0417207948151, 325.23 sec so far
Iteration 56575: max relative diff=0.0374147477817, 330.23 sec so far
Iteration 57433: max relative diff=0.0335556244076, 335.23 sec so far
Iteration 58278: max relative diff=0.030150821814, 340.24 sec so far
Iteration 59117: max relative diff=0.0271086507708, 345.24 sec so far
Iteration 59971: max relative diff=0.0243259404275, 350.24 sec so far
Iteration 60821: max relative diff=0.021846410837, 355.25 sec so far
Iteration 61673: max relative diff=0.0196128936143, 360.25 sec so far
Iteration 62524: max relative diff=0.0176082847253, 365.25 sec so far
Iteration 63374: max relative diff=0.0158149908031, 370.26 sec so far
Iteration 64224: max relative diff=0.0142031591094, 375.26 sec so far
Iteration 65075: max relative diff=0.0127536776883, 380.26 sec so far
Iteration 65926: max relative diff=0.0114510899892, 385.27 sec so far
Iteration 66781: max relative diff=0.0102777630247, 390.27 sec so far
Iteration 67638: max relative diff=0.00922374091237, 395.28 sec so far
Iteration 68495: max relative diff=0.00827652159344, 400.28 sec so far
Iteration 69349: max relative diff=0.00742861483981, 405.28 sec so far
Iteration 70203: max relative diff=0.00666937287989, 410.29 sec so far
Iteration 71057: max relative diff=0.00598678733737, 415.30 sec so far
Iteration 71911: max relative diff=0.00537345406539, 420.30 sec so far
Iteration 72769: max relative diff=0.0048211094111, 425.31 sec so far
Iteration 73629: max relative diff=0.00432502450668, 430.31 sec so far
Iteration 74488: max relative diff=0.00387937793085, 435.31 sec so far
Iteration 75349: max relative diff=0.00347922643405, 440.31 sec so far
Iteration 76209: max relative diff=0.00312114291485, 445.31 sec so far
Iteration 77070: max relative diff=0.00279915034995, 450.32 sec so far
Iteration 77930: max relative diff=0.00251064806478, 455.32 sec so far
Iteration 78792: max relative diff=0.00225132362601, 460.32 sec so far
Iteration 79652: max relative diff=0.00201924300802, 465.33 sec so far
Iteration 80514: max relative diff=0.00181063076854, 470.33 sec so far
Iteration 81374: max relative diff=0.00162394256639, 475.33 sec so far
Iteration 82236: max relative diff=0.00145613086078, 480.33 sec so far
Iteration 83097: max relative diff=0.0013058016063, 485.34 sec so far
Iteration 83958: max relative diff=0.00117097648499, 490.34 sec so far
Iteration 84816: max relative diff=0.001050456728, 495.34 sec so far
Iteration 85677: max relative diff=0.000941970343677, 500.34 sec so far
Iteration 86537: max relative diff=0.000844782341061, 505.35 sec so far
Iteration 87398: max relative diff=0.000757516275316, 510.35 sec so far
Iteration 88259: max relative diff=0.000679255121539, 515.35 sec so far
Iteration 89122: max relative diff=0.000608839202093, 520.36 sec so far
Iteration 89982: max relative diff=0.000546059979193, 525.36 sec so far
Iteration 90844: max relative diff=0.000489500669251, 530.36 sec so far
Iteration 91705: max relative diff=0.000438903700822, 535.36 sec so far
Iteration 92566: max relative diff=0.000393530990326, 540.37 sec so far
Iteration 93427: max relative diff=0.000352843715353, 545.37 sec so far
Iteration 94289: max relative diff=0.000316358568864, 550.38 sec so far
Iteration 95149: max relative diff=0.00028364204414, 555.38 sec so far
Iteration 96010: max relative diff=0.000254305307879, 560.39 sec so far
Iteration 96870: max relative diff=0.000228055907454, 565.39 sec so far
Iteration 97730: max relative diff=0.000204489912138, 570.40 sec so far
Iteration 98590: max relative diff=0.000183332035793, 575.40 sec so far
Iteration 99451: max relative diff=0.000164361004134, 580.40 sec so far
Iteration 100310: max relative diff=0.000147407143473, 585.40 sec so far
Iteration 101170: max relative diff=0.000132149951137, 590.41 sec so far
Iteration 102030: max relative diff=0.000118499196957, 595.41 sec so far
Iteration 102891: max relative diff=0.000106231147477, 600.41 sec so far
Iteration 103750: max relative diff=9.52450756443e-05, 605.42 sec so far
Iteration 104611: max relative diff=8.53822601583e-05, 610.42 sec so far
Iteration 105470: max relative diff=7.65689142058e-05, 615.42 sec so far
Iteration 106330: max relative diff=6.86382547355e-05, 620.42 sec so far
Iteration 107191: max relative diff=6.15282208606e-05, 625.43 sec so far
Iteration 108053: max relative diff=5.51539874982e-05, 630.43 sec so far
Iteration 108913: max relative diff=4.94394877329e-05, 635.44 sec so far
Iteration 109773: max relative diff=4.43271148566e-05, 640.44 sec so far
Iteration 110632: max relative diff=3.97390324856e-05, 645.44 sec so far
Iteration 111492: max relative diff=3.5628837248e-05, 650.45 sec so far
Iteration 112351: max relative diff=3.19403209468e-05, 655.45 sec so far
Iteration 113211: max relative diff=2.86360237818e-05, 660.46 sec so far
Iteration 114069: max relative diff=2.56769406764e-05, 665.46 sec so far
Iteration 114928: max relative diff=2.30179157159e-05, 670.46 sec so far
Iteration 115787: max relative diff=2.063890214e-05, 675.46 sec so far
Iteration 116647: max relative diff=1.84984993247e-05, 680.47 sec so far
Iteration 117508: max relative diff=1.65798814057e-05, 685.47 sec so far
Iteration 118369: max relative diff=1.48600889394e-05, 690.47 sec so far
Iteration 119229: max relative diff=1.33216597165e-05, 695.48 sec so far
Iteration 120089: max relative diff=1.19413258811e-05, 700.48 sec so far
Iteration 120948: max relative diff=1.07048239683e-05, 705.49 sec so far
Iteration 121808: max relative diff=9.59543437525e-06, 710.49 sec so far
Iteration 122668: max relative diff=8.59964970492e-06, 715.50 sec so far
Iteration 123528: max relative diff=7.70891398193e-06, 720.50 sec so far
Iteration 124388: max relative diff=6.90979239865e-06, 725.50 sec so far
Iteration 125249: max relative diff=6.1925196227e-06, 730.51 sec so far
Iteration 126108: max relative diff=5.55092991938e-06, 735.51 sec so far
Iteration 126969: max relative diff=4.97461012539e-06, 740.51 sec so far
Iteration 127830: max relative diff=4.45808110374e-06, 745.51 sec so far
Iteration 128690: max relative diff=3.99575168624e-06, 750.52 sec so far
Iteration 129550: max relative diff=3.58079072918e-06, 755.52 sec so far
Iteration 130412: max relative diff=3.20889226369e-06, 760.53 sec so far
Iteration 131272: max relative diff=2.87559105191e-06, 765.53 sec so far
Iteration 132132: max relative diff=2.57747395323e-06, 770.53 sec so far
Iteration 132992: max relative diff=2.3100673267e-06, 775.54 sec so far
Iteration 133853: max relative diff=2.07006641188e-06, 780.54 sec so far
Iteration 134714: max relative diff=1.85498279578e-06, 785.55 sec so far
Iteration 135575: max relative diff=1.66223147853e-06, 790.55 sec so far
Iteration 136434: max relative diff=1.48983360491e-06, 795.55 sec so far
Iteration 137295: max relative diff=1.33500035643e-06, 800.56 sec so far
Iteration 138156: max relative diff=1.19624774708e-06, 805.56 sec so far
Iteration 139018: max relative diff=1.07166461125e-06, 810.57 sec so far
Iteration 139879: max relative diff=9.60265157057e-07, 815.57 sec so far
Iteration 140741: max relative diff=8.6043824624e-07, 820.57 sec so far
Iteration 141602: max relative diff=7.70982524094e-07, 825.58 sec so far
Iteration 142464: max relative diff=6.90712284021e-07, 830.58 sec so far
Iteration 143324: max relative diff=6.18989416898e-07, 835.58 sec so far
Iteration 144185: max relative diff=5.5462208802e-07, 840.59 sec so far
Iteration 145046: max relative diff=4.96944106295e-07, 845.59 sec so far
Iteration 145907: max relative diff=4.45260745347e-07, 850.59 sec so far
Iteration 146767: max relative diff=3.98949378032e-07, 855.60 sec so far
Iteration 147627: max relative diff=3.57531715735e-07, 860.60 sec so far
Iteration 148486: max relative diff=3.20391128047e-07, 865.60 sec so far
Iteration 149346: max relative diff=2.871244916e-07, 870.60 sec so far
Iteration 150204: max relative diff=2.57351193454e-07, 875.61 sec so far
Iteration 151064: max relative diff=2.30612320241e-07, 880.61 sec so far
Iteration 151921: max relative diff=2.06695987099e-07, 885.62 sec so far
Iteration 152782: max relative diff=1.85187680371e-07, 890.62 sec so far
Iteration 153642: max relative diff=1.65952931027e-07, 895.63 sec so far
Iteration 154503: max relative diff=1.4868202955e-07, 900.63 sec so far
Iteration 155364: max relative diff=1.33207568191e-07, 905.64 sec so far
Iteration 156225: max relative diff=1.19342796802e-07, 910.64 sec so far
Iteration 157082: max relative diff=1.06978766134e-07, 915.64 sec so far
Iteration 157942: max relative diff=9.58426711159e-08, 920.65 sec so far
Iteration 158801: max relative diff=8.58981035008e-08, 925.65 sec so far
Iteration 159659: max relative diff=7.69848514044e-08, 930.65 sec so far
Iteration 160518: max relative diff=6.89846984704e-08, 935.66 sec so far
Iteration 161376: max relative diff=6.18256260634e-08, 940.66 sec so far
Iteration 162232: max relative diff=5.54182648738e-08, 945.66 sec so far
Iteration 163088: max relative diff=4.96854785887e-08, 950.66 sec so far
Iteration 163943: max relative diff=4.45454392062e-08, 955.67 sec so far
Iteration 164798: max relative diff=3.99368891617e-08, 960.67 sec so far
Iteration 165651: max relative diff=3.58126907094e-08, 965.68 sec so far
Iteration 166503: max relative diff=3.21195052868e-08, 970.68 sec so far
Iteration 167353: max relative diff=2.88117910961e-08, 975.68 sec so far
Iteration 168203: max relative diff=2.58501705209e-08, 980.68 sec so far
Iteration 169051: max relative diff=2.31928407742e-08, 985.69 sec so far
Iteration 169897: max relative diff=2.08165337993e-08, 990.69 sec so far
Iteration 170740: max relative diff=1.8690754432e-08, 995.69 sec so far
Iteration 171582: max relative diff=1.67855890435e-08, 1000.70 sec so far
Iteration 172420: max relative diff=1.5079580796e-08, 1005.70 sec so far
Iteration 173255: max relative diff=1.35550118612e-08, 1010.70 sec so far
Iteration 174087: max relative diff=1.21871371433e-08, 1015.71 sec so far
Iteration 174912: max relative diff=1.09674878603e-08, 1020.71 sec so far
Max relative diff between upper and lower bound on convergence: 9.99936671251e-09
Interval iteration (max, with Gauss-Seidel) took 175635 iterations, 208769596560 MV-multiplications and 1025.16 seconds.
Probabilistic reachability took 1271.126 seconds.

Value in the initial state: 0.03125000001716287

Time for model checking: 1271.149 seconds.

Result: 0.03125000001716287 (value in the initial state)

