PRISM
=====

Version: 4.4.beta
Date: Tue Jan 23 18:36:26 IRST 2018
Hostname: astek.hpc.vru.ac.ir
Memory limits: cudd=1g, java(heap)=65.1g
Command line: prism ../examples/consensus/coin4.nm ../examples/consensus/coin.pctl -prop 4 -const K=20 -ex -modpoliter -javamaxmem 75000m -maxiters 2500000

Parsing model file "../examples/consensus/coin4.nm"...

Parsing properties file "../examples/consensus/coin.pctl"...

8 properties:
(1) P>=1 [ F "finished" ]
(2) Pmin=? [ F "finished"&"all_coins_equal_0" ]
(3) Pmin=? [ F "finished"&"all_coins_equal_1" ]
(4) Pmax=? [ F "finished"&!"agree" ]
(5) Pmin=? [ F<=k "finished" ]
(6) Pmax=? [ F<=k "finished" ]
(7) R{"steps"}min=? [ F "finished" ]
(8) R{"steps"}max=? [ F "finished" ]

Type:        MDP
Modules:     process1 process2 process3 process4 
Variables:   counter pc1 coin1 pc2 coin2 pc3 coin3 pc4 coin4 

---------------------------------------------------------------------

Model checking: Pmax=? [ F "finished"&!"agree" ]
Model constants: K=20

Building model...
Model constants: K=20

Computing reachable states... 206976 states
Reachable states exploration and model construction done in 1.188 secs.
Sorting reachable states list...

Time for model construction: 1.703 seconds.

Type:        MDP
States:      206976 (1 initial)
Transitions: 697312
Choices:     558208
Max/avg:     4/2.70

Starting probabilistic reachability (max)...
Starting Prob0 (max)...
Prob0 (max) took 725 iterations and 3.082 seconds.
Starting Prob1 (max)...
Prob1 (max) took 51267 iterations and 242.868 seconds.
target=56, yes=47736, no=910, maybe=158330
Starting modified policy iteration (max)...
Modified policy iteration took 614 cycles (61307 iterations in total) and 94.206 seconds.
Probabilistic reachability took 340.161 seconds.

Value in the initial state: 0.031061232876504252

Time for model checking: 340.182 seconds.

Result: 0.031061232876504252 (value in the initial state)

