PRISM
=====

Version: 4.4.beta
Date: Wed Jan 24 10:05:43 IRST 2018
Hostname: astek.hpc.vru.ac.ir
Memory limits: cudd=1g, java(heap)=981.5m
Command line: prism ../examples/consensus/coin5.nm ../examples/consensus/coin.pctl -prop 4 -const K=10 -s -gs -maxiters 2500000

Parsing model file "../examples/consensus/coin5.nm"...

Parsing properties file "../examples/consensus/coin.pctl"...

8 properties:
(1) P>=1 [ F "finished" ]
(2) Pmin=? [ F "finished"&"all_coins_equal_0" ]
(3) Pmin=? [ F "finished"&"all_coins_equal_1" ]
(4) Pmax=? [ F "finished"&!"agree" ]
(5) Pmin=? [ F<=k "finished" ]
(6) Pmax=? [ F<=k "finished" ]
(7) R{"steps"}min=? [ F "finished" ]
(8) R{"steps"}max=? [ F "finished" ]

Type:        MDP
Modules:     process1 process2 process3 process4 process5 
Variables:   counter pc1 coin1 pc2 coin2 pc3 coin3 pc4 coin4 pc5 coin5 

---------------------------------------------------------------------

Model checking: Pmax=? [ F "finished"&!"agree" ]
Model constants: K=10

Building model...
Model constants: K=10

Computing reachable states...

Reachability (BFS): 604 iterations in 0.15 seconds (average 0.000242, setup 0.00)

Time for model construction: 0.208 seconds.

Type:        MDP
States:      792576 (1 initial)
Transitions: 3307120
Choices:     2648320

Transition matrix: 4325 nodes (3 terminal), 3307120 minterms, vars: 22r/22c/5nd

Prob0A: 456 iterations in 0.56 seconds (average 0.001217, setup 0.00)

Prob1E: 21265 iterations in 47.22 seconds (average 0.002220, setup 0.00)

yes = 266590, no = 5042, maybe = 520944

Computing remaining probabilities...
Engine: Sparse

Building sparse matrix(FOR GS)... [n=792576, nc=1984110, nnz=2481700, k=5] [31.0 MB]
Creating vector for yes...[6.0 MB]
Allocating iteration vectors... [2 x 6.0 MB]
TOTAL: [49.2 MB]

Starting iterations...
Iteration 368: max relative diff=0.338199, 5.01 sec so far
Iteration 731: max relative diff=0.078086, 10.03 sec so far
Iteration 1096: max relative diff=0.032766, 15.04 sec so far
Iteration 1458: max relative diff=0.017582, 20.04 sec so far
Iteration 1822: max relative diff=0.010705, 25.05 sec so far
Iteration 2186: max relative diff=0.007105, 30.05 sec so far
Iteration 2551: max relative diff=0.004980, 35.06 sec so far
Iteration 2915: max relative diff=0.003643, 40.07 sec so far
Iteration 3280: max relative diff=0.002755, 45.07 sec so far
Iteration 3645: max relative diff=0.002140, 50.09 sec so far
Iteration 4011: max relative diff=0.001696, 55.09 sec so far
Iteration 4376: max relative diff=0.001370, 60.11 sec so far
Iteration 4741: max relative diff=0.001122, 65.11 sec so far
Iteration 5106: max relative diff=0.000932, 70.12 sec so far
Iteration 5471: max relative diff=0.000783, 75.12 sec so far
Iteration 5835: max relative diff=0.000664, 80.12 sec so far
Iteration 6201: max relative diff=0.000567, 85.13 sec so far
Iteration 6566: max relative diff=0.000488, 90.14 sec so far
Iteration 6931: max relative diff=0.000422, 95.14 sec so far
Iteration 7296: max relative diff=0.000368, 100.15 sec so far
Iteration 7662: max relative diff=0.000321, 105.16 sec so far
Iteration 8027: max relative diff=0.000282, 110.17 sec so far
Iteration 8393: max relative diff=0.000248, 115.17 sec so far
Iteration 8756: max relative diff=0.000220, 120.17 sec so far
Iteration 9123: max relative diff=0.000194, 125.17 sec so far
Iteration 9488: max relative diff=0.000172, 130.18 sec so far
Iteration 9855: max relative diff=0.000153, 135.19 sec so far
Iteration 10217: max relative diff=0.000137, 140.20 sec so far
Iteration 10580: max relative diff=0.000122, 145.20 sec so far
Iteration 10947: max relative diff=0.000109, 150.21 sec so far
Iteration 11314: max relative diff=0.000097, 155.22 sec so far
Iteration 11681: max relative diff=0.000087, 160.23 sec so far
Iteration 12048: max relative diff=0.000078, 165.24 sec so far
Iteration 12414: max relative diff=0.000070, 170.24 sec so far
Iteration 12780: max relative diff=0.000062, 175.25 sec so far
Iteration 13147: max relative diff=0.000056, 180.26 sec so far
Iteration 13513: max relative diff=0.000050, 185.27 sec so far
Iteration 13880: max relative diff=0.000045, 190.27 sec so far
Iteration 14247: max relative diff=0.000040, 195.28 sec so far
Iteration 14613: max relative diff=0.000036, 200.29 sec so far
Iteration 14980: max relative diff=0.000032, 205.30 sec so far
Iteration 15346: max relative diff=0.000029, 210.31 sec so far
Iteration 15713: max relative diff=0.000026, 215.31 sec so far
Iteration 16080: max relative diff=0.000023, 220.33 sec so far
Iteration 16447: max relative diff=0.000021, 225.34 sec so far
Iteration 16814: max relative diff=0.000019, 230.35 sec so far
Iteration 17180: max relative diff=0.000017, 235.35 sec so far
Iteration 17547: max relative diff=0.000015, 240.36 sec so far
Iteration 17914: max relative diff=0.000014, 245.37 sec so far
Iteration 18281: max relative diff=0.000012, 250.38 sec so far
Iteration 18648: max relative diff=0.000011, 255.38 sec so far
Iteration 19015: max relative diff=0.000010, 260.39 sec so far
Iteration 19381: max relative diff=0.000009, 265.39 sec so far
Iteration 19747: max relative diff=0.000008, 270.40 sec so far
Iteration 20114: max relative diff=0.000007, 275.40 sec so far
Iteration 20481: max relative diff=0.000006, 280.42 sec so far
Iteration 20848: max relative diff=0.000006, 285.42 sec so far
Iteration 21215: max relative diff=0.000005, 290.43 sec so far
Iteration 21581: max relative diff=0.000004, 295.44 sec so far
Iteration 21947: max relative diff=0.000004, 300.44 sec so far
Iteration 22314: max relative diff=0.000004, 305.45 sec so far
Iteration 22681: max relative diff=0.000003, 310.46 sec so far
Iteration 23047: max relative diff=0.000003, 315.46 sec so far
Iteration 23414: max relative diff=0.000003, 320.47 sec so far
Iteration 23781: max relative diff=0.000002, 325.49 sec so far
Iteration 24147: max relative diff=0.000002, 330.49 sec so far
Iteration 24514: max relative diff=0.000002, 335.49 sec so far
Iteration 24881: max relative diff=0.000002, 340.50 sec so far
Iteration 25247: max relative diff=0.000001, 345.50 sec so far
Iteration 25614: max relative diff=0.000001, 350.51 sec so far
Iteration 25981: max relative diff=0.000001, 355.52 sec so far
Iteration 26348: max relative diff=0.000001, 360.53 sec so far

Iterative method: 26467 iterations in 362.60 seconds (average 0.013683, setup 0.44)

Value in the initial state: 0.06985506278969256

Time for model checking: 410.46 seconds.

Result: 0.06985506278969256 (value in the initial state)

