PRISM
=====

Version: 4.4.beta
Date: Wed Jan 24 12:26:36 IRST 2018
Hostname: astek.hpc.vru.ac.ir
Memory limits: cudd=1g, java(heap)=65.1g
Command line: prism ../examples/consensus/coin5.nm ../examples/consensus/coin.pctl -prop 4 -const K=15 -ex -gs -ii -epsilon 1e-8 -javamaxmem 75000m -maxiters 3505000

Parsing model file "../examples/consensus/coin5.nm"...

Parsing properties file "../examples/consensus/coin.pctl"...

8 properties:
(1) P>=1 [ F "finished" ]
(2) Pmin=? [ F "finished"&"all_coins_equal_0" ]
(3) Pmin=? [ F "finished"&"all_coins_equal_1" ]
(4) Pmax=? [ F "finished"&!"agree" ]
(5) Pmin=? [ F<=k "finished" ]
(6) Pmax=? [ F<=k "finished" ]
(7) R{"steps"}min=? [ F "finished" ]
(8) R{"steps"}max=? [ F "finished" ]

Type:        MDP
Modules:     process1 process2 process3 process4 process5 
Variables:   counter pc1 coin1 pc2 coin2 pc3 coin3 pc4 coin4 pc5 coin5 

---------------------------------------------------------------------

Model checking: Pmax=? [ F "finished"&!"agree" ]
Model constants: K=15

Building model...
Model constants: K=15

Computing reachable states... 396067 621821 1179776 states
Reachable states exploration and model construction done in 10.792 secs.
Sorting reachable states list...

Time for model construction: 13.606 seconds.

Type:        MDP
States:      1179776 (1 initial)
Transitions: 4927120
Choices:     3944320
Max/avg:     5/3.34

Starting probabilistic reachability (max)...
Starting Prob0 (max)...
Prob0 (max) took 681 iterations and 15.144 seconds.
Starting Prob1 (max)...
Prob1 (max) took 46468 iterations and 1402.054 seconds.
target=150, yes=392590, no=5042, maybe=782144
Max-Quotient MDP: 782146 equivalence classes / non-trap states.
Starting interval iteration (max, with Gauss-Seidel)...
Iteration 134: max relative diff=Infinity, 5.04 sec so far
Iteration 268: max relative diff=Infinity, 10.04 sec so far
Iteration 402: max relative diff=1.33967390809e+45, 15.07 sec so far
Iteration 536: max relative diff=1.66061929343e+31, 20.08 sec so far
Iteration 670: max relative diff=1.98873174058e+24, 25.11 sec so far
Iteration 804: max relative diff=1.02881489876e+20, 30.13 sec so far
Iteration 938: max relative diff=1.19783777567e+17, 35.14 sec so far
Iteration 1072: max relative diff=8.24622537863e+14, 40.14 sec so far
Iteration 1206: max relative diff=1.83911891976e+13, 45.15 sec so far
Iteration 1341: max relative diff=867182039704, 50.18 sec so far
Iteration 1475: max relative diff=75155094718, 55.18 sec so far
Iteration 1610: max relative diff=9701100078.34, 60.22 sec so far
Iteration 1745: max relative diff=1730702824.55, 65.25 sec so far
Iteration 1880: max relative diff=395926459.715, 70.27 sec so far
Iteration 2015: max relative diff=110444347.994, 75.30 sec so far
Iteration 2150: max relative diff=36178425.3046, 80.31 sec so far
Iteration 2285: max relative diff=13522396.8821, 85.35 sec so far
Iteration 2420: max relative diff=5639961.44506, 90.37 sec so far
Iteration 2555: max relative diff=2579270.73461, 95.39 sec so far
Iteration 2690: max relative diff=1275371.8951, 100.41 sec so far
Iteration 2825: max relative diff=674198.248922, 105.43 sec so far
Iteration 2960: max relative diff=377523.022324, 110.45 sec so far
Iteration 3095: max relative diff=222230.085679, 115.48 sec so far
Iteration 3230: max relative diff=136653.446772, 120.50 sec so far
Iteration 3365: max relative diff=87316.2799062, 125.53 sec so far
Iteration 3500: max relative diff=57722.9276962, 130.54 sec so far
Iteration 3635: max relative diff=39333.4502702, 135.57 sec so far
Iteration 3770: max relative diff=27528.829969, 140.59 sec so far
Iteration 3905: max relative diff=19733.9609819, 145.62 sec so far
Iteration 4040: max relative diff=14454.1543318, 150.64 sec so far
Iteration 4175: max relative diff=10794.6891014, 155.66 sec so far
Iteration 4310: max relative diff=8204.80737075, 160.68 sec so far
Iteration 4445: max relative diff=6336.74754579, 165.70 sec so far
Iteration 4580: max relative diff=4965.76297675, 170.72 sec so far
Iteration 4715: max relative diff=3943.48212776, 175.74 sec so far
Iteration 4850: max relative diff=3170.0190378, 180.77 sec so far
Iteration 4985: max relative diff=2576.90568155, 185.80 sec so far
Iteration 5120: max relative diff=2116.42159362, 190.82 sec so far
Iteration 5255: max relative diff=1754.78980262, 195.85 sec so far
Iteration 5390: max relative diff=1467.75787932, 200.87 sec so far
Iteration 5525: max relative diff=1237.67867313, 205.90 sec so far
Iteration 5660: max relative diff=1051.55089883, 210.91 sec so far
Iteration 5795: max relative diff=899.684323507, 215.94 sec so far
Iteration 5930: max relative diff=774.777744394, 220.95 sec so far
Iteration 6065: max relative diff=671.273764697, 225.97 sec so far
Iteration 6200: max relative diff=584.901723195, 231.00 sec so far
Iteration 6335: max relative diff=512.350170574, 236.02 sec so far
Iteration 6470: max relative diff=451.036828242, 241.04 sec so far
Iteration 6605: max relative diff=398.916520536, 246.06 sec so far
Iteration 6740: max relative diff=354.361422088, 251.07 sec so far
Iteration 6875: max relative diff=316.075916221, 256.10 sec so far
Iteration 7010: max relative diff=283.016575013, 261.14 sec so far
Iteration 7145: max relative diff=254.33769524, 266.17 sec so far
Iteration 7280: max relative diff=229.349715179, 271.20 sec so far
Iteration 7415: max relative diff=207.487238279, 276.23 sec so far
Iteration 7550: max relative diff=188.284164642, 281.26 sec so far
Iteration 7685: max relative diff=171.354193677, 286.30 sec so far
Iteration 7820: max relative diff=156.375498118, 291.33 sec so far
Iteration 7954: max relative diff=143.217144291, 296.34 sec so far
Iteration 8089: max relative diff=131.360592172, 301.37 sec so far
Iteration 8223: max relative diff=120.833519899, 306.37 sec so far
Iteration 8358: max relative diff=111.337389146, 311.41 sec so far
Iteration 8492: max relative diff=102.848640074, 316.41 sec so far
Iteration 8627: max relative diff=95.1622914, 321.44 sec so far
Iteration 8761: max relative diff=88.2944705089, 326.44 sec so far
Iteration 8896: max relative diff=82.0045492634, 331.47 sec so far
Iteration 9030: max relative diff=76.3265840583, 336.47 sec so far
Iteration 9165: max relative diff=71.133479787, 341.50 sec so far
Iteration 9300: max relative diff=66.4010053759, 346.53 sec so far
Iteration 9435: max relative diff=62.0793602805, 351.56 sec so far
Iteration 9570: max relative diff=58.1250183194, 356.59 sec so far
Iteration 9705: max relative diff=54.4998331212, 361.62 sec so far
Iteration 9840: max relative diff=51.1702849978, 366.66 sec so far
Iteration 9975: max relative diff=48.106844814, 371.69 sec so far
Iteration 10110: max relative diff=45.2834349814, 376.73 sec so far
Iteration 10245: max relative diff=42.6769713562, 381.76 sec so far
Iteration 10379: max relative diff=40.283416538, 386.76 sec so far
Iteration 10514: max relative diff=38.0506964764, 391.79 sec so far
Iteration 10649: max relative diff=35.9800692346, 396.82 sec so far
Iteration 10784: max relative diff=34.0570373568, 401.85 sec so far
Iteration 10918: max relative diff=32.2878108888, 406.86 sec so far
Iteration 11053: max relative diff=30.6210919388, 411.89 sec so far
Iteration 11188: max relative diff=29.0670312724, 416.93 sec so far
Iteration 11323: max relative diff=27.6162187897, 421.96 sec so far
Iteration 11458: max relative diff=26.2601720843, 426.99 sec so far
Iteration 11592: max relative diff=24.9960210268, 431.99 sec so far
Iteration 11726: max relative diff=23.8152461611, 437.00 sec so far
Iteration 11861: max relative diff=22.6995982956, 442.03 sec so far
Iteration 11995: max relative diff=21.663517667, 447.03 sec so far
Iteration 12130: max relative diff=20.6785530796, 452.06 sec so far
Iteration 12264: max relative diff=19.7557714101, 457.06 sec so far
Iteration 12399: max relative diff=18.8831823521, 462.10 sec so far
Iteration 12534: max relative diff=18.0608005676, 467.13 sec so far
Iteration 12669: max relative diff=17.2850378917, 472.16 sec so far
Iteration 12804: max relative diff=16.552610759, 477.20 sec so far
Iteration 12939: max relative diff=15.8605104653, 482.22 sec so far
Iteration 13074: max relative diff=15.2059766927, 487.25 sec so far
Iteration 13209: max relative diff=14.5864739031, 492.28 sec so far
Iteration 13344: max relative diff=13.9996702564, 497.32 sec so far
Iteration 13479: max relative diff=13.4434187534, 502.35 sec so far
Iteration 13613: max relative diff=12.9190136459, 507.35 sec so far
Iteration 13748: max relative diff=12.4178920387, 512.37 sec so far
Iteration 13883: max relative diff=11.9418432834, 517.40 sec so far
Iteration 14018: max relative diff=11.4893062203, 522.43 sec so far
Iteration 14153: max relative diff=11.0588356951, 527.47 sec so far
Iteration 14288: max relative diff=10.6490926018, 532.50 sec so far
Iteration 14423: max relative diff=10.2588348886, 537.53 sec so far
Iteration 14558: max relative diff=9.88690942628, 542.57 sec so far
Iteration 14692: max relative diff=9.53610624334, 547.57 sec so far
Iteration 14827: max relative diff=9.19752962351, 552.60 sec so far
Iteration 14961: max relative diff=8.87594200304, 557.61 sec so far
Iteration 15096: max relative diff=8.56713306372, 562.65 sec so far
Iteration 15231: max relative diff=8.27200087454, 567.68 sec so far
Iteration 15366: max relative diff=7.98979226438, 572.71 sec so far
Iteration 15501: max relative diff=7.71980372329, 577.75 sec so far
Iteration 15636: max relative diff=7.46137760637, 582.78 sec so far
Iteration 15771: max relative diff=7.2138986662, 587.82 sec so far
Iteration 15906: max relative diff=6.97679088216, 592.85 sec so far
Iteration 16041: max relative diff=6.74951455834, 597.88 sec so far
Iteration 16176: max relative diff=6.53156366471, 602.90 sec so far
Iteration 16311: max relative diff=6.32246339886, 607.93 sec so far
Iteration 16446: max relative diff=6.121767948, 612.95 sec so far
Iteration 16581: max relative diff=5.92905843272, 617.99 sec so far
Iteration 16716: max relative diff=5.74394101628, 623.01 sec so far
Iteration 16851: max relative diff=5.56604516446, 628.05 sec so far
Iteration 16986: max relative diff=5.39502204255, 633.08 sec so far
Iteration 17121: max relative diff=5.23054303764, 638.11 sec so far
Iteration 17256: max relative diff=5.07229839506, 643.13 sec so far
Iteration 17390: max relative diff=4.9207606231, 648.14 sec so far
Iteration 17525: max relative diff=4.77409099814, 653.16 sec so far
Iteration 17660: max relative diff=4.63282925683, 658.19 sec so far
Iteration 17795: max relative diff=4.49672929581, 663.22 sec so far
Iteration 17930: max relative diff=4.36555845936, 668.25 sec so far
Iteration 18065: max relative diff=4.23909668349, 673.28 sec so far
Iteration 18199: max relative diff=4.11847230573, 678.28 sec so far
Iteration 18334: max relative diff=4.00076798035, 683.30 sec so far
Iteration 18468: max relative diff=3.88787782776, 688.31 sec so far
Iteration 18603: max relative diff=3.77821340652, 693.35 sec so far
Iteration 18738: max relative diff=3.67232326367, 698.38 sec so far
Iteration 18872: max relative diff=3.57052397202, 703.38 sec so far
Iteration 19006: max relative diff=3.47277713703, 708.39 sec so far
Iteration 19141: max relative diff=3.37723040214, 713.42 sec so far
Iteration 19275: max relative diff=3.28545229243, 718.43 sec so far
Iteration 19410: max relative diff=3.19612984463, 723.46 sec so far
Iteration 19545: max relative diff=3.10973979205, 728.50 sec so far
Iteration 19680: max relative diff=3.0261645077, 733.52 sec so far
Iteration 19815: max relative diff=2.94529202793, 738.56 sec so far
Iteration 19950: max relative diff=2.86701573399, 743.59 sec so far
Iteration 20085: max relative diff=2.79123405409, 748.62 sec so far
Iteration 20220: max relative diff=2.71785018438, 753.64 sec so far
Iteration 20354: max relative diff=2.64708044525, 758.65 sec so far
Iteration 20489: max relative diff=2.57820815232, 763.68 sec so far
Iteration 20624: max relative diff=2.51146983476, 768.72 sec so far
Iteration 20759: max relative diff=2.44678527832, 773.75 sec so far
Iteration 20893: max relative diff=2.38476713319, 778.75 sec so far
Iteration 21028: max relative diff=2.32394287548, 783.78 sec so far
Iteration 21162: max relative diff=2.26534871679, 788.79 sec so far
Iteration 21297: max relative diff=2.20811676081, 793.81 sec so far
Iteration 21432: max relative diff=2.15258909421, 798.85 sec so far
Iteration 21567: max relative diff=2.09870451081, 803.89 sec so far
Iteration 21701: max relative diff=2.04661894651, 808.89 sec so far
Iteration 21836: max relative diff=1.99583992267, 813.92 sec so far
Iteration 21970: max relative diff=1.94707833515, 818.92 sec so far
Iteration 22105: max relative diff=1.89918231601, 823.94 sec so far
Iteration 22239: max relative diff=1.85298136911, 828.94 sec so far
Iteration 22374: max relative diff=1.80777948524, 833.98 sec so far
Iteration 22508: max relative diff=1.76403463462, 838.98 sec so far
Iteration 22643: max relative diff=1.72134828721, 844.00 sec so far
Iteration 22777: max relative diff=1.68031601046, 849.01 sec so far
Iteration 22912: max relative diff=1.63997165528, 854.04 sec so far
Iteration 23047: max relative diff=1.60074655484, 859.07 sec so far
Iteration 23182: max relative diff=1.56260374402, 864.10 sec so far
Iteration 23317: max relative diff=1.52550771341, 869.13 sec so far
Iteration 23452: max relative diff=1.48942434221, 874.16 sec so far
Iteration 23587: max relative diff=1.4543208347, 879.19 sec so far
Iteration 23722: max relative diff=1.42016565999, 884.22 sec so far
Iteration 23857: max relative diff=1.38692849495, 889.26 sec so far
Iteration 23992: max relative diff=1.35458017009, 894.28 sec so far
Iteration 24126: max relative diff=1.32331767964, 899.29 sec so far
Iteration 24261: max relative diff=1.29265842436, 904.31 sec so far
Iteration 24395: max relative diff=1.26291849228, 909.31 sec so far
Iteration 24530: max relative diff=1.23384663753, 914.34 sec so far
Iteration 24665: max relative diff=1.20553363255, 919.37 sec so far
Iteration 24800: max relative diff=1.17795622793, 924.39 sec so far
Iteration 24935: max relative diff=1.15109201881, 929.42 sec so far
Iteration 25070: max relative diff=1.12491940896, 934.44 sec so far
Iteration 25205: max relative diff=1.09941757661, 939.47 sec so far
Iteration 25340: max relative diff=1.07456644202, 944.50 sec so far
Iteration 25475: max relative diff=1.05034663648, 949.53 sec so far
Iteration 25610: max relative diff=1.02673947289, 954.55 sec so far
Iteration 25745: max relative diff=1.00372691769, 959.59 sec so far
Iteration 25880: max relative diff=0.981291564123, 964.61 sec so far
Iteration 26015: max relative diff=0.959416606767, 969.64 sec so far
Iteration 26150: max relative diff=0.938085817225, 974.67 sec so far
Iteration 26285: max relative diff=0.917283520966, 979.71 sec so far
Iteration 26420: max relative diff=0.896994575222, 984.73 sec so far
Iteration 26555: max relative diff=0.877204347897, 989.77 sec so far
Iteration 26690: max relative diff=0.857898697433, 994.79 sec so far
Iteration 26825: max relative diff=0.839063953591, 999.82 sec so far
Iteration 26960: max relative diff=0.820686899092, 1004.86 sec so far
Iteration 27095: max relative diff=0.80275475208, 1009.89 sec so far
Iteration 27230: max relative diff=0.785255149364, 1014.91 sec so far
Iteration 27365: max relative diff=0.768176130398, 1019.95 sec so far
Iteration 27500: max relative diff=0.751506121965, 1024.96 sec so far
Iteration 27635: max relative diff=0.735233923531, 1029.99 sec so far
Iteration 27770: max relative diff=0.719348693232, 1035.03 sec so far
Iteration 27905: max relative diff=0.703839934469, 1040.06 sec so far
Iteration 28040: max relative diff=0.688697483074, 1045.09 sec so far
Iteration 28175: max relative diff=0.673911495024, 1050.12 sec so far
Iteration 28310: max relative diff=0.65947243468, 1055.15 sec so far
Iteration 28445: max relative diff=0.645371063521, 1060.18 sec so far
Iteration 28579: max relative diff=0.631750438138, 1065.19 sec so far
Iteration 28714: max relative diff=0.618294338317, 1070.22 sec so far
Iteration 28849: max relative diff=0.605149981519, 1075.25 sec so far
Iteration 28984: max relative diff=0.59230921132, 1080.28 sec so far
Iteration 29119: max relative diff=0.579764118831, 1085.30 sec so far
Iteration 29254: max relative diff=0.567507033952, 1090.34 sec so far
Iteration 29389: max relative diff=0.555530516976, 1095.37 sec so far
Iteration 29524: max relative diff=0.543827350536, 1100.40 sec so far
Iteration 29659: max relative diff=0.532390531872, 1105.42 sec so far
Iteration 29793: max relative diff=0.521298044301, 1110.42 sec so far
Iteration 29928: max relative diff=0.510371874419, 1115.45 sec so far
Iteration 30063: max relative diff=0.499692302812, 1120.49 sec so far
Iteration 30198: max relative diff=0.489253112661, 1125.51 sec so far
Iteration 30333: max relative diff=0.479048267494, 1130.55 sec so far
Iteration 30468: max relative diff=0.469071905113, 1135.57 sec so far
Iteration 30603: max relative diff=0.459318331753, 1140.61 sec so far
Iteration 30738: max relative diff=0.449782016466, 1145.63 sec so far
Iteration 30873: max relative diff=0.440457585724, 1150.66 sec so far
Iteration 31008: max relative diff=0.431339818219, 1155.69 sec so far
Iteration 31143: max relative diff=0.42242363987, 1160.71 sec so far
Iteration 31278: max relative diff=0.413704119013, 1165.73 sec so far
Iteration 31413: max relative diff=0.40517646177, 1170.77 sec so far
Iteration 31548: max relative diff=0.396836007594, 1175.79 sec so far
Iteration 31683: max relative diff=0.388678224982, 1180.83 sec so far
Iteration 31818: max relative diff=0.380698707338, 1185.85 sec so far
Iteration 31953: max relative diff=0.372893168996, 1190.88 sec so far
Iteration 32088: max relative diff=0.365257441386, 1195.90 sec so far
Iteration 32223: max relative diff=0.357787469339, 1200.93 sec so far
Iteration 32358: max relative diff=0.350479307528, 1205.95 sec so far
Iteration 32493: max relative diff=0.343329117031, 1210.98 sec so far
Iteration 32628: max relative diff=0.336333162027, 1216.01 sec so far
Iteration 32763: max relative diff=0.329487806604, 1221.05 sec so far
Iteration 32898: max relative diff=0.322789511679, 1226.07 sec so far
Iteration 33032: max relative diff=0.316256261817, 1231.07 sec so far
Iteration 33167: max relative diff=0.309841376102, 1236.10 sec so far
Iteration 33301: max relative diff=0.303632862177, 1241.11 sec so far
Iteration 33435: max relative diff=0.297534474238, 1246.11 sec so far
Iteration 33569: max relative diff=0.29153835119, 1251.12 sec so far
Iteration 33704: max relative diff=0.285649932146, 1256.16 sec so far
Iteration 33838: max relative diff=0.279950037539, 1261.16 sec so far
Iteration 33973: max relative diff=0.274307079921, 1266.19 sec so far
Iteration 34108: max relative diff=0.268783333131, 1271.22 sec so far
Iteration 34243: max relative diff=0.263376076436, 1276.26 sec so far
Iteration 34377: max relative diff=0.258123293535, 1281.26 sec so far
Iteration 34512: max relative diff=0.252940278045, 1286.30 sec so far
Iteration 34646: max relative diff=0.247882565622, 1291.31 sec so far
Iteration 34781: max relative diff=0.242914257721, 1296.34 sec so far
Iteration 34915: max relative diff=0.238103624005, 1301.36 sec so far
Iteration 35049: max relative diff=0.233376261327, 1306.36 sec so far
Iteration 35183: max relative diff=0.228726108453, 1311.36 sec so far
Iteration 35318: max relative diff=0.224157547804, 1316.39 sec so far
Iteration 35452: max relative diff=0.219733399394, 1321.40 sec so far
Iteration 35587: max relative diff=0.215351635633, 1326.43 sec so far
Iteration 35721: max relative diff=0.211093623987, 1331.44 sec so far
Iteration 35856: max relative diff=0.206890800726, 1336.47 sec so far
Iteration 35990: max relative diff=0.202788280638, 1341.48 sec so far
Iteration 36125: max relative diff=0.198756991921, 1346.52 sec so far
Iteration 36259: max relative diff=0.194852431675, 1351.53 sec so far
Iteration 36394: max relative diff=0.190984595237, 1356.56 sec so far
Iteration 36528: max relative diff=0.18722532085, 1361.57 sec so far
Iteration 36663: max relative diff=0.183514157464, 1366.60 sec so far
Iteration 36797: max relative diff=0.179890978595, 1371.60 sec so far
Iteration 36932: max relative diff=0.176330096869, 1376.63 sec so far
Iteration 37066: max relative diff=0.172880597898, 1381.63 sec so far
Iteration 37201: max relative diff=0.169462998759, 1386.66 sec so far
Iteration 37335: max relative diff=0.16614077492, 1391.66 sec so far
Iteration 37470: max relative diff=0.162860592029, 1396.70 sec so far
Iteration 37604: max relative diff=0.159657721196, 1401.70 sec so far
Iteration 37739: max relative diff=0.156509422504, 1406.72 sec so far
Iteration 37873: max relative diff=0.153459156788, 1411.73 sec so far
Iteration 38008: max relative diff=0.150436665628, 1416.75 sec so far
Iteration 38142: max relative diff=0.147498075539, 1421.75 sec so far
Iteration 38277: max relative diff=0.144596302257, 1426.79 sec so far
Iteration 38411: max relative diff=0.141762569625, 1431.79 sec so far
Iteration 38546: max relative diff=0.138976712945, 1436.81 sec so far
Iteration 38681: max relative diff=0.136247069283, 1441.85 sec so far
Iteration 38816: max relative diff=0.133572448898, 1446.88 sec so far
Iteration 38951: max relative diff=0.130951689248, 1451.91 sec so far
Iteration 39086: max relative diff=0.128383654298, 1456.94 sec so far
Iteration 39221: max relative diff=0.125867233849, 1461.98 sec so far
Iteration 39356: max relative diff=0.123401342882, 1467.01 sec so far
Iteration 39490: max relative diff=0.12101163972, 1472.02 sec so far
Iteration 39624: max relative diff=0.11866117626, 1477.02 sec so far
Iteration 39758: max relative diff=0.116347421398, 1482.02 sec so far
Iteration 39893: max relative diff=0.114072258819, 1487.06 sec so far
Iteration 40027: max relative diff=0.11186723301, 1492.06 sec so far
Iteration 40162: max relative diff=0.109681594711, 1497.08 sec so far
Iteration 40297: max relative diff=0.107539575324, 1502.12 sec so far
Iteration 40432: max relative diff=0.105440269209, 1507.14 sec so far
Iteration 40567: max relative diff=0.103382790822, 1512.17 sec so far
Iteration 40702: max relative diff=0.101366274218, 1517.19 sec so far
Iteration 40837: max relative diff=0.0993898725787, 1522.23 sec so far
Iteration 40972: max relative diff=0.0974527577429, 1527.25 sec so far
Iteration 41106: max relative diff=0.0955685373473, 1532.26 sec so far
Iteration 41241: max relative diff=0.093707291973, 1537.28 sec so far
Iteration 41376: max relative diff=0.0918829624651, 1542.32 sec so far
Iteration 41511: max relative diff=0.0900947907727, 1547.35 sec so far
Iteration 41645: max relative diff=0.0883479301513, 1552.35 sec so far
Iteration 41780: max relative diff=0.0866297547659, 1557.37 sec so far
Iteration 41914: max relative diff=0.0849641882645, 1562.37 sec so far
Iteration 42049: max relative diff=0.0833129174321, 1567.39 sec so far
Iteration 42184: max relative diff=0.0816942638905, 1572.41 sec so far
Iteration 42319: max relative diff=0.0801075628091, 1577.42 sec so far
Iteration 42454: max relative diff=0.0785521636719, 1582.44 sec so far
Iteration 42589: max relative diff=0.0770274299424, 1587.45 sec so far
Iteration 42724: max relative diff=0.0755327387372, 1592.46 sec so far
Iteration 42859: max relative diff=0.0740674805073, 1597.48 sec so far
Iteration 42994: max relative diff=0.0726310587287, 1602.50 sec so far
Iteration 43129: max relative diff=0.0712228896004, 1607.51 sec so far
Iteration 43264: max relative diff=0.0698424017504, 1612.52 sec so far
Iteration 43399: max relative diff=0.068489035949, 1617.52 sec so far
Iteration 43534: max relative diff=0.0671622448302, 1622.53 sec so far
Iteration 43670: max relative diff=0.0658471095144, 1627.57 sec so far
Iteration 43805: max relative diff=0.0645721538015, 1632.59 sec so far
Iteration 43940: max relative diff=0.0633221934963, 1637.60 sec so far
Iteration 44075: max relative diff=0.0620967261542, 1642.61 sec so far
Iteration 44210: max relative diff=0.060895259899, 1647.62 sec so far
Iteration 44345: max relative diff=0.0597173131834, 1652.64 sec so far
Iteration 44480: max relative diff=0.0585624145562, 1657.65 sec so far
Iteration 44615: max relative diff=0.0574301024343, 1662.67 sec so far
Iteration 44750: max relative diff=0.0563199248819, 1667.68 sec so far
Iteration 44885: max relative diff=0.0552314393934, 1672.70 sec so far
Iteration 45020: max relative diff=0.0541642126833, 1677.71 sec so far
Iteration 45155: max relative diff=0.0531178204799, 1682.74 sec so far
Iteration 45290: max relative diff=0.0520918473254, 1687.75 sec so far
Iteration 45425: max relative diff=0.0510858863798, 1692.78 sec so far
Iteration 45560: max relative diff=0.0500995392299, 1697.79 sec so far
Iteration 45695: max relative diff=0.0491324157035, 1702.81 sec so far
Iteration 45830: max relative diff=0.0481841336874, 1707.82 sec so far
Iteration 45965: max relative diff=0.04725431895, 1712.85 sec so far
Iteration 46100: max relative diff=0.0463426049685, 1717.87 sec so far
Iteration 46235: max relative diff=0.04544863276, 1722.88 sec so far
Iteration 46370: max relative diff=0.0445720507165, 1727.88 sec so far
Iteration 46505: max relative diff=0.0437125144441, 1732.90 sec so far
Iteration 46640: max relative diff=0.0428696866059, 1737.91 sec so far
Iteration 46775: max relative diff=0.0420432367691, 1742.93 sec so far
Iteration 46910: max relative diff=0.0412328412548, 1747.94 sec so far
Iteration 47045: max relative diff=0.0404381829918, 1752.97 sec so far
Iteration 47180: max relative diff=0.0396589513747, 1757.98 sec so far
Iteration 47315: max relative diff=0.0388948421237, 1763.00 sec so far
Iteration 47450: max relative diff=0.038145557149, 1768.01 sec so far
Iteration 47585: max relative diff=0.0374108044177, 1773.03 sec so far
Iteration 47720: max relative diff=0.0366902978243, 1778.04 sec so far
Iteration 47855: max relative diff=0.0359837570637, 1783.06 sec so far
Iteration 47990: max relative diff=0.0352909075072, 1788.07 sec so far
Iteration 48125: max relative diff=0.0346114800819, 1793.10 sec so far
Iteration 48260: max relative diff=0.0339452111526, 1798.11 sec so far
Iteration 48395: max relative diff=0.0332918424058, 1803.13 sec so far
Iteration 48530: max relative diff=0.0326511207374, 1808.14 sec so far
Iteration 48665: max relative diff=0.0320227981422, 1813.17 sec so far
Iteration 48800: max relative diff=0.0314066316064, 1818.18 sec so far
Iteration 48935: max relative diff=0.0308023830021, 1823.20 sec so far
Iteration 49070: max relative diff=0.0302098189848, 1828.21 sec so far
Iteration 49205: max relative diff=0.0296287108923, 1833.23 sec so far
Iteration 49340: max relative diff=0.0290588346472, 1838.23 sec so far
Iteration 49475: max relative diff=0.0284999706601, 1843.25 sec so far
Iteration 49610: max relative diff=0.0279519037362, 1848.25 sec so far
Iteration 49745: max relative diff=0.0274144229833, 1853.27 sec so far
Iteration 49880: max relative diff=0.0268873217223, 1858.27 sec so far
Iteration 50015: max relative diff=0.0263703973991, 1863.29 sec so far
Iteration 50150: max relative diff=0.0258634514994, 1868.29 sec so far
Iteration 50285: max relative diff=0.0253662894641, 1873.30 sec so far
Iteration 50420: max relative diff=0.0248787206081, 1878.30 sec so far
Iteration 50555: max relative diff=0.0244005580394, 1883.31 sec so far
Iteration 50691: max relative diff=0.0239299147173, 1888.34 sec so far
Iteration 50826: max relative diff=0.0234700496959, 1893.36 sec so far
Iteration 50961: max relative diff=0.0230190517088, 1898.36 sec so far
Iteration 51096: max relative diff=0.0225767482812, 1903.37 sec so far
Iteration 51232: max relative diff=0.0221398063828, 1908.41 sec so far
Iteration 51367: max relative diff=0.0217144510694, 1913.43 sec so far
Iteration 51502: max relative diff=0.0212972918648, 1918.43 sec so far
Iteration 51637: max relative diff=0.020888169577, 1923.44 sec so far
Iteration 51772: max relative diff=0.0204869281595, 1928.45 sec so far
Iteration 51907: max relative diff=0.0200934146476, 1933.45 sec so far
Iteration 52042: max relative diff=0.0197074790954, 1938.46 sec so far
Iteration 52177: max relative diff=0.0193289745139, 1943.46 sec so far
Iteration 52313: max relative diff=0.0189536510667, 1948.50 sec so far
Iteration 52448: max relative diff=0.0185896580132, 1953.51 sec so far
Iteration 52584: max relative diff=0.0182313517934, 1958.54 sec so far
Iteration 52719: max relative diff=0.0178812581276, 1963.55 sec so far
Iteration 52854: max relative diff=0.0175379008799, 1968.56 sec so far
Iteration 52989: max relative diff=0.0172011496219, 1973.57 sec so far
Iteration 53124: max relative diff=0.0168708764861, 1978.58 sec so far
Iteration 53259: max relative diff=0.0165469561147, 1983.59 sec so far
Iteration 53394: max relative diff=0.0162292656087, 1988.60 sec so far
Iteration 53529: max relative diff=0.0159176844785, 1993.62 sec so far
Iteration 53664: max relative diff=0.0156120945954, 1998.63 sec so far
Iteration 53799: max relative diff=0.0153123801441, 2003.65 sec so far
Iteration 53934: max relative diff=0.015018427576, 2008.65 sec so far
Iteration 54069: max relative diff=0.0147301255641, 2013.67 sec so far
Iteration 54204: max relative diff=0.014447364958, 2018.67 sec so far
Iteration 54339: max relative diff=0.0141700387408, 2023.68 sec so far
Iteration 54474: max relative diff=0.0138980419859, 2028.69 sec so far
Iteration 54609: max relative diff=0.0136312718156, 2033.71 sec so far
Iteration 54745: max relative diff=0.0133677482341, 2038.74 sec so far
Iteration 54880: max relative diff=0.0131111677858, 2043.75 sec so far
Iteration 55015: max relative diff=0.0128595164362, 2048.75 sec so far
Iteration 55150: max relative diff=0.0126126991162, 2053.76 sec so far
Iteration 55285: max relative diff=0.012370622609, 2058.77 sec so far
Iteration 55420: max relative diff=0.0121331955129, 2063.78 sec so far
Iteration 55555: max relative diff=0.0119003282054, 2068.79 sec so far
Iteration 55690: max relative diff=0.0116719328077, 2073.80 sec so far
Iteration 55825: max relative diff=0.0114479231505, 2078.80 sec so far
Iteration 55960: max relative diff=0.0112282147395, 2083.81 sec so far
Iteration 56095: max relative diff=0.0110127247227, 2088.82 sec so far
Iteration 56230: max relative diff=0.0108013718576, 2093.83 sec so far
Iteration 56365: max relative diff=0.0105940764795, 2098.83 sec so far
Iteration 56500: max relative diff=0.0103907604703, 2103.84 sec so far
Iteration 56635: max relative diff=0.0101913472276, 2108.84 sec so far
Iteration 56770: max relative diff=0.00999576163533, 2113.86 sec so far
Iteration 56905: max relative diff=0.00980393003414, 2118.87 sec so far
Iteration 57040: max relative diff=0.00961578019257, 2123.88 sec so far
Iteration 57175: max relative diff=0.00943124127907, 2128.88 sec so far
Iteration 57310: max relative diff=0.00925024383437, 2133.90 sec so far
Iteration 57445: max relative diff=0.00907271974448, 2138.91 sec so far
Iteration 57580: max relative diff=0.00889860221427, 2143.92 sec so far
Iteration 57715: max relative diff=0.00872782574147, 2148.93 sec so far
Iteration 57850: max relative diff=0.00856032609134, 2153.94 sec so far
Iteration 57985: max relative diff=0.00839604027175, 2158.95 sec so far
Iteration 58120: max relative diff=0.00823490650881, 2163.96 sec so far
Iteration 58256: max relative diff=0.0080751161379, 2169.00 sec so far
Iteration 58391: max relative diff=0.00792013945642, 2174.01 sec so far
Iteration 58526: max relative diff=0.00776813593851, 2179.01 sec so far
Iteration 58661: max relative diff=0.00761904846155, 2184.03 sec so far
Iteration 58796: max relative diff=0.00747282100615, 2189.03 sec so far
Iteration 58931: max relative diff=0.00732939863464, 2194.05 sec so far
Iteration 59066: max relative diff=0.00718872746988, 2199.05 sec so far
Iteration 59201: max relative diff=0.00705075467453, 2204.07 sec so far
Iteration 59336: max relative diff=0.00691542843079, 2209.08 sec so far
Iteration 59471: max relative diff=0.00678269792046, 2214.09 sec so far
Iteration 59606: max relative diff=0.00665251330548, 2219.09 sec so far
Iteration 59741: max relative diff=0.00652482570877, 2224.11 sec so far
Iteration 59876: max relative diff=0.00639958719554, 2229.11 sec so far
Iteration 60011: max relative diff=0.00627675075489, 2234.13 sec so far
Iteration 60146: max relative diff=0.00615627028189, 2239.13 sec so far
Iteration 60281: max relative diff=0.00603810055985, 2244.14 sec so far
Iteration 60416: max relative diff=0.00592219724313, 2249.15 sec so far
Iteration 60551: max relative diff=0.00580851684014, 2254.16 sec so far
Iteration 60686: max relative diff=0.00569701669675, 2259.17 sec so far
Iteration 60821: max relative diff=0.00558765498004, 2264.18 sec so far
Iteration 60956: max relative diff=0.0054803906623, 2269.19 sec so far
Iteration 61091: max relative diff=0.00537518350546, 2274.20 sec so far
Iteration 61226: max relative diff=0.0052719940457, 2279.20 sec so far
Iteration 61361: max relative diff=0.00517078357846, 2284.21 sec so far
Iteration 61497: max relative diff=0.00507112025044, 2289.24 sec so far
Iteration 61632: max relative diff=0.004973761793, 2294.26 sec so far
Iteration 61768: max relative diff=0.00487760500262, 2299.29 sec so far
Iteration 61903: max relative diff=0.00478395818041, 2304.30 sec so far
Iteration 62038: max relative diff=0.00469210732696, 2309.30 sec so far
Iteration 62173: max relative diff=0.00460201800133, 2314.32 sec so far
Iteration 62308: max relative diff=0.00451365642453, 2319.32 sec so far
Iteration 62443: max relative diff=0.00442698946667, 2324.33 sec so far
Iteration 62578: max relative diff=0.00434198463444, 2329.33 sec so far
Iteration 62713: max relative diff=0.00425861005876, 2334.35 sec so far
Iteration 62848: max relative diff=0.00417683448275, 2339.37 sec so far
Iteration 62983: max relative diff=0.00409662724988, 2344.38 sec so far
Iteration 63118: max relative diff=0.00401795829238, 2349.39 sec so far
Iteration 63253: max relative diff=0.00394079811984, 2354.41 sec so far
Iteration 63389: max relative diff=0.00386428069918, 2359.44 sec so far
Iteration 63524: max relative diff=0.00379006793415, 2364.45 sec so far
Iteration 63659: max relative diff=0.00371727852899, 2369.46 sec so far
Iteration 63794: max relative diff=0.00364588519938, 2374.47 sec so far
Iteration 63929: max relative diff=0.00357586118465, 2379.48 sec so far
Iteration 64064: max relative diff=0.00350718023769, 2384.50 sec so far
Iteration 64200: max relative diff=0.00343954417973, 2389.54 sec so far
Iteration 64335: max relative diff=0.00337347761172, 2394.55 sec so far
Iteration 64470: max relative diff=0.00330867826327, 2399.55 sec so far
Iteration 64605: max relative diff=0.003245121846, 2404.57 sec so far
Iteration 64740: max relative diff=0.00318278453742, 2409.57 sec so far
Iteration 64875: max relative diff=0.00312164297197, 2414.58 sec so far
Iteration 65010: max relative diff=0.00306167423226, 2419.58 sec so far
Iteration 65145: max relative diff=0.00300285584035, 2424.59 sec so far
Iteration 65280: max relative diff=0.0029451657494, 2429.60 sec so far
Iteration 65415: max relative diff=0.00288858233529, 2434.61 sec so far
Iteration 65551: max relative diff=0.0028327034697, 2439.64 sec so far
Iteration 65686: max relative diff=0.00277827769268, 2444.66 sec so far
Iteration 65821: max relative diff=0.00272489602797, 2449.66 sec so far
Iteration 65956: max relative diff=0.00267253846562, 2454.67 sec so far
Iteration 66091: max relative diff=0.00262118537923, 2459.68 sec so far
Iteration 66226: max relative diff=0.0025708175186, 2464.69 sec so far
Iteration 66361: max relative diff=0.00252141600249, 2469.70 sec so far
Iteration 66496: max relative diff=0.00247296231154, 2474.72 sec so far
Iteration 66631: max relative diff=0.00242543828129, 2479.73 sec so far
Iteration 66766: max relative diff=0.00237882609541, 2484.74 sec so far
Iteration 66901: max relative diff=0.00233310827895, 2489.75 sec so far
Iteration 67036: max relative diff=0.00228826769184, 2494.77 sec so far
Iteration 67171: max relative diff=0.00224428752242, 2499.78 sec so far
Iteration 67306: max relative diff=0.00220115128116, 2504.79 sec so far
Iteration 67441: max relative diff=0.00215884279444, 2509.80 sec so far
Iteration 67576: max relative diff=0.00211734619854, 2514.81 sec so far
Iteration 67711: max relative diff=0.00207664593364, 2519.81 sec so far
Iteration 67846: max relative diff=0.00203672673801, 2524.82 sec so far
Iteration 67982: max relative diff=0.00199714056145, 2529.86 sec so far
Iteration 68117: max relative diff=0.00195874719457, 2534.87 sec so far
Iteration 68252: max relative diff=0.00192109068437, 2539.87 sec so far
Iteration 68387: max relative diff=0.00188415690842, 2544.88 sec so far
Iteration 68522: max relative diff=0.0018479320148, 2549.89 sec so far
Iteration 68657: max relative diff=0.00181240241691, 2554.91 sec so far
Iteration 68792: max relative diff=0.00177755478838, 2559.92 sec so far
Iteration 68927: max relative diff=0.0017433760581, 2564.94 sec so far
Iteration 69062: max relative diff=0.0017098534053, 2569.94 sec so far
Iteration 69197: max relative diff=0.00167697425476, 2574.95 sec so far
Iteration 69332: max relative diff=0.00164472627212, 2579.95 sec so far
Iteration 69467: max relative diff=0.00161309735922, 2584.98 sec so far
Iteration 69602: max relative diff=0.00158207564963, 2589.98 sec so far
Iteration 69737: max relative diff=0.00155164950415, 2594.99 sec so far
Iteration 69872: max relative diff=0.0015218075065, 2599.99 sec so far
Iteration 70007: max relative diff=0.00149253845904, 2605.00 sec so far
Iteration 70142: max relative diff=0.00146383137855, 2610.01 sec so far
Iteration 70277: max relative diff=0.00143567549216, 2615.02 sec so far
Iteration 70412: max relative diff=0.00140806023331, 2620.03 sec so far
Iteration 70547: max relative diff=0.00138097523778, 2625.05 sec so far
Iteration 70682: max relative diff=0.00135441033982, 2630.05 sec so far
Iteration 70817: max relative diff=0.00132835556839, 2635.08 sec so far
Iteration 70952: max relative diff=0.00130280114336, 2640.08 sec so far
Iteration 71087: max relative diff=0.0012777374719, 2645.11 sec so far
Iteration 71222: max relative diff=0.00125315514489, 2650.11 sec so far
Iteration 71357: max relative diff=0.00122904493339, 2655.12 sec so far
Iteration 71492: max relative diff=0.00120539778519, 2660.13 sec so far
Iteration 71627: max relative diff=0.00118220482143, 2665.15 sec so far
Iteration 71762: max relative diff=0.00115945733329, 2670.16 sec so far
Iteration 71897: max relative diff=0.00113714677871, 2675.18 sec so far
Iteration 72032: max relative diff=0.00111526477922, 2680.19 sec so far
Iteration 72167: max relative diff=0.00109380311681, 2685.21 sec so far
Iteration 72302: max relative diff=0.00107275373083, 2690.21 sec so far
Iteration 72437: max relative diff=0.00105210871501, 2695.22 sec so far
Iteration 72572: max relative diff=0.00103186031449, 2700.23 sec so far
Iteration 72707: max relative diff=0.00101200092291, 2705.25 sec so far
Iteration 72842: max relative diff=0.00099252307959, 2710.26 sec so far
Iteration 72977: max relative diff=0.000973419466736, 2715.28 sec so far
Iteration 73112: max relative diff=0.000954682906689, 2720.29 sec so far
Iteration 73247: max relative diff=0.000936306359263, 2725.32 sec so far
Iteration 73382: max relative diff=0.000918282919102, 2730.33 sec so far
Iteration 73517: max relative diff=0.000900605813102, 2735.35 sec so far
Iteration 73652: max relative diff=0.000883268397882, 2740.36 sec so far
Iteration 73787: max relative diff=0.000866264157302, 2745.38 sec so far
Iteration 73922: max relative diff=0.000849586700023, 2750.40 sec so far
Iteration 74057: max relative diff=0.000833229757123, 2755.41 sec so far
Iteration 74192: max relative diff=0.000817187179753, 2760.42 sec so far
Iteration 74327: max relative diff=0.000801452936839, 2765.44 sec so far
Iteration 74462: max relative diff=0.000786021112828, 2770.45 sec so far
Iteration 74597: max relative diff=0.000770885905479, 2775.47 sec so far
Iteration 74732: max relative diff=0.000756041623693, 2780.48 sec so far
Iteration 74867: max relative diff=0.000741482685385, 2785.49 sec so far
Iteration 75002: max relative diff=0.000727203615403, 2790.50 sec so far
Iteration 75137: max relative diff=0.000713199043474, 2795.53 sec so far
Iteration 75272: max relative diff=0.000699463702206, 2800.55 sec so far
Iteration 75407: max relative diff=0.000685992425113, 2805.58 sec so far
Iteration 75542: max relative diff=0.000672780144685, 2810.59 sec so far
Iteration 75677: max relative diff=0.000659821890497, 2815.61 sec so far
Iteration 75812: max relative diff=0.000647112787349, 2820.62 sec so far
Iteration 75947: max relative diff=0.000634648053443, 2825.64 sec so far
Iteration 76082: max relative diff=0.000622422998598, 2830.66 sec so far
Iteration 76217: max relative diff=0.000610433022497, 2835.69 sec so far
Iteration 76352: max relative diff=0.000598673612966, 2840.71 sec so far
Iteration 76487: max relative diff=0.000587140344286, 2845.73 sec so far
Iteration 76622: max relative diff=0.000575828875544, 2850.75 sec so far
Iteration 76757: max relative diff=0.000564734949003, 2855.77 sec so far
Iteration 76892: max relative diff=0.000553854388517, 2860.79 sec so far
Iteration 77027: max relative diff=0.000543183097966, 2865.81 sec so far
Iteration 77162: max relative diff=0.000532717059724, 2870.83 sec so far
Iteration 77297: max relative diff=0.000522452333162, 2875.85 sec so far
Iteration 77432: max relative diff=0.000512385053166, 2880.86 sec so far
Iteration 77567: max relative diff=0.000502511428702, 2885.88 sec so far
Iteration 77702: max relative diff=0.000492827741392, 2890.89 sec so far
Iteration 77837: max relative diff=0.000483330344123, 2895.91 sec so far
Iteration 77972: max relative diff=0.000474015659687, 2900.92 sec so far
Iteration 78107: max relative diff=0.000464880179441, 2905.94 sec so far
Iteration 78242: max relative diff=0.000455920461995, 2910.95 sec so far
Iteration 78377: max relative diff=0.000447133131927, 2915.96 sec so far
Iteration 78512: max relative diff=0.000438514878517, 2920.97 sec so far
Iteration 78647: max relative diff=0.00043006245451, 2925.99 sec so far
Iteration 78782: max relative diff=0.000421772674904, 2931.01 sec so far
Iteration 78917: max relative diff=0.000413642415754, 2936.02 sec so far
Iteration 79052: max relative diff=0.000405668613008, 2941.04 sec so far
Iteration 79187: max relative diff=0.000397848261357, 2946.06 sec so far
Iteration 79322: max relative diff=0.000390178413113, 2951.06 sec so far
Iteration 79457: max relative diff=0.000382656177105, 2956.08 sec so far
Iteration 79592: max relative diff=0.000375278717596, 2961.08 sec so far
Iteration 79727: max relative diff=0.000368043253227, 2966.10 sec so far
Iteration 79862: max relative diff=0.00036094705597, 2971.11 sec so far
Iteration 79997: max relative diff=0.000353987450109, 2976.12 sec so far
Iteration 80132: max relative diff=0.000347161811241, 2981.13 sec so far
Iteration 80267: max relative diff=0.000340467565291, 2986.14 sec so far
Iteration 80402: max relative diff=0.000333902187551, 2991.14 sec so far
Iteration 80537: max relative diff=0.000327463201732, 2996.15 sec so far
Iteration 80672: max relative diff=0.000321148179038, 3001.16 sec so far
Iteration 80807: max relative diff=0.000314954737261, 3006.16 sec so far
Iteration 80942: max relative diff=0.00030888053988, 3011.17 sec so far
Iteration 81077: max relative diff=0.000302923295196, 3016.18 sec so far
Iteration 81212: max relative diff=0.000297080755467, 3021.19 sec so far
Iteration 81347: max relative diff=0.00029135071607, 3026.20 sec so far
Iteration 81482: max relative diff=0.000285731014674, 3031.21 sec so far
Iteration 81617: max relative diff=0.000280219530431, 3036.22 sec so far
Iteration 81752: max relative diff=0.00027481418318, 3041.23 sec so far
Iteration 81887: max relative diff=0.000269512932668, 3046.26 sec so far
Iteration 82022: max relative diff=0.00026431377779, 3051.26 sec so far
Iteration 82157: max relative diff=0.000259214755834, 3056.28 sec so far
Iteration 82292: max relative diff=0.000254213941747, 3061.29 sec so far
Iteration 82427: max relative diff=0.000249309447415, 3066.30 sec so far
Iteration 82562: max relative diff=0.000244499420958, 3071.30 sec so far
Iteration 82697: max relative diff=0.000239782046029, 3076.32 sec so far
Iteration 82832: max relative diff=0.00023515554114, 3081.32 sec so far
Iteration 82967: max relative diff=0.000230618158991, 3086.34 sec so far
Iteration 83102: max relative diff=0.000226168185816, 3091.35 sec so far
Iteration 83237: max relative diff=0.000221803940742, 3096.36 sec so far
Iteration 83372: max relative diff=0.000217523775156, 3101.37 sec so far
Iteration 83507: max relative diff=0.000213326072089, 3106.38 sec so far
Iteration 83642: max relative diff=0.00020920924561, 3111.38 sec so far
Iteration 83777: max relative diff=0.00020517174023, 3116.39 sec so far
Iteration 83912: max relative diff=0.000201212030321, 3121.40 sec so far
Iteration 84047: max relative diff=0.000197328619541, 3126.41 sec so far
Iteration 84182: max relative diff=0.000193520040275, 3131.41 sec so far
Iteration 84317: max relative diff=0.000189784853085, 3136.43 sec so far
Iteration 84452: max relative diff=0.000186121646166, 3141.43 sec so far
Iteration 84587: max relative diff=0.000182529034823, 3146.45 sec so far
Iteration 84722: max relative diff=0.000179005660947, 3151.45 sec so far
Iteration 84857: max relative diff=0.000175550192505, 3156.46 sec so far
Iteration 84992: max relative diff=0.000172161323044, 3161.46 sec so far
Iteration 85127: max relative diff=0.000168837771198, 3166.48 sec so far
Iteration 85262: max relative diff=0.000165578280208, 3171.49 sec so far
Iteration 85397: max relative diff=0.000162381617449, 3176.50 sec so far
Iteration 85532: max relative diff=0.000159246573971, 3181.50 sec so far
Iteration 85667: max relative diff=0.000156171964042, 3186.52 sec so far
Iteration 85802: max relative diff=0.000153156624704, 3191.52 sec so far
Iteration 85937: max relative diff=0.000150199415334, 3196.54 sec so far
Iteration 86072: max relative diff=0.000147299217222, 3201.55 sec so far
Iteration 86207: max relative diff=0.000144454933146, 3206.57 sec so far
Iteration 86342: max relative diff=0.000141665486959, 3211.57 sec so far
Iteration 86477: max relative diff=0.00013892982319, 3216.59 sec so far
Iteration 86612: max relative diff=0.000136246906642, 3221.60 sec so far
Iteration 86747: max relative diff=0.000133615722009, 3226.61 sec so far
Iteration 86882: max relative diff=0.00013103527349, 3231.62 sec so far
Iteration 87017: max relative diff=0.000128504584417, 3236.64 sec so far
Iteration 87152: max relative diff=0.000126022696888, 3241.66 sec so far
Iteration 87287: max relative diff=0.000123588671406, 3246.68 sec so far
Iteration 87422: max relative diff=0.000121201586527, 3251.69 sec so far
Iteration 87557: max relative diff=0.000118860538516, 3256.71 sec so far
Iteration 87692: max relative diff=0.000116564641003, 3261.72 sec so far
Iteration 87827: max relative diff=0.000114313024652, 3266.73 sec so far
Iteration 87962: max relative diff=0.000112104836836, 3271.74 sec so far
Iteration 88097: max relative diff=0.000109939241313, 3276.75 sec so far
Iteration 88232: max relative diff=0.000107815417916, 3281.76 sec so far
Iteration 88367: max relative diff=0.00010573256224, 3286.78 sec so far
Iteration 88502: max relative diff=0.000103689885343, 3291.79 sec so far
Iteration 88637: max relative diff=0.000101686613447, 3296.81 sec so far
Iteration 88772: max relative diff=9.97219876526e-05, 3301.82 sec so far
Iteration 88907: max relative diff=9.77952636432e-05, 3306.84 sec so far
Iteration 89042: max relative diff=9.59057114158e-05, 3311.85 sec so far
Iteration 89177: max relative diff=9.40526150008e-05, 3316.87 sec so far
Iteration 89312: max relative diff=9.22352721933e-05, 3321.88 sec so far
Iteration 89447: max relative diff=9.04529942894e-05, 3326.90 sec so far
Iteration 89582: max relative diff=8.87051058279e-05, 3331.91 sec so far
Iteration 89717: max relative diff=8.69909443362e-05, 3336.94 sec so far
Iteration 89852: max relative diff=8.53098600793e-05, 3341.95 sec so far
Iteration 89987: max relative diff=8.36612158167e-05, 3346.97 sec so far
Iteration 90122: max relative diff=8.20443865619e-05, 3351.98 sec so far
Iteration 90257: max relative diff=8.04587593491e-05, 3356.99 sec so far
Iteration 90392: max relative diff=7.89037329994e-05, 3362.00 sec so far
Iteration 90527: max relative diff=7.73787178982e-05, 3367.02 sec so far
Iteration 90662: max relative diff=7.58831357695e-05, 3372.03 sec so far
Iteration 90797: max relative diff=7.44164194599e-05, 3377.05 sec so far
Iteration 90932: max relative diff=7.29780127262e-05, 3382.06 sec so far
Iteration 91067: max relative diff=7.15673700246e-05, 3387.07 sec so far
Iteration 91202: max relative diff=7.0183956306e-05, 3392.07 sec so far
Iteration 91337: max relative diff=6.88272468133e-05, 3397.09 sec so far
Iteration 91472: max relative diff=6.74967268842e-05, 3402.09 sec so far
Iteration 91607: max relative diff=6.619189176e-05, 3407.11 sec so far
Iteration 91743: max relative diff=6.49063233944e-05, 3412.15 sec so far
Iteration 91878: max relative diff=6.36514939339e-05, 3417.16 sec so far
Iteration 92013: max relative diff=6.24208904285e-05, 3422.17 sec so far
Iteration 92148: max relative diff=6.12140458975e-05, 3427.19 sec so far
Iteration 92283: max relative diff=6.00305023466e-05, 3432.19 sec so far
Iteration 92418: max relative diff=5.88698105939e-05, 3437.21 sec so far
Iteration 92553: max relative diff=5.77315301022e-05, 3442.22 sec so far
Iteration 92688: max relative diff=5.66152288109e-05, 3447.24 sec so far
Iteration 92823: max relative diff=5.55204829759e-05, 3452.26 sec so far
Iteration 92958: max relative diff=5.44468770078e-05, 3457.27 sec so far
Iteration 93093: max relative diff=5.33940033164e-05, 3462.28 sec so far
Iteration 93228: max relative diff=5.23614621562e-05, 3467.30 sec so far
Iteration 93363: max relative diff=5.13488614757e-05, 3472.31 sec so far
Iteration 93498: max relative diff=5.03558167714e-05, 3477.32 sec so far
Iteration 93633: max relative diff=4.93819509393e-05, 3482.33 sec so far
Iteration 93768: max relative diff=4.84268941359e-05, 3487.34 sec so far
Iteration 93903: max relative diff=4.74902836382e-05, 3492.35 sec so far
Iteration 94038: max relative diff=4.65717637044e-05, 3497.37 sec so far
Iteration 94173: max relative diff=4.56709854437e-05, 3502.38 sec so far
Iteration 94308: max relative diff=4.47876066813e-05, 3507.39 sec so far
Iteration 94443: max relative diff=4.39212918314e-05, 3512.41 sec so far
Iteration 94578: max relative diff=4.30717117682e-05, 3517.42 sec so far
Iteration 94713: max relative diff=4.22385437055e-05, 3522.43 sec so far
Iteration 94848: max relative diff=4.14214710701e-05, 3527.44 sec so far
Iteration 94983: max relative diff=4.06201833879e-05, 3532.45 sec so far
Iteration 95118: max relative diff=3.9834376162e-05, 3537.47 sec so far
Iteration 95253: max relative diff=3.90637507594e-05, 3542.48 sec so far
Iteration 95388: max relative diff=3.83080142998e-05, 3547.50 sec so far
Iteration 95523: max relative diff=3.75668795409e-05, 3552.51 sec so far
Iteration 95658: max relative diff=3.6840064776e-05, 3557.53 sec so far
Iteration 95793: max relative diff=3.61272937223e-05, 3562.54 sec so far
Iteration 95928: max relative diff=3.54282954197e-05, 3567.55 sec so far
Iteration 96063: max relative diff=3.47428041263e-05, 3572.57 sec so far
Iteration 96198: max relative diff=3.40705592207e-05, 3577.58 sec so far
Iteration 96333: max relative diff=3.34113051007e-05, 3582.59 sec so far
Iteration 96468: max relative diff=3.27647910888e-05, 3587.61 sec so far
Iteration 96603: max relative diff=3.21307713367e-05, 3592.61 sec so far
Iteration 96738: max relative diff=3.15090047326e-05, 3597.63 sec so far
Iteration 96873: max relative diff=3.08992548098e-05, 3602.64 sec so far
Iteration 97008: max relative diff=3.03012896577e-05, 3607.65 sec so far
Iteration 97143: max relative diff=2.97148818353e-05, 3612.67 sec so far
Iteration 97278: max relative diff=2.91398082824e-05, 3617.68 sec so far
Iteration 97413: max relative diff=2.85758502379e-05, 3622.69 sec so far
Iteration 97548: max relative diff=2.80227931555e-05, 3627.70 sec so far
Iteration 97683: max relative diff=2.74804266249e-05, 3632.71 sec so far
Iteration 97818: max relative diff=2.69485442887e-05, 3637.72 sec so far
Iteration 97953: max relative diff=2.64269437675e-05, 3642.72 sec so far
Iteration 98088: max relative diff=2.59154265824e-05, 3647.73 sec so far
Iteration 98223: max relative diff=2.54137980795e-05, 3652.74 sec so far
Iteration 98358: max relative diff=2.4921867356e-05, 3657.74 sec so far
Iteration 98493: max relative diff=2.44394471903e-05, 3662.75 sec so far
Iteration 98628: max relative diff=2.39663539687e-05, 3667.76 sec so far
Iteration 98763: max relative diff=2.35024076166e-05, 3672.76 sec so far
Iteration 98898: max relative diff=2.30474315309e-05, 3677.77 sec so far
Iteration 99033: max relative diff=2.26012525125e-05, 3682.78 sec so far
Iteration 99168: max relative diff=2.21637007025e-05, 3687.79 sec so far
Iteration 99303: max relative diff=2.17346095155e-05, 3692.80 sec so far
Iteration 99438: max relative diff=2.13138155777e-05, 3697.82 sec so far
Iteration 99573: max relative diff=2.09011586658e-05, 3702.82 sec so far
Iteration 99708: max relative diff=2.04964816452e-05, 3707.84 sec so far
Iteration 99843: max relative diff=2.00996304114e-05, 3712.84 sec so far
Iteration 99978: max relative diff=1.97104538312e-05, 3717.85 sec so far
Iteration 100113: max relative diff=1.93288036859e-05, 3722.86 sec so far
Iteration 100248: max relative diff=1.89545346137e-05, 3727.86 sec so far
Iteration 100383: max relative diff=1.85875040588e-05, 3732.87 sec so far
Iteration 100518: max relative diff=1.82275722116e-05, 3737.88 sec so far
Iteration 100653: max relative diff=1.787460196e-05, 3742.88 sec so far
Iteration 100788: max relative diff=1.7528458836e-05, 3747.89 sec so far
Iteration 100923: max relative diff=1.71890109652e-05, 3752.90 sec so far
Iteration 101058: max relative diff=1.68561290161e-05, 3757.91 sec so far
Iteration 101193: max relative diff=1.65296861536e-05, 3762.93 sec so far
Iteration 101328: max relative diff=1.62095579871e-05, 3767.95 sec so far
Iteration 101463: max relative diff=1.58956225255e-05, 3772.96 sec so far
Iteration 101598: max relative diff=1.55877601315e-05, 3777.98 sec so far
Iteration 101733: max relative diff=1.52858534758e-05, 3782.99 sec so far
Iteration 101868: max relative diff=1.49897874922e-05, 3788.01 sec so far
Iteration 102003: max relative diff=1.46994493344e-05, 3793.02 sec so far
Iteration 102138: max relative diff=1.44147283324e-05, 3798.03 sec so far
Iteration 102273: max relative diff=1.41355159528e-05, 3803.04 sec so far
Iteration 102408: max relative diff=1.38617057557e-05, 3808.06 sec so far
Iteration 102543: max relative diff=1.35931933532e-05, 3813.07 sec so far
Iteration 102678: max relative diff=1.33298763744e-05, 3818.09 sec so far
Iteration 102813: max relative diff=1.30716544214e-05, 3823.10 sec so far
Iteration 102948: max relative diff=1.28184290349e-05, 3828.12 sec so far
Iteration 103083: max relative diff=1.25701036551e-05, 3833.13 sec so far
Iteration 103218: max relative diff=1.23265835854e-05, 3838.15 sec so far
Iteration 103353: max relative diff=1.20877759568e-05, 3843.16 sec so far
Iteration 103488: max relative diff=1.18535896924e-05, 3848.18 sec so far
Iteration 103623: max relative diff=1.16239354733e-05, 3853.19 sec so far
Iteration 103758: max relative diff=1.13987257041e-05, 3858.20 sec so far
Iteration 103893: max relative diff=1.11778744805e-05, 3863.21 sec so far
Iteration 104028: max relative diff=1.09612975552e-05, 3868.23 sec so far
Iteration 104163: max relative diff=1.07489123089e-05, 3873.23 sec so far
Iteration 104298: max relative diff=1.05406377148e-05, 3878.24 sec so far
Iteration 104433: max relative diff=1.03363943121e-05, 3883.25 sec so far
Iteration 104568: max relative diff=1.01361041724e-05, 3888.26 sec so far
Iteration 104703: max relative diff=9.93969087219e-06, 3893.27 sec so far
Iteration 104838: max relative diff=9.74707946437e-06, 3898.28 sec so far
Iteration 104973: max relative diff=9.55819644583e-06, 3903.28 sec so far
Iteration 105108: max relative diff=9.37296973607e-06, 3908.30 sec so far
Iteration 105243: max relative diff=9.19132864407e-06, 3913.30 sec so far
Iteration 105378: max relative diff=9.01320384328e-06, 3918.32 sec so far
Iteration 105513: max relative diff=8.83852734722e-06, 3923.33 sec so far
Iteration 105648: max relative diff=8.66723248156e-06, 3928.34 sec so far
Iteration 105783: max relative diff=8.49925385789e-06, 3933.35 sec so far
Iteration 105918: max relative diff=8.33452735342e-06, 3938.36 sec so far
Iteration 106053: max relative diff=8.17299008074e-06, 3943.37 sec so far
Iteration 106188: max relative diff=8.01458036864e-06, 3948.39 sec so far
Iteration 106323: max relative diff=7.85923773507e-06, 3953.41 sec so far
Iteration 106458: max relative diff=7.70690286838e-06, 3958.45 sec so far
Iteration 106593: max relative diff=7.55751759982e-06, 3963.47 sec so far
Iteration 106728: max relative diff=7.41102488601e-06, 3968.49 sec so far
Iteration 106863: max relative diff=7.26736878538e-06, 3973.50 sec so far
Iteration 106998: max relative diff=7.12649443492e-06, 3978.53 sec so far
Iteration 107133: max relative diff=6.9883480327e-06, 3983.55 sec so far
Iteration 107268: max relative diff=6.85287681618e-06, 3988.56 sec so far
Iteration 107403: max relative diff=6.72002904055e-06, 3993.58 sec so far
Iteration 107538: max relative diff=6.58975396228e-06, 3998.60 sec so far
Iteration 107673: max relative diff=6.4620018166e-06, 4003.62 sec so far
Iteration 107808: max relative diff=6.3367238011e-06, 4008.64 sec so far
Iteration 107943: max relative diff=6.21387205522e-06, 4013.66 sec so far
Iteration 108078: max relative diff=6.09339964448e-06, 4018.69 sec so far
Iteration 108213: max relative diff=5.97526053938e-06, 4023.71 sec so far
Iteration 108348: max relative diff=5.85940960095e-06, 4028.74 sec so far
Iteration 108483: max relative diff=5.74580256206e-06, 4033.77 sec so far
Iteration 108618: max relative diff=5.63439601025e-06, 4038.79 sec so far
Iteration 108753: max relative diff=5.52514737308e-06, 4043.81 sec so far
Iteration 108888: max relative diff=5.41801489874e-06, 4048.84 sec so far
Iteration 109023: max relative diff=5.31295764464e-06, 4053.87 sec so far
Iteration 109158: max relative diff=5.20993545718e-06, 4058.89 sec so far
Iteration 109293: max relative diff=5.10890895966e-06, 4063.91 sec so far
Iteration 109428: max relative diff=5.00983953646e-06, 4068.94 sec so far
Iteration 109563: max relative diff=4.91268931763e-06, 4073.97 sec so far
Iteration 109697: max relative diff=4.81788482008e-06, 4078.98 sec so far
Iteration 109832: max relative diff=4.72445347171e-06, 4084.01 sec so far
Iteration 109967: max relative diff=4.6328322216e-06, 4089.04 sec so far
Iteration 110102: max relative diff=4.54298604137e-06, 4094.07 sec so far
Iteration 110237: max relative diff=4.45488057819e-06, 4099.10 sec so far
Iteration 110372: max relative diff=4.36848214493e-06, 4104.13 sec so far
Iteration 110507: max relative diff=4.28375770411e-06, 4109.16 sec so far
Iteration 110642: max relative diff=4.20067485762e-06, 4114.18 sec so far
Iteration 110777: max relative diff=4.11920183281e-06, 4119.22 sec so far
Iteration 110912: max relative diff=4.03930747242e-06, 4124.25 sec so far
Iteration 111046: max relative diff=3.96182800676e-06, 4129.26 sec so far
Iteration 111180: max relative diff=3.88544884683e-06, 4134.26 sec so far
Iteration 111315: max relative diff=3.81008389181e-06, 4139.30 sec so far
Iteration 111449: max relative diff=3.73654045948e-06, 4144.31 sec so far
Iteration 111583: max relative diff=3.66486309372e-06, 4149.33 sec so far
Iteration 111717: max relative diff=3.59420334641e-06, 4154.33 sec so far
Iteration 111851: max relative diff=3.52482332741e-06, 4159.34 sec so far
Iteration 111985: max relative diff=3.45720352149e-06, 4164.35 sec so far
Iteration 112120: max relative diff=3.39013772029e-06, 4169.39 sec so far
Iteration 112255: max relative diff=3.32437169722e-06, 4174.41 sec so far
Iteration 112390: max relative diff=3.25988028805e-06, 4179.43 sec so far
Iteration 112525: max relative diff=3.1966388155e-06, 4184.46 sec so far
Iteration 112660: max relative diff=3.13462308064e-06, 4189.50 sec so far
Iteration 112795: max relative diff=3.0738093507e-06, 4194.53 sec so far
Iteration 112930: max relative diff=3.01417435311e-06, 4199.56 sec so far
Iteration 113065: max relative diff=2.95569526393e-06, 4204.58 sec so far
Iteration 113200: max relative diff=2.89834970245e-06, 4209.61 sec so far
Iteration 113335: max relative diff=2.84211571978e-06, 4214.65 sec so far
Iteration 113470: max relative diff=2.7869717911e-06, 4219.68 sec so far
Iteration 113605: max relative diff=2.73289680883e-06, 4224.71 sec so far
Iteration 113739: max relative diff=2.68019003898e-06, 4229.71 sec so far
Iteration 113874: max relative diff=2.62818497725e-06, 4234.74 sec so far
Iteration 114008: max relative diff=2.57743859756e-06, 4239.74 sec so far
Iteration 114143: max relative diff=2.52742555123e-06, 4244.77 sec so far
Iteration 114277: max relative diff=2.47892468216e-06, 4249.78 sec so far
Iteration 114411: max relative diff=2.43111143569e-06, 4254.80 sec so far
Iteration 114545: max relative diff=2.38416717841e-06, 4259.81 sec so far
Iteration 114679: max relative diff=2.33841299001e-06, 4264.83 sec so far
Iteration 114813: max relative diff=2.29330735197e-06, 4269.85 sec so far
Iteration 114947: max relative diff=2.24902190893e-06, 4274.86 sec so far
Iteration 115082: max relative diff=2.20537612913e-06, 4279.89 sec so far
Iteration 115217: max relative diff=2.16257661161e-06, 4284.90 sec so far
Iteration 115352: max relative diff=2.12060696534e-06, 4289.92 sec so far
Iteration 115487: max relative diff=2.07945111556e-06, 4294.94 sec so far
Iteration 115622: max relative diff=2.03909329752e-06, 4299.96 sec so far
Iteration 115757: max relative diff=1.9995180531e-06, 4304.98 sec so far
Iteration 115892: max relative diff=1.96071022197e-06, 4309.99 sec so far
Iteration 116027: max relative diff=1.92265493826e-06, 4315.01 sec so far
Iteration 116162: max relative diff=1.88533762365e-06, 4320.02 sec so far
Iteration 116297: max relative diff=1.84874398023e-06, 4325.03 sec so far
Iteration 116432: max relative diff=1.81285998938e-06, 4330.05 sec so far
Iteration 116567: max relative diff=1.77767190247e-06, 4335.07 sec so far
Iteration 116702: max relative diff=1.74316623557e-06, 4340.09 sec so far
Iteration 116837: max relative diff=1.70932976895e-06, 4345.11 sec so far
Iteration 116972: max relative diff=1.67614953538e-06, 4350.13 sec so far
Iteration 117107: max relative diff=1.64361282054e-06, 4355.16 sec so far
Iteration 117242: max relative diff=1.61170715592e-06, 4360.19 sec so far
Iteration 117377: max relative diff=1.58042031416e-06, 4365.23 sec so far
Iteration 117512: max relative diff=1.54974030391e-06, 4370.26 sec so far
Iteration 117646: max relative diff=1.51998821082e-06, 4375.26 sec so far
Iteration 117781: max relative diff=1.49048035994e-06, 4380.30 sec so far
Iteration 117916: max relative diff=1.46154486839e-06, 4385.31 sec so far
Iteration 118051: max relative diff=1.43317064527e-06, 4390.33 sec so far
Iteration 118186: max relative diff=1.40534681324e-06, 4395.34 sec so far
Iteration 118321: max relative diff=1.37806270664e-06, 4400.35 sec so far
Iteration 118456: max relative diff=1.35130786535e-06, 4405.36 sec so far
Iteration 118591: max relative diff=1.32507203263e-06, 4410.37 sec so far
Iteration 118726: max relative diff=1.29934514953e-06, 4415.37 sec so far
Iteration 118861: max relative diff=1.27411735231e-06, 4420.38 sec so far
Iteration 118996: max relative diff=1.249378968e-06, 4425.39 sec so far
Iteration 119131: max relative diff=1.22512051174e-06, 4430.40 sec so far
Iteration 119266: max relative diff=1.20133268051e-06, 4435.40 sec so far
Iteration 119401: max relative diff=1.1780063527e-06, 4440.41 sec so far
Iteration 119536: max relative diff=1.15513258289e-06, 4445.42 sec so far
Iteration 119671: max relative diff=1.13270259951e-06, 4450.42 sec so far
Iteration 119806: max relative diff=1.11070780045e-06, 4455.43 sec so far
Iteration 119941: max relative diff=1.08913974988e-06, 4460.44 sec so far
Iteration 120076: max relative diff=1.06799017432e-06, 4465.45 sec so far
Iteration 120211: max relative diff=1.04725096357e-06, 4470.46 sec so far
Iteration 120346: max relative diff=1.02691416174e-06, 4475.47 sec so far
Iteration 120481: max relative diff=1.00697196777e-06, 4480.48 sec so far
Iteration 120616: max relative diff=9.87416732378e-07, 4485.50 sec so far
Iteration 120751: max relative diff=9.68240952918e-07, 4490.51 sec so far
Iteration 120886: max relative diff=9.49437273934e-07, 4495.53 sec so far
Iteration 121020: max relative diff=9.31108461161e-07, 4500.54 sec so far
Iteration 121154: max relative diff=9.13115380658e-07, 4505.55 sec so far
Iteration 121288: max relative diff=8.95577631487e-07, 4510.57 sec so far
Iteration 121422: max relative diff=8.78287707875e-07, 4515.57 sec so far
Iteration 121556: max relative diff=8.61314626212e-07, 4520.58 sec so far
Iteration 121690: max relative diff=8.44771021347e-07, 4525.58 sec so far
Iteration 121825: max relative diff=8.28363403144e-07, 4530.61 sec so far
Iteration 121960: max relative diff=8.1227421389e-07, 4535.64 sec so far
Iteration 122094: max relative diff=7.96591235168e-07, 4540.64 sec so far
Iteration 122228: max relative diff=7.8119586007e-07, 4545.64 sec so far
Iteration 122362: max relative diff=7.66189976097e-07, 4550.67 sec so far
Iteration 122497: max relative diff=7.51307464113e-07, 4555.70 sec so far
Iteration 122632: max relative diff=7.3671380837e-07, 4560.72 sec so far
Iteration 122767: max relative diff=7.22403406784e-07, 4565.75 sec so far
Iteration 122902: max relative diff=7.08370766862e-07, 4570.77 sec so far
Iteration 123037: max relative diff=6.94610501825e-07, 4575.80 sec so far
Iteration 123172: max relative diff=6.81117328981e-07, 4580.82 sec so far
Iteration 123307: max relative diff=6.67886068533e-07, 4585.85 sec so far
Iteration 123441: max relative diff=6.54988755875e-07, 4590.85 sec so far
Iteration 123576: max relative diff=6.42264669659e-07, 4595.89 sec so far
Iteration 123711: max relative diff=6.2978757961e-07, 4600.92 sec so far
Iteration 123846: max relative diff=6.1755269654e-07, 4605.94 sec so far
Iteration 123981: max relative diff=6.05555322115e-07, 4610.96 sec so far
Iteration 124116: max relative diff=5.93790849741e-07, 4615.98 sec so far
Iteration 124250: max relative diff=5.82312519161e-07, 4620.99 sec so far
Iteration 124385: max relative diff=5.70999277248e-07, 4626.02 sec so far
Iteration 124520: max relative diff=5.59905666723e-07, 4631.06 sec so far
Iteration 124655: max relative diff=5.49027427592e-07, 4636.09 sec so far
Iteration 124789: max relative diff=5.38478396672e-07, 4641.09 sec so far
Iteration 124924: max relative diff=5.28016157184e-07, 4646.12 sec so far
Iteration 125058: max relative diff=5.17817880271e-07, 4651.14 sec so far
Iteration 125192: max relative diff=5.0780720752e-07, 4656.16 sec so far
Iteration 125326: max relative diff=4.98049617487e-07, 4661.17 sec so far
Iteration 125461: max relative diff=4.88372320492e-07, 4666.20 sec so far
Iteration 125596: max relative diff=4.78882920685e-07, 4671.24 sec so far
Iteration 125731: max relative diff=4.69577772314e-07, 4676.26 sec so far
Iteration 125866: max relative diff=4.60453300704e-07, 4681.29 sec so far
Iteration 126001: max relative diff=4.51506000318e-07, 4686.31 sec so far
Iteration 126136: max relative diff=4.42732434467e-07, 4691.34 sec so far
Iteration 126271: max relative diff=4.34129231734e-07, 4696.35 sec so far
Iteration 126406: max relative diff=4.25693087019e-07, 4701.37 sec so far
Iteration 126541: max relative diff=4.17420759161e-07, 4706.40 sec so far
Iteration 126675: max relative diff=4.09357067073e-07, 4711.40 sec so far
Iteration 126810: max relative diff=4.01401958029e-07, 4716.42 sec so far
Iteration 126945: max relative diff=3.93601332519e-07, 4721.45 sec so far
Iteration 127080: max relative diff=3.85952192341e-07, 4726.47 sec so far
Iteration 127214: max relative diff=3.78489331705e-07, 4731.48 sec so far
Iteration 127348: max relative diff=3.71215056632e-07, 4736.48 sec so far
Iteration 127483: max relative diff=3.6400067256e-07, 4741.52 sec so far
Iteration 127618: max relative diff=3.56926398677e-07, 4746.54 sec so far
Iteration 127753: max relative diff=3.49989515282e-07, 4751.58 sec so far
Iteration 127887: max relative diff=3.43227539538e-07, 4756.59 sec so far
Iteration 128021: max relative diff=3.36590303839e-07, 4761.60 sec so far
Iteration 128155: max relative diff=3.3012076087e-07, 4766.61 sec so far
Iteration 128289: max relative diff=3.23742378076e-07, 4771.62 sec so far
Iteration 128424: max relative diff=3.17449991441e-07, 4776.66 sec so far
Iteration 128559: max relative diff=3.11279821253e-07, 4781.68 sec so far
Iteration 128694: max relative diff=3.05229496932e-07, 4786.70 sec so far
Iteration 128828: max relative diff=2.99326611746e-07, 4791.71 sec so far
Iteration 128962: max relative diff=2.93572838601e-07, 4796.72 sec so far
Iteration 129096: max relative diff=2.87900115253e-07, 4801.74 sec so far
Iteration 129230: max relative diff=2.82332159653e-07, 4806.74 sec so far
Iteration 129365: max relative diff=2.76844125138e-07, 4811.78 sec so far
Iteration 129500: max relative diff=2.71462696622e-07, 4816.81 sec so far
Iteration 129635: max relative diff=2.66185804478e-07, 4821.84 sec so far
Iteration 129769: max relative diff=2.61068665115e-07, 4826.86 sec so far
Iteration 129903: max relative diff=2.56023586154e-07, 4831.87 sec so far
Iteration 130037: max relative diff=2.51071754232e-07, 4836.88 sec so far
Iteration 130171: max relative diff=2.462449756e-07, 4841.88 sec so far
Iteration 130306: max relative diff=2.41457968011e-07, 4846.91 sec so far
Iteration 130441: max relative diff=2.36763958692e-07, 4851.94 sec so far
Iteration 130576: max relative diff=2.32161141497e-07, 4856.97 sec so far
Iteration 130711: max relative diff=2.27647745965e-07, 4861.99 sec so far
Iteration 130846: max relative diff=2.2322203643e-07, 4867.01 sec so far
Iteration 130981: max relative diff=2.18882310828e-07, 4872.02 sec so far
Iteration 131116: max relative diff=2.14626900108e-07, 4877.05 sec so far
Iteration 131250: max relative diff=2.10478710203e-07, 4882.06 sec so far
Iteration 131385: max relative diff=2.06386568647e-07, 4887.10 sec so far
Iteration 131520: max relative diff=2.02373934059e-07, 4892.13 sec so far
Iteration 131655: max relative diff=1.98439264812e-07, 4897.14 sec so far
Iteration 131790: max relative diff=1.94581045898e-07, 4902.16 sec so far
Iteration 131925: max relative diff=1.90797793087e-07, 4907.19 sec so far
Iteration 132060: max relative diff=1.87088050546e-07, 4912.21 sec so far
Iteration 132194: max relative diff=1.83468828633e-07, 4917.21 sec so far
Iteration 132329: max relative diff=1.79901498116e-07, 4922.25 sec so far
Iteration 132464: max relative diff=1.76403486281e-07, 4927.26 sec so far
Iteration 132599: max relative diff=1.7297344584e-07, 4932.29 sec so far
Iteration 132734: max relative diff=1.69610057908e-07, 4937.31 sec so far
Iteration 132869: max relative diff=1.66312027834e-07, 4942.34 sec so far
Iteration 133004: max relative diff=1.63078086693e-07, 4947.37 sec so far
Iteration 133139: max relative diff=1.59906989647e-07, 4952.40 sec so far
Iteration 133274: max relative diff=1.56797516984e-07, 4957.42 sec so far
Iteration 133409: max relative diff=1.53748471152e-07, 4962.44 sec so far
Iteration 133544: max relative diff=1.50758678981e-07, 4967.45 sec so far
Iteration 133679: max relative diff=1.47826990645e-07, 4972.46 sec so far
Iteration 133814: max relative diff=1.44952276541e-07, 4977.47 sec so far
Iteration 133949: max relative diff=1.42133431007e-07, 4982.49 sec so far
Iteration 134084: max relative diff=1.39369368599e-07, 4987.52 sec so far
Iteration 134219: max relative diff=1.36659024991e-07, 4992.53 sec so far
Iteration 134354: max relative diff=1.34001358009e-07, 4997.55 sec so far
Iteration 134489: max relative diff=1.3139534377e-07, 5002.57 sec so far
Iteration 134623: max relative diff=1.28868249899e-07, 5007.58 sec so far
Iteration 134757: max relative diff=1.26376680894e-07, 5012.60 sec so far
Iteration 134891: max relative diff=1.23931361067e-07, 5017.62 sec so far
Iteration 135025: max relative diff=1.21547734016e-07, 5022.64 sec so far
Iteration 135159: max relative diff=1.19197609787e-07, 5027.66 sec so far
Iteration 135293: max relative diff=1.1689112566e-07, 5032.69 sec so far
Iteration 135427: max relative diff=1.14642825805e-07, 5037.70 sec so far
Iteration 135561: max relative diff=1.12426123153e-07, 5042.72 sec so far
Iteration 135694: max relative diff=1.10274789205e-07, 5047.76 sec so far
Iteration 135827: max relative diff=1.08153418796e-07, 5052.78 sec so far
Iteration 135961: max relative diff=1.06073082536e-07, 5057.80 sec so far
Iteration 136095: max relative diff=1.04021977958e-07, 5062.82 sec so far
Iteration 136229: max relative diff=1.02008989179e-07, 5067.83 sec so far
Iteration 136363: max relative diff=1.00046772593e-07, 5072.86 sec so far
Iteration 136497: max relative diff=9.8112124138e-08, 5077.90 sec so far
Iteration 136631: max relative diff=9.62134385904e-08, 5082.94 sec so far
Iteration 136764: max relative diff=9.43735772755e-08, 5087.94 sec so far
Iteration 136897: max relative diff=9.25675128913e-08, 5092.95 sec so far
Iteration 137030: max relative diff=9.07865922382e-08, 5097.96 sec so far
Iteration 137163: max relative diff=8.90504418799e-08, 5102.98 sec so far
Iteration 137297: max relative diff=8.73270291052e-08, 5108.00 sec so far
Iteration 137431: max relative diff=8.5647074728e-08, 5113.04 sec so far
Iteration 137565: max relative diff=8.39907151714e-08, 5118.06 sec so far
Iteration 137699: max relative diff=8.23651729335e-08, 5123.09 sec so far
Iteration 137833: max relative diff=8.07806180037e-08, 5128.11 sec so far
Iteration 137967: max relative diff=7.9218315218e-08, 5133.14 sec so far
Iteration 138101: max relative diff=7.76850894759e-08, 5138.17 sec so far
Iteration 138234: max relative diff=7.61993378169e-08, 5143.19 sec so far
Iteration 138367: max relative diff=7.47409125179e-08, 5148.19 sec so far
Iteration 138500: max relative diff=7.3302780959e-08, 5153.19 sec so far
Iteration 138634: max relative diff=7.18924747649e-08, 5158.22 sec so far
Iteration 138768: max relative diff=7.05019680631e-08, 5163.25 sec so far
Iteration 138902: max relative diff=6.91373567226e-08, 5168.28 sec so far
Iteration 139036: max relative diff=6.78071462906e-08, 5173.31 sec so far
Iteration 139170: max relative diff=6.64956082759e-08, 5178.35 sec so far
Iteration 139303: max relative diff=6.52228169501e-08, 5183.35 sec so far
Iteration 139437: max relative diff=6.39612355578e-08, 5188.38 sec so far
Iteration 139570: max relative diff=6.2736929412e-08, 5193.39 sec so far
Iteration 139704: max relative diff=6.15234033351e-08, 5198.42 sec so far
Iteration 139838: max relative diff=6.03324930991e-08, 5203.45 sec so far
Iteration 139972: max relative diff=5.91715999261e-08, 5208.47 sec so far
Iteration 140106: max relative diff=5.80269977415e-08, 5213.50 sec so far
Iteration 140240: max relative diff=5.69037332532e-08, 5218.54 sec so far
Iteration 140373: max relative diff=5.58152240019e-08, 5223.54 sec so far
Iteration 140507: max relative diff=5.47347532628e-08, 5228.57 sec so far
Iteration 140640: max relative diff=5.36877099536e-08, 5233.58 sec so far
Iteration 140774: max relative diff=5.26484030172e-08, 5238.61 sec so far
Iteration 140907: max relative diff=5.16412470019e-08, 5243.62 sec so far
Iteration 141040: max relative diff=5.06526535212e-08, 5248.62 sec so far
Iteration 141173: max relative diff=4.96778044047e-08, 5253.63 sec so far
Iteration 141307: max relative diff=4.87218205565e-08, 5258.67 sec so far
Iteration 141440: max relative diff=4.77841118234e-08, 5263.68 sec so far
Iteration 141573: max relative diff=4.68699561267e-08, 5268.68 sec so far
Iteration 141706: max relative diff=4.59726579292e-08, 5273.69 sec so far
Iteration 141839: max relative diff=4.50878323451e-08, 5278.69 sec so far
Iteration 141972: max relative diff=4.42252302059e-08, 5283.71 sec so far
Iteration 142105: max relative diff=4.33785388529e-08, 5288.72 sec so far
Iteration 142238: max relative diff=4.25436153197e-08, 5293.73 sec so far
Iteration 142371: max relative diff=4.17296610262e-08, 5298.74 sec so far
Iteration 142504: max relative diff=4.09307243343e-08, 5303.76 sec so far
Iteration 142637: max relative diff=4.01428906666e-08, 5308.76 sec so far
Iteration 142770: max relative diff=3.93748416205e-08, 5313.78 sec so far
Iteration 142903: max relative diff=3.86209675464e-08, 5318.79 sec so far
Iteration 143036: max relative diff=3.78775693195e-08, 5323.80 sec so far
Iteration 143169: max relative diff=3.71528377095e-08, 5328.81 sec so far
Iteration 143302: max relative diff=3.64414861715e-08, 5333.82 sec so far
Iteration 143435: max relative diff=3.5740018246e-08, 5338.83 sec so far
Iteration 143568: max relative diff=3.50561628698e-08, 5343.85 sec so far
Iteration 143701: max relative diff=3.43849369754e-08, 5348.86 sec so far
Iteration 143834: max relative diff=3.37230356168e-08, 5353.89 sec so far
Iteration 143967: max relative diff=3.30777520675e-08, 5358.91 sec so far
Iteration 144100: max relative diff=3.24443896378e-08, 5363.93 sec so far
Iteration 144233: max relative diff=3.18198238924e-08, 5368.95 sec so far
Iteration 144366: max relative diff=3.12109384619e-08, 5373.98 sec so far
Iteration 144499: max relative diff=3.0613304746e-08, 5378.99 sec so far
Iteration 144632: max relative diff=3.00239710877e-08, 5384.02 sec so far
Iteration 144765: max relative diff=2.94494312511e-08, 5389.04 sec so far
Iteration 144898: max relative diff=2.88855104505e-08, 5394.07 sec so far
Iteration 145031: max relative diff=2.83294222243e-08, 5399.09 sec so far
Iteration 145164: max relative diff=2.77872917325e-08, 5404.13 sec so far
Iteration 145297: max relative diff=2.7255185217e-08, 5409.15 sec so far
Iteration 145430: max relative diff=2.67304672857e-08, 5414.19 sec so far
Iteration 145562: max relative diff=2.6221602299e-08, 5419.19 sec so far
Iteration 145694: max relative diff=2.57224200436e-08, 5424.20 sec so far
Iteration 145826: max relative diff=2.52327353996e-08, 5429.20 sec so far
Iteration 145958: max relative diff=2.47523688977e-08, 5434.21 sec so far
Iteration 146090: max relative diff=2.42811431497e-08, 5439.21 sec so far
Iteration 146222: max relative diff=2.38188834444e-08, 5444.22 sec so far
Iteration 146354: max relative diff=2.33654198284e-08, 5449.22 sec so far
Iteration 146486: max relative diff=2.29205845786e-08, 5454.23 sec so far
Iteration 146618: max relative diff=2.24842145814e-08, 5459.24 sec so far
Iteration 146750: max relative diff=2.20561477642e-08, 5464.25 sec so far
Iteration 146882: max relative diff=2.16362272583e-08, 5469.27 sec so far
Iteration 147014: max relative diff=2.12242976822e-08, 5474.29 sec so far
Iteration 147146: max relative diff=2.08202067765e-08, 5479.31 sec so far
Iteration 147278: max relative diff=2.0423805702e-08, 5484.34 sec so far
Iteration 147410: max relative diff=2.00349479985e-08, 5489.35 sec so far
Iteration 147542: max relative diff=1.96534901796e-08, 5494.39 sec so far
Iteration 147674: max relative diff=1.92792918813e-08, 5499.40 sec so far
Iteration 147806: max relative diff=1.89122146727e-08, 5504.43 sec so far
Iteration 147938: max relative diff=1.85521235427e-08, 5509.46 sec so far
Iteration 148070: max relative diff=1.81988851159e-08, 5514.49 sec so far
Iteration 148202: max relative diff=1.7852369288e-08, 5519.52 sec so far
Iteration 148333: max relative diff=1.75162945132e-08, 5524.52 sec so far
Iteration 148465: max relative diff=1.71827691872e-08, 5529.55 sec so far
Iteration 148596: max relative diff=1.68575241427e-08, 5534.56 sec so far
Iteration 148728: max relative diff=1.65365361098e-08, 5539.59 sec so far
Iteration 148859: max relative diff=1.62233231078e-08, 5544.60 sec so far
Iteration 148990: max relative diff=1.59179022359e-08, 5549.61 sec so far
Iteration 149121: max relative diff=1.56165871573e-08, 5554.62 sec so far
Iteration 149252: max relative diff=1.53207914734e-08, 5559.63 sec so far
Iteration 149383: max relative diff=1.50323534458e-08, 5564.65 sec so far
Iteration 149514: max relative diff=1.47477928226e-08, 5569.66 sec so far
Iteration 149645: max relative diff=1.44684454402e-08, 5574.69 sec so far
Iteration 149776: max relative diff=1.41960478558e-08, 5579.71 sec so far
Iteration 149907: max relative diff=1.39273102903e-08, 5584.74 sec so far
Iteration 150038: max relative diff=1.36634978031e-08, 5589.77 sec so far
Iteration 150169: max relative diff=1.34062480723e-08, 5594.81 sec so far
Iteration 150299: max relative diff=1.3153806549e-08, 5599.81 sec so far
Iteration 150429: max relative diff=1.29076254942e-08, 5604.83 sec so far
Iteration 150559: max relative diff=1.2665902778e-08, 5609.84 sec so far
Iteration 150689: max relative diff=1.24273965366e-08, 5614.86 sec so far
Iteration 150819: max relative diff=1.21948038685e-08, 5619.88 sec so far
Iteration 150949: max relative diff=1.19664246456e-08, 5624.91 sec so far
Iteration 151079: max relative diff=1.17410840636e-08, 5629.93 sec so far
Iteration 151208: max relative diff=1.15225163377e-08, 5634.93 sec so far
Iteration 151338: max relative diff=1.13068512008e-08, 5639.97 sec so far
Iteration 151467: max relative diff=1.10963634701e-08, 5644.98 sec so far
Iteration 151596: max relative diff=1.08897919521e-08, 5649.99 sec so far
Iteration 151725: max relative diff=1.06870646805e-08, 5655.02 sec so far
Iteration 151854: max relative diff=1.04881096892e-08, 5660.04 sec so far
Iteration 151982: max relative diff=1.02939163651e-08, 5665.04 sec so far
Iteration 152110: max relative diff=1.01044974958e-08, 5670.04 sec so far
Max relative diff between upper and lower bound on convergence: 9.99906799036e-09
Interval iteration (max, with Gauss-Seidel) took 152182 iterations, 1133512408800 MV-multiplications and 5672.947 seconds.
Probabilistic reachability took 7095.146 seconds.

Value in the initial state: 0.04666666667749199

Time for model checking: 7095.194 seconds.

Result: 0.04666666667749199 (value in the initial state)

