PRISM
=====

Version: 4.4.beta
Date: Tue Jan 23 17:50:28 IRST 2018
Hostname: astek.hpc.vru.ac.ir
Memory limits: cudd=1g, java(heap)=981.5m
Command line: prism ../examples/consensus/coin4.nm ../examples/consensus/coin.pctl -prop 4 -const K=20 -s -gs -maxiters 2500000

Parsing model file "../examples/consensus/coin4.nm"...

Parsing properties file "../examples/consensus/coin.pctl"...

8 properties:
(1) P>=1 [ F "finished" ]
(2) Pmin=? [ F "finished"&"all_coins_equal_0" ]
(3) Pmin=? [ F "finished"&"all_coins_equal_1" ]
(4) Pmax=? [ F "finished"&!"agree" ]
(5) Pmin=? [ F<=k "finished" ]
(6) Pmax=? [ F<=k "finished" ]
(7) R{"steps"}min=? [ F "finished" ]
(8) R{"steps"}max=? [ F "finished" ]

Type:        MDP
Modules:     process1 process2 process3 process4 
Variables:   counter pc1 coin1 pc2 coin2 pc3 coin3 pc4 coin4 

---------------------------------------------------------------------

Model checking: Pmax=? [ F "finished"&!"agree" ]
Model constants: K=20

Building model...
Model constants: K=20

Computing reachable states...

Reachability (BFS): 963 iterations in 0.12 seconds (average 0.000127, setup 0.00)

Time for model construction: 0.182 seconds.

Type:        MDP
States:      206976 (1 initial)
Transitions: 697312
Choices:     558208

Transition matrix: 2432 nodes (3 terminal), 697312 minterms, vars: 20r/20c/4nd

Prob0A: 725 iterations in 0.39 seconds (average 0.000542, setup 0.00)

Prob1E: 50704 iterations in 43.72 seconds (average 0.000862, setup 0.00)

yes = 47736, no = 910, maybe = 158330

Computing remaining probabilities...
Engine: Sparse

Building sparse matrix(FOR GS)... [n=206976, nc=475272, nnz=594328, k=4] [7.5 MB]
Creating vector for yes...[1.6 MB]
Allocating iteration vectors... [2 x 1.6 MB]
TOTAL: [12.2 MB]

Starting iterations...
Iteration 1687: max relative diff=0.040163, 5.00 sec so far
Iteration 3382: max relative diff=0.008966, 10.01 sec so far
Iteration 5078: max relative diff=0.003629, 15.01 sec so far
Iteration 6776: max relative diff=0.001871, 20.01 sec so far
Iteration 8473: max relative diff=0.001105, 25.01 sec so far
Iteration 10174: max relative diff=0.000711, 30.01 sec so far
Iteration 11870: max relative diff=0.000486, 35.01 sec so far
Iteration 13570: max relative diff=0.000348, 40.02 sec so far
Iteration 15269: max relative diff=0.000257, 45.02 sec so far
Iteration 16969: max relative diff=0.000196, 50.02 sec so far
Iteration 18665: max relative diff=0.000152, 55.02 sec so far
Iteration 20363: max relative diff=0.000120, 60.02 sec so far
Iteration 22060: max relative diff=0.000095, 65.03 sec so far
Iteration 23760: max relative diff=0.000077, 70.03 sec so far
Iteration 25458: max relative diff=0.000062, 75.03 sec so far
Iteration 27159: max relative diff=0.000051, 80.03 sec so far
Iteration 28857: max relative diff=0.000042, 85.03 sec so far
Iteration 30556: max relative diff=0.000034, 90.04 sec so far
Iteration 32254: max relative diff=0.000028, 95.04 sec so far
Iteration 33952: max relative diff=0.000023, 100.04 sec so far
Iteration 35648: max relative diff=0.000019, 105.04 sec so far
Iteration 37347: max relative diff=0.000016, 110.04 sec so far
Iteration 39045: max relative diff=0.000013, 115.05 sec so far
Iteration 40745: max relative diff=0.000011, 120.05 sec so far
Iteration 42443: max relative diff=0.000009, 125.05 sec so far
Iteration 44142: max relative diff=0.000007, 130.05 sec so far
Iteration 45841: max relative diff=0.000006, 135.05 sec so far
Iteration 47541: max relative diff=0.000005, 140.05 sec so far
Iteration 49238: max relative diff=0.000004, 145.06 sec so far
Iteration 50936: max relative diff=0.000003, 150.06 sec so far
Iteration 52634: max relative diff=0.000003, 155.06 sec so far
Iteration 54334: max relative diff=0.000002, 160.06 sec so far
Iteration 56029: max relative diff=0.000002, 165.06 sec so far
Iteration 57730: max relative diff=0.000002, 170.07 sec so far
Iteration 59428: max relative diff=0.000001, 175.07 sec so far
Iteration 61127: max relative diff=0.000001, 180.07 sec so far

Iterative method: 61872 iterations in 182.37 seconds (average 0.002946, setup 0.11)

Value in the initial state: 0.03107561213606045

Time for model checking: 226.505 seconds.

Result: 0.03107561213606045 (value in the initial state)

