PRISM
=====

Version: 4.4.beta
Date: Wed Jan 24 10:00:45 IRST 2018
Hostname: astek.hpc.vru.ac.ir
Memory limits: cudd=1g, java(heap)=65.1g
Command line: prism ../examples/consensus/coin5.nm ../examples/consensus/coin.pctl -prop 4 -const K=5 -ex -politer -javamaxmem 75000m -maxiters 2500000

Parsing model file "../examples/consensus/coin5.nm"...

Parsing properties file "../examples/consensus/coin.pctl"...

8 properties:
(1) P>=1 [ F "finished" ]
(2) Pmin=? [ F "finished"&"all_coins_equal_0" ]
(3) Pmin=? [ F "finished"&"all_coins_equal_1" ]
(4) Pmax=? [ F "finished"&!"agree" ]
(5) Pmin=? [ F<=k "finished" ]
(6) Pmax=? [ F<=k "finished" ]
(7) R{"steps"}min=? [ F "finished" ]
(8) R{"steps"}max=? [ F "finished" ]

Type:        MDP
Modules:     process1 process2 process3 process4 process5 
Variables:   counter pc1 coin1 pc2 coin2 pc3 coin3 pc4 coin4 pc5 coin5 

---------------------------------------------------------------------

Model checking: Pmax=? [ F "finished"&!"agree" ]
Model constants: K=5

Building model...
Model constants: K=5

Computing reachable states... 405376 states
Reachable states exploration and model construction done in 2.803 secs.
Sorting reachable states list...

Time for model construction: 3.619 seconds.

Type:        MDP
States:      405376 (1 initial)
Transitions: 1687120
Choices:     1352320
Max/avg:     5/3.34

Starting probabilistic reachability (max)...
Starting Prob0 (max)...
Prob0 (max) took 231 iterations and 2.119 seconds.
Starting Prob1 (max)...
Prob1 (max) took 6143 iterations and 63.237 seconds.
target=150, yes=140590, no=5042, maybe=259744
Starting policy iteration (max)...
Policy iteration took 50 cycles (17222 iterations in total) and 47.813 seconds.
Probabilistic reachability took 113.176 seconds.

Value in the initial state: 0.13998541106182416

Time for model checking: 113.203 seconds.

Result: 0.13998541106182416 (value in the initial state)

