PRISM
=====

Version: 4.4.beta
Date: Wed Jan 24 09:51:00 IRST 2018
Hostname: astek.hpc.vru.ac.ir
Memory limits: cudd=1g, java(heap)=981.5m
Command line: prism ../examples/consensus/coin5.nm ../examples/consensus/coin.pctl -prop 4 -const K=5 -s -gs -maxiters 2500000

Parsing model file "../examples/consensus/coin5.nm"...

Parsing properties file "../examples/consensus/coin.pctl"...

8 properties:
(1) P>=1 [ F "finished" ]
(2) Pmin=? [ F "finished"&"all_coins_equal_0" ]
(3) Pmin=? [ F "finished"&"all_coins_equal_1" ]
(4) Pmax=? [ F "finished"&!"agree" ]
(5) Pmin=? [ F<=k "finished" ]
(6) Pmax=? [ F<=k "finished" ]
(7) R{"steps"}min=? [ F "finished" ]
(8) R{"steps"}max=? [ F "finished" ]

Type:        MDP
Modules:     process1 process2 process3 process4 process5 
Variables:   counter pc1 coin1 pc2 coin2 pc3 coin3 pc4 coin4 pc5 coin5 

---------------------------------------------------------------------

Model checking: Pmax=? [ F "finished"&!"agree" ]
Model constants: K=5

Building model...
Model constants: K=5

Computing reachable states...

Reachability (BFS): 304 iterations in 0.08 seconds (average 0.000250, setup 0.00)

Time for model construction: 0.109 seconds.

Type:        MDP
States:      405376 (1 initial)
Transitions: 1687120
Choices:     1352320

Transition matrix: 4298 nodes (3 terminal), 1687120 minterms, vars: 21r/21c/5nd

Prob0A: 231 iterations in 0.35 seconds (average 0.001524, setup 0.00)

Prob1E: 5965 iterations in 15.43 seconds (average 0.002587, setup 0.00)

yes = 140590, no = 5042, maybe = 259744

Computing remaining probabilities...
Engine: Sparse

Building sparse matrix(FOR GS)... [n=405376, nc=990110, nnz=1239200, k=5] [15.5 MB]
Creating vector for yes...[3.1 MB]
Allocating iteration vectors... [2 x 3.1 MB]
TOTAL: [24.8 MB]

Starting iterations...
Iteration 717: max relative diff=0.018874, 5.00 sec so far
Iteration 1428: max relative diff=0.004215, 10.01 sec so far
Iteration 2140: max relative diff=0.001478, 15.02 sec so far
Iteration 2852: max relative diff=0.000584, 20.02 sec so far
Iteration 3564: max relative diff=0.000239, 25.03 sec so far
Iteration 4275: max relative diff=0.000098, 30.03 sec so far
Iteration 4986: max relative diff=0.000040, 35.03 sec so far
Iteration 5700: max relative diff=0.000016, 40.04 sec so far
Iteration 6412: max relative diff=0.000006, 45.04 sec so far
Iteration 7123: max relative diff=0.000003, 50.04 sec so far
Iteration 7835: max relative diff=0.000001, 55.05 sec so far

Iterative method: 7838 iterations in 55.30 seconds (average 0.007026, setup 0.23)

Value in the initial state: 0.13996199650591745

Time for model checking: 71.076 seconds.

Result: 0.13996199650591745 (value in the initial state)

