PRISM
=====

Version: 4.4.beta
Date: Fri Jan 26 18:07:35 IRST 2018
Hostname: astek.hpc.vru.ac.ir
Memory limits: cudd=1g, java(heap)=65.1g
Command line: prism ../examples/consensus/coin4.nm ../examples/consensus/coin.pctl -prop 4 -const K=20 -s -topological -improvedmodpoliter -javamaxmem 75000m -maxiters 2500000

Parsing model file "../examples/consensus/coin4.nm"...

Parsing properties file "../examples/consensus/coin.pctl"...

8 properties:
(1) P>=1 [ F "finished" ]
(2) Pmin=? [ F "finished"&"all_coins_equal_0" ]
(3) Pmin=? [ F "finished"&"all_coins_equal_1" ]
(4) Pmax=? [ F "finished"&!"agree" ]
(5) Pmin=? [ F<=k "finished" ]
(6) Pmax=? [ F<=k "finished" ]
(7) R{"steps"}min=? [ F "finished" ]
(8) R{"steps"}max=? [ F "finished" ]

Type:        MDP
Modules:     process1 process2 process3 process4 
Variables:   counter pc1 coin1 pc2 coin2 pc3 coin3 pc4 coin4 

---------------------------------------------------------------------

Model checking: Pmax=? [ F "finished"&!"agree" ]
Model constants: K=20

Building model...
Model constants: K=20

Computing reachable states...

Reachability (BFS): 963 iterations in 0.14 seconds (average 0.000148, setup 0.00)

Time for model construction: 0.215 seconds.

Type:        MDP
States:      206976 (1 initial)
Transitions: 697312
Choices:     558208

Transition matrix: 2432 nodes (3 terminal), 697312 minterms, vars: 20r/20c/4nd

Prob0A: 725 iterations in 0.39 seconds (average 0.000537, setup 0.00)

Prob1E: 50704 iterations in 43.30 seconds (average 0.000854, setup 0.00)

yes = 47736, no = 910, maybe = 158330

Computing remaining probabilities...
Engine: Sparse

Building sparse matrix... [n=206976, nc=475272, nnz=594328, k=4] [7.5 MB]
Creating vector for yes... [1.6 MB]
Allocating iteration vectors... [2 x 1.6 MB]
TOTAL: [12.2 MB]

Starting iterations...

Iterative method: 578058 iterations in 11.86 seconds (average 0.000021, setup 0.11)


Number of scallar multiplications: 1521M 

Value in the initial state: 0.03120834768089355

Time for model checking: 55.641 seconds.

Result: 0.03120834768089355 (value in the initial state)

