PRISM
=====

Version: 4.4.beta
Date: Fri Jan 26 18:05:10 IRST 2018
Hostname: astek.hpc.vru.ac.ir
Memory limits: cudd=1g, java(heap)=65.1g
Command line: prism ../examples/consensus/coin4.nm ../examples/consensus/coin.pctl -prop 4 -const K=16 -s -topological -explicitmodpoliter -javamaxmem 75000m -maxiters 2500000

Parsing model file "../examples/consensus/coin4.nm"...

Parsing properties file "../examples/consensus/coin.pctl"...

8 properties:
(1) P>=1 [ F "finished" ]
(2) Pmin=? [ F "finished"&"all_coins_equal_0" ]
(3) Pmin=? [ F "finished"&"all_coins_equal_1" ]
(4) Pmax=? [ F "finished"&!"agree" ]
(5) Pmin=? [ F<=k "finished" ]
(6) Pmax=? [ F<=k "finished" ]
(7) R{"steps"}min=? [ F "finished" ]
(8) R{"steps"}max=? [ F "finished" ]

Type:        MDP
Modules:     process1 process2 process3 process4 
Variables:   counter pc1 coin1 pc2 coin2 pc3 coin3 pc4 coin4 

---------------------------------------------------------------------

Model checking: Pmax=? [ F "finished"&!"agree" ]
Model constants: K=16

Building model...
Model constants: K=16

Computing reachable states...

Reachability (BFS): 771 iterations in 0.10 seconds (average 0.000132, setup 0.00)

Time for model construction: 0.151 seconds.

Type:        MDP
States:      166016 (1 initial)
Transitions: 559072
Choices:     447616

Transition matrix: 2432 nodes (3 terminal), 559072 minterms, vars: 20r/20c/4nd

Prob0A: 581 iterations in 0.34 seconds (average 0.000594, setup 0.00)

Prob1E: 32888 iterations in 30.06 seconds (average 0.000914, setup 0.00)

yes = 38520, no = 910, maybe = 126586

Computing remaining probabilities...
Engine: Sparse

Building sparse matrix... [n=166016, nc=380040, nnz=475288, k=4] [6.0 MB]
Creating vector for yes... [1.3 MB]
Allocating iteration vectors... [2 x 1.3 MB]
TOTAL: [9.8 MB]

Starting iterations...
 39923 
Iterative method: 353284 iterations in 10.29 seconds (average 0.000029, setup 0.09)


Number of scallar multiplications: 2059M 

Value in the initial state: 0.03896275583913296

Time for model checking: 40.758 seconds.

Result: 0.03896275583913296 (value in the initial state)

