PRISM
=====

Version: 4.4.beta
Date: Wed Jan 24 10:16:48 IRST 2018
Hostname: astek.hpc.vru.ac.ir
Memory limits: cudd=1g, java(heap)=65.1g
Command line: prism ../examples/consensus/coin5.nm ../examples/consensus/coin.pctl -prop 4 -const K=10 -s -topological -modpoliter -javamaxmem 75000m -maxiters 2500000

Parsing model file "../examples/consensus/coin5.nm"...

Parsing properties file "../examples/consensus/coin.pctl"...

8 properties:
(1) P>=1 [ F "finished" ]
(2) Pmin=? [ F "finished"&"all_coins_equal_0" ]
(3) Pmin=? [ F "finished"&"all_coins_equal_1" ]
(4) Pmax=? [ F "finished"&!"agree" ]
(5) Pmin=? [ F<=k "finished" ]
(6) Pmax=? [ F<=k "finished" ]
(7) R{"steps"}min=? [ F "finished" ]
(8) R{"steps"}max=? [ F "finished" ]

Type:        MDP
Modules:     process1 process2 process3 process4 process5 
Variables:   counter pc1 coin1 pc2 coin2 pc3 coin3 pc4 coin4 pc5 coin5 

---------------------------------------------------------------------

Model checking: Pmax=? [ F "finished"&!"agree" ]
Model constants: K=10

Building model...
Model constants: K=10

Computing reachable states...

Reachability (BFS): 604 iterations in 0.14 seconds (average 0.000237, setup 0.00)

Time for model construction: 0.191 seconds.

Type:        MDP
States:      792576 (1 initial)
Transitions: 3307120
Choices:     2648320

Transition matrix: 4325 nodes (3 terminal), 3307120 minterms, vars: 22r/22c/5nd

Prob0A: 456 iterations in 0.58 seconds (average 0.001274, setup 0.00)

Prob1E: 21265 iterations in 48.81 seconds (average 0.002296, setup 0.00)

yes = 266590, no = 5042, maybe = 520944

Computing remaining probabilities...
Engine: Sparse

Building sparse matrix... [n=792576, nc=1984110, nnz=2481700, k=5] [31.0 MB]
Creating vector for yes... [6.0 MB]
Allocating iteration vectors... [2 x 6.0 MB]
TOTAL: [49.2 MB]

Starting iterations...

Iterative method: 490222 iterations in 62.58 seconds (average 0.000128, setup 0.45)

Value in the initial state: 0.0698945783321687

Time for model checking: 112.412 seconds.

Result: 0.0698945783321687 (value in the initial state)

