PRISM
=====

Version: 4.4.beta
Date: Wed Jan 24 15:55:39 IRST 2018
Hostname: astek.hpc.vru.ac.ir
Memory limits: cudd=1g, java(heap)=65.1g
Command line: prism ../examples/consensus/coin5.nm ../examples/consensus/coin.pctl -prop 4 -const K=15 -ex -modpoliter -javamaxmem 75000m -maxiters 2500000

Parsing model file "../examples/consensus/coin5.nm"...

Parsing properties file "../examples/consensus/coin.pctl"...

8 properties:
(1) P>=1 [ F "finished" ]
(2) Pmin=? [ F "finished"&"all_coins_equal_0" ]
(3) Pmin=? [ F "finished"&"all_coins_equal_1" ]
(4) Pmax=? [ F "finished"&!"agree" ]
(5) Pmin=? [ F<=k "finished" ]
(6) Pmax=? [ F<=k "finished" ]
(7) R{"steps"}min=? [ F "finished" ]
(8) R{"steps"}max=? [ F "finished" ]

Type:        MDP
Modules:     process1 process2 process3 process4 process5 
Variables:   counter pc1 coin1 pc2 coin2 pc3 coin3 pc4 coin4 pc5 coin5 

---------------------------------------------------------------------

Model checking: Pmax=? [ F "finished"&!"agree" ]
Model constants: K=15

Building model...
Model constants: K=15

Computing reachable states... 393666 621693 1179776 states
Reachable states exploration and model construction done in 10.977 secs.
Sorting reachable states list...

Time for model construction: 13.833 seconds.

Type:        MDP
States:      1179776 (1 initial)
Transitions: 4927120
Choices:     3944320
Max/avg:     5/3.34

Starting probabilistic reachability (max)...
Starting Prob0 (max)...
Prob0 (max) took 681 iterations and 15.558 seconds.
Starting Prob1 (max)...
Prob1 (max) took 46468 iterations and 1309.818 seconds.
target=150, yes=392590, no=5042, maybe=782144
Starting modified policy iteration (max)...
Modified policy iteration took 546 cycles (54503 iterations in total) and 665.69 seconds.
Probabilistic reachability took 1991.08 seconds.

Value in the initial state: 0.04642969680490369

Time for model checking: 1991.115 seconds.

Result: 0.04642969680490369 (value in the initial state)

