PRISM
=====

Version: 4.4.beta
Date: Thu Jan 25 18:46:18 IRST 2018
Hostname: astek.hpc.vru.ac.ir
Memory limits: cudd=1g, java(heap)=65.1g
Command line: prism ../examples/consensus/coin4.nm ../examples/consensus/coin.pctl -prop 4 -const K=8 -s -topological -improvedmodpoliter2 -javamaxmem 75000m -maxiters 2500000

Parsing model file "../examples/consensus/coin4.nm"...

Parsing properties file "../examples/consensus/coin.pctl"...

8 properties:
(1) P>=1 [ F "finished" ]
(2) Pmin=? [ F "finished"&"all_coins_equal_0" ]
(3) Pmin=? [ F "finished"&"all_coins_equal_1" ]
(4) Pmax=? [ F "finished"&!"agree" ]
(5) Pmin=? [ F<=k "finished" ]
(6) Pmax=? [ F<=k "finished" ]
(7) R{"steps"}min=? [ F "finished" ]
(8) R{"steps"}max=? [ F "finished" ]

Type:        MDP
Modules:     process1 process2 process3 process4 
Variables:   counter pc1 coin1 pc2 coin2 pc3 coin3 pc4 coin4 

---------------------------------------------------------------------

Model checking: Pmax=? [ F "finished"&!"agree" ]
Model constants: K=8

Building model...
Model constants: K=8

Computing reachable states...

Reachability (BFS): 387 iterations in 0.05 seconds (average 0.000137, setup 0.00)

Time for model construction: 0.081 seconds.

Type:        MDP
States:      84096 (1 initial)
Transitions: 282592
Choices:     226432

Transition matrix: 2384 nodes (3 terminal), 282592 minterms, vars: 19r/19c/4nd

Prob0A: 293 iterations in 0.20 seconds (average 0.000666, setup 0.00)

Prob1E: 8776 iterations in 7.76 seconds (average 0.000884, setup 0.00)

yes = 20088, no = 910, maybe = 63098

Computing remaining probabilities...
Engine: Sparse

Building sparse matrix... [n=84096, nc=189576, nnz=237208, k=4] [3.0 MB]
Creating vector for yes... [657.0 KB]
Allocating iteration vectors... [2 x 657.0 KB]
TOTAL: [4.9 MB]

Starting iterations...

Iterative method: 116393 iterations in 0.84 seconds (average 0.000007, setup 0.05)

Value in the initial state: 0.0781097065646876

Time for model checking: 8.834 seconds.

Result: 0.0781097065646876 (value in the initial state)

