PRISM
=====

Version: 4.4.beta
Date: Thu Jan 25 17:19:14 IRST 2018
Hostname: astek.hpc.vru.ac.ir
Memory limits: cudd=1g, java(heap)=981.5m
Command line: prism ../examples/self-stabilisation/herman/herman17_9.pm ../examples/self-stabilisation/herman/herman.pctl -s -prop 6 -jac -nocompact

Parsing model file "../examples/self-stabilisation/herman/herman17_9.pm"...

Parsing properties file "../examples/self-stabilisation/herman/herman.pctl"...

6 properties:
(1) filter(forall, "init"=>P>=1 [ F "stable" ])
(2) R=? [ F "stable" {"init"}{max} ]
(3) R=? [ F "stable" {"k_tokens"}{max} ]
(4) R=? [ F "stable" {"k_tokens"}{min} ]
(5) P=? [ F<=K "stable" {"init"}{min} ]
(6) P=? [ F "fin" ]

Type:        DTMC
Modules:     process1 process2 process3 process4 process5 process6 process7 process8 process9 process10 process11 process12 process13 process14 process15 process16 process17 
Variables:   x1 x2 x3 x4 x5 x6 x7 x8 x9 x10 x11 x12 x13 x14 x15 x16 x17 

---------------------------------------------------------------------

Model checking: P=? [ F "fin" ]

Building model...

Computing reachable states...

Reachability (BFS): 3 iterations in 0.00 seconds (average 0.000333, setup 0.00)

Time for model construction: 0.026 seconds.

Type:        DTMC
States:      131054 (1 initial)
Transitions: 128451627

Transition matrix: 9805 nodes (87 terminal), 128451627 minterms, vars: 17r/17c

Prob0: 2 iterations in 0.00 seconds (average 0.000500, setup 0.00)

Prob1: 6 iterations in 0.03 seconds (average 0.005000, setup 0.00)

yes = 19448, no = 34, maybe = 111572

Computing remaining probabilities...
Engine: Sparse

Building sparse matrix... [n=131054, nnz=113319127] [1.3 GB]
Creating vector for diagonals... [1023.9 KB]
Creating vector for RHS... [1023.9 KB]
Allocating iteration vectors... [2 x 1023.9 KB]
TOTAL: [1.3 GB]

Starting iterations...
Iteration 29: max relative diff=0.042283, 5.16 sec so far
Iteration 58: max relative diff=0.010449, 10.30 sec so far
Iteration 87: max relative diff=0.003766, 15.41 sec so far
Iteration 116: max relative diff=0.001522, 20.48 sec so far
Iteration 145: max relative diff=0.000641, 25.59 sec so far
Iteration 174: max relative diff=0.000275, 30.71 sec so far
Iteration 203: max relative diff=0.000119, 35.84 sec so far
Iteration 232: max relative diff=0.000051, 40.95 sec so far
Iteration 261: max relative diff=0.000022, 46.10 sec so far
Iteration 290: max relative diff=0.000010, 51.16 sec so far
Iteration 319: max relative diff=0.000004, 56.32 sec so far
Iteration 348: max relative diff=0.000002, 61.43 sec so far

Jacobi: 369 iterations in 72.82 seconds (average 0.176770, setup 7.59)

Value in the initial state: 0.03451034433252646

Time for model checking: 73.09 seconds.

Result: 0.03451034433252646 (value in the initial state)

