PRISM
=====

Version: 4.4.beta
Date: Thu Jan 25 17:21:10 IRST 2018
Hostname: astek.hpc.vru.ac.ir
Memory limits: cudd=1g, java(heap)=981.5m
Command line: prism ../examples/self-stabilisation/herman/herman17_9.pm ../examples/self-stabilisation/herman/herman.pctl -s -prop 6 -improvedgs -nocompact

Parsing model file "../examples/self-stabilisation/herman/herman17_9.pm"...

Parsing properties file "../examples/self-stabilisation/herman/herman.pctl"...

6 properties:
(1) filter(forall, "init"=>P>=1 [ F "stable" ])
(2) R=? [ F "stable" {"init"}{max} ]
(3) R=? [ F "stable" {"k_tokens"}{max} ]
(4) R=? [ F "stable" {"k_tokens"}{min} ]
(5) P=? [ F<=K "stable" {"init"}{min} ]
(6) P=? [ F "fin" ]

Type:        DTMC
Modules:     process1 process2 process3 process4 process5 process6 process7 process8 process9 process10 process11 process12 process13 process14 process15 process16 process17 
Variables:   x1 x2 x3 x4 x5 x6 x7 x8 x9 x10 x11 x12 x13 x14 x15 x16 x17 

---------------------------------------------------------------------

Model checking: P=? [ F "fin" ]

Building model...

Computing reachable states...

Reachability (BFS): 3 iterations in 0.00 seconds (average 0.000000, setup 0.00)

Time for model construction: 0.025 seconds.

Type:        DTMC
States:      131054 (1 initial)
Transitions: 128451627

Transition matrix: 9805 nodes (87 terminal), 128451627 minterms, vars: 17r/17c

Prob0: 2 iterations in 0.00 seconds (average 0.001000, setup 0.00)

Prob1: 6 iterations in 0.03 seconds (average 0.005000, setup 0.00)

yes = 19448, no = 34, maybe = 111572

Computing remaining probabilities...
Engine: Sparse

Building sparse matrix... [n=131054, nnz=113319127] [1.3 GB]
Creating vector for diagonals... [1023.9 KB]
Creating vector for RHS... [1023.9 KB]
Allocating iteration vector... [1023.9 KB]
TOTAL: [1.3 GB]

Starting iterations...
Iteration 47: max relative diff=0.009865, 5.14 sec so far
Iteration 97: max relative diff=0.000355, 10.25 sec so far
Iteration 147: max relative diff=0.000014, 15.42 sec so far

Gauss-Seidel: 189 iterations in 19.71 seconds (average 0.104275, setup 7.52)


Number of scallar multiplications: 11986M 

Value in the initial state: 0.03451129632763801

Time for model checking: 27.573 seconds.

Result: 0.03451129632763801 (value in the initial state)

