PRISM
=====

Version: 4.4.beta
Date: Thu Jan 11 23:58:42 IRST 2018
Hostname: astek.hpc.vru.ac.ir
Memory limits: cudd=1g, java(heap)=981.5m
Command line: prism ../examples/self-stabilisation/herman/herman17_9.pm ../examples/self-stabilisation/herman/herman.pctl -s -prop 6 -pow -nocompact

Parsing model file "../examples/self-stabilisation/herman/herman17_9.pm"...

Parsing properties file "../examples/self-stabilisation/herman/herman.pctl"...

6 properties:
(1) filter(forall, "init"=>P>=1 [ F "stable" ])
(2) R=? [ F "stable" {"init"}{max} ]
(3) R=? [ F "stable" {"k_tokens"}{max} ]
(4) R=? [ F "stable" {"k_tokens"}{min} ]
(5) P=? [ F<=K "stable" {"init"}{min} ]
(6) P=? [ F "fin" ]

Type:        DTMC
Modules:     process1 process2 process3 process4 process5 process6 process7 process8 process9 process10 process11 process12 process13 process14 process15 process16 process17 
Variables:   x1 x2 x3 x4 x5 x6 x7 x8 x9 x10 x11 x12 x13 x14 x15 x16 x17 

---------------------------------------------------------------------

Model checking: P=? [ F "fin" ]

Building model...

Computing reachable states...

Reachability (BFS): 3 iterations in 0.00 seconds (average 0.000000, setup 0.00)

Time for model construction: 0.027 seconds.

Type:        DTMC
States:      131054 (1 initial)
Transitions: 128451627

Transition matrix: 9805 nodes (87 terminal), 128451627 minterms, vars: 17r/17c

Prob0: 2 iterations in 0.00 seconds (average 0.001500, setup 0.00)

Prob1: 6 iterations in 0.03 seconds (average 0.005000, setup 0.00)

yes = 19448, no = 34, maybe = 111572

Computing remaining probabilities...
Engine: Sparse

Building sparse matrix... [n=131054, nnz=113319128] [1.3 GB]
Creating vector for RHS... [1023.9 KB]
Allocating iteration vectors... [2 x 1023.9 KB]
TOTAL: [1.3 GB]

Starting iterations...
Iteration 26: max relative diff=0.052229, 5.02 sec so far
Iteration 52: max relative diff=0.013421, 10.04 sec so far
Iteration 78: max relative diff=0.005111, 15.05 sec so far
Iteration 104: max relative diff=0.002212, 20.08 sec so far
Iteration 130: max relative diff=0.001006, 25.12 sec so far
Iteration 156: max relative diff=0.000467, 30.13 sec so far
Iteration 182: max relative diff=0.000219, 35.13 sec so far
Iteration 208: max relative diff=0.000103, 40.14 sec so far
Iteration 235: max relative diff=0.000047, 45.32 sec so far
Iteration 261: max relative diff=0.000022, 50.33 sec so far
Iteration 287: max relative diff=0.000011, 55.35 sec so far
Iteration 313: max relative diff=0.000005, 60.37 sec so far
Iteration 339: max relative diff=0.000002, 65.43 sec so far
Iteration 365: max relative diff=0.000001, 70.50 sec so far

Power method: 369 iterations in 78.92 seconds (average 0.193230, setup 7.62)

Value in the initial state: 0.034510337444297365

Time for model checking: 79.194 seconds.

Result: 0.034510337444297365 (value in the initial state)

