PRISM
=====

Version: 4.4.beta
Date: Fri Jan 12 05:04:12 IRST 2018
Hostname: astek.hpc.vru.ac.ir
Memory limits: cudd=1g, java(heap)=78.1g
Command line: prism ../examples/self-stabilisation/herman/herman19.pm ../examples/self-stabilisation/herman/herman.pctl -s -prop 6 -gs -ii -epsilon 1e-8 -javamaxmem 90000m

Parsing model file "../examples/self-stabilisation/herman/herman19.pm"...

Parsing properties file "../examples/self-stabilisation/herman/herman.pctl"...

6 properties:
(1) filter(forall, "init"=>P>=1 [ F "stable" ])
(2) R=? [ F "stable" {"init"}{max} ]
(3) R=? [ F "stable" {"k_tokens"}{max} ]
(4) R=? [ F "stable" {"k_tokens"}{min} ]
(5) P=? [ F<=K "stable" {"init"}{min} ]
(6) P=? [ F "fin" ]

Type:        DTMC
Modules:     process1 process2 process3 process4 process5 process6 process7 process8 process9 process10 process11 process12 process13 process14 process15 process16 process17 process18 process19 
Variables:   x1 x2 x3 x4 x5 x6 x7 x8 x9 x10 x11 x12 x13 x14 x15 x16 x17 x18 x19 

---------------------------------------------------------------------

Model checking: P=? [ F "fin" ]

Building model...

Computing reachable states...

Reachability (BFS): 2 iterations in 0.00 seconds (average 0.000000, setup 0.00)

Time for model construction: 0.022 seconds.

Type:        DTMC
States:      524288 (1 initial)
Transitions: 1162261468

Transition matrix: 1328 nodes (11 terminal), 1162261468 minterms, vars: 19r/19c

Prob0: 2 iterations in 0.00 seconds (average 0.001000, setup 0.00)

Prob1: 7 iterations in 0.03 seconds (average 0.004571, setup 0.00)

yes = 75582, no = 38, maybe = 448668

Computing remaining probabilities...
Engine: Sparse

Building sparse matrix... [n=524288, nnz=1031518438, compact] [3.8 GB]
Creating vector for diagonals... [dist=2, compact] [1.0 MB]
Creating vector for RHS... [dist=2, compact] [1.0 MB]
Allocating iteration vectors... [ 2 x 4.0 MB]
TOTAL: [3.9 GB]

Starting iterations...
Iteration 2: max relative diff=0.669922, 6.15 sec so far
Iteration 4: max relative diff=0.391080, 12.29 sec so far
Iteration 6: max relative diff=0.222357, 18.45 sec so far
Iteration 8: max relative diff=0.123226, 24.59 sec so far
Iteration 10: max relative diff=0.067237, 30.76 sec so far
Iteration 12: max relative diff=0.036017, 36.89 sec so far
Iteration 14: max relative diff=0.019112, 43.08 sec so far
Iteration 16: max relative diff=0.010079, 49.18 sec so far
Iteration 18: max relative diff=0.005287, 55.38 sec so far
Iteration 20: max relative diff=0.002766, 61.48 sec so far
Iteration 22: max relative diff=0.001444, 67.56 sec so far
Iteration 24: max relative diff=0.000753, 73.64 sec so far
Iteration 26: max relative diff=0.000392, 79.77 sec so far
Iteration 28: max relative diff=0.000204, 85.88 sec so far
Iteration 30: max relative diff=0.000106, 91.94 sec so far
Iteration 32: max relative diff=0.000055, 98.01 sec so far
Iteration 34: max relative diff=0.000029, 104.11 sec so far
Iteration 36: max relative diff=0.000015, 110.33 sec so far
Iteration 38: max relative diff=0.000008, 116.43 sec so far
Iteration 40: max relative diff=0.000004, 122.60 sec so far
Iteration 42: max relative diff=0.000002, 128.69 sec so far
Iteration 44: max relative diff=0.000001, 134.75 sec so far
Iteration 46: max relative diff=0.000001, 140.83 sec so far
Iteration 48: max relative diff=0.000000, 146.90 sec so far
Iteration 50: max relative diff=0.000000, 152.96 sec so far
Iteration 52: max relative diff=0.000000, 159.03 sec so far
Iteration 54: max relative diff=0.000000, 165.10 sec so far
Iteration 56: max relative diff=0.000000, 171.24 sec so far
Iteration 58: max relative diff=0.000000, 177.31 sec so far
Max relative diff between upper and lower bound on convergence: 7.96152E-09
Gauss-Seidel (interval iteration): 59 iterations in 239.41 seconds (average 3.056763, setup 59.06)

Value in the initial state: 0.9191795164111324

Time for model checking: 240.347 seconds.

Result: 0.9191795164111324 (value in the initial state)

