PRISM
=====

Version: 4.4.beta
Date: Thu Jan 25 17:21:58 IRST 2018
Hostname: astek.hpc.vru.ac.ir
Memory limits: cudd=1g, java(heap)=981.5m
Command line: prism ../examples/self-stabilisation/herman/herman19.pm ../examples/self-stabilisation/herman/herman.pctl -s -prop 6 -jac -nocompact

Parsing model file "../examples/self-stabilisation/herman/herman19.pm"...

Parsing properties file "../examples/self-stabilisation/herman/herman.pctl"...

6 properties:
(1) filter(forall, "init"=>P>=1 [ F "stable" ])
(2) R=? [ F "stable" {"init"}{max} ]
(3) R=? [ F "stable" {"k_tokens"}{max} ]
(4) R=? [ F "stable" {"k_tokens"}{min} ]
(5) P=? [ F<=K "stable" {"init"}{min} ]
(6) P=? [ F "fin" ]

Type:        DTMC
Modules:     process1 process2 process3 process4 process5 process6 process7 process8 process9 process10 process11 process12 process13 process14 process15 process16 process17 process18 process19 
Variables:   x1 x2 x3 x4 x5 x6 x7 x8 x9 x10 x11 x12 x13 x14 x15 x16 x17 x18 x19 

---------------------------------------------------------------------

Model checking: P=? [ F "fin" ]

Building model...

Computing reachable states...

Reachability (BFS): 2 iterations in 0.00 seconds (average 0.000000, setup 0.00)

Time for model construction: 0.019 seconds.

Type:        DTMC
States:      524288 (1 initial)
Transitions: 1162261468

Transition matrix: 1328 nodes (11 terminal), 1162261468 minterms, vars: 19r/19c

Prob0: 2 iterations in 0.00 seconds (average 0.001000, setup 0.00)

Prob1: 7 iterations in 0.03 seconds (average 0.004000, setup 0.00)

yes = 75582, no = 38, maybe = 448668

Computing remaining probabilities...
Engine: Sparse

Building sparse matrix... [n=524288, nnz=1031518438] [11.5 GB]
Creating vector for diagonals... [4.0 MB]
Creating vector for RHS... [4.0 MB]
Allocating iteration vectors... [2 x 4.0 MB]
TOTAL: [11.5 GB]

Starting iterations...
Iteration 3: max relative diff=0.289941, 5.33 sec so far
Iteration 6: max relative diff=0.116315, 10.74 sec so far
Iteration 9: max relative diff=0.061110, 16.16 sec so far
Iteration 12: max relative diff=0.035208, 21.53 sec so far
Iteration 15: max relative diff=0.021097, 26.89 sec so far
Iteration 18: max relative diff=0.012878, 32.25 sec so far
Iteration 21: max relative diff=0.007932, 37.62 sec so far
Iteration 24: max relative diff=0.004907, 42.94 sec so far
Iteration 27: max relative diff=0.003041, 48.28 sec so far
Iteration 30: max relative diff=0.001885, 53.63 sec so far
Iteration 33: max relative diff=0.001168, 58.93 sec so far
Iteration 36: max relative diff=0.000723, 64.24 sec so far
Iteration 39: max relative diff=0.000448, 69.55 sec so far
Iteration 42: max relative diff=0.000277, 74.86 sec so far
Iteration 45: max relative diff=0.000171, 80.15 sec so far
Iteration 48: max relative diff=0.000106, 85.45 sec so far
Iteration 51: max relative diff=0.000065, 90.80 sec so far
Iteration 54: max relative diff=0.000040, 96.14 sec so far
Iteration 57: max relative diff=0.000025, 101.44 sec so far
Iteration 60: max relative diff=0.000015, 106.76 sec so far
Iteration 63: max relative diff=0.000009, 112.09 sec so far
Iteration 66: max relative diff=0.000006, 117.42 sec so far
Iteration 69: max relative diff=0.000004, 122.81 sec so far
Iteration 72: max relative diff=0.000002, 128.16 sec so far
Iteration 75: max relative diff=0.000001, 133.44 sec so far

Jacobi: 77 iterations in 205.30 seconds (average 1.778922, setup 68.33)

Value in the initial state: 0.9191771447625454

Time for model checking: 207.757 seconds.

Result: 0.9191771447625454 (value in the initial state)

