PRISM
=====

Version: 4.4.beta
Date: Thu Jan 25 18:06:19 IRST 2018
Hostname: astek.hpc.vru.ac.ir
Memory limits: cudd=1g, java(heap)=981.5m
Command line: prism ../examples/self-stabilisation/herman/herman19_9.pm ../examples/self-stabilisation/herman/herman.pctl -s -prop 6 -gs -nocompact

Parsing model file "../examples/self-stabilisation/herman/herman19_9.pm"...

Parsing properties file "../examples/self-stabilisation/herman/herman.pctl"...

6 properties:
(1) filter(forall, "init"=>P>=1 [ F "stable" ])
(2) R=? [ F "stable" {"init"}{max} ]
(3) R=? [ F "stable" {"k_tokens"}{max} ]
(4) R=? [ F "stable" {"k_tokens"}{min} ]
(5) P=? [ F<=K "stable" {"init"}{min} ]
(6) P=? [ F "fin" ]

Type:        DTMC
Modules:     process1 process2 process3 process4 process5 process6 process7 process8 process9 process10 process11 process12 process13 process14 process15 process16 process17 process18 process19 
Variables:   x1 x2 x3 x4 x5 x6 x7 x8 x9 x10 x11 x12 x13 x14 x15 x16 x17 x18 x19 

---------------------------------------------------------------------

Model checking: P=? [ F "fin" ]

Building model...

Computing reachable states...

Reachability (BFS): 3 iterations in 0.00 seconds (average 0.000667, setup 0.00)

Time for model construction: 0.038 seconds.

Type:        DTMC
States:      524078 (1 initial)
Transitions: 1149228814

Transition matrix: 17388 nodes (106 terminal), 1149228814 minterms, vars: 19r/19c

Prob0: 2 iterations in 0.00 seconds (average 0.001500, setup 0.00)

Prob1: 7 iterations in 0.08 seconds (average 0.011000, setup 0.00)

yes = 75582, no = 38, maybe = 448458

Computing remaining probabilities...
Engine: Sparse

Building sparse matrix... [n=524078, nnz=1018489376] [11.4 GB]
Creating vector for diagonals... [4.0 MB]
Creating vector for RHS... [4.0 MB]
Allocating iteration vector... [4.0 MB]
TOTAL: [11.4 GB]

Starting iterations...
Iteration 3: max relative diff=0.885990, 6.12 sec so far
Iteration 6: max relative diff=0.416920, 12.24 sec so far
Iteration 9: max relative diff=0.214006, 18.32 sec so far
Iteration 12: max relative diff=0.127708, 24.42 sec so far
Iteration 15: max relative diff=0.084045, 30.52 sec so far
Iteration 18: max relative diff=0.059160, 36.60 sec so far
Iteration 21: max relative diff=0.043598, 42.69 sec so far
Iteration 24: max relative diff=0.033145, 48.79 sec so far
Iteration 27: max relative diff=0.025799, 54.97 sec so far
Iteration 30: max relative diff=0.020453, 61.04 sec so far
Iteration 33: max relative diff=0.016433, 67.11 sec so far
Iteration 36: max relative diff=0.013340, 73.22 sec so far
Iteration 39: max relative diff=0.010922, 79.34 sec so far
Iteration 42: max relative diff=0.009001, 85.48 sec so far
Iteration 45: max relative diff=0.007455, 91.58 sec so far
Iteration 48: max relative diff=0.006201, 97.74 sec so far
Iteration 51: max relative diff=0.005176, 103.86 sec so far
Iteration 54: max relative diff=0.004332, 109.97 sec so far
Iteration 57: max relative diff=0.003634, 116.11 sec so far
Iteration 60: max relative diff=0.003055, 122.31 sec so far
Iteration 63: max relative diff=0.002571, 128.43 sec so far
Iteration 66: max relative diff=0.002167, 134.52 sec so far
Iteration 69: max relative diff=0.001829, 140.64 sec so far
Iteration 72: max relative diff=0.001545, 146.79 sec so far
Iteration 75: max relative diff=0.001306, 152.89 sec so far
Iteration 78: max relative diff=0.001104, 159.00 sec so far
Iteration 81: max relative diff=0.000935, 165.09 sec so far
Iteration 84: max relative diff=0.000791, 171.20 sec so far
Iteration 87: max relative diff=0.000670, 177.28 sec so far
Iteration 90: max relative diff=0.000568, 183.35 sec so far
Iteration 93: max relative diff=0.000481, 189.51 sec so far
Iteration 96: max relative diff=0.000408, 195.64 sec so far
Iteration 99: max relative diff=0.000346, 201.72 sec so far
Iteration 102: max relative diff=0.000293, 207.79 sec so far
Iteration 105: max relative diff=0.000249, 213.86 sec so far
Iteration 108: max relative diff=0.000211, 220.02 sec so far
Iteration 111: max relative diff=0.000179, 226.14 sec so far
Iteration 114: max relative diff=0.000152, 232.32 sec so far
Iteration 117: max relative diff=0.000129, 238.40 sec so far
Iteration 120: max relative diff=0.000109, 244.53 sec so far
Iteration 123: max relative diff=0.000093, 250.59 sec so far
Iteration 126: max relative diff=0.000079, 256.67 sec so far
Iteration 129: max relative diff=0.000067, 262.77 sec so far
Iteration 132: max relative diff=0.000057, 268.89 sec so far
Iteration 135: max relative diff=0.000048, 274.96 sec so far
Iteration 138: max relative diff=0.000041, 281.01 sec so far
Iteration 141: max relative diff=0.000035, 287.07 sec so far
Iteration 144: max relative diff=0.000029, 293.15 sec so far
Iteration 147: max relative diff=0.000025, 299.32 sec so far
Iteration 150: max relative diff=0.000021, 305.44 sec so far
Iteration 153: max relative diff=0.000018, 311.52 sec so far
Iteration 156: max relative diff=0.000015, 317.61 sec so far
Iteration 159: max relative diff=0.000013, 323.71 sec so far
Iteration 162: max relative diff=0.000011, 329.83 sec so far
Iteration 165: max relative diff=0.000009, 335.91 sec so far
Iteration 168: max relative diff=0.000008, 342.06 sec so far
Iteration 171: max relative diff=0.000007, 348.19 sec so far
Iteration 174: max relative diff=0.000006, 354.28 sec so far
Iteration 177: max relative diff=0.000005, 360.34 sec so far
Iteration 180: max relative diff=0.000004, 366.48 sec so far
Iteration 183: max relative diff=0.000003, 372.62 sec so far
Iteration 186: max relative diff=0.000003, 378.71 sec so far
Iteration 189: max relative diff=0.000003, 384.82 sec so far
Iteration 192: max relative diff=0.000002, 391.03 sec so far
Iteration 195: max relative diff=0.000002, 397.15 sec so far
Iteration 198: max relative diff=0.000002, 403.22 sec so far
Iteration 201: max relative diff=0.000001, 409.31 sec so far
Iteration 204: max relative diff=0.000001, 415.39 sec so far

Gauss-Seidel: 206 iterations in 419.44 seconds (average 2.036102, setup 68.88)


Number of scallar multiplications: 209808M 

Value in the initial state: 0.04128597421967073

Time for model checking: 490.719 seconds.

Result: 0.04128597421967073 (value in the initial state)

