PRISM
=====

Version: 4.4.beta
Date: Thu Jan 25 17:25:27 IRST 2018
Hostname: astek.hpc.vru.ac.ir
Memory limits: cudd=1g, java(heap)=981.5m
Command line: prism ../examples/self-stabilisation/herman/herman19.pm ../examples/self-stabilisation/herman/herman.pctl -s -prop 6 -gs -nocompact

Parsing model file "../examples/self-stabilisation/herman/herman19.pm"...

Parsing properties file "../examples/self-stabilisation/herman/herman.pctl"...

6 properties:
(1) filter(forall, "init"=>P>=1 [ F "stable" ])
(2) R=? [ F "stable" {"init"}{max} ]
(3) R=? [ F "stable" {"k_tokens"}{max} ]
(4) R=? [ F "stable" {"k_tokens"}{min} ]
(5) P=? [ F<=K "stable" {"init"}{min} ]
(6) P=? [ F "fin" ]

Type:        DTMC
Modules:     process1 process2 process3 process4 process5 process6 process7 process8 process9 process10 process11 process12 process13 process14 process15 process16 process17 process18 process19 
Variables:   x1 x2 x3 x4 x5 x6 x7 x8 x9 x10 x11 x12 x13 x14 x15 x16 x17 x18 x19 

---------------------------------------------------------------------

Model checking: P=? [ F "fin" ]

Building model...

Computing reachable states...

Reachability (BFS): 2 iterations in 0.00 seconds (average 0.000000, setup 0.00)

Time for model construction: 0.02 seconds.

Type:        DTMC
States:      524288 (1 initial)
Transitions: 1162261468

Transition matrix: 1328 nodes (11 terminal), 1162261468 minterms, vars: 19r/19c

Prob0: 2 iterations in 0.00 seconds (average 0.000500, setup 0.00)

Prob1: 7 iterations in 0.03 seconds (average 0.004857, setup 0.00)

yes = 75582, no = 38, maybe = 448668

Computing remaining probabilities...
Engine: Sparse

Building sparse matrix... [n=524288, nnz=1031518438] [11.5 GB]
Creating vector for diagonals... [4.0 MB]
Creating vector for RHS... [4.0 MB]
Allocating iteration vector... [4.0 MB]
TOTAL: [11.5 GB]

Starting iterations...
Iteration 3: max relative diff=0.361998, 6.28 sec so far
Iteration 6: max relative diff=0.091418, 12.54 sec so far
Iteration 9: max relative diff=0.032245, 18.81 sec so far
Iteration 12: max relative diff=0.012116, 25.03 sec so far
Iteration 15: max relative diff=0.004563, 31.26 sec so far
Iteration 18: max relative diff=0.001729, 37.49 sec so far
Iteration 21: max relative diff=0.000651, 43.73 sec so far
Iteration 24: max relative diff=0.000245, 49.96 sec so far
Iteration 27: max relative diff=0.000092, 56.20 sec so far
Iteration 30: max relative diff=0.000035, 62.44 sec so far
Iteration 33: max relative diff=0.000013, 68.66 sec so far
Iteration 36: max relative diff=0.000005, 74.89 sec so far
Iteration 39: max relative diff=0.000002, 81.17 sec so far

Gauss-Seidel: 41 iterations in 85.37 seconds (average 2.082195, setup 71.20)


Number of scallar multiplications: 42292M 

Value in the initial state: 0.9191784108694491

Time for model checking: 159.176 seconds.

Result: 0.9191784108694491 (value in the initial state)

