PRISM
=====

Version: 4.4.beta
Date: Fri Jan 12 04:50:47 IRST 2018
Hostname: astek.hpc.vru.ac.ir
Memory limits: cudd=1g, java(heap)=981.5m
Command line: prism ../examples/self-stabilisation/herman/herman19.pm ../examples/self-stabilisation/herman/herman.pctl -s -prop 6 -sor -nocompact

Parsing model file "../examples/self-stabilisation/herman/herman19.pm"...

Parsing properties file "../examples/self-stabilisation/herman/herman.pctl"...

6 properties:
(1) filter(forall, "init"=>P>=1 [ F "stable" ])
(2) R=? [ F "stable" {"init"}{max} ]
(3) R=? [ F "stable" {"k_tokens"}{max} ]
(4) R=? [ F "stable" {"k_tokens"}{min} ]
(5) P=? [ F<=K "stable" {"init"}{min} ]
(6) P=? [ F "fin" ]

Type:        DTMC
Modules:     process1 process2 process3 process4 process5 process6 process7 process8 process9 process10 process11 process12 process13 process14 process15 process16 process17 process18 process19 
Variables:   x1 x2 x3 x4 x5 x6 x7 x8 x9 x10 x11 x12 x13 x14 x15 x16 x17 x18 x19 

---------------------------------------------------------------------

Model checking: P=? [ F "fin" ]

Building model...

Computing reachable states...

Reachability (BFS): 2 iterations in 0.00 seconds (average 0.000500, setup 0.00)

Time for model construction: 0.022 seconds.

Type:        DTMC
States:      524288 (1 initial)
Transitions: 1162261468

Transition matrix: 1328 nodes (11 terminal), 1162261468 minterms, vars: 19r/19c

Prob0: 2 iterations in 0.00 seconds (average 0.000500, setup 0.00)

Prob1: 7 iterations in 0.04 seconds (average 0.005429, setup 0.00)

yes = 75582, no = 38, maybe = 448668

Computing remaining probabilities...
Engine: Sparse

Building sparse matrix... [n=524288, nnz=1031518438] [11.5 GB]
Creating vector for diagonals... [4.0 MB]
Creating vector for RHS... [4.0 MB]
Allocating iteration vector... [4.0 MB]
TOTAL: [11.5 GB]

Starting iterations...
Iteration 3: max relative diff=0.357514, 6.48 sec so far
Iteration 6: max relative diff=0.105183, 12.81 sec so far
Iteration 9: max relative diff=0.043785, 19.14 sec so far
Iteration 12: max relative diff=0.019661, 25.50 sec so far
Iteration 15: max relative diff=0.009074, 31.89 sec so far
Iteration 18: max relative diff=0.004198, 38.27 sec so far
Iteration 21: max relative diff=0.001945, 44.60 sec so far
Iteration 24: max relative diff=0.000899, 50.94 sec so far
Iteration 27: max relative diff=0.000415, 57.30 sec so far
Iteration 30: max relative diff=0.000191, 63.64 sec so far
Iteration 33: max relative diff=0.000088, 70.03 sec so far
Iteration 36: max relative diff=0.000040, 76.40 sec so far
Iteration 39: max relative diff=0.000019, 82.82 sec so far
Iteration 42: max relative diff=0.000009, 89.20 sec so far
Iteration 45: max relative diff=0.000004, 95.59 sec so far
Iteration 48: max relative diff=0.000002, 101.97 sec so far
Iteration 51: max relative diff=0.000001, 108.32 sec so far

SOR: 51 iterations in 108.32 seconds (average 2.123843, setup 72.64)

Value in the initial state: 0.9191782787744579

Time for model checking: 183.978 seconds.

Result: 0.9191782787744579 (value in the initial state)

