PRISM
=====

Version: 4.4.beta
Date: Thu Jan 25 18:14:31 IRST 2018
Hostname: astek.hpc.vru.ac.ir
Memory limits: cudd=1g, java(heap)=981.5m
Command line: prism ../examples/self-stabilisation/herman/herman19_9.pm ../examples/self-stabilisation/herman/herman.pctl -s -prop 6 -improvedgs -nocompact

Parsing model file "../examples/self-stabilisation/herman/herman19_9.pm"...

Parsing properties file "../examples/self-stabilisation/herman/herman.pctl"...

6 properties:
(1) filter(forall, "init"=>P>=1 [ F "stable" ])
(2) R=? [ F "stable" {"init"}{max} ]
(3) R=? [ F "stable" {"k_tokens"}{max} ]
(4) R=? [ F "stable" {"k_tokens"}{min} ]
(5) P=? [ F<=K "stable" {"init"}{min} ]
(6) P=? [ F "fin" ]

Type:        DTMC
Modules:     process1 process2 process3 process4 process5 process6 process7 process8 process9 process10 process11 process12 process13 process14 process15 process16 process17 process18 process19 
Variables:   x1 x2 x3 x4 x5 x6 x7 x8 x9 x10 x11 x12 x13 x14 x15 x16 x17 x18 x19 

---------------------------------------------------------------------

Model checking: P=? [ F "fin" ]

Building model...

Computing reachable states...

Reachability (BFS): 3 iterations in 0.00 seconds (average 0.001000, setup 0.00)

Time for model construction: 0.041 seconds.

Type:        DTMC
States:      524078 (1 initial)
Transitions: 1149228814

Transition matrix: 17399 nodes (106 terminal), 1149228814 minterms, vars: 19r/19c

Prob0: 2 iterations in 0.00 seconds (average 0.002000, setup 0.00)

Prob1: 7 iterations in 0.08 seconds (average 0.012000, setup 0.00)

yes = 75582, no = 38, maybe = 448458

Computing remaining probabilities...
Engine: Sparse

Building sparse matrix... [n=524078, nnz=1018489376] [11.4 GB]
Creating vector for diagonals... [4.0 MB]
Creating vector for RHS... [4.0 MB]
Allocating iteration vector... [4.0 MB]
TOTAL: [11.4 GB]

Starting iterations...
Iteration 3: max relative diff=0.998326, 6.35 sec so far
Iteration 9: max relative diff=0.422879, 12.52 sec so far
Iteration 15: max relative diff=0.176558, 18.66 sec so far
Iteration 21: max relative diff=0.093038, 24.78 sec so far
Iteration 27: max relative diff=0.055504, 30.92 sec so far
Iteration 33: max relative diff=0.035560, 37.04 sec so far
Iteration 39: max relative diff=0.023775, 43.16 sec so far
Iteration 45: max relative diff=0.016337, 49.26 sec so far
Iteration 51: max relative diff=0.011426, 55.34 sec so far
Iteration 57: max relative diff=0.008086, 61.42 sec so far
Iteration 63: max relative diff=0.005769, 67.53 sec so far
Iteration 69: max relative diff=0.004139, 73.64 sec so far
Iteration 75: max relative diff=0.002981, 79.71 sec so far
Iteration 81: max relative diff=0.002154, 85.81 sec so far
Iteration 87: max relative diff=0.001559, 91.89 sec so far
Iteration 93: max relative diff=0.001130, 97.99 sec so far
Iteration 99: max relative diff=0.000820, 104.07 sec so far
Iteration 105: max relative diff=0.000595, 110.17 sec so far
Iteration 111: max relative diff=0.000432, 116.25 sec so far
Iteration 117: max relative diff=0.000314, 122.32 sec so far
Iteration 123: max relative diff=0.000229, 128.40 sec so far
Iteration 129: max relative diff=0.000166, 134.53 sec so far
Iteration 135: max relative diff=0.000121, 140.58 sec so far
Iteration 141: max relative diff=0.000088, 146.66 sec so far
Iteration 147: max relative diff=0.000064, 152.72 sec so far
Iteration 153: max relative diff=0.000047, 158.81 sec so far
Iteration 159: max relative diff=0.000034, 164.87 sec so far
Iteration 165: max relative diff=0.000025, 170.94 sec so far
Iteration 171: max relative diff=0.000018, 176.99 sec so far
Iteration 177: max relative diff=0.000013, 183.05 sec so far
Iteration 183: max relative diff=0.000009, 189.14 sec so far
Iteration 189: max relative diff=0.000007, 195.22 sec so far
Iteration 195: max relative diff=0.000005, 201.31 sec so far
Iteration 201: max relative diff=0.000004, 207.38 sec so far
Iteration 207: max relative diff=0.000003, 213.44 sec so far
Iteration 213: max relative diff=0.000002, 219.47 sec so far
Iteration 219: max relative diff=0.000001, 225.54 sec so far
Iteration 225: max relative diff=0.000001, 231.65 sec so far

Gauss-Seidel: 227 iterations in 233.66 seconds (average 1.029317, setup 70.76)


Number of scallar multiplications: 127824M 

Value in the initial state: 0.04128636254749268

Time for model checking: 307.218 seconds.

Result: 0.04128636254749268 (value in the initial state)

