PRISM
=====

Version: 4.4.beta
Date: Thu Jan 25 17:45:18 IRST 2018
Hostname: astek.hpc.vru.ac.ir
Memory limits: cudd=1g, java(heap)=981.5m
Command line: prism ../examples/self-stabilisation/herman/herman19_75.pm ../examples/self-stabilisation/herman/herman.pctl -s -prop 6 -improvedgs -nocompact

Parsing model file "../examples/self-stabilisation/herman/herman19_75.pm"...

Parsing properties file "../examples/self-stabilisation/herman/herman.pctl"...

6 properties:
(1) filter(forall, "init"=>P>=1 [ F "stable" ])
(2) R=? [ F "stable" {"init"}{max} ]
(3) R=? [ F "stable" {"k_tokens"}{max} ]
(4) R=? [ F "stable" {"k_tokens"}{min} ]
(5) P=? [ F<=K "stable" {"init"}{min} ]
(6) P=? [ F "fin" ]

Type:        DTMC
Modules:     process1 process2 process3 process4 process5 process6 process7 process8 process9 process10 process11 process12 process13 process14 process15 process16 process17 process18 process19 
Variables:   x1 x2 x3 x4 x5 x6 x7 x8 x9 x10 x11 x12 x13 x14 x15 x16 x17 x18 x19 

---------------------------------------------------------------------

Model checking: P=? [ F "fin" ]

Building model...

Computing reachable states...

Reachability (BFS): 2 iterations in 0.00 seconds (average 0.000000, setup 0.00)

Time for model construction: 0.032 seconds.

Type:        DTMC
States:      524288 (1 initial)
Transitions: 1162261468

Transition matrix: 12706 nodes (111 terminal), 1162261468 minterms, vars: 19r/19c

Prob0: 2 iterations in 0.00 seconds (average 0.001000, setup 0.00)

Prob1: 7 iterations in 0.03 seconds (average 0.004286, setup 0.00)

yes = 75582, no = 38, maybe = 448668

Computing remaining probabilities...
Engine: Sparse

Building sparse matrix... [n=524288, nnz=1031518438] [11.5 GB]
Creating vector for diagonals... [4.0 MB]
Creating vector for RHS... [4.0 MB]
Allocating iteration vector... [4.0 MB]
TOTAL: [11.5 GB]

Starting iterations...
Iteration 4: max relative diff=0.964510, 6.88 sec so far
Iteration 10: max relative diff=0.198135, 13.32 sec so far
Iteration 16: max relative diff=0.073570, 19.76 sec so far
Iteration 22: max relative diff=0.033476, 26.22 sec so far
Iteration 28: max relative diff=0.016550, 32.70 sec so far
Iteration 34: max relative diff=0.008484, 39.14 sec so far
Iteration 40: max relative diff=0.004425, 45.59 sec so far
Iteration 46: max relative diff=0.002327, 52.06 sec so far
Iteration 52: max relative diff=0.001230, 58.52 sec so far
Iteration 58: max relative diff=0.000651, 64.93 sec so far
Iteration 64: max relative diff=0.000345, 71.36 sec so far
Iteration 70: max relative diff=0.000183, 77.79 sec so far
Iteration 76: max relative diff=0.000097, 84.28 sec so far
Iteration 82: max relative diff=0.000052, 90.71 sec so far
Iteration 88: max relative diff=0.000027, 97.14 sec so far
Iteration 94: max relative diff=0.000015, 103.58 sec so far
Iteration 100: max relative diff=0.000008, 110.00 sec so far
Iteration 106: max relative diff=0.000004, 116.43 sec so far
Iteration 112: max relative diff=0.000002, 122.90 sec so far
Iteration 118: max relative diff=0.000001, 129.32 sec so far

Gauss-Seidel: 120 iterations in 131.47 seconds (average 1.095583, setup 69.74)


Number of scallar multiplications: 69448M 

Value in the initial state: 0.3588538197836468

Time for model checking: 204.038 seconds.

Result: 0.3588538197836468 (value in the initial state)

