PRISM
=====

Version: 4.4.beta
Date: Fri Jan 12 06:30:31 IRST 2018
Hostname: astek.hpc.vru.ac.ir
Memory limits: cudd=1g, java(heap)=981.5m
Command line: prism ../examples/self-stabilisation/herman/herman19_9.pm ../examples/self-stabilisation/herman/herman.pctl -s -prop 6 -sor -nocompact

Parsing model file "../examples/self-stabilisation/herman/herman19_9.pm"...

Parsing properties file "../examples/self-stabilisation/herman/herman.pctl"...

6 properties:
(1) filter(forall, "init"=>P>=1 [ F "stable" ])
(2) R=? [ F "stable" {"init"}{max} ]
(3) R=? [ F "stable" {"k_tokens"}{max} ]
(4) R=? [ F "stable" {"k_tokens"}{min} ]
(5) P=? [ F<=K "stable" {"init"}{min} ]
(6) P=? [ F "fin" ]

Type:        DTMC
Modules:     process1 process2 process3 process4 process5 process6 process7 process8 process9 process10 process11 process12 process13 process14 process15 process16 process17 process18 process19 
Variables:   x1 x2 x3 x4 x5 x6 x7 x8 x9 x10 x11 x12 x13 x14 x15 x16 x17 x18 x19 

---------------------------------------------------------------------

Model checking: P=? [ F "fin" ]

Building model...

Computing reachable states...

Reachability (BFS): 3 iterations in 0.00 seconds (average 0.000667, setup 0.00)

Time for model construction: 0.044 seconds.

Type:        DTMC
States:      524078 (1 initial)
Transitions: 1149228814

Transition matrix: 17392 nodes (106 terminal), 1149228814 minterms, vars: 19r/19c

Prob0: 2 iterations in 0.00 seconds (average 0.002000, setup 0.00)

Prob1: 7 iterations in 0.09 seconds (average 0.012571, setup 0.00)

yes = 75582, no = 38, maybe = 448458

Computing remaining probabilities...
Engine: Sparse

Building sparse matrix... [n=524078, nnz=1018489376] [11.4 GB]
Creating vector for diagonals... [4.0 MB]
Creating vector for RHS... [4.0 MB]
Allocating iteration vector... [4.0 MB]
TOTAL: [11.4 GB]

Starting iterations...
Iteration 3: max relative diff=0.864999, 6.08 sec so far
Iteration 6: max relative diff=0.430356, 12.14 sec so far
Iteration 9: max relative diff=0.237377, 18.20 sec so far
Iteration 12: max relative diff=0.147603, 24.26 sec so far
Iteration 15: max relative diff=0.099854, 30.32 sec so far
Iteration 18: max relative diff=0.071648, 36.38 sec so far
Iteration 21: max relative diff=0.053670, 42.45 sec so far
Iteration 24: max relative diff=0.041505, 48.51 sec so far
Iteration 27: max relative diff=0.032870, 54.55 sec so far
Iteration 30: max relative diff=0.026511, 60.60 sec so far
Iteration 33: max relative diff=0.021698, 66.65 sec so far
Iteration 36: max relative diff=0.017970, 72.70 sec so far
Iteration 39: max relative diff=0.015024, 78.76 sec so far
Iteration 42: max relative diff=0.012658, 84.80 sec so far
Iteration 45: max relative diff=0.010732, 90.87 sec so far
Iteration 48: max relative diff=0.009147, 96.89 sec so far
Iteration 51: max relative diff=0.007831, 102.93 sec so far
Iteration 54: max relative diff=0.006728, 108.98 sec so far
Iteration 57: max relative diff=0.005799, 115.03 sec so far
Iteration 60: max relative diff=0.005010, 121.09 sec so far
Iteration 63: max relative diff=0.004339, 127.14 sec so far
Iteration 66: max relative diff=0.003764, 133.21 sec so far
Iteration 69: max relative diff=0.003271, 139.26 sec so far
Iteration 72: max relative diff=0.002846, 145.31 sec so far
Iteration 75: max relative diff=0.002480, 151.38 sec so far
Iteration 78: max relative diff=0.002163, 157.43 sec so far
Iteration 81: max relative diff=0.001888, 163.48 sec so far
Iteration 84: max relative diff=0.001649, 169.52 sec so far
Iteration 87: max relative diff=0.001441, 175.55 sec so far
Iteration 90: max relative diff=0.001260, 181.60 sec so far
Iteration 93: max relative diff=0.001103, 187.63 sec so far
Iteration 96: max relative diff=0.000965, 193.69 sec so far
Iteration 99: max relative diff=0.000846, 199.78 sec so far
Iteration 102: max relative diff=0.000741, 205.82 sec so far
Iteration 105: max relative diff=0.000649, 211.89 sec so far
Iteration 108: max relative diff=0.000569, 217.94 sec so far
Iteration 111: max relative diff=0.000499, 224.00 sec so far
Iteration 114: max relative diff=0.000437, 230.09 sec so far
Iteration 117: max relative diff=0.000384, 236.15 sec so far
Iteration 120: max relative diff=0.000336, 242.37 sec so far
Iteration 123: max relative diff=0.000295, 248.56 sec so far
Iteration 126: max relative diff=0.000259, 254.75 sec so far
Iteration 129: max relative diff=0.000227, 260.93 sec so far
Iteration 132: max relative diff=0.000199, 267.13 sec so far
Iteration 135: max relative diff=0.000175, 273.32 sec so far
Iteration 138: max relative diff=0.000154, 279.52 sec so far
Iteration 141: max relative diff=0.000135, 285.69 sec so far
Iteration 144: max relative diff=0.000118, 291.87 sec so far
Iteration 147: max relative diff=0.000104, 298.05 sec so far
Iteration 150: max relative diff=0.000091, 304.21 sec so far
Iteration 153: max relative diff=0.000080, 310.35 sec so far
Iteration 156: max relative diff=0.000070, 316.50 sec so far
Iteration 159: max relative diff=0.000062, 322.70 sec so far
Iteration 162: max relative diff=0.000054, 328.85 sec so far
Iteration 165: max relative diff=0.000048, 334.99 sec so far
Iteration 168: max relative diff=0.000042, 341.14 sec so far
Iteration 171: max relative diff=0.000037, 347.28 sec so far
Iteration 174: max relative diff=0.000032, 353.44 sec so far
Iteration 177: max relative diff=0.000028, 359.60 sec so far
Iteration 180: max relative diff=0.000025, 365.74 sec so far
Iteration 183: max relative diff=0.000022, 371.85 sec so far
Iteration 186: max relative diff=0.000019, 377.97 sec so far
Iteration 189: max relative diff=0.000017, 384.09 sec so far
Iteration 192: max relative diff=0.000015, 390.20 sec so far
Iteration 195: max relative diff=0.000013, 396.34 sec so far
Iteration 198: max relative diff=0.000011, 402.45 sec so far
Iteration 201: max relative diff=0.000010, 408.52 sec so far
Iteration 204: max relative diff=0.000009, 414.66 sec so far
Iteration 207: max relative diff=0.000008, 420.80 sec so far
Iteration 210: max relative diff=0.000007, 426.91 sec so far
Iteration 213: max relative diff=0.000006, 433.03 sec so far
Iteration 216: max relative diff=0.000005, 439.15 sec so far
Iteration 219: max relative diff=0.000005, 445.25 sec so far
Iteration 222: max relative diff=0.000004, 451.35 sec so far
Iteration 225: max relative diff=0.000004, 457.48 sec so far
Iteration 228: max relative diff=0.000003, 463.56 sec so far
Iteration 231: max relative diff=0.000003, 469.74 sec so far
Iteration 234: max relative diff=0.000002, 475.88 sec so far
Iteration 237: max relative diff=0.000002, 481.97 sec so far
Iteration 240: max relative diff=0.000002, 488.04 sec so far
Iteration 243: max relative diff=0.000002, 494.18 sec so far
Iteration 246: max relative diff=0.000001, 500.27 sec so far
Iteration 249: max relative diff=0.000001, 506.37 sec so far
Iteration 252: max relative diff=0.000001, 512.44 sec so far
Iteration 255: max relative diff=0.000001, 518.51 sec so far

SOR: 255 iterations in 518.51 seconds (average 2.033365, setup 70.85)

Value in the initial state: 0.041285807904625424

Time for model checking: 591.726 seconds.

Result: 0.041285807904625424 (value in the initial state)

